2022-02-08T01:39:44+00:00 INFO auth user AddiWooCommercePlugin2021
2022-02-08T01:39:44+00:00 INFO auth PW jDb!mW!ePWjt9z6
2022-02-08T01:39:44+00:00 INFO remote User 
2022-02-08T01:39:44+00:00 INFO Server Auth Basic QWRkaVdvb0NvbW1lcmNlUGx1Z2luMjAyMTpqRGIhbVchZVBXanQ5ejY=
2022-02-08T05:11:58+00:00 INFO auth user AddiWooCommercePlugin2021
2022-02-08T05:11:58+00:00 INFO auth PW jDb!mW!ePWjt9z6
2022-02-08T05:11:58+00:00 INFO remote User 
2022-02-08T05:11:58+00:00 INFO Server Auth Basic QWRkaVdvb0NvbW1lcmNlUGx1Z2luMjAyMTpqRGIhbVchZVBXanQ5ejY=
2022-02-08T13:08:37+00:00 INFO auth user AddiWooCommercePlugin2021
2022-02-08T13:08:37+00:00 INFO auth PW jDb!mW!ePWjt9z6
2022-02-08T13:08:37+00:00 INFO remote User 
2022-02-08T13:08:37+00:00 INFO Server Auth Basic QWRkaVdvb0NvbW1lcmNlUGx1Z2luMjAyMTpqRGIhbVchZVBXanQ5ejY=
2022-02-08T13:08:40+00:00 INFO Order with ID = 18694. not proccesed correctly. 
2022-02-08T17:04:55+00:00 INFO auth user AddiWooCommercePlugin2021
2022-02-08T17:04:55+00:00 INFO auth PW jDb!mW!ePWjt9z6
2022-02-08T17:04:55+00:00 INFO remote User 
2022-02-08T17:04:55+00:00 INFO Server Auth Basic QWRkaVdvb0NvbW1lcmNlUGx1Z2luMjAyMTpqRGIhbVchZVBXanQ5ejY=
2022-02-08T21:10:04+00:00 INFO auth user AddiWooCommercePlugin2021
2022-02-08T21:10:04+00:00 INFO auth PW jDb!mW!ePWjt9z6
2022-02-08T21:10:04+00:00 INFO remote User 
2022-02-08T21:10:04+00:00 INFO Server Auth Basic QWRkaVdvb0NvbW1lcmNlUGx1Z2luMjAyMTpqRGIhbVchZVBXanQ5ejY=
2022-02-08T21:10:07+00:00 INFO Order with ID = 18707. not proccesed correctly. 
