05-29-2023 @ 20:06:47 - El producto "Desodorante Natural Dama 60ML 50 x  x 1 peso 0.068 bodega " está sin configurar
05-29-2023 @ 20:07:24 - El producto "Desodorante Natural Dama 60ML 50 x  x 1 peso 0.068 bodega " está sin configurar
05-29-2023 @ 20:07:30 - El producto "Desodorante Natural Dama 60ML 50 x  x 1 peso 0.068 bodega " está sin configurar
05-29-2023 @ 20:07:54 - El producto "Desodorante Natural Dama 60ML 50 x  x 1 peso 0.068 bodega " está sin configurar
05-29-2023 @ 20:29:17 - El producto "Lleva 2 Protector Solar con Extractos Botánicos / SPF 50+ Todo tipo de piel 80 mL y el 2do te sale con el 50% de OFF.  x  x  peso  bodega " está sin configurar
05-29-2023 @ 20:32:29 - El producto "Lleva el Contorno de Ojos de Germen de Trigo 30 G y Contorno de Ojos de Café 30 G con el 30% OFF 50 x  x 1 peso 0.035 bodega " está sin configurar
05-29-2023 @ 20:33:20 - El producto "Lleva el Contorno de Ojos de Germen de Trigo 30 G y Contorno de Ojos de Café 30 G con el 30% OFF 50 x  x 1 peso 0.035 bodega " está sin configurar
05-29-2023 @ 20:33:21 - El producto "Lleva el Contorno de Ojos de Germen de Trigo 30 G y Contorno de Ojos de Café 30 G con el 30% OFF 50 x  x 1 peso 0.035 bodega " está sin configurar
05-29-2023 @ 20:33:29 - El producto "Lleva el Contorno de Ojos de Germen de Trigo 30 G y Contorno de Ojos de Café 30 G con el 30% OFF 50 x  x 1 peso 0.035 bodega " está sin configurar
05-29-2023 @ 21:22:20 - El producto "Crema Hidratante Nutritiva Caléndula y Manzanilla 60GR 50 x  x 1 peso 0.074 bodega " está sin configurar
05-29-2023 @ 21:22:24 - El producto "Crema Hidratante Nutritiva Caléndula y Manzanilla 60GR 50 x  x 1 peso 0.074 bodega " está sin configurar
05-29-2023 @ 21:23:25 - El producto "Crema Hidratante Nutritiva Caléndula y Manzanilla 60GR 50 x  x 1 peso 0.074 bodega " está sin configurar
05-29-2023 @ 21:23:29 - El producto "Crema Hidratante Nutritiva Caléndula y Manzanilla 60GR 50 x  x 1 peso 0.074 bodega " está sin configurar
05-29-2023 @ 22:01:27 - El producto "Desodorante Natural Dama 60ML 50 x  x 1 peso 0.068 bodega " está sin configurar
05-29-2023 @ 23:23:39 - El producto "Tónico Natural de Perejil 120 ml 50 x  x 1 peso 0.144 bodega " está sin configurar
05-30-2023 @ 07:21:47 - El producto "Lleva 2 Protector Solar con Extractos Botánicos / SPF 50+ Todo tipo de piel 80 mL y el 2do te sale con el 50% de OFF.  x  x  peso  bodega " está sin configurar
05-30-2023 @ 07:49:31 - El producto "Lleva 2 Protector Solar con Extractos Botánicos / SPF 50+ Todo tipo de piel 80 mL y el 2do te sale con el 50% de OFF.  x  x  peso  bodega " está sin configurar
05-30-2023 @ 07:50:35 - El producto "Lleva 2 Protector Solar con Extractos Botánicos / SPF 50+ Todo tipo de piel 80 mL y el 2do te sale con el 50% de OFF.  x  x  peso  bodega " está sin configurar
05-30-2023 @ 07:50:44 - El producto "Lleva 2 Protector Solar con Extractos Botánicos / SPF 50+ Todo tipo de piel 80 mL y el 2do te sale con el 50% de OFF.  x  x  peso  bodega " está sin configurar
05-30-2023 @ 07:50:46 - El producto "Lleva 2 Protector Solar con Extractos Botánicos / SPF 50+ Todo tipo de piel 80 mL y el 2do te sale con el 50% de OFF.  x  x  peso  bodega " está sin configurar
05-30-2023 @ 07:50:49 - El producto "Lleva 2 Protector Solar con Extractos Botánicos / SPF 50+ Todo tipo de piel 80 mL y el 2do te sale con el 50% de OFF.  x  x  peso  bodega " está sin configurar
05-30-2023 @ 07:50:55 - El producto "Lleva 2 Protector Solar con Extractos Botánicos / SPF 50+ Todo tipo de piel 80 mL y el 2do te sale con el 50% de OFF.  x  x  peso  bodega " está sin configurar
05-30-2023 @ 07:50:57 - El producto "Lleva 2 Protector Solar con Extractos Botánicos / SPF 50+ Todo tipo de piel 80 mL y el 2do te sale con el 50% de OFF.  x  x  peso  bodega " está sin configurar
05-30-2023 @ 08:55:51 - El producto "Lleva el Contorno de Ojos de Germen de Trigo 30 G y Contorno de Ojos de Café 30 G con el 30% OFF 50 x  x 1 peso 0.035 bodega " está sin configurar
05-30-2023 @ 15:01:36 - El producto "Desodorante Natural Caballero 60ML 50 x  x 1 peso 0.068 bodega " está sin configurar
05-30-2023 @ 15:01:47 - El producto "Desodorante Natural Caballero 60ML 50 x  x 1 peso 0.068 bodega " está sin configurar
05-30-2023 @ 15:01:51 - El producto "Desodorante Natural Caballero 60ML 50 x  x 1 peso 0.068 bodega " está sin configurar
05-30-2023 @ 15:01:53 - El producto "Desodorante Natural Caballero 60ML 50 x  x 1 peso 0.068 bodega " está sin configurar
05-30-2023 @ 16:26:39 - El producto "Lleva 2 Protector Solar con Extractos Botánicos / SPF 50+ Todo tipo de piel 80 mL y el 2do te sale con el 50% de OFF.  x  x  peso  bodega " está sin configurar
05-30-2023 @ 18:59:40 - El producto "Desodorante Natural Dama 60ML 50 x  x 1 peso 0.068 bodega " está sin configurar
