06-03-2023 @ 19:54:34 - El producto "Desodorante Natural Dama 60ML 50 x  x 1 peso 0.068 bodega " está sin configurar
06-03-2023 @ 19:55:13 - El producto "Desodorante Natural Dama 60ML 50 x  x 1 peso 0.068 bodega " está sin configurar
06-03-2023 @ 19:55:13 - El producto "Desodorante Natural Dama 60ML 50 x  x 1 peso 0.068 bodega " está sin configurar
06-03-2023 @ 19:55:13 - El producto "Desodorante Natural Dama 60ML 50 x  x 1 peso 0.068 bodega " está sin configurar
06-03-2023 @ 19:55:13 - El producto "Desodorante Natural Dama 60ML 50 x  x 1 peso 0.068 bodega " está sin configurar
06-03-2023 @ 19:55:13 - El producto "Desodorante Natural Dama 60ML 50 x  x 1 peso 0.068 bodega " está sin configurar
06-04-2023 @ 12:09:32 - El producto "Yogurt Corporal de Mango 250 ml  x  x  peso  bodega " está sin configurar
06-04-2023 @ 12:09:33 - El producto "Yogurt Corporal de Mango 250 ml  x  x  peso  bodega " está sin configurar
06-04-2023 @ 12:09:33 - El producto "Yogurt Corporal de Mango 250 ml  x  x  peso  bodega " está sin configurar
06-04-2023 @ 12:09:33 - El producto "Yogurt Corporal de Mango 250 ml  x  x  peso  bodega " está sin configurar
06-04-2023 @ 12:10:10 - El producto "Yogurt Corporal de Mango 250 ml  x  x  peso  bodega " está sin configurar
06-04-2023 @ 12:10:10 - El producto "Yogurt Corporal de Mango 250 ml  x  x  peso  bodega " está sin configurar
06-04-2023 @ 12:10:10 - El producto "Yogurt Corporal de Mango 250 ml  x  x  peso  bodega " está sin configurar
06-04-2023 @ 12:10:10 - El producto "Yogurt Corporal de Mango 250 ml  x  x  peso  bodega " está sin configurar
06-04-2023 @ 12:10:10 - El producto "Yogurt Corporal de Mango 250 ml  x  x  peso  bodega " está sin configurar
06-04-2023 @ 12:10:10 - El producto "Yogurt Corporal de Mango 250 ml  x  x  peso  bodega " está sin configurar
06-04-2023 @ 12:10:15 - El producto "Yogurt Corporal de Mango 250 ml  x  x  peso  bodega " está sin configurar
06-04-2023 @ 12:10:15 - El producto "Yogurt Corporal de Mango 250 ml  x  x  peso  bodega " está sin configurar
06-04-2023 @ 12:10:15 - El producto "Yogurt Corporal de Mango 250 ml  x  x  peso  bodega " está sin configurar
06-04-2023 @ 12:10:15 - El producto "Yogurt Corporal de Mango 250 ml  x  x  peso  bodega " está sin configurar
06-04-2023 @ 12:10:15 - El producto "Yogurt Corporal de Mango 250 ml  x  x  peso  bodega " está sin configurar
06-04-2023 @ 12:10:16 - El producto "Yogurt Corporal de Mango 250 ml  x  x  peso  bodega " está sin configurar
06-04-2023 @ 12:10:16 - El producto "Yogurt Corporal de Mango 250 ml  x  x  peso  bodega " está sin configurar
06-04-2023 @ 12:10:16 - El producto "Yogurt Corporal de Mango 250 ml  x  x  peso  bodega " está sin configurar
06-04-2023 @ 12:10:46 - El producto "Yogurt Corporal de Mango 250 ml  x  x  peso  bodega " está sin configurar
06-04-2023 @ 12:10:46 - El producto "Yogurt Corporal de Mango 250 ml  x  x  peso  bodega " está sin configurar
06-04-2023 @ 12:10:46 - El producto "Yogurt Corporal de Mango 250 ml  x  x  peso  bodega " está sin configurar
06-04-2023 @ 12:10:59 - El producto "Yogurt Corporal de Mango 250 ml  x  x  peso  bodega " está sin configurar
06-04-2023 @ 12:10:59 - El producto "Yogurt Corporal de Mango 250 ml  x  x  peso  bodega " está sin configurar
06-04-2023 @ 12:10:59 - El producto "Yogurt Corporal de Mango 250 ml  x  x  peso  bodega " está sin configurar
06-04-2023 @ 12:10:59 - El producto "Yogurt Corporal de Mango 250 ml  x  x  peso  bodega " está sin configurar
06-04-2023 @ 12:10:59 - El producto "Yogurt Corporal de Mango 250 ml  x  x  peso  bodega " está sin configurar
06-04-2023 @ 12:10:59 - El producto "Yogurt Corporal de Mango 250 ml  x  x  peso  bodega " está sin configurar
06-04-2023 @ 12:11:03 - El producto "Yogurt Corporal de Mango 250 ml  x  x  peso  bodega " está sin configurar
06-04-2023 @ 12:11:03 - El producto "Yogurt Corporal de Mango 250 ml  x  x  peso  bodega " está sin configurar
06-04-2023 @ 12:11:03 - El producto "Yogurt Corporal de Mango 250 ml  x  x  peso  bodega " está sin configurar
06-04-2023 @ 12:11:03 - El producto "Yogurt Corporal de Mango 250 ml  x  x  peso  bodega " está sin configurar
06-04-2023 @ 12:11:03 - El producto "Yogurt Corporal de Mango 250 ml  x  x  peso  bodega " está sin configurar
06-04-2023 @ 12:11:03 - El producto "Yogurt Corporal de Mango 250 ml  x  x  peso  bodega " está sin configurar
06-04-2023 @ 12:11:03 - El producto "Yogurt Corporal de Mango 250 ml  x  x  peso  bodega " está sin configurar
06-04-2023 @ 12:11:10 - El producto "Yogurt Corporal de Mango 250 ml  x  x  peso  bodega " está sin configurar
06-04-2023 @ 12:11:10 - El producto "Yogurt Corporal de Mango 250 ml  x  x  peso  bodega " está sin configurar
06-04-2023 @ 12:11:10 - El producto "Yogurt Corporal de Mango 250 ml  x  x  peso  bodega " está sin configurar
06-04-2023 @ 12:11:10 - El producto "Yogurt Corporal de Mango 250 ml  x  x  peso  bodega " está sin configurar
06-04-2023 @ 12:11:10 - El producto "Yogurt Corporal de Mango 250 ml  x  x  peso  bodega " está sin configurar
06-04-2023 @ 12:11:10 - El producto "Yogurt Corporal de Mango 250 ml  x  x  peso  bodega " está sin configurar
06-04-2023 @ 12:11:13 - El producto "Yogurt Corporal de Mango 250 ml  x  x  peso  bodega " está sin configurar
06-04-2023 @ 12:11:13 - El producto "Yogurt Corporal de Mango 250 ml  x  x  peso  bodega " está sin configurar
06-04-2023 @ 12:11:13 - El producto "Yogurt Corporal de Mango 250 ml  x  x  peso  bodega " está sin configurar
06-04-2023 @ 12:11:13 - El producto "Yogurt Corporal de Mango 250 ml  x  x  peso  bodega " está sin configurar
06-04-2023 @ 12:11:24 - El producto "Yogurt Corporal de Mango 250 ml  x  x  peso  bodega " está sin configurar
06-04-2023 @ 12:11:24 - El producto "Yogurt Corporal de Mango 250 ml  x  x  peso  bodega " está sin configurar
06-04-2023 @ 12:11:24 - El producto "Yogurt Corporal de Mango 250 ml  x  x  peso  bodega " está sin configurar
06-04-2023 @ 12:11:24 - El producto "Yogurt Corporal de Mango 250 ml  x  x  peso  bodega " está sin configurar
06-04-2023 @ 12:11:24 - El producto "Yogurt Corporal de Mango 250 ml  x  x  peso  bodega " está sin configurar
06-04-2023 @ 12:11:24 - El producto "Yogurt Corporal de Mango 250 ml  x  x  peso  bodega " está sin configurar
06-04-2023 @ 12:11:24 - El producto "Yogurt Corporal de Mango 250 ml  x  x  peso  bodega " está sin configurar
06-04-2023 @ 12:11:24 - El producto "Yogurt Corporal de Mango 250 ml  x  x  peso  bodega " está sin configurar
06-04-2023 @ 12:11:24 - El producto "Yogurt Corporal de Mango 250 ml  x  x  peso  bodega " está sin configurar
06-04-2023 @ 12:11:25 - El producto "Yogurt Corporal de Mango 250 ml  x  x  peso  bodega " está sin configurar
06-04-2023 @ 12:11:25 - El producto "Yogurt Corporal de Mango 250 ml  x  x  peso  bodega " está sin configurar
06-04-2023 @ 12:11:25 - El producto "Yogurt Corporal de Mango 250 ml  x  x  peso  bodega " está sin configurar
06-04-2023 @ 12:11:25 - El producto "Yogurt Corporal de Mango 250 ml  x  x  peso  bodega " está sin configurar
06-04-2023 @ 12:11:26 - El producto "Yogurt Corporal de Mango 250 ml  x  x  peso  bodega " está sin configurar
06-04-2023 @ 12:11:26 - El producto "Yogurt Corporal de Mango 250 ml  x  x  peso  bodega " está sin configurar
06-04-2023 @ 12:11:26 - El producto "Yogurt Corporal de Mango 250 ml  x  x  peso  bodega " está sin configurar
06-04-2023 @ 12:11:26 - El producto "Yogurt Corporal de Mango 250 ml  x  x  peso  bodega " está sin configurar
06-04-2023 @ 12:11:26 - El producto "Yogurt Corporal de Mango 250 ml  x  x  peso  bodega " está sin configurar
06-04-2023 @ 12:11:26 - El producto "Yogurt Corporal de Mango 250 ml  x  x  peso  bodega " está sin configurar
06-04-2023 @ 12:11:26 - El producto "Yogurt Corporal de Mango 250 ml  x  x  peso  bodega " está sin configurar
06-04-2023 @ 12:11:26 - El producto "Yogurt Corporal de Mango 250 ml  x  x  peso  bodega " está sin configurar
06-04-2023 @ 12:11:26 - El producto "Yogurt Corporal de Mango 250 ml  x  x  peso  bodega " está sin configurar
06-04-2023 @ 12:11:26 - El producto "Yogurt Corporal de Mango 250 ml  x  x  peso  bodega " está sin configurar
06-04-2023 @ 12:11:26 - El producto "Yogurt Corporal de Mango 250 ml  x  x  peso  bodega " está sin configurar
06-04-2023 @ 12:11:26 - El producto "Yogurt Corporal de Mango 250 ml  x  x  peso  bodega " está sin configurar
06-04-2023 @ 12:11:26 - El producto "Yogurt Corporal de Mango 250 ml  x  x  peso  bodega " está sin configurar
06-04-2023 @ 12:11:26 - El producto "Yogurt Corporal de Mango 250 ml  x  x  peso  bodega " está sin configurar
06-04-2023 @ 12:43:01 - El producto "Desodorante Natural Dama 60ML 50 x  x 1 peso 0.068 bodega " está sin configurar
06-04-2023 @ 12:43:02 - El producto "Desodorante Natural Dama 60ML 50 x  x 1 peso 0.068 bodega " está sin configurar
06-04-2023 @ 12:43:02 - El producto "Desodorante Natural Dama 60ML 50 x  x 1 peso 0.068 bodega " está sin configurar
06-04-2023 @ 12:43:02 - El producto "Desodorante Natural Dama 60ML 50 x  x 1 peso 0.068 bodega " está sin configurar
06-04-2023 @ 12:43:21 - El producto "Desodorante Natural Dama 60ML 50 x  x 1 peso 0.068 bodega " está sin configurar
06-04-2023 @ 12:43:21 - El producto "Desodorante Natural Dama 60ML 50 x  x 1 peso 0.068 bodega " está sin configurar
06-04-2023 @ 12:43:21 - El producto "Desodorante Natural Dama 60ML 50 x  x 1 peso 0.068 bodega " está sin configurar
06-04-2023 @ 12:43:21 - El producto "Desodorante Natural Dama 60ML 50 x  x 1 peso 0.068 bodega " está sin configurar
06-04-2023 @ 12:43:21 - El producto "Desodorante Natural Dama 60ML 50 x  x 1 peso 0.068 bodega " está sin configurar
06-04-2023 @ 12:43:21 - El producto "Desodorante Natural Dama 60ML 50 x  x 1 peso 0.068 bodega " está sin configurar
06-04-2023 @ 12:43:25 - El producto "Desodorante Natural Dama 60ML 50 x  x 1 peso 0.068 bodega " está sin configurar
06-04-2023 @ 12:43:25 - El producto "Desodorante Natural Dama 60ML 50 x  x 1 peso 0.068 bodega " está sin configurar
06-04-2023 @ 12:43:25 - El producto "Desodorante Natural Dama 60ML 50 x  x 1 peso 0.068 bodega " está sin configurar
06-04-2023 @ 12:43:25 - El producto "Desodorante Natural Dama 60ML 50 x  x 1 peso 0.068 bodega " está sin configurar
06-04-2023 @ 12:43:25 - El producto "Desodorante Natural Dama 60ML 50 x  x 1 peso 0.068 bodega " está sin configurar
06-04-2023 @ 12:43:25 - El producto "Desodorante Natural Dama 60ML 50 x  x 1 peso 0.068 bodega " está sin configurar
06-04-2023 @ 12:43:25 - El producto "Desodorante Natural Dama 60ML 50 x  x 1 peso 0.068 bodega " está sin configurar
06-04-2023 @ 12:43:26 - El producto "Desodorante Natural Dama 60ML 50 x  x 1 peso 0.068 bodega " está sin configurar
06-04-2023 @ 12:43:26 - El producto "Desodorante Natural Dama 60ML 50 x  x 1 peso 0.068 bodega " está sin configurar
06-04-2023 @ 12:43:27 - El producto "Desodorante Natural Dama 60ML 50 x  x 1 peso 0.068 bodega " está sin configurar
06-04-2023 @ 12:43:27 - El producto "Desodorante Natural Dama 60ML 50 x  x 1 peso 0.068 bodega " está sin configurar
06-04-2023 @ 12:43:27 - El producto "Desodorante Natural Dama 60ML 50 x  x 1 peso 0.068 bodega " está sin configurar
06-04-2023 @ 12:44:35 - El producto "Desodorante Natural Dama 60ML 50 x  x 1 peso 0.068 bodega " está sin configurar
06-04-2023 @ 12:44:35 - El producto "Desodorante Natural Dama 60ML 50 x  x 1 peso 0.068 bodega " está sin configurar
06-04-2023 @ 12:44:36 - El producto "Desodorante Natural Dama 60ML 50 x  x 1 peso 0.068 bodega " está sin configurar
06-04-2023 @ 12:44:36 - El producto "Desodorante Natural Dama 60ML 50 x  x 1 peso 0.068 bodega " está sin configurar
06-04-2023 @ 12:44:39 - El producto "Desodorante Natural Dama 60ML 50 x  x 1 peso 0.068 bodega " está sin configurar
06-04-2023 @ 12:44:39 - El producto "Desodorante Natural Dama 60ML 50 x  x 1 peso 0.068 bodega " está sin configurar
06-04-2023 @ 12:44:39 - El producto "Desodorante Natural Dama 60ML 50 x  x 1 peso 0.068 bodega " está sin configurar
06-04-2023 @ 12:44:39 - El producto "Desodorante Natural Dama 60ML 50 x  x 1 peso 0.068 bodega " está sin configurar
06-04-2023 @ 12:44:39 - El producto "Desodorante Natural Dama 60ML 50 x  x 1 peso 0.068 bodega " está sin configurar
06-04-2023 @ 12:44:39 - El producto "Desodorante Natural Dama 60ML 50 x  x 1 peso 0.068 bodega " está sin configurar
06-04-2023 @ 12:44:40 - El producto "Desodorante Natural Dama 60ML 50 x  x 1 peso 0.068 bodega " está sin configurar
06-04-2023 @ 12:44:41 - El producto "Desodorante Natural Dama 60ML 50 x  x 1 peso 0.068 bodega " está sin configurar
06-04-2023 @ 12:44:41 - El producto "Desodorante Natural Dama 60ML 50 x  x 1 peso 0.068 bodega " está sin configurar
06-04-2023 @ 12:44:41 - El producto "Desodorante Natural Dama 60ML 50 x  x 1 peso 0.068 bodega " está sin configurar
06-04-2023 @ 12:44:41 - El producto "Desodorante Natural Dama 60ML 50 x  x 1 peso 0.068 bodega " está sin configurar
06-04-2023 @ 12:44:49 - El producto "Desodorante Natural Dama 60ML 50 x  x 1 peso 0.068 bodega " está sin configurar
06-04-2023 @ 12:44:49 - El producto "Desodorante Natural Dama 60ML 50 x  x 1 peso 0.068 bodega " está sin configurar
06-04-2023 @ 12:44:50 - El producto "Desodorante Natural Dama 60ML 50 x  x 1 peso 0.068 bodega " está sin configurar
06-04-2023 @ 12:44:50 - El producto "Desodorante Natural Dama 60ML 50 x  x 1 peso 0.068 bodega " está sin configurar
06-04-2023 @ 12:44:51 - El producto "Desodorante Natural Dama 60ML 50 x  x 1 peso 0.068 bodega " está sin configurar
06-04-2023 @ 12:44:51 - El producto "Desodorante Natural Dama 60ML 50 x  x 1 peso 0.068 bodega " está sin configurar
06-04-2023 @ 12:44:53 - El producto "Desodorante Natural Dama 60ML 50 x  x 1 peso 0.068 bodega " está sin configurar
06-04-2023 @ 12:44:53 - El producto "Desodorante Natural Dama 60ML 50 x  x 1 peso 0.068 bodega " está sin configurar
06-04-2023 @ 12:44:55 - El producto "Desodorante Natural Dama 60ML 50 x  x 1 peso 0.068 bodega " está sin configurar
06-04-2023 @ 12:44:55 - El producto "Desodorante Natural Dama 60ML 50 x  x 1 peso 0.068 bodega " está sin configurar
06-04-2023 @ 12:44:57 - El producto "Desodorante Natural Dama 60ML 50 x  x 1 peso 0.068 bodega " está sin configurar
06-04-2023 @ 12:44:57 - El producto "Desodorante Natural Dama 60ML 50 x  x 1 peso 0.068 bodega " está sin configurar
06-04-2023 @ 12:44:57 - El producto "Desodorante Natural Dama 60ML 50 x  x 1 peso 0.068 bodega " está sin configurar
06-04-2023 @ 12:45:09 - El producto "Desodorante Natural Dama 60ML 50 x  x 1 peso 0.068 bodega " está sin configurar
06-04-2023 @ 12:45:09 - El producto "Desodorante Natural Dama 60ML 50 x  x 1 peso 0.068 bodega " está sin configurar
06-04-2023 @ 12:45:09 - El producto "Desodorante Natural Dama 60ML 50 x  x 1 peso 0.068 bodega " está sin configurar
06-04-2023 @ 12:45:09 - El producto "Desodorante Natural Dama 60ML 50 x  x 1 peso 0.068 bodega " está sin configurar
06-04-2023 @ 12:45:09 - El producto "Desodorante Natural Dama 60ML 50 x  x 1 peso 0.068 bodega " está sin configurar
06-04-2023 @ 12:45:09 - El producto "Desodorante Natural Dama 60ML 50 x  x 1 peso 0.068 bodega " está sin configurar
06-04-2023 @ 12:45:09 - El producto "Desodorante Natural Dama 60ML 50 x  x 1 peso 0.068 bodega " está sin configurar
06-04-2023 @ 12:45:11 - El producto "Desodorante Natural Dama 60ML 50 x  x 1 peso 0.068 bodega " está sin configurar
06-04-2023 @ 12:45:11 - El producto "Desodorante Natural Dama 60ML 50 x  x 1 peso 0.068 bodega " está sin configurar
06-04-2023 @ 12:45:12 - El producto "Desodorante Natural Dama 60ML 50 x  x 1 peso 0.068 bodega " está sin configurar
06-04-2023 @ 12:45:12 - El producto "Desodorante Natural Dama 60ML 50 x  x 1 peso 0.068 bodega " está sin configurar
06-04-2023 @ 12:45:12 - El producto "Desodorante Natural Dama 60ML 50 x  x 1 peso 0.068 bodega " está sin configurar
06-04-2023 @ 12:45:12 - El producto "Desodorante Natural Dama 60ML 50 x  x 1 peso 0.068 bodega " está sin configurar
06-04-2023 @ 12:45:13 - El producto "Desodorante Natural Dama 60ML 50 x  x 1 peso 0.068 bodega " está sin configurar
06-04-2023 @ 12:45:13 - El producto "Desodorante Natural Dama 60ML 50 x  x 1 peso 0.068 bodega " está sin configurar
06-04-2023 @ 12:45:13 - El producto "Desodorante Natural Dama 60ML 50 x  x 1 peso 0.068 bodega " está sin configurar
06-04-2023 @ 12:45:19 - El producto "Desodorante Natural Dama 60ML 50 x  x 1 peso 0.068 bodega " está sin configurar
06-04-2023 @ 12:45:19 - El producto "Desodorante Natural Dama 60ML 50 x  x 1 peso 0.068 bodega " está sin configurar
06-04-2023 @ 12:45:19 - El producto "Desodorante Natural Dama 60ML 50 x  x 1 peso 0.068 bodega " está sin configurar
06-04-2023 @ 12:45:20 - El producto "Desodorante Natural Dama 60ML 50 x  x 1 peso 0.068 bodega " está sin configurar
06-04-2023 @ 12:45:20 - El producto "Desodorante Natural Dama 60ML 50 x  x 1 peso 0.068 bodega " está sin configurar
06-04-2023 @ 12:45:20 - El producto "Desodorante Natural Dama 60ML 50 x  x 1 peso 0.068 bodega " está sin configurar
06-04-2023 @ 12:45:20 - El producto "Desodorante Natural Dama 60ML 50 x  x 1 peso 0.068 bodega " está sin configurar
06-04-2023 @ 12:45:21 - El producto "Desodorante Natural Dama 60ML 50 x  x 1 peso 0.068 bodega " está sin configurar
06-04-2023 @ 12:45:21 - El producto "Desodorante Natural Dama 60ML 50 x  x 1 peso 0.068 bodega " está sin configurar
06-04-2023 @ 12:45:25 - El producto "Desodorante Natural Dama 60ML 50 x  x 1 peso 0.068 bodega " está sin configurar
06-04-2023 @ 12:45:25 - El producto "Desodorante Natural Dama 60ML 50 x  x 1 peso 0.068 bodega " está sin configurar
06-04-2023 @ 12:45:25 - El producto "Desodorante Natural Dama 60ML 50 x  x 1 peso 0.068 bodega " está sin configurar
06-04-2023 @ 12:45:33 - El producto "Desodorante Natural Dama 60ML 50 x  x 1 peso 0.068 bodega " está sin configurar
06-04-2023 @ 12:45:33 - El producto "Desodorante Natural Dama 60ML 50 x  x 1 peso 0.068 bodega " está sin configurar
06-04-2023 @ 12:45:33 - El producto "Desodorante Natural Dama 60ML 50 x  x 1 peso 0.068 bodega " está sin configurar
06-04-2023 @ 12:45:35 - El producto "Desodorante Natural Dama 60ML 50 x  x 1 peso 0.068 bodega " está sin configurar
06-04-2023 @ 12:45:35 - El producto "Desodorante Natural Dama 60ML 50 x  x 1 peso 0.068 bodega " está sin configurar
06-04-2023 @ 12:45:35 - El producto "Desodorante Natural Dama 60ML 50 x  x 1 peso 0.068 bodega " está sin configurar
06-04-2023 @ 12:45:38 - El producto "Desodorante Natural Dama 60ML 50 x  x 1 peso 0.068 bodega " está sin configurar
06-04-2023 @ 12:45:38 - El producto "Desodorante Natural Dama 60ML 50 x  x 1 peso 0.068 bodega " está sin configurar
06-04-2023 @ 12:45:39 - El producto "Desodorante Natural Dama 60ML 50 x  x 1 peso 0.068 bodega " está sin configurar
06-04-2023 @ 12:45:39 - El producto "Desodorante Natural Dama 60ML 50 x  x 1 peso 0.068 bodega " está sin configurar
06-04-2023 @ 12:45:43 - El producto "Desodorante Natural Dama 60ML 50 x  x 1 peso 0.068 bodega " está sin configurar
06-04-2023 @ 12:45:43 - El producto "Desodorante Natural Dama 60ML 50 x  x 1 peso 0.068 bodega " está sin configurar
06-04-2023 @ 12:45:43 - El producto "Desodorante Natural Dama 60ML 50 x  x 1 peso 0.068 bodega " está sin configurar
06-04-2023 @ 12:45:44 - El producto "Desodorante Natural Dama 60ML 50 x  x 1 peso 0.068 bodega " está sin configurar
06-04-2023 @ 12:45:44 - El producto "Desodorante Natural Dama 60ML 50 x  x 1 peso 0.068 bodega " está sin configurar
06-04-2023 @ 12:45:47 - El producto "Desodorante Natural Dama 60ML 50 x  x 1 peso 0.068 bodega " está sin configurar
06-04-2023 @ 12:45:47 - El producto "Desodorante Natural Dama 60ML 50 x  x 1 peso 0.068 bodega " está sin configurar
06-04-2023 @ 12:45:54 - El producto "Desodorante Natural Dama 60ML 50 x  x 1 peso 0.068 bodega " está sin configurar
06-04-2023 @ 12:45:54 - El producto "Desodorante Natural Dama 60ML 50 x  x 1 peso 0.068 bodega " está sin configurar
06-04-2023 @ 12:45:54 - El producto "Desodorante Natural Dama 60ML 50 x  x 1 peso 0.068 bodega " está sin configurar
06-04-2023 @ 12:45:56 - El producto "Desodorante Natural Dama 60ML 50 x  x 1 peso 0.068 bodega " está sin configurar
06-04-2023 @ 12:45:56 - El producto "Desodorante Natural Dama 60ML 50 x  x 1 peso 0.068 bodega " está sin configurar
06-04-2023 @ 12:45:56 - El producto "Desodorante Natural Dama 60ML 50 x  x 1 peso 0.068 bodega " está sin configurar
06-04-2023 @ 12:46:07 - El producto "Desodorante Natural Dama 60ML 50 x  x 1 peso 0.068 bodega " está sin configurar
06-04-2023 @ 12:46:07 - El producto "Desodorante Natural Dama 60ML 50 x  x 1 peso 0.068 bodega " está sin configurar
06-04-2023 @ 12:46:07 - El producto "Desodorante Natural Dama 60ML 50 x  x 1 peso 0.068 bodega " está sin configurar
06-04-2023 @ 12:46:07 - El producto "Desodorante Natural Dama 60ML 50 x  x 1 peso 0.068 bodega " está sin configurar
06-04-2023 @ 12:46:07 - El producto "Desodorante Natural Dama 60ML 50 x  x 1 peso 0.068 bodega " está sin configurar
06-04-2023 @ 12:46:07 - El producto "Desodorante Natural Dama 60ML 50 x  x 1 peso 0.068 bodega " está sin configurar
06-04-2023 @ 12:46:09 - El producto "Desodorante Natural Dama 60ML 50 x  x 1 peso 0.068 bodega " está sin configurar
06-04-2023 @ 12:46:09 - El producto "Desodorante Natural Dama 60ML 50 x  x 1 peso 0.068 bodega " está sin configurar
06-04-2023 @ 12:46:09 - El producto "Desodorante Natural Dama 60ML 50 x  x 1 peso 0.068 bodega " está sin configurar
06-04-2023 @ 12:46:27 - El producto "Desodorante Natural Dama 60ML 50 x  x 1 peso 0.068 bodega " está sin configurar
06-04-2023 @ 12:46:27 - El producto "Desodorante Natural Dama 60ML 50 x  x 1 peso 0.068 bodega " está sin configurar
06-04-2023 @ 12:46:28 - El producto "Desodorante Natural Dama 60ML 50 x  x 1 peso 0.068 bodega " está sin configurar
06-04-2023 @ 12:46:28 - El producto "Desodorante Natural Dama 60ML 50 x  x 1 peso 0.068 bodega " está sin configurar
06-04-2023 @ 12:46:29 - El producto "Desodorante Natural Dama 60ML 50 x  x 1 peso 0.068 bodega " está sin configurar
06-04-2023 @ 12:46:29 - El producto "Desodorante Natural Dama 60ML 50 x  x 1 peso 0.068 bodega " está sin configurar
06-04-2023 @ 12:46:29 - El producto "Desodorante Natural Dama 60ML 50 x  x 1 peso 0.068 bodega " está sin configurar
06-04-2023 @ 12:46:34 - El producto "Desodorante Natural Dama 60ML 50 x  x 1 peso 0.068 bodega " está sin configurar
06-04-2023 @ 12:46:34 - El producto "Desodorante Natural Dama 60ML 50 x  x 1 peso 0.068 bodega " está sin configurar
06-04-2023 @ 12:46:35 - El producto "Desodorante Natural Dama 60ML 50 x  x 1 peso 0.068 bodega " está sin configurar
06-04-2023 @ 12:46:35 - El producto "Desodorante Natural Dama 60ML 50 x  x 1 peso 0.068 bodega " está sin configurar
06-04-2023 @ 12:46:35 - El producto "Desodorante Natural Dama 60ML 50 x  x 1 peso 0.068 bodega " está sin configurar
06-04-2023 @ 12:46:41 - El producto "Desodorante Natural Dama 60ML 50 x  x 1 peso 0.068 bodega " está sin configurar
06-04-2023 @ 12:46:41 - El producto "Desodorante Natural Dama 60ML 50 x  x 1 peso 0.068 bodega " está sin configurar
06-04-2023 @ 12:46:41 - El producto "Desodorante Natural Dama 60ML 50 x  x 1 peso 0.068 bodega " está sin configurar
06-04-2023 @ 12:46:41 - El producto "Desodorante Natural Dama 60ML 50 x  x 1 peso 0.068 bodega " está sin configurar
06-04-2023 @ 12:46:41 - El producto "Desodorante Natural Dama 60ML 50 x  x 1 peso 0.068 bodega " está sin configurar
06-04-2023 @ 12:46:41 - El producto "Desodorante Natural Dama 60ML 50 x  x 1 peso 0.068 bodega " está sin configurar
06-04-2023 @ 12:46:41 - El producto "Desodorante Natural Dama 60ML 50 x  x 1 peso 0.068 bodega " está sin configurar
06-04-2023 @ 12:46:41 - El producto "Desodorante Natural Dama 60ML 50 x  x 1 peso 0.068 bodega " está sin configurar
06-04-2023 @ 12:46:41 - El producto "Desodorante Natural Dama 60ML 50 x  x 1 peso 0.068 bodega " está sin configurar
06-04-2023 @ 12:48:05 - El producto "Desodorante Natural Dama 60ML 50 x  x 1 peso 0.068 bodega " está sin configurar
06-04-2023 @ 12:48:05 - El producto "Desodorante Natural Dama 60ML 50 x  x 1 peso 0.068 bodega " está sin configurar
06-04-2023 @ 12:48:05 - El producto "Desodorante Natural Dama 60ML 50 x  x 1 peso 0.068 bodega " está sin configurar
06-04-2023 @ 12:48:07 - El producto "Desodorante Natural Dama 60ML 50 x  x 1 peso 0.068 bodega " está sin configurar
06-04-2023 @ 12:48:07 - El producto "Desodorante Natural Dama 60ML 50 x  x 1 peso 0.068 bodega " está sin configurar
06-04-2023 @ 12:48:07 - El producto "Desodorante Natural Dama 60ML 50 x  x 1 peso 0.068 bodega " está sin configurar
06-04-2023 @ 12:57:37 - El producto "Crema Hidratante Nutritiva Caléndula y Manzanilla 60GR 50 x  x 1 peso 0.074 bodega " está sin configurar
06-04-2023 @ 12:57:37 - El producto "Crema Hidratante Nutritiva Caléndula y Manzanilla 60GR 50 x  x 1 peso 0.074 bodega " está sin configurar
06-04-2023 @ 12:57:37 - El producto "Crema Hidratante Nutritiva Caléndula y Manzanilla 60GR 50 x  x 1 peso 0.074 bodega " está sin configurar
06-04-2023 @ 12:57:37 - El producto "Crema Hidratante Nutritiva Caléndula y Manzanilla 60GR 50 x  x 1 peso 0.074 bodega " está sin configurar
06-04-2023 @ 12:57:37 - El producto "Crema Hidratante Nutritiva Caléndula y Manzanilla 60GR 50 x  x 1 peso 0.074 bodega " está sin configurar
06-04-2023 @ 12:57:37 - El producto "Crema Hidratante Nutritiva Caléndula y Manzanilla 60GR 50 x  x 1 peso 0.074 bodega " está sin configurar
06-04-2023 @ 12:58:00 - El producto "Crema Hidratante Nutritiva Caléndula y Manzanilla 60GR 50 x  x 1 peso 0.074 bodega " está sin configurar
06-04-2023 @ 12:58:00 - El producto "Crema Hidratante Nutritiva Caléndula y Manzanilla 60GR 50 x  x 1 peso 0.074 bodega " está sin configurar
06-04-2023 @ 12:58:00 - El producto "Crema Hidratante Nutritiva Caléndula y Manzanilla 60GR 50 x  x 1 peso 0.074 bodega " está sin configurar
06-04-2023 @ 12:58:03 - El producto "Crema Hidratante Nutritiva Caléndula y Manzanilla 60GR 50 x  x 1 peso 0.074 bodega " está sin configurar
06-04-2023 @ 12:58:03 - El producto "Crema Hidratante Nutritiva Caléndula y Manzanilla 60GR 50 x  x 1 peso 0.074 bodega " está sin configurar
06-04-2023 @ 12:58:03 - El producto "Crema Hidratante Nutritiva Caléndula y Manzanilla 60GR 50 x  x 1 peso 0.074 bodega " está sin configurar
06-04-2023 @ 12:58:03 - El producto "Crema Hidratante Nutritiva Caléndula y Manzanilla 60GR 50 x  x 1 peso 0.074 bodega " está sin configurar
06-04-2023 @ 12:58:14 - El producto "Crema Hidratante Nutritiva Caléndula y Manzanilla 60GR 50 x  x 1 peso 0.074 bodega " está sin configurar
06-04-2023 @ 12:58:14 - El producto "Crema Hidratante Nutritiva Caléndula y Manzanilla 60GR 50 x  x 1 peso 0.074 bodega " está sin configurar
06-04-2023 @ 12:58:14 - El producto "Crema Hidratante Nutritiva Caléndula y Manzanilla 60GR 50 x  x 1 peso 0.074 bodega " está sin configurar
06-04-2023 @ 12:58:15 - El producto "Crema Hidratante Nutritiva Caléndula y Manzanilla 60GR 50 x  x 1 peso 0.074 bodega " está sin configurar
06-04-2023 @ 12:58:15 - El producto "Crema Hidratante Nutritiva Caléndula y Manzanilla 60GR 50 x  x 1 peso 0.074 bodega " está sin configurar
06-04-2023 @ 12:58:21 - El producto "Crema Hidratante Nutritiva Caléndula y Manzanilla 60GR 50 x  x 1 peso 0.074 bodega " está sin configurar
06-04-2023 @ 12:58:21 - El producto "Crema Hidratante Nutritiva Caléndula y Manzanilla 60GR 50 x  x 1 peso 0.074 bodega " está sin configurar
06-04-2023 @ 12:58:21 - El producto "Crema Hidratante Nutritiva Caléndula y Manzanilla 60GR 50 x  x 1 peso 0.074 bodega " está sin configurar
06-04-2023 @ 12:58:22 - El producto "Crema Hidratante Nutritiva Caléndula y Manzanilla 60GR 50 x  x 1 peso 0.074 bodega " está sin configurar
06-04-2023 @ 12:58:22 - El producto "Crema Hidratante Nutritiva Caléndula y Manzanilla 60GR 50 x  x 1 peso 0.074 bodega " está sin configurar
06-04-2023 @ 12:58:22 - El producto "Crema Hidratante Nutritiva Caléndula y Manzanilla 60GR 50 x  x 1 peso 0.074 bodega " está sin configurar
06-04-2023 @ 12:58:24 - El producto "Crema Hidratante Nutritiva Caléndula y Manzanilla 60GR 50 x  x 1 peso 0.074 bodega " está sin configurar
06-04-2023 @ 12:58:24 - El producto "Crema Hidratante Nutritiva Caléndula y Manzanilla 60GR 50 x  x 1 peso 0.074 bodega " está sin configurar
06-04-2023 @ 12:58:24 - El producto "Crema Hidratante Nutritiva Caléndula y Manzanilla 60GR 50 x  x 1 peso 0.074 bodega " está sin configurar
06-04-2023 @ 12:58:25 - El producto "Crema Hidratante Nutritiva Caléndula y Manzanilla 60GR 50 x  x 1 peso 0.074 bodega " está sin configurar
06-04-2023 @ 12:58:25 - El producto "Crema Hidratante Nutritiva Caléndula y Manzanilla 60GR 50 x  x 1 peso 0.074 bodega " está sin configurar
06-04-2023 @ 12:58:25 - El producto "Crema Hidratante Nutritiva Caléndula y Manzanilla 60GR 50 x  x 1 peso 0.074 bodega " está sin configurar
06-04-2023 @ 12:58:28 - El producto "Crema Hidratante Nutritiva Caléndula y Manzanilla 60GR 50 x  x 1 peso 0.074 bodega " está sin configurar
06-04-2023 @ 12:58:28 - El producto "Crema Hidratante Nutritiva Caléndula y Manzanilla 60GR 50 x  x 1 peso 0.074 bodega " está sin configurar
06-04-2023 @ 12:58:28 - El producto "Crema Hidratante Nutritiva Caléndula y Manzanilla 60GR 50 x  x 1 peso 0.074 bodega " está sin configurar
06-04-2023 @ 12:58:28 - El producto "Crema Hidratante Nutritiva Caléndula y Manzanilla 60GR 50 x  x 1 peso 0.074 bodega " está sin configurar
06-04-2023 @ 12:58:30 - El producto "Crema Hidratante Nutritiva Caléndula y Manzanilla 60GR 50 x  x 1 peso 0.074 bodega " está sin configurar
06-04-2023 @ 12:58:30 - El producto "Crema Hidratante Nutritiva Caléndula y Manzanilla 60GR 50 x  x 1 peso 0.074 bodega " está sin configurar
06-04-2023 @ 12:58:33 - El producto "Crema Hidratante Nutritiva Caléndula y Manzanilla 60GR 50 x  x 1 peso 0.074 bodega " está sin configurar
06-04-2023 @ 12:58:33 - El producto "Crema Hidratante Nutritiva Caléndula y Manzanilla 60GR 50 x  x 1 peso 0.074 bodega " está sin configurar
06-04-2023 @ 12:58:33 - El producto "Crema Hidratante Nutritiva Caléndula y Manzanilla 60GR 50 x  x 1 peso 0.074 bodega " está sin configurar
06-04-2023 @ 12:58:33 - El producto "Exfoliante Facial Aloe Vera y Pepino 60 gr  x  x  peso  bodega " está sin configurar
06-04-2023 @ 12:58:35 - El producto "Exfoliante Facial Aloe Vera y Pepino 60 gr  x  x  peso  bodega " está sin configurar
06-04-2023 @ 12:58:35 - El producto "Exfoliante Facial Aloe Vera y Pepino 60 gr  x  x  peso  bodega " está sin configurar
06-04-2023 @ 12:58:35 - El producto "Exfoliante Facial Aloe Vera y Pepino 60 gr  x  x  peso  bodega " está sin configurar
06-04-2023 @ 12:58:36 - El producto "Exfoliante Facial Aloe Vera y Pepino 60 gr  x  x  peso  bodega " está sin configurar
06-04-2023 @ 12:58:36 - El producto "Exfoliante Facial Aloe Vera y Pepino 60 gr  x  x  peso  bodega " está sin configurar
06-04-2023 @ 12:58:36 - El producto "Exfoliante Facial Aloe Vera y Pepino 60 gr  x  x  peso  bodega " está sin configurar
06-04-2023 @ 12:58:36 - El producto "Aceite esencial Lavanda 10ML  x  x  peso  bodega " está sin configurar
06-04-2023 @ 12:58:38 - El producto "Aceite esencial Lavanda 10ML  x  x  peso  bodega " está sin configurar
06-04-2023 @ 12:58:38 - El producto "Aceite esencial Lavanda 10ML  x  x  peso  bodega " está sin configurar
06-04-2023 @ 12:58:38 - El producto "Aceite esencial Lavanda 10ML  x  x  peso  bodega " está sin configurar
06-04-2023 @ 12:58:38 - El producto "Aceite esencial Lavanda 10ML  x  x  peso  bodega " está sin configurar
06-04-2023 @ 12:58:38 - El producto "Aceite esencial Lavanda 10ML  x  x  peso  bodega " está sin configurar
06-04-2023 @ 12:58:38 - El producto "Aceite esencial Lavanda 10ML  x  x  peso  bodega " está sin configurar
06-04-2023 @ 17:08:03 - El producto "Protector Solar con Extractos Botánicos / SPF 50+  x  x  peso  bodega " está sin configurar
06-04-2023 @ 17:08:04 - El producto "Protector Solar con Extractos Botánicos / SPF 50+  x  x  peso  bodega " está sin configurar
06-04-2023 @ 17:08:04 - El producto "Protector Solar con Extractos Botánicos / SPF 50+  x  x  peso  bodega " está sin configurar
06-04-2023 @ 17:08:17 - El producto "Protector Solar con Extractos Botánicos / SPF 50+  x  x  peso  bodega " está sin configurar
06-04-2023 @ 17:08:17 - El producto "Protector Solar con Extractos Botánicos / SPF 50+  x  x  peso  bodega " está sin configurar
06-04-2023 @ 17:08:17 - El producto "Protector Solar con Extractos Botánicos / SPF 50+  x  x  peso  bodega " está sin configurar
06-04-2023 @ 17:08:32 - El producto "Protector Solar con Extractos Botánicos / SPF 50+  x  x  peso  bodega " está sin configurar
06-04-2023 @ 17:08:32 - El producto "Protector Solar con Extractos Botánicos / SPF 50+  x  x  peso  bodega " está sin configurar
06-04-2023 @ 17:08:32 - El producto "Protector Solar con Extractos Botánicos / SPF 50+  x  x  peso  bodega " está sin configurar
06-04-2023 @ 17:10:33 - El producto "Protector Solar con Extractos Botánicos / SPF 50+  x  x  peso  bodega " está sin configurar
06-04-2023 @ 17:10:33 - El producto "Protector Solar con Extractos Botánicos / SPF 50+  x  x  peso  bodega " está sin configurar
06-04-2023 @ 17:10:33 - El producto "Protector Solar con Extractos Botánicos / SPF 50+  x  x  peso  bodega " está sin configurar
06-04-2023 @ 17:12:34 - El producto "Protector Solar con Extractos Botánicos / SPF 50+  x  x  peso  bodega " está sin configurar
06-04-2023 @ 17:12:34 - El producto "Protector Solar con Extractos Botánicos / SPF 50+  x  x  peso  bodega " está sin configurar
06-04-2023 @ 17:12:34 - El producto "Protector Solar con Extractos Botánicos / SPF 50+  x  x  peso  bodega " está sin configurar
06-04-2023 @ 17:14:35 - El producto "Protector Solar con Extractos Botánicos / SPF 50+  x  x  peso  bodega " está sin configurar
06-04-2023 @ 17:14:35 - El producto "Protector Solar con Extractos Botánicos / SPF 50+  x  x  peso  bodega " está sin configurar
06-04-2023 @ 17:14:35 - El producto "Protector Solar con Extractos Botánicos / SPF 50+  x  x  peso  bodega " está sin configurar
06-04-2023 @ 17:16:36 - El producto "Protector Solar con Extractos Botánicos / SPF 50+  x  x  peso  bodega " está sin configurar
06-04-2023 @ 17:16:36 - El producto "Protector Solar con Extractos Botánicos / SPF 50+  x  x  peso  bodega " está sin configurar
06-04-2023 @ 17:16:36 - El producto "Protector Solar con Extractos Botánicos / SPF 50+  x  x  peso  bodega " está sin configurar
06-04-2023 @ 17:18:37 - El producto "Protector Solar con Extractos Botánicos / SPF 50+  x  x  peso  bodega " está sin configurar
06-04-2023 @ 17:18:37 - El producto "Protector Solar con Extractos Botánicos / SPF 50+  x  x  peso  bodega " está sin configurar
06-04-2023 @ 17:18:37 - El producto "Protector Solar con Extractos Botánicos / SPF 50+  x  x  peso  bodega " está sin configurar
06-04-2023 @ 17:20:38 - El producto "Protector Solar con Extractos Botánicos / SPF 50+  x  x  peso  bodega " está sin configurar
06-04-2023 @ 17:20:38 - El producto "Protector Solar con Extractos Botánicos / SPF 50+  x  x  peso  bodega " está sin configurar
06-04-2023 @ 17:20:38 - El producto "Protector Solar con Extractos Botánicos / SPF 50+  x  x  peso  bodega " está sin configurar
06-04-2023 @ 17:22:39 - El producto "Protector Solar con Extractos Botánicos / SPF 50+  x  x  peso  bodega " está sin configurar
06-04-2023 @ 17:22:39 - El producto "Protector Solar con Extractos Botánicos / SPF 50+  x  x  peso  bodega " está sin configurar
06-04-2023 @ 17:22:39 - El producto "Protector Solar con Extractos Botánicos / SPF 50+  x  x  peso  bodega " está sin configurar
06-04-2023 @ 17:24:29 - El producto "Protector Solar con Extractos Botánicos / SPF 50+  x  x  peso  bodega " está sin configurar
06-04-2023 @ 17:24:29 - El producto "Protector Solar con Extractos Botánicos / SPF 50+  x  x  peso  bodega " está sin configurar
06-04-2023 @ 17:24:29 - El producto "Protector Solar con Extractos Botánicos / SPF 50+  x  x  peso  bodega " está sin configurar
06-04-2023 @ 17:24:43 - El producto "Protector Solar con Extractos Botánicos / SPF 50+  x  x  peso  bodega " está sin configurar
06-04-2023 @ 17:24:43 - El producto "Protector Solar con Extractos Botánicos / SPF 50+  x  x  peso  bodega " está sin configurar
06-04-2023 @ 17:24:43 - El producto "Protector Solar con Extractos Botánicos / SPF 50+  x  x  peso  bodega " está sin configurar
06-04-2023 @ 17:24:47 - El producto "Protector Solar con Extractos Botánicos / SPF 50+  x  x  peso  bodega " está sin configurar
06-04-2023 @ 17:24:47 - El producto "Protector Solar con Extractos Botánicos / SPF 50+  x  x  peso  bodega " está sin configurar
06-04-2023 @ 17:24:47 - El producto "Protector Solar con Extractos Botánicos / SPF 50+  x  x  peso  bodega " está sin configurar
06-04-2023 @ 17:25:01 - El producto "Protector Solar con Extractos Botánicos / SPF 50+  x  x  peso  bodega " está sin configurar
06-04-2023 @ 17:25:01 - El producto "Protector Solar con Extractos Botánicos / SPF 50+  x  x  peso  bodega " está sin configurar
06-04-2023 @ 17:25:01 - El producto "Protector Solar con Extractos Botánicos / SPF 50+  x  x  peso  bodega " está sin configurar
06-04-2023 @ 17:25:16 - El producto "Protector Solar con Extractos Botánicos / SPF 50+  x  x  peso  bodega " está sin configurar
06-04-2023 @ 17:25:16 - El producto "Protector Solar con Extractos Botánicos / SPF 50+  x  x  peso  bodega " está sin configurar
06-04-2023 @ 17:25:31 - El producto "Protector Solar con Extractos Botánicos / SPF 50+  x  x  peso  bodega " está sin configurar
06-04-2023 @ 17:25:31 - El producto "Protector Solar con Extractos Botánicos / SPF 50+  x  x  peso  bodega " está sin configurar
06-04-2023 @ 17:25:31 - El producto "Protector Solar con Extractos Botánicos / SPF 50+  x  x  peso  bodega " está sin configurar
06-04-2023 @ 17:25:46 - El producto "Protector Solar con Extractos Botánicos / SPF 50+  x  x  peso  bodega " está sin configurar
06-04-2023 @ 17:25:46 - El producto "Protector Solar con Extractos Botánicos / SPF 50+  x  x  peso  bodega " está sin configurar
06-04-2023 @ 17:25:46 - El producto "Protector Solar con Extractos Botánicos / SPF 50+  x  x  peso  bodega " está sin configurar
06-04-2023 @ 17:26:02 - El producto "Protector Solar con Extractos Botánicos / SPF 50+  x  x  peso  bodega " está sin configurar
06-04-2023 @ 17:26:02 - El producto "Protector Solar con Extractos Botánicos / SPF 50+  x  x  peso  bodega " está sin configurar
06-04-2023 @ 17:26:02 - El producto "Protector Solar con Extractos Botánicos / SPF 50+  x  x  peso  bodega " está sin configurar
06-04-2023 @ 17:28:03 - El producto "Protector Solar con Extractos Botánicos / SPF 50+  x  x  peso  bodega " está sin configurar
06-04-2023 @ 17:28:03 - El producto "Protector Solar con Extractos Botánicos / SPF 50+  x  x  peso  bodega " está sin configurar
06-04-2023 @ 17:28:03 - El producto "Protector Solar con Extractos Botánicos / SPF 50+  x  x  peso  bodega " está sin configurar
06-04-2023 @ 17:30:04 - El producto "Protector Solar con Extractos Botánicos / SPF 50+  x  x  peso  bodega " está sin configurar
06-04-2023 @ 17:30:04 - El producto "Protector Solar con Extractos Botánicos / SPF 50+  x  x  peso  bodega " está sin configurar
06-04-2023 @ 17:30:04 - El producto "Protector Solar con Extractos Botánicos / SPF 50+  x  x  peso  bodega " está sin configurar
06-04-2023 @ 17:32:05 - El producto "Protector Solar con Extractos Botánicos / SPF 50+  x  x  peso  bodega " está sin configurar
06-04-2023 @ 17:32:05 - El producto "Protector Solar con Extractos Botánicos / SPF 50+  x  x  peso  bodega " está sin configurar
06-04-2023 @ 17:32:05 - El producto "Protector Solar con Extractos Botánicos / SPF 50+  x  x  peso  bodega " está sin configurar
06-04-2023 @ 17:32:32 - El producto "Protector Solar con Extractos Botánicos / SPF 50+  x  x  peso  bodega " está sin configurar
06-04-2023 @ 17:32:32 - El producto "Protector Solar con Extractos Botánicos / SPF 50+  x  x  peso  bodega " está sin configurar
06-04-2023 @ 17:32:32 - El producto "Protector Solar con Extractos Botánicos / SPF 50+  x  x  peso  bodega " está sin configurar
06-04-2023 @ 17:32:40 - El producto "Protector Solar con Extractos Botánicos / SPF 50+  x  x  peso  bodega " está sin configurar
06-04-2023 @ 17:32:40 - El producto "Protector Solar con Extractos Botánicos / SPF 50+  x  x  peso  bodega " está sin configurar
06-04-2023 @ 17:32:40 - El producto "Protector Solar con Extractos Botánicos / SPF 50+  x  x  peso  bodega " está sin configurar
06-04-2023 @ 17:32:54 - El producto "Protector Solar con Extractos Botánicos / SPF 50+  x  x  peso  bodega " está sin configurar
06-04-2023 @ 17:32:54 - El producto "Protector Solar con Extractos Botánicos / SPF 50+  x  x  peso  bodega " está sin configurar
06-04-2023 @ 17:32:54 - El producto "Protector Solar con Extractos Botánicos / SPF 50+  x  x  peso  bodega " está sin configurar
06-04-2023 @ 17:33:09 - El producto "Protector Solar con Extractos Botánicos / SPF 50+  x  x  peso  bodega " está sin configurar
06-04-2023 @ 17:33:09 - El producto "Protector Solar con Extractos Botánicos / SPF 50+  x  x  peso  bodega " está sin configurar
06-04-2023 @ 17:33:09 - El producto "Protector Solar con Extractos Botánicos / SPF 50+  x  x  peso  bodega " está sin configurar
06-04-2023 @ 17:33:10 - El producto "Protector Solar con Extractos Botánicos / SPF 50+  x  x  peso  bodega " está sin configurar
06-04-2023 @ 17:33:10 - El producto "Protector Solar con Extractos Botánicos / SPF 50+  x  x  peso  bodega " está sin configurar
06-04-2023 @ 17:33:10 - El producto "Protector Solar con Extractos Botánicos / SPF 50+  x  x  peso  bodega " está sin configurar
06-04-2023 @ 17:33:14 - El producto "Protector Solar con Extractos Botánicos / SPF 50+  x  x  peso  bodega " está sin configurar
06-04-2023 @ 17:33:14 - El producto "Protector Solar con Extractos Botánicos / SPF 50+  x  x  peso  bodega " está sin configurar
06-04-2023 @ 17:33:14 - El producto "Protector Solar con Extractos Botánicos / SPF 50+  x  x  peso  bodega " está sin configurar
06-04-2023 @ 17:33:16 - El producto "Protector Solar con Extractos Botánicos / SPF 50+  x  x  peso  bodega " está sin configurar
06-04-2023 @ 17:33:16 - El producto "Protector Solar con Extractos Botánicos / SPF 50+  x  x  peso  bodega " está sin configurar
06-04-2023 @ 17:33:16 - El producto "Protector Solar con Extractos Botánicos / SPF 50+  x  x  peso  bodega " está sin configurar
06-04-2023 @ 17:33:20 - El producto "Protector Solar con Extractos Botánicos / SPF 50+  x  x  peso  bodega " está sin configurar
06-04-2023 @ 17:33:20 - El producto "Protector Solar con Extractos Botánicos / SPF 50+  x  x  peso  bodega " está sin configurar
06-04-2023 @ 17:33:20 - El producto "Protector Solar con Extractos Botánicos / SPF 50+  x  x  peso  bodega " está sin configurar
06-04-2023 @ 17:33:25 - El producto "Protector Solar con Extractos Botánicos / SPF 50+  x  x  peso  bodega " está sin configurar
06-04-2023 @ 17:33:25 - El producto "Protector Solar con Extractos Botánicos / SPF 50+  x  x  peso  bodega " está sin configurar
06-04-2023 @ 17:33:25 - El producto "Protector Solar con Extractos Botánicos / SPF 50+  x  x  peso  bodega " está sin configurar
06-04-2023 @ 17:33:25 - El producto "Protector Solar con Extractos Botánicos / SPF 50+  x  x  peso  bodega " está sin configurar
06-04-2023 @ 17:33:25 - El producto "Protector Solar con Extractos Botánicos / SPF 50+  x  x  peso  bodega " está sin configurar
06-04-2023 @ 17:33:25 - El producto "Protector Solar con Extractos Botánicos / SPF 50+  x  x  peso  bodega " está sin configurar
06-04-2023 @ 17:33:37 - El producto "Protector Solar con Extractos Botánicos / SPF 50+  x  x  peso  bodega " está sin configurar
06-04-2023 @ 17:33:37 - El producto "Protector Solar con Extractos Botánicos / SPF 50+  x  x  peso  bodega " está sin configurar
06-04-2023 @ 17:33:37 - El producto "Protector Solar con Extractos Botánicos / SPF 50+  x  x  peso  bodega " está sin configurar
06-04-2023 @ 17:33:37 - El producto "Protector Solar con Extractos Botánicos / SPF 50+  x  x  peso  bodega " está sin configurar
06-04-2023 @ 17:33:52 - El producto "Protector Solar con Extractos Botánicos / SPF 50+  x  x  peso  bodega " está sin configurar
06-04-2023 @ 17:33:52 - El producto "Protector Solar con Extractos Botánicos / SPF 50+  x  x  peso  bodega " está sin configurar
06-04-2023 @ 17:34:08 - El producto "Protector Solar con Extractos Botánicos / SPF 50+  x  x  peso  bodega " está sin configurar
06-04-2023 @ 17:34:08 - El producto "Protector Solar con Extractos Botánicos / SPF 50+  x  x  peso  bodega " está sin configurar
06-04-2023 @ 17:34:08 - El producto "Protector Solar con Extractos Botánicos / SPF 50+  x  x  peso  bodega " está sin configurar
06-04-2023 @ 17:34:24 - El producto "Protector Solar con Extractos Botánicos / SPF 50+  x  x  peso  bodega " está sin configurar
06-04-2023 @ 17:34:24 - El producto "Protector Solar con Extractos Botánicos / SPF 50+  x  x  peso  bodega " está sin configurar
06-04-2023 @ 17:34:39 - El producto "Protector Solar con Extractos Botánicos / SPF 50+  x  x  peso  bodega " está sin configurar
06-04-2023 @ 17:34:39 - El producto "Protector Solar con Extractos Botánicos / SPF 50+  x  x  peso  bodega " está sin configurar
06-04-2023 @ 17:34:39 - El producto "Protector Solar con Extractos Botánicos / SPF 50+  x  x  peso  bodega " está sin configurar
06-04-2023 @ 17:35:17 - El producto "Protector Solar con Extractos Botánicos / SPF 50+  x  x  peso  bodega " está sin configurar
06-04-2023 @ 17:35:17 - El producto "Protector Solar con Extractos Botánicos / SPF 50+  x  x  peso  bodega " está sin configurar
06-04-2023 @ 17:35:21 - El producto "Protector Solar con Extractos Botánicos / SPF 50+  x  x  peso  bodega " está sin configurar
06-04-2023 @ 17:35:21 - El producto "Protector Solar con Extractos Botánicos / SPF 50+  x  x  peso  bodega " está sin configurar
06-04-2023 @ 17:35:26 - El producto "Protector Solar con Extractos Botánicos / SPF 50+  x  x  peso  bodega " está sin configurar
06-04-2023 @ 17:35:26 - El producto "Protector Solar con Extractos Botánicos / SPF 50+  x  x  peso  bodega " está sin configurar
06-04-2023 @ 17:35:26 - El producto "Protector Solar con Extractos Botánicos / SPF 50+  x  x  peso  bodega " está sin configurar
06-04-2023 @ 17:36:39 - El producto "Protector Solar con Extractos Botánicos / SPF 50+  x  x  peso  bodega " está sin configurar
06-04-2023 @ 17:36:39 - El producto "Protector Solar con Extractos Botánicos / SPF 50+  x  x  peso  bodega " está sin configurar
06-04-2023 @ 17:36:39 - El producto "Protector Solar con Extractos Botánicos / SPF 50+  x  x  peso  bodega " está sin configurar
06-04-2023 @ 17:37:18 - El producto "Protector Solar con Extractos Botánicos / SPF 50+  x  x  peso  bodega " está sin configurar
06-04-2023 @ 17:37:18 - El producto "Protector Solar con Extractos Botánicos / SPF 50+  x  x  peso  bodega " está sin configurar
06-04-2023 @ 17:37:18 - El producto "Protector Solar con Extractos Botánicos / SPF 50+  x  x  peso  bodega " está sin configurar
06-04-2023 @ 17:37:22 - El producto "Protector Solar con Extractos Botánicos / SPF 50+  x  x  peso  bodega " está sin configurar
06-04-2023 @ 17:37:22 - El producto "Protector Solar con Extractos Botánicos / SPF 50+  x  x  peso  bodega " está sin configurar
06-04-2023 @ 17:37:26 - El producto "Protector Solar con Extractos Botánicos / SPF 50+  x  x  peso  bodega " está sin configurar
06-04-2023 @ 17:37:26 - El producto "Protector Solar con Extractos Botánicos / SPF 50+  x  x  peso  bodega " está sin configurar
06-04-2023 @ 17:37:27 - El producto "Protector Solar con Extractos Botánicos / SPF 50+  x  x  peso  bodega " está sin configurar
06-04-2023 @ 17:37:27 - El producto "Protector Solar con Extractos Botánicos / SPF 50+  x  x  peso  bodega " está sin configurar
06-04-2023 @ 17:37:29 - El producto "Protector Solar con Extractos Botánicos / SPF 50+  x  x  peso  bodega " está sin configurar
06-04-2023 @ 17:37:29 - El producto "Protector Solar con Extractos Botánicos / SPF 50+  x  x  peso  bodega " está sin configurar
06-04-2023 @ 17:37:33 - El producto "Protector Solar con Extractos Botánicos / SPF 50+  x  x  peso  bodega " está sin configurar
06-04-2023 @ 17:37:33 - El producto "Protector Solar con Extractos Botánicos / SPF 50+  x  x  peso  bodega " está sin configurar
06-04-2023 @ 17:37:48 - El producto "Protector Solar con Extractos Botánicos / SPF 50+  x  x  peso  bodega " está sin configurar
06-04-2023 @ 17:37:48 - El producto "Protector Solar con Extractos Botánicos / SPF 50+  x  x  peso  bodega " está sin configurar
06-04-2023 @ 17:37:49 - El producto "Protector Solar con Extractos Botánicos / SPF 50+  x  x  peso  bodega " está sin configurar
06-04-2023 @ 17:37:49 - El producto "Protector Solar con Extractos Botánicos / SPF 50+  x  x  peso  bodega " está sin configurar
06-04-2023 @ 17:37:49 - El producto "Protector Solar con Extractos Botánicos / SPF 50+  x  x  peso  bodega " está sin configurar
06-04-2023 @ 17:37:49 - El producto "Protector Solar con Extractos Botánicos / SPF 50+  x  x  peso  bodega " está sin configurar
06-04-2023 @ 17:37:49 - El producto "Protector Solar con Extractos Botánicos / SPF 50+  x  x  peso  bodega " está sin configurar
06-04-2023 @ 17:37:49 - El producto "Protector Solar con Extractos Botánicos / SPF 50+  x  x  peso  bodega " está sin configurar
06-04-2023 @ 17:38:05 - El producto "Protector Solar con Extractos Botánicos / SPF 50+  x  x  peso  bodega " está sin configurar
06-04-2023 @ 17:38:05 - El producto "Protector Solar con Extractos Botánicos / SPF 50+  x  x  peso  bodega " está sin configurar
06-04-2023 @ 17:38:19 - El producto "Protector Solar con Extractos Botánicos / SPF 50+  x  x  peso  bodega " está sin configurar
06-04-2023 @ 17:38:19 - El producto "Protector Solar con Extractos Botánicos / SPF 50+  x  x  peso  bodega " está sin configurar
06-04-2023 @ 17:38:19 - El producto "Protector Solar con Extractos Botánicos / SPF 50+  x  x  peso  bodega " está sin configurar
06-04-2023 @ 17:38:34 - El producto "Protector Solar con Extractos Botánicos / SPF 50+  x  x  peso  bodega " está sin configurar
06-04-2023 @ 17:38:34 - El producto "Protector Solar con Extractos Botánicos / SPF 50+  x  x  peso  bodega " está sin configurar
06-04-2023 @ 17:38:50 - El producto "Protector Solar con Extractos Botánicos / SPF 50+  x  x  peso  bodega " está sin configurar
06-04-2023 @ 17:38:50 - El producto "Protector Solar con Extractos Botánicos / SPF 50+  x  x  peso  bodega " está sin configurar
06-04-2023 @ 17:39:04 - El producto "Protector Solar con Extractos Botánicos / SPF 50+  x  x  peso  bodega " está sin configurar
06-04-2023 @ 17:39:04 - El producto "Protector Solar con Extractos Botánicos / SPF 50+  x  x  peso  bodega " está sin configurar
06-04-2023 @ 17:39:04 - El producto "Protector Solar con Extractos Botánicos / SPF 50+  x  x  peso  bodega " está sin configurar
06-04-2023 @ 17:39:19 - El producto "Protector Solar con Extractos Botánicos / SPF 50+  x  x  peso  bodega " está sin configurar
06-04-2023 @ 17:39:19 - El producto "Protector Solar con Extractos Botánicos / SPF 50+  x  x  peso  bodega " está sin configurar
06-04-2023 @ 17:39:28 - El producto "Protector Solar con Extractos Botánicos / SPF 50+  x  x  peso  bodega " está sin configurar
06-04-2023 @ 17:39:28 - El producto "Protector Solar con Extractos Botánicos / SPF 50+  x  x  peso  bodega " está sin configurar
06-04-2023 @ 17:39:28 - El producto "Protector Solar con Extractos Botánicos / SPF 50+  x  x  peso  bodega " está sin configurar
06-04-2023 @ 17:39:35 - El producto "Protector Solar con Extractos Botánicos / SPF 50+  x  x  peso  bodega " está sin configurar
06-04-2023 @ 17:39:35 - El producto "Protector Solar con Extractos Botánicos / SPF 50+  x  x  peso  bodega " está sin configurar
06-04-2023 @ 17:39:49 - El producto "Protector Solar con Extractos Botánicos / SPF 50+  x  x  peso  bodega " está sin configurar
06-04-2023 @ 17:39:49 - El producto "Protector Solar con Extractos Botánicos / SPF 50+  x  x  peso  bodega " está sin configurar
06-04-2023 @ 17:39:49 - El producto "Protector Solar con Extractos Botánicos / SPF 50+  x  x  peso  bodega " está sin configurar
06-04-2023 @ 17:40:40 - El producto "Protector Solar con Extractos Botánicos / SPF 50+  x  x  peso  bodega " está sin configurar
06-04-2023 @ 17:40:40 - El producto "Protector Solar con Extractos Botánicos / SPF 50+  x  x  peso  bodega " está sin configurar
06-04-2023 @ 17:40:40 - El producto "Protector Solar con Extractos Botánicos / SPF 50+  x  x  peso  bodega " está sin configurar
06-04-2023 @ 17:40:42 - El producto "Protector Solar con Extractos Botánicos / SPF 50+  x  x  peso  bodega " está sin configurar
06-04-2023 @ 17:40:42 - El producto "Protector Solar con Extractos Botánicos / SPF 50+  x  x  peso  bodega " está sin configurar
06-04-2023 @ 17:40:42 - El producto "Protector Solar con Extractos Botánicos / SPF 50+  x  x  peso  bodega " está sin configurar
06-04-2023 @ 17:40:42 - El producto "Protector Solar con Extractos Botánicos / SPF 50+  x  x  peso  bodega " está sin configurar
06-04-2023 @ 17:40:42 - El producto "Protector Solar con Extractos Botánicos / SPF 50+  x  x  peso  bodega " está sin configurar
06-04-2023 @ 17:40:42 - El producto "Protector Solar con Extractos Botánicos / SPF 50+  x  x  peso  bodega " está sin configurar
06-04-2023 @ 17:40:52 - El producto "Protector Solar con Extractos Botánicos / SPF 50+  x  x  peso  bodega " está sin configurar
06-04-2023 @ 17:40:52 - El producto "Protector Solar con Extractos Botánicos / SPF 50+  x  x  peso  bodega " está sin configurar
06-04-2023 @ 17:40:52 - El producto "Protector Solar con Extractos Botánicos / SPF 50+  x  x  peso  bodega " está sin configurar
06-04-2023 @ 17:40:56 - El producto "Protector Solar con Extractos Botánicos / SPF 50+  x  x  peso  bodega " está sin configurar
06-04-2023 @ 17:40:56 - El producto "Protector Solar con Extractos Botánicos / SPF 50+  x  x  peso  bodega " está sin configurar
06-04-2023 @ 17:40:56 - El producto "Protector Solar con Extractos Botánicos / SPF 50+  x  x  peso  bodega " está sin configurar
06-04-2023 @ 17:40:58 - El producto "Protector Solar con Extractos Botánicos / SPF 50+  x  x  peso  bodega " está sin configurar
06-04-2023 @ 17:40:58 - El producto "Protector Solar con Extractos Botánicos / SPF 50+  x  x  peso  bodega " está sin configurar
06-04-2023 @ 17:41:01 - El producto "Protector Solar con Extractos Botánicos / SPF 50+  x  x  peso  bodega " está sin configurar
06-04-2023 @ 17:41:01 - El producto "Protector Solar con Extractos Botánicos / SPF 50+  x  x  peso  bodega " está sin configurar
06-04-2023 @ 17:41:01 - El producto "Protector Solar con Extractos Botánicos / SPF 50+  x  x  peso  bodega " está sin configurar
06-04-2023 @ 17:41:05 - El producto "Protector Solar con Extractos Botánicos / SPF 50+  x  x  peso  bodega " está sin configurar
06-04-2023 @ 17:41:05 - El producto "Protector Solar con Extractos Botánicos / SPF 50+  x  x  peso  bodega " está sin configurar
06-04-2023 @ 17:41:05 - El producto "Protector Solar con Extractos Botánicos / SPF 50+  x  x  peso  bodega " está sin configurar
06-04-2023 @ 17:41:08 - El producto "Protector Solar con Extractos Botánicos / SPF 50+  x  x  peso  bodega " está sin configurar
06-04-2023 @ 17:41:08 - El producto "Protector Solar con Extractos Botánicos / SPF 50+  x  x  peso  bodega " está sin configurar
06-04-2023 @ 17:41:08 - El producto "Protector Solar con Extractos Botánicos / SPF 50+  x  x  peso  bodega " está sin configurar
06-04-2023 @ 17:41:09 - El producto "Protector Solar con Extractos Botánicos / SPF 50+  x  x  peso  bodega " está sin configurar
06-04-2023 @ 17:41:09 - El producto "Protector Solar con Extractos Botánicos / SPF 50+  x  x  peso  bodega " está sin configurar
06-04-2023 @ 17:41:09 - El producto "Protector Solar con Extractos Botánicos / SPF 50+  x  x  peso  bodega " está sin configurar
06-04-2023 @ 17:41:10 - El producto "Protector Solar con Extractos Botánicos / SPF 50+  x  x  peso  bodega " está sin configurar
06-04-2023 @ 17:41:10 - El producto "Protector Solar con Extractos Botánicos / SPF 50+  x  x  peso  bodega " está sin configurar
06-04-2023 @ 17:41:10 - El producto "Protector Solar con Extractos Botánicos / SPF 50+  x  x  peso  bodega " está sin configurar
06-04-2023 @ 17:41:12 - El producto "Protector Solar con Extractos Botánicos / SPF 50+  x  x  peso  bodega " está sin configurar
06-04-2023 @ 17:41:12 - El producto "Protector Solar con Extractos Botánicos / SPF 50+  x  x  peso  bodega " está sin configurar
06-04-2023 @ 17:41:12 - El producto "Protector Solar con Extractos Botánicos / SPF 50+  x  x  peso  bodega " está sin configurar
06-04-2023 @ 17:41:22 - El producto "Protector Solar con Extractos Botánicos / SPF 50+  x  x  peso  bodega " está sin configurar
06-04-2023 @ 17:41:22 - El producto "Protector Solar con Extractos Botánicos / SPF 50+  x  x  peso  bodega " está sin configurar
06-04-2023 @ 17:41:22 - El producto "Protector Solar con Extractos Botánicos / SPF 50+  x  x  peso  bodega " está sin configurar
06-04-2023 @ 17:41:38 - El producto "Protector Solar con Extractos Botánicos / SPF 50+  x  x  peso  bodega " está sin configurar
06-04-2023 @ 17:41:38 - El producto "Protector Solar con Extractos Botánicos / SPF 50+  x  x  peso  bodega " está sin configurar
06-04-2023 @ 17:41:59 - El producto "Protector Solar con Extractos Botánicos / SPF 50+  x  x  peso  bodega " está sin configurar
06-04-2023 @ 17:41:59 - El producto "Protector Solar con Extractos Botánicos / SPF 50+  x  x  peso  bodega " está sin configurar
06-04-2023 @ 17:42:14 - El producto "Protector Solar con Extractos Botánicos / SPF 50+  x  x  peso  bodega " está sin configurar
06-04-2023 @ 17:42:14 - El producto "Protector Solar con Extractos Botánicos / SPF 50+  x  x  peso  bodega " está sin configurar
06-04-2023 @ 17:42:14 - El producto "Protector Solar con Extractos Botánicos / SPF 50+  x  x  peso  bodega " está sin configurar
06-04-2023 @ 17:42:29 - El producto "Protector Solar con Extractos Botánicos / SPF 50+  x  x  peso  bodega " está sin configurar
06-04-2023 @ 17:42:29 - El producto "Protector Solar con Extractos Botánicos / SPF 50+  x  x  peso  bodega " está sin configurar
06-04-2023 @ 17:42:58 - El producto "Protector Solar con Extractos Botánicos / SPF 50+  x  x  peso  bodega " está sin configurar
06-04-2023 @ 17:42:58 - El producto "Protector Solar con Extractos Botánicos / SPF 50+  x  x  peso  bodega " está sin configurar
06-04-2023 @ 17:43:02 - El producto "Protector Solar con Extractos Botánicos / SPF 50+  x  x  peso  bodega " está sin configurar
06-04-2023 @ 17:43:02 - El producto "Protector Solar con Extractos Botánicos / SPF 50+  x  x  peso  bodega " está sin configurar
06-04-2023 @ 17:43:02 - El producto "Protector Solar con Extractos Botánicos / SPF 50+  x  x  peso  bodega " está sin configurar
06-04-2023 @ 17:43:05 - El producto "Protector Solar con Extractos Botánicos / SPF 50+  x  x  peso  bodega " está sin configurar
06-04-2023 @ 17:43:05 - El producto "Protector Solar con Extractos Botánicos / SPF 50+  x  x  peso  bodega " está sin configurar
06-04-2023 @ 17:43:08 - El producto "Protector Solar con Extractos Botánicos / SPF 50+  x  x  peso  bodega " está sin configurar
06-04-2023 @ 17:43:08 - El producto "Protector Solar con Extractos Botánicos / SPF 50+  x  x  peso  bodega " está sin configurar
06-04-2023 @ 17:43:10 - El producto "Protector Solar con Extractos Botánicos / SPF 50+  x  x  peso  bodega " está sin configurar
06-04-2023 @ 17:43:10 - El producto "Protector Solar con Extractos Botánicos / SPF 50+  x  x  peso  bodega " está sin configurar
06-04-2023 @ 17:43:13 - El producto "Protector Solar con Extractos Botánicos / SPF 50+  x  x  peso  bodega " está sin configurar
06-04-2023 @ 17:43:13 - El producto "Protector Solar con Extractos Botánicos / SPF 50+  x  x  peso  bodega " está sin configurar
06-04-2023 @ 17:43:37 - El producto "Protector Solar con Extractos Botánicos / SPF 50+  x  x  peso  bodega " está sin configurar
06-04-2023 @ 17:43:37 - El producto "Protector Solar con Extractos Botánicos / SPF 50+  x  x  peso  bodega " está sin configurar
06-04-2023 @ 17:43:37 - El producto "Protector Solar con Extractos Botánicos / SPF 50+  x  x  peso  bodega " está sin configurar
06-04-2023 @ 17:43:39 - El producto "Protector Solar con Extractos Botánicos / SPF 50+  x  x  peso  bodega " está sin configurar
06-04-2023 @ 17:43:39 - El producto "Protector Solar con Extractos Botánicos / SPF 50+  x  x  peso  bodega " está sin configurar
06-04-2023 @ 17:43:39 - El producto "Protector Solar con Extractos Botánicos / SPF 50+  x  x  peso  bodega " está sin configurar
06-04-2023 @ 17:43:39 - El producto "Protector Solar con Extractos Botánicos / SPF 50+  x  x  peso  bodega " está sin configurar
06-04-2023 @ 17:43:39 - El producto "Protector Solar con Extractos Botánicos / SPF 50+  x  x  peso  bodega " está sin configurar
06-04-2023 @ 17:43:39 - El producto "Protector Solar con Extractos Botánicos / SPF 50+  x  x  peso  bodega " está sin configurar
06-04-2023 @ 17:43:54 - El producto "Protector Solar con Extractos Botánicos / SPF 50+  x  x  peso  bodega " está sin configurar
06-04-2023 @ 17:43:54 - El producto "Protector Solar con Extractos Botánicos / SPF 50+  x  x  peso  bodega " está sin configurar
06-04-2023 @ 17:43:54 - El producto "Protector Solar con Extractos Botánicos / SPF 50+  x  x  peso  bodega " está sin configurar
06-04-2023 @ 17:43:57 - El producto "Protector Solar con Extractos Botánicos / SPF 50+  x  x  peso  bodega " está sin configurar
06-04-2023 @ 17:43:57 - El producto "Protector Solar con Extractos Botánicos / SPF 50+  x  x  peso  bodega " está sin configurar
06-04-2023 @ 17:43:57 - El producto "Protector Solar con Extractos Botánicos / SPF 50+  x  x  peso  bodega " está sin configurar
06-04-2023 @ 17:43:57 - El producto "Protector Solar con Extractos Botánicos / SPF 50+  x  x  peso  bodega " está sin configurar
06-04-2023 @ 17:43:57 - El producto "Protector Solar con Extractos Botánicos / SPF 50+  x  x  peso  bodega " está sin configurar
06-04-2023 @ 17:43:57 - El producto "Protector Solar con Extractos Botánicos / SPF 50+  x  x  peso  bodega " está sin configurar
06-04-2023 @ 17:44:12 - El producto "Protector Solar con Extractos Botánicos / SPF 50+  x  x  peso  bodega " está sin configurar
06-04-2023 @ 17:44:12 - El producto "Protector Solar con Extractos Botánicos / SPF 50+  x  x  peso  bodega " está sin configurar
06-04-2023 @ 17:44:12 - El producto "Protector Solar con Extractos Botánicos / SPF 50+  x  x  peso  bodega " está sin configurar
06-04-2023 @ 17:44:20 - El producto "Protector Solar con Extractos Botánicos / SPF 50+  x  x  peso  bodega " está sin configurar
06-04-2023 @ 17:44:20 - El producto "Protector Solar con Extractos Botánicos / SPF 50+  x  x  peso  bodega " está sin configurar
06-04-2023 @ 17:44:20 - El producto "Protector Solar con Extractos Botánicos / SPF 50+  x  x  peso  bodega " está sin configurar
06-04-2023 @ 17:44:20 - El producto "Protector Solar con Extractos Botánicos / SPF 50+  x  x  peso  bodega " está sin configurar
06-04-2023 @ 17:44:20 - El producto "Protector Solar con Extractos Botánicos / SPF 50+  x  x  peso  bodega " está sin configurar
06-04-2023 @ 17:44:20 - El producto "Protector Solar con Extractos Botánicos / SPF 50+  x  x  peso  bodega " está sin configurar
06-04-2023 @ 17:44:36 - El producto "Protector Solar con Extractos Botánicos / SPF 50+  x  x  peso  bodega " está sin configurar
06-04-2023 @ 17:44:36 - El producto "Protector Solar con Extractos Botánicos / SPF 50+  x  x  peso  bodega " está sin configurar
06-04-2023 @ 17:44:41 - El producto "Protector Solar con Extractos Botánicos / SPF 50+  x  x  peso  bodega " está sin configurar
06-04-2023 @ 17:44:41 - El producto "Protector Solar con Extractos Botánicos / SPF 50+  x  x  peso  bodega " está sin configurar
06-04-2023 @ 17:44:41 - El producto "Protector Solar con Extractos Botánicos / SPF 50+  x  x  peso  bodega " está sin configurar
06-04-2023 @ 17:44:41 - El producto "Protector Solar con Extractos Botánicos / SPF 50+  x  x  peso  bodega " está sin configurar
06-04-2023 @ 17:44:41 - El producto "Protector Solar con Extractos Botánicos / SPF 50+  x  x  peso  bodega " está sin configurar
06-04-2023 @ 17:44:41 - El producto "Protector Solar con Extractos Botánicos / SPF 50+  x  x  peso  bodega " está sin configurar
06-04-2023 @ 17:44:57 - El producto "Protector Solar con Extractos Botánicos / SPF 50+  x  x  peso  bodega " está sin configurar
06-04-2023 @ 17:44:57 - El producto "Protector Solar con Extractos Botánicos / SPF 50+  x  x  peso  bodega " está sin configurar
06-04-2023 @ 17:45:11 - El producto "Protector Solar con Extractos Botánicos / SPF 50+  x  x  peso  bodega " está sin configurar
06-04-2023 @ 17:45:11 - El producto "Protector Solar con Extractos Botánicos / SPF 50+  x  x  peso  bodega " está sin configurar
06-04-2023 @ 17:45:11 - El producto "Protector Solar con Extractos Botánicos / SPF 50+  x  x  peso  bodega " está sin configurar
06-04-2023 @ 17:45:14 - El producto "Protector Solar con Extractos Botánicos / SPF 50+  x  x  peso  bodega " está sin configurar
06-04-2023 @ 17:45:14 - El producto "Protector Solar con Extractos Botánicos / SPF 50+  x  x  peso  bodega " está sin configurar
06-04-2023 @ 17:45:21 - El producto "Protector Solar con Extractos Botánicos / SPF 50+  x  x  peso  bodega " está sin configurar
06-04-2023 @ 17:45:21 - El producto "Protector Solar con Extractos Botánicos / SPF 50+  x  x  peso  bodega " está sin configurar
06-04-2023 @ 17:45:36 - El producto "Protector Solar con Extractos Botánicos / SPF 50+  x  x  peso  bodega " está sin configurar
06-04-2023 @ 17:45:36 - El producto "Protector Solar con Extractos Botánicos / SPF 50+  x  x  peso  bodega " está sin configurar
06-04-2023 @ 17:45:51 - El producto "Protector Solar con Extractos Botánicos / SPF 50+  x  x  peso  bodega " está sin configurar
06-04-2023 @ 17:45:51 - El producto "Protector Solar con Extractos Botánicos / SPF 50+  x  x  peso  bodega " está sin configurar
06-04-2023 @ 17:45:51 - El producto "Protector Solar con Extractos Botánicos / SPF 50+  x  x  peso  bodega " está sin configurar
06-04-2023 @ 17:46:41 - El producto "Protector Solar con Extractos Botánicos / SPF 50+  x  x  peso  bodega " está sin configurar
06-04-2023 @ 17:46:41 - El producto "Protector Solar con Extractos Botánicos / SPF 50+  x  x  peso  bodega " está sin configurar
06-04-2023 @ 17:46:41 - El producto "Protector Solar con Extractos Botánicos / SPF 50+  x  x  peso  bodega " está sin configurar
06-04-2023 @ 17:46:56 - El producto "Protector Solar con Extractos Botánicos / SPF 50+  x  x  peso  bodega " está sin configurar
06-04-2023 @ 17:46:56 - El producto "Protector Solar con Extractos Botánicos / SPF 50+  x  x  peso  bodega " está sin configurar
06-04-2023 @ 17:46:56 - El producto "Protector Solar con Extractos Botánicos / SPF 50+  x  x  peso  bodega " está sin configurar
06-04-2023 @ 17:47:04 - El producto "Protector Solar con Extractos Botánicos / SPF 50+  x  x  peso  bodega " está sin configurar
06-04-2023 @ 17:47:04 - El producto "Protector Solar con Extractos Botánicos / SPF 50+  x  x  peso  bodega " está sin configurar
06-04-2023 @ 17:47:04 - El producto "Protector Solar con Extractos Botánicos / SPF 50+  x  x  peso  bodega " está sin configurar
06-04-2023 @ 17:47:04 - El producto "Protector Solar con Extractos Botánicos / SPF 50+  x  x  peso  bodega " está sin configurar
06-04-2023 @ 17:47:15 - El producto "Protector Solar con Extractos Botánicos / SPF 50+  x  x  peso  bodega " está sin configurar
06-04-2023 @ 17:47:15 - El producto "Protector Solar con Extractos Botánicos / SPF 50+  x  x  peso  bodega " está sin configurar
06-04-2023 @ 17:47:19 - El producto "Protector Solar con Extractos Botánicos / SPF 50+  x  x  peso  bodega " está sin configurar
06-04-2023 @ 17:47:19 - El producto "Protector Solar con Extractos Botánicos / SPF 50+  x  x  peso  bodega " está sin configurar
06-04-2023 @ 17:47:34 - El producto "Protector Solar con Extractos Botánicos / SPF 50+  x  x  peso  bodega " está sin configurar
06-04-2023 @ 17:47:34 - El producto "Protector Solar con Extractos Botánicos / SPF 50+  x  x  peso  bodega " está sin configurar
06-04-2023 @ 17:47:48 - El producto "Protector Solar con Extractos Botánicos / SPF 50+  x  x  peso  bodega " está sin configurar
06-04-2023 @ 17:47:48 - El producto "Protector Solar con Extractos Botánicos / SPF 50+  x  x  peso  bodega " está sin configurar
06-04-2023 @ 17:48:04 - El producto "Protector Solar con Extractos Botánicos / SPF 50+  x  x  peso  bodega " está sin configurar
06-04-2023 @ 17:48:04 - El producto "Protector Solar con Extractos Botánicos / SPF 50+  x  x  peso  bodega " está sin configurar
06-04-2023 @ 17:48:04 - El producto "Protector Solar con Extractos Botánicos / SPF 50+  x  x  peso  bodega " está sin configurar
06-04-2023 @ 17:48:19 - El producto "Protector Solar con Extractos Botánicos / SPF 50+  x  x  peso  bodega " está sin configurar
06-04-2023 @ 17:48:19 - El producto "Protector Solar con Extractos Botánicos / SPF 50+  x  x  peso  bodega " está sin configurar
06-04-2023 @ 17:48:19 - El producto "Protector Solar con Extractos Botánicos / SPF 50+  x  x  peso  bodega " está sin configurar
06-04-2023 @ 17:48:34 - El producto "Protector Solar con Extractos Botánicos / SPF 50+  x  x  peso  bodega " está sin configurar
06-04-2023 @ 17:48:34 - El producto "Protector Solar con Extractos Botánicos / SPF 50+  x  x  peso  bodega " está sin configurar
06-04-2023 @ 17:48:49 - El producto "Protector Solar con Extractos Botánicos / SPF 50+  x  x  peso  bodega " está sin configurar
06-04-2023 @ 17:48:49 - El producto "Protector Solar con Extractos Botánicos / SPF 50+  x  x  peso  bodega " está sin configurar
06-04-2023 @ 17:49:16 - El producto "Protector Solar con Extractos Botánicos / SPF 50+  x  x  peso  bodega " está sin configurar
06-04-2023 @ 17:49:16 - El producto "Protector Solar con Extractos Botánicos / SPF 50+  x  x  peso  bodega " está sin configurar
06-04-2023 @ 17:49:16 - El producto "Protector Solar con Extractos Botánicos / SPF 50+  x  x  peso  bodega " está sin configurar
06-04-2023 @ 17:49:55 - El producto "Protector Solar con Extractos Botánicos / SPF 50+  x  x  peso  bodega " está sin configurar
06-04-2023 @ 17:49:55 - El producto "Protector Solar con Extractos Botánicos / SPF 50+  x  x  peso  bodega " está sin configurar
06-04-2023 @ 17:50:11 - El producto "Protector Solar con Extractos Botánicos / SPF 50+  x  x  peso  bodega " está sin configurar
06-04-2023 @ 17:50:11 - El producto "Protector Solar con Extractos Botánicos / SPF 50+  x  x  peso  bodega " está sin configurar
06-04-2023 @ 17:50:11 - El producto "Protector Solar con Extractos Botánicos / SPF 50+  x  x  peso  bodega " está sin configurar
06-04-2023 @ 17:50:21 - El producto "Protector Solar con Extractos Botánicos / SPF 50+  x  x  peso  bodega " está sin configurar
06-04-2023 @ 17:50:21 - El producto "Protector Solar con Extractos Botánicos / SPF 50+  x  x  peso  bodega " está sin configurar
06-04-2023 @ 17:50:21 - El producto "Protector Solar con Extractos Botánicos / SPF 50+  x  x  peso  bodega " está sin configurar
06-04-2023 @ 17:50:33 - El producto "Protector Solar con Extractos Botánicos / SPF 50+  x  x  peso  bodega " está sin configurar
06-04-2023 @ 17:50:33 - El producto "Protector Solar con Extractos Botánicos / SPF 50+  x  x  peso  bodega " está sin configurar
06-04-2023 @ 17:50:33 - El producto "Protector Solar con Extractos Botánicos / SPF 50+  x  x  peso  bodega " está sin configurar
06-04-2023 @ 17:50:48 - El producto "Protector Solar con Extractos Botánicos / SPF 50+  x  x  peso  bodega " está sin configurar
06-04-2023 @ 17:50:48 - El producto "Protector Solar con Extractos Botánicos / SPF 50+  x  x  peso  bodega " está sin configurar
06-04-2023 @ 17:50:48 - El producto "Protector Solar con Extractos Botánicos / SPF 50+  x  x  peso  bodega " está sin configurar
06-04-2023 @ 17:50:51 - El producto "Protector Solar con Extractos Botánicos / SPF 50+  x  x  peso  bodega " está sin configurar
06-04-2023 @ 17:50:51 - El producto "Protector Solar con Extractos Botánicos / SPF 50+  x  x  peso  bodega " está sin configurar
06-04-2023 @ 17:50:51 - El producto "Protector Solar con Extractos Botánicos / SPF 50+  x  x  peso  bodega " está sin configurar
06-04-2023 @ 17:51:04 - El producto "Protector Solar con Extractos Botánicos / SPF 50+  x  x  peso  bodega " está sin configurar
06-04-2023 @ 17:51:04 - El producto "Protector Solar con Extractos Botánicos / SPF 50+  x  x  peso  bodega " está sin configurar
06-04-2023 @ 17:51:04 - El producto "Protector Solar con Extractos Botánicos / SPF 50+  x  x  peso  bodega " está sin configurar
06-04-2023 @ 17:51:06 - El producto "Protector Solar con Extractos Botánicos / SPF 50+  x  x  peso  bodega " está sin configurar
06-04-2023 @ 17:51:06 - El producto "Protector Solar con Extractos Botánicos / SPF 50+  x  x  peso  bodega " está sin configurar
06-04-2023 @ 17:51:06 - El producto "Protector Solar con Extractos Botánicos / SPF 50+  x  x  peso  bodega " está sin configurar
06-04-2023 @ 17:51:19 - El producto "Protector Solar con Extractos Botánicos / SPF 50+  x  x  peso  bodega " está sin configurar
06-04-2023 @ 17:51:19 - El producto "Protector Solar con Extractos Botánicos / SPF 50+  x  x  peso  bodega " está sin configurar
06-04-2023 @ 17:51:24 - El producto "Protector Solar con Extractos Botánicos / SPF 50+  x  x  peso  bodega " está sin configurar
06-04-2023 @ 17:51:24 - El producto "Protector Solar con Extractos Botánicos / SPF 50+  x  x  peso  bodega " está sin configurar
06-04-2023 @ 17:51:31 - El producto "Protector Solar con Extractos Botánicos / SPF 50+  x  x  peso  bodega " está sin configurar
06-04-2023 @ 17:51:31 - El producto "Protector Solar con Extractos Botánicos / SPF 50+  x  x  peso  bodega " está sin configurar
06-04-2023 @ 17:51:31 - El producto "Protector Solar con Extractos Botánicos / SPF 50+  x  x  peso  bodega " está sin configurar
06-04-2023 @ 17:51:32 - El producto "Protector Solar con Extractos Botánicos / SPF 50+  x  x  peso  bodega " está sin configurar
06-04-2023 @ 17:51:32 - El producto "Protector Solar con Extractos Botánicos / SPF 50+  x  x  peso  bodega " está sin configurar
06-04-2023 @ 17:51:34 - El producto "Protector Solar con Extractos Botánicos / SPF 50+  x  x  peso  bodega " está sin configurar
06-04-2023 @ 17:51:34 - El producto "Protector Solar con Extractos Botánicos / SPF 50+  x  x  peso  bodega " está sin configurar
06-04-2023 @ 17:51:34 - El producto "Protector Solar con Extractos Botánicos / SPF 50+  x  x  peso  bodega " está sin configurar
06-04-2023 @ 17:51:42 - El producto "Protector Solar con Extractos Botánicos / SPF 50+  x  x  peso  bodega " está sin configurar
06-04-2023 @ 17:51:42 - El producto "Protector Solar con Extractos Botánicos / SPF 50+  x  x  peso  bodega " está sin configurar
06-04-2023 @ 17:51:42 - El producto "Protector Solar con Extractos Botánicos / SPF 50+  x  x  peso  bodega " está sin configurar
06-04-2023 @ 17:51:47 - El producto "Protector Solar con Extractos Botánicos / SPF 50+  x  x  peso  bodega " está sin configurar
06-04-2023 @ 17:51:47 - El producto "Protector Solar con Extractos Botánicos / SPF 50+  x  x  peso  bodega " está sin configurar
06-04-2023 @ 17:51:47 - El producto "Protector Solar con Extractos Botánicos / SPF 50+  x  x  peso  bodega " está sin configurar
06-04-2023 @ 17:51:47 - El producto "Protector Solar con Extractos Botánicos / SPF 50+  x  x  peso  bodega " está sin configurar
06-04-2023 @ 17:51:47 - El producto "Protector Solar con Extractos Botánicos / SPF 50+  x  x  peso  bodega " está sin configurar
06-04-2023 @ 17:51:47 - El producto "Protector Solar con Extractos Botánicos / SPF 50+  x  x  peso  bodega " está sin configurar
06-04-2023 @ 17:51:48 - El producto "Protector Solar con Extractos Botánicos / SPF 50+  x  x  peso  bodega " está sin configurar
06-04-2023 @ 17:51:48 - El producto "Protector Solar con Extractos Botánicos / SPF 50+  x  x  peso  bodega " está sin configurar
06-04-2023 @ 17:51:48 - El producto "Protector Solar con Extractos Botánicos / SPF 50+  x  x  peso  bodega " está sin configurar
06-04-2023 @ 17:51:52 - El producto "Protector Solar con Extractos Botánicos / SPF 50+  x  x  peso  bodega " está sin configurar
06-04-2023 @ 17:51:52 - El producto "Protector Solar con Extractos Botánicos / SPF 50+  x  x  peso  bodega " está sin configurar
06-04-2023 @ 17:51:52 - El producto "Protector Solar con Extractos Botánicos / SPF 50+  x  x  peso  bodega " está sin configurar
06-04-2023 @ 17:51:54 - El producto "Protector Solar con Extractos Botánicos / SPF 50+  x  x  peso  bodega " está sin configurar
06-04-2023 @ 17:51:54 - El producto "Protector Solar con Extractos Botánicos / SPF 50+  x  x  peso  bodega " está sin configurar
