07-19-2023 @ 20:19:13 - El producto "Desodorante Natural Dama 60ML 50 x  x 1 peso 0.068 bodega " está sin configurar
07-19-2023 @ 20:19:13 - El producto "Desodorante Natural Dama 60ML 50 x  x 1 peso 0.068 bodega " está sin configurar
07-19-2023 @ 20:19:13 - El producto "Desodorante Natural Dama 60ML 50 x  x 1 peso 0.068 bodega " está sin configurar
07-19-2023 @ 20:19:13 - El producto "Desodorante Natural Dama 60ML 50 x  x 1 peso 0.068 bodega " está sin configurar
07-19-2023 @ 20:19:13 - El producto "Desodorante Natural Dama 60ML 50 x  x 1 peso 0.068 bodega " está sin configurar
07-19-2023 @ 20:19:13 - El producto "Desodorante Natural Dama 60ML 50 x  x 1 peso 0.068 bodega " está sin configurar
07-19-2023 @ 20:19:19 - El producto "Desodorante Natural Dama 60ML 50 x  x 1 peso 0.068 bodega " está sin configurar
07-19-2023 @ 20:19:19 - El producto "Desodorante Natural Dama 60ML 50 x  x 1 peso 0.068 bodega " está sin configurar
07-19-2023 @ 20:19:19 - El producto "Desodorante Natural Dama 60ML 50 x  x 1 peso 0.068 bodega " está sin configurar
07-19-2023 @ 20:19:19 - El producto "Desodorante Natural Dama 60ML 50 x  x 1 peso 0.068 bodega " está sin configurar
07-19-2023 @ 20:19:19 - El producto "Desodorante Natural Dama 60ML 50 x  x 1 peso 0.068 bodega " está sin configurar
07-19-2023 @ 20:19:35 - El producto "Desodorante Natural Dama 60ML 50 x  x 1 peso 0.068 bodega " está sin configurar
07-19-2023 @ 20:19:35 - El producto "Desodorante Natural Dama 60ML 50 x  x 1 peso 0.068 bodega " está sin configurar
07-19-2023 @ 20:19:35 - El producto "Desodorante Natural Dama 60ML 50 x  x 1 peso 0.068 bodega " está sin configurar
07-19-2023 @ 20:19:35 - El producto "Desodorante Natural Dama 60ML 50 x  x 1 peso 0.068 bodega " está sin configurar
07-19-2023 @ 20:19:35 - El producto "Desodorante Natural Dama 60ML 50 x  x 1 peso 0.068 bodega " está sin configurar
07-19-2023 @ 20:19:35 - El producto "Desodorante Natural Dama 60ML 50 x  x 1 peso 0.068 bodega " está sin configurar
07-19-2023 @ 20:19:35 - El producto "Desodorante Natural Dama 60ML 50 x  x 1 peso 0.068 bodega " está sin configurar
07-19-2023 @ 20:19:35 - El producto "Desodorante Natural Dama 60ML 50 x  x 1 peso 0.068 bodega " está sin configurar
07-19-2023 @ 20:19:35 - El producto "Desodorante Natural Dama 60ML 50 x  x 1 peso 0.068 bodega " está sin configurar
07-19-2023 @ 20:19:35 - El producto "Desodorante Natural Dama 60ML 50 x  x 1 peso 0.068 bodega " está sin configurar
07-19-2023 @ 20:19:35 - El producto "Desodorante Natural Dama 60ML 50 x  x 1 peso 0.068 bodega " está sin configurar
07-19-2023 @ 20:19:36 - El producto "Desodorante Natural Dama 60ML 50 x  x 1 peso 0.068 bodega " está sin configurar
07-19-2023 @ 20:19:36 - El producto "Desodorante Natural Dama 60ML 50 x  x 1 peso 0.068 bodega " está sin configurar
07-19-2023 @ 20:19:36 - El producto "Desodorante Natural Dama 60ML 50 x  x 1 peso 0.068 bodega " está sin configurar
07-19-2023 @ 20:19:36 - El producto "Desodorante Natural Dama 60ML 50 x  x 1 peso 0.068 bodega " está sin configurar
07-19-2023 @ 20:19:36 - El producto "Desodorante Natural Dama 60ML 50 x  x 1 peso 0.068 bodega " está sin configurar
07-19-2023 @ 20:19:36 - El producto "Desodorante Natural Dama 60ML 50 x  x 1 peso 0.068 bodega " está sin configurar
07-19-2023 @ 20:19:36 - El producto "Desodorante Natural Dama 60ML 50 x  x 1 peso 0.068 bodega " está sin configurar
07-19-2023 @ 20:19:36 - El producto "Desodorante Natural Dama 60ML 50 x  x 1 peso 0.068 bodega " está sin configurar
07-19-2023 @ 20:19:36 - El producto "Desodorante Natural Dama 60ML 50 x  x 1 peso 0.068 bodega " está sin configurar
07-19-2023 @ 20:19:38 - El producto "Desodorante Natural Dama 60ML 50 x  x 1 peso 0.068 bodega " está sin configurar
07-19-2023 @ 20:19:38 - El producto "Desodorante Natural Dama 60ML 50 x  x 1 peso 0.068 bodega " está sin configurar
07-19-2023 @ 20:19:38 - El producto "Desodorante Natural Dama 60ML 50 x  x 1 peso 0.068 bodega " está sin configurar
07-19-2023 @ 20:19:38 - El producto "Desodorante Natural Dama 60ML 50 x  x 1 peso 0.068 bodega " está sin configurar
07-19-2023 @ 20:19:38 - El producto "Desodorante Natural Dama 60ML 50 x  x 1 peso 0.068 bodega " está sin configurar
07-19-2023 @ 20:19:41 - El producto "Desodorante Natural Dama 60ML 50 x  x 1 peso 0.068 bodega " está sin configurar
07-19-2023 @ 20:19:41 - El producto "Desodorante Natural Dama 60ML 50 x  x 1 peso 0.068 bodega " está sin configurar
07-19-2023 @ 20:19:41 - El producto "Desodorante Natural Dama 60ML 50 x  x 1 peso 0.068 bodega " está sin configurar
07-19-2023 @ 20:19:41 - El producto "Desodorante Natural Dama 60ML 50 x  x 1 peso 0.068 bodega " está sin configurar
07-19-2023 @ 20:19:41 - El producto "Desodorante Natural Dama 60ML 50 x  x 1 peso 0.068 bodega " está sin configurar
07-19-2023 @ 20:19:41 - El producto "Desodorante Natural Dama 60ML 50 x  x 1 peso 0.068 bodega " está sin configurar
07-19-2023 @ 20:19:41 - El producto "Desodorante Natural Dama 60ML 50 x  x 1 peso 0.068 bodega " está sin configurar
07-19-2023 @ 20:19:41 - El producto "Desodorante Natural Dama 60ML 50 x  x 1 peso 0.068 bodega " está sin configurar
07-19-2023 @ 20:19:41 - El producto "Desodorante Natural Dama 60ML 50 x  x 1 peso 0.068 bodega " está sin configurar
07-19-2023 @ 20:19:41 - El producto "Desodorante Natural Dama 60ML 50 x  x 1 peso 0.068 bodega " está sin configurar
07-19-2023 @ 20:19:41 - El producto "Desodorante Natural Dama 60ML 50 x  x 1 peso 0.068 bodega " está sin configurar
07-19-2023 @ 20:19:41 - El producto "Desodorante Natural Dama 60ML 50 x  x 1 peso 0.068 bodega " está sin configurar
07-19-2023 @ 20:19:41 - El producto "Desodorante Natural Dama 60ML 50 x  x 1 peso 0.068 bodega " está sin configurar
07-19-2023 @ 20:19:41 - El producto "Desodorante Natural Dama 60ML 50 x  x 1 peso 0.068 bodega " está sin configurar
07-19-2023 @ 20:19:41 - El producto "Desodorante Natural Dama 60ML 50 x  x 1 peso 0.068 bodega " está sin configurar
07-19-2023 @ 20:19:48 - El producto "Desodorante Natural Dama 60ML 50 x  x 1 peso 0.068 bodega " está sin configurar
07-19-2023 @ 20:19:48 - El producto "Desodorante Natural Dama 60ML 50 x  x 1 peso 0.068 bodega " está sin configurar
07-19-2023 @ 20:19:48 - El producto "Desodorante Natural Dama 60ML 50 x  x 1 peso 0.068 bodega " está sin configurar
07-19-2023 @ 20:19:48 - El producto "Desodorante Natural Dama 60ML 50 x  x 1 peso 0.068 bodega " está sin configurar
07-19-2023 @ 20:19:48 - El producto "Desodorante Natural Dama 60ML 50 x  x 1 peso 0.068 bodega " está sin configurar
07-19-2023 @ 20:30:15 - El producto "Crema Hidratante Nutritiva Colágeno y Elastina 60GR 50 x  x 1 peso 0.074 bodega " está sin configurar
07-19-2023 @ 20:30:15 - El producto "Crema Hidratante Nutritiva Colágeno y Elastina 60GR 50 x  x 1 peso 0.074 bodega " está sin configurar
07-19-2023 @ 20:30:15 - El producto "Crema Hidratante Nutritiva Colágeno y Elastina 60GR 50 x  x 1 peso 0.074 bodega " está sin configurar
07-19-2023 @ 20:30:15 - El producto "Crema Hidratante Nutritiva Colágeno y Elastina 60GR 50 x  x 1 peso 0.074 bodega " está sin configurar
07-19-2023 @ 20:30:15 - El producto "Crema Hidratante Nutritiva Colágeno y Elastina 60GR 50 x  x 1 peso 0.074 bodega " está sin configurar
07-19-2023 @ 20:30:15 - El producto "Crema Hidratante Nutritiva Colágeno y Elastina 60GR 50 x  x 1 peso 0.074 bodega " está sin configurar
07-19-2023 @ 20:30:16 - El producto "Crema Hidratante Nutritiva Colágeno y Elastina 60GR 50 x  x 1 peso 0.074 bodega " está sin configurar
07-19-2023 @ 20:30:16 - El producto "Crema Hidratante Nutritiva Colágeno y Elastina 60GR 50 x  x 1 peso 0.074 bodega " está sin configurar
07-19-2023 @ 20:30:16 - El producto "Crema Hidratante Nutritiva Colágeno y Elastina 60GR 50 x  x 1 peso 0.074 bodega " está sin configurar
07-19-2023 @ 20:30:16 - El producto "Crema Hidratante Nutritiva Colágeno y Elastina 60GR 50 x  x 1 peso 0.074 bodega " está sin configurar
07-19-2023 @ 20:30:16 - El producto "Crema Hidratante Nutritiva Colágeno y Elastina 60GR 50 x  x 1 peso 0.074 bodega " está sin configurar
07-19-2023 @ 20:30:16 - El producto "Crema Hidratante Nutritiva Colágeno y Elastina 60GR 50 x  x 1 peso 0.074 bodega " está sin configurar
07-19-2023 @ 20:30:16 - El producto "Crema Hidratante Nutritiva Colágeno y Elastina 60GR 50 x  x 1 peso 0.074 bodega " está sin configurar
07-19-2023 @ 20:30:16 - El producto "Crema Hidratante Nutritiva Colágeno y Elastina 60GR 50 x  x 1 peso 0.074 bodega " está sin configurar
07-19-2023 @ 20:30:16 - El producto "Crema Hidratante Nutritiva Colágeno y Elastina 60GR 50 x  x 1 peso 0.074 bodega " está sin configurar
07-19-2023 @ 20:30:16 - El producto "Crema Hidratante Nutritiva Colágeno y Elastina 60GR 50 x  x 1 peso 0.074 bodega " está sin configurar
07-19-2023 @ 20:30:34 - El producto "Crema Hidratante Nutritiva Colágeno y Elastina 60GR 50 x  x 1 peso 0.074 bodega " está sin configurar
07-19-2023 @ 20:30:34 - El producto "Crema Hidratante Nutritiva Colágeno y Elastina 60GR 50 x  x 1 peso 0.074 bodega " está sin configurar
07-19-2023 @ 20:30:34 - El producto "Crema Hidratante Nutritiva Colágeno y Elastina 60GR 50 x  x 1 peso 0.074 bodega " está sin configurar
07-19-2023 @ 20:30:34 - El producto "Crema Hidratante Nutritiva Colágeno y Elastina 60GR 50 x  x 1 peso 0.074 bodega " está sin configurar
07-19-2023 @ 20:30:34 - El producto "Crema Hidratante Nutritiva Colágeno y Elastina 60GR 50 x  x 1 peso 0.074 bodega " está sin configurar
07-19-2023 @ 20:30:34 - El producto "Crema Hidratante Nutritiva Colágeno y Elastina 60GR 50 x  x 1 peso 0.074 bodega " está sin configurar
07-19-2023 @ 20:30:34 - El producto "Crema Hidratante Nutritiva Colágeno y Elastina 60GR 50 x  x 1 peso 0.074 bodega " está sin configurar
07-19-2023 @ 20:30:34 - El producto "Crema Hidratante Nutritiva Colágeno y Elastina 60GR 50 x  x 1 peso 0.074 bodega " está sin configurar
07-19-2023 @ 20:30:35 - El producto "Crema Hidratante Nutritiva Colágeno y Elastina 60GR 50 x  x 1 peso 0.074 bodega " está sin configurar
07-19-2023 @ 20:30:35 - El producto "Crema Hidratante Nutritiva Colágeno y Elastina 60GR 50 x  x 1 peso 0.074 bodega " está sin configurar
07-19-2023 @ 20:30:35 - El producto "Crema Hidratante Nutritiva Colágeno y Elastina 60GR 50 x  x 1 peso 0.074 bodega " está sin configurar
07-19-2023 @ 20:30:35 - El producto "Crema Hidratante Nutritiva Colágeno y Elastina 60GR 50 x  x 1 peso 0.074 bodega " está sin configurar
07-19-2023 @ 20:30:35 - El producto "Crema Hidratante Nutritiva Colágeno y Elastina 60GR 50 x  x 1 peso 0.074 bodega " está sin configurar
07-19-2023 @ 20:30:35 - El producto "Crema Hidratante Nutritiva Colágeno y Elastina 60GR 50 x  x 1 peso 0.074 bodega " está sin configurar
07-19-2023 @ 20:30:35 - El producto "Crema Hidratante Nutritiva Colágeno y Elastina 60GR 50 x  x 1 peso 0.074 bodega " está sin configurar
07-19-2023 @ 20:30:35 - El producto "Crema Hidratante Nutritiva Colágeno y Elastina 60GR 50 x  x 1 peso 0.074 bodega " está sin configurar
07-19-2023 @ 20:30:35 - El producto "Crema Hidratante Nutritiva Colágeno y Elastina 60GR 50 x  x 1 peso 0.074 bodega " está sin configurar
07-19-2023 @ 20:30:35 - El producto "Crema Hidratante Nutritiva Colágeno y Elastina 60GR 50 x  x 1 peso 0.074 bodega " está sin configurar
07-19-2023 @ 20:30:35 - El producto "Crema Hidratante Nutritiva Colágeno y Elastina 60GR 50 x  x 1 peso 0.074 bodega " está sin configurar
07-19-2023 @ 20:30:35 - El producto "Crema Hidratante Nutritiva Colágeno y Elastina 60GR 50 x  x 1 peso 0.074 bodega " está sin configurar
07-20-2023 @ 12:00:38 - El producto "Protector Solar con Extractos Botánicos / SPF 50+ 80 g  x  x  peso  bodega " está sin configurar
07-20-2023 @ 12:00:38 - El producto "Protector Solar con Extractos Botánicos / SPF 50+ 80 g  x  x  peso  bodega " está sin configurar
07-20-2023 @ 12:00:38 - El producto "Protector Solar con Extractos Botánicos / SPF 50+ 80 g  x  x  peso  bodega " está sin configurar
07-20-2023 @ 12:00:38 - El producto "Protector Solar con Extractos Botánicos / SPF 50+ 80 g  x  x  peso  bodega " está sin configurar
07-20-2023 @ 12:00:38 - El producto "Protector Solar con Extractos Botánicos / SPF 50+ 80 g  x  x  peso  bodega " está sin configurar
07-20-2023 @ 12:01:34 - El producto "Protector Solar con Extractos Botánicos / SPF 50+ 80 g  x  x  peso  bodega " está sin configurar
07-20-2023 @ 12:01:34 - El producto "Protector Solar con Extractos Botánicos / SPF 50+ 80 g  x  x  peso  bodega " está sin configurar
07-20-2023 @ 12:01:34 - El producto "Protector Solar con Extractos Botánicos / SPF 50+ 80 g  x  x  peso  bodega " está sin configurar
07-20-2023 @ 12:01:34 - El producto "Protector Solar con Extractos Botánicos / SPF 50+ 80 g  x  x  peso  bodega " está sin configurar
07-20-2023 @ 12:01:34 - El producto "Protector Solar con Extractos Botánicos / SPF 50+ 80 g  x  x  peso  bodega " está sin configurar
07-20-2023 @ 12:01:35 - El producto "Protector Solar con Extractos Botánicos / SPF 50+ 80 g  x  x  peso  bodega " está sin configurar
07-20-2023 @ 12:01:35 - El producto "Protector Solar con Extractos Botánicos / SPF 50+ 80 g  x  x  peso  bodega " está sin configurar
07-20-2023 @ 12:01:35 - El producto "Protector Solar con Extractos Botánicos / SPF 50+ 80 g  x  x  peso  bodega " está sin configurar
07-20-2023 @ 12:01:35 - El producto "Protector Solar con Extractos Botánicos / SPF 50+ 80 g  x  x  peso  bodega " está sin configurar
07-20-2023 @ 12:01:35 - El producto "Protector Solar con Extractos Botánicos / SPF 50+ 80 g  x  x  peso  bodega " está sin configurar
07-20-2023 @ 12:01:35 - El producto "Protector Solar con Extractos Botánicos / SPF 50+ 80 g  x  x  peso  bodega " está sin configurar
07-20-2023 @ 12:01:35 - El producto "Protector Solar con Extractos Botánicos / SPF 50+ 80 g  x  x  peso  bodega " está sin configurar
07-20-2023 @ 12:01:36 - El producto "Protector Solar con Extractos Botánicos / SPF 50+ 80 g  x  x  peso  bodega " está sin configurar
07-20-2023 @ 12:01:36 - El producto "Protector Solar con Extractos Botánicos / SPF 50+ 80 g  x  x  peso  bodega " está sin configurar
07-20-2023 @ 12:01:36 - El producto "Protector Solar con Extractos Botánicos / SPF 50+ 80 g  x  x  peso  bodega " está sin configurar
07-20-2023 @ 12:01:36 - El producto "Protector Solar con Extractos Botánicos / SPF 50+ 80 g  x  x  peso  bodega " está sin configurar
07-20-2023 @ 12:01:38 - El producto "Protector Solar con Extractos Botánicos / SPF 50+ 80 g  x  x  peso  bodega " está sin configurar
07-20-2023 @ 12:01:38 - El producto "Protector Solar con Extractos Botánicos / SPF 50+ 80 g  x  x  peso  bodega " está sin configurar
07-20-2023 @ 12:01:38 - El producto "Protector Solar con Extractos Botánicos / SPF 50+ 80 g  x  x  peso  bodega " está sin configurar
07-20-2023 @ 12:01:38 - El producto "Protector Solar con Extractos Botánicos / SPF 50+ 80 g  x  x  peso  bodega " está sin configurar
07-20-2023 @ 12:01:43 - El producto "Protector Solar con Extractos Botánicos / SPF 50+ 80 g  x  x  peso  bodega " está sin configurar
07-20-2023 @ 12:01:43 - El producto "Protector Solar con Extractos Botánicos / SPF 50+ 80 g  x  x  peso  bodega " está sin configurar
07-20-2023 @ 12:01:43 - El producto "Protector Solar con Extractos Botánicos / SPF 50+ 80 g  x  x  peso  bodega " está sin configurar
07-20-2023 @ 12:01:43 - El producto "Protector Solar con Extractos Botánicos / SPF 50+ 80 g  x  x  peso  bodega " está sin configurar
07-20-2023 @ 12:01:43 - El producto "Protector Solar con Extractos Botánicos / SPF 50+ 80 g  x  x  peso  bodega " está sin configurar
07-20-2023 @ 12:01:43 - El producto "Protector Solar con Extractos Botánicos / SPF 50+ 80 g  x  x  peso  bodega " está sin configurar
07-20-2023 @ 12:01:43 - El producto "Protector Solar con Extractos Botánicos / SPF 50+ 80 g  x  x  peso  bodega " está sin configurar
07-20-2023 @ 12:01:43 - El producto "Protector Solar con Extractos Botánicos / SPF 50+ 80 g  x  x  peso  bodega " está sin configurar
07-20-2023 @ 12:01:44 - El producto "Protector Solar con Extractos Botánicos / SPF 50+ 80 g  x  x  peso  bodega " está sin configurar
07-20-2023 @ 12:01:44 - El producto "Protector Solar con Extractos Botánicos / SPF 50+ 80 g  x  x  peso  bodega " está sin configurar
07-20-2023 @ 12:01:44 - El producto "Protector Solar con Extractos Botánicos / SPF 50+ 80 g  x  x  peso  bodega " está sin configurar
07-20-2023 @ 12:01:44 - El producto "Protector Solar con Extractos Botánicos / SPF 50+ 80 g  x  x  peso  bodega " está sin configurar
07-20-2023 @ 12:01:49 - El producto "Protector Solar con Extractos Botánicos / SPF 50+ 80 g  x  x  peso  bodega " está sin configurar
07-20-2023 @ 12:01:50 - El producto "Protector Solar con Extractos Botánicos / SPF 50+ 80 g  x  x  peso  bodega " está sin configurar
07-20-2023 @ 12:01:50 - El producto "Protector Solar con Extractos Botánicos / SPF 50+ 80 g  x  x  peso  bodega " está sin configurar
07-20-2023 @ 12:01:50 - El producto "Protector Solar con Extractos Botánicos / SPF 50+ 80 g  x  x  peso  bodega " está sin configurar
07-20-2023 @ 12:04:32 - El producto "Protector Solar con Extractos Botánicos / SPF 50+ 80 g  x  x  peso  bodega " está sin configurar
07-20-2023 @ 12:04:32 - El producto "Protector Solar con Extractos Botánicos / SPF 50+ 80 g  x  x  peso  bodega " está sin configurar
07-20-2023 @ 12:04:32 - El producto "Protector Solar con Extractos Botánicos / SPF 50+ 80 g  x  x  peso  bodega " está sin configurar
07-20-2023 @ 12:04:32 - El producto "Protector Solar con Extractos Botánicos / SPF 50+ 80 g  x  x  peso  bodega " está sin configurar
07-20-2023 @ 12:04:55 - El producto "Protector Solar con Extractos Botánicos / SPF 50+ 80 g  x  x  peso  bodega " está sin configurar
07-20-2023 @ 12:04:55 - El producto "Protector Solar con Extractos Botánicos / SPF 50+ 80 g  x  x  peso  bodega " está sin configurar
07-20-2023 @ 12:04:55 - El producto "Protector Solar con Extractos Botánicos / SPF 50+ 80 g  x  x  peso  bodega " está sin configurar
07-20-2023 @ 12:04:55 - El producto "Protector Solar con Extractos Botánicos / SPF 50+ 80 g  x  x  peso  bodega " está sin configurar
07-20-2023 @ 12:04:56 - El producto "Protector Solar con Extractos Botánicos / SPF 50+ 80 g  x  x  peso  bodega " está sin configurar
07-20-2023 @ 12:04:56 - El producto "Protector Solar con Extractos Botánicos / SPF 50+ 80 g  x  x  peso  bodega " está sin configurar
07-20-2023 @ 12:04:56 - El producto "Protector Solar con Extractos Botánicos / SPF 50+ 80 g  x  x  peso  bodega " está sin configurar
07-20-2023 @ 12:04:56 - El producto "Protector Solar con Extractos Botánicos / SPF 50+ 80 g  x  x  peso  bodega " está sin configurar
07-20-2023 @ 12:05:04 - El producto "Protector Solar con Extractos Botánicos / SPF 50+ 80 g  x  x  peso  bodega " está sin configurar
07-20-2023 @ 12:05:04 - El producto "Protector Solar con Extractos Botánicos / SPF 50+ 80 g  x  x  peso  bodega " está sin configurar
07-20-2023 @ 12:05:04 - El producto "Protector Solar con Extractos Botánicos / SPF 50+ 80 g  x  x  peso  bodega " está sin configurar
07-20-2023 @ 12:05:04 - El producto "Protector Solar con Extractos Botánicos / SPF 50+ 80 g  x  x  peso  bodega " está sin configurar
07-20-2023 @ 12:11:18 - El producto "Desodorante Natural Dama 60ML 50 x  x 1 peso 0.068 bodega " está sin configurar
07-20-2023 @ 12:11:18 - El producto "Desodorante Natural Dama 60ML 50 x  x 1 peso 0.068 bodega " está sin configurar
07-20-2023 @ 12:11:18 - El producto "Desodorante Natural Dama 60ML 50 x  x 1 peso 0.068 bodega " está sin configurar
07-20-2023 @ 12:11:18 - El producto "Desodorante Natural Dama 60ML 50 x  x 1 peso 0.068 bodega " está sin configurar
07-20-2023 @ 12:11:18 - El producto "Desodorante Natural Dama 60ML 50 x  x 1 peso 0.068 bodega " está sin configurar
07-20-2023 @ 12:11:27 - El producto "Desodorante Natural Dama 60ML 50 x  x 1 peso 0.068 bodega " está sin configurar
07-20-2023 @ 12:11:27 - El producto "Desodorante Natural Dama 60ML 50 x  x 1 peso 0.068 bodega " está sin configurar
07-20-2023 @ 12:11:27 - El producto "Desodorante Natural Dama 60ML 50 x  x 1 peso 0.068 bodega " está sin configurar
07-20-2023 @ 12:11:27 - El producto "Desodorante Natural Dama 60ML 50 x  x 1 peso 0.068 bodega " está sin configurar
07-20-2023 @ 12:11:27 - El producto "Desodorante Natural Dama 60ML 50 x  x 1 peso 0.068 bodega " está sin configurar
07-20-2023 @ 12:11:27 - El producto "Desodorante Natural Dama 60ML 50 x  x 1 peso 0.068 bodega " está sin configurar
07-20-2023 @ 12:11:27 - El producto "Desodorante Natural Dama 60ML 50 x  x 1 peso 0.068 bodega " está sin configurar
07-20-2023 @ 12:11:27 - El producto "Desodorante Natural Dama 60ML 50 x  x 1 peso 0.068 bodega " está sin configurar
07-20-2023 @ 12:11:27 - El producto "Desodorante Natural Dama 60ML 50 x  x 1 peso 0.068 bodega " está sin configurar
07-20-2023 @ 12:11:27 - El producto "Desodorante Natural Dama 60ML 50 x  x 1 peso 0.068 bodega " está sin configurar
07-20-2023 @ 12:11:32 - El producto "Desodorante Natural Dama 60ML 50 x  x 1 peso 0.068 bodega " está sin configurar
07-20-2023 @ 12:11:32 - El producto "Desodorante Natural Dama 60ML 50 x  x 1 peso 0.068 bodega " está sin configurar
07-20-2023 @ 12:11:32 - El producto "Desodorante Natural Dama 60ML 50 x  x 1 peso 0.068 bodega " está sin configurar
07-20-2023 @ 12:11:32 - El producto "Desodorante Natural Dama 60ML 50 x  x 1 peso 0.068 bodega " está sin configurar
07-20-2023 @ 12:11:32 - El producto "Desodorante Natural Dama 60ML 50 x  x 1 peso 0.068 bodega " está sin configurar
07-20-2023 @ 12:11:32 - El producto "Desodorante Natural Dama 60ML 50 x  x 1 peso 0.068 bodega " está sin configurar
07-20-2023 @ 12:11:32 - El producto "Desodorante Natural Dama 60ML 50 x  x 1 peso 0.068 bodega " está sin configurar
07-20-2023 @ 12:11:32 - El producto "Desodorante Natural Dama 60ML 50 x  x 1 peso 0.068 bodega " está sin configurar
07-20-2023 @ 12:11:32 - El producto "Desodorante Natural Dama 60ML 50 x  x 1 peso 0.068 bodega " está sin configurar
07-20-2023 @ 12:11:38 - El producto "Desodorante Natural Dama 60ML 50 x  x 1 peso 0.068 bodega " está sin configurar
07-20-2023 @ 12:11:38 - El producto "Desodorante Natural Dama 60ML 50 x  x 1 peso 0.068 bodega " está sin configurar
07-20-2023 @ 12:11:38 - El producto "Desodorante Natural Dama 60ML 50 x  x 1 peso 0.068 bodega " está sin configurar
07-20-2023 @ 12:11:38 - El producto "Desodorante Natural Dama 60ML 50 x  x 1 peso 0.068 bodega " está sin configurar
07-20-2023 @ 12:11:38 - El producto "Desodorante Natural Dama 60ML 50 x  x 1 peso 0.068 bodega " está sin configurar
07-20-2023 @ 12:11:38 - El producto "Desodorante Natural Dama 60ML 50 x  x 1 peso 0.068 bodega " está sin configurar
07-20-2023 @ 12:11:38 - El producto "Desodorante Natural Dama 60ML 50 x  x 1 peso 0.068 bodega " está sin configurar
07-20-2023 @ 12:11:38 - El producto "Desodorante Natural Dama 60ML 50 x  x 1 peso 0.068 bodega " está sin configurar
07-20-2023 @ 12:11:38 - El producto "Desodorante Natural Dama 60ML 50 x  x 1 peso 0.068 bodega " está sin configurar
07-20-2023 @ 12:11:41 - El producto "Desodorante Natural Dama 60ML 50 x  x 1 peso 0.068 bodega " está sin configurar
07-20-2023 @ 12:11:41 - El producto "Desodorante Natural Dama 60ML 50 x  x 1 peso 0.068 bodega " está sin configurar
07-20-2023 @ 12:11:41 - El producto "Desodorante Natural Dama 60ML 50 x  x 1 peso 0.068 bodega " está sin configurar
07-20-2023 @ 12:11:41 - El producto "Desodorante Natural Dama 60ML 50 x  x 1 peso 0.068 bodega " está sin configurar
07-20-2023 @ 12:11:41 - El producto "Desodorante Natural Dama 60ML 50 x  x 1 peso 0.068 bodega " está sin configurar
07-20-2023 @ 12:11:41 - El producto "Desodorante Natural Dama 60ML 50 x  x 1 peso 0.068 bodega " está sin configurar
07-20-2023 @ 12:11:41 - El producto "Desodorante Natural Dama 60ML 50 x  x 1 peso 0.068 bodega " está sin configurar
07-20-2023 @ 12:11:42 - El producto "Desodorante Natural Dama 60ML 50 x  x 1 peso 0.068 bodega " está sin configurar
07-20-2023 @ 12:11:42 - El producto "Desodorante Natural Dama 60ML 50 x  x 1 peso 0.068 bodega " está sin configurar
07-20-2023 @ 12:11:43 - El producto "Desodorante Natural Dama 60ML 50 x  x 1 peso 0.068 bodega " está sin configurar
07-20-2023 @ 12:11:43 - El producto "Desodorante Natural Dama 60ML 50 x  x 1 peso 0.068 bodega " está sin configurar
07-20-2023 @ 12:11:43 - El producto "Desodorante Natural Dama 60ML 50 x  x 1 peso 0.068 bodega " está sin configurar
07-20-2023 @ 12:11:43 - El producto "Desodorante Natural Dama 60ML 50 x  x 1 peso 0.068 bodega " está sin configurar
07-20-2023 @ 12:11:43 - El producto "Desodorante Natural Dama 60ML 50 x  x 1 peso 0.068 bodega " está sin configurar
07-20-2023 @ 12:11:43 - El producto "Desodorante Natural Dama 60ML 50 x  x 1 peso 0.068 bodega " está sin configurar
07-20-2023 @ 12:11:43 - El producto "Desodorante Natural Dama 60ML 50 x  x 1 peso 0.068 bodega " está sin configurar
07-20-2023 @ 12:11:43 - El producto "Desodorante Natural Dama 60ML 50 x  x 1 peso 0.068 bodega " está sin configurar
07-20-2023 @ 12:11:43 - El producto "Desodorante Natural Dama 60ML 50 x  x 1 peso 0.068 bodega " está sin configurar
07-20-2023 @ 12:11:45 - El producto "Desodorante Natural Dama 60ML 50 x  x 1 peso 0.068 bodega " está sin configurar
07-20-2023 @ 12:11:45 - El producto "Desodorante Natural Dama 60ML 50 x  x 1 peso 0.068 bodega " está sin configurar
07-20-2023 @ 12:11:45 - El producto "Desodorante Natural Dama 60ML 50 x  x 1 peso 0.068 bodega " está sin configurar
07-20-2023 @ 12:11:45 - El producto "Desodorante Natural Dama 60ML 50 x  x 1 peso 0.068 bodega " está sin configurar
07-20-2023 @ 12:11:45 - El producto "Desodorante Natural Dama 60ML 50 x  x 1 peso 0.068 bodega " está sin configurar
07-20-2023 @ 12:11:45 - El producto "Desodorante Natural Dama 60ML 50 x  x 1 peso 0.068 bodega " está sin configurar
07-20-2023 @ 12:11:45 - El producto "Desodorante Natural Dama 60ML 50 x  x 1 peso 0.068 bodega " está sin configurar
07-20-2023 @ 12:11:45 - El producto "Desodorante Natural Dama 60ML 50 x  x 1 peso 0.068 bodega " está sin configurar
07-20-2023 @ 12:11:45 - El producto "Desodorante Natural Dama 60ML 50 x  x 1 peso 0.068 bodega " está sin configurar
07-20-2023 @ 12:13:53 - El producto "Desodorante Natural Dama 60ML 50 x  x 1 peso 0.068 bodega " está sin configurar
07-20-2023 @ 12:13:53 - El producto "Desodorante Natural Dama 60ML 50 x  x 1 peso 0.068 bodega " está sin configurar
07-20-2023 @ 12:13:53 - El producto "Desodorante Natural Dama 60ML 50 x  x 1 peso 0.068 bodega " está sin configurar
07-20-2023 @ 12:13:53 - El producto "Desodorante Natural Dama 60ML 50 x  x 1 peso 0.068 bodega " está sin configurar
07-20-2023 @ 12:13:53 - El producto "Desodorante Natural Dama 60ML 50 x  x 1 peso 0.068 bodega " está sin configurar
07-20-2023 @ 12:13:53 - El producto "Desodorante Natural Dama 60ML 50 x  x 1 peso 0.068 bodega " está sin configurar
07-20-2023 @ 12:13:53 - El producto "Desodorante Natural Dama 60ML 50 x  x 1 peso 0.068 bodega " está sin configurar
07-20-2023 @ 12:13:53 - El producto "Desodorante Natural Dama 60ML 50 x  x 1 peso 0.068 bodega " está sin configurar
07-20-2023 @ 12:13:53 - El producto "Desodorante Natural Dama 60ML 50 x  x 1 peso 0.068 bodega " está sin configurar
07-20-2023 @ 12:13:53 - El producto "Desodorante Natural Dama 60ML 50 x  x 1 peso 0.068 bodega " está sin configurar
07-20-2023 @ 12:13:53 - El producto "Desodorante Natural Dama 60ML 50 x  x 1 peso 0.068 bodega " está sin configurar
07-20-2023 @ 12:13:53 - El producto "Desodorante Natural Dama 60ML 50 x  x 1 peso 0.068 bodega " está sin configurar
07-20-2023 @ 12:13:53 - El producto "Desodorante Natural Dama 60ML 50 x  x 1 peso 0.068 bodega " está sin configurar
07-20-2023 @ 12:13:53 - El producto "Desodorante Natural Dama 60ML 50 x  x 1 peso 0.068 bodega " está sin configurar
07-20-2023 @ 12:13:53 - El producto "Desodorante Natural Dama 60ML 50 x  x 1 peso 0.068 bodega " está sin configurar
07-20-2023 @ 12:13:53 - El producto "Desodorante Natural Dama 60ML 50 x  x 1 peso 0.068 bodega " está sin configurar
07-20-2023 @ 13:53:42 - El producto "Jabón Líquido con Extractos botánicos Te Verde 250ML 50 x  x 1 peso 0.28 bodega " está sin configurar
07-20-2023 @ 13:53:43 - El producto "Jabón Líquido con Extractos botánicos Te Verde 250ML 50 x  x 1 peso 0.28 bodega " está sin configurar
07-20-2023 @ 13:53:43 - El producto "Jabón Líquido con Extractos botánicos Te Verde 250ML 50 x  x 1 peso 0.28 bodega " está sin configurar
07-20-2023 @ 13:53:43 - El producto "Jabón Líquido con Extractos botánicos Te Verde 250ML 50 x  x 1 peso 0.28 bodega " está sin configurar
07-20-2023 @ 13:53:43 - El producto "Jabón Líquido con Extractos botánicos Te Verde 250ML 50 x  x 1 peso 0.28 bodega " está sin configurar
07-20-2023 @ 13:53:52 - El producto "Jabón Líquido con Extractos botánicos Te Verde 250ML 50 x  x 1 peso 0.28 bodega " está sin configurar
07-20-2023 @ 13:53:52 - El producto "Jabón Líquido con Extractos botánicos Te Verde 250ML 50 x  x 1 peso 0.28 bodega " está sin configurar
07-20-2023 @ 13:53:52 - El producto "Jabón Líquido con Extractos botánicos Te Verde 250ML 50 x  x 1 peso 0.28 bodega " está sin configurar
07-20-2023 @ 13:53:52 - El producto "Jabón Líquido con Extractos botánicos Te Verde 250ML 50 x  x 1 peso 0.28 bodega " está sin configurar
07-20-2023 @ 13:53:52 - El producto "Jabón Líquido con Extractos botánicos Te Verde 250ML 50 x  x 1 peso 0.28 bodega " está sin configurar
07-20-2023 @ 13:53:53 - El producto "Jabón Líquido con Extractos botánicos Te Verde 250ML 50 x  x 1 peso 0.28 bodega " está sin configurar
07-20-2023 @ 13:53:53 - El producto "Jabón Líquido con Extractos botánicos Te Verde 250ML 50 x  x 1 peso 0.28 bodega " está sin configurar
07-20-2023 @ 13:53:53 - El producto "Jabón Líquido con Extractos botánicos Te Verde 250ML 50 x  x 1 peso 0.28 bodega " está sin configurar
07-20-2023 @ 13:53:58 - El producto "Jabón Líquido con Extractos botánicos Te Verde 250ML 50 x  x 1 peso 0.28 bodega " está sin configurar
07-20-2023 @ 13:53:58 - El producto "Jabón Líquido con Extractos botánicos Te Verde 250ML 50 x  x 1 peso 0.28 bodega " está sin configurar
07-20-2023 @ 13:53:58 - El producto "Jabón Líquido con Extractos botánicos Te Verde 250ML 50 x  x 1 peso 0.28 bodega " está sin configurar
07-20-2023 @ 13:53:58 - El producto "Jabón Líquido con Extractos botánicos Te Verde 250ML 50 x  x 1 peso 0.28 bodega " está sin configurar
07-20-2023 @ 13:54:00 - El producto "Jabón Líquido con Extractos botánicos Te Verde 250ML 50 x  x 1 peso 0.28 bodega " está sin configurar
07-20-2023 @ 13:54:00 - El producto "Jabón Líquido con Extractos botánicos Te Verde 250ML 50 x  x 1 peso 0.28 bodega " está sin configurar
07-20-2023 @ 13:54:00 - El producto "Jabón Líquido con Extractos botánicos Te Verde 250ML 50 x  x 1 peso 0.28 bodega " está sin configurar
07-20-2023 @ 13:54:00 - El producto "Jabón Líquido con Extractos botánicos Te Verde 250ML 50 x  x 1 peso 0.28 bodega " está sin configurar
07-20-2023 @ 13:54:08 - El producto "Jabón Líquido con Extractos botánicos Te Verde 250ML 50 x  x 1 peso 0.28 bodega " está sin configurar
07-20-2023 @ 13:54:08 - El producto "Jabón Líquido con Extractos botánicos Te Verde 250ML 50 x  x 1 peso 0.28 bodega " está sin configurar
07-20-2023 @ 13:54:08 - El producto "Jabón Líquido con Extractos botánicos Te Verde 250ML 50 x  x 1 peso 0.28 bodega " está sin configurar
07-20-2023 @ 13:54:08 - El producto "Jabón Líquido con Extractos botánicos Te Verde 250ML 50 x  x 1 peso 0.28 bodega " está sin configurar
07-20-2023 @ 13:54:08 - El producto "Jabón Líquido con Extractos botánicos Te Verde 250ML 50 x  x 1 peso 0.28 bodega " está sin configurar
07-20-2023 @ 13:54:08 - El producto "Jabón Líquido con Extractos botánicos Te Verde 250ML 50 x  x 1 peso 0.28 bodega " está sin configurar
07-20-2023 @ 13:54:08 - El producto "Jabón Líquido con Extractos botánicos Te Verde 250ML 50 x  x 1 peso 0.28 bodega " está sin configurar
07-20-2023 @ 13:54:08 - El producto "Jabón Líquido con Extractos botánicos Te Verde 250ML 50 x  x 1 peso 0.28 bodega " está sin configurar
07-20-2023 @ 13:54:08 - El producto "Jabón Líquido con Extractos botánicos Te Verde 250ML 50 x  x 1 peso 0.28 bodega " está sin configurar
07-20-2023 @ 13:54:08 - El producto "Jabón Líquido con Extractos botánicos Te Verde 250ML 50 x  x 1 peso 0.28 bodega " está sin configurar
07-20-2023 @ 13:54:08 - El producto "Jabón Líquido con Extractos botánicos Te Verde 250ML 50 x  x 1 peso 0.28 bodega " está sin configurar
07-20-2023 @ 13:54:08 - El producto "Jabón Líquido con Extractos botánicos Te Verde 250ML 50 x  x 1 peso 0.28 bodega " está sin configurar
07-20-2023 @ 13:54:08 - El producto "Jabón Líquido con Extractos botánicos Te Verde 250ML 50 x  x 1 peso 0.28 bodega " está sin configurar
07-20-2023 @ 13:54:08 - El producto "Jabón Líquido con Extractos botánicos Te Verde 250ML 50 x  x 1 peso 0.28 bodega " está sin configurar
07-20-2023 @ 13:54:08 - El producto "Jabón Líquido con Extractos botánicos Te Verde 250ML 50 x  x 1 peso 0.28 bodega " está sin configurar
07-20-2023 @ 13:54:08 - El producto "Jabón Líquido con Extractos botánicos Te Verde 250ML 50 x  x 1 peso 0.28 bodega " está sin configurar
07-20-2023 @ 13:56:16 - El producto "Crema Hidratante Nutritiva Confrey y Pepino 60 gr 50 x  x 1 peso 0.06 bodega " está sin configurar
07-20-2023 @ 13:56:16 - El producto "Crema Hidratante Nutritiva Confrey y Pepino 60 gr 50 x  x 1 peso 0.06 bodega " está sin configurar
07-20-2023 @ 13:56:16 - El producto "Crema Hidratante Nutritiva Confrey y Pepino 60 gr 50 x  x 1 peso 0.06 bodega " está sin configurar
07-20-2023 @ 13:56:16 - El producto "Crema Hidratante Nutritiva Confrey y Pepino 60 gr 50 x  x 1 peso 0.06 bodega " está sin configurar
07-20-2023 @ 13:56:16 - El producto "Crema Hidratante Nutritiva Confrey y Pepino 60 gr 50 x  x 1 peso 0.06 bodega " está sin configurar
07-20-2023 @ 13:56:16 - El producto "Crema Hidratante Nutritiva Confrey y Pepino 60 gr 50 x  x 1 peso 0.06 bodega " está sin configurar
07-20-2023 @ 13:56:16 - El producto "Crema Hidratante Nutritiva Confrey y Pepino 60 gr 50 x  x 1 peso 0.06 bodega " está sin configurar
07-20-2023 @ 13:56:16 - El producto "Crema Hidratante Nutritiva Confrey y Pepino 60 gr 50 x  x 1 peso 0.06 bodega " está sin configurar
07-20-2023 @ 13:56:17 - El producto "Crema Hidratante Nutritiva Confrey y Pepino 60 gr 50 x  x 1 peso 0.06 bodega " está sin configurar
07-20-2023 @ 13:56:17 - El producto "Crema Hidratante Nutritiva Confrey y Pepino 60 gr 50 x  x 1 peso 0.06 bodega " está sin configurar
07-20-2023 @ 13:56:17 - El producto "Crema Hidratante Nutritiva Confrey y Pepino 60 gr 50 x  x 1 peso 0.06 bodega " está sin configurar
07-20-2023 @ 13:56:17 - El producto "Crema Hidratante Nutritiva Confrey y Pepino 60 gr 50 x  x 1 peso 0.06 bodega " está sin configurar
07-20-2023 @ 13:56:18 - El producto "Crema Hidratante Nutritiva Confrey y Pepino 60 gr 50 x  x 1 peso 0.06 bodega " está sin configurar
07-20-2023 @ 13:56:18 - El producto "Crema Hidratante Nutritiva Confrey y Pepino 60 gr 50 x  x 1 peso 0.06 bodega " está sin configurar
07-20-2023 @ 13:56:18 - El producto "Crema Hidratante Nutritiva Confrey y Pepino 60 gr 50 x  x 1 peso 0.06 bodega " está sin configurar
07-20-2023 @ 13:56:18 - El producto "Crema Hidratante Nutritiva Confrey y Pepino 60 gr 50 x  x 1 peso 0.06 bodega " está sin configurar
07-20-2023 @ 13:56:25 - El producto "Crema Hidratante Nutritiva Confrey y Pepino 60 gr 50 x  x 1 peso 0.06 bodega " está sin configurar
07-20-2023 @ 13:56:25 - El producto "Crema Hidratante Nutritiva Confrey y Pepino 60 gr 50 x  x 1 peso 0.06 bodega " está sin configurar
07-20-2023 @ 13:56:25 - El producto "Crema Hidratante Nutritiva Confrey y Pepino 60 gr 50 x  x 1 peso 0.06 bodega " está sin configurar
07-20-2023 @ 13:56:25 - El producto "Crema Hidratante Nutritiva Confrey y Pepino 60 gr 50 x  x 1 peso 0.06 bodega " está sin configurar
07-20-2023 @ 16:10:34 - El producto "Desodorante Natural Dama 60ML 50 x  x 1 peso 0.068 bodega " está sin configurar
07-20-2023 @ 16:10:34 - El producto "Desodorante Natural Dama 60ML 50 x  x 1 peso 0.068 bodega " está sin configurar
07-20-2023 @ 16:10:34 - El producto "Desodorante Natural Dama 60ML 50 x  x 1 peso 0.068 bodega " está sin configurar
07-20-2023 @ 16:10:34 - El producto "Desodorante Natural Dama 60ML 50 x  x 1 peso 0.068 bodega " está sin configurar
07-20-2023 @ 16:10:34 - El producto "Desodorante Natural Dama 60ML 50 x  x 1 peso 0.068 bodega " está sin configurar
07-20-2023 @ 16:10:34 - El producto "Desodorante Natural Dama 60ML 50 x  x 1 peso 0.068 bodega " está sin configurar
07-20-2023 @ 16:10:34 - El producto "Desodorante Natural Dama 60ML 50 x  x 1 peso 0.068 bodega " está sin configurar
07-20-2023 @ 16:10:39 - El producto "Desodorante Natural Dama 60ML 50 x  x 1 peso 0.068 bodega " está sin configurar
07-20-2023 @ 16:10:39 - El producto "Desodorante Natural Dama 60ML 50 x  x 1 peso 0.068 bodega " está sin configurar
07-20-2023 @ 16:10:39 - El producto "Desodorante Natural Dama 60ML 50 x  x 1 peso 0.068 bodega " está sin configurar
07-20-2023 @ 16:10:39 - El producto "Desodorante Natural Dama 60ML 50 x  x 1 peso 0.068 bodega " está sin configurar
07-20-2023 @ 16:10:39 - El producto "Desodorante Natural Dama 60ML 50 x  x 1 peso 0.068 bodega " está sin configurar
07-20-2023 @ 16:10:39 - El producto "Desodorante Natural Dama 60ML 50 x  x 1 peso 0.068 bodega " está sin configurar
07-20-2023 @ 16:10:39 - El producto "Desodorante Natural Dama 60ML 50 x  x 1 peso 0.068 bodega " está sin configurar
07-20-2023 @ 16:10:39 - El producto "Desodorante Natural Dama 60ML 50 x  x 1 peso 0.068 bodega " está sin configurar
07-20-2023 @ 16:10:39 - El producto "Desodorante Natural Dama 60ML 50 x  x 1 peso 0.068 bodega " está sin configurar
07-20-2023 @ 16:10:40 - El producto "Desodorante Natural Dama 60ML 50 x  x 1 peso 0.068 bodega " está sin configurar
07-20-2023 @ 16:10:40 - El producto "Desodorante Natural Dama 60ML 50 x  x 1 peso 0.068 bodega " está sin configurar
07-20-2023 @ 16:10:40 - El producto "Desodorante Natural Dama 60ML 50 x  x 1 peso 0.068 bodega " está sin configurar
07-20-2023 @ 16:10:40 - El producto "Desodorante Natural Dama 60ML 50 x  x 1 peso 0.068 bodega " está sin configurar
07-20-2023 @ 16:10:40 - El producto "Desodorante Natural Dama 60ML 50 x  x 1 peso 0.068 bodega " está sin configurar
07-20-2023 @ 16:10:40 - El producto "Desodorante Natural Dama 60ML 50 x  x 1 peso 0.068 bodega " está sin configurar
07-20-2023 @ 16:10:47 - El producto "Desodorante Natural Dama 60ML 50 x  x 1 peso 0.068 bodega " está sin configurar
07-20-2023 @ 16:10:47 - El producto "Desodorante Natural Dama 60ML 50 x  x 1 peso 0.068 bodega " está sin configurar
07-20-2023 @ 16:10:47 - El producto "Desodorante Natural Dama 60ML 50 x  x 1 peso 0.068 bodega " está sin configurar
07-20-2023 @ 16:10:47 - El producto "Desodorante Natural Dama 60ML 50 x  x 1 peso 0.068 bodega " está sin configurar
07-20-2023 @ 16:10:47 - El producto "Desodorante Natural Dama 60ML 50 x  x 1 peso 0.068 bodega " está sin configurar
07-20-2023 @ 16:10:47 - El producto "Desodorante Natural Dama 60ML 50 x  x 1 peso 0.068 bodega " está sin configurar
07-20-2023 @ 16:10:47 - El producto "Desodorante Natural Dama 60ML 50 x  x 1 peso 0.068 bodega " está sin configurar
07-20-2023 @ 16:10:47 - El producto "Desodorante Natural Dama 60ML 50 x  x 1 peso 0.068 bodega " está sin configurar
07-20-2023 @ 16:10:47 - El producto "Desodorante Natural Dama 60ML 50 x  x 1 peso 0.068 bodega " está sin configurar
07-20-2023 @ 16:10:47 - El producto "Desodorante Natural Dama 60ML 50 x  x 1 peso 0.068 bodega " está sin configurar
07-20-2023 @ 16:10:57 - El producto "Desodorante Natural Dama 60ML 50 x  x 1 peso 0.068 bodega " está sin configurar
07-20-2023 @ 16:10:57 - El producto "Desodorante Natural Dama 60ML 50 x  x 1 peso 0.068 bodega " está sin configurar
07-20-2023 @ 16:10:57 - El producto "Desodorante Natural Dama 60ML 50 x  x 1 peso 0.068 bodega " está sin configurar
07-20-2023 @ 16:10:57 - El producto "Desodorante Natural Dama 60ML 50 x  x 1 peso 0.068 bodega " está sin configurar
07-20-2023 @ 16:10:57 - El producto "Desodorante Natural Dama 60ML 50 x  x 1 peso 0.068 bodega " está sin configurar
07-20-2023 @ 16:10:57 - El producto "Desodorante Natural Dama 60ML 50 x  x 1 peso 0.068 bodega " está sin configurar
07-20-2023 @ 16:10:57 - El producto "Desodorante Natural Dama 60ML 50 x  x 1 peso 0.068 bodega " está sin configurar
07-20-2023 @ 16:10:57 - El producto "Desodorante Natural Dama 60ML 50 x  x 1 peso 0.068 bodega " está sin configurar
07-20-2023 @ 16:11:10 - El producto "Desodorante Natural Dama 60ML 50 x  x 1 peso 0.068 bodega " está sin configurar
07-20-2023 @ 16:11:10 - El producto "Desodorante Natural Dama 60ML 50 x  x 1 peso 0.068 bodega " está sin configurar
07-20-2023 @ 16:11:10 - El producto "Desodorante Natural Dama 60ML 50 x  x 1 peso 0.068 bodega " está sin configurar
07-20-2023 @ 16:11:10 - El producto "Desodorante Natural Dama 60ML 50 x  x 1 peso 0.068 bodega " está sin configurar
07-20-2023 @ 16:11:11 - El producto "Desodorante Natural Dama 60ML 50 x  x 1 peso 0.068 bodega " está sin configurar
07-20-2023 @ 16:11:11 - El producto "Desodorante Natural Dama 60ML 50 x  x 1 peso 0.068 bodega " está sin configurar
07-20-2023 @ 16:11:11 - El producto "Desodorante Natural Dama 60ML 50 x  x 1 peso 0.068 bodega " está sin configurar
07-20-2023 @ 16:11:11 - El producto "Desodorante Natural Dama 60ML 50 x  x 1 peso 0.068 bodega " está sin configurar
07-20-2023 @ 16:11:21 - El producto "Desodorante Natural Dama 60ML 50 x  x 1 peso 0.068 bodega " está sin configurar
07-20-2023 @ 16:11:21 - El producto "Desodorante Natural Dama 60ML 50 x  x 1 peso 0.068 bodega " está sin configurar
07-20-2023 @ 16:11:21 - El producto "Desodorante Natural Dama 60ML 50 x  x 1 peso 0.068 bodega " está sin configurar
07-20-2023 @ 16:11:21 - El producto "Desodorante Natural Dama 60ML 50 x  x 1 peso 0.068 bodega " está sin configurar
07-20-2023 @ 16:11:21 - El producto "Desodorante Natural Dama 60ML 50 x  x 1 peso 0.068 bodega " está sin configurar
07-20-2023 @ 16:11:22 - El producto "Desodorante Natural Dama 60ML 50 x  x 1 peso 0.068 bodega " está sin configurar
07-20-2023 @ 16:11:22 - El producto "Desodorante Natural Dama 60ML 50 x  x 1 peso 0.068 bodega " está sin configurar
07-20-2023 @ 16:11:22 - El producto "Desodorante Natural Dama 60ML 50 x  x 1 peso 0.068 bodega " está sin configurar
07-20-2023 @ 16:16:43 - El producto "Desodorante Natural Dama 60ML 50 x  x 1 peso 0.068 bodega " está sin configurar
07-20-2023 @ 16:16:43 - El producto "Desodorante Natural Dama 60ML 50 x  x 1 peso 0.068 bodega " está sin configurar
07-20-2023 @ 16:16:43 - El producto "Desodorante Natural Dama 60ML 50 x  x 1 peso 0.068 bodega " está sin configurar
07-20-2023 @ 16:16:43 - El producto "Desodorante Natural Dama 60ML 50 x  x 1 peso 0.068 bodega " está sin configurar
07-20-2023 @ 16:16:51 - El producto "Desodorante Natural Dama 60ML 50 x  x 1 peso 0.068 bodega " está sin configurar
07-20-2023 @ 16:16:51 - El producto "Desodorante Natural Dama 60ML 50 x  x 1 peso 0.068 bodega " está sin configurar
07-20-2023 @ 16:16:51 - El producto "Desodorante Natural Dama 60ML 50 x  x 1 peso 0.068 bodega " está sin configurar
07-20-2023 @ 16:16:51 - El producto "Desodorante Natural Dama 60ML 50 x  x 1 peso 0.068 bodega " está sin configurar
07-20-2023 @ 16:16:51 - El producto "Desodorante Natural Dama 60ML 50 x  x 1 peso 0.068 bodega " está sin configurar
07-20-2023 @ 16:16:51 - El producto "Desodorante Natural Dama 60ML 50 x  x 1 peso 0.068 bodega " está sin configurar
07-20-2023 @ 16:16:51 - El producto "Desodorante Natural Dama 60ML 50 x  x 1 peso 0.068 bodega " está sin configurar
07-20-2023 @ 16:16:51 - El producto "Desodorante Natural Dama 60ML 50 x  x 1 peso 0.068 bodega " está sin configurar
07-20-2023 @ 16:16:51 - El producto "Desodorante Natural Dama 60ML 50 x  x 1 peso 0.068 bodega " está sin configurar
07-20-2023 @ 16:16:52 - El producto "Desodorante Natural Dama 60ML 50 x  x 1 peso 0.068 bodega " está sin configurar
07-20-2023 @ 16:16:52 - El producto "Desodorante Natural Dama 60ML 50 x  x 1 peso 0.068 bodega " está sin configurar
07-20-2023 @ 16:16:52 - El producto "Desodorante Natural Dama 60ML 50 x  x 1 peso 0.068 bodega " está sin configurar
07-20-2023 @ 16:16:52 - El producto "Desodorante Natural Dama 60ML 50 x  x 1 peso 0.068 bodega " está sin configurar
07-20-2023 @ 16:16:52 - El producto "Desodorante Natural Dama 60ML 50 x  x 1 peso 0.068 bodega " está sin configurar
07-20-2023 @ 16:16:52 - El producto "Desodorante Natural Dama 60ML 50 x  x 1 peso 0.068 bodega " está sin configurar
07-20-2023 @ 16:16:52 - El producto "Desodorante Natural Dama 60ML 50 x  x 1 peso 0.068 bodega " está sin configurar
07-20-2023 @ 16:16:55 - El producto "Desodorante Natural Dama 60ML 50 x  x 1 peso 0.068 bodega " está sin configurar
07-20-2023 @ 16:16:55 - El producto "Desodorante Natural Dama 60ML 50 x  x 1 peso 0.068 bodega " está sin configurar
07-20-2023 @ 16:16:55 - El producto "Desodorante Natural Dama 60ML 50 x  x 1 peso 0.068 bodega " está sin configurar
07-20-2023 @ 16:16:55 - El producto "Desodorante Natural Dama 60ML 50 x  x 1 peso 0.068 bodega " está sin configurar
07-20-2023 @ 16:16:55 - El producto "Desodorante Natural Dama 60ML 50 x  x 1 peso 0.068 bodega " está sin configurar
07-20-2023 @ 16:16:55 - El producto "Desodorante Natural Dama 60ML 50 x  x 1 peso 0.068 bodega " está sin configurar
07-20-2023 @ 16:16:55 - El producto "Desodorante Natural Dama 60ML 50 x  x 1 peso 0.068 bodega " está sin configurar
07-20-2023 @ 16:16:55 - El producto "Desodorante Natural Dama 60ML 50 x  x 1 peso 0.068 bodega " está sin configurar
07-20-2023 @ 16:16:55 - El producto "Desodorante Natural Dama 60ML 50 x  x 1 peso 0.068 bodega " está sin configurar
07-20-2023 @ 16:16:55 - El producto "Desodorante Natural Dama 60ML 50 x  x 1 peso 0.068 bodega " está sin configurar
07-20-2023 @ 16:16:55 - El producto "Desodorante Natural Dama 60ML 50 x  x 1 peso 0.068 bodega " está sin configurar
07-20-2023 @ 16:16:55 - El producto "Desodorante Natural Dama 60ML 50 x  x 1 peso 0.068 bodega " está sin configurar
07-20-2023 @ 16:16:55 - El producto "Desodorante Natural Dama 60ML 50 x  x 1 peso 0.068 bodega " está sin configurar
07-20-2023 @ 16:16:55 - El producto "Desodorante Natural Dama 60ML 50 x  x 1 peso 0.068 bodega " está sin configurar
07-20-2023 @ 16:16:55 - El producto "Desodorante Natural Dama 60ML 50 x  x 1 peso 0.068 bodega " está sin configurar
07-20-2023 @ 16:16:55 - El producto "Desodorante Natural Dama 60ML 50 x  x 1 peso 0.068 bodega " está sin configurar
07-20-2023 @ 16:17:53 - El producto "Desodorante Natural Dama 60ML 50 x  x 1 peso 0.068 bodega " está sin configurar
07-20-2023 @ 16:17:53 - El producto "Desodorante Natural Dama 60ML 50 x  x 1 peso 0.068 bodega " está sin configurar
07-20-2023 @ 16:17:53 - El producto "Desodorante Natural Dama 60ML 50 x  x 1 peso 0.068 bodega " está sin configurar
07-20-2023 @ 16:17:53 - El producto "Desodorante Natural Dama 60ML 50 x  x 1 peso 0.068 bodega " está sin configurar
07-20-2023 @ 16:17:54 - El producto "Desodorante Natural Dama 60ML 50 x  x 1 peso 0.068 bodega " está sin configurar
07-20-2023 @ 16:17:54 - El producto "Desodorante Natural Dama 60ML 50 x  x 1 peso 0.068 bodega " está sin configurar
07-20-2023 @ 16:17:54 - El producto "Desodorante Natural Dama 60ML 50 x  x 1 peso 0.068 bodega " está sin configurar
07-20-2023 @ 16:17:54 - El producto "Desodorante Natural Dama 60ML 50 x  x 1 peso 0.068 bodega " está sin configurar
07-20-2023 @ 16:17:54 - El producto "Desodorante Natural Dama 60ML 50 x  x 1 peso 0.068 bodega " está sin configurar
07-20-2023 @ 16:17:54 - El producto "Desodorante Natural Dama 60ML 50 x  x 1 peso 0.068 bodega " está sin configurar
07-20-2023 @ 16:17:55 - El producto "Desodorante Natural Dama 60ML 50 x  x 1 peso 0.068 bodega " está sin configurar
07-20-2023 @ 16:17:55 - El producto "Desodorante Natural Dama 60ML 50 x  x 1 peso 0.068 bodega " está sin configurar
07-20-2023 @ 16:17:55 - El producto "Desodorante Natural Dama 60ML 50 x  x 1 peso 0.068 bodega " está sin configurar
07-20-2023 @ 16:17:55 - El producto "Desodorante Natural Dama 60ML 50 x  x 1 peso 0.068 bodega " está sin configurar
07-20-2023 @ 16:18:18 - El producto "Desodorante Natural Dama 60ML 50 x  x 1 peso 0.068 bodega " está sin configurar
07-20-2023 @ 16:18:18 - El producto "Desodorante Natural Dama 60ML 50 x  x 1 peso 0.068 bodega " está sin configurar
07-20-2023 @ 16:18:18 - El producto "Desodorante Natural Dama 60ML 50 x  x 1 peso 0.068 bodega " está sin configurar
07-20-2023 @ 16:18:18 - El producto "Desodorante Natural Dama 60ML 50 x  x 1 peso 0.068 bodega " está sin configurar
07-20-2023 @ 16:18:19 - El producto "Desodorante Natural Dama 60ML 50 x  x 1 peso 0.068 bodega " está sin configurar
07-20-2023 @ 16:18:19 - El producto "Desodorante Natural Dama 60ML 50 x  x 1 peso 0.068 bodega " está sin configurar
07-20-2023 @ 16:18:19 - El producto "Desodorante Natural Dama 60ML 50 x  x 1 peso 0.068 bodega " está sin configurar
07-20-2023 @ 16:18:19 - El producto "Desodorante Natural Dama 60ML 50 x  x 1 peso 0.068 bodega " está sin configurar
07-20-2023 @ 16:18:19 - El producto "Desodorante Natural Dama 60ML 50 x  x 1 peso 0.068 bodega " está sin configurar
07-20-2023 @ 16:18:22 - El producto "Desodorante Natural Dama 60ML 50 x  x 1 peso 0.068 bodega " está sin configurar
07-20-2023 @ 16:18:22 - El producto "Desodorante Natural Dama 60ML 50 x  x 1 peso 0.068 bodega " está sin configurar
07-20-2023 @ 16:18:22 - El producto "Desodorante Natural Dama 60ML 50 x  x 1 peso 0.068 bodega " está sin configurar
07-20-2023 @ 16:18:22 - El producto "Desodorante Natural Dama 60ML 50 x  x 1 peso 0.068 bodega " está sin configurar
07-20-2023 @ 16:18:22 - El producto "Desodorante Natural Dama 60ML 50 x  x 1 peso 0.068 bodega " está sin configurar
07-20-2023 @ 16:18:22 - El producto "Desodorante Natural Dama 60ML 50 x  x 1 peso 0.068 bodega " está sin configurar
07-20-2023 @ 16:18:22 - El producto "Desodorante Natural Dama 60ML 50 x  x 1 peso 0.068 bodega " está sin configurar
07-20-2023 @ 16:18:22 - El producto "Desodorante Natural Dama 60ML 50 x  x 1 peso 0.068 bodega " está sin configurar
07-20-2023 @ 16:18:22 - El producto "Desodorante Natural Dama 60ML 50 x  x 1 peso 0.068 bodega " está sin configurar
07-20-2023 @ 16:18:22 - El producto "Desodorante Natural Dama 60ML 50 x  x 1 peso 0.068 bodega " está sin configurar
07-20-2023 @ 16:18:22 - El producto "Desodorante Natural Dama 60ML 50 x  x 1 peso 0.068 bodega " está sin configurar
07-20-2023 @ 16:18:22 - El producto "Desodorante Natural Dama 60ML 50 x  x 1 peso 0.068 bodega " está sin configurar
07-20-2023 @ 16:18:22 - El producto "Desodorante Natural Dama 60ML 50 x  x 1 peso 0.068 bodega " está sin configurar
07-20-2023 @ 16:18:22 - El producto "Desodorante Natural Dama 60ML 50 x  x 1 peso 0.068 bodega " está sin configurar
07-20-2023 @ 16:18:22 - El producto "Desodorante Natural Dama 60ML 50 x  x 1 peso 0.068 bodega " está sin configurar
07-20-2023 @ 16:18:22 - El producto "Desodorante Natural Dama 60ML 50 x  x 1 peso 0.068 bodega " está sin configurar
07-20-2023 @ 16:18:22 - El producto "Desodorante Natural Dama 60ML 50 x  x 1 peso 0.068 bodega " está sin configurar
07-20-2023 @ 16:18:22 - El producto "Desodorante Natural Dama 60ML 50 x  x 1 peso 0.068 bodega " está sin configurar
07-20-2023 @ 16:18:23 - El producto "Desodorante Natural Dama 60ML 50 x  x 1 peso 0.068 bodega " está sin configurar
07-20-2023 @ 16:18:23 - El producto "Desodorante Natural Dama 60ML 50 x  x 1 peso 0.068 bodega " está sin configurar
07-20-2023 @ 16:18:23 - El producto "Desodorante Natural Dama 60ML 50 x  x 1 peso 0.068 bodega " está sin configurar
07-20-2023 @ 16:18:23 - El producto "Desodorante Natural Dama 60ML 50 x  x 1 peso 0.068 bodega " está sin configurar
07-20-2023 @ 16:18:23 - El producto "Desodorante Natural Dama 60ML 50 x  x 1 peso 0.068 bodega " está sin configurar
07-20-2023 @ 16:18:23 - El producto "Desodorante Natural Dama 60ML 50 x  x 1 peso 0.068 bodega " está sin configurar
07-20-2023 @ 16:18:23 - El producto "Desodorante Natural Dama 60ML 50 x  x 1 peso 0.068 bodega " está sin configurar
07-20-2023 @ 16:18:23 - El producto "Desodorante Natural Dama 60ML 50 x  x 1 peso 0.068 bodega " está sin configurar
07-20-2023 @ 16:18:23 - El producto "Desodorante Natural Dama 60ML 50 x  x 1 peso 0.068 bodega " está sin configurar
07-20-2023 @ 16:18:23 - El producto "Desodorante Natural Dama 60ML 50 x  x 1 peso 0.068 bodega " está sin configurar
07-20-2023 @ 16:19:00 - El producto "Desodorante Natural Dama 60ML 50 x  x 1 peso 0.068 bodega " está sin configurar
07-20-2023 @ 16:19:00 - El producto "Desodorante Natural Dama 60ML 50 x  x 1 peso 0.068 bodega " está sin configurar
07-20-2023 @ 16:19:01 - El producto "Desodorante Natural Dama 60ML 50 x  x 1 peso 0.068 bodega " está sin configurar
07-20-2023 @ 16:19:01 - El producto "Desodorante Natural Dama 60ML 50 x  x 1 peso 0.068 bodega " está sin configurar
07-20-2023 @ 16:19:01 - El producto "Desodorante Natural Dama 60ML 50 x  x 1 peso 0.068 bodega " está sin configurar
07-20-2023 @ 16:19:01 - El producto "Desodorante Natural Dama 60ML 50 x  x 1 peso 0.068 bodega " está sin configurar
07-20-2023 @ 16:19:01 - El producto "Desodorante Natural Dama 60ML 50 x  x 1 peso 0.068 bodega " está sin configurar
07-20-2023 @ 16:19:01 - El producto "Desodorante Natural Dama 60ML 50 x  x 1 peso 0.068 bodega " está sin configurar
07-20-2023 @ 16:19:03 - El producto "Desodorante Natural Dama 60ML 50 x  x 1 peso 0.068 bodega " está sin configurar
07-20-2023 @ 16:19:03 - El producto "Desodorante Natural Dama 60ML 50 x  x 1 peso 0.068 bodega " está sin configurar
07-20-2023 @ 16:19:03 - El producto "Desodorante Natural Dama 60ML 50 x  x 1 peso 0.068 bodega " está sin configurar
07-20-2023 @ 16:19:03 - El producto "Desodorante Natural Dama 60ML 50 x  x 1 peso 0.068 bodega " está sin configurar
07-20-2023 @ 16:19:03 - El producto "Desodorante Natural Dama 60ML 50 x  x 1 peso 0.068 bodega " está sin configurar
07-20-2023 @ 16:19:03 - El producto "Desodorante Natural Dama 60ML 50 x  x 1 peso 0.068 bodega " está sin configurar
07-20-2023 @ 16:19:03 - El producto "Desodorante Natural Dama 60ML 50 x  x 1 peso 0.068 bodega " está sin configurar
07-20-2023 @ 16:19:03 - El producto "Desodorante Natural Dama 60ML 50 x  x 1 peso 0.068 bodega " está sin configurar
07-20-2023 @ 16:19:34 - El producto "Desodorante Natural Dama 60ML 50 x  x 1 peso 0.068 bodega " está sin configurar
07-20-2023 @ 16:19:34 - El producto "Desodorante Natural Dama 60ML 50 x  x 1 peso 0.068 bodega " está sin configurar
07-20-2023 @ 16:19:34 - El producto "Desodorante Natural Dama 60ML 50 x  x 1 peso 0.068 bodega " está sin configurar
07-20-2023 @ 16:19:34 - El producto "Desodorante Natural Dama 60ML 50 x  x 1 peso 0.068 bodega " está sin configurar
07-20-2023 @ 16:19:34 - El producto "Desodorante Natural Dama 60ML 50 x  x 1 peso 0.068 bodega " está sin configurar
07-20-2023 @ 16:19:34 - El producto "Desodorante Natural Dama 60ML 50 x  x 1 peso 0.068 bodega " está sin configurar
07-20-2023 @ 16:19:34 - El producto "Desodorante Natural Dama 60ML 50 x  x 1 peso 0.068 bodega " está sin configurar
07-20-2023 @ 16:19:34 - El producto "Desodorante Natural Dama 60ML 50 x  x 1 peso 0.068 bodega " está sin configurar
07-20-2023 @ 16:19:34 - El producto "Desodorante Natural Dama 60ML 50 x  x 1 peso 0.068 bodega " está sin configurar
07-20-2023 @ 16:19:34 - El producto "Desodorante Natural Dama 60ML 50 x  x 1 peso 0.068 bodega " está sin configurar
07-20-2023 @ 16:19:34 - El producto "Desodorante Natural Dama 60ML 50 x  x 1 peso 0.068 bodega " está sin configurar
07-20-2023 @ 16:19:34 - El producto "Desodorante Natural Dama 60ML 50 x  x 1 peso 0.068 bodega " está sin configurar
07-20-2023 @ 16:19:34 - El producto "Desodorante Natural Dama 60ML 50 x  x 1 peso 0.068 bodega " está sin configurar
07-20-2023 @ 16:19:34 - El producto "Desodorante Natural Dama 60ML 50 x  x 1 peso 0.068 bodega " está sin configurar
07-20-2023 @ 16:19:34 - El producto "Desodorante Natural Dama 60ML 50 x  x 1 peso 0.068 bodega " está sin configurar
07-20-2023 @ 16:19:34 - El producto "Desodorante Natural Dama 60ML 50 x  x 1 peso 0.068 bodega " está sin configurar
07-20-2023 @ 18:47:40 - El producto "Kit Limpieza Piel Grasa  x  x  peso  bodega " está sin configurar
07-20-2023 @ 18:47:40 - El producto "Kit Limpieza Piel Grasa  x  x  peso  bodega " está sin configurar
07-20-2023 @ 18:47:40 - El producto "Kit Limpieza Piel Grasa  x  x  peso  bodega " está sin configurar
07-20-2023 @ 18:47:40 - El producto "Kit Limpieza Piel Grasa  x  x  peso  bodega " está sin configurar
07-20-2023 @ 18:47:40 - El producto "Kit Limpieza Piel Grasa  x  x  peso  bodega " está sin configurar
07-20-2023 @ 18:47:41 - El producto "Kit Limpieza Piel Grasa  x  x  peso  bodega " está sin configurar
07-20-2023 @ 18:47:41 - El producto "Kit Limpieza Piel Grasa  x  x  peso  bodega " está sin configurar
07-20-2023 @ 18:47:41 - El producto "Kit Limpieza Piel Grasa  x  x  peso  bodega " está sin configurar
07-20-2023 @ 18:47:41 - El producto "Kit Limpieza Piel Grasa  x  x  peso  bodega " está sin configurar
07-20-2023 @ 18:47:41 - El producto "Kit Limpieza Piel Grasa  x  x  peso  bodega " está sin configurar
07-20-2023 @ 18:47:41 - El producto "Kit Limpieza Piel Grasa  x  x  peso  bodega " está sin configurar
07-20-2023 @ 18:47:41 - El producto "Kit Limpieza Piel Grasa  x  x  peso  bodega " está sin configurar
07-20-2023 @ 18:47:41 - El producto "Kit Limpieza Piel Grasa  x  x  peso  bodega " está sin configurar
07-20-2023 @ 18:48:06 - El producto "Kit Limpieza Piel Grasa  x  x  peso  bodega " está sin configurar
07-20-2023 @ 18:48:06 - El producto "Kit Limpieza Piel Grasa  x  x  peso  bodega " está sin configurar
07-20-2023 @ 18:48:06 - El producto "Kit Limpieza Piel Grasa  x  x  peso  bodega " está sin configurar
07-20-2023 @ 18:48:06 - El producto "Kit Limpieza Piel Grasa  x  x  peso  bodega " está sin configurar
07-20-2023 @ 18:48:06 - El producto "Kit Limpieza Piel Grasa  x  x  peso  bodega " está sin configurar
07-20-2023 @ 18:48:06 - El producto "Kit Limpieza Piel Grasa  x  x  peso  bodega " está sin configurar
07-20-2023 @ 18:48:06 - El producto "Kit Limpieza Piel Grasa  x  x  peso  bodega " está sin configurar
07-20-2023 @ 18:48:06 - El producto "Kit Limpieza Piel Grasa  x  x  peso  bodega " está sin configurar
07-20-2023 @ 18:48:06 - El producto "Kit Limpieza Piel Grasa  x  x  peso  bodega " está sin configurar
07-20-2023 @ 18:48:20 - El producto "Kit Limpieza Piel Grasa  x  x  peso  bodega " está sin configurar
07-20-2023 @ 18:48:20 - El producto "Kit Limpieza Piel Grasa  x  x  peso  bodega " está sin configurar
07-20-2023 @ 18:48:20 - El producto "Kit Limpieza Piel Grasa  x  x  peso  bodega " está sin configurar
07-20-2023 @ 18:48:20 - El producto "Kit Limpieza Piel Grasa  x  x  peso  bodega " está sin configurar
07-20-2023 @ 18:48:20 - El producto "Kit Limpieza Piel Grasa  x  x  peso  bodega " está sin configurar
07-20-2023 @ 18:48:20 - El producto "Kit Limpieza Piel Grasa  x  x  peso  bodega " está sin configurar
07-20-2023 @ 18:48:20 - El producto "Kit Limpieza Piel Grasa  x  x  peso  bodega " está sin configurar
07-20-2023 @ 18:48:20 - El producto "Kit Limpieza Piel Grasa  x  x  peso  bodega " está sin configurar
07-20-2023 @ 18:48:21 - El producto "Kit Limpieza Piel Grasa  x  x  peso  bodega " está sin configurar
07-20-2023 @ 18:48:21 - El producto "Kit Limpieza Piel Grasa  x  x  peso  bodega " está sin configurar
07-20-2023 @ 18:48:21 - El producto "Kit Limpieza Piel Grasa  x  x  peso  bodega " está sin configurar
07-20-2023 @ 18:48:21 - El producto "Kit Limpieza Piel Grasa  x  x  peso  bodega " está sin configurar
07-20-2023 @ 18:48:21 - El producto "Kit Limpieza Piel Grasa  x  x  peso  bodega " está sin configurar
07-20-2023 @ 18:48:21 - El producto "Kit Limpieza Piel Grasa  x  x  peso  bodega " está sin configurar
07-20-2023 @ 18:48:21 - El producto "Kit Limpieza Piel Grasa  x  x  peso  bodega " está sin configurar
07-20-2023 @ 18:48:21 - El producto "Kit Limpieza Piel Grasa  x  x  peso  bodega " está sin configurar
