05-23-2023 @ 20:30:39 - El producto "Jabón Líquido con Extractos botánicos Te Verde 250ML 50 x  x 1 peso 0.28 bodega " está sin configurar
05-23-2023 @ 20:30:49 - El producto "Jabón Líquido con Extractos botánicos Te Verde 250ML 50 x  x 1 peso 0.28 bodega " está sin configurar
05-23-2023 @ 20:30:50 - El producto "Jabón Líquido con Extractos botánicos Te Verde 250ML 50 x  x 1 peso 0.28 bodega " está sin configurar
05-23-2023 @ 21:20:15 - El producto "Tónico Natural Caléndula y Manzanilla 120 ml 50 x  x 1 peso 0.144 bodega " está sin configurar
05-23-2023 @ 21:34:48 - El producto "Lleva 2 Protector Solar con Extractos Botánicos / SPF 50+ Todo tipo de piel 80 mL y el 2do te sale con el 50% de OFF.  x  x  peso  bodega " está sin configurar
05-24-2023 @ 07:47:09 - El producto "Lleva 2 Protector Solar con Extractos Botánicos / SPF 50+ Todo tipo de piel 80 mL y el 2do te sale con el 50% de OFF.  x  x  peso  bodega " está sin configurar
05-24-2023 @ 10:15:24 - El producto "Repuesto Jabón Líquido con Extractos Botánicos Caléndula y Manzanilla 500ML  x  x  peso  bodega " está sin configurar
05-24-2023 @ 10:29:10 - El producto "Repuesto Jabón Líquido con Extractos Botánicos Caléndula y Manzanilla 500ML  x  x  peso  bodega " está sin configurar
05-24-2023 @ 10:29:43 - El producto "Repuesto Jabón Líquido con Extractos Botánicos Caléndula y Manzanilla 500ML  x  x  peso  bodega " está sin configurar
05-24-2023 @ 10:29:45 - El producto "Repuesto Jabón Líquido con Extractos Botánicos Caléndula y Manzanilla 500ML  x  x  peso  bodega " está sin configurar
05-24-2023 @ 10:29:48 - El producto "Repuesto Jabón Líquido con Extractos Botánicos Caléndula y Manzanilla 500ML  x  x  peso  bodega " está sin configurar
05-24-2023 @ 10:29:51 - El producto "Repuesto Jabón Líquido con Extractos Botánicos Caléndula y Manzanilla 500ML  x  x  peso  bodega " está sin configurar
05-24-2023 @ 10:29:55 - El producto "Repuesto Jabón Líquido con Extractos Botánicos Caléndula y Manzanilla 500ML  x  x  peso  bodega " está sin configurar
05-24-2023 @ 10:30:11 - El producto "Repuesto Jabón Líquido con Extractos Botánicos Caléndula y Manzanilla 500ML  x  x  peso  bodega " está sin configurar
05-24-2023 @ 10:30:25 - El producto "Repuesto Jabón Líquido con Extractos Botánicos Caléndula y Manzanilla 500ML  x  x  peso  bodega " está sin configurar
05-24-2023 @ 10:30:46 - El producto "Repuesto Jabón Líquido con Extractos Botánicos Caléndula y Manzanilla 500ML  x  x  peso  bodega " está sin configurar
05-24-2023 @ 10:30:51 - El producto "Repuesto Jabón Líquido con Extractos Botánicos Caléndula y Manzanilla 500ML  x  x  peso  bodega " está sin configurar
05-24-2023 @ 11:12:04 - El producto "Crema Hidratante Nutritiva Caléndula y Manzanilla 60GR 50 x  x 1 peso 0.074 bodega " está sin configurar
05-24-2023 @ 11:12:37 - El producto "Crema Hidratante Nutritiva Caléndula y Manzanilla 60GR 50 x  x 1 peso 0.074 bodega " está sin configurar
05-24-2023 @ 11:13:54 - El producto "Crema Hidratante Nutritiva Caléndula y Manzanilla 60GR 50 x  x 1 peso 0.074 bodega " está sin configurar
05-24-2023 @ 15:21:12 - El producto "Lleva 2 Protector Solar con Extractos Botánicos / SPF 50+ Todo tipo de piel 80 mL y el 2do te sale con el 50% de OFF.  x  x  peso  bodega " está sin configurar
05-24-2023 @ 16:34:11 - El producto "Jabón Barra Artesanal Caléndula y Manzanilla 100GR 50 x  x 1 peso 0.107 bodega " está sin configurar
05-24-2023 @ 16:35:36 - El producto "Jabón Barra Artesanal Caléndula y Manzanilla 100GR 50 x  x 1 peso 0.107 bodega " está sin configurar
05-24-2023 @ 16:39:31 - El producto "Lleva 2 Protector Solar con Extractos Botánicos / SPF 50+ Todo tipo de piel 80 mL y el 2do te sale con el 50% de OFF.  x  x  peso  bodega " está sin configurar
05-24-2023 @ 17:14:34 - El producto "Desodorante Natural Caballero 60ML 50 x  x 1 peso 0.068 bodega " está sin configurar
