2023-01-23T11:38:16+00:00 NOTICE action_scheduler.queue_job :: MailChimp_WooCommerce_Cart_Update queued :: obj_id 1b5d261756cef56d1388d07beb828d94
2023-01-23T11:39:11+00:00 NOTICE abandoned_cart.success :: email: natimendezgomez@gmail.com :: checkout_url: https://naturalconexion.com/checkout/?mc_cart_id=1b5d261756cef56d1388d07beb828d94
2023-01-23T11:39:11+00:00 NOTICE cart.member.updated :: Updated natimendezgomez@gmail.com subscriber status to transactional and language to es
2023-01-23T11:39:18+00:00 NOTICE action_scheduler.queue_job :: MailChimp_WooCommerce_Single_Order starts in 90 seconds :: obj_id 23136
2023-01-23T11:41:24+00:00 NOTICE order_submit :: #23136 has a financial status of pending and was skipped.
2023-01-23T11:42:07+00:00 NOTICE action_scheduler.queue_job :: MailChimp_WooCommerce_Single_Order starts in 90 seconds :: obj_id 23136
2023-01-23T11:42:11+00:00 NOTICE debug :: Order ID 23136 was pending and is now processing :: Array
(
    [new_order] => 1
    [tracking] => Array
        (
            [campaign_id] => 
            [landing_site] => https://naturalconexion.com/wp-content/plugins/woocommerce-payu-latam/confirmation.php
        )

)

2023-01-23T11:44:53+00:00 NOTICE order.member.updated :: Updated natimendezgomez@gmail.com subscriber status to transactional and language to 
2023-01-23T11:44:53+00:00 NOTICE order_submit.success :: addStoreOrder :: #23136 :: email: natimendezgomez@gmail.com :: landing site https://naturalconexion.com/wp-content/plugins/woocommerce-payu-latam/confirmation.php :: abandoned cart deleted [1b5d261756cef56d1388d07beb828d94]
2023-01-23T12:37:47+00:00 NOTICE action_scheduler.queue_job :: MailChimp_WooCommerce_Single_Order starts in 90 seconds :: obj_id 23121
2023-01-23T12:37:50+00:00 NOTICE debug :: Order ID 23121 was processing and is now completed :: Array
(
    [new_order] => 
    [tracking] => 
)

2023-01-23T12:37:50+00:00 NOTICE action_scheduler.queue_job :: MailChimp_WooCommerce_Single_Order starts in 90 seconds :: obj_id 23122
2023-01-23T12:37:53+00:00 NOTICE debug :: Order ID 23122 was processing and is now completed :: Array
(
    [new_order] => 
    [tracking] => 
)

2023-01-23T12:37:53+00:00 NOTICE action_scheduler.queue_job :: MailChimp_WooCommerce_Single_Order starts in 90 seconds :: obj_id 23123
2023-01-23T12:37:56+00:00 NOTICE debug :: Order ID 23123 was processing and is now completed :: Array
(
    [new_order] => 
    [tracking] => 
)

2023-01-23T12:37:56+00:00 NOTICE action_scheduler.queue_job :: MailChimp_WooCommerce_Single_Order starts in 90 seconds :: obj_id 23124
2023-01-23T12:37:58+00:00 NOTICE debug :: Order ID 23124 was processing and is now completed :: Array
(
    [new_order] => 
    [tracking] => 
)

2023-01-23T12:37:58+00:00 NOTICE action_scheduler.queue_job :: MailChimp_WooCommerce_Single_Order starts in 90 seconds :: obj_id 23125
2023-01-23T12:38:01+00:00 NOTICE debug :: Order ID 23125 was processing and is now completed :: Array
(
    [new_order] => 
    [tracking] => 
)

2023-01-23T12:38:01+00:00 NOTICE action_scheduler.queue_job :: MailChimp_WooCommerce_Single_Order starts in 90 seconds :: obj_id 23127
2023-01-23T12:38:03+00:00 NOTICE debug :: Order ID 23127 was processing and is now completed :: Array
(
    [new_order] => 
    [tracking] => 
)

2023-01-23T12:38:03+00:00 NOTICE action_scheduler.queue_job :: MailChimp_WooCommerce_Single_Order starts in 90 seconds :: obj_id 23129
2023-01-23T12:38:06+00:00 NOTICE debug :: Order ID 23129 was processing and is now completed :: Array
(
    [new_order] => 
    [tracking] => 
)

2023-01-23T12:38:06+00:00 NOTICE action_scheduler.queue_job :: MailChimp_WooCommerce_Single_Order starts in 90 seconds :: obj_id 23131
2023-01-23T12:38:10+00:00 NOTICE debug :: Order ID 23131 was processing and is now completed :: Array
(
    [new_order] => 
    [tracking] => 
)

2023-01-23T12:38:10+00:00 NOTICE action_scheduler.queue_job :: MailChimp_WooCommerce_Single_Order starts in 90 seconds :: obj_id 23134
2023-01-23T12:38:13+00:00 NOTICE debug :: Order ID 23134 was processing and is now completed :: Array
(
    [new_order] => 
    [tracking] => 
)

2023-01-23T12:38:13+00:00 NOTICE action_scheduler.queue_job :: MailChimp_WooCommerce_Single_Order starts in 90 seconds :: obj_id 23135
2023-01-23T12:38:15+00:00 NOTICE debug :: Order ID 23135 was processing and is now completed :: Array
(
    [new_order] => 
    [tracking] => 
)

2023-01-23T12:38:15+00:00 NOTICE action_scheduler.queue_job :: MailChimp_WooCommerce_Single_Order starts in 90 seconds :: obj_id 23136
2023-01-23T12:38:17+00:00 NOTICE debug :: Order ID 23136 was processing and is now completed :: Array
(
    [new_order] => 
    [tracking] => 
)

2023-01-23T12:39:30+00:00 NOTICE order.member.updated :: Updated licetarr@hotmail.com subscriber status to subscribed and language to 
2023-01-23T12:39:30+00:00 NOTICE order_submit.success :: updateStoreOrder :: #23121 :: email: licetarr@hotmail.com
2023-01-23T12:39:31+00:00 NOTICE order.member.updated :: Updated anamariaseguran@gmail.com subscriber status to subscribed and language to 
2023-01-23T12:39:31+00:00 NOTICE order_submit.success :: updateStoreOrder :: #23122 :: email: anamariaseguran@gmail.com
2023-01-23T12:39:32+00:00 NOTICE order.member.updated :: Updated linahernandezvalderrama@hotmail.com subscriber status to subscribed and language to 
2023-01-23T12:39:32+00:00 NOTICE order_submit.success :: updateStoreOrder :: #23123 :: email: linahernandezvalderrama@hotmail.com
2023-01-23T12:39:34+00:00 NOTICE order.member.updated :: Updated matilda589@gmail.com subscriber status to subscribed and language to 
2023-01-23T12:39:34+00:00 NOTICE order_submit.success :: updateStoreOrder :: #23124 :: email: matilda589@gmail.com
2023-01-23T12:39:35+00:00 NOTICE order.member.updated :: Updated leidylili19@hotmail.com subscriber status to subscribed and language to 
2023-01-23T12:39:35+00:00 NOTICE order_submit.success :: updateStoreOrder :: #23125 :: email: leidylili19@hotmail.com
2023-01-23T12:39:36+00:00 NOTICE order.member.updated :: Updated rsuarezg_@hotmail.com subscriber status to subscribed and language to 
2023-01-23T12:39:36+00:00 NOTICE order_submit.success :: updateStoreOrder :: #23127 :: email: rsuarezg_@hotmail.com
2023-01-23T12:39:38+00:00 NOTICE order.member.updated :: Updated torres8natalia@gmail.com subscriber status to subscribed and language to 
2023-01-23T12:39:38+00:00 NOTICE order_submit.success :: updateStoreOrder :: #23129 :: email: torres8natalia@gmail.com
2023-01-23T12:39:39+00:00 NOTICE order.member.updated :: Updated yeralgon@gmail.com subscriber status to subscribed and language to 
2023-01-23T12:39:39+00:00 NOTICE order_submit.success :: updateStoreOrder :: #23131 :: email: yeralgon@gmail.com
2023-01-23T12:39:44+00:00 NOTICE order.member.updated :: Updated karollortiz12@hotmail.com subscriber status to subscribed and language to 
2023-01-23T12:39:44+00:00 NOTICE order_submit.success :: updateStoreOrder :: #23134 :: email: karollortiz12@hotmail.com
2023-01-23T12:39:45+00:00 NOTICE order.member.updated :: Updated monica.garcia.sanchez@hotmail.com subscriber status to subscribed and language to 
2023-01-23T12:39:45+00:00 NOTICE order_submit.success :: updateStoreOrder :: #23135 :: email: monica.garcia.sanchez@hotmail.com
2023-01-23T12:39:47+00:00 NOTICE order.member.updated :: Updated natimendezgomez@gmail.com subscriber status to transactional and language to 
2023-01-23T12:39:47+00:00 NOTICE order_submit.success :: updateStoreOrder :: #23136 :: email: natimendezgomez@gmail.com
2023-01-23T14:43:32+00:00 NOTICE action_scheduler.queue_job :: MailChimp_WooCommerce_Cart_Update queued :: obj_id c52ee84541bae8af563c175bebcbf412
2023-01-23T14:43:47+00:00 NOTICE action_scheduler.queue_job :: MailChimp_WooCommerce_Single_Order starts in 90 seconds :: obj_id 23137
2023-01-23T14:44:34+00:00 NOTICE abandoned_cart.success :: email: danielatorrescomunica@gmail.com :: checkout_url: https://naturalconexion.com/checkout/?mc_cart_id=c52ee84541bae8af563c175bebcbf412
2023-01-23T14:44:34+00:00 NOTICE cart.member.updated :: Updated danielatorrescomunica@gmail.com subscriber status to subscribed and language to es
2023-01-23T14:45:39+00:00 NOTICE order_submit :: #23137 has a financial status of pending and was skipped.
2023-01-23T14:46:29+00:00 NOTICE action_scheduler.queue_job :: MailChimp_WooCommerce_Single_Order starts in 90 seconds :: obj_id 23137
2023-01-23T14:46:34+00:00 NOTICE debug :: Order ID 23137 was pending and is now processing :: Array
(
    [new_order] => 1
    [tracking] => Array
        (
            [campaign_id] => 
            [landing_site] => https://naturalconexion.com/wp-content/plugins/woocommerce-payu-latam/confirmation.php
        )

)

2023-01-23T14:48:37+00:00 NOTICE order.member.updated :: Updated danielatorrescomunica@gmail.com subscriber status to subscribed and language to 
2023-01-23T14:48:37+00:00 NOTICE order_submit.success :: addStoreOrder :: #23137 :: email: danielatorrescomunica@gmail.com :: landing site https://naturalconexion.com/wp-content/plugins/woocommerce-payu-latam/confirmation.php :: abandoned cart deleted [c52ee84541bae8af563c175bebcbf412]
2023-01-23T16:45:38+00:00 NOTICE action_scheduler.queue_job :: MailChimp_WooCommerce_Single_Order starts in 90 seconds :: obj_id 23133
2023-01-23T16:45:43+00:00 NOTICE debug :: Order ID 23133 was processing and is now completed :: Array
(
    [new_order] => 
    [tracking] => 
)

2023-01-23T16:45:43+00:00 NOTICE action_scheduler.queue_job :: MailChimp_WooCommerce_Single_Order starts in 90 seconds :: obj_id 23137
2023-01-23T16:45:46+00:00 NOTICE debug :: Order ID 23137 was processing and is now completed :: Array
(
    [new_order] => 
    [tracking] => 
)

2023-01-23T16:47:35+00:00 NOTICE order.member.updated :: Updated saso.vaju@gmail.com subscriber status to subscribed and language to 
2023-01-23T16:47:35+00:00 NOTICE order_submit.success :: updateStoreOrder :: #23133 :: email: saso.vaju@gmail.com
2023-01-23T16:47:36+00:00 NOTICE order.member.updated :: Updated danielatorrescomunica@gmail.com subscriber status to subscribed and language to 
2023-01-23T16:47:36+00:00 NOTICE order_submit.success :: updateStoreOrder :: #23137 :: email: danielatorrescomunica@gmail.com
2023-01-23T19:18:08+00:00 NOTICE action_scheduler.queue_job :: MailChimp_WooCommerce_Cart_Update queued :: obj_id 84fac337e0fdb2fce16e66f4d6dd3983
2023-01-23T19:18:40+00:00 NOTICE abandoned_cart.success :: email: dayis1286@hotmail.com :: checkout_url: https://naturalconexion.com/checkout/?mc_cart_id=84fac337e0fdb2fce16e66f4d6dd3983
2023-01-23T19:18:40+00:00 NOTICE cart.member.updated :: Updated dayis1286@hotmail.com subscriber status to transactional and language to es
2023-01-23T19:38:22+00:00 NOTICE action_scheduler.queue_job :: MailChimp_WooCommerce_Single_Product starts in 5 seconds :: obj_id 7570
2023-01-23T19:38:29+00:00 NOTICE action_scheduler.queue_job :: MailChimp_WooCommerce_Single_Product starts in 5 seconds :: obj_id 7430
2023-01-23T19:38:35+00:00 NOTICE product_submit.success :: updateStoreProduct :: #7570
2023-01-23T19:38:35+00:00 NOTICE product_submit.success :: updateStoreProduct :: #7430
2023-01-23T19:42:49+00:00 NOTICE action_scheduler.queue_job :: MailChimp_WooCommerce_Single_Product starts in 5 seconds :: obj_id 7518
2023-01-23T19:43:35+00:00 NOTICE product_submit.success :: updateStoreProduct :: #7518
2023-01-23T19:43:35+00:00 NOTICE action_scheduler.queue_job :: MailChimp_WooCommerce_Single_Product starts in 5 seconds :: obj_id 7516
2023-01-23T19:43:49+00:00 NOTICE product_submit.success :: updateStoreProduct :: #7516
2023-01-23T19:48:53+00:00 NOTICE action_scheduler.queue_job :: MailChimp_WooCommerce_Single_Product starts in 5 seconds :: obj_id 7604
2023-01-23T19:49:55+00:00 NOTICE product_submit.success :: updateStoreProduct :: #7604
2023-01-23T21:37:00+00:00 NOTICE action_scheduler.queue_job :: MailChimp_WooCommerce_Cart_Update queued :: obj_id 9ee2e409fe01b119b96311855e155d4b
2023-01-23T21:37:33+00:00 NOTICE abandoned_cart.success :: email: melissaalzate05@gmail.com :: checkout_url: https://naturalconexion.com/checkout/?mc_cart_id=9ee2e409fe01b119b96311855e155d4b
2023-01-23T21:37:33+00:00 NOTICE cart.member.updated :: Updated melissaalzate05@gmail.com subscriber status to transactional and language to es
2023-01-23T21:39:06+00:00 NOTICE action_scheduler.queue_job :: MailChimp_WooCommerce_Single_Order starts in 90 seconds :: obj_id 23143
2023-01-23T21:40:57+00:00 NOTICE order_submit :: #23143 has a financial status of pending and was skipped.
2023-01-23T21:42:04+00:00 NOTICE action_scheduler.queue_job :: MailChimp_WooCommerce_Single_Order starts in 90 seconds :: obj_id 23143
2023-01-23T21:42:07+00:00 NOTICE debug :: Order ID 23143 was pending and is now processing :: Array
(
    [new_order] => 1
    [tracking] => Array
        (
            [campaign_id] => 
            [landing_site] => https://naturalconexion.com/wp-content/plugins/woocommerce-payu-latam/confirmation.php
        )

)

2023-01-23T21:44:03+00:00 NOTICE order.member.updated :: Updated melissaalzate05@gmail.com subscriber status to subscribed and language to 
2023-01-23T21:44:03+00:00 NOTICE order_submit.success :: addStoreOrder :: #23143 :: email: melissaalzate05@gmail.com :: landing site https://naturalconexion.com/wp-content/plugins/woocommerce-payu-latam/confirmation.php :: abandoned cart deleted [9ee2e409fe01b119b96311855e155d4b]
