2023-05-21T01:41:12+00:00 NOTICE action_scheduler.queue_job :: MailChimp_WooCommerce_Cart_Update queued :: obj_id 579c5fa80cbf3fa16f3ab734b615f76b
2023-05-21T01:41:42+00:00 NOTICE action_scheduler.queue_job :: MailChimp_WooCommerce_Single_Order starts in 90 seconds :: obj_id 24412
2023-05-21T01:42:07+00:00 NOTICE abandoned_cart.success :: email: jehisonjd7@gmail.com :: checkout_url: https://naturalconexion.com/checkout/?mc_cart_id=579c5fa80cbf3fa16f3ab734b615f76b
2023-05-21T01:42:07+00:00 NOTICE cart.member.updated :: Updated jehisonjd7@gmail.com subscriber status to transactional and language to es
2023-05-21T01:43:17+00:00 NOTICE order_submit :: #24412 has a financial status of pending and was skipped.
2023-05-21T01:45:53+00:00 NOTICE action_scheduler.queue_job :: MailChimp_WooCommerce_Single_Order starts in 90 seconds :: obj_id 24412
2023-05-21T01:45:55+00:00 NOTICE debug :: Order ID 24412 was pending and is now processing :: Array
(
    [new_order] => 1
    [tracking] => Array
        (
            [campaign_id] => 
            [landing_site] => https://naturalconexion.com/wp-content/plugins/woocommerce-payu-latam/confirmation.php
        )

)

2023-05-21T01:49:06+00:00 NOTICE order.member.updated :: Updated Jehisonjd7@gmail.com subscriber status to subscribed and language to 
2023-05-21T01:49:06+00:00 NOTICE order_submit.success :: addStoreOrder :: #24412 :: email: Jehisonjd7@gmail.com :: landing site https://naturalconexion.com/wp-content/plugins/woocommerce-payu-latam/confirmation.php :: abandoned cart deleted [579c5fa80cbf3fa16f3ab734b615f76b]
2023-05-21T02:16:18+00:00 NOTICE action_scheduler.queue_job :: MailChimp_WooCommerce_Single_Order starts in 90 seconds :: obj_id 24413
2023-05-21T02:19:13+00:00 NOTICE order_submit :: #24413 has a financial status of pending and was skipped.
2023-05-21T03:44:40+00:00 NOTICE action_scheduler.queue_job :: MailChimp_WooCommerce_Single_Order starts in 90 seconds :: obj_id 24413
2023-05-21T03:44:40+00:00 NOTICE debug :: Order ID 24413 was pending and is now cancelled :: Array
(
    [new_order] => 
    [tracking] => 
)

2023-05-21T03:46:20+00:00 NOTICE order_submit :: #24413 has a financial status of cancelled and was skipped.
2023-05-21T04:37:17+00:00 NOTICE action_scheduler.queue_job :: MailChimp_WooCommerce_Single_Order starts in 90 seconds :: obj_id 24413
2023-05-21T04:37:22+00:00 NOTICE debug :: Order ID 24413 was cancelled and is now processing :: Array
(
    [new_order] => 
    [tracking] => 
)

2023-05-21T04:40:07+00:00 NOTICE order.member.updated :: Updated jhek370@hotmail.com subscriber status to subscribed and language to 
2023-05-21T04:40:07+00:00 NOTICE order_submit.success :: addStoreOrder :: #24413 :: email: jhek370@hotmail.com :: landing site https://naturalconexion.com/wp-content/plugins/woocommerce-payu-latam/confirmation.php
2023-05-21T05:10:35+00:00 NOTICE action_scheduler.queue_job :: MailChimp_WooCommerce_Single_Order starts in 90 seconds :: obj_id 24326
2023-05-21T05:10:35+00:00 NOTICE debug :: Order ID 24326 was cancelled and is now failed :: Array
(
    [new_order] => 
    [tracking] => 
)

2023-05-21T11:53:13+00:00 NOTICE action_scheduler.queue_job :: MailChimp_WooCommerce_Single_Order starts in 90 seconds :: obj_id 24414
2023-05-21T11:53:13+00:00 NOTICE action_scheduler.queue_job :: MailChimp_WooCommerce_Cart_Update queued :: obj_id 03d989a1a048d975169b5737dd15ac8f
2023-05-21T11:54:14+00:00 NOTICE abandoned_cart.success :: email: sandralop@gmail.com :: checkout_url: https://naturalconexion.com/checkout/?mc_cart_id=03d989a1a048d975169b5737dd15ac8f
2023-05-21T11:54:14+00:00 NOTICE cart.member.updated :: Updated sandralop@gmail.com subscriber status to transactional and language to es
2023-05-21T11:55:39+00:00 NOTICE debug :: Order ID 24414 was pending and is now processing :: Array
(
    [new_order] => 1
    [tracking] => Array
        (
            [campaign_id] => 
            [landing_site] => https://naturalconexion.com/wp-content/plugins/woocommerce-payu-latam/confirmation.php
        )

)

2023-05-21T11:57:54+00:00 NOTICE order.member.updated :: Updated Sandralop@gmail.com subscriber status to subscribed and language to es
2023-05-21T11:57:54+00:00 NOTICE order_submit.success :: addStoreOrder :: #24414 :: email: Sandralop@gmail.com :: landing site https://naturalconexion.com/?gclid=CjwKCAjwgqejBhBAEiwAuWHioPAT6ltTsJXiQcNQNdZ2m0xtFwlmiSFSU7IxuBY4cxriF5rd6XJLJhoC97cQAvD_BwE :: abandoned cart deleted [03d989a1a048d975169b5737dd15ac8f]
2023-05-21T17:05:21+00:00 NOTICE action_scheduler.queue_job :: MailChimp_WooCommerce_Cart_Update queued :: obj_id 33b11fb203614c5202087fbe5afbc917
2023-05-21T17:05:46+00:00 NOTICE abandoned_cart.success :: email: jessicayarce@gmail.com :: checkout_url: https://naturalconexion.com/checkout/?mc_cart_id=33b11fb203614c5202087fbe5afbc917
2023-05-21T17:05:47+00:00 NOTICE cart.member.updated :: Updated jessicayarce@gmail.com subscriber status to transactional and language to es
2023-05-21T17:51:29+00:00 NOTICE action_scheduler.queue_job :: MailChimp_WooCommerce_Cart_Update queued :: obj_id 0c6ab79b5a279af7799948c12f58ab0a
2023-05-21T17:52:05+00:00 NOTICE action_scheduler.queue_job :: MailChimp_WooCommerce_Single_Order starts in 90 seconds :: obj_id 24415
2023-05-21T17:52:20+00:00 NOTICE abandoned_cart.success :: email: andreagaitanospina@gmail.com :: checkout_url: https://naturalconexion.com/checkout/?mc_cart_id=0c6ab79b5a279af7799948c12f58ab0a
2023-05-21T17:52:21+00:00 NOTICE cart.member.updated :: Updated andreagaitanospina@gmail.com subscriber status to transactional and language to es
2023-05-21T17:53:42+00:00 NOTICE order_submit :: #24415 has a financial status of pending and was skipped.
2023-05-21T17:54:28+00:00 NOTICE action_scheduler.queue_job :: MailChimp_WooCommerce_Cart_Update queued :: obj_id 0c6ab79b5a279af7799948c12f58ab0a
2023-05-21T17:56:08+00:00 NOTICE abandoned_cart.success :: email: andreagaitanospina@gmail.com :: checkout_url: https://naturalconexion.com/checkout/?mc_cart_id=0c6ab79b5a279af7799948c12f58ab0a
2023-05-21T19:06:34+00:00 NOTICE action_scheduler.queue_job :: MailChimp_WooCommerce_Single_Order starts in 90 seconds :: obj_id 24415
2023-05-21T19:06:35+00:00 NOTICE debug :: Order ID 24415 was pending and is now cancelled :: Array
(
    [new_order] => 
    [tracking] => 
)

2023-05-21T19:08:46+00:00 NOTICE order_submit :: #24415 has a financial status of cancelled and was skipped.
