2022-07-14T00:36:12+00:00 NOTICE action_scheduler.queue_job :: MailChimp_WooCommerce_Cart_Update queued :: obj_id e04a8f3b93e50429abdda62d50906dfa
2022-07-14T00:36:47+00:00 NOTICE abandoned_cart.success :: email: melissatezz49@gmail.com :: checkout_url: https://naturalconexion.com/checkout/?mc_cart_id=e04a8f3b93e50429abdda62d50906dfa
2022-07-14T00:36:47+00:00 NOTICE cart.member.updated :: Updated melissatezz49@gmail.com subscriber status to transactional and language to es
2022-07-14T03:08:51+00:00 NOTICE action_scheduler.queue_job :: MailChimp_WooCommerce_Cart_Update queued :: obj_id 1bd1a9bb860cb4ce22e01380f02823f2
2022-07-14T03:09:33+00:00 NOTICE abandoned_cart.success :: email: mihogarly@hotmail.com :: checkout_url: https://naturalconexion.com/checkout/?mc_cart_id=1bd1a9bb860cb4ce22e01380f02823f2
2022-07-14T03:09:34+00:00 NOTICE cart.member.updated :: Updated mihogarly@hotmail.com subscriber status to subscribed and language to es
2022-07-14T03:10:52+00:00 NOTICE action_scheduler.queue_job :: MailChimp_WooCommerce_Single_Order starts in 90 seconds :: obj_id 21089
2022-07-14T03:14:18+00:00 NOTICE order_submit :: #21089 has a financial status of pending and was skipped.
2022-07-14T03:23:44+00:00 NOTICE action_scheduler.queue_job :: MailChimp_WooCommerce_Cart_Update queued :: obj_id 157776d983262f15de4824a5b4076c68
2022-07-14T03:23:45+00:00 NOTICE abandoned_cart.success :: email: ana.maria.borbon@hotmail.com :: checkout_url: https://naturalconexion.com/checkout/?mc_cart_id=157776d983262f15de4824a5b4076c68
2022-07-14T03:23:46+00:00 NOTICE cart.member.updated :: Updated ana.maria.borbon@hotmail.com subscriber status to transactional and language to es
2022-07-14T03:24:41+00:00 NOTICE action_scheduler.queue_job :: MailChimp_WooCommerce_User_Submit queued :: obj_id 2262
2022-07-14T03:24:43+00:00 NOTICE action_scheduler.queue_job :: MailChimp_WooCommerce_Single_Order starts in 90 seconds :: obj_id 21090
2022-07-14T03:25:25+00:00 NOTICE member.sync :: Updated Member ana.maria.borbon@hotmail.com :: Array
(
    [previous_status] => transactional
    [status] => 1
    [language] => 
    [merge_fields] => Array
        (
            [FNAME] => Ana María
            [LNAME] => Borbón Vélez
        )

    [gdpr_fields] => 
)

2022-07-14T03:25:34+00:00 NOTICE action_scheduler.queue_job :: MailChimp_WooCommerce_Cart_Update queued :: obj_id 14da88a38bc4691e353368c4fcd98f12
2022-07-14T03:25:47+00:00 NOTICE abandoned_cart.success :: email: linaro_@hotmail.com :: checkout_url: https://naturalconexion.com/checkout/?mc_cart_id=14da88a38bc4691e353368c4fcd98f12
2022-07-14T03:25:47+00:00 NOTICE cart.member.updated :: Updated linaro_@hotmail.com subscriber status to transactional and language to es
2022-07-14T03:25:48+00:00 NOTICE action_scheduler.queue_job :: MailChimp_WooCommerce_Cart_Update queued :: obj_id 157776d983262f15de4824a5b4076c68
2022-07-14T03:25:51+00:00 NOTICE action_scheduler.queue_job :: MailChimp_WooCommerce_Single_Order starts in 90 seconds :: obj_id 21091
2022-07-14T03:25:53+00:00 NOTICE abandoned_cart.success :: email: ana.maria.borbon@hotmail.com :: checkout_url: https://naturalconexion.com/checkout/?mc_cart_id=157776d983262f15de4824a5b4076c68
2022-07-14T03:26:03+00:00 NOTICE action_scheduler.queue_job :: MailChimp_WooCommerce_Cart_Update queued :: obj_id 157776d983262f15de4824a5b4076c68
2022-07-14T03:26:27+00:00 NOTICE abandoned_cart.success :: email: ana.maria.borbon@hotmail.com :: checkout_url: https://naturalconexion.com/checkout/?mc_cart_id=157776d983262f15de4824a5b4076c68
2022-07-14T03:26:28+00:00 NOTICE order_submit :: #21090 has a financial status of pending and was skipped.
2022-07-14T03:27:04+00:00 NOTICE action_scheduler.queue_job :: MailChimp_WooCommerce_Cart_Update queued :: obj_id 157776d983262f15de4824a5b4076c68
2022-07-14T03:27:36+00:00 NOTICE abandoned_cart.success :: email: ana.maria.borbon@hotmail.com :: checkout_url: https://naturalconexion.com/checkout/?mc_cart_id=157776d983262f15de4824a5b4076c68
2022-07-14T03:27:37+00:00 NOTICE order_submit :: #21091 has a financial status of pending and was skipped.
2022-07-14T03:28:27+00:00 NOTICE action_scheduler.queue_job :: MailChimp_WooCommerce_Cart_Update queued :: obj_id 157776d983262f15de4824a5b4076c68
2022-07-14T03:28:37+00:00 NOTICE abandoned_cart.success :: email: ana.maria.borbon@hotmail.com :: checkout_url: https://naturalconexion.com/checkout/?mc_cart_id=157776d983262f15de4824a5b4076c68
2022-07-14T03:28:40+00:00 NOTICE action_scheduler.queue_job :: MailChimp_WooCommerce_Cart_Update queued :: obj_id 157776d983262f15de4824a5b4076c68
2022-07-14T03:28:44+00:00 NOTICE abandoned_cart.success :: email: ana.maria.borbon@hotmail.com :: checkout_url: https://naturalconexion.com/checkout/?mc_cart_id=157776d983262f15de4824a5b4076c68
2022-07-14T03:29:06+00:00 NOTICE action_scheduler.queue_job :: MailChimp_WooCommerce_Cart_Update queued :: obj_id 157776d983262f15de4824a5b4076c68
2022-07-14T03:29:39+00:00 NOTICE abandoned_cart.success :: email: ana.maria.borbon@hotmail.com :: checkout_url: https://naturalconexion.com/checkout/?mc_cart_id=157776d983262f15de4824a5b4076c68
2022-07-14T03:30:04+00:00 NOTICE action_scheduler.queue_job :: MailChimp_WooCommerce_User_Submit queued :: obj_id 2262
2022-07-14T03:30:04+00:00 NOTICE action_scheduler.queue_job :: MailChimp_WooCommerce_Single_Order starts in 90 seconds :: obj_id 21092
2022-07-14T03:30:21+00:00 NOTICE action_scheduler.queue_job :: MailChimp_WooCommerce_Single_Order starts in 90 seconds :: obj_id 21091
2022-07-14T03:30:23+00:00 NOTICE debug :: Order ID 21091 was pending and is now processing :: Array
(
    [new_order] => 1
    [tracking] => Array
        (
            [campaign_id] => 
            [landing_site] => https://naturalconexion.com/wp-content/plugins/woocommerce-payu-latam/confirmation.php
        )

)

2022-07-14T03:31:23+00:00 NOTICE debug :: Order ID 21092 was pending and is now processing :: Array
(
    [new_order] => 1
    [tracking] => Array
        (
            [campaign_id] => 
            [landing_site] => https://naturalconexion.com/wp-content/plugins/woocommerce-payu-latam/confirmation.php
        )

)

2022-07-14T03:32:05+00:00 NOTICE member.sync :: Updated Member ana.maria.borbon@hotmail.com :: Array
(
    [status] => subscribed
    [language] => 
    [merge_fields] => Array
        (
            [FNAME] => Ana María
            [LNAME] => Borbón Vélez
        )

    [gdpr_fields] => 
)

2022-07-14T03:32:07+00:00 NOTICE order.member.updated :: Updated linaro_@hotmail.com subscriber status to transactional and language to 
2022-07-14T03:32:07+00:00 NOTICE order_submit.success :: addStoreOrder :: #21091 :: email: linaro_@hotmail.com :: landing site https://naturalconexion.com/wp-content/plugins/woocommerce-payu-latam/confirmation.php :: abandoned cart deleted [14da88a38bc4691e353368c4fcd98f12]
2022-07-14T03:33:17+00:00 NOTICE order.member.updated :: Updated ana.maria.borbon@hotmail.com subscriber status to subscribed and language to es
2022-07-14T03:33:17+00:00 NOTICE order_submit.success :: addStoreOrder :: #21092 :: email: ana.maria.borbon@hotmail.com :: landing site https://naturalconexion.com/checkout/order-pay/21090/?key=wc_order_0SWe69zNWao2E :: abandoned cart deleted [157776d983262f15de4824a5b4076c68]
2022-07-14T10:52:01+00:00 NOTICE action_scheduler.queue_job :: MailChimp_WooCommerce_Single_Order starts in 90 seconds :: obj_id 21093
2022-07-14T10:53:51+00:00 NOTICE order_submit :: #21093 has a financial status of pending and was skipped.
2022-07-14T10:54:51+00:00 NOTICE action_scheduler.queue_job :: MailChimp_WooCommerce_Single_Order starts in 90 seconds :: obj_id 21093
2022-07-14T10:54:53+00:00 NOTICE debug :: Order ID 21093 was pending and is now processing :: Array
(
    [new_order] => 1
    [tracking] => Array
        (
            [campaign_id] => 
            [landing_site] => https://naturalconexion.com/wp-content/plugins/woocommerce-payu-latam/confirmation.php
        )

)

2022-07-14T10:59:51+00:00 NOTICE order.member.updated :: Updated Sarazpt@gmail.com subscriber status to subscribed and language to 
2022-07-14T10:59:51+00:00 NOTICE order_submit.success :: addStoreOrder :: #21093 :: email: Sarazpt@gmail.com :: landing site https://naturalconexion.com/wp-content/plugins/woocommerce-payu-latam/confirmation.php
2022-07-14T12:18:53+00:00 NOTICE action_scheduler.queue_job :: MailChimp_WooCommerce_Single_Order starts in 90 seconds :: obj_id 21075
2022-07-14T12:18:56+00:00 NOTICE debug :: Order ID 21075 was processing and is now completed :: Array
(
    [new_order] => 
    [tracking] => 
)

2022-07-14T12:18:56+00:00 NOTICE action_scheduler.queue_job :: MailChimp_WooCommerce_Single_Order starts in 90 seconds :: obj_id 21078
2022-07-14T12:18:58+00:00 NOTICE debug :: Order ID 21078 was processing and is now completed :: Array
(
    [new_order] => 
    [tracking] => 
)

2022-07-14T12:18:58+00:00 NOTICE action_scheduler.queue_job :: MailChimp_WooCommerce_Single_Order starts in 90 seconds :: obj_id 21079
2022-07-14T12:19:01+00:00 NOTICE debug :: Order ID 21079 was processing and is now completed :: Array
(
    [new_order] => 
    [tracking] => 
)

2022-07-14T12:19:01+00:00 NOTICE action_scheduler.queue_job :: MailChimp_WooCommerce_Single_Order starts in 90 seconds :: obj_id 21080
2022-07-14T12:19:03+00:00 NOTICE debug :: Order ID 21080 was processing and is now completed :: Array
(
    [new_order] => 
    [tracking] => 
)

2022-07-14T12:19:03+00:00 NOTICE action_scheduler.queue_job :: MailChimp_WooCommerce_Single_Order starts in 90 seconds :: obj_id 21082
2022-07-14T12:19:05+00:00 NOTICE debug :: Order ID 21082 was processing and is now completed :: Array
(
    [new_order] => 
    [tracking] => 
)

2022-07-14T12:19:05+00:00 NOTICE action_scheduler.queue_job :: MailChimp_WooCommerce_Single_Order starts in 90 seconds :: obj_id 21083
2022-07-14T12:19:07+00:00 NOTICE debug :: Order ID 21083 was processing and is now completed :: Array
(
    [new_order] => 
    [tracking] => 
)

2022-07-14T12:19:07+00:00 NOTICE action_scheduler.queue_job :: MailChimp_WooCommerce_Single_Order starts in 90 seconds :: obj_id 21084
2022-07-14T12:19:10+00:00 NOTICE debug :: Order ID 21084 was processing and is now completed :: Array
(
    [new_order] => 
    [tracking] => 
)

2022-07-14T12:19:10+00:00 NOTICE action_scheduler.queue_job :: MailChimp_WooCommerce_Single_Order starts in 90 seconds :: obj_id 21085
2022-07-14T12:19:12+00:00 NOTICE debug :: Order ID 21085 was processing and is now completed :: Array
(
    [new_order] => 
    [tracking] => 
)

2022-07-14T12:19:12+00:00 NOTICE action_scheduler.queue_job :: MailChimp_WooCommerce_Single_Order starts in 90 seconds :: obj_id 21087
2022-07-14T12:19:14+00:00 NOTICE debug :: Order ID 21087 was processing and is now completed :: Array
(
    [new_order] => 
    [tracking] => 
)

2022-07-14T12:20:42+00:00 NOTICE order.member.updated :: Updated angiejuliethmartinezparra@gmail.com subscriber status to subscribed and language to 
2022-07-14T12:20:42+00:00 NOTICE order_submit.success :: updateStoreOrder :: #21075 :: email: angiejuliethmartinezparra@gmail.com
2022-07-14T12:20:44+00:00 NOTICE order.member.updated :: Updated manuabrilruiz06@gmail.com subscriber status to subscribed and language to 
2022-07-14T12:20:44+00:00 NOTICE order_submit.success :: updateStoreOrder :: #21078 :: email: manuabrilruiz06@gmail.com
2022-07-14T12:20:45+00:00 NOTICE order.member.updated :: Updated marcela.herlon@outlook.com subscriber status to subscribed and language to 
2022-07-14T12:20:45+00:00 NOTICE order_submit.success :: updateStoreOrder :: #21079 :: email: marcela.herlon@outlook.com
2022-07-14T12:20:47+00:00 NOTICE order.member.updated :: Updated erikaro7@gmail.com subscriber status to subscribed and language to 
2022-07-14T12:20:47+00:00 NOTICE order_submit.success :: updateStoreOrder :: #21080 :: email: erikaro7@gmail.com
2022-07-14T12:20:48+00:00 NOTICE order.member.updated :: Updated carolinap5618@hotmail.com subscriber status to subscribed and language to 
2022-07-14T12:20:48+00:00 NOTICE order_submit.success :: updateStoreOrder :: #21082 :: email: carolinap5618@hotmail.com
2022-07-14T12:20:49+00:00 NOTICE order.member.updated :: Updated Johannaariasgiraldo@gmail.com subscriber status to subscribed and language to 
2022-07-14T12:20:49+00:00 NOTICE order_submit.success :: updateStoreOrder :: #21083 :: email: Johannaariasgiraldo@gmail.com
2022-07-14T12:20:50+00:00 NOTICE order.member.updated :: Updated valeenvms@gmail.com subscriber status to subscribed and language to 
2022-07-14T12:20:50+00:00 NOTICE order_submit.success :: updateStoreOrder :: #21084 :: email: valeenvms@gmail.com
2022-07-14T12:20:52+00:00 NOTICE order.member.updated :: Updated solarange-legal@yahoo.com subscriber status to transactional and language to 
2022-07-14T12:20:52+00:00 NOTICE order_submit.success :: updateStoreOrder :: #21085 :: email: solarange-legal@yahoo.com
2022-07-14T12:20:53+00:00 NOTICE order.member.updated :: Updated yannysnadyn@gmail.com subscriber status to subscribed and language to 
2022-07-14T12:20:53+00:00 NOTICE order_submit.success :: updateStoreOrder :: #21087 :: email: yannysnadyn@gmail.com
2022-07-14T13:20:42+00:00 NOTICE action_scheduler.queue_job :: MailChimp_WooCommerce_Single_Order starts in 90 seconds :: obj_id 21088
2022-07-14T13:20:45+00:00 NOTICE debug :: Order ID 21088 was processing and is now completed :: Array
(
    [new_order] => 
    [tracking] => 
)

2022-07-14T13:20:45+00:00 NOTICE action_scheduler.queue_job :: MailChimp_WooCommerce_Single_Order starts in 90 seconds :: obj_id 21091
2022-07-14T13:20:48+00:00 NOTICE debug :: Order ID 21091 was processing and is now completed :: Array
(
    [new_order] => 
    [tracking] => 
)

2022-07-14T13:20:48+00:00 NOTICE action_scheduler.queue_job :: MailChimp_WooCommerce_Single_Order starts in 90 seconds :: obj_id 21092
2022-07-14T13:20:50+00:00 NOTICE debug :: Order ID 21092 was processing and is now completed :: Array
(
    [new_order] => 
    [tracking] => 
)

2022-07-14T13:20:50+00:00 NOTICE action_scheduler.queue_job :: MailChimp_WooCommerce_Single_Order starts in 90 seconds :: obj_id 21093
2022-07-14T13:20:52+00:00 NOTICE debug :: Order ID 21093 was processing and is now completed :: Array
(
    [new_order] => 
    [tracking] => 
)

2022-07-14T13:23:19+00:00 NOTICE order.member.updated :: Updated lorenaolivaresbaquero@gmail.com subscriber status to subscribed and language to 
2022-07-14T13:23:19+00:00 NOTICE order_submit.success :: updateStoreOrder :: #21088 :: email: lorenaolivaresbaquero@gmail.com
2022-07-14T13:23:20+00:00 NOTICE order.member.updated :: Updated linaro_@hotmail.com subscriber status to transactional and language to 
2022-07-14T13:23:20+00:00 NOTICE order_submit.success :: updateStoreOrder :: #21091 :: email: linaro_@hotmail.com
2022-07-14T13:23:22+00:00 NOTICE order.member.updated :: Updated ana.maria.borbon@hotmail.com subscriber status to subscribed and language to 
2022-07-14T13:23:22+00:00 NOTICE order_submit.success :: updateStoreOrder :: #21092 :: email: ana.maria.borbon@hotmail.com
2022-07-14T13:23:23+00:00 NOTICE order.member.updated :: Updated Sarazpt@gmail.com subscriber status to subscribed and language to 
2022-07-14T13:23:23+00:00 NOTICE order_submit.success :: updateStoreOrder :: #21093 :: email: Sarazpt@gmail.com
2022-07-14T13:47:43+00:00 NOTICE action_scheduler.queue_job :: MailChimp_WooCommerce_Cart_Update queued :: obj_id c4e2efcbc66553690e2490c9d8cc9a13
2022-07-14T13:48:14+00:00 NOTICE abandoned_cart.success :: email: doris.cortesm@gmail.com :: checkout_url: https://naturalconexion.com/checkout/?mc_cart_id=c4e2efcbc66553690e2490c9d8cc9a13
2022-07-14T13:48:14+00:00 NOTICE cart.member.updated :: Updated doris.cortesm@gmail.com subscriber status to transactional and language to es
2022-07-14T16:04:47+00:00 NOTICE action_scheduler.queue_job :: MailChimp_WooCommerce_Cart_Update queued :: obj_id 30f85b7fdc97783219ae4bb153f6e7f9
2022-07-14T16:05:05+00:00 NOTICE abandoned_cart.success :: email: sapeca91@hotmail.com :: checkout_url: https://naturalconexion.com/checkout/?mc_cart_id=30f85b7fdc97783219ae4bb153f6e7f9
2022-07-14T16:05:05+00:00 NOTICE cart.member.updated :: Updated sapeca91@hotmail.com subscriber status to transactional and language to es
2022-07-14T16:08:17+00:00 NOTICE action_scheduler.queue_job :: MailChimp_WooCommerce_Cart_Update queued :: obj_id 30f85b7fdc97783219ae4bb153f6e7f9
2022-07-14T16:08:22+00:00 NOTICE abandoned_cart.success :: email: sapeca91@hotmail.com :: checkout_url: https://naturalconexion.com/checkout/?mc_cart_id=30f85b7fdc97783219ae4bb153f6e7f9
2022-07-14T16:08:56+00:00 NOTICE action_scheduler.queue_job :: MailChimp_WooCommerce_Single_Order starts in 90 seconds :: obj_id 21101
2022-07-14T16:10:32+00:00 NOTICE order_submit :: #21101 has a financial status of pending and was skipped.
2022-07-14T16:10:51+00:00 NOTICE action_scheduler.queue_job :: MailChimp_WooCommerce_Single_Order starts in 90 seconds :: obj_id 21101
2022-07-14T16:10:59+00:00 NOTICE debug :: Order ID 21101 was pending and is now processing :: Array
(
    [new_order] => 1
    [tracking] => Array
        (
            [campaign_id] => 
            [landing_site] => https://naturalconexion.com/wp-content/plugins/woocommerce-payu-latam/confirmation.php
        )

)

2022-07-14T16:12:48+00:00 NOTICE order.member.updated :: Updated sapeca91@hotmail.com subscriber status to subscribed and language to 
2022-07-14T16:12:48+00:00 NOTICE order_submit.success :: addStoreOrder :: #21101 :: email: sapeca91@hotmail.com :: landing site https://naturalconexion.com/wp-content/plugins/woocommerce-payu-latam/confirmation.php :: abandoned cart deleted [30f85b7fdc97783219ae4bb153f6e7f9]
2022-07-14T17:13:30+00:00 NOTICE action_scheduler.queue_job :: MailChimp_WooCommerce_User_Submit queued :: obj_id 2263
2022-07-14T17:13:47+00:00 NOTICE member.sync :: paolita19chaparrita@gmail.com is Pending Double OptIn
2022-07-14T20:12:29+00:00 NOTICE action_scheduler.queue_job :: MailChimp_WooCommerce_Cart_Update queued :: obj_id 013a24252babbbb3c1c109efacd9d0d8
2022-07-14T20:12:56+00:00 NOTICE action_scheduler.queue_job :: MailChimp_WooCommerce_Single_Order starts in 90 seconds :: obj_id 21115
2022-07-14T20:13:06+00:00 NOTICE abandoned_cart.success :: email: altamares@gmail.com :: checkout_url: https://naturalconexion.com/checkout/?mc_cart_id=013a24252babbbb3c1c109efacd9d0d8
2022-07-14T20:13:07+00:00 NOTICE cart.member.updated :: Updated altamares@gmail.com subscriber status to transactional and language to es
2022-07-14T20:15:43+00:00 NOTICE order_submit :: #21115 has a financial status of pending and was skipped.
2022-07-14T20:15:51+00:00 NOTICE action_scheduler.queue_job :: MailChimp_WooCommerce_Single_Order starts in 90 seconds :: obj_id 21115
2022-07-14T20:15:55+00:00 NOTICE debug :: Order ID 21115 was pending and is now processing :: Array
(
    [new_order] => 1
    [tracking] => Array
        (
            [campaign_id] => 
            [landing_site] => https://naturalconexion.com/wp-content/plugins/woocommerce-payu-latam/confirmation.php
        )

)

2022-07-14T20:17:47+00:00 NOTICE order.member.updated :: Updated altamares@gmail.com subscriber status to subscribed and language to 
2022-07-14T20:17:47+00:00 NOTICE order_submit.success :: addStoreOrder :: #21115 :: email: altamares@gmail.com :: landing site https://naturalconexion.com/wp-content/plugins/woocommerce-payu-latam/confirmation.php :: abandoned cart deleted [013a24252babbbb3c1c109efacd9d0d8]
2022-07-14T21:07:21+00:00 NOTICE action_scheduler.queue_job :: MailChimp_WooCommerce_SingleCoupon queued :: obj_id 16246
2022-07-14T21:07:46+00:00 NOTICE promo_code_submit.success :: #16246 :: code: cumpleaños10%
2022-07-14T21:23:14+00:00 NOTICE action_scheduler.queue_job :: MailChimp_WooCommerce_Cart_Update queued :: obj_id b217b275aa3bd642a4f3745ed2230e97
2022-07-14T21:23:19+00:00 NOTICE abandoned_cart.success :: email: claudiaccallejas@hotmail.com :: checkout_url: https://naturalconexion.com/checkout/?mc_cart_id=b217b275aa3bd642a4f3745ed2230e97
2022-07-14T21:23:19+00:00 NOTICE cart.member.updated :: Updated claudiaccallejas@hotmail.com subscriber status to subscribed and language to es
2022-07-14T21:23:45+00:00 NOTICE action_scheduler.queue_job :: MailChimp_WooCommerce_SingleCoupon queued :: obj_id 16246
2022-07-14T21:23:48+00:00 NOTICE promo_code_submit.success :: #16246 :: code: cumpleañosconnatural
2022-07-14T21:25:02+00:00 NOTICE action_scheduler.queue_job :: MailChimp_WooCommerce_SingleCoupon queued :: obj_id 16246
2022-07-14T21:25:24+00:00 NOTICE promo_code_submit.success :: #16246 :: code: cumpleañosconnatural
2022-07-14T21:33:44+00:00 NOTICE action_scheduler.queue_job :: MailChimp_WooCommerce_Cart_Update queued :: obj_id 046222af7f69c8ca94254dd024b0fe08
2022-07-14T21:33:47+00:00 NOTICE abandoned_cart.success :: email: dianag406@gmail.com :: checkout_url: https://naturalconexion.com/checkout/?mc_cart_id=046222af7f69c8ca94254dd024b0fe08
2022-07-14T21:33:47+00:00 NOTICE cart.member.updated :: Updated dianag406@gmail.com subscriber status to subscribed and language to es
2022-07-14T21:35:00+00:00 NOTICE action_scheduler.queue_job :: MailChimp_WooCommerce_Cart_Update queued :: obj_id 046222af7f69c8ca94254dd024b0fe08
2022-07-14T21:35:46+00:00 NOTICE abandoned_cart.success :: email: dianag406@gmail.com :: checkout_url: https://naturalconexion.com/checkout/?mc_cart_id=046222af7f69c8ca94254dd024b0fe08
2022-07-14T21:35:46+00:00 NOTICE action_scheduler.queue_job :: MailChimp_WooCommerce_Cart_Update queued :: obj_id 046222af7f69c8ca94254dd024b0fe08
2022-07-14T21:35:47+00:00 NOTICE abandoned_cart.success :: email: dianag406@gmail.com :: checkout_url: https://naturalconexion.com/checkout/?mc_cart_id=046222af7f69c8ca94254dd024b0fe08
2022-07-14T21:39:08+00:00 NOTICE action_scheduler.queue_job :: MailChimp_WooCommerce_Cart_Update queued :: obj_id 046222af7f69c8ca94254dd024b0fe08
2022-07-14T21:39:48+00:00 NOTICE abandoned_cart.success :: email: dianag406@gmail.com :: checkout_url: https://naturalconexion.com/checkout/?mc_cart_id=046222af7f69c8ca94254dd024b0fe08
2022-07-14T21:42:01+00:00 NOTICE action_scheduler.queue_job :: MailChimp_WooCommerce_User_Submit queued :: obj_id 1744
2022-07-14T21:42:16+00:00 NOTICE action_scheduler.queue_job :: MailChimp_WooCommerce_Cart_Update queued :: obj_id 046222af7f69c8ca94254dd024b0fe08
2022-07-14T21:42:59+00:00 NOTICE member.sync :: Updated Member julaleoa@gmail.com :: Array
(
    [status] => subscribed
    [language] => 
    [merge_fields] => Array
        (
            [FNAME] => Julieth
            [LNAME] => Oviedo
        )

    [gdpr_fields] => 
)

2022-07-14T21:42:59+00:00 NOTICE abandoned_cart.success :: email: dianag406@gmail.com :: checkout_url: https://naturalconexion.com/checkout/?mc_cart_id=046222af7f69c8ca94254dd024b0fe08
2022-07-14T21:44:11+00:00 NOTICE action_scheduler.queue_job :: MailChimp_WooCommerce_Cart_Update queued :: obj_id d56dd0042c767b754985db228d1181d1
2022-07-14T21:45:10+00:00 NOTICE action_scheduler.queue_job :: MailChimp_WooCommerce_User_Submit queued :: obj_id 1875
2022-07-14T21:45:11+00:00 NOTICE action_scheduler.queue_job :: MailChimp_WooCommerce_Single_Order starts in 90 seconds :: obj_id 21118
2022-07-14T21:45:17+00:00 NOTICE action_scheduler.queue_job :: MailChimp_WooCommerce_Cart_Update queued :: obj_id d56dd0042c767b754985db228d1181d1
2022-07-14T21:45:17+00:00 NOTICE abandoned_cart.success :: email: julaleoa@gmail.com :: checkout_url: https://naturalconexion.com/checkout/?mc_cart_id=d56dd0042c767b754985db228d1181d1
2022-07-14T21:45:18+00:00 NOTICE cart.member.updated :: Updated julaleoa@gmail.com subscriber status to subscribed and language to es
2022-07-14T21:45:19+00:00 NOTICE member.sync :: Updated Member dianag406@gmail.com :: Array
(
    [status] => subscribed
    [language] => 
    [merge_fields] => Array
        (
            [FNAME] => Diana
            [LNAME] => Gutiérrez
        )

    [gdpr_fields] => 
)

2022-07-14T21:45:19+00:00 NOTICE abandoned_cart.success :: email: julaleoa@gmail.com :: checkout_url: https://naturalconexion.com/checkout/?mc_cart_id=d56dd0042c767b754985db228d1181d1
2022-07-14T21:47:37+00:00 NOTICE order_submit :: #21118 has a financial status of pending and was skipped.
2022-07-14T21:47:55+00:00 NOTICE action_scheduler.queue_job :: MailChimp_WooCommerce_User_Submit queued :: obj_id 1744
2022-07-14T21:47:55+00:00 NOTICE action_scheduler.queue_job :: MailChimp_WooCommerce_Single_Order starts in 90 seconds :: obj_id 21119
2022-07-14T21:47:57+00:00 NOTICE member.sync :: Updated Member julaleoa@gmail.com :: Array
(
    [status] => subscribed
    [language] => 
    [merge_fields] => Array
        (
            [FNAME] => Julieth
            [LNAME] => Oviedo
        )

    [gdpr_fields] => 
)

2022-07-14T21:49:46+00:00 NOTICE order_submit :: #21119 has a financial status of pending and was skipped.
2022-07-14T21:50:21+00:00 NOTICE action_scheduler.queue_job :: MailChimp_WooCommerce_Single_Order starts in 90 seconds :: obj_id 21119
2022-07-14T21:50:24+00:00 NOTICE debug :: Order ID 21119 was pending and is now processing :: Array
(
    [new_order] => 1
    [tracking] => Array
        (
            [campaign_id] => 
            [landing_site] => https://naturalconexion.com/wp-content/plugins/woocommerce-payu-latam/confirmation.php
        )

)

2022-07-14T21:50:35+00:00 NOTICE action_scheduler.queue_job :: MailChimp_WooCommerce_Single_Order starts in 90 seconds :: obj_id 21118
2022-07-14T21:50:38+00:00 NOTICE debug :: Order ID 21118 was pending and is now processing :: Array
(
    [new_order] => 1
    [tracking] => Array
        (
            [campaign_id] => 
            [landing_site] => https://naturalconexion.com/wp-content/plugins/woocommerce-payu-latam/confirmation.php
        )

)

2022-07-14T21:51:14+00:00 NOTICE action_scheduler.queue_job :: MailChimp_WooCommerce_Single_Order starts in 90 seconds :: obj_id 21120
2022-07-14T21:51:55+00:00 NOTICE order.member.updated :: Updated julaleoa@gmail.com subscriber status to subscribed and language to 
2022-07-14T21:51:55+00:00 NOTICE order_submit.success :: addStoreOrder :: #21119 :: email: julaleoa@gmail.com :: landing site https://naturalconexion.com/wp-content/plugins/woocommerce-payu-latam/confirmation.php :: abandoned cart deleted [d56dd0042c767b754985db228d1181d1]
2022-07-14T21:52:15+00:00 NOTICE order.member.updated :: Updated dianag406@gmail.com subscriber status to subscribed and language to 
2022-07-14T21:52:15+00:00 NOTICE order_submit.success :: addStoreOrder :: #21118 :: email: dianag406@gmail.com :: landing site https://naturalconexion.com/wp-content/plugins/woocommerce-payu-latam/confirmation.php :: abandoned cart deleted [046222af7f69c8ca94254dd024b0fe08]
2022-07-14T21:53:46+00:00 NOTICE order_submit :: #21120 has a financial status of pending and was skipped.
2022-07-14T21:53:59+00:00 NOTICE action_scheduler.queue_job :: MailChimp_WooCommerce_Single_Order starts in 90 seconds :: obj_id 21120
2022-07-14T21:54:01+00:00 NOTICE debug :: Order ID 21120 was pending and is now processing :: Array
(
    [new_order] => 1
    [tracking] => Array
        (
            [campaign_id] => 
            [landing_site] => https://naturalconexion.com/wp-content/plugins/woocommerce-payu-latam/confirmation.php
        )

)

2022-07-14T21:55:47+00:00 NOTICE order.member.updated :: Updated claudiaccallejas@hotmail.com subscriber status to subscribed and language to 
2022-07-14T21:55:47+00:00 NOTICE order_submit.success :: addStoreOrder :: #21120 :: email: claudiaccallejas@hotmail.com :: landing site https://naturalconexion.com/wp-content/plugins/woocommerce-payu-latam/confirmation.php :: abandoned cart deleted [b217b275aa3bd642a4f3745ed2230e97]
2022-07-14T23:27:37+00:00 NOTICE action_scheduler.queue_job :: MailChimp_WooCommerce_Single_Order starts in 90 seconds :: obj_id 21074
2022-07-14T23:27:40+00:00 NOTICE debug :: Order ID 21074 was cancelled and is now processing :: Array
(
    [new_order] => 
    [tracking] => 
)

2022-07-14T23:29:48+00:00 NOTICE order.member.updated :: Updated nariassalgado@gmail.com subscriber status to transactional and language to 
2022-07-14T23:29:48+00:00 NOTICE order_submit.success :: addStoreOrder :: #21074 :: email: nariassalgado@gmail.com :: landing site https://naturalconexion.com/wp-content/plugins/woocommerce-payu-latam/confirmation.php
