2023-05-14T01:46:07+00:00 NOTICE action_scheduler.queue_job :: MailChimp_WooCommerce_Single_Order starts in 90 seconds :: obj_id 24330
2023-05-14T01:47:58+00:00 NOTICE order_submit :: #24330 has a financial status of pending and was skipped.
2023-05-14T01:50:02+00:00 NOTICE action_scheduler.queue_job :: MailChimp_WooCommerce_Single_Order starts in 90 seconds :: obj_id 24330
2023-05-14T01:50:05+00:00 NOTICE debug :: Order ID 24330 was pending and is now processing :: Array
(
    [new_order] => 1
    [tracking] => Array
        (
            [campaign_id] => 
            [landing_site] => https://naturalconexion.com/?wc-api=wc_addi_gateway
        )

)

2023-05-14T01:52:39+00:00 NOTICE order.member.updated :: Updated luisacelada1@gmail.com subscriber status to subscribed and language to 
2023-05-14T01:52:39+00:00 NOTICE order_submit.success :: addStoreOrder :: #24330 :: email: luisacelada1@gmail.com :: landing site https://naturalconexion.com/?wc-api=wc_addi_gateway
2023-05-14T03:38:14+00:00 NOTICE action_scheduler.queue_job :: MailChimp_WooCommerce_Cart_Update queued :: obj_id 86a2c1dcc563493dba4415d776d67bca
2023-05-14T03:38:18+00:00 NOTICE abandoned_cart.success :: email: daniela.vasmo@gmail.com :: checkout_url: https://naturalconexion.com/checkout/?mc_cart_id=86a2c1dcc563493dba4415d776d67bca
2023-05-14T03:38:19+00:00 NOTICE cart.member.updated :: Updated daniela.vasmo@gmail.com subscriber status to transactional and language to es
2023-05-14T03:39:07+00:00 NOTICE action_scheduler.queue_job :: MailChimp_WooCommerce_Cart_Update queued :: obj_id 86a2c1dcc563493dba4415d776d67bca
2023-05-14T03:39:36+00:00 NOTICE action_scheduler.queue_job :: MailChimp_WooCommerce_Single_Order starts in 90 seconds :: obj_id 24331
2023-05-14T03:39:40+00:00 NOTICE abandoned_cart.success :: email: daniela.vasmo@gmail.com :: checkout_url: https://naturalconexion.com/checkout/?mc_cart_id=86a2c1dcc563493dba4415d776d67bca
2023-05-14T03:41:17+00:00 NOTICE order_submit :: #24331 has a financial status of pending and was skipped.
2023-05-14T03:41:31+00:00 NOTICE action_scheduler.queue_job :: MailChimp_WooCommerce_Single_Order starts in 90 seconds :: obj_id 24331
2023-05-14T03:41:34+00:00 NOTICE debug :: Order ID 24331 was pending and is now processing :: Array
(
    [new_order] => 1
    [tracking] => Array
        (
            [campaign_id] => 
            [landing_site] => https://naturalconexion.com/wp-content/plugins/woocommerce-payu-latam/confirmation.php
        )

)

2023-05-14T03:43:31+00:00 NOTICE order.member.updated :: Updated daniela.vasmo@gmail.com subscriber status to transactional and language to 
2023-05-14T03:43:31+00:00 NOTICE order_submit.success :: addStoreOrder :: #24331 :: email: daniela.vasmo@gmail.com :: landing site https://naturalconexion.com/wp-content/plugins/woocommerce-payu-latam/confirmation.php :: abandoned cart deleted [86a2c1dcc563493dba4415d776d67bca]
2023-05-14T12:08:03+00:00 NOTICE action_scheduler.queue_job :: MailChimp_WooCommerce_Cart_Update queued :: obj_id 6a61f0336d3bb4455f4251e768a6f998
2023-05-14T12:08:05+00:00 NOTICE abandoned_cart.success :: email: dominique.jeanneret@hotmail.com :: checkout_url: https://naturalconexion.com/checkout/?mc_cart_id=6a61f0336d3bb4455f4251e768a6f998
2023-05-14T12:08:05+00:00 NOTICE cart.member.updated :: Updated dominique.jeanneret@hotmail.com subscriber status to transactional and language to es
2023-05-14T12:08:27+00:00 NOTICE action_scheduler.queue_job :: MailChimp_WooCommerce_Cart_Update queued :: obj_id 6a61f0336d3bb4455f4251e768a6f998
2023-05-14T12:08:29+00:00 NOTICE abandoned_cart.success :: email: dominique.jeanneret@hotmail.com :: checkout_url: https://naturalconexion.com/checkout/?mc_cart_id=6a61f0336d3bb4455f4251e768a6f998
2023-05-14T12:08:34+00:00 NOTICE action_scheduler.queue_job :: MailChimp_WooCommerce_Single_Order starts in 90 seconds :: obj_id 24332
2023-05-14T12:10:03+00:00 NOTICE debug :: Order ID 24332 was pending and is now processing :: Array
(
    [new_order] => 1
    [tracking] => Array
        (
            [campaign_id] => 
            [landing_site] => https://naturalconexion.com/wp-content/plugins/woocommerce-payu-latam/confirmation.php
        )

)

2023-05-14T12:11:45+00:00 NOTICE order.member.updated :: Updated dominique.jeanneret@hotmail.com subscriber status to transactional and language to es
2023-05-14T12:11:45+00:00 NOTICE order_submit.success :: addStoreOrder :: #24332 :: email: dominique.jeanneret@hotmail.com :: landing site https://naturalconexion.com/?fbclid=IwAR0LhEyQmPpgHTPMKX_1FgUGuFg7V1fBNNmovbDc9cj0o8vi_kMZGHdaZHc :: abandoned cart deleted [6a61f0336d3bb4455f4251e768a6f998]
2023-05-14T12:14:42+00:00 NOTICE action_scheduler.queue_job :: MailChimp_WooCommerce_Cart_Update queued :: obj_id 77dd0b0b1c9dce74f20d7742bd22dbba
2023-05-14T12:15:44+00:00 NOTICE abandoned_cart.success :: email: angelie_11@hotmail.com :: checkout_url: https://naturalconexion.com/checkout/?mc_cart_id=77dd0b0b1c9dce74f20d7742bd22dbba
2023-05-14T12:15:44+00:00 NOTICE cart.member.updated :: Updated angelie_11@hotmail.com subscriber status to subscribed and language to es
2023-05-14T12:17:32+00:00 NOTICE action_scheduler.queue_job :: MailChimp_WooCommerce_Cart_Update queued :: obj_id 77dd0b0b1c9dce74f20d7742bd22dbba
2023-05-14T12:18:01+00:00 NOTICE abandoned_cart.success :: email: angelie_11@hotmail.com :: checkout_url: https://naturalconexion.com/checkout/?mc_cart_id=77dd0b0b1c9dce74f20d7742bd22dbba
2023-05-14T12:20:14+00:00 NOTICE action_scheduler.queue_job :: MailChimp_WooCommerce_Cart_Update queued :: obj_id 77dd0b0b1c9dce74f20d7742bd22dbba
2023-05-14T12:20:14+00:00 NOTICE action_scheduler.queue_job :: MailChimp_WooCommerce_Single_Order starts in 90 seconds :: obj_id 24333
2023-05-14T12:20:17+00:00 NOTICE abandoned_cart.success :: email: angelie_11@hotmail.com :: checkout_url: https://naturalconexion.com/checkout/?mc_cart_id=77dd0b0b1c9dce74f20d7742bd22dbba
2023-05-14T12:21:44+00:00 NOTICE order_submit :: #24333 has a financial status of pending and was skipped.
2023-05-14T12:22:53+00:00 NOTICE action_scheduler.queue_job :: MailChimp_WooCommerce_Single_Order starts in 90 seconds :: obj_id 24333
2023-05-14T12:22:58+00:00 NOTICE debug :: Order ID 24333 was pending and is now processing :: Array
(
    [new_order] => 1
    [tracking] => Array
        (
            [campaign_id] => 
            [landing_site] => https://naturalconexion.com/wp-content/plugins/woocommerce-payu-latam/confirmation.php
        )

)

2023-05-14T12:29:06+00:00 NOTICE order.member.updated :: Updated angelie_11@hotmail.com subscriber status to subscribed and language to 
2023-05-14T12:29:06+00:00 NOTICE order_submit.success :: addStoreOrder :: #24333 :: email: angelie_11@hotmail.com :: landing site https://naturalconexion.com/wp-content/plugins/woocommerce-payu-latam/confirmation.php :: abandoned cart deleted [77dd0b0b1c9dce74f20d7742bd22dbba]
