2023-02-18T00:54:15+00:00 NOTICE action_scheduler.queue_job :: MailChimp_WooCommerce_Cart_Update queued :: obj_id 046222af7f69c8ca94254dd024b0fe08
2023-02-18T00:54:28+00:00 NOTICE abandoned_cart.success :: email: dianag406@gmail.com :: checkout_url: https://naturalconexion.com/checkout/?mc_cart_id=046222af7f69c8ca94254dd024b0fe08
2023-02-18T00:54:28+00:00 NOTICE cart.member.updated :: Updated dianag406@gmail.com subscriber status to subscribed and language to es
2023-02-18T00:54:39+00:00 NOTICE action_scheduler.queue_job :: MailChimp_WooCommerce_Cart_Update queued :: obj_id 046222af7f69c8ca94254dd024b0fe08
2023-02-18T00:54:41+00:00 NOTICE abandoned_cart.success :: email: dianag406@gmail.com :: checkout_url: https://naturalconexion.com/checkout/?mc_cart_id=046222af7f69c8ca94254dd024b0fe08
2023-02-18T00:54:50+00:00 NOTICE action_scheduler.queue_job :: MailChimp_WooCommerce_Cart_Update queued :: obj_id 046222af7f69c8ca94254dd024b0fe08
2023-02-18T00:55:30+00:00 NOTICE abandoned_cart.success :: email: dianag406@gmail.com :: checkout_url: https://naturalconexion.com/checkout/?mc_cart_id=046222af7f69c8ca94254dd024b0fe08
2023-02-18T00:57:20+00:00 NOTICE action_scheduler.queue_job :: MailChimp_WooCommerce_Cart_Update queued :: obj_id 046222af7f69c8ca94254dd024b0fe08
2023-02-18T00:57:59+00:00 NOTICE abandoned_cart.success :: email: dianag406@gmail.com :: checkout_url: https://naturalconexion.com/checkout/?mc_cart_id=046222af7f69c8ca94254dd024b0fe08
2023-02-18T01:01:58+00:00 NOTICE action_scheduler.queue_job :: MailChimp_WooCommerce_Cart_Update queued :: obj_id 046222af7f69c8ca94254dd024b0fe08
2023-02-18T01:02:27+00:00 NOTICE abandoned_cart.success :: email: dianag406@gmail.com :: checkout_url: https://naturalconexion.com/checkout/?mc_cart_id=046222af7f69c8ca94254dd024b0fe08
2023-02-18T01:06:16+00:00 NOTICE action_scheduler.queue_job :: MailChimp_WooCommerce_User_Submit queued :: obj_id 1875
2023-02-18T01:06:16+00:00 NOTICE action_scheduler.queue_job :: MailChimp_WooCommerce_Single_Order starts in 90 seconds :: obj_id 23313
2023-02-18T01:07:10+00:00 NOTICE member.sync :: Updated Member dianag406@gmail.com :: Array
(
    [status] => subscribed
    [language] => 
    [merge_fields] => Array
        (
            [FNAME] => Diana
            [LNAME] => Gutiérrez
        )

    [gdpr_fields] => 
)

2023-02-18T01:08:52+00:00 NOTICE order_submit :: #23313 has a financial status of pending and was skipped.
2023-02-18T01:09:42+00:00 NOTICE action_scheduler.queue_job :: MailChimp_WooCommerce_Single_Order starts in 90 seconds :: obj_id 23313
2023-02-18T01:09:45+00:00 NOTICE debug :: Order ID 23313 was pending and is now processing :: Array
(
    [new_order] => 1
    [tracking] => Array
        (
            [campaign_id] => 
            [landing_site] => https://naturalconexion.com/wp-content/plugins/woocommerce-payu-latam/confirmation.php
        )

)

2023-02-18T01:12:01+00:00 NOTICE order.member.updated :: Updated dianag406@gmail.com subscriber status to subscribed and language to 
2023-02-18T01:12:01+00:00 NOTICE order_submit.success :: addStoreOrder :: #23313 :: email: dianag406@gmail.com :: landing site https://naturalconexion.com/wp-content/plugins/woocommerce-payu-latam/confirmation.php :: abandoned cart deleted [046222af7f69c8ca94254dd024b0fe08]
2023-02-18T01:45:08+00:00 NOTICE action_scheduler.queue_job :: MailChimp_WooCommerce_Single_Order starts in 90 seconds :: obj_id 23308
2023-02-18T01:45:11+00:00 NOTICE debug :: Order ID 23308 was cancelled and is now processing :: Array
(
    [new_order] => 
    [tracking] => 
)

2023-02-18T01:46:44+00:00 NOTICE order.member.updated :: Updated estebanr.24@hotmail.com subscriber status to subscribed and language to 
2023-02-18T01:46:44+00:00 NOTICE order_submit.success :: addStoreOrder :: #23308 :: email: estebanr.24@hotmail.com :: landing site https://naturalconexion.com/wp-content/plugins/woocommerce-payu-latam/confirmation.php
2023-02-18T14:02:36+00:00 NOTICE action_scheduler.queue_job :: MailChimp_WooCommerce_Single_Order starts in 90 seconds :: obj_id 23314
2023-02-18T14:02:36+00:00 NOTICE action_scheduler.queue_job :: MailChimp_WooCommerce_Cart_Update queued :: obj_id 970f5c3042b5d01852436845d9ac5661
2023-02-18T14:02:38+00:00 NOTICE abandoned_cart.success :: email: md.londonog@gmail.com :: checkout_url: https://naturalconexion.com/checkout/?mc_cart_id=970f5c3042b5d01852436845d9ac5661
2023-02-18T14:02:39+00:00 NOTICE cart.member.updated :: Updated md.londonog@gmail.com subscriber status to transactional and language to es
2023-02-18T14:05:32+00:00 NOTICE order_submit :: #23314 has a financial status of pending and was skipped.
2023-02-18T14:06:05+00:00 NOTICE action_scheduler.queue_job :: MailChimp_WooCommerce_Single_Order starts in 90 seconds :: obj_id 23314
2023-02-18T14:06:08+00:00 NOTICE debug :: Order ID 23314 was pending and is now processing :: Array
(
    [new_order] => 1
    [tracking] => Array
        (
            [campaign_id] => 
            [landing_site] => https://naturalconexion.com/wp-content/plugins/woocommerce-payu-latam/confirmation.php
        )

)

2023-02-18T14:07:58+00:00 NOTICE order.member.updated :: Updated Md.londonog@gmail.com subscriber status to subscribed and language to 
2023-02-18T14:07:58+00:00 NOTICE order_submit.success :: addStoreOrder :: #23314 :: email: Md.londonog@gmail.com :: landing site https://naturalconexion.com/wp-content/plugins/woocommerce-payu-latam/confirmation.php :: abandoned cart deleted [970f5c3042b5d01852436845d9ac5661]
2023-02-18T14:52:56+00:00 NOTICE action_scheduler.queue_job :: MailChimp_WooCommerce_Cart_Update queued :: obj_id 8fbba98c730295ca1faf093b43ffdb26
2023-02-18T14:52:58+00:00 NOTICE abandoned_cart.success :: email: linis.maria.ortega@gmail.com :: checkout_url: https://naturalconexion.com/checkout/?mc_cart_id=8fbba98c730295ca1faf093b43ffdb26
2023-02-18T14:52:58+00:00 NOTICE cart.member.updated :: Updated linis.maria.ortega@gmail.com subscriber status to transactional and language to es
2023-02-18T14:53:00+00:00 NOTICE action_scheduler.queue_job :: MailChimp_WooCommerce_Single_Order starts in 90 seconds :: obj_id 23315
2023-02-18T14:55:14+00:00 NOTICE order_submit :: #23315 has a financial status of pending and was skipped.
2023-02-18T14:58:15+00:00 NOTICE action_scheduler.queue_job :: MailChimp_WooCommerce_Single_Order starts in 90 seconds :: obj_id 23315
2023-02-18T14:58:18+00:00 NOTICE debug :: Order ID 23315 was pending and is now processing :: Array
(
    [new_order] => 1
    [tracking] => Array
        (
            [campaign_id] => 
            [landing_site] => https://naturalconexion.com/wp-content/plugins/woocommerce-payu-latam/confirmation.php
        )

)

2023-02-18T15:00:08+00:00 NOTICE order.member.updated :: Updated linis.maria.ortega@gmail.com subscriber status to subscribed and language to 
2023-02-18T15:00:08+00:00 NOTICE order_submit.success :: addStoreOrder :: #23315 :: email: linis.maria.ortega@gmail.com :: landing site https://naturalconexion.com/wp-content/plugins/woocommerce-payu-latam/confirmation.php :: abandoned cart deleted [8fbba98c730295ca1faf093b43ffdb26]
2023-02-18T20:25:25+00:00 NOTICE action_scheduler.queue_job :: MailChimp_WooCommerce_Single_Order starts in 90 seconds :: obj_id 23316
2023-02-18T20:26:57+00:00 NOTICE order_submit :: #23316 has a financial status of pending and was skipped.
2023-02-18T20:30:07+00:00 NOTICE action_scheduler.queue_job :: MailChimp_WooCommerce_Single_Order starts in 90 seconds :: obj_id 23316
2023-02-18T20:30:10+00:00 NOTICE debug :: Order ID 23316 was pending and is now processing :: Array
(
    [new_order] => 1
    [tracking] => Array
        (
            [campaign_id] => 
            [landing_site] => https://naturalconexion.com/wp-content/plugins/woocommerce-payu-latam/confirmation.php
        )

)

2023-02-18T20:32:15+00:00 NOTICE order.member.updated :: Updated arelisbarrosvym@gmail.com subscriber status to subscribed and language to 
2023-02-18T20:32:15+00:00 NOTICE order_submit.success :: addStoreOrder :: #23316 :: email: arelisbarrosvym@gmail.com :: landing site https://naturalconexion.com/wp-content/plugins/woocommerce-payu-latam/confirmation.php
