2022-06-11T01:25:10+00:00 NOTICE action_scheduler.queue_job :: MailChimp_WooCommerce_Cart_Update queued :: obj_id 66ecbcd2c9ac442b9a04a567b0581c87
2022-06-11T01:25:27+00:00 NOTICE abandoned_cart.success :: email: soniadelpi22@gmail.com :: checkout_url: https://naturalconexion.com/checkout/?mc_cart_id=66ecbcd2c9ac442b9a04a567b0581c87
2022-06-11T01:25:27+00:00 NOTICE cart.member.updated :: Updated soniadelpi22@gmail.com subscriber status to subscribed and language to es
2022-06-11T01:26:10+00:00 NOTICE action_scheduler.queue_job :: MailChimp_WooCommerce_Single_Order starts in 90 seconds :: obj_id 20574
2022-06-11T01:28:24+00:00 NOTICE order_sumbit :: #20574 has a financial status of pending and was skipped.
2022-06-11T01:29:08+00:00 NOTICE action_scheduler.queue_job :: MailChimp_WooCommerce_Single_Order starts in 90 seconds :: obj_id 20574
2022-06-11T01:29:11+00:00 NOTICE debug :: Order ID 20574 was pending and is now processing :: Array
(
    [new_order] => 1
    [tracking] => Array
        (
            [campaign_id] => 
            [landing_site] => https://naturalconexion.com/wp-content/plugins/woocommerce-payu-latam/confirmation.php
        )

)

2022-06-11T01:30:54+00:00 NOTICE order.member.updated :: Updated soniadelpi22@gmail.com subscriber status to subscribed and language to 
2022-06-11T01:30:54+00:00 NOTICE order_submit.success :: addStoreOrder :: #20574 :: email: soniadelpi22@gmail.com :: landing site https://naturalconexion.com/wp-content/plugins/woocommerce-payu-latam/confirmation.php :: abandoned cart deleted [66ecbcd2c9ac442b9a04a567b0581c87]
2022-06-11T04:53:39+00:00 NOTICE action_scheduler.queue_job :: MailChimp_WooCommerce_Cart_Update queued :: obj_id 82947c88757d8e342614b8d7aadda793
2022-06-11T04:53:41+00:00 NOTICE abandoned_cart.success :: email: julyllalo@hotmail.com :: checkout_url: https://naturalconexion.com/checkout/?mc_cart_id=82947c88757d8e342614b8d7aadda793
2022-06-11T04:53:41+00:00 NOTICE cart.member.updated :: Updated julyllalo@hotmail.com subscriber status to transactional and language to es
2022-06-11T04:54:42+00:00 NOTICE action_scheduler.queue_job :: MailChimp_WooCommerce_Single_Order starts in 90 seconds :: obj_id 20575
2022-06-11T04:58:20+00:00 NOTICE debug :: Order ID 20575 was pending and is now processing :: Array
(
    [new_order] => 1
    [tracking] => Array
        (
            [campaign_id] => 
            [landing_site] => https://naturalconexion.com/wp-content/plugins/woocommerce-payu-latam/confirmation.php
        )

)

2022-06-11T05:00:35+00:00 NOTICE order.member.updated :: Updated julyllalo@hotmail.com subscriber status to subscribed and language to es
2022-06-11T05:00:35+00:00 NOTICE order_submit.success :: addStoreOrder :: #20575 :: email: julyllalo@hotmail.com :: landing site https://naturalconexion.com/ :: abandoned cart deleted [82947c88757d8e342614b8d7aadda793]
2022-06-11T10:38:36+00:00 NOTICE action_scheduler.queue_job :: MailChimp_WooCommerce_Cart_Update queued :: obj_id ab4beb3cc9b1534d1e1afbeb764965d1
2022-06-11T10:38:39+00:00 NOTICE abandoned_cart.success :: email: angelicasopo7@gmail.com :: checkout_url: https://naturalconexion.com/checkout/?mc_cart_id=ab4beb3cc9b1534d1e1afbeb764965d1
2022-06-11T10:38:39+00:00 NOTICE cart.member.updated :: Updated angelicasopo7@gmail.com subscriber status to subscribed and language to es
2022-06-11T10:40:21+00:00 NOTICE action_scheduler.queue_job :: MailChimp_WooCommerce_Single_Order starts in 90 seconds :: obj_id 20576
2022-06-11T10:41:22+00:00 NOTICE action_scheduler.queue_job :: MailChimp_WooCommerce_Cart_Update queued :: obj_id ab4beb3cc9b1534d1e1afbeb764965d1
2022-06-11T10:41:52+00:00 NOTICE abandoned_cart.success :: email: angelicasopo7@gmail.com :: checkout_url: https://naturalconexion.com/checkout/?mc_cart_id=ab4beb3cc9b1534d1e1afbeb764965d1
2022-06-11T10:41:52+00:00 NOTICE order_sumbit :: #20576 has a financial status of pending and was skipped.
2022-06-11T10:41:54+00:00 NOTICE action_scheduler.queue_job :: MailChimp_WooCommerce_Cart_Update queued :: obj_id ab4beb3cc9b1534d1e1afbeb764965d1
2022-06-11T10:42:00+00:00 NOTICE abandoned_cart.success :: email: angelicasopo7@gmail.com :: checkout_url: https://naturalconexion.com/checkout/?mc_cart_id=ab4beb3cc9b1534d1e1afbeb764965d1
2022-06-11T10:42:21+00:00 NOTICE action_scheduler.queue_job :: MailChimp_WooCommerce_Cart_Update queued :: obj_id ab4beb3cc9b1534d1e1afbeb764965d1
2022-06-11T10:42:52+00:00 NOTICE abandoned_cart.success :: email: angelicasopo7@gmail.com :: checkout_url: https://naturalconexion.com/checkout/?mc_cart_id=ab4beb3cc9b1534d1e1afbeb764965d1
2022-06-11T10:43:52+00:00 NOTICE action_scheduler.queue_job :: MailChimp_WooCommerce_Single_Order starts in 90 seconds :: obj_id 20577
2022-06-11T10:46:06+00:00 NOTICE debug :: Order ID 20577 was pending and is now processing :: Array
(
    [new_order] => 1
    [tracking] => Array
        (
            [campaign_id] => 
            [landing_site] => https://naturalconexion.com/wp-content/plugins/woocommerce-payu-latam/confirmation.php
        )

)

2022-06-11T10:47:38+00:00 NOTICE order.member.updated :: Updated angelicasopo7@gmail.com subscriber status to subscribed and language to es
2022-06-11T10:47:38+00:00 NOTICE order_submit.success :: addStoreOrder :: #20577 :: email: angelicasopo7@gmail.com :: landing site https://naturalconexion.com/checkout/order-pay/20576/?key=wc_order_s8yEctbkIBjmG :: abandoned cart deleted [ab4beb3cc9b1534d1e1afbeb764965d1]
2022-06-11T11:46:00+00:00 NOTICE action_scheduler.queue_job :: MailChimp_WooCommerce_Single_Order starts in 90 seconds :: obj_id 20576
2022-06-11T11:46:00+00:00 NOTICE debug :: Order ID 20576 was pending and is now cancelled :: Array
(
    [new_order] => 
    [tracking] => 
)

2022-06-11T11:48:02+00:00 NOTICE order_sumbit :: #20576 has a financial status of cancelled and was skipped.
2022-06-11T14:12:23+00:00 NOTICE action_scheduler.queue_job :: MailChimp_WooCommerce_Cart_Update queued :: obj_id 62173842e2a49bb06fb9d7659da72bdc
2022-06-11T14:12:25+00:00 NOTICE abandoned_cart.success :: email: nicolascardonarodriguez01@gmail.com :: checkout_url: https://naturalconexion.com/checkout/?mc_cart_id=62173842e2a49bb06fb9d7659da72bdc
2022-06-11T14:12:26+00:00 NOTICE cart.member.updated :: Updated nicolascardonarodriguez01@gmail.com subscriber status to subscribed and language to es
2022-06-11T14:13:52+00:00 NOTICE action_scheduler.queue_job :: MailChimp_WooCommerce_Cart_Update queued :: obj_id 62173842e2a49bb06fb9d7659da72bdc
2022-06-11T14:15:25+00:00 NOTICE abandoned_cart.success :: email: nicolascardonarodriguez01@gmail.com :: checkout_url: https://naturalconexion.com/checkout/?mc_cart_id=62173842e2a49bb06fb9d7659da72bdc
2022-06-11T14:20:48+00:00 NOTICE action_scheduler.queue_job :: MailChimp_WooCommerce_Single_Order starts in 90 seconds :: obj_id 20578
2022-06-11T14:22:38+00:00 NOTICE debug :: Order ID 20578 was pending and is now processing :: Array
(
    [new_order] => 1
    [tracking] => Array
        (
            [campaign_id] => 
            [landing_site] => https://naturalconexion.com/?wc-api=wc_addi_gateway
        )

)

2022-06-11T14:25:37+00:00 NOTICE order.member.updated :: Updated sandrawilches@gmail.com subscriber status to subscribed and language to es
2022-06-11T14:25:37+00:00 NOTICE order_submit.success :: addStoreOrder :: #20578 :: email: sandrawilches@gmail.com :: landing site https://naturalconexion.com/?www.naturalconexion.com&gclid=Cj0KCQjw1tGUBhDXARIsAIJx01k1RGq_Xw005fM8cakVlgue9-NkmLUtqKsXXQYmdgbzWy1uok5gyF8aAki_EALw_wcB
2022-06-11T16:14:29+00:00 NOTICE action_scheduler.queue_job :: MailChimp_WooCommerce_Cart_Update queued :: obj_id 9427d4105fbf980a39b27c9bdc479de9
2022-06-11T16:14:32+00:00 NOTICE abandoned_cart.success :: email: danielagiraldo619@hotmail.com :: checkout_url: https://naturalconexion.com/checkout/?mc_cart_id=9427d4105fbf980a39b27c9bdc479de9
2022-06-11T16:14:32+00:00 NOTICE cart.member.updated :: Updated danielagiraldo619@hotmail.com subscriber status to subscribed and language to es
2022-06-11T16:14:40+00:00 NOTICE action_scheduler.queue_job :: MailChimp_WooCommerce_Cart_Update queued :: obj_id 9427d4105fbf980a39b27c9bdc479de9
2022-06-11T16:14:54+00:00 NOTICE abandoned_cart.success :: email: danielagiraldo619@hotmail.com :: checkout_url: https://naturalconexion.com/checkout/?mc_cart_id=9427d4105fbf980a39b27c9bdc479de9
2022-06-11T16:15:02+00:00 NOTICE action_scheduler.queue_job :: MailChimp_WooCommerce_Cart_Update queued :: obj_id 9427d4105fbf980a39b27c9bdc479de9
2022-06-11T16:15:39+00:00 NOTICE abandoned_cart.success :: email: danielagiraldo619@hotmail.com :: checkout_url: https://naturalconexion.com/checkout/?mc_cart_id=9427d4105fbf980a39b27c9bdc479de9
2022-06-11T16:16:37+00:00 NOTICE action_scheduler.queue_job :: MailChimp_WooCommerce_Cart_Update queued :: obj_id 9427d4105fbf980a39b27c9bdc479de9
2022-06-11T16:16:38+00:00 NOTICE abandoned_cart.success :: email: danielagiraldo619@hotmail.com :: checkout_url: https://naturalconexion.com/checkout/?mc_cart_id=9427d4105fbf980a39b27c9bdc479de9
2022-06-11T16:21:27+00:00 NOTICE action_scheduler.queue_job :: MailChimp_WooCommerce_Cart_Update queued :: obj_id 9427d4105fbf980a39b27c9bdc479de9
2022-06-11T16:22:23+00:00 NOTICE abandoned_cart.success :: email: danielagiraldo619@hotmail.com :: checkout_url: https://naturalconexion.com/checkout/?mc_cart_id=9427d4105fbf980a39b27c9bdc479de9
2022-06-11T16:24:29+00:00 NOTICE action_scheduler.queue_job :: MailChimp_WooCommerce_Single_Order starts in 90 seconds :: obj_id 20579
2022-06-11T16:26:51+00:00 NOTICE order_sumbit :: #20579 has a financial status of pending and was skipped.
2022-06-11T16:30:05+00:00 NOTICE action_scheduler.queue_job :: MailChimp_WooCommerce_Single_Order starts in 90 seconds :: obj_id 20579
2022-06-11T16:30:07+00:00 NOTICE debug :: Order ID 20579 was pending and is now processing :: Array
(
    [new_order] => 1
    [tracking] => Array
        (
            [campaign_id] => 
            [landing_site] => https://naturalconexion.com/wp-content/plugins/woocommerce-payu-latam/confirmation.php
        )

)

2022-06-11T16:30:07+00:00 NOTICE action_scheduler.queue_job :: MailChimp_WooCommerce_User_Submit queued :: obj_id 2222
2022-06-11T16:30:42+00:00 NOTICE member.sync :: Updated Member danielagiraldo619@hotmail.com ( merge fields only ) :: Array
(
    [merge_fields] => Array
        (
            [FNAME] => Daniela
            [LNAME] => Giraldo Herrera
        )

)

2022-06-11T16:32:42+00:00 NOTICE order.member.updated :: Updated danielagiraldo619@hotmail.com subscriber status to subscribed and language to 
2022-06-11T16:32:42+00:00 NOTICE order_submit.success :: addStoreOrder :: #20579 :: email: danielagiraldo619@hotmail.com :: landing site https://naturalconexion.com/wp-content/plugins/woocommerce-payu-latam/confirmation.php :: abandoned cart deleted [9427d4105fbf980a39b27c9bdc479de9]
2022-06-11T17:36:29+00:00 NOTICE action_scheduler.queue_job :: MailChimp_WooCommerce_Cart_Update queued :: obj_id 7771eec74a171c65f0e37cbf35c318fd
2022-06-11T17:38:37+00:00 NOTICE abandoned_cart.success :: email: aspamola@gmail.com :: checkout_url: https://naturalconexion.com/checkout/?mc_cart_id=7771eec74a171c65f0e37cbf35c318fd
2022-06-11T17:38:37+00:00 NOTICE cart.member.updated :: Updated aspamola@gmail.com subscriber status to transactional and language to es
2022-06-11T18:40:39+00:00 NOTICE action_scheduler.queue_job :: MailChimp_WooCommerce_SingleCoupon queued :: obj_id 20580
2022-06-11T18:40:41+00:00 NOTICE promo_code_submit.success :: #20580 :: code: wlytiy9a
2022-06-11T21:52:24+00:00 NOTICE action_scheduler.queue_job :: MailChimp_WooCommerce_Cart_Update queued :: obj_id afb298f4e03d0fb374c1e6b7102329d8
2022-06-11T21:52:27+00:00 NOTICE abandoned_cart.success :: email: claupavipe70@gmail.com :: checkout_url: https://naturalconexion.com/checkout/?mc_cart_id=afb298f4e03d0fb374c1e6b7102329d8
2022-06-11T21:52:27+00:00 NOTICE cart.member.updated :: Updated claupavipe70@gmail.com subscriber status to subscribed and language to es
2022-06-11T21:55:26+00:00 NOTICE action_scheduler.queue_job :: MailChimp_WooCommerce_Single_Order starts in 90 seconds :: obj_id 20581
2022-06-11T21:56:44+00:00 NOTICE debug :: Order ID 20581 was pending and is now processing :: Array
(
    [new_order] => 1
    [tracking] => Array
        (
            [campaign_id] => 
            [landing_site] => https://naturalconexion.com/?wc-api=wc_addi_gateway
        )

)

2022-06-11T21:58:47+00:00 NOTICE order.member.updated :: Updated claupavipe70@gmail.com subscriber status to subscribed and language to es
2022-06-11T21:58:47+00:00 NOTICE order_submit.success :: addStoreOrder :: #20581 :: email: claupavipe70@gmail.com :: landing site https://naturalconexion.com/ :: abandoned cart deleted [afb298f4e03d0fb374c1e6b7102329d8]
2022-06-11T22:44:22+00:00 NOTICE action_scheduler.queue_job :: MailChimp_WooCommerce_Cart_Update queued :: obj_id a87cdf6dcfedc73796699815f27f7e30
2022-06-11T22:45:09+00:00 NOTICE abandoned_cart.success :: email: lealchigo2006@hotmail.com :: checkout_url: https://naturalconexion.com/checkout/?mc_cart_id=a87cdf6dcfedc73796699815f27f7e30
2022-06-11T22:45:09+00:00 NOTICE cart.member.updated :: Updated lealchigo2006@hotmail.com subscriber status to transactional and language to es
2022-06-11T23:46:45+00:00 NOTICE action_scheduler.queue_job :: MailChimp_WooCommerce_SingleCoupon queued :: obj_id 20582
2022-06-11T23:46:47+00:00 NOTICE promo_code_submit.success :: #20582 :: code: lf6sv2ez
