2022-05-08T01:36:35+00:00 NOTICE action_scheduler.queue_job :: MailChimp_WooCommerce_Cart_Update queued :: obj_id fe47777dbbcd1212571c05cb2f59aeb1
2022-05-08T01:36:52+00:00 NOTICE abandoned_cart.success :: email: kendry.perez@hotmail.com :: checkout_url: https://naturalconexion.com/checkout/?mc_cart_id=fe47777dbbcd1212571c05cb2f59aeb1
2022-05-08T01:36:53+00:00 NOTICE cart.member.updated :: Updated kendry.perez@hotmail.com subscriber status to transactional and language to es
2022-05-08T01:37:25+00:00 NOTICE action_scheduler.queue_job :: MailChimp_WooCommerce_Cart_Update queued :: obj_id fe47777dbbcd1212571c05cb2f59aeb1
2022-05-08T01:37:55+00:00 NOTICE abandoned_cart.success :: email: kendry.perez@hotmail.com :: checkout_url: https://naturalconexion.com/checkout/?mc_cart_id=fe47777dbbcd1212571c05cb2f59aeb1
2022-05-08T01:39:02+00:00 NOTICE action_scheduler.queue_job :: MailChimp_WooCommerce_Cart_Update queued :: obj_id fe47777dbbcd1212571c05cb2f59aeb1
2022-05-08T01:39:12+00:00 NOTICE abandoned_cart.success :: email: kendry.perez@hotmail.com :: checkout_url: https://naturalconexion.com/checkout/?mc_cart_id=fe47777dbbcd1212571c05cb2f59aeb1
2022-05-08T01:40:32+00:00 NOTICE action_scheduler.queue_job :: MailChimp_WooCommerce_Cart_Update queued :: obj_id fe47777dbbcd1212571c05cb2f59aeb1
2022-05-08T01:41:23+00:00 NOTICE abandoned_cart.success :: email: kendry.perez@hotmail.com :: checkout_url: https://naturalconexion.com/checkout/?mc_cart_id=fe47777dbbcd1212571c05cb2f59aeb1
2022-05-08T01:42:46+00:00 NOTICE action_scheduler.queue_job :: MailChimp_WooCommerce_Single_Order starts in 90 seconds :: obj_id 20101
2022-05-08T01:42:47+00:00 NOTICE action_scheduler.queue_job :: MailChimp_WooCommerce_Cart_Update queued :: obj_id fe47777dbbcd1212571c05cb2f59aeb1
2022-05-08T01:42:49+00:00 NOTICE abandoned_cart.success :: email: kendry.perez@hotmail.com :: checkout_url: https://naturalconexion.com/checkout/?mc_cart_id=fe47777dbbcd1212571c05cb2f59aeb1
2022-05-08T01:44:34+00:00 NOTICE order_sumbit :: #20101 has a financial status of pending and was skipped.
2022-05-08T01:47:58+00:00 NOTICE action_scheduler.queue_job :: MailChimp_WooCommerce_Single_Order starts in 90 seconds :: obj_id 20101
2022-05-08T01:48:00+00:00 NOTICE debug :: Order ID 20101 was pending and is now processing :: Array
(
    [new_order] => 1
    [tracking] => Array
        (
            [campaign_id] => 
            [landing_site] => https://naturalconexion.com/wp-admin/admin-ajax.php
        )

)

2022-05-08T01:50:42+00:00 NOTICE order.member.updated :: Updated kendry.perez@hotmail.com subscriber status to subscribed and language to 
2022-05-08T01:50:42+00:00 NOTICE order_submit.success :: addStoreOrder :: #20101 :: email: kendry.perez@hotmail.com :: landing site https://naturalconexion.com/wp-admin/admin-ajax.php :: abandoned cart deleted [fe47777dbbcd1212571c05cb2f59aeb1]
2022-05-08T03:30:41+00:00 NOTICE action_scheduler.queue_job :: MailChimp_WooCommerce_Cart_Update queued :: obj_id ff64a869655580015091aa6fbef42161
2022-05-08T03:31:16+00:00 NOTICE abandoned_cart.success :: email: jose.l.velasquez@gmail.com :: checkout_url: https://naturalconexion.com/checkout/?mc_cart_id=ff64a869655580015091aa6fbef42161
2022-05-08T03:31:16+00:00 NOTICE cart.member.updated :: Updated jose.l.velasquez@gmail.com subscriber status to transactional and language to es
2022-05-08T03:31:43+00:00 NOTICE action_scheduler.queue_job :: MailChimp_WooCommerce_Single_Order starts in 90 seconds :: obj_id 20102
2022-05-08T03:32:18+00:00 NOTICE debug :: Order ID 20102 was pending and is now processing :: Array
(
    [new_order] => 1
    [tracking] => Array
        (
            [campaign_id] => 
            [landing_site] => https://naturalconexion.com/wp-admin/admin-ajax.php
        )

)

2022-05-08T03:34:59+00:00 NOTICE order.member.updated :: Updated jose.l.velasquez@gmail.com subscriber status to transactional and language to es
2022-05-08T03:34:59+00:00 NOTICE order_submit.success :: addStoreOrder :: #20102 :: email: jose.l.velasquez@gmail.com :: landing site https://naturalconexion.com/wp-admin/admin-ajax.php :: abandoned cart deleted [ff64a869655580015091aa6fbef42161]
2022-05-08T09:57:17+00:00 NOTICE action_scheduler.queue_job :: MailChimp_WooCommerce_Single_Order starts in 90 seconds :: obj_id 20103
2022-05-08T09:59:08+00:00 NOTICE debug :: Order ID 20103 was pending and is now processing :: Array
(
    [new_order] => 1
    [tracking] => Array
        (
            [campaign_id] => 
            [landing_site] => https://naturalconexion.com/wp-admin/admin-ajax.php
        )

)

2022-05-08T10:01:49+00:00 NOTICE order.member.updated :: Updated m_andrea_gonzalez@hotmail.com subscriber status to subscribed and language to es
2022-05-08T10:01:49+00:00 NOTICE order_submit.success :: addStoreOrder :: #20103 :: email: m_andrea_gonzalez@hotmail.com :: landing site https://naturalconexion.com/wp-admin/admin-ajax.php
2022-05-08T12:14:44+00:00 NOTICE action_scheduler.queue_job :: MailChimp_WooCommerce_SingleCoupon queued :: obj_id 20104
2022-05-08T12:15:41+00:00 NOTICE promo_code_submit.success :: #20104 :: code: kb8zwm20
2022-05-08T14:47:57+00:00 NOTICE action_scheduler.queue_job :: MailChimp_WooCommerce_Single_Order starts in 90 seconds :: obj_id 20105
2022-05-08T14:47:57+00:00 NOTICE action_scheduler.queue_job :: MailChimp_WooCommerce_Cart_Update queued :: obj_id 0b77a5066b4a13c5f92ab72e860e3eb7
2022-05-08T14:48:16+00:00 NOTICE abandoned_cart.success :: email: libiabotia@hotmail.com :: checkout_url: https://naturalconexion.com/checkout/?mc_cart_id=0b77a5066b4a13c5f92ab72e860e3eb7
2022-05-08T14:48:16+00:00 NOTICE cart.member.updated :: Updated libiabotia@hotmail.com subscriber status to subscribed and language to es
2022-05-08T14:49:29+00:00 NOTICE order_sumbit :: #20105 has a financial status of pending and was skipped.
2022-05-08T14:49:59+00:00 NOTICE action_scheduler.queue_job :: MailChimp_WooCommerce_Single_Order starts in 90 seconds :: obj_id 20105
2022-05-08T14:50:02+00:00 NOTICE debug :: Order ID 20105 was pending and is now processing :: Array
(
    [new_order] => 1
    [tracking] => Array
        (
            [campaign_id] => 
            [landing_site] => https://naturalconexion.com/?wc-ajax=add_to_cart
        )

)

2022-05-08T14:51:40+00:00 NOTICE order.member.updated :: Updated libiabotia@hotmail.com subscriber status to subscribed and language to 
2022-05-08T14:51:40+00:00 NOTICE order_submit.success :: addStoreOrder :: #20105 :: email: libiabotia@hotmail.com :: landing site https://naturalconexion.com/?wc-ajax=add_to_cart :: abandoned cart deleted [0b77a5066b4a13c5f92ab72e860e3eb7]
2022-05-08T16:07:39+00:00 NOTICE action_scheduler.queue_job :: MailChimp_WooCommerce_Cart_Update queued :: obj_id eab160bb48593f34a0fb45bb0adc1f27
2022-05-08T16:09:22+00:00 NOTICE abandoned_cart.success :: email: selvaleon1@gmail.com :: checkout_url: https://naturalconexion.com/checkout/?mc_cart_id=eab160bb48593f34a0fb45bb0adc1f27
2022-05-08T16:09:22+00:00 NOTICE cart.member.updated :: Updated selvaleon1@gmail.com subscriber status to transactional and language to es
2022-05-08T16:58:24+00:00 NOTICE action_scheduler.queue_job :: MailChimp_WooCommerce_Cart_Update queued :: obj_id 0ede93b160f48144459d33d8c2858a17
2022-05-08T16:58:35+00:00 NOTICE action_scheduler.queue_job :: MailChimp_WooCommerce_Single_Order starts in 90 seconds :: obj_id 20106
2022-05-08T16:59:23+00:00 NOTICE abandoned_cart.success :: email: mzlaguilera1989@gmail.com :: checkout_url: https://naturalconexion.com/checkout/?mc_cart_id=0ede93b160f48144459d33d8c2858a17
2022-05-08T16:59:24+00:00 NOTICE cart.member.updated :: Updated mzlaguilera1989@gmail.com subscriber status to subscribed and language to es
2022-05-08T17:00:18+00:00 NOTICE order_sumbit :: #20106 has a financial status of pending and was skipped.
2022-05-08T17:02:04+00:00 NOTICE action_scheduler.queue_job :: MailChimp_WooCommerce_Single_Order starts in 90 seconds :: obj_id 20106
2022-05-08T17:02:07+00:00 NOTICE debug :: Order ID 20106 was pending and is now processing :: Array
(
    [new_order] => 1
    [tracking] => Array
        (
            [campaign_id] => 
            [landing_site] => https://naturalconexion.com/tienda/
        )

)

2022-05-08T17:04:00+00:00 NOTICE order.member.updated :: Updated mzlaguilera1989@gmail.com subscriber status to subscribed and language to 
2022-05-08T17:04:00+00:00 NOTICE order_submit.success :: addStoreOrder :: #20106 :: email: mzlaguilera1989@gmail.com :: landing site https://naturalconexion.com/tienda/ :: abandoned cart deleted [0ede93b160f48144459d33d8c2858a17]
2022-05-08T17:08:55+00:00 NOTICE action_scheduler.queue_job :: MailChimp_WooCommerce_SingleCoupon queued :: obj_id 20107
2022-05-08T17:09:10+00:00 NOTICE promo_code_submit.success :: #20107 :: code: nn3v8xpi
2022-05-08T17:15:57+00:00 NOTICE action_scheduler.queue_job :: MailChimp_WooCommerce_Cart_Update queued :: obj_id 13f58b68e45e6b57206a24bb59cc6491
2022-05-08T17:15:59+00:00 NOTICE abandoned_cart.success :: email: yeimylpedroza@gmail.com :: checkout_url: https://naturalconexion.com/checkout/?mc_cart_id=13f58b68e45e6b57206a24bb59cc6491
2022-05-08T17:15:59+00:00 NOTICE cart.member.updated :: Updated yeimylpedroza@gmail.com subscriber status to subscribed and language to es
2022-05-08T17:23:25+00:00 NOTICE action_scheduler.queue_job :: MailChimp_WooCommerce_Single_Order starts in 90 seconds :: obj_id 20108
2022-05-08T17:25:27+00:00 NOTICE order_sumbit :: #20108 has a financial status of pending and was skipped.
2022-05-08T17:25:38+00:00 NOTICE action_scheduler.queue_job :: MailChimp_WooCommerce_Single_Order starts in 90 seconds :: obj_id 20108
2022-05-08T17:25:40+00:00 NOTICE debug :: Order ID 20108 was pending and is now processing :: Array
(
    [new_order] => 1
    [tracking] => Array
        (
            [campaign_id] => 
            [landing_site] => https://naturalconexion.com/wp-admin/admin-ajax.php
        )

)

2022-05-08T17:27:32+00:00 NOTICE order.member.updated :: Updated yeimylpedroza@gmail.com subscriber status to subscribed and language to 
2022-05-08T17:27:32+00:00 NOTICE order_submit.success :: addStoreOrder :: #20108 :: email: yeimylpedroza@gmail.com :: landing site https://naturalconexion.com/wp-admin/admin-ajax.php :: abandoned cart deleted [13f58b68e45e6b57206a24bb59cc6491]
