2023-04-16T02:20:08+00:00 NOTICE action_scheduler.queue_job :: MailChimp_WooCommerce_Cart_Update queued :: obj_id f82a82537a7ebc0814e2cc2478ff9615
2023-04-16T02:21:23+00:00 NOTICE abandoned_cart.success :: email: gaby1gaitan@gmail.com :: checkout_url: https://naturalconexion.com/checkout/?mc_cart_id=f82a82537a7ebc0814e2cc2478ff9615
2023-04-16T02:21:23+00:00 NOTICE cart.member.updated :: Updated gaby1gaitan@gmail.com subscriber status to transactional and language to es
2023-04-16T06:08:23+00:00 NOTICE action_scheduler.queue_job :: MailChimp_WooCommerce_Cart_Update queued :: obj_id 87d486e6523c24992790cda7043b7273
2023-04-16T06:09:28+00:00 NOTICE action_scheduler.queue_job :: MailChimp_WooCommerce_Cart_Update queued :: obj_id 87d486e6523c24992790cda7043b7273
2023-04-16T06:09:28+00:00 NOTICE abandoned_cart.success :: email: laurytara1610@gmail.com :: checkout_url: https://naturalconexion.com/checkout/?mc_cart_id=87d486e6523c24992790cda7043b7273
2023-04-16T06:09:29+00:00 NOTICE cart.member.updated :: Updated laurytara1610@gmail.com subscriber status to transactional and language to es
2023-04-16T06:09:29+00:00 NOTICE abandoned_cart.success :: email: laurytara1610@gmail.com :: checkout_url: https://naturalconexion.com/checkout/?mc_cart_id=87d486e6523c24992790cda7043b7273
2023-04-16T09:53:21+00:00 NOTICE action_scheduler.queue_job :: MailChimp_WooCommerce_Cart_Update queued :: obj_id a0412b01ef0844a929397186a640c619
2023-04-16T09:53:23+00:00 NOTICE abandoned_cart.success :: email: diovanar@hotmail.com :: checkout_url: https://naturalconexion.com/checkout/?mc_cart_id=a0412b01ef0844a929397186a640c619
2023-04-16T09:53:24+00:00 NOTICE cart.member.updated :: Updated diovanar@hotmail.com subscriber status to subscribed and language to es
2023-04-16T09:56:23+00:00 NOTICE action_scheduler.queue_job :: MailChimp_WooCommerce_Single_Order starts in 90 seconds :: obj_id 24011
2023-04-16T09:59:42+00:00 NOTICE order_submit :: #24011 has a financial status of pending and was skipped.
2023-04-16T10:57:52+00:00 NOTICE action_scheduler.queue_job :: MailChimp_WooCommerce_Cart_Update queued :: obj_id c193bf492b7bf465227b7b99a9d93d6b
2023-04-16T10:57:54+00:00 NOTICE abandoned_cart.success :: email: osc.gen@gmail.com :: checkout_url: https://naturalconexion.com/checkout/?mc_cart_id=c193bf492b7bf465227b7b99a9d93d6b
2023-04-16T10:57:55+00:00 NOTICE cart.member.updated :: Updated osc.gen@gmail.com subscriber status to subscribed and language to es
2023-04-16T10:58:12+00:00 NOTICE action_scheduler.queue_job :: MailChimp_WooCommerce_Single_Order starts in 90 seconds :: obj_id 24011
2023-04-16T10:58:12+00:00 NOTICE debug :: Order ID 24011 was pending and is now cancelled :: Array
(
    [new_order] => 
    [tracking] => 
)

2023-04-16T10:59:00+00:00 NOTICE action_scheduler.queue_job :: MailChimp_WooCommerce_Cart_Update queued :: obj_id c193bf492b7bf465227b7b99a9d93d6b
2023-04-16T10:59:11+00:00 NOTICE abandoned_cart.success :: email: osc.gen@gmail.com :: checkout_url: https://naturalconexion.com/checkout/?mc_cart_id=c193bf492b7bf465227b7b99a9d93d6b
2023-04-16T11:00:03+00:00 NOTICE action_scheduler.queue_job :: MailChimp_WooCommerce_Cart_Update queued :: obj_id c193bf492b7bf465227b7b99a9d93d6b
2023-04-16T11:00:06+00:00 NOTICE order_submit :: #24011 has a financial status of cancelled and was skipped.
2023-04-16T11:00:07+00:00 NOTICE abandoned_cart.success :: email: osc.gen@gmail.com :: checkout_url: https://naturalconexion.com/checkout/?mc_cart_id=c193bf492b7bf465227b7b99a9d93d6b
2023-04-16T11:01:12+00:00 NOTICE action_scheduler.queue_job :: MailChimp_WooCommerce_User_Submit queued :: obj_id 1591
2023-04-16T11:01:21+00:00 NOTICE member.sync :: Updated Member osc.gen@gmail.com :: Array
(
    [status] => subscribed
    [language] => 
    [merge_fields] => Array
        (
            [FNAME] => Oscar Enrique
            [LNAME] => Gentil Coneo
        )

    [gdpr_fields] => 
)

2023-04-16T11:02:17+00:00 NOTICE action_scheduler.queue_job :: MailChimp_WooCommerce_Cart_Update queued :: obj_id c193bf492b7bf465227b7b99a9d93d6b
2023-04-16T11:02:24+00:00 NOTICE abandoned_cart.success :: email: osc.gen@gmail.com :: checkout_url: https://naturalconexion.com/checkout/?mc_cart_id=c193bf492b7bf465227b7b99a9d93d6b
2023-04-16T11:03:20+00:00 NOTICE action_scheduler.queue_job :: MailChimp_WooCommerce_Cart_Update queued :: obj_id c193bf492b7bf465227b7b99a9d93d6b
2023-04-16T11:03:26+00:00 NOTICE abandoned_cart.success :: email: osc.gen@gmail.com :: checkout_url: https://naturalconexion.com/checkout/?mc_cart_id=c193bf492b7bf465227b7b99a9d93d6b
2023-04-16T11:04:03+00:00 NOTICE action_scheduler.queue_job :: MailChimp_WooCommerce_User_Submit queued :: obj_id 1591
2023-04-16T11:04:03+00:00 NOTICE action_scheduler.queue_job :: MailChimp_WooCommerce_Single_Order starts in 90 seconds :: obj_id 24012
2023-04-16T11:04:05+00:00 NOTICE member.sync :: Updated Member osc.gen@gmail.com :: Array
(
    [status] => subscribed
    [language] => 
    [merge_fields] => Array
        (
            [FNAME] => Oscar Enrique
            [LNAME] => Gentil Coneo
        )

    [gdpr_fields] => 
)

2023-04-16T11:05:00+00:00 NOTICE debug :: Order ID 24012 was pending and is now processing :: Array
(
    [new_order] => 1
    [tracking] => Array
        (
            [campaign_id] => 
            [landing_site] => https://naturalconexion.com/wp-content/plugins/woocommerce-payu-latam/confirmation.php
        )

)

2023-04-16T11:08:01+00:00 NOTICE order.member.updated :: Updated osc.gen@gmail.com subscriber status to subscribed and language to es
2023-04-16T11:08:01+00:00 NOTICE order_submit.success :: addStoreOrder :: #24012 :: email: osc.gen@gmail.com :: landing site https://naturalconexion.com/my-account/lost-password/?key=AuD9KTXOr6L9Jx6W4kQQ&login=oscar%20enrique.gentil%20coneo :: abandoned cart deleted [c193bf492b7bf465227b7b99a9d93d6b]
2023-04-16T13:34:44+00:00 NOTICE action_scheduler.queue_job :: MailChimp_WooCommerce_Cart_Update queued :: obj_id 9886d6e8121a6c70548167bfea828893
2023-04-16T13:35:09+00:00 NOTICE abandoned_cart.success :: email: mariaisabel.velema@gmail.com :: checkout_url: https://naturalconexion.com/checkout/?mc_cart_id=9886d6e8121a6c70548167bfea828893
2023-04-16T13:35:10+00:00 NOTICE cart.member.updated :: Updated mariaisabel.velema@gmail.com subscriber status to subscribed and language to es
2023-04-16T13:35:31+00:00 NOTICE action_scheduler.queue_job :: MailChimp_WooCommerce_Single_Order starts in 90 seconds :: obj_id 24013
2023-04-16T13:37:11+00:00 NOTICE order_submit :: #24013 has a financial status of pending and was skipped.
2023-04-16T13:58:59+00:00 NOTICE action_scheduler.queue_job :: MailChimp_WooCommerce_Single_Order starts in 90 seconds :: obj_id 24013
2023-04-16T13:59:01+00:00 NOTICE debug :: Order ID 24013 was pending and is now failed :: Array
(
    [new_order] => 
    [tracking] => 
)

2023-04-16T14:42:02+00:00 NOTICE action_scheduler.queue_job :: MailChimp_WooCommerce_User_Submit queued :: obj_id 999
2023-04-16T14:42:05+00:00 NOTICE member.sync :: Updated Member mariaisabel.velema@gmail.com :: Array
(
    [status] => subscribed
    [language] => 
    [merge_fields] => Array
        (
            [FNAME] => María Isabel
            [LNAME] => Velásquez
        )

    [gdpr_fields] => 
)

2023-04-16T14:43:08+00:00 NOTICE action_scheduler.queue_job :: MailChimp_WooCommerce_User_Submit queued :: obj_id 999
2023-04-16T14:43:34+00:00 NOTICE member.sync :: Updated Member mariaisabel.velema@gmail.com :: Array
(
    [status] => subscribed
    [language] => 
    [merge_fields] => Array
        (
            [FNAME] => María Isabel
            [LNAME] => Velásquez
        )

    [gdpr_fields] => 
)

2023-04-16T14:48:02+00:00 NOTICE action_scheduler.queue_job :: MailChimp_WooCommerce_Cart_Update queued :: obj_id 9886d6e8121a6c70548167bfea828893
2023-04-16T14:48:03+00:00 NOTICE abandoned_cart.success :: email: mariaisabel.velema@gmail.com :: checkout_url: https://naturalconexion.com/checkout/?mc_cart_id=9886d6e8121a6c70548167bfea828893
2023-04-16T14:48:04+00:00 NOTICE cart.member.updated :: Updated mariaisabel.velema@gmail.com subscriber status to subscribed and language to es
2023-04-16T14:49:08+00:00 NOTICE action_scheduler.queue_job :: MailChimp_WooCommerce_Cart_Update queued :: obj_id 9886d6e8121a6c70548167bfea828893
2023-04-16T14:50:06+00:00 NOTICE abandoned_cart.success :: email: mariaisabel.velema@gmail.com :: checkout_url: https://naturalconexion.com/checkout/?mc_cart_id=9886d6e8121a6c70548167bfea828893
2023-04-16T14:50:48+00:00 NOTICE action_scheduler.queue_job :: MailChimp_WooCommerce_Cart_Update queued :: obj_id 9886d6e8121a6c70548167bfea828893
2023-04-16T14:51:31+00:00 NOTICE abandoned_cart.success :: email: mariaisabel.velema@gmail.com :: checkout_url: https://naturalconexion.com/checkout/?mc_cart_id=9886d6e8121a6c70548167bfea828893
2023-04-16T14:53:45+00:00 NOTICE action_scheduler.queue_job :: MailChimp_WooCommerce_Cart_Update queued :: obj_id 9886d6e8121a6c70548167bfea828893
2023-04-16T14:53:48+00:00 NOTICE abandoned_cart.success :: email: mariaisabel.velema@gmail.com :: checkout_url: https://naturalconexion.com/checkout/?mc_cart_id=9886d6e8121a6c70548167bfea828893
2023-04-16T14:56:15+00:00 NOTICE action_scheduler.queue_job :: MailChimp_WooCommerce_Cart_Update queued :: obj_id 9886d6e8121a6c70548167bfea828893
2023-04-16T14:56:18+00:00 NOTICE abandoned_cart.success :: email: mariaisabel.velema@gmail.com :: checkout_url: https://naturalconexion.com/checkout/?mc_cart_id=9886d6e8121a6c70548167bfea828893
2023-04-16T14:58:17+00:00 NOTICE action_scheduler.queue_job :: MailChimp_WooCommerce_Cart_Update queued :: obj_id 9886d6e8121a6c70548167bfea828893
2023-04-16T15:00:10+00:00 NOTICE abandoned_cart.success :: email: mariaisabel.velema@gmail.com :: checkout_url: https://naturalconexion.com/checkout/?mc_cart_id=9886d6e8121a6c70548167bfea828893
2023-04-16T15:01:17+00:00 NOTICE action_scheduler.queue_job :: MailChimp_WooCommerce_Cart_Update queued :: obj_id 9886d6e8121a6c70548167bfea828893
2023-04-16T15:01:33+00:00 NOTICE abandoned_cart.success :: email: mariaisabel.velema@gmail.com :: checkout_url: https://naturalconexion.com/checkout/?mc_cart_id=9886d6e8121a6c70548167bfea828893
2023-04-16T15:01:42+00:00 NOTICE action_scheduler.queue_job :: MailChimp_WooCommerce_Cart_Update queued :: obj_id 9886d6e8121a6c70548167bfea828893
2023-04-16T15:02:11+00:00 NOTICE abandoned_cart.success :: email: mariaisabel.velema@gmail.com :: checkout_url: https://naturalconexion.com/checkout/?mc_cart_id=9886d6e8121a6c70548167bfea828893
2023-04-16T15:06:21+00:00 NOTICE action_scheduler.queue_job :: MailChimp_WooCommerce_Cart_Update queued :: obj_id 9886d6e8121a6c70548167bfea828893
2023-04-16T15:06:30+00:00 NOTICE abandoned_cart.success :: email: mariaisabel.velema@gmail.com :: checkout_url: https://naturalconexion.com/checkout/?mc_cart_id=9886d6e8121a6c70548167bfea828893
2023-04-16T15:06:54+00:00 NOTICE action_scheduler.queue_job :: MailChimp_WooCommerce_Cart_Update queued :: obj_id 9886d6e8121a6c70548167bfea828893
2023-04-16T15:07:52+00:00 NOTICE abandoned_cart.success :: email: mariaisabel.velema@gmail.com :: checkout_url: https://naturalconexion.com/checkout/?mc_cart_id=9886d6e8121a6c70548167bfea828893
2023-04-16T15:09:23+00:00 NOTICE action_scheduler.queue_job :: MailChimp_WooCommerce_Cart_Update queued :: obj_id 9886d6e8121a6c70548167bfea828893
2023-04-16T15:10:03+00:00 NOTICE abandoned_cart.success :: email: mariaisabel.velema@gmail.com :: checkout_url: https://naturalconexion.com/checkout/?mc_cart_id=9886d6e8121a6c70548167bfea828893
2023-04-16T15:10:38+00:00 NOTICE action_scheduler.queue_job :: MailChimp_WooCommerce_Cart_Update queued :: obj_id 9886d6e8121a6c70548167bfea828893
2023-04-16T15:11:07+00:00 NOTICE abandoned_cart.success :: email: mariaisabel.velema@gmail.com :: checkout_url: https://naturalconexion.com/checkout/?mc_cart_id=9886d6e8121a6c70548167bfea828893
2023-04-16T15:12:08+00:00 NOTICE action_scheduler.queue_job :: MailChimp_WooCommerce_Cart_Update queued :: obj_id 9886d6e8121a6c70548167bfea828893
2023-04-16T15:12:11+00:00 NOTICE abandoned_cart.success :: email: mariaisabel.velema@gmail.com :: checkout_url: https://naturalconexion.com/checkout/?mc_cart_id=9886d6e8121a6c70548167bfea828893
2023-04-16T15:15:07+00:00 NOTICE action_scheduler.queue_job :: MailChimp_WooCommerce_Cart_Update queued :: obj_id 9886d6e8121a6c70548167bfea828893
2023-04-16T15:15:37+00:00 NOTICE abandoned_cart.success :: email: mariaisabel.velema@gmail.com :: checkout_url: https://naturalconexion.com/checkout/?mc_cart_id=9886d6e8121a6c70548167bfea828893
2023-04-16T15:21:56+00:00 NOTICE action_scheduler.queue_job :: MailChimp_WooCommerce_Cart_Update queued :: obj_id 9886d6e8121a6c70548167bfea828893
2023-04-16T15:22:04+00:00 NOTICE action_scheduler.queue_job :: MailChimp_WooCommerce_User_Submit queued :: obj_id 999
2023-04-16T15:22:05+00:00 NOTICE action_scheduler.queue_job :: MailChimp_WooCommerce_Single_Order starts in 90 seconds :: obj_id 24014
2023-04-16T15:22:05+00:00 NOTICE abandoned_cart.success :: email: mariaisabel.velema@gmail.com :: checkout_url: https://naturalconexion.com/checkout/?mc_cart_id=9886d6e8121a6c70548167bfea828893
2023-04-16T15:22:06+00:00 NOTICE member.sync :: Updated Member mariaisabel.velema@gmail.com :: Array
(
    [status] => subscribed
    [language] => 
    [merge_fields] => Array
        (
            [FNAME] => María Isabel
            [LNAME] => Velásquez
        )

    [gdpr_fields] => 
)

2023-04-16T15:23:44+00:00 NOTICE order_submit :: #24014 has a financial status of pending and was skipped.
2023-04-16T15:26:02+00:00 NOTICE action_scheduler.queue_job :: MailChimp_WooCommerce_Single_Order starts in 90 seconds :: obj_id 24014
2023-04-16T15:26:07+00:00 NOTICE debug :: Order ID 24014 was pending and is now processing :: Array
(
    [new_order] => 1
    [tracking] => Array
        (
            [campaign_id] => 
            [landing_site] => https://naturalconexion.com/wp-content/plugins/woocommerce-payu-latam/confirmation.php
        )

)

2023-04-16T15:27:52+00:00 NOTICE order.member.updated :: Updated mariaisabel.velema@gmail.com subscriber status to subscribed and language to 
2023-04-16T15:27:52+00:00 NOTICE order_submit.success :: addStoreOrder :: #24014 :: email: mariaisabel.velema@gmail.com :: landing site https://naturalconexion.com/wp-content/plugins/woocommerce-payu-latam/confirmation.php :: abandoned cart deleted [9886d6e8121a6c70548167bfea828893]
2023-04-16T19:02:49+00:00 NOTICE action_scheduler.queue_job :: MailChimp_WooCommerce_Cart_Update queued :: obj_id f4eb59779f51233d4bd172c1a38e1aba
2023-04-16T19:03:30+00:00 NOTICE abandoned_cart.success :: email: y.gonzalas@gmail.com :: checkout_url: https://naturalconexion.com/checkout/?mc_cart_id=f4eb59779f51233d4bd172c1a38e1aba
2023-04-16T19:03:31+00:00 NOTICE cart.member.updated :: Updated y.gonzalas@gmail.com subscriber status to subscribed and language to es
2023-04-16T19:03:43+00:00 NOTICE action_scheduler.queue_job :: MailChimp_WooCommerce_User_Submit queued :: obj_id 2457
2023-04-16T19:03:45+00:00 NOTICE action_scheduler.queue_job :: MailChimp_WooCommerce_Single_Order starts in 90 seconds :: obj_id 24015
2023-04-16T19:03:55+00:00 NOTICE member.sync :: Updated Member y.gonzalas@gmail.com :: Array
(
    [status] => subscribed
    [language] => 
    [merge_fields] => Array
        (
            [FNAME] => Yesenia
            [LNAME] => Gonzalez Socha
        )

    [gdpr_fields] => 
)

2023-04-16T19:05:39+00:00 NOTICE order_submit :: #24015 has a financial status of pending and was skipped.
2023-04-16T19:06:01+00:00 NOTICE action_scheduler.queue_job :: MailChimp_WooCommerce_Single_Order starts in 90 seconds :: obj_id 24015
2023-04-16T19:06:09+00:00 NOTICE debug :: Order ID 24015 was pending and is now processing :: Array
(
    [new_order] => 1
    [tracking] => Array
        (
            [campaign_id] => 
            [landing_site] => https://naturalconexion.com/wp-content/plugins/woocommerce-payu-latam/confirmation.php
        )

)

2023-04-16T19:06:09+00:00 NOTICE action_scheduler.queue_job :: MailChimp_WooCommerce_User_Submit queued :: obj_id 2457
2023-04-16T19:06:44+00:00 NOTICE member.sync :: Updated Member y.gonzalas@gmail.com :: Array
(
    [status] => subscribed
    [language] => 
    [merge_fields] => Array
        (
            [FNAME] => Yesenia
            [LNAME] => Gonzalez Socha
        )

    [gdpr_fields] => 
)

2023-04-16T19:08:20+00:00 NOTICE order.member.updated :: Updated y.gonzalas@gmail.com subscriber status to subscribed and language to 
2023-04-16T19:08:20+00:00 NOTICE order_submit.success :: addStoreOrder :: #24015 :: email: y.gonzalas@gmail.com :: landing site https://naturalconexion.com/wp-content/plugins/woocommerce-payu-latam/confirmation.php :: abandoned cart deleted [f4eb59779f51233d4bd172c1a38e1aba]
2023-04-16T20:57:58+00:00 NOTICE action_scheduler.queue_job :: MailChimp_WooCommerce_Cart_Update queued :: obj_id 567b2348e0883515090bf469a6af245d
2023-04-16T20:58:00+00:00 NOTICE abandoned_cart.success :: email: tato2116@hotmail.com :: checkout_url: https://naturalconexion.com/checkout/?mc_cart_id=567b2348e0883515090bf469a6af245d
2023-04-16T20:58:00+00:00 NOTICE cart.member.updated :: Updated tato2116@hotmail.com subscriber status to transactional and language to es
2023-04-16T21:01:20+00:00 NOTICE action_scheduler.queue_job :: MailChimp_WooCommerce_Single_Order starts in 90 seconds :: obj_id 24016
2023-04-16T21:03:56+00:00 NOTICE order_submit :: #24016 has a financial status of pending and was skipped.
2023-04-16T22:08:16+00:00 NOTICE action_scheduler.queue_job :: MailChimp_WooCommerce_Single_Order starts in 90 seconds :: obj_id 24016
2023-04-16T22:08:17+00:00 NOTICE debug :: Order ID 24016 was pending and is now cancelled :: Array
(
    [new_order] => 
    [tracking] => 
)

2023-04-16T22:10:05+00:00 NOTICE order_submit :: #24016 has a financial status of cancelled and was skipped.
2023-04-16T22:11:56+00:00 NOTICE action_scheduler.queue_job :: MailChimp_WooCommerce_Cart_Update queued :: obj_id 8513090404609ae2d22361f32a374e06
2023-04-16T22:12:04+00:00 NOTICE abandoned_cart.success :: email: jessicamosquera15@yahoo.com :: checkout_url: https://naturalconexion.com/checkout/?mc_cart_id=8513090404609ae2d22361f32a374e06
2023-04-16T22:12:04+00:00 NOTICE cart.member.updated :: Updated jessicamosquera15@yahoo.com subscriber status to transactional and language to es
2023-04-16T22:13:00+00:00 NOTICE action_scheduler.queue_job :: MailChimp_WooCommerce_Single_Order starts in 90 seconds :: obj_id 24017
2023-04-16T22:14:19+00:00 NOTICE debug :: Order ID 24017 was pending and is now processing :: Array
(
    [new_order] => 1
    [tracking] => Array
        (
            [campaign_id] => 
            [landing_site] => https://naturalconexion.com/wp-content/plugins/woocommerce-payu-latam/confirmation.php
        )

)

2023-04-16T22:16:07+00:00 NOTICE order.member.updated :: Updated Jessicamosquera15@yahoo.com subscriber status to transactional and language to es
2023-04-16T22:16:07+00:00 NOTICE order_submit.success :: addStoreOrder :: #24017 :: email: Jessicamosquera15@yahoo.com :: landing site https://naturalconexion.com/ :: abandoned cart deleted [8513090404609ae2d22361f32a374e06]
2023-04-16T23:27:56+00:00 NOTICE action_scheduler.queue_job :: MailChimp_WooCommerce_Cart_Update queued :: obj_id 5b5f25162cb0dcadf8d76b62739eee30
2023-04-16T23:28:00+00:00 NOTICE abandoned_cart.success :: email: aagm-0611@hotmail.com :: checkout_url: https://naturalconexion.com/checkout/?mc_cart_id=5b5f25162cb0dcadf8d76b62739eee30
2023-04-16T23:28:00+00:00 NOTICE cart.member.updated :: Updated aagm-0611@hotmail.com subscriber status to transactional and language to es
2023-04-16T23:28:52+00:00 NOTICE action_scheduler.queue_job :: MailChimp_WooCommerce_Cart_Update queued :: obj_id 5b5f25162cb0dcadf8d76b62739eee30
2023-04-16T23:29:34+00:00 NOTICE abandoned_cart.success :: email: aagm-0611@hotmail.com :: checkout_url: https://naturalconexion.com/checkout/?mc_cart_id=5b5f25162cb0dcadf8d76b62739eee30
2023-04-16T23:29:48+00:00 NOTICE action_scheduler.queue_job :: MailChimp_WooCommerce_Cart_Update queued :: obj_id 5b5f25162cb0dcadf8d76b62739eee30
2023-04-16T23:29:53+00:00 NOTICE abandoned_cart.success :: email: aagm-0611@hotmail.com :: checkout_url: https://naturalconexion.com/checkout/?mc_cart_id=5b5f25162cb0dcadf8d76b62739eee30
2023-04-16T23:30:03+00:00 NOTICE action_scheduler.queue_job :: MailChimp_WooCommerce_Single_Order starts in 90 seconds :: obj_id 24018
2023-04-16T23:30:48+00:00 NOTICE debug :: Order ID 24018 was pending and is now processing :: Array
(
    [new_order] => 1
    [tracking] => Array
        (
            [campaign_id] => 
            [landing_site] => https://naturalconexion.com/?wc-api=wc_addi_gateway
        )

)

2023-04-16T23:32:30+00:00 NOTICE order.member.updated :: Updated aagm-0611@hotmail.com subscriber status to transactional and language to es
2023-04-16T23:32:30+00:00 NOTICE order_submit.success :: addStoreOrder :: #24018 :: email: aagm-0611@hotmail.com :: landing site https://naturalconexion.com/ :: abandoned cart deleted [5b5f25162cb0dcadf8d76b62739eee30]
