2023-07-06T00:48:05+00:00 NOTICE action_scheduler.queue_job :: MailChimp_WooCommerce_Cart_Update queued :: obj_id 91e85c0e12c7b14ea50bfb0c7fcf97dd
2023-07-06T00:48:20+00:00 NOTICE abandoned_cart.success :: email: vanessa-olaya@hotmail.com :: checkout_url: https://naturalconexion.com/checkout/?mc_cart_id=91e85c0e12c7b14ea50bfb0c7fcf97dd
2023-07-06T00:48:21+00:00 NOTICE cart.member.updated :: Updated vanessa-olaya@hotmail.com subscriber status to transactional and language to es
2023-07-06T00:50:08+00:00 NOTICE action_scheduler.queue_job :: MailChimp_WooCommerce_User_Submit queued :: obj_id 2549
2023-07-06T00:50:09+00:00 NOTICE member.sync :: Updated Member VANESSA-OLAYA@HOTMAIL.COM :: Array
(
    [previous_status] => transactional
    [status] => 1
    [language] => 
    [merge_fields] => Array
        (
            [FNAME] => cindy
            [LNAME] => olaya
        )

    [gdpr_fields] => 
)

2023-07-06T00:50:10+00:00 NOTICE action_scheduler.queue_job :: MailChimp_WooCommerce_Single_Order starts in 90 seconds :: obj_id 24981
2023-07-06T00:51:59+00:00 NOTICE debug :: Order ID 24981 was pending and is now processing :: Array
(
    [new_order] => 1
    [tracking] => Array
        (
            [campaign_id] => 
            [landing_site] => https://naturalconexion.com/wp-content/plugins/woocommerce-payu-latam/confirmation.php
        )

)

2023-07-06T00:54:18+00:00 NOTICE order.member.updated :: Updated VANESSA-OLAYA@HOTMAIL.COM subscriber status to subscribed and language to es
2023-07-06T00:54:18+00:00 NOTICE order_submit.success :: addStoreOrder :: #24981 :: email: VANESSA-OLAYA@HOTMAIL.COM :: landing site https://naturalconexion.com/ :: abandoned cart deleted [91e85c0e12c7b14ea50bfb0c7fcf97dd]
2023-07-06T02:08:49+00:00 NOTICE action_scheduler.queue_job :: MailChimp_WooCommerce_Cart_Update queued :: obj_id 943b1449f8986e504c6a67ac23ccfb1b
2023-07-06T02:08:49+00:00 NOTICE action_scheduler.queue_job :: MailChimp_WooCommerce_Cart_Update queued :: obj_id 943b1449f8986e504c6a67ac23ccfb1b
2023-07-06T02:08:50+00:00 NOTICE abandoned_cart.success :: email: daniduqueg@gmail.com :: checkout_url: https://naturalconexion.com/checkout/?mc_cart_id=943b1449f8986e504c6a67ac23ccfb1b
2023-07-06T02:08:50+00:00 NOTICE cart.member.updated :: Updated daniduqueg@gmail.com subscriber status to subscribed and language to es
2023-07-06T02:08:51+00:00 NOTICE abandoned_cart.success :: email: daniduqueg@gmail.com :: checkout_url: https://naturalconexion.com/checkout/?mc_cart_id=943b1449f8986e504c6a67ac23ccfb1b
2023-07-06T02:09:32+00:00 NOTICE action_scheduler.queue_job :: MailChimp_WooCommerce_Single_Order starts in 90 seconds :: obj_id 24982
2023-07-06T02:11:20+00:00 NOTICE order_submit :: #24982 has a financial status of pending and was skipped.
2023-07-06T02:15:24+00:00 NOTICE action_scheduler.queue_job :: MailChimp_WooCommerce_Single_Order starts in 90 seconds :: obj_id 24982
2023-07-06T02:15:27+00:00 NOTICE debug :: Order ID 24982 was pending and is now processing :: Array
(
    [new_order] => 1
    [tracking] => Array
        (
            [campaign_id] => 
            [landing_site] => https://naturalconexion.com/wp-content/plugins/woocommerce-payu-latam/confirmation.php
        )

)

2023-07-06T02:16:59+00:00 NOTICE order.member.updated :: Updated daniduqueg@gmail.com subscriber status to subscribed and language to 
2023-07-06T02:16:59+00:00 NOTICE order_submit.success :: addStoreOrder :: #24982 :: email: daniduqueg@gmail.com :: landing site https://naturalconexion.com/wp-content/plugins/woocommerce-payu-latam/confirmation.php :: abandoned cart deleted [943b1449f8986e504c6a67ac23ccfb1b]
2023-07-06T05:04:43+00:00 NOTICE action_scheduler.queue_job :: MailChimp_WooCommerce_Cart_Update queued :: obj_id 19e707bb1417bb026a3f0f1602e361ce
2023-07-06T05:05:03+00:00 NOTICE abandoned_cart.success :: email: maredelac87@hotmail.com :: checkout_url: https://naturalconexion.com/checkout/?mc_cart_id=19e707bb1417bb026a3f0f1602e361ce
2023-07-06T05:05:04+00:00 NOTICE cart.member.updated :: Updated maredelac87@hotmail.com subscriber status to subscribed and language to es
2023-07-06T05:06:51+00:00 NOTICE action_scheduler.queue_job :: MailChimp_WooCommerce_Cart_Update queued :: obj_id 19e707bb1417bb026a3f0f1602e361ce
2023-07-06T05:07:50+00:00 NOTICE abandoned_cart.success :: email: maredelac87@hotmail.com :: checkout_url: https://naturalconexion.com/checkout/?mc_cart_id=19e707bb1417bb026a3f0f1602e361ce
2023-07-06T05:11:17+00:00 NOTICE action_scheduler.queue_job :: MailChimp_WooCommerce_Cart_Update queued :: obj_id 19e707bb1417bb026a3f0f1602e361ce
2023-07-06T05:11:39+00:00 NOTICE abandoned_cart.success :: email: maredelac87@hotmail.com :: checkout_url: https://naturalconexion.com/checkout/?mc_cart_id=19e707bb1417bb026a3f0f1602e361ce
2023-07-06T05:12:13+00:00 NOTICE action_scheduler.queue_job :: MailChimp_WooCommerce_Cart_Update queued :: obj_id 19e707bb1417bb026a3f0f1602e361ce
2023-07-06T05:12:43+00:00 NOTICE abandoned_cart.success :: email: maredelac87@hotmail.com :: checkout_url: https://naturalconexion.com/checkout/?mc_cart_id=19e707bb1417bb026a3f0f1602e361ce
2023-07-06T05:15:26+00:00 NOTICE action_scheduler.queue_job :: MailChimp_WooCommerce_Cart_Update queued :: obj_id 19e707bb1417bb026a3f0f1602e361ce
2023-07-06T05:15:44+00:00 NOTICE abandoned_cart.success :: email: maredelac87@hotmail.com :: checkout_url: https://naturalconexion.com/checkout/?mc_cart_id=19e707bb1417bb026a3f0f1602e361ce
2023-07-06T05:16:20+00:00 NOTICE action_scheduler.queue_job :: MailChimp_WooCommerce_Cart_Update queued :: obj_id 19e707bb1417bb026a3f0f1602e361ce
2023-07-06T05:17:11+00:00 NOTICE abandoned_cart.success :: email: maredelac87@hotmail.com :: checkout_url: https://naturalconexion.com/checkout/?mc_cart_id=19e707bb1417bb026a3f0f1602e361ce
2023-07-06T05:18:31+00:00 NOTICE action_scheduler.queue_job :: MailChimp_WooCommerce_Cart_Update queued :: obj_id f8a77a849d3b3764a9823338c383f5ef
2023-07-06T05:19:06+00:00 NOTICE abandoned_cart.success :: email: faiana03@gmail.com :: checkout_url: https://naturalconexion.com/checkout/?mc_cart_id=f8a77a849d3b3764a9823338c383f5ef
2023-07-06T05:19:07+00:00 NOTICE cart.member.updated :: Updated faiana03@gmail.com subscriber status to transactional and language to es
2023-07-06T14:58:14+00:00 NOTICE action_scheduler.queue_job :: MailChimp_WooCommerce_Single_Order starts in 90 seconds :: obj_id 24977
2023-07-06T14:58:16+00:00 NOTICE debug :: Order ID 24977 was processing and is now completed :: Array
(
    [new_order] => 
    [tracking] => 
)

2023-07-06T14:58:16+00:00 NOTICE action_scheduler.queue_job :: MailChimp_WooCommerce_Single_Order starts in 90 seconds :: obj_id 24978
2023-07-06T14:58:17+00:00 NOTICE debug :: Order ID 24978 was processing and is now completed :: Array
(
    [new_order] => 
    [tracking] => 
)

2023-07-06T14:58:17+00:00 NOTICE action_scheduler.queue_job :: MailChimp_WooCommerce_Single_Order starts in 90 seconds :: obj_id 24979
2023-07-06T14:58:18+00:00 NOTICE debug :: Order ID 24979 was processing and is now completed :: Array
(
    [new_order] => 
    [tracking] => 
)

2023-07-06T14:58:18+00:00 NOTICE action_scheduler.queue_job :: MailChimp_WooCommerce_Single_Order starts in 90 seconds :: obj_id 24981
2023-07-06T14:58:20+00:00 NOTICE debug :: Order ID 24981 was processing and is now completed :: Array
(
    [new_order] => 
    [tracking] => 
)

2023-07-06T14:58:20+00:00 NOTICE action_scheduler.queue_job :: MailChimp_WooCommerce_Single_Order starts in 90 seconds :: obj_id 24982
2023-07-06T14:58:21+00:00 NOTICE debug :: Order ID 24982 was processing and is now completed :: Array
(
    [new_order] => 
    [tracking] => 
)

2023-07-06T14:59:51+00:00 NOTICE order.member.updated :: Updated Luisa-5354@hotmail.com subscriber status to subscribed and language to 
2023-07-06T14:59:51+00:00 NOTICE order_submit.success :: updateStoreOrder :: #24977 :: email: Luisa-5354@hotmail.com
2023-07-06T14:59:53+00:00 NOTICE order.member.updated :: Updated lcasas911@hotmail.com subscriber status to subscribed and language to 
2023-07-06T14:59:53+00:00 NOTICE order_submit.success :: updateStoreOrder :: #24978 :: email: lcasas911@hotmail.com
2023-07-06T14:59:56+00:00 NOTICE order.member.updated :: Updated marceamariles8@gmail.com subscriber status to subscribed and language to 
2023-07-06T14:59:56+00:00 NOTICE order_submit.success :: updateStoreOrder :: #24979 :: email: marceamariles8@gmail.com
2023-07-06T14:59:58+00:00 NOTICE order.member.updated :: Updated VANESSA-OLAYA@HOTMAIL.COM subscriber status to subscribed and language to 
2023-07-06T14:59:58+00:00 NOTICE order_submit.success :: updateStoreOrder :: #24981 :: email: VANESSA-OLAYA@HOTMAIL.COM
2023-07-06T15:00:00+00:00 NOTICE order.member.updated :: Updated daniduqueg@gmail.com subscriber status to subscribed and language to 
2023-07-06T15:00:00+00:00 NOTICE order_submit.success :: updateStoreOrder :: #24982 :: email: daniduqueg@gmail.com
2023-07-06T15:11:57+00:00 NOTICE action_scheduler.queue_job :: MailChimp_WooCommerce_Cart_Update queued :: obj_id 8d5b62185e3ca9e9e845d9ae367cff12
2023-07-06T15:12:40+00:00 NOTICE abandoned_cart.success :: email: lelisrestrepo@gmail.com :: checkout_url: https://naturalconexion.com/checkout/?mc_cart_id=8d5b62185e3ca9e9e845d9ae367cff12
2023-07-06T15:12:40+00:00 NOTICE cart.member.updated :: Updated lelisrestrepo@gmail.com subscriber status to transactional and language to es
2023-07-06T15:13:13+00:00 NOTICE action_scheduler.queue_job :: MailChimp_WooCommerce_Single_Order starts in 90 seconds :: obj_id 24994
2023-07-06T15:15:00+00:00 NOTICE order_submit :: #24994 has a financial status of pending and was skipped.
2023-07-06T15:15:13+00:00 NOTICE action_scheduler.queue_job :: MailChimp_WooCommerce_Single_Order starts in 90 seconds :: obj_id 24994
2023-07-06T15:15:16+00:00 NOTICE debug :: Order ID 24994 was pending and is now processing :: Array
(
    [new_order] => 1
    [tracking] => Array
        (
            [campaign_id] => 
            [landing_site] => https://naturalconexion.com/wp-content/plugins/woocommerce-payu-latam/confirmation.php
        )

)

2023-07-06T15:17:47+00:00 NOTICE order.member.updated :: Updated lelisrestrepo@gmail.com subscriber status to subscribed and language to 
2023-07-06T15:17:47+00:00 NOTICE order_submit.success :: addStoreOrder :: #24994 :: email: lelisrestrepo@gmail.com :: landing site https://naturalconexion.com/wp-content/plugins/woocommerce-payu-latam/confirmation.php :: abandoned cart deleted [8d5b62185e3ca9e9e845d9ae367cff12]
2023-07-06T17:48:47+00:00 NOTICE action_scheduler.queue_job :: MailChimp_WooCommerce_Cart_Update queued :: obj_id 894df13bee7948300b3e030c84effaa4
2023-07-06T17:48:51+00:00 NOTICE abandoned_cart.success :: email: molano.milena@gmail.com :: checkout_url: https://naturalconexion.com/checkout/?mc_cart_id=894df13bee7948300b3e030c84effaa4
2023-07-06T17:48:52+00:00 NOTICE cart.member.updated :: Updated molano.milena@gmail.com subscriber status to subscribed and language to es
2023-07-06T17:49:30+00:00 NOTICE action_scheduler.queue_job :: MailChimp_WooCommerce_Single_Order starts in 90 seconds :: obj_id 24995
2023-07-06T17:51:17+00:00 NOTICE debug :: Order ID 24995 was pending and is now processing :: Array
(
    [new_order] => 1
    [tracking] => Array
        (
            [campaign_id] => 
            [landing_site] => https://naturalconexion.com/wp-content/plugins/woocommerce-payu-latam/confirmation.php
        )

)

2023-07-06T17:52:58+00:00 NOTICE order.member.updated :: Updated molano.milena@gmail.com subscriber status to subscribed and language to es
2023-07-06T17:52:58+00:00 NOTICE order_submit.success :: addStoreOrder :: #24995 :: email: molano.milena@gmail.com :: landing site https://naturalconexion.com/ :: abandoned cart deleted [894df13bee7948300b3e030c84effaa4]
2023-07-06T23:59:21+00:00 NOTICE action_scheduler.queue_job :: MailChimp_WooCommerce_Cart_Update queued :: obj_id b0a5b3b4265e4576b3813d52f97fe281
