2023-02-20T00:52:28+00:00 NOTICE action_scheduler.queue_job :: MailChimp_WooCommerce_Cart_Update queued :: obj_id a5ac1a03b5973943aa316bbbc0a545d5
2023-02-20T00:52:48+00:00 NOTICE abandoned_cart.success :: email: dianamacostap27@hotmail.com :: checkout_url: https://naturalconexion.com/checkout/?mc_cart_id=a5ac1a03b5973943aa316bbbc0a545d5
2023-02-20T00:52:48+00:00 NOTICE cart.member.updated :: Updated dianamacostap27@hotmail.com subscriber status to subscribed and language to es
2023-02-20T00:53:20+00:00 NOTICE action_scheduler.queue_job :: MailChimp_WooCommerce_Single_Order starts in 90 seconds :: obj_id 23321
2023-02-20T00:55:15+00:00 NOTICE order_submit :: #23321 has a financial status of pending and was skipped.
2023-02-20T01:01:11+00:00 NOTICE action_scheduler.queue_job :: MailChimp_WooCommerce_Single_Order starts in 90 seconds :: obj_id 23321
2023-02-20T01:01:14+00:00 NOTICE debug :: Order ID 23321 was pending and is now processing :: Array
(
    [new_order] => 1
    [tracking] => Array
        (
            [campaign_id] => 
            [landing_site] => https://naturalconexion.com/wp-content/plugins/woocommerce-payu-latam/confirmation.php
        )

)

2023-02-20T01:04:00+00:00 NOTICE order.member.updated :: Updated dianamacostap27@hotmail.com subscriber status to subscribed and language to 
2023-02-20T01:04:00+00:00 NOTICE order_submit.success :: addStoreOrder :: #23321 :: email: dianamacostap27@hotmail.com :: landing site https://naturalconexion.com/wp-content/plugins/woocommerce-payu-latam/confirmation.php :: abandoned cart deleted [a5ac1a03b5973943aa316bbbc0a545d5]
2023-02-20T02:35:49+00:00 NOTICE action_scheduler.queue_job :: MailChimp_WooCommerce_Cart_Update queued :: obj_id afee732440249072db6b4c915feec59b
2023-02-20T02:36:50+00:00 NOTICE abandoned_cart.success :: email: ntgarciamorales@gmail.com :: checkout_url: https://naturalconexion.com/checkout/?mc_cart_id=afee732440249072db6b4c915feec59b
2023-02-20T02:36:50+00:00 NOTICE cart.member.updated :: Updated ntgarciamorales@gmail.com subscriber status to subscribed and language to es
2023-02-20T04:18:05+00:00 NOTICE action_scheduler.queue_job :: MailChimp_WooCommerce_Cart_Update queued :: obj_id 18e881b0916a9421fc9cf1558200b5c4
2023-02-20T04:19:09+00:00 NOTICE abandoned_cart.success :: email: lili_1106@hotmail.com :: checkout_url: https://naturalconexion.com/checkout/?mc_cart_id=18e881b0916a9421fc9cf1558200b5c4
2023-02-20T04:19:10+00:00 NOTICE cart.member.updated :: Updated lili_1106@hotmail.com subscriber status to subscribed and language to es
2023-02-20T04:22:34+00:00 NOTICE action_scheduler.queue_job :: MailChimp_WooCommerce_Cart_Update queued :: obj_id 18e881b0916a9421fc9cf1558200b5c4
2023-02-20T04:22:50+00:00 NOTICE abandoned_cart.success :: email: lili_1106@hotmail.com :: checkout_url: https://naturalconexion.com/checkout/?mc_cart_id=18e881b0916a9421fc9cf1558200b5c4
2023-02-20T04:24:29+00:00 NOTICE action_scheduler.queue_job :: MailChimp_WooCommerce_Cart_Update queued :: obj_id 18e881b0916a9421fc9cf1558200b5c4
2023-02-20T04:24:32+00:00 NOTICE abandoned_cart.success :: email: lili_1106@hotmail.com :: checkout_url: https://naturalconexion.com/checkout/?mc_cart_id=18e881b0916a9421fc9cf1558200b5c4
2023-02-20T04:25:49+00:00 NOTICE action_scheduler.queue_job :: MailChimp_WooCommerce_Cart_Update queued :: obj_id 18e881b0916a9421fc9cf1558200b5c4
2023-02-20T04:25:52+00:00 NOTICE abandoned_cart.success :: email: lili_1106@hotmail.com :: checkout_url: https://naturalconexion.com/checkout/?mc_cart_id=18e881b0916a9421fc9cf1558200b5c4
2023-02-20T04:31:58+00:00 NOTICE action_scheduler.queue_job :: MailChimp_WooCommerce_Cart_Update queued :: obj_id 18e881b0916a9421fc9cf1558200b5c4
2023-02-20T04:32:01+00:00 NOTICE abandoned_cart.success :: email: lili_1106@hotmail.com :: checkout_url: https://naturalconexion.com/checkout/?mc_cart_id=18e881b0916a9421fc9cf1558200b5c4
2023-02-20T04:40:14+00:00 NOTICE action_scheduler.queue_job :: MailChimp_WooCommerce_Cart_Update queued :: obj_id 18e881b0916a9421fc9cf1558200b5c4
2023-02-20T04:40:51+00:00 NOTICE abandoned_cart.success :: email: lili_1106@hotmail.com :: checkout_url: https://naturalconexion.com/checkout/?mc_cart_id=18e881b0916a9421fc9cf1558200b5c4
2023-02-20T12:43:30+00:00 NOTICE action_scheduler.queue_job :: MailChimp_WooCommerce_Single_Order starts in 90 seconds :: obj_id 23308
2023-02-20T12:43:33+00:00 NOTICE debug :: Order ID 23308 was processing and is now completed :: Array
(
    [new_order] => 
    [tracking] => 
)

2023-02-20T12:43:33+00:00 NOTICE action_scheduler.queue_job :: MailChimp_WooCommerce_Single_Order starts in 90 seconds :: obj_id 23312
2023-02-20T12:43:35+00:00 NOTICE debug :: Order ID 23312 was processing and is now completed :: Array
(
    [new_order] => 
    [tracking] => 
)

2023-02-20T12:43:35+00:00 NOTICE action_scheduler.queue_job :: MailChimp_WooCommerce_Single_Order starts in 90 seconds :: obj_id 23313
2023-02-20T12:43:37+00:00 NOTICE debug :: Order ID 23313 was processing and is now completed :: Array
(
    [new_order] => 
    [tracking] => 
)

2023-02-20T12:43:37+00:00 NOTICE action_scheduler.queue_job :: MailChimp_WooCommerce_Single_Order starts in 90 seconds :: obj_id 23314
2023-02-20T12:43:40+00:00 NOTICE debug :: Order ID 23314 was processing and is now completed :: Array
(
    [new_order] => 
    [tracking] => 
)

2023-02-20T12:43:40+00:00 NOTICE action_scheduler.queue_job :: MailChimp_WooCommerce_Single_Order starts in 90 seconds :: obj_id 23315
2023-02-20T12:43:42+00:00 NOTICE debug :: Order ID 23315 was processing and is now completed :: Array
(
    [new_order] => 
    [tracking] => 
)

2023-02-20T12:43:42+00:00 NOTICE action_scheduler.queue_job :: MailChimp_WooCommerce_Single_Order starts in 90 seconds :: obj_id 23316
2023-02-20T12:43:47+00:00 NOTICE debug :: Order ID 23316 was processing and is now completed :: Array
(
    [new_order] => 
    [tracking] => 
)

2023-02-20T12:43:47+00:00 NOTICE action_scheduler.queue_job :: MailChimp_WooCommerce_Single_Order starts in 90 seconds :: obj_id 23317
2023-02-20T12:43:50+00:00 NOTICE debug :: Order ID 23317 was processing and is now completed :: Array
(
    [new_order] => 
    [tracking] => 
)

2023-02-20T12:43:50+00:00 NOTICE action_scheduler.queue_job :: MailChimp_WooCommerce_Single_Order starts in 90 seconds :: obj_id 23318
2023-02-20T12:43:52+00:00 NOTICE debug :: Order ID 23318 was processing and is now completed :: Array
(
    [new_order] => 
    [tracking] => 
)

2023-02-20T12:43:52+00:00 NOTICE action_scheduler.queue_job :: MailChimp_WooCommerce_Single_Order starts in 90 seconds :: obj_id 23319
2023-02-20T12:43:54+00:00 NOTICE debug :: Order ID 23319 was processing and is now completed :: Array
(
    [new_order] => 
    [tracking] => 
)

2023-02-20T12:43:54+00:00 NOTICE action_scheduler.queue_job :: MailChimp_WooCommerce_Single_Order starts in 90 seconds :: obj_id 23320
2023-02-20T12:43:55+00:00 NOTICE debug :: Order ID 23320 was processing and is now completed :: Array
(
    [new_order] => 
    [tracking] => 
)

2023-02-20T12:43:55+00:00 NOTICE action_scheduler.queue_job :: MailChimp_WooCommerce_Single_Order starts in 90 seconds :: obj_id 23321
2023-02-20T12:43:57+00:00 NOTICE debug :: Order ID 23321 was processing and is now completed :: Array
(
    [new_order] => 
    [tracking] => 
)

2023-02-20T12:45:24+00:00 NOTICE order.member.updated :: Updated estebanr.24@hotmail.com subscriber status to subscribed and language to 
2023-02-20T12:45:24+00:00 NOTICE order_submit.success :: updateStoreOrder :: #23308 :: email: estebanr.24@hotmail.com
2023-02-20T12:45:26+00:00 NOTICE order.member.updated :: Updated yessica.abogada2017@gmail.com subscriber status to subscribed and language to 
2023-02-20T12:45:26+00:00 NOTICE order_submit.success :: updateStoreOrder :: #23312 :: email: yessica.abogada2017@gmail.com
2023-02-20T12:45:27+00:00 NOTICE order.member.updated :: Updated dianag406@gmail.com subscriber status to subscribed and language to 
2023-02-20T12:45:27+00:00 NOTICE order_submit.success :: updateStoreOrder :: #23313 :: email: dianag406@gmail.com
2023-02-20T12:45:29+00:00 NOTICE order.member.updated :: Updated Md.londonog@gmail.com subscriber status to subscribed and language to 
2023-02-20T12:45:29+00:00 NOTICE order_submit.success :: updateStoreOrder :: #23314 :: email: Md.londonog@gmail.com
2023-02-20T12:45:30+00:00 NOTICE order.member.updated :: Updated linis.maria.ortega@gmail.com subscriber status to subscribed and language to 
2023-02-20T12:45:30+00:00 NOTICE order_submit.success :: updateStoreOrder :: #23315 :: email: linis.maria.ortega@gmail.com
2023-02-20T12:45:32+00:00 NOTICE order.member.updated :: Updated arelisbarrosvym@gmail.com subscriber status to subscribed and language to 
2023-02-20T12:45:32+00:00 NOTICE order_submit.success :: updateStoreOrder :: #23316 :: email: arelisbarrosvym@gmail.com
2023-02-20T12:45:33+00:00 NOTICE order.member.updated :: Updated geravilo54@hotmail.com subscriber status to subscribed and language to 
2023-02-20T12:45:33+00:00 NOTICE order_submit.success :: updateStoreOrder :: #23317 :: email: geravilo54@hotmail.com
2023-02-20T12:45:34+00:00 NOTICE order.member.updated :: Updated maitegonza1@gmail.com subscriber status to subscribed and language to 
2023-02-20T12:45:34+00:00 NOTICE order_submit.success :: updateStoreOrder :: #23318 :: email: maitegonza1@gmail.com
2023-02-20T12:45:36+00:00 NOTICE order.member.updated :: Updated Ma.victoriap16@gmail.com subscriber status to transactional and language to 
2023-02-20T12:45:36+00:00 NOTICE order_submit.success :: updateStoreOrder :: #23319 :: email: Ma.victoriap16@gmail.com
2023-02-20T12:45:37+00:00 NOTICE order.member.updated :: Updated g.verdura6@gmail.com subscriber status to transactional and language to 
2023-02-20T12:45:37+00:00 NOTICE order_submit.success :: updateStoreOrder :: #23320 :: email: g.verdura6@gmail.com
2023-02-20T12:45:39+00:00 NOTICE order.member.updated :: Updated dianamacostap27@hotmail.com subscriber status to subscribed and language to 
2023-02-20T12:45:39+00:00 NOTICE order_submit.success :: updateStoreOrder :: #23321 :: email: dianamacostap27@hotmail.com
2023-02-20T13:09:00+00:00 NOTICE action_scheduler.queue_job :: MailChimp_WooCommerce_Single_Order starts in 90 seconds :: obj_id 23309
2023-02-20T13:09:02+00:00 NOTICE debug :: Order ID 23309 was processing and is now completed :: Array
(
    [new_order] => 
    [tracking] => 
)

2023-02-20T13:10:41+00:00 NOTICE order.member.updated :: Updated crojasgaviria@gmail.com subscriber status to subscribed and language to 
2023-02-20T13:10:41+00:00 NOTICE order_submit.success :: updateStoreOrder :: #23309 :: email: crojasgaviria@gmail.com
2023-02-20T15:10:47+00:00 NOTICE action_scheduler.queue_job :: MailChimp_WooCommerce_Cart_Update queued :: obj_id 7554650775ccbce36bd6d051f0afbe2c
2023-02-20T15:11:18+00:00 NOTICE abandoned_cart.success :: email: hi.soybeka@gmail.com :: checkout_url: https://naturalconexion.com/checkout/?mc_cart_id=7554650775ccbce36bd6d051f0afbe2c
2023-02-20T15:11:18+00:00 NOTICE cart.member.updated :: Updated hi.soybeka@gmail.com subscriber status to transactional and language to es
2023-02-20T15:11:27+00:00 NOTICE action_scheduler.queue_job :: MailChimp_WooCommerce_Cart_Update queued :: obj_id 7554650775ccbce36bd6d051f0afbe2c
2023-02-20T15:11:29+00:00 NOTICE abandoned_cart.success :: email: hi.soybeka@gmail.com :: checkout_url: https://naturalconexion.com/checkout/?mc_cart_id=7554650775ccbce36bd6d051f0afbe2c
2023-02-20T15:12:41+00:00 NOTICE action_scheduler.queue_job :: MailChimp_WooCommerce_Single_Order starts in 90 seconds :: obj_id 23322
2023-02-20T15:15:34+00:00 NOTICE order_submit :: #23322 has a financial status of pending and was skipped.
2023-02-20T15:17:30+00:00 NOTICE action_scheduler.queue_job :: MailChimp_WooCommerce_Single_Order starts in 90 seconds :: obj_id 23322
2023-02-20T15:17:33+00:00 NOTICE debug :: Order ID 23322 was pending and is now processing :: Array
(
    [new_order] => 1
    [tracking] => Array
        (
            [campaign_id] => 
            [landing_site] => https://naturalconexion.com/wp-content/plugins/woocommerce-payu-latam/confirmation.php
        )

)

2023-02-20T15:19:10+00:00 NOTICE order.member.updated :: Updated hi.soybeka@gmail.com subscriber status to transactional and language to 
2023-02-20T15:19:10+00:00 NOTICE order_submit.success :: addStoreOrder :: #23322 :: email: hi.soybeka@gmail.com :: landing site https://naturalconexion.com/wp-content/plugins/woocommerce-payu-latam/confirmation.php :: abandoned cart deleted [7554650775ccbce36bd6d051f0afbe2c]
2023-02-20T17:03:47+00:00 NOTICE action_scheduler.queue_job :: MailChimp_WooCommerce_User_Submit queued :: obj_id 1955
2023-02-20T17:04:52+00:00 NOTICE member.sync :: Updated Member omarmp@gmail.com :: Array
(
    [status] => subscribed
    [language] => 
    [merge_fields] => Array
        (
            [FNAME] => Omar
            [LNAME] => Mejía Posada
        )

    [gdpr_fields] => 
)

2023-02-20T18:04:05+00:00 NOTICE action_scheduler.queue_job :: MailChimp_WooCommerce_User_Submit queued :: obj_id 2116
2023-02-20T18:05:04+00:00 NOTICE member.sync :: Updated Member anamariacardenasruiz28@gmail.com :: Array
(
    [status] => transactional
    [language] => 
    [merge_fields] => Array
        (
        )

    [gdpr_fields] => 
)

2023-02-20T18:06:55+00:00 NOTICE action_scheduler.queue_job :: MailChimp_WooCommerce_User_Submit queued :: obj_id 2116
2023-02-20T18:06:57+00:00 NOTICE member.sync :: Updated Member anamariacardenasruiz28@gmail.com :: Array
(
    [previous_status] => transactional
    [status] => 
    [language] => 
    [merge_fields] => Array
        (
            [FNAME] => Ana
            [LNAME] => Cardenas
        )

    [gdpr_fields] => 
)

2023-02-20T18:07:03+00:00 NOTICE action_scheduler.queue_job :: MailChimp_WooCommerce_User_Submit queued :: obj_id 2116
2023-02-20T18:07:13+00:00 NOTICE member.sync :: Updated Member anamariacardenasruiz28@gmail.com :: Array
(
    [previous_status] => transactional
    [status] => 
    [language] => 
    [merge_fields] => Array
        (
            [FNAME] => Ana
            [LNAME] => Cardenas
        )

    [gdpr_fields] => 
)

2023-02-20T19:20:28+00:00 NOTICE action_scheduler.queue_job :: MailChimp_WooCommerce_Cart_Update queued :: obj_id 22062998a67c3e053896a389e7fc49be
2023-02-20T19:20:49+00:00 NOTICE abandoned_cart.success :: email: bettysanchez_21@hotmail.com :: checkout_url: https://naturalconexion.com/checkout/?mc_cart_id=22062998a67c3e053896a389e7fc49be
2023-02-20T19:20:49+00:00 NOTICE cart.member.updated :: Updated bettysanchez_21@hotmail.com subscriber status to subscribed and language to es
2023-02-20T19:21:57+00:00 NOTICE action_scheduler.queue_job :: MailChimp_WooCommerce_Single_Order starts in 90 seconds :: obj_id 23323
2023-02-20T19:24:36+00:00 NOTICE order_submit :: #23323 has a financial status of pending and was skipped.
2023-02-20T19:27:11+00:00 NOTICE action_scheduler.queue_job :: MailChimp_WooCommerce_Single_Order starts in 90 seconds :: obj_id 23323
2023-02-20T19:27:13+00:00 NOTICE debug :: Order ID 23323 was pending and is now processing :: Array
(
    [new_order] => 1
    [tracking] => Array
        (
            [campaign_id] => 
            [landing_site] => https://naturalconexion.com/wp-content/plugins/woocommerce-payu-latam/confirmation.php
        )

)

2023-02-20T19:28:52+00:00 NOTICE order.member.updated :: Updated bettysanchez_21@hotmail.com subscriber status to subscribed and language to 
2023-02-20T19:28:52+00:00 NOTICE order_submit.success :: addStoreOrder :: #23323 :: email: bettysanchez_21@hotmail.com :: landing site https://naturalconexion.com/wp-content/plugins/woocommerce-payu-latam/confirmation.php :: abandoned cart deleted [22062998a67c3e053896a389e7fc49be]
2023-02-20T20:10:40+00:00 NOTICE action_scheduler.queue_job :: MailChimp_WooCommerce_Cart_Update queued :: obj_id 3fd335fe951590563e613c7666bfa8b9
2023-02-20T20:10:41+00:00 NOTICE abandoned_cart.success :: email: manuela8930@hotmail.com :: checkout_url: https://naturalconexion.com/checkout/?mc_cart_id=3fd335fe951590563e613c7666bfa8b9
2023-02-20T20:10:41+00:00 NOTICE cart.member.updated :: Updated manuela8930@hotmail.com subscriber status to transactional and language to es
2023-02-20T20:11:14+00:00 NOTICE action_scheduler.queue_job :: MailChimp_WooCommerce_Cart_Update queued :: obj_id 3fd335fe951590563e613c7666bfa8b9
2023-02-20T20:11:34+00:00 NOTICE abandoned_cart.success :: email: manuela8930@hotmail.com :: checkout_url: https://naturalconexion.com/checkout/?mc_cart_id=3fd335fe951590563e613c7666bfa8b9
2023-02-20T20:12:21+00:00 NOTICE action_scheduler.queue_job :: MailChimp_WooCommerce_Single_Order starts in 90 seconds :: obj_id 23324
2023-02-20T20:14:10+00:00 NOTICE order_submit :: #23324 has a financial status of pending and was skipped.
2023-02-20T20:22:40+00:00 NOTICE action_scheduler.queue_job :: MailChimp_WooCommerce_Single_Order starts in 90 seconds :: obj_id 23324
2023-02-20T20:22:43+00:00 NOTICE debug :: Order ID 23324 was pending and is now processing :: Array
(
    [new_order] => 1
    [tracking] => Array
        (
            [campaign_id] => 
            [landing_site] => https://naturalconexion.com/wp-content/plugins/woocommerce-payu-latam/confirmation.php
        )

)

2023-02-20T20:25:03+00:00 NOTICE order.member.updated :: Updated manuela8930@hotmail.com subscriber status to transactional and language to 
2023-02-20T20:25:03+00:00 NOTICE order_submit.success :: addStoreOrder :: #23324 :: email: manuela8930@hotmail.com :: landing site https://naturalconexion.com/wp-content/plugins/woocommerce-payu-latam/confirmation.php :: abandoned cart deleted [3fd335fe951590563e613c7666bfa8b9]
2023-02-20T20:58:35+00:00 NOTICE action_scheduler.queue_job :: MailChimp_WooCommerce_Cart_Update queued :: obj_id a7181159b2b9c5268a225e03bbaa0395
2023-02-20T20:58:45+00:00 NOTICE abandoned_cart.success :: email: jcamilobarrera11@gmail.com :: checkout_url: https://naturalconexion.com/checkout/?mc_cart_id=a7181159b2b9c5268a225e03bbaa0395
2023-02-20T20:58:46+00:00 NOTICE cart.member.updated :: Updated jcamilobarrera11@gmail.com subscriber status to subscribed and language to es
2023-02-20T20:58:54+00:00 NOTICE action_scheduler.queue_job :: MailChimp_WooCommerce_Single_Order starts in 90 seconds :: obj_id 23325
2023-02-20T21:00:35+00:00 NOTICE order_submit :: #23325 has a financial status of pending and was skipped.
2023-02-20T21:33:11+00:00 NOTICE action_scheduler.queue_job :: MailChimp_WooCommerce_Cart_Update queued :: obj_id 37b23080ec956ec487f4f0ead6f76092
2023-02-20T21:33:13+00:00 NOTICE abandoned_cart.success :: email: valentina.amado@outlook.com :: checkout_url: https://naturalconexion.com/checkout/?mc_cart_id=37b23080ec956ec487f4f0ead6f76092
2023-02-20T21:33:13+00:00 NOTICE cart.member.updated :: Updated valentina.amado@outlook.com subscriber status to transactional and language to es
2023-02-20T21:34:38+00:00 NOTICE action_scheduler.queue_job :: MailChimp_WooCommerce_Single_Order starts in 90 seconds :: obj_id 23326
2023-02-20T21:36:15+00:00 NOTICE order_submit :: #23326 has a financial status of pending and was skipped.
2023-02-20T21:41:07+00:00 NOTICE action_scheduler.queue_job :: MailChimp_WooCommerce_Single_Order starts in 90 seconds :: obj_id 23326
2023-02-20T21:41:10+00:00 NOTICE debug :: Order ID 23326 was pending and is now processing :: Array
(
    [new_order] => 1
    [tracking] => Array
        (
            [campaign_id] => 
            [landing_site] => https://naturalconexion.com/wp-content/plugins/woocommerce-payu-latam/confirmation.php
        )

)

2023-02-20T21:42:49+00:00 NOTICE order.member.updated :: Updated valentina.amado@outlook.com subscriber status to transactional and language to 
2023-02-20T21:42:49+00:00 NOTICE order_submit.success :: addStoreOrder :: #23326 :: email: valentina.amado@outlook.com :: landing site https://naturalconexion.com/wp-content/plugins/woocommerce-payu-latam/confirmation.php :: abandoned cart deleted [37b23080ec956ec487f4f0ead6f76092]
2023-02-20T22:01:30+00:00 NOTICE action_scheduler.queue_job :: MailChimp_WooCommerce_Single_Order starts in 90 seconds :: obj_id 23325
2023-02-20T22:01:31+00:00 NOTICE debug :: Order ID 23325 was pending and is now cancelled :: Array
(
    [new_order] => 
    [tracking] => 
)

2023-02-20T22:04:17+00:00 NOTICE order_submit :: #23325 has a financial status of cancelled and was skipped.
2023-02-20T22:37:05+00:00 NOTICE action_scheduler.queue_job :: MailChimp_WooCommerce_Single_Order starts in 90 seconds :: obj_id 23325
2023-02-20T22:37:08+00:00 NOTICE debug :: Order ID 23325 was cancelled and is now processing :: Array
(
    [new_order] => 
    [tracking] => 
)

2023-02-20T22:38:49+00:00 NOTICE order.member.updated :: Updated Jcamilobarrera11@gmail.com subscriber status to subscribed and language to 
2023-02-20T22:38:49+00:00 NOTICE order_submit.success :: addStoreOrder :: #23325 :: email: Jcamilobarrera11@gmail.com :: landing site https://naturalconexion.com/wp-content/plugins/woocommerce-payu-latam/confirmation.php
2023-02-20T23:14:32+00:00 NOTICE action_scheduler.queue_job :: MailChimp_WooCommerce_User_Submit queued :: obj_id 2419
2023-02-20T23:14:37+00:00 NOTICE member.sync :: aloresm@gmail.com is Pending Double OptIn
2023-02-20T23:15:17+00:00 NOTICE action_scheduler.queue_job :: MailChimp_WooCommerce_User_Submit queued :: obj_id 2419
2023-02-20T23:15:40+00:00 NOTICE member.sync :: Updated Member aloresm@gmail.com :: Array
(
    [previous_status] => transactional
    [status] => 
    [language] => 
    [merge_fields] => Array
        (
            [FNAME] => Angie Lorena
            [LNAME] => Santana Medina
        )

    [gdpr_fields] => 
)

2023-02-20T23:15:51+00:00 NOTICE action_scheduler.queue_job :: MailChimp_WooCommerce_Cart_Update queued :: obj_id 909dce3c413bb21744a1ca6c6d5a8f6e
2023-02-20T23:16:34+00:00 NOTICE abandoned_cart.success :: email: aloresm@gmail.com :: checkout_url: https://naturalconexion.com/checkout/?mc_cart_id=909dce3c413bb21744a1ca6c6d5a8f6e
2023-02-20T23:16:34+00:00 NOTICE cart.member.updated :: Updated aloresm@gmail.com subscriber status to transactional and language to es
2023-02-20T23:18:09+00:00 NOTICE action_scheduler.queue_job :: MailChimp_WooCommerce_Cart_Update queued :: obj_id 909dce3c413bb21744a1ca6c6d5a8f6e
2023-02-20T23:18:33+00:00 NOTICE abandoned_cart.success :: email: aloresm@gmail.com :: checkout_url: https://naturalconexion.com/checkout/?mc_cart_id=909dce3c413bb21744a1ca6c6d5a8f6e
