2022-01-27T02:28:49+00:00 NOTICE action_scheduler.queue_job :: MailChimp_WooCommerce_Cart_Update queued :: obj_id 66ecbcd2c9ac442b9a04a567b0581c87
2022-01-27T02:29:00+00:00 NOTICE abandoned_cart.success :: email: soniadelpi22@gmail.com :: checkout_url: https://naturalconexion.com/checkout/?mc_cart_id=66ecbcd2c9ac442b9a04a567b0581c87
2022-01-27T02:29:00+00:00 NOTICE cart.member.updated :: Updated soniadelpi22@gmail.com subscriber status to transactional and language to es
2022-01-27T02:29:49+00:00 NOTICE action_scheduler.queue_job :: MailChimp_WooCommerce_Single_Order starts in 90 seconds :: obj_id 18476
2022-01-27T02:31:23+00:00 NOTICE debug :: Order ID 18476 was pending and is now processing :: Array
(
    [new_order] => 1
    [tracking] => Array
        (
            [campaign_id] => 
            [landing_site] => https://naturalconexion.com/wp-admin/admin-ajax.php
        )

)

2022-01-27T02:33:14+00:00 NOTICE order.member.updated :: Updated soniadelpi22@gmail.com subscriber status to subscribed and language to es
2022-01-27T02:33:14+00:00 NOTICE order_submit.success :: addStoreOrder :: #18476 :: email: soniadelpi22@gmail.com :: landing site https://naturalconexion.com/wp-admin/admin-ajax.php :: abandoned cart deleted [66ecbcd2c9ac442b9a04a567b0581c87]
2022-01-27T02:57:24+00:00 NOTICE action_scheduler.queue_job :: MailChimp_WooCommerce_Cart_Update queued :: obj_id b8ff79582b467ba1f42527821ff4c325
2022-01-27T02:57:26+00:00 NOTICE abandoned_cart.success :: email: kenyfernandezz@gmail.com :: checkout_url: https://naturalconexion.com/checkout/?mc_cart_id=b8ff79582b467ba1f42527821ff4c325
2022-01-27T02:57:27+00:00 NOTICE cart.member.updated :: Updated kenyfernandezz@gmail.com subscriber status to subscribed and language to es
2022-01-27T02:57:30+00:00 NOTICE action_scheduler.queue_job :: MailChimp_WooCommerce_Cart_Update queued :: obj_id b8ff79582b467ba1f42527821ff4c325
2022-01-27T02:58:04+00:00 NOTICE abandoned_cart.success :: email: kenyfernandezz@gmail.com :: checkout_url: https://naturalconexion.com/checkout/?mc_cart_id=b8ff79582b467ba1f42527821ff4c325
2022-01-27T03:05:38+00:00 NOTICE action_scheduler.queue_job :: MailChimp_WooCommerce_Cart_Update queued :: obj_id b8ff79582b467ba1f42527821ff4c325
2022-01-27T03:06:25+00:00 NOTICE abandoned_cart.success :: email: kenyfernandezz@gmail.com :: checkout_url: https://naturalconexion.com/checkout/?mc_cart_id=b8ff79582b467ba1f42527821ff4c325
2022-01-27T05:34:55+00:00 NOTICE action_scheduler.queue_job :: MailChimp_WooCommerce_Single_Order starts in 90 seconds :: obj_id 18425
2022-01-27T05:34:55+00:00 NOTICE debug :: Order ID 18425 was cancelled and is now failed :: Array
(
    [new_order] => 
    [tracking] => 
)

2022-01-27T05:36:28+00:00 NOTICE system.debug :: order 18425 is in failed status, and is being skipped for now.
2022-01-27T14:17:46+00:00 NOTICE action_scheduler.queue_job :: MailChimp_WooCommerce_Single_Order starts in 90 seconds :: obj_id 18472
2022-01-27T14:17:51+00:00 NOTICE debug :: Order ID 18472 was processing and is now completed :: Array
(
    [new_order] => 
    [tracking] => 
)

2022-01-27T14:17:51+00:00 NOTICE action_scheduler.queue_job :: MailChimp_WooCommerce_Single_Order starts in 90 seconds :: obj_id 18473
2022-01-27T14:17:54+00:00 NOTICE debug :: Order ID 18473 was processing and is now completed :: Array
(
    [new_order] => 
    [tracking] => 
)

2022-01-27T14:17:55+00:00 NOTICE action_scheduler.queue_job :: MailChimp_WooCommerce_Single_Order starts in 90 seconds :: obj_id 18474
2022-01-27T14:17:57+00:00 NOTICE debug :: Order ID 18474 was processing and is now completed :: Array
(
    [new_order] => 
    [tracking] => 
)

2022-01-27T14:17:58+00:00 NOTICE action_scheduler.queue_job :: MailChimp_WooCommerce_Single_Order starts in 90 seconds :: obj_id 18475
2022-01-27T14:18:01+00:00 NOTICE debug :: Order ID 18475 was processing and is now completed :: Array
(
    [new_order] => 
    [tracking] => 
)

2022-01-27T14:18:02+00:00 NOTICE action_scheduler.queue_job :: MailChimp_WooCommerce_Single_Order starts in 90 seconds :: obj_id 18476
2022-01-27T14:18:04+00:00 NOTICE debug :: Order ID 18476 was processing and is now completed :: Array
(
    [new_order] => 
    [tracking] => 
)

2022-01-27T14:19:26+00:00 NOTICE order.member.updated :: Updated edgarvasquezmartinez@gmail.com subscriber status to subscribed and language to 
2022-01-27T14:19:26+00:00 NOTICE order_submit.success :: updateStoreOrder :: #18472 :: email: edgarvasquezmartinez@gmail.com
2022-01-27T14:20:28+00:00 NOTICE order.member.updated :: Updated juanfer.agudelo@gmail.com subscriber status to transactional and language to 
2022-01-27T14:20:28+00:00 NOTICE order_submit.success :: updateStoreOrder :: #18473 :: email: juanfer.agudelo@gmail.com
2022-01-27T14:20:40+00:00 NOTICE order.member.updated :: Updated linamariafd@gmail.com subscriber status to subscribed and language to 
2022-01-27T14:20:40+00:00 NOTICE order_submit.success :: updateStoreOrder :: #18474 :: email: linamariafd@gmail.com
2022-01-27T14:20:43+00:00 NOTICE order.member.updated :: Updated claudiaccallejas@hotmail.com subscriber status to subscribed and language to 
2022-01-27T14:20:43+00:00 NOTICE order_submit.success :: updateStoreOrder :: #18475 :: email: claudiaccallejas@hotmail.com
2022-01-27T14:20:47+00:00 NOTICE order.member.updated :: Updated soniadelpi22@gmail.com subscriber status to subscribed and language to 
2022-01-27T14:20:47+00:00 NOTICE order_submit.success :: updateStoreOrder :: #18476 :: email: soniadelpi22@gmail.com
2022-01-27T14:50:22+00:00 NOTICE action_scheduler.queue_job :: MailChimp_WooCommerce_Cart_Update queued :: obj_id af1d4a58edc6fa9e278dace3195e2f31
2022-01-27T14:50:25+00:00 NOTICE action_scheduler.queue_job :: MailChimp_WooCommerce_Single_Order starts in 90 seconds :: obj_id 18478
2022-01-27T14:50:44+00:00 NOTICE abandoned_cart.success :: email: annieri31@hotmail.com :: checkout_url: https://naturalconexion.com/checkout/?mc_cart_id=af1d4a58edc6fa9e278dace3195e2f31
2022-01-27T14:50:45+00:00 NOTICE cart.member.updated :: Updated annieri31@hotmail.com subscriber status to transactional and language to es
2022-01-27T14:52:22+00:00 NOTICE order_sumbit :: #18478 has a financial status of pending and was skipped.
2022-01-27T14:54:22+00:00 NOTICE action_scheduler.queue_job :: MailChimp_WooCommerce_Single_Order starts in 90 seconds :: obj_id 18478
2022-01-27T14:54:26+00:00 NOTICE debug :: Order ID 18478 was pending and is now processing :: Array
(
    [new_order] => 1
    [tracking] => Array
        (
            [campaign_id] => 
            [landing_site] => https://naturalconexion.com/wp-admin/admin-ajax.php
        )

)

2022-01-27T14:56:26+00:00 NOTICE order.member.updated :: Updated annieri31@hotmail.com subscriber status to transactional and language to 
2022-01-27T14:56:26+00:00 NOTICE order_submit.success :: addStoreOrder :: #18478 :: email: annieri31@hotmail.com :: landing site https://naturalconexion.com/wp-admin/admin-ajax.php :: abandoned cart deleted [af1d4a58edc6fa9e278dace3195e2f31]
2022-01-27T15:05:21+00:00 NOTICE action_scheduler.queue_job :: MailChimp_WooCommerce_Single_Order starts in 90 seconds :: obj_id 18479
2022-01-27T15:07:20+00:00 NOTICE order_sumbit :: #18479 has a financial status of pending and was skipped.
2022-01-27T15:13:57+00:00 NOTICE action_scheduler.queue_job :: MailChimp_WooCommerce_Cart_Update queued :: obj_id 54d0c58029c8bd1687e2de54a362b401
2022-01-27T15:14:20+00:00 NOTICE abandoned_cart.success :: email: carogiraldo0501@hotmail.com :: checkout_url: https://naturalconexion.com/checkout/?mc_cart_id=54d0c58029c8bd1687e2de54a362b401
2022-01-27T15:14:20+00:00 NOTICE cart.member.updated :: Updated carogiraldo0501@hotmail.com subscriber status to transactional and language to es
2022-01-27T15:15:08+00:00 NOTICE action_scheduler.queue_job :: MailChimp_WooCommerce_Cart_Update queued :: obj_id 54d0c58029c8bd1687e2de54a362b401
2022-01-27T15:15:22+00:00 NOTICE abandoned_cart.success :: email: carogiraldo0501@hotmail.com :: checkout_url: https://naturalconexion.com/checkout/?mc_cart_id=54d0c58029c8bd1687e2de54a362b401
2022-01-27T15:17:28+00:00 NOTICE action_scheduler.queue_job :: MailChimp_WooCommerce_Cart_Update queued :: obj_id 54d0c58029c8bd1687e2de54a362b401
2022-01-27T15:17:31+00:00 NOTICE abandoned_cart.success :: email: carogiraldo0501@hotmail.com :: checkout_url: https://naturalconexion.com/checkout/?mc_cart_id=54d0c58029c8bd1687e2de54a362b401
2022-01-27T15:23:17+00:00 NOTICE action_scheduler.queue_job :: MailChimp_WooCommerce_Cart_Update queued :: obj_id 54d0c58029c8bd1687e2de54a362b401
2022-01-27T15:23:21+00:00 NOTICE abandoned_cart.success :: email: carogiraldo0501@hotmail.com :: checkout_url: https://naturalconexion.com/checkout/?mc_cart_id=54d0c58029c8bd1687e2de54a362b401
2022-01-27T15:23:59+00:00 NOTICE action_scheduler.queue_job :: MailChimp_WooCommerce_Cart_Update queued :: obj_id 54d0c58029c8bd1687e2de54a362b401
2022-01-27T15:24:21+00:00 NOTICE abandoned_cart.success :: email: carogiraldo0501@hotmail.com :: checkout_url: https://naturalconexion.com/checkout/?mc_cart_id=54d0c58029c8bd1687e2de54a362b401
2022-01-27T15:24:47+00:00 NOTICE action_scheduler.queue_job :: MailChimp_WooCommerce_Cart_Update queued :: obj_id 54d0c58029c8bd1687e2de54a362b401
2022-01-27T15:25:06+00:00 NOTICE abandoned_cart.success :: email: carogiraldo0501@hotmail.com :: checkout_url: https://naturalconexion.com/checkout/?mc_cart_id=54d0c58029c8bd1687e2de54a362b401
2022-01-27T15:25:54+00:00 NOTICE action_scheduler.queue_job :: MailChimp_WooCommerce_Cart_Update queued :: obj_id 54d0c58029c8bd1687e2de54a362b401
2022-01-27T15:26:05+00:00 NOTICE action_scheduler.queue_job :: MailChimp_WooCommerce_Single_Order starts in 90 seconds :: obj_id 18480
2022-01-27T15:26:19+00:00 NOTICE abandoned_cart.success :: email: carogiraldo0501@hotmail.com :: checkout_url: https://naturalconexion.com/checkout/?mc_cart_id=54d0c58029c8bd1687e2de54a362b401
2022-01-27T15:28:12+00:00 NOTICE debug :: Order ID 18480 was pending and is now processing :: Array
(
    [new_order] => 1
    [tracking] => Array
        (
            [campaign_id] => 
            [landing_site] => https://naturalconexion.com/wp-admin/admin-ajax.php
        )

)

2022-01-27T15:30:19+00:00 NOTICE order.member.updated :: Updated carogiraldo0501@hotmail.com subscriber status to transactional and language to es
2022-01-27T15:30:19+00:00 NOTICE order_submit.success :: addStoreOrder :: #18480 :: email: carogiraldo0501@hotmail.com :: landing site https://naturalconexion.com/wp-admin/admin-ajax.php :: abandoned cart deleted [54d0c58029c8bd1687e2de54a362b401]
2022-01-27T15:44:13+00:00 NOTICE action_scheduler.queue_job :: MailChimp_WooCommerce_Cart_Update queued :: obj_id fd502f88bf10c6d9801a789d5db37e81
2022-01-27T15:44:22+00:00 NOTICE abandoned_cart.success :: email: jennben89@gmail.com :: checkout_url: https://naturalconexion.com/checkout/?mc_cart_id=fd502f88bf10c6d9801a789d5db37e81
2022-01-27T15:44:24+00:00 NOTICE cart.member.updated :: Updated jennben89@gmail.com subscriber status to transactional and language to es
2022-01-27T15:44:47+00:00 NOTICE action_scheduler.queue_job :: MailChimp_WooCommerce_Single_Order starts in 90 seconds :: obj_id 18481
2022-01-27T15:46:21+00:00 NOTICE order_sumbit :: #18481 has a financial status of pending and was skipped.
2022-01-27T16:03:44+00:00 NOTICE action_scheduler.queue_job :: MailChimp_WooCommerce_Single_Order starts in 90 seconds :: obj_id 18481
2022-01-27T16:03:46+00:00 NOTICE debug :: Order ID 18481 was pending and is now failed :: Array
(
    [new_order] => 
    [tracking] => 
)

2022-01-27T16:05:21+00:00 NOTICE system.debug :: order 18481 is in failed status, and is being skipped for now.
2022-01-27T16:09:22+00:00 NOTICE action_scheduler.queue_job :: MailChimp_WooCommerce_Single_Order starts in 90 seconds :: obj_id 18479
2022-01-27T16:09:22+00:00 NOTICE debug :: Order ID 18479 was pending and is now cancelled :: Array
(
    [new_order] => 
    [tracking] => 
)

2022-01-27T16:11:21+00:00 NOTICE order_sumbit :: #18479 has a financial status of cancelled and was skipped.
2022-01-27T16:15:37+00:00 NOTICE action_scheduler.queue_job :: MailChimp_WooCommerce_Single_Order starts in 90 seconds :: obj_id 18482
2022-01-27T16:17:20+00:00 NOTICE order_sumbit :: #18482 has a financial status of pending and was skipped.
2022-01-27T16:18:31+00:00 NOTICE action_scheduler.queue_job :: MailChimp_WooCommerce_Single_Order starts in 90 seconds :: obj_id 18482
2022-01-27T16:18:34+00:00 NOTICE debug :: Order ID 18482 was pending and is now processing :: Array
(
    [new_order] => 1
    [tracking] => Array
        (
            [campaign_id] => 
            [landing_site] => https://naturalconexion.com/wp-admin/admin-ajax.php
        )

)

2022-01-27T16:20:28+00:00 NOTICE order.member.updated :: Updated Gabrielalfonso2495@gmail.com subscriber status to transactional and language to 
2022-01-27T16:20:28+00:00 NOTICE order_submit.success :: addStoreOrder :: #18482 :: email: Gabrielalfonso2495@gmail.com :: landing site https://naturalconexion.com/wp-admin/admin-ajax.php
2022-01-27T16:33:47+00:00 NOTICE action_scheduler.queue_job :: MailChimp_WooCommerce_Cart_Update queued :: obj_id becb40db2f69d247725e0a6d1354b007
2022-01-27T16:33:56+00:00 NOTICE action_scheduler.queue_job :: MailChimp_WooCommerce_Single_Order starts in 90 seconds :: obj_id 18483
2022-01-27T16:34:21+00:00 NOTICE abandoned_cart.success :: email: ingvivianmh@gmail.com :: checkout_url: https://naturalconexion.com/checkout/?mc_cart_id=becb40db2f69d247725e0a6d1354b007
2022-01-27T16:34:22+00:00 NOTICE cart.member.updated :: Updated ingvivianmh@gmail.com subscriber status to subscribed and language to es
2022-01-27T16:34:51+00:00 NOTICE debug :: Order ID 18483 was pending and is now processing :: Array
(
    [new_order] => 1
    [tracking] => Array
        (
            [campaign_id] => 
            [landing_site] => https://naturalconexion.com/wp-admin/admin-ajax.php
        )

)

2022-01-27T16:36:27+00:00 NOTICE order.member.updated :: Updated ingvivianmh@gmail.com subscriber status to subscribed and language to es
2022-01-27T16:36:27+00:00 NOTICE order_submit.success :: addStoreOrder :: #18483 :: email: ingvivianmh@gmail.com :: landing site https://naturalconexion.com/wp-admin/admin-ajax.php :: abandoned cart deleted [becb40db2f69d247725e0a6d1354b007]
2022-01-27T17:09:29+00:00 NOTICE action_scheduler.queue_job :: MailChimp_WooCommerce_Single_Order starts in 90 seconds :: obj_id 18484
2022-01-27T17:11:05+00:00 NOTICE order_sumbit :: #18484 has a financial status of pending and was skipped.
2022-01-27T19:10:19+00:00 NOTICE action_scheduler.queue_job :: MailChimp_WooCommerce_Single_Order starts in 90 seconds :: obj_id 18484
2022-01-27T19:10:20+00:00 NOTICE debug :: Order ID 18484 was pending and is now cancelled :: Array
(
    [new_order] => 
    [tracking] => 
)

2022-01-27T19:12:13+00:00 NOTICE order_sumbit :: #18484 has a financial status of cancelled and was skipped.
2022-01-27T20:37:55+00:00 NOTICE action_scheduler.queue_job :: MailChimp_WooCommerce_Cart_Update queued :: obj_id c7de7ae90ac571fffe52e8c5a7252ef1
2022-01-27T20:38:18+00:00 NOTICE abandoned_cart.success :: email: achumaceror@gmail.com :: checkout_url: https://naturalconexion.com/checkout/?mc_cart_id=c7de7ae90ac571fffe52e8c5a7252ef1
2022-01-27T20:38:19+00:00 NOTICE cart.member.updated :: Updated achumaceror@gmail.com subscriber status to transactional and language to es
2022-01-27T20:44:25+00:00 NOTICE action_scheduler.queue_job :: MailChimp_WooCommerce_Cart_Update queued :: obj_id c7de7ae90ac571fffe52e8c5a7252ef1
2022-01-27T20:45:17+00:00 NOTICE abandoned_cart.success :: email: achumaceror@gmail.com :: checkout_url: https://naturalconexion.com/checkout/?mc_cart_id=c7de7ae90ac571fffe52e8c5a7252ef1
2022-01-27T20:47:48+00:00 NOTICE action_scheduler.queue_job :: MailChimp_WooCommerce_Cart_Update queued :: obj_id c7de7ae90ac571fffe52e8c5a7252ef1
2022-01-27T20:47:53+00:00 NOTICE action_scheduler.queue_job :: MailChimp_WooCommerce_Cart_Update queued :: obj_id c7de7ae90ac571fffe52e8c5a7252ef1
2022-01-27T20:48:16+00:00 NOTICE action_scheduler.queue_job :: MailChimp_WooCommerce_Single_Order starts in 90 seconds :: obj_id 18485
2022-01-27T20:48:24+00:00 NOTICE abandoned_cart.success :: email: achumaceror@gmail.com :: checkout_url: https://naturalconexion.com/checkout/?mc_cart_id=c7de7ae90ac571fffe52e8c5a7252ef1
2022-01-27T20:48:25+00:00 NOTICE abandoned_cart.success :: email: achumaceror@gmail.com :: checkout_url: https://naturalconexion.com/checkout/?mc_cart_id=c7de7ae90ac571fffe52e8c5a7252ef1
2022-01-27T20:49:58+00:00 NOTICE order_sumbit :: #18485 has a financial status of pending and was skipped.
2022-01-27T20:51:19+00:00 NOTICE action_scheduler.queue_job :: MailChimp_WooCommerce_Single_Order starts in 90 seconds :: obj_id 18485
2022-01-27T20:51:23+00:00 NOTICE debug :: Order ID 18485 was pending and is now processing :: Array
(
    [new_order] => 1
    [tracking] => Array
        (
            [campaign_id] => 
            [landing_site] => https://naturalconexion.com/?wc-ajax=get_refreshed_fragments
        )

)

2022-01-27T20:53:05+00:00 NOTICE order.member.updated :: Updated achumaceror@gmail.com subscriber status to subscribed and language to 
2022-01-27T20:53:05+00:00 NOTICE order_submit.success :: addStoreOrder :: #18485 :: email: achumaceror@gmail.com :: landing site https://naturalconexion.com/?wc-ajax=get_refreshed_fragments :: abandoned cart deleted [c7de7ae90ac571fffe52e8c5a7252ef1]
2022-01-27T20:53:24+00:00 NOTICE action_scheduler.queue_job :: MailChimp_WooCommerce_Cart_Update queued :: obj_id c960f72787e8ce97a30cd2addb0d9022
2022-01-27T20:53:26+00:00 NOTICE abandoned_cart.success :: email: pruebacamilo@gmai.com :: checkout_url: https://naturalconexion.com/checkout/?mc_cart_id=c960f72787e8ce97a30cd2addb0d9022
2022-01-27T20:53:27+00:00 NOTICE cart.member.updated :: Updated pruebacamilo@gmai.com subscriber status to transactional and language to es
2022-01-27T20:53:28+00:00 NOTICE action_scheduler.queue_job :: MailChimp_WooCommerce_Cart_Update queued :: obj_id c960f72787e8ce97a30cd2addb0d9022
2022-01-27T20:53:43+00:00 NOTICE action_scheduler.queue_job :: MailChimp_WooCommerce_Single_Order starts in 90 seconds :: obj_id 18486
2022-01-27T20:54:05+00:00 NOTICE abandoned_cart.success :: email: pruebacamilo@gmai.com :: checkout_url: https://naturalconexion.com/checkout/?mc_cart_id=c960f72787e8ce97a30cd2addb0d9022
2022-01-27T20:55:28+00:00 NOTICE order_sumbit :: #18486 has a financial status of pending and was skipped.
2022-01-27T21:00:48+00:00 NOTICE action_scheduler.queue_job :: MailChimp_WooCommerce_Cart_Update queued :: obj_id c960f72787e8ce97a30cd2addb0d9022
2022-01-27T21:00:49+00:00 NOTICE abandoned_cart.success :: email: pruebacamilo@gmai.com :: checkout_url: https://naturalconexion.com/checkout/?mc_cart_id=c960f72787e8ce97a30cd2addb0d9022
2022-01-27T21:00:54+00:00 NOTICE action_scheduler.queue_job :: MailChimp_WooCommerce_Single_Order starts in 90 seconds :: obj_id 18487
2022-01-27T21:01:10+00:00 NOTICE action_scheduler.queue_job :: MailChimp_WooCommerce_Single_Order starts in 90 seconds :: obj_id 18486
2022-01-27T21:01:12+00:00 NOTICE debug :: Order ID 18486 was pending and is now failed :: Array
(
    [new_order] => 
    [tracking] => 
)

2022-01-27T21:02:31+00:00 NOTICE order_sumbit :: #18487 has a financial status of pending and was skipped.
2022-01-27T21:02:51+00:00 NOTICE action_scheduler.queue_job :: MailChimp_WooCommerce_Single_Order starts in 90 seconds :: obj_id 18488
2022-01-27T21:03:12+00:00 NOTICE system.debug :: order 18486 is in failed status, and is being skipped for now.
2022-01-27T21:04:30+00:00 NOTICE order_sumbit :: #18488 has a financial status of pending and was skipped.
2022-01-27T21:33:14+00:00 NOTICE action_scheduler.queue_job :: MailChimp_WooCommerce_Cart_Update queued :: obj_id d32ff5e0e4ae2cbeb7730e4ed3c57c22
2022-01-27T21:33:20+00:00 NOTICE abandoned_cart.success :: email: dianiz10.dt@gmail.com :: checkout_url: https://naturalconexion.com/checkout/?mc_cart_id=d32ff5e0e4ae2cbeb7730e4ed3c57c22
2022-01-27T21:33:21+00:00 NOTICE cart.member.updated :: Updated dianiz10.dt@gmail.com subscriber status to transactional and language to es
2022-01-27T21:33:48+00:00 NOTICE action_scheduler.queue_job :: MailChimp_WooCommerce_Single_Order starts in 90 seconds :: obj_id 18489
2022-01-27T21:35:43+00:00 NOTICE debug :: Order ID 18489 was pending and is now failed :: Array
(
    [new_order] => 
    [tracking] => 
)

2022-01-27T21:37:26+00:00 NOTICE system.debug :: order 18489 is in failed status, and is being skipped for now.
2022-01-27T21:48:02+00:00 NOTICE action_scheduler.queue_job :: MailChimp_WooCommerce_Single_Order starts in 90 seconds :: obj_id 18490
2022-01-27T21:49:45+00:00 NOTICE order_sumbit :: #18490 has a financial status of pending and was skipped.
2022-01-27T21:49:57+00:00 NOTICE action_scheduler.queue_job :: MailChimp_WooCommerce_Single_Order starts in 90 seconds :: obj_id 18491
2022-01-27T21:52:02+00:00 NOTICE debug :: Order ID 18491 was pending and is now failed :: Array
(
    [new_order] => 
    [tracking] => 
)

2022-01-27T21:54:28+00:00 NOTICE system.debug :: order 18491 is in failed status, and is being skipped for now.
2022-01-27T22:12:11+00:00 NOTICE action_scheduler.queue_job :: MailChimp_WooCommerce_Single_Order starts in 90 seconds :: obj_id 18487
2022-01-27T22:12:11+00:00 NOTICE debug :: Order ID 18487 was pending and is now cancelled :: Array
(
    [new_order] => 
    [tracking] => 
)

2022-01-27T22:12:11+00:00 NOTICE action_scheduler.queue_job :: MailChimp_WooCommerce_Single_Order starts in 90 seconds :: obj_id 18488
2022-01-27T22:12:11+00:00 NOTICE debug :: Order ID 18488 was pending and is now cancelled :: Array
(
    [new_order] => 
    [tracking] => 
)

2022-01-27T22:14:41+00:00 NOTICE order_sumbit :: #18487 has a financial status of cancelled and was skipped.
2022-01-27T22:14:41+00:00 NOTICE order_sumbit :: #18488 has a financial status of cancelled and was skipped.
2022-01-27T23:12:13+00:00 NOTICE action_scheduler.queue_job :: MailChimp_WooCommerce_Single_Order starts in 90 seconds :: obj_id 18490
2022-01-27T23:12:13+00:00 NOTICE debug :: Order ID 18490 was pending and is now cancelled :: Array
(
    [new_order] => 
    [tracking] => 
)

2022-01-27T23:14:09+00:00 NOTICE order_sumbit :: #18490 has a financial status of cancelled and was skipped.
2022-01-27T23:26:28+00:00 NOTICE action_scheduler.queue_job :: MailChimp_WooCommerce_Cart_Update queued :: obj_id 56be10c01d116dd489775b504aa5871a
2022-01-27T23:27:20+00:00 NOTICE abandoned_cart.success :: email: tarrieta28@hotmail.com :: checkout_url: https://naturalconexion.com/checkout/?mc_cart_id=56be10c01d116dd489775b504aa5871a
2022-01-27T23:27:21+00:00 NOTICE cart.member.updated :: Updated tarrieta28@hotmail.com subscriber status to subscribed and language to es
2022-01-27T23:28:45+00:00 NOTICE action_scheduler.queue_job :: MailChimp_WooCommerce_Cart_Update queued :: obj_id 56be10c01d116dd489775b504aa5871a
2022-01-27T23:28:48+00:00 NOTICE abandoned_cart.success :: email: tarrieta28@hotmail.com :: checkout_url: https://naturalconexion.com/checkout/?mc_cart_id=56be10c01d116dd489775b504aa5871a
2022-01-27T23:36:35+00:00 NOTICE action_scheduler.queue_job :: MailChimp_WooCommerce_Cart_Update queued :: obj_id 56be10c01d116dd489775b504aa5871a
2022-01-27T23:36:49+00:00 NOTICE abandoned_cart.success :: email: tarrieta28@hotmail.com :: checkout_url: https://naturalconexion.com/checkout/?mc_cart_id=56be10c01d116dd489775b504aa5871a
2022-01-27T23:37:56+00:00 NOTICE action_scheduler.queue_job :: MailChimp_WooCommerce_Cart_Update queued :: obj_id 56be10c01d116dd489775b504aa5871a
2022-01-27T23:38:08+00:00 NOTICE abandoned_cart.success :: email: tarrieta28@hotmail.com :: checkout_url: https://naturalconexion.com/checkout/?mc_cart_id=56be10c01d116dd489775b504aa5871a
2022-01-27T23:47:47+00:00 NOTICE action_scheduler.queue_job :: MailChimp_WooCommerce_Cart_Update queued :: obj_id 56be10c01d116dd489775b504aa5871a
2022-01-27T23:48:04+00:00 NOTICE abandoned_cart.success :: email: tarrieta28@hotmail.com :: checkout_url: https://naturalconexion.com/checkout/?mc_cart_id=56be10c01d116dd489775b504aa5871a
2022-01-27T23:51:10+00:00 NOTICE action_scheduler.queue_job :: MailChimp_WooCommerce_Cart_Update queued :: obj_id 56be10c01d116dd489775b504aa5871a
2022-01-27T23:51:25+00:00 NOTICE abandoned_cart.success :: email: tarrieta28@hotmail.com :: checkout_url: https://naturalconexion.com/checkout/?mc_cart_id=56be10c01d116dd489775b504aa5871a
2022-01-27T23:56:39+00:00 NOTICE action_scheduler.queue_job :: MailChimp_WooCommerce_Cart_Update queued :: obj_id 56be10c01d116dd489775b504aa5871a
2022-01-27T23:57:24+00:00 NOTICE abandoned_cart.success :: email: tarrieta28@hotmail.com :: checkout_url: https://naturalconexion.com/checkout/?mc_cart_id=56be10c01d116dd489775b504aa5871a
2022-01-27T23:57:41+00:00 NOTICE action_scheduler.queue_job :: MailChimp_WooCommerce_Cart_Update queued :: obj_id 56be10c01d116dd489775b504aa5871a
2022-01-27T23:58:22+00:00 NOTICE abandoned_cart.success :: email: tarrieta28@hotmail.com :: checkout_url: https://naturalconexion.com/checkout/?mc_cart_id=56be10c01d116dd489775b504aa5871a
