2022-05-04T01:47:36+00:00 NOTICE action_scheduler.queue_job :: MailChimp_WooCommerce_Cart_Update queued :: obj_id ebf6a40cf8e8ee8a3ce8503aab76f276
2022-05-04T01:48:00+00:00 NOTICE abandoned_cart.success :: email: fda.lopezp@gmail.com :: checkout_url: https://naturalconexion.com/checkout/?mc_cart_id=ebf6a40cf8e8ee8a3ce8503aab76f276
2022-05-04T01:48:01+00:00 NOTICE cart.member.updated :: Updated fda.lopezp@gmail.com subscriber status to subscribed and language to es
2022-05-04T01:48:12+00:00 NOTICE action_scheduler.queue_job :: MailChimp_WooCommerce_Single_Order starts in 90 seconds :: obj_id 20012
2022-05-04T01:49:55+00:00 NOTICE order_sumbit :: #20012 has a financial status of pending and was skipped.
2022-05-04T01:50:41+00:00 NOTICE action_scheduler.queue_job :: MailChimp_WooCommerce_Single_Order starts in 90 seconds :: obj_id 20012
2022-05-04T01:50:44+00:00 NOTICE debug :: Order ID 20012 was pending and is now processing :: Array
(
    [new_order] => 1
    [tracking] => Array
        (
            [campaign_id] => 
            [landing_site] => https://naturalconexion.com/wp-admin/admin-ajax.php
        )

)

2022-05-04T01:52:20+00:00 NOTICE order.member.updated :: Updated fda.lopezp@gmail.com subscriber status to subscribed and language to 
2022-05-04T01:52:20+00:00 NOTICE order_submit.success :: addStoreOrder :: #20012 :: email: fda.lopezp@gmail.com :: landing site https://naturalconexion.com/wp-admin/admin-ajax.php :: abandoned cart deleted [ebf6a40cf8e8ee8a3ce8503aab76f276]
2022-05-04T02:45:12+00:00 NOTICE action_scheduler.queue_job :: MailChimp_WooCommerce_Single_Order starts in 90 seconds :: obj_id 20013
2022-05-04T02:47:27+00:00 NOTICE debug :: Order ID 20013 was pending and is now processing :: Array
(
    [new_order] => 1
    [tracking] => Array
        (
            [campaign_id] => 
            [landing_site] => https://naturalconexion.com/wp-admin/admin-ajax.php
        )

)

2022-05-04T02:49:46+00:00 NOTICE order.member.updated :: Updated j.tatiana93@hotmail.com subscriber status to transactional and language to es
2022-05-04T02:49:46+00:00 NOTICE order_submit.success :: addStoreOrder :: #20013 :: email: j.tatiana93@hotmail.com :: landing site https://naturalconexion.com/wp-admin/admin-ajax.php
2022-05-04T05:01:26+00:00 NOTICE action_scheduler.queue_job :: MailChimp_WooCommerce_Cart_Update queued :: obj_id 74220b0be5a169bc6c5b4aa0c7424b94
2022-05-04T05:01:29+00:00 NOTICE abandoned_cart.success :: email: juli-0208@hotmail.com :: checkout_url: https://naturalconexion.com/checkout/?mc_cart_id=74220b0be5a169bc6c5b4aa0c7424b94
2022-05-04T05:01:29+00:00 NOTICE cart.member.updated :: Updated juli-0208@hotmail.com subscriber status to subscribed and language to es
2022-05-04T05:03:17+00:00 NOTICE action_scheduler.queue_job :: MailChimp_WooCommerce_Single_Order starts in 90 seconds :: obj_id 20014
2022-05-04T05:05:20+00:00 NOTICE order_sumbit :: #20014 has a financial status of pending and was skipped.
2022-05-04T06:11:04+00:00 NOTICE action_scheduler.queue_job :: MailChimp_WooCommerce_Single_Order starts in 90 seconds :: obj_id 20014
2022-05-04T06:11:04+00:00 NOTICE debug :: Order ID 20014 was pending and is now cancelled :: Array
(
    [new_order] => 
    [tracking] => 
)

2022-05-04T06:13:48+00:00 NOTICE order_sumbit :: #20014 has a financial status of cancelled and was skipped.
2022-05-04T10:41:28+00:00 NOTICE action_scheduler.queue_job :: MailChimp_WooCommerce_Single_Order starts in 90 seconds :: obj_id 20015
2022-05-04T10:43:12+00:00 NOTICE order_sumbit :: #20015 has a financial status of pending and was skipped.
2022-05-04T12:14:20+00:00 NOTICE action_scheduler.queue_job :: MailChimp_WooCommerce_Single_Order starts in 90 seconds :: obj_id 20015
2022-05-04T12:14:20+00:00 NOTICE debug :: Order ID 20015 was pending and is now cancelled :: Array
(
    [new_order] => 
    [tracking] => 
)

2022-05-04T12:16:11+00:00 NOTICE order_sumbit :: #20015 has a financial status of cancelled and was skipped.
2022-05-04T13:28:16+00:00 NOTICE action_scheduler.queue_job :: MailChimp_WooCommerce_Single_Product starts in 5 seconds :: obj_id 15962
2022-05-04T13:28:47+00:00 NOTICE product_submit.success :: updateStoreProduct :: #15962
2022-05-04T13:29:38+00:00 NOTICE action_scheduler.queue_job :: MailChimp_WooCommerce_Single_Product starts in 5 seconds :: obj_id 7618
2022-05-04T13:29:52+00:00 NOTICE product_submit.success :: updateStoreProduct :: #7618
2022-05-04T13:35:41+00:00 NOTICE action_scheduler.queue_job :: MailChimp_WooCommerce_Single_Product starts in 5 seconds :: obj_id 7597
2022-05-04T13:36:20+00:00 NOTICE product_submit.success :: updateStoreProduct :: #7597
2022-05-04T13:42:14+00:00 NOTICE action_scheduler.queue_job :: MailChimp_WooCommerce_Single_Product starts in 5 seconds :: obj_id 15962
2022-05-04T13:43:04+00:00 NOTICE product_submit.success :: updateStoreProduct :: #15962
2022-05-04T13:45:24+00:00 NOTICE action_scheduler.queue_job :: MailChimp_WooCommerce_Single_Product starts in 5 seconds :: obj_id 16340
2022-05-04T13:46:14+00:00 NOTICE product_submit.success :: updateStoreProduct :: #16340
2022-05-04T13:46:19+00:00 NOTICE action_scheduler.queue_job :: MailChimp_WooCommerce_Single_Product starts in 5 seconds :: obj_id 7597
2022-05-04T13:46:25+00:00 NOTICE product_submit.success :: updateStoreProduct :: #7597
2022-05-04T13:47:47+00:00 NOTICE action_scheduler.queue_job :: MailChimp_WooCommerce_Single_Product starts in 5 seconds :: obj_id 7618
2022-05-04T13:48:35+00:00 NOTICE product_submit.success :: updateStoreProduct :: #7618
2022-05-04T13:53:38+00:00 NOTICE action_scheduler.queue_job :: MailChimp_WooCommerce_Single_Product starts in 5 seconds :: obj_id 7605
2022-05-04T13:54:05+00:00 NOTICE product_submit.success :: updateStoreProduct :: #7605
2022-05-04T16:22:20+00:00 NOTICE action_scheduler.queue_job :: MailChimp_WooCommerce_Cart_Update queued :: obj_id 67de5041e20a7a6e30d9e5ba01e580d3
2022-05-04T16:23:05+00:00 NOTICE abandoned_cart.success :: email: gonzalezlorena207@gmail.com :: checkout_url: https://naturalconexion.com/checkout/?mc_cart_id=67de5041e20a7a6e30d9e5ba01e580d3
2022-05-04T16:23:05+00:00 NOTICE cart.member.updated :: Updated gonzalezlorena207@gmail.com subscriber status to subscribed and language to es
2022-05-04T16:23:21+00:00 NOTICE action_scheduler.queue_job :: MailChimp_WooCommerce_Cart_Update queued :: obj_id 67de5041e20a7a6e30d9e5ba01e580d3
2022-05-04T16:24:07+00:00 NOTICE abandoned_cart.success :: email: gonzalezlorena207@gmail.com :: checkout_url: https://naturalconexion.com/checkout/?mc_cart_id=67de5041e20a7a6e30d9e5ba01e580d3
2022-05-04T16:27:08+00:00 NOTICE action_scheduler.queue_job :: MailChimp_WooCommerce_User_Submit queued :: obj_id 2177
2022-05-04T16:27:08+00:00 NOTICE action_scheduler.queue_job :: MailChimp_WooCommerce_Single_Order starts in 90 seconds :: obj_id 20018
2022-05-04T16:27:21+00:00 NOTICE member.sync :: Updated Member gonzalezlorena207@gmail.com ( merge fields only ) :: Array
(
    [merge_fields] => Array
        (
            [FNAME] => Lorena
            [LNAME] => Gonzalez
        )

)

2022-05-04T16:27:28+00:00 NOTICE action_scheduler.queue_job :: MailChimp_WooCommerce_Cart_Update queued :: obj_id 67de5041e20a7a6e30d9e5ba01e580d3
2022-05-04T16:27:32+00:00 NOTICE abandoned_cart.success :: email: gonzalezlorena207@gmail.com :: checkout_url: https://naturalconexion.com/checkout/?mc_cart_id=67de5041e20a7a6e30d9e5ba01e580d3
2022-05-04T16:28:23+00:00 NOTICE action_scheduler.queue_job :: MailChimp_WooCommerce_User_Submit queued :: obj_id 2177
2022-05-04T16:28:23+00:00 NOTICE action_scheduler.queue_job :: MailChimp_WooCommerce_Single_Order starts in 90 seconds :: obj_id 20019
2022-05-04T16:28:24+00:00 NOTICE member.sync :: Updated Member gonzalezlorena207@gmail.com ( merge fields only ) :: Array
(
    [merge_fields] => Array
        (
            [FNAME] => Lorena
            [LNAME] => Gonzalez
        )

)

2022-05-04T16:28:49+00:00 NOTICE order_sumbit :: #20018 has a financial status of pending and was skipped.
2022-05-04T16:28:53+00:00 NOTICE action_scheduler.queue_job :: MailChimp_WooCommerce_Cart_Update queued :: obj_id 67de5041e20a7a6e30d9e5ba01e580d3
2022-05-04T16:28:56+00:00 NOTICE abandoned_cart.success :: email: gonzalezlorena207@gmail.com :: checkout_url: https://naturalconexion.com/checkout/?mc_cart_id=67de5041e20a7a6e30d9e5ba01e580d3
2022-05-04T16:30:45+00:00 NOTICE order_sumbit :: #20019 has a financial status of pending and was skipped.
2022-05-04T16:48:31+00:00 NOTICE action_scheduler.queue_job :: MailChimp_WooCommerce_Cart_Update queued :: obj_id 342e985e3dee57d8c9b93e690810edb4
2022-05-04T16:49:15+00:00 NOTICE abandoned_cart.success :: email: yurestrepol@gmail.com :: checkout_url: https://naturalconexion.com/checkout/?mc_cart_id=342e985e3dee57d8c9b93e690810edb4
2022-05-04T16:49:15+00:00 NOTICE cart.member.updated :: Updated yurestrepol@gmail.com subscriber status to subscribed and language to es
2022-05-04T16:50:54+00:00 NOTICE action_scheduler.queue_job :: MailChimp_WooCommerce_Single_Order starts in 90 seconds :: obj_id 20020
2022-05-04T16:52:36+00:00 NOTICE debug :: Order ID 20020 was pending and is now processing :: Array
(
    [new_order] => 1
    [tracking] => Array
        (
            [campaign_id] => 
            [landing_site] => https://naturalconexion.com/wp-admin/admin-ajax.php
        )

)

2022-05-04T16:54:18+00:00 NOTICE order.member.updated :: Updated yurestrepol@gmail.com subscriber status to subscribed and language to es
2022-05-04T16:54:18+00:00 NOTICE order_submit.success :: addStoreOrder :: #20020 :: email: yurestrepol@gmail.com :: landing site https://naturalconexion.com/wp-admin/admin-ajax.php :: abandoned cart deleted [342e985e3dee57d8c9b93e690810edb4]
2022-05-04T17:30:31+00:00 NOTICE action_scheduler.queue_job :: MailChimp_WooCommerce_SingleCoupon queued :: obj_id 20021
2022-05-04T17:32:22+00:00 NOTICE promo_code_submit.success :: #20021 :: code: y14rqsiq
2022-05-04T18:05:26+00:00 NOTICE action_scheduler.queue_job :: MailChimp_WooCommerce_Cart_Update queued :: obj_id 2616a669819f0b5b69122bbf9b2da337
2022-05-04T18:05:44+00:00 NOTICE action_scheduler.queue_job :: MailChimp_WooCommerce_Single_Order starts in 90 seconds :: obj_id 20022
2022-05-04T18:06:10+00:00 NOTICE abandoned_cart.success :: email: auramilenasuarez@hotmail.com :: checkout_url: https://naturalconexion.com/checkout/?mc_cart_id=2616a669819f0b5b69122bbf9b2da337
2022-05-04T18:06:10+00:00 NOTICE cart.member.updated :: Updated auramilenasuarez@hotmail.com subscriber status to subscribed and language to es
2022-05-04T18:07:53+00:00 NOTICE order_sumbit :: #20022 has a financial status of pending and was skipped.
2022-05-04T18:10:02+00:00 NOTICE action_scheduler.queue_job :: MailChimp_WooCommerce_Single_Order starts in 90 seconds :: obj_id 20022
2022-05-04T18:10:04+00:00 NOTICE debug :: Order ID 20022 was pending and is now processing :: Array
(
    [new_order] => 1
    [tracking] => Array
        (
            [campaign_id] => 
            [landing_site] => https://naturalconexion.com/wp-admin/admin-ajax.php
        )

)

2022-05-04T18:12:28+00:00 NOTICE order.member.updated :: Updated auramilenasuarez@hotmail.com subscriber status to subscribed and language to 
2022-05-04T18:12:28+00:00 NOTICE order_submit.success :: addStoreOrder :: #20022 :: email: auramilenasuarez@hotmail.com :: landing site https://naturalconexion.com/wp-admin/admin-ajax.php :: abandoned cart deleted [2616a669819f0b5b69122bbf9b2da337]
2022-05-04T18:15:30+00:00 NOTICE action_scheduler.queue_job :: MailChimp_WooCommerce_Single_Order starts in 90 seconds :: obj_id 20018
2022-05-04T18:15:30+00:00 NOTICE debug :: Order ID 20018 was pending and is now cancelled :: Array
(
    [new_order] => 
    [tracking] => 
)

2022-05-04T18:15:30+00:00 NOTICE action_scheduler.queue_job :: MailChimp_WooCommerce_Single_Order starts in 90 seconds :: obj_id 20019
2022-05-04T18:15:31+00:00 NOTICE debug :: Order ID 20019 was pending and is now cancelled :: Array
(
    [new_order] => 
    [tracking] => 
)

2022-05-04T18:17:19+00:00 NOTICE order_sumbit :: #20018 has a financial status of cancelled and was skipped.
2022-05-04T18:17:20+00:00 NOTICE order_sumbit :: #20019 has a financial status of cancelled and was skipped.
2022-05-04T19:22:49+00:00 NOTICE action_scheduler.queue_job :: MailChimp_WooCommerce_Single_Product starts in 5 seconds :: obj_id 7671
2022-05-04T19:23:38+00:00 NOTICE product_submit.success :: updateStoreProduct :: #7671
2022-05-04T19:48:46+00:00 NOTICE action_scheduler.queue_job :: MailChimp_WooCommerce_Single_Product starts in 5 seconds :: obj_id 20023
2022-05-04T19:49:14+00:00 NOTICE product_submit.success :: addStoreProduct :: #20023
2022-05-04T21:17:35+00:00 NOTICE action_scheduler.queue_job :: MailChimp_WooCommerce_Cart_Update queued :: obj_id d60d3daaf0bd7b3c10287c37e4ec4bdb
2022-05-04T21:17:48+00:00 NOTICE action_scheduler.queue_job :: MailChimp_WooCommerce_Single_Order starts in 90 seconds :: obj_id 20027
2022-05-04T21:18:02+00:00 NOTICE abandoned_cart.success :: email: saracardona1@hotmail.com :: checkout_url: https://naturalconexion.com/checkout/?mc_cart_id=d60d3daaf0bd7b3c10287c37e4ec4bdb
2022-05-04T21:18:02+00:00 NOTICE cart.member.updated :: Updated saracardona1@hotmail.com subscriber status to transactional and language to es
2022-05-04T21:19:28+00:00 NOTICE order_sumbit :: #20027 has a financial status of pending and was skipped.
2022-05-04T21:20:42+00:00 NOTICE action_scheduler.queue_job :: MailChimp_WooCommerce_Single_Order starts in 90 seconds :: obj_id 20027
2022-05-04T21:20:44+00:00 NOTICE debug :: Order ID 20027 was pending and is now processing :: Array
(
    [new_order] => 1
    [tracking] => Array
        (
            [campaign_id] => 
            [landing_site] => https://naturalconexion.com/wp-admin/admin-ajax.php
        )

)

2022-05-04T21:22:34+00:00 NOTICE order.member.updated :: Updated saracardona1@hotmail.com subscriber status to transactional and language to 
2022-05-04T21:22:34+00:00 NOTICE order_submit.success :: addStoreOrder :: #20027 :: email: saracardona1@hotmail.com :: landing site https://naturalconexion.com/wp-admin/admin-ajax.php :: abandoned cart deleted [d60d3daaf0bd7b3c10287c37e4ec4bdb]
2022-05-04T23:16:05+00:00 NOTICE action_scheduler.queue_job :: MailChimp_WooCommerce_Cart_Update queued :: obj_id a40a1e0a43023f01e502d10f81a41d36
2022-05-04T23:16:17+00:00 NOTICE abandoned_cart.success :: email: mdrperiodismo2@gmail.com :: checkout_url: https://naturalconexion.com/checkout/?mc_cart_id=a40a1e0a43023f01e502d10f81a41d36
2022-05-04T23:16:17+00:00 NOTICE cart.member.updated :: Updated mdrperiodismo2@gmail.com subscriber status to subscribed and language to es
2022-05-04T23:42:30+00:00 NOTICE action_scheduler.queue_job :: MailChimp_WooCommerce_Cart_Update queued :: obj_id a40a1e0a43023f01e502d10f81a41d36
2022-05-04T23:43:34+00:00 NOTICE abandoned_cart.success :: email: mdrperiodismo2@gmail.com :: checkout_url: https://naturalconexion.com/checkout/?mc_cart_id=a40a1e0a43023f01e502d10f81a41d36
2022-05-04T23:45:55+00:00 NOTICE action_scheduler.queue_job :: MailChimp_WooCommerce_Cart_Update queued :: obj_id a40a1e0a43023f01e502d10f81a41d36
2022-05-04T23:46:12+00:00 NOTICE abandoned_cart.success :: email: mdrperiodismo2@gmail.com :: checkout_url: https://naturalconexion.com/checkout/?mc_cart_id=a40a1e0a43023f01e502d10f81a41d36
2022-05-04T23:47:15+00:00 NOTICE action_scheduler.queue_job :: MailChimp_WooCommerce_Single_Order starts in 90 seconds :: obj_id 20031
2022-05-04T23:49:12+00:00 NOTICE order_sumbit :: #20031 has a financial status of pending and was skipped.
2022-05-04T23:50:15+00:00 NOTICE action_scheduler.queue_job :: MailChimp_WooCommerce_Single_Order starts in 90 seconds :: obj_id 20031
2022-05-04T23:50:16+00:00 NOTICE debug :: Order ID 20031 was pending and is now failed :: Array
(
    [new_order] => 
    [tracking] => 
)

2022-05-04T23:51:57+00:00 NOTICE system.debug :: order 20031 is in failed status, and is being skipped for now.
2022-05-04T23:52:39+00:00 NOTICE action_scheduler.queue_job :: MailChimp_WooCommerce_Cart_Update queued :: obj_id a40a1e0a43023f01e502d10f81a41d36
2022-05-04T23:53:12+00:00 NOTICE action_scheduler.queue_job :: MailChimp_WooCommerce_Single_Order starts in 90 seconds :: obj_id 20032
2022-05-04T23:53:13+00:00 NOTICE abandoned_cart.success :: email: mdrperiodismo2@gmail.com :: checkout_url: https://naturalconexion.com/checkout/?mc_cart_id=a40a1e0a43023f01e502d10f81a41d36
2022-05-04T23:55:59+00:00 NOTICE debug :: Order ID 20032 was pending and is now processing :: Array
(
    [new_order] => 1
    [tracking] => Array
        (
            [campaign_id] => 
            [landing_site] => https://naturalconexion.com/wp-admin/admin-ajax.php
        )

)

2022-05-04T23:57:33+00:00 NOTICE order.member.updated :: Updated mdrperiodismo2@gmail.com subscriber status to subscribed and language to es
2022-05-04T23:57:33+00:00 NOTICE order_submit.success :: addStoreOrder :: #20032 :: email: mdrperiodismo2@gmail.com :: landing site https://naturalconexion.com/wp-admin/admin-ajax.php :: abandoned cart deleted [a40a1e0a43023f01e502d10f81a41d36]
