2023-09-09T01:06:00+00:00 NOTICE action_scheduler.queue_job :: MailChimp_WooCommerce_Cart_Update queued :: obj_id 0f80ebf4bb4fc55e81c42cc9881e96f2
2023-09-09T01:06:55+00:00 NOTICE abandoned_cart.success :: email: marthaypc4@hotmail.com :: checkout_url: https://naturalconexion.com/checkout/?mc_cart_id=0f80ebf4bb4fc55e81c42cc9881e96f2
2023-09-09T01:06:56+00:00 NOTICE cart.member.updated :: Updated marthaypc4@hotmail.com subscriber status to subscribed and language to es
2023-09-09T13:41:58+00:00 NOTICE action_scheduler.queue_job :: MailChimp_WooCommerce_Cart_Update queued :: obj_id 6c00eac589a8f20c29a39f37f08c6118
2023-09-09T13:42:38+00:00 NOTICE action_scheduler.queue_job :: MailChimp_WooCommerce_Single_Order starts in 90 seconds :: obj_id 25566
2023-09-09T13:42:41+00:00 NOTICE abandoned_cart.success :: email: laura.x46@gmail.com :: checkout_url: https://naturalconexion.com/checkout/?mc_cart_id=6c00eac589a8f20c29a39f37f08c6118
2023-09-09T13:42:41+00:00 NOTICE cart.member.updated :: Updated laura.x46@gmail.com subscriber status to transactional and language to es
2023-09-09T13:45:07+00:00 NOTICE debug :: Order ID 25566 was pending and is now processing :: Array
(
    [new_order] => 1
    [tracking] => Array
        (
            [campaign_id] => 
            [landing_site] => https://naturalconexion.com/wp-content/plugins/woocommerce-payu-latam/confirmation.php
        )

)

2023-09-09T13:47:01+00:00 NOTICE order.member.updated :: Updated laura.x46@gmail.com subscriber status to transactional and language to es
2023-09-09T13:47:01+00:00 NOTICE order_submit.success :: addStoreOrder :: #25566 :: email: laura.x46@gmail.com :: landing site https://naturalconexion.com/ :: abandoned cart deleted [6c00eac589a8f20c29a39f37f08c6118]
2023-09-09T15:28:47+00:00 NOTICE action_scheduler.queue_job :: MailChimp_WooCommerce_Cart_Update queued :: obj_id c70f29b41aca0e7041502f14cd73732e
2023-09-09T15:28:50+00:00 NOTICE abandoned_cart.success :: email: camilovillegas265@gmail.com :: checkout_url: https://naturalconexion.com/checkout/?mc_cart_id=c70f29b41aca0e7041502f14cd73732e
2023-09-09T15:28:51+00:00 NOTICE cart.member.updated :: Updated camilovillegas265@gmail.com subscriber status to transactional and language to es
2023-09-09T15:28:52+00:00 NOTICE action_scheduler.queue_job :: MailChimp_WooCommerce_Cart_Update queued :: obj_id c70f29b41aca0e7041502f14cd73732e
2023-09-09T15:28:53+00:00 NOTICE abandoned_cart.success :: email: camilovillegas265@gmail.com :: checkout_url: https://naturalconexion.com/checkout/?mc_cart_id=c70f29b41aca0e7041502f14cd73732e
2023-09-09T15:29:35+00:00 NOTICE action_scheduler.queue_job :: MailChimp_WooCommerce_Single_Order starts in 90 seconds :: obj_id 25567
2023-09-09T15:35:05+00:00 NOTICE order_submit :: #25567 has a financial status of pending and was skipped.
2023-09-09T17:00:47+00:00 NOTICE action_scheduler.queue_job :: MailChimp_WooCommerce_Single_Order starts in 90 seconds :: obj_id 25567
2023-09-09T17:00:47+00:00 NOTICE debug :: Order ID 25567 was pending and is now cancelled :: Array
(
    [new_order] => 
    [tracking] => 
)

2023-09-09T17:02:39+00:00 NOTICE order_submit :: #25567 has a financial status of cancelled and was skipped.
2023-09-09T21:28:49+00:00 NOTICE action_scheduler.queue_job :: MailChimp_WooCommerce_Cart_Update queued :: obj_id dd6e7c34629c0d5df396adc97bd787d0
2023-09-09T21:28:51+00:00 NOTICE abandoned_cart.success :: email: mavy.rengifo@gmail.com :: checkout_url: https://naturalconexion.com/checkout/?mc_cart_id=dd6e7c34629c0d5df396adc97bd787d0
2023-09-09T21:28:52+00:00 NOTICE cart.member.updated :: Updated mavy.rengifo@gmail.com subscriber status to subscribed and language to es
2023-09-09T21:29:59+00:00 NOTICE action_scheduler.queue_job :: MailChimp_WooCommerce_Cart_Update queued :: obj_id dd6e7c34629c0d5df396adc97bd787d0
2023-09-09T21:30:57+00:00 NOTICE abandoned_cart.success :: email: mavy.rengifo@gmail.com :: checkout_url: https://naturalconexion.com/checkout/?mc_cart_id=dd6e7c34629c0d5df396adc97bd787d0
