2023-01-26T00:49:39+00:00 NOTICE action_scheduler.queue_job :: MailChimp_WooCommerce_User_Submit queued :: obj_id 805
2023-01-26T00:50:14+00:00 NOTICE action_scheduler.queue_job :: MailChimp_WooCommerce_Single_Order starts in 90 seconds :: obj_id 23158
2023-01-26T00:50:22+00:00 NOTICE member.sync :: Updated Member diovanar@hotmail.com :: Array
(
    [status] => subscribed
    [language] => 
    [merge_fields] => Array
        (
            [FNAME] => DIOVAN
            [LNAME] => ARROYO SALAS
        )

    [gdpr_fields] => 
)

2023-01-26T00:52:13+00:00 NOTICE action_scheduler.queue_job :: MailChimp_WooCommerce_Cart_Update queued :: obj_id 495854c3a87440b762d921b2d0f213ba
2023-01-26T00:52:47+00:00 NOTICE action_scheduler.queue_job :: MailChimp_WooCommerce_Single_Order starts in 90 seconds :: obj_id 23159
2023-01-26T00:52:49+00:00 NOTICE order_submit :: #23158 has a financial status of pending and was skipped.
2023-01-26T00:52:50+00:00 NOTICE abandoned_cart.success :: email: macapolo@gmail.com :: checkout_url: https://naturalconexion.com/checkout/?mc_cart_id=495854c3a87440b762d921b2d0f213ba
2023-01-26T00:52:50+00:00 NOTICE cart.member.updated :: Updated macapolo@gmail.com subscriber status to subscribed and language to es
2023-01-26T00:54:32+00:00 NOTICE order_submit :: #23159 has a financial status of pending and was skipped.
2023-01-26T00:54:42+00:00 NOTICE action_scheduler.queue_job :: MailChimp_WooCommerce_Single_Order starts in 90 seconds :: obj_id 23159
2023-01-26T00:54:45+00:00 NOTICE debug :: Order ID 23159 was pending and is now processing :: Array
(
    [new_order] => 1
    [tracking] => Array
        (
            [campaign_id] => 
            [landing_site] => https://naturalconexion.com/wp-content/plugins/woocommerce-payu-latam/confirmation.php
        )

)

2023-01-26T00:56:39+00:00 NOTICE order.member.updated :: Updated macapolo@gmail.com subscriber status to subscribed and language to 
2023-01-26T00:56:39+00:00 NOTICE order_submit.success :: addStoreOrder :: #23159 :: email: macapolo@gmail.com :: landing site https://naturalconexion.com/wp-content/plugins/woocommerce-payu-latam/confirmation.php :: abandoned cart deleted [495854c3a87440b762d921b2d0f213ba]
2023-01-26T01:03:57+00:00 NOTICE action_scheduler.queue_job :: MailChimp_WooCommerce_Cart_Update queued :: obj_id a0412b01ef0844a929397186a640c619
2023-01-26T01:04:13+00:00 NOTICE abandoned_cart.success :: email: diovanar@hotmail.com :: checkout_url: https://naturalconexion.com/checkout/?mc_cart_id=a0412b01ef0844a929397186a640c619
2023-01-26T01:04:14+00:00 NOTICE cart.member.updated :: Updated diovanar@hotmail.com subscriber status to subscribed and language to es
2023-01-26T01:06:25+00:00 NOTICE action_scheduler.queue_job :: MailChimp_WooCommerce_Cart_Update queued :: obj_id a0412b01ef0844a929397186a640c619
2023-01-26T01:06:28+00:00 NOTICE abandoned_cart.success :: email: diovanar@hotmail.com :: checkout_url: https://naturalconexion.com/checkout/?mc_cart_id=a0412b01ef0844a929397186a640c619
2023-01-26T01:23:00+00:00 NOTICE action_scheduler.queue_job :: MailChimp_WooCommerce_Cart_Update queued :: obj_id a0412b01ef0844a929397186a640c619
2023-01-26T01:23:22+00:00 NOTICE abandoned_cart.success :: email: diovanar@hotmail.com :: checkout_url: https://naturalconexion.com/checkout/?mc_cart_id=a0412b01ef0844a929397186a640c619
2023-01-26T01:47:05+00:00 NOTICE action_scheduler.queue_job :: MailChimp_WooCommerce_Single_Order starts in 90 seconds :: obj_id 23160
2023-01-26T01:47:07+00:00 NOTICE action_scheduler.queue_job :: MailChimp_WooCommerce_Cart_Update queued :: obj_id 8d98d8bcd2caad9d4cfa2b4950e85136
2023-01-26T01:47:09+00:00 NOTICE abandoned_cart.success :: email: orobioingrid@gmail.com :: checkout_url: https://naturalconexion.com/checkout/?mc_cart_id=8d98d8bcd2caad9d4cfa2b4950e85136
2023-01-26T01:47:09+00:00 NOTICE cart.member.updated :: Updated orobioingrid@gmail.com subscriber status to transactional and language to es
2023-01-26T01:48:40+00:00 NOTICE order_submit :: #23160 has a financial status of pending and was skipped.
2023-01-26T02:20:47+00:00 NOTICE action_scheduler.queue_job :: MailChimp_WooCommerce_Single_Order starts in 90 seconds :: obj_id 23158
2023-01-26T02:20:48+00:00 NOTICE debug :: Order ID 23158 was pending and is now cancelled :: Array
(
    [new_order] => 
    [tracking] => 
)

2023-01-26T02:22:44+00:00 NOTICE order_submit :: #23158 has a financial status of cancelled and was skipped.
2023-01-26T03:21:04+00:00 NOTICE action_scheduler.queue_job :: MailChimp_WooCommerce_Single_Order starts in 90 seconds :: obj_id 23160
2023-01-26T03:21:04+00:00 NOTICE debug :: Order ID 23160 was pending and is now cancelled :: Array
(
    [new_order] => 
    [tracking] => 
)

2023-01-26T03:22:47+00:00 NOTICE order_submit :: #23160 has a financial status of cancelled and was skipped.
2023-01-26T03:58:07+00:00 NOTICE action_scheduler.queue_job :: MailChimp_WooCommerce_Cart_Update queued :: obj_id 4d97caf13a60d1563558f7a786a6a8bf
2023-01-26T03:58:19+00:00 NOTICE abandoned_cart.success :: email: katiaavilez11@gmail.com :: checkout_url: https://naturalconexion.com/checkout/?mc_cart_id=4d97caf13a60d1563558f7a786a6a8bf
2023-01-26T03:58:19+00:00 NOTICE cart.member.updated :: Updated katiaavilez11@gmail.com subscriber status to transactional and language to es
2023-01-26T12:25:54+00:00 NOTICE action_scheduler.queue_job :: MailChimp_WooCommerce_Single_Order starts in 90 seconds :: obj_id 23157
2023-01-26T12:25:57+00:00 NOTICE debug :: Order ID 23157 was processing and is now completed :: Array
(
    [new_order] => 
    [tracking] => 
)

2023-01-26T12:25:57+00:00 NOTICE action_scheduler.queue_job :: MailChimp_WooCommerce_Single_Order starts in 90 seconds :: obj_id 23159
2023-01-26T12:25:59+00:00 NOTICE debug :: Order ID 23159 was processing and is now completed :: Array
(
    [new_order] => 
    [tracking] => 
)

2023-01-26T12:29:46+00:00 NOTICE order.member.updated :: Updated Ayram.lpzg@gmail.com subscriber status to transactional and language to 
2023-01-26T12:29:46+00:00 NOTICE order_submit.success :: updateStoreOrder :: #23157 :: email: Ayram.lpzg@gmail.com
2023-01-26T12:29:47+00:00 NOTICE order.member.updated :: Updated macapolo@gmail.com subscriber status to subscribed and language to 
2023-01-26T12:29:47+00:00 NOTICE order_submit.success :: updateStoreOrder :: #23159 :: email: macapolo@gmail.com
2023-01-26T13:21:06+00:00 NOTICE action_scheduler.queue_job :: MailChimp_WooCommerce_Cart_Update queued :: obj_id 96cdac0d30c9ddc359fa75c50b1a6fa1
2023-01-26T13:21:08+00:00 NOTICE abandoned_cart.success :: email: sara95graciano@gmail.com :: checkout_url: https://naturalconexion.com/checkout/?mc_cart_id=96cdac0d30c9ddc359fa75c50b1a6fa1
2023-01-26T13:21:08+00:00 NOTICE cart.member.updated :: Updated sara95graciano@gmail.com subscriber status to transactional and language to es
2023-01-26T13:22:14+00:00 NOTICE action_scheduler.queue_job :: MailChimp_WooCommerce_Cart_Update queued :: obj_id db1ae846739bc803d3637da84aa28e6a
2023-01-26T13:22:26+00:00 NOTICE abandoned_cart.success :: email: elibaquero38@gmail.com :: checkout_url: https://naturalconexion.com/checkout/?mc_cart_id=db1ae846739bc803d3637da84aa28e6a
2023-01-26T13:22:27+00:00 NOTICE cart.member.updated :: Updated elibaquero38@gmail.com subscriber status to transactional and language to es
2023-01-26T14:05:17+00:00 NOTICE action_scheduler.queue_job :: MailChimp_WooCommerce_Cart_Update queued :: obj_id 45dd09384dc1aaf716620e359ec43064
2023-01-26T14:05:22+00:00 NOTICE abandoned_cart.success :: email: andreajaramillo08@gmail.com :: checkout_url: https://naturalconexion.com/checkout/?mc_cart_id=45dd09384dc1aaf716620e359ec43064
2023-01-26T14:05:22+00:00 NOTICE cart.member.updated :: Updated andreajaramillo08@gmail.com subscriber status to transactional and language to es
2023-01-26T17:11:08+00:00 NOTICE action_scheduler.queue_job :: MailChimp_WooCommerce_Cart_Update queued :: obj_id 5c37c54f7c9b9726f50aa1cb5b2ca303
2023-01-26T17:11:35+00:00 NOTICE action_scheduler.queue_job :: MailChimp_WooCommerce_Single_Order starts in 90 seconds :: obj_id 23163
2023-01-26T17:11:50+00:00 NOTICE abandoned_cart.success :: email: sara95graciano@hotmail.com :: checkout_url: https://naturalconexion.com/checkout/?mc_cart_id=5c37c54f7c9b9726f50aa1cb5b2ca303
2023-01-26T17:11:50+00:00 NOTICE cart.member.updated :: Updated sara95graciano@hotmail.com subscriber status to transactional and language to es
2023-01-26T17:13:32+00:00 NOTICE order_submit :: #23163 has a financial status of pending and was skipped.
2023-01-26T17:16:09+00:00 NOTICE action_scheduler.queue_job :: MailChimp_WooCommerce_Single_Order starts in 90 seconds :: obj_id 23163
2023-01-26T17:16:12+00:00 NOTICE debug :: Order ID 23163 was pending and is now processing :: Array
(
    [new_order] => 1
    [tracking] => Array
        (
            [campaign_id] => 
            [landing_site] => https://naturalconexion.com/wp-content/plugins/woocommerce-payu-latam/confirmation.php
        )

)

2023-01-26T17:18:51+00:00 NOTICE order.member.updated :: Updated sara95graciano@hotmail.com subscriber status to transactional and language to 
2023-01-26T17:18:51+00:00 NOTICE order_submit.success :: addStoreOrder :: #23163 :: email: sara95graciano@hotmail.com :: landing site https://naturalconexion.com/wp-content/plugins/woocommerce-payu-latam/confirmation.php :: abandoned cart deleted [5c37c54f7c9b9726f50aa1cb5b2ca303]
2023-01-26T20:36:35+00:00 NOTICE action_scheduler.queue_job :: MailChimp_WooCommerce_Cart_Update queued :: obj_id 4b59ed5cc7abccba0a4121fcc78e774e
2023-01-26T20:36:38+00:00 NOTICE abandoned_cart.success :: email: lindavcamposq@yahoo.com.co :: checkout_url: https://naturalconexion.com/checkout/?mc_cart_id=4b59ed5cc7abccba0a4121fcc78e774e
2023-01-26T20:36:38+00:00 NOTICE cart.member.updated :: Updated lindavcamposq@yahoo.com.co subscriber status to subscribed and language to es
2023-01-26T20:38:51+00:00 NOTICE action_scheduler.queue_job :: MailChimp_WooCommerce_Cart_Update queued :: obj_id 4b59ed5cc7abccba0a4121fcc78e774e
2023-01-26T20:39:12+00:00 NOTICE abandoned_cart.success :: email: lindavcamposq@yahoo.com.co :: checkout_url: https://naturalconexion.com/checkout/?mc_cart_id=4b59ed5cc7abccba0a4121fcc78e774e
2023-01-26T20:40:00+00:00 NOTICE action_scheduler.queue_job :: MailChimp_WooCommerce_Cart_Update queued :: obj_id 4b59ed5cc7abccba0a4121fcc78e774e
2023-01-26T20:40:47+00:00 NOTICE abandoned_cart.success :: email: lindavcamposq@yahoo.com.co :: checkout_url: https://naturalconexion.com/checkout/?mc_cart_id=4b59ed5cc7abccba0a4121fcc78e774e
2023-01-26T20:43:28+00:00 NOTICE action_scheduler.queue_job :: MailChimp_WooCommerce_Cart_Update queued :: obj_id 4b59ed5cc7abccba0a4121fcc78e774e
2023-01-26T20:43:30+00:00 NOTICE abandoned_cart.success :: email: lindavcamposq@yahoo.com.co :: checkout_url: https://naturalconexion.com/checkout/?mc_cart_id=4b59ed5cc7abccba0a4121fcc78e774e
2023-01-26T20:47:18+00:00 NOTICE action_scheduler.queue_job :: MailChimp_WooCommerce_Cart_Update queued :: obj_id 4b59ed5cc7abccba0a4121fcc78e774e
2023-01-26T20:48:21+00:00 NOTICE abandoned_cart.success :: email: lindavcamposq@yahoo.com.co :: checkout_url: https://naturalconexion.com/checkout/?mc_cart_id=4b59ed5cc7abccba0a4121fcc78e774e
2023-01-26T21:57:19+00:00 NOTICE action_scheduler.queue_job :: MailChimp_WooCommerce_Cart_Update queued :: obj_id 899895b07d1eee21f97d14f5203e0868
2023-01-26T21:58:09+00:00 NOTICE abandoned_cart.success :: email: mariajosejardin@gmail.com :: checkout_url: https://naturalconexion.com/checkout/?mc_cart_id=899895b07d1eee21f97d14f5203e0868
2023-01-26T21:58:09+00:00 NOTICE cart.member.updated :: Updated mariajosejardin@gmail.com subscriber status to transactional and language to es
2023-01-26T21:58:40+00:00 NOTICE action_scheduler.queue_job :: MailChimp_WooCommerce_User_Submit queued :: obj_id 2404
2023-01-26T21:58:41+00:00 NOTICE action_scheduler.queue_job :: MailChimp_WooCommerce_Single_Order starts in 90 seconds :: obj_id 23164
2023-01-26T21:59:23+00:00 NOTICE member.sync :: Updated Member mariajosejardin@gmail.com :: Array
(
    [previous_status] => transactional
    [status] => 
    [language] => 
    [merge_fields] => Array
        (
            [FNAME] => María José
            [LNAME] => Martinez Mesa
        )

    [gdpr_fields] => 
)

2023-01-26T22:00:54+00:00 NOTICE order_submit :: #23164 has a financial status of pending and was skipped.
2023-01-26T22:01:45+00:00 NOTICE action_scheduler.queue_job :: MailChimp_WooCommerce_Single_Order starts in 90 seconds :: obj_id 23164
2023-01-26T22:01:48+00:00 NOTICE debug :: Order ID 23164 was pending and is now processing :: Array
(
    [new_order] => 1
    [tracking] => Array
        (
            [campaign_id] => 
            [landing_site] => https://naturalconexion.com/wp-content/plugins/woocommerce-payu-latam/confirmation.php
        )

)

2023-01-26T22:01:48+00:00 NOTICE action_scheduler.queue_job :: MailChimp_WooCommerce_User_Submit queued :: obj_id 2404
2023-01-26T22:03:09+00:00 NOTICE member.sync :: Updated Member mariajosejardin@gmail.com :: Array
(
    [previous_status] => transactional
    [status] => 
    [language] => 
    [merge_fields] => Array
        (
            [FNAME] => María José
            [LNAME] => Martinez Mesa
        )

    [gdpr_fields] => 
)

2023-01-26T22:04:49+00:00 NOTICE order.member.updated :: Updated mariajosejardin@gmail.com subscriber status to transactional and language to 
2023-01-26T22:04:49+00:00 NOTICE order_submit.success :: addStoreOrder :: #23164 :: email: mariajosejardin@gmail.com :: landing site https://naturalconexion.com/wp-content/plugins/woocommerce-payu-latam/confirmation.php :: abandoned cart deleted [899895b07d1eee21f97d14f5203e0868]
