2023-02-04T00:30:40+00:00 NOTICE action_scheduler.queue_job :: MailChimp_WooCommerce_Cart_Update queued :: obj_id 4816f9883a720cb88b881809f7125f79
2023-02-04T00:30:45+00:00 NOTICE abandoned_cart.success :: email: mariaru096@gmail.com :: checkout_url: https://naturalconexion.com/checkout/?mc_cart_id=4816f9883a720cb88b881809f7125f79
2023-02-04T00:30:45+00:00 NOTICE cart.member.updated :: Updated mariaru096@gmail.com subscriber status to subscribed and language to es
2023-02-04T00:31:05+00:00 NOTICE action_scheduler.queue_job :: MailChimp_WooCommerce_Single_Order starts in 90 seconds :: obj_id 23226
2023-02-04T00:33:32+00:00 NOTICE order_submit :: #23226 has a financial status of pending and was skipped.
2023-02-04T00:35:36+00:00 NOTICE action_scheduler.queue_job :: MailChimp_WooCommerce_Single_Order starts in 90 seconds :: obj_id 23226
2023-02-04T00:35:39+00:00 NOTICE debug :: Order ID 23226 was pending and is now processing :: Array
(
    [new_order] => 1
    [tracking] => Array
        (
            [campaign_id] => 
            [landing_site] => https://naturalconexion.com/wp-content/plugins/woocommerce-payu-latam/confirmation.php
        )

)

2023-02-04T00:38:42+00:00 NOTICE order.member.updated :: Updated mariaru096@gmail.com subscriber status to subscribed and language to 
2023-02-04T00:38:42+00:00 NOTICE order_submit.success :: addStoreOrder :: #23226 :: email: mariaru096@gmail.com :: landing site https://naturalconexion.com/wp-content/plugins/woocommerce-payu-latam/confirmation.php :: abandoned cart deleted [4816f9883a720cb88b881809f7125f79]
2023-02-04T17:46:43+00:00 NOTICE action_scheduler.queue_job :: MailChimp_WooCommerce_Cart_Update queued :: obj_id 38b7155a5c4fdb30388d3951e968f913
2023-02-04T17:46:44+00:00 NOTICE abandoned_cart.success :: email: lauraarevalo0512@hotmail.com :: checkout_url: https://naturalconexion.com/checkout/?mc_cart_id=38b7155a5c4fdb30388d3951e968f913
2023-02-04T17:46:45+00:00 NOTICE cart.member.updated :: Updated lauraarevalo0512@hotmail.com subscriber status to subscribed and language to es
2023-02-04T17:46:50+00:00 NOTICE action_scheduler.queue_job :: MailChimp_WooCommerce_Single_Order starts in 90 seconds :: obj_id 23227
2023-02-04T17:49:32+00:00 NOTICE debug :: Order ID 23227 was pending and is now processing :: Array
(
    [new_order] => 1
    [tracking] => Array
        (
            [campaign_id] => 
            [landing_site] => https://naturalconexion.com/wp-content/plugins/woocommerce-payu-latam/confirmation.php
        )

)

2023-02-04T17:51:21+00:00 NOTICE order.member.updated :: Updated lauraarevalo0512@hotmail.com subscriber status to subscribed and language to es
2023-02-04T17:51:21+00:00 NOTICE order_submit.success :: addStoreOrder :: #23227 :: email: lauraarevalo0512@hotmail.com :: landing site https://naturalconexion.com/ :: abandoned cart deleted [38b7155a5c4fdb30388d3951e968f913]
2023-02-04T20:37:56+00:00 NOTICE action_scheduler.queue_job :: MailChimp_WooCommerce_Cart_Update queued :: obj_id f1d6a94f72aa081c748eb4486636b352
2023-02-04T20:38:47+00:00 NOTICE abandoned_cart.success :: email: bibianaalvarezfranco@gmail.com :: checkout_url: https://naturalconexion.com/checkout/?mc_cart_id=f1d6a94f72aa081c748eb4486636b352
2023-02-04T20:38:48+00:00 NOTICE cart.member.updated :: Updated bibianaalvarezfranco@gmail.com subscriber status to subscribed and language to es
2023-02-04T20:39:55+00:00 NOTICE action_scheduler.queue_job :: MailChimp_WooCommerce_Cart_Update queued :: obj_id f1d6a94f72aa081c748eb4486636b352
2023-02-04T20:40:27+00:00 NOTICE abandoned_cart.success :: email: bibianaalvarezfranco@gmail.com :: checkout_url: https://naturalconexion.com/checkout/?mc_cart_id=f1d6a94f72aa081c748eb4486636b352
2023-02-04T20:41:12+00:00 NOTICE action_scheduler.queue_job :: MailChimp_WooCommerce_User_Submit queued :: obj_id 2311
2023-02-04T20:41:29+00:00 NOTICE member.sync :: Updated Member Bibianaalvarezfranco@gmail.com :: Array
(
    [status] => subscribed
    [language] => 
    [merge_fields] => Array
        (
            [FNAME] => Bibiana
            [LNAME] => Alvarez
        )

    [gdpr_fields] => 
)

2023-02-04T20:43:30+00:00 NOTICE action_scheduler.queue_job :: MailChimp_WooCommerce_Cart_Update queued :: obj_id f1d6a94f72aa081c748eb4486636b352
2023-02-04T20:44:45+00:00 NOTICE abandoned_cart.success :: email: bibianaalvarezfranco@gmail.com :: checkout_url: https://naturalconexion.com/checkout/?mc_cart_id=f1d6a94f72aa081c748eb4486636b352
2023-02-04T20:47:25+00:00 NOTICE action_scheduler.queue_job :: MailChimp_WooCommerce_User_Submit queued :: obj_id 2311
2023-02-04T20:47:25+00:00 NOTICE action_scheduler.queue_job :: MailChimp_WooCommerce_Single_Order starts in 90 seconds :: obj_id 23228
2023-02-04T20:48:10+00:00 NOTICE member.sync :: Updated Member Bibianaalvarezfranco@gmail.com :: Array
(
    [status] => subscribed
    [language] => 
    [merge_fields] => Array
        (
            [FNAME] => Bibiana
            [LNAME] => Alvarez
        )

    [gdpr_fields] => 
)

2023-02-04T20:50:01+00:00 NOTICE order_submit :: #23228 has a financial status of pending and was skipped.
2023-02-04T20:50:13+00:00 NOTICE action_scheduler.queue_job :: MailChimp_WooCommerce_Single_Order starts in 90 seconds :: obj_id 23228
2023-02-04T20:50:17+00:00 NOTICE debug :: Order ID 23228 was pending and is now processing :: Array
(
    [new_order] => 1
    [tracking] => Array
        (
            [campaign_id] => 
            [landing_site] => https://naturalconexion.com/wp-content/plugins/woocommerce-payu-latam/confirmation.php
        )

)

2023-02-04T20:51:53+00:00 NOTICE order.member.updated :: Updated Bibianaalvarezfranco@gmail.com subscriber status to subscribed and language to 
2023-02-04T20:51:53+00:00 NOTICE order_submit.success :: addStoreOrder :: #23228 :: email: Bibianaalvarezfranco@gmail.com :: landing site https://naturalconexion.com/wp-content/plugins/woocommerce-payu-latam/confirmation.php
