2022-02-21T00:44:18+00:00 NOTICE action_scheduler.queue_job :: MailChimp_WooCommerce_Single_Order starts in 90 seconds :: obj_id 18890
2022-02-21T00:45:48+00:00 NOTICE order_sumbit :: #18890 has a financial status of pending and was skipped.
2022-02-21T01:26:30+00:00 NOTICE action_scheduler.queue_job :: MailChimp_WooCommerce_Cart_Update queued :: obj_id 921852dd45bc255062be1320768f7807
2022-02-21T01:27:07+00:00 NOTICE abandoned_cart.success :: email: laura.roma.mar@gmail.com :: checkout_url: https://naturalconexion.com/checkout/?mc_cart_id=921852dd45bc255062be1320768f7807
2022-02-21T01:27:07+00:00 NOTICE cart.member.updated :: Updated laura.roma.mar@gmail.com subscriber status to transactional and language to es
2022-02-21T01:28:17+00:00 NOTICE action_scheduler.queue_job :: MailChimp_WooCommerce_Single_Order starts in 90 seconds :: obj_id 18891
2022-02-21T01:30:41+00:00 NOTICE order_sumbit :: #18891 has a financial status of pending and was skipped.
2022-02-21T01:30:49+00:00 NOTICE action_scheduler.queue_job :: MailChimp_WooCommerce_Single_Order starts in 90 seconds :: obj_id 18891
2022-02-21T01:30:54+00:00 NOTICE debug :: Order ID 18891 was pending and is now processing :: Array
(
    [new_order] => 1
    [tracking] => Array
        (
            [campaign_id] => 
            [landing_site] => https://naturalconexion.com/wp-admin/admin-ajax.php
        )

)

2022-02-21T01:33:37+00:00 NOTICE order.member.updated :: Updated laura.roma.mar@gmail.com subscriber status to transactional and language to 
2022-02-21T01:33:37+00:00 NOTICE order_submit.success :: addStoreOrder :: #18891 :: email: laura.roma.mar@gmail.com :: landing site https://naturalconexion.com/wp-admin/admin-ajax.php :: abandoned cart deleted [921852dd45bc255062be1320768f7807]
2022-02-21T01:59:29+00:00 NOTICE action_scheduler.queue_job :: MailChimp_WooCommerce_Single_Order starts in 90 seconds :: obj_id 18892
2022-02-21T02:01:18+00:00 NOTICE order_sumbit :: #18892 has a financial status of pending and was skipped.
2022-02-21T02:02:32+00:00 NOTICE action_scheduler.queue_job :: MailChimp_WooCommerce_Single_Order starts in 90 seconds :: obj_id 18892
2022-02-21T02:02:34+00:00 NOTICE debug :: Order ID 18892 was pending and is now processing :: Array
(
    [new_order] => 1
    [tracking] => Array
        (
            [campaign_id] => 
            [landing_site] => https://naturalconexion.com/wp-admin/admin-ajax.php
        )

)

2022-02-21T02:04:24+00:00 NOTICE order.member.updated :: Updated joalper.1608@gmail.com subscriber status to subscribed and language to 
2022-02-21T02:04:24+00:00 NOTICE order_submit.success :: addStoreOrder :: #18892 :: email: joalper.1608@gmail.com :: landing site https://naturalconexion.com/wp-admin/admin-ajax.php
2022-02-21T02:22:05+00:00 NOTICE action_scheduler.queue_job :: MailChimp_WooCommerce_Single_Order starts in 90 seconds :: obj_id 18890
2022-02-21T02:22:05+00:00 NOTICE debug :: Order ID 18890 was pending and is now cancelled :: Array
(
    [new_order] => 
    [tracking] => 
)

2022-02-21T02:24:19+00:00 NOTICE order_sumbit :: #18890 has a financial status of cancelled and was skipped.
2022-02-21T03:45:34+00:00 NOTICE action_scheduler.queue_job :: MailChimp_WooCommerce_Cart_Update queued :: obj_id e175a841fdc1b7931b193385562b916e
2022-02-21T03:46:07+00:00 NOTICE abandoned_cart.success :: email: angelitabenavides2009@gmail.com :: checkout_url: https://naturalconexion.com/checkout/?mc_cart_id=e175a841fdc1b7931b193385562b916e
2022-02-21T03:46:09+00:00 NOTICE cart.member.updated :: Updated angelitabenavides2009@gmail.com subscriber status to transactional and language to es
2022-02-21T03:46:22+00:00 NOTICE action_scheduler.queue_job :: MailChimp_WooCommerce_Single_Order starts in 90 seconds :: obj_id 18893
2022-02-21T03:48:07+00:00 NOTICE order_sumbit :: #18893 has a financial status of pending and was skipped.
2022-02-21T05:26:15+00:00 NOTICE action_scheduler.queue_job :: MailChimp_WooCommerce_Single_Order starts in 90 seconds :: obj_id 18893
2022-02-21T05:26:15+00:00 NOTICE debug :: Order ID 18893 was pending and is now cancelled :: Array
(
    [new_order] => 
    [tracking] => 
)

2022-02-21T05:28:51+00:00 NOTICE order_sumbit :: #18893 has a financial status of cancelled and was skipped.
2022-02-21T16:12:13+00:00 NOTICE action_scheduler.queue_job :: MailChimp_WooCommerce_Cart_Update queued :: obj_id c595c65135215c10d7010fd5911f0d58
2022-02-21T16:12:17+00:00 NOTICE abandoned_cart.success :: email: mluzya@yahoo.es :: checkout_url: https://naturalconexion.com/checkout/?mc_cart_id=c595c65135215c10d7010fd5911f0d58
2022-02-21T16:12:20+00:00 NOTICE cart.member.updated :: Updated mluzya@yahoo.es subscriber status to transactional and language to es
2022-02-21T16:34:43+00:00 NOTICE action_scheduler.queue_job :: MailChimp_WooCommerce_Single_Order starts in 90 seconds :: obj_id 18835
2022-02-21T16:34:44+00:00 NOTICE debug :: Order ID 18835 was processing and is now completed :: Array
(
    [new_order] => 
    [tracking] => 
)

2022-02-21T16:34:44+00:00 NOTICE action_scheduler.queue_job :: MailChimp_WooCommerce_Single_Order starts in 90 seconds :: obj_id 18852
2022-02-21T16:34:46+00:00 NOTICE debug :: Order ID 18852 was processing and is now completed :: Array
(
    [new_order] => 
    [tracking] => 
)

2022-02-21T16:34:46+00:00 NOTICE action_scheduler.queue_job :: MailChimp_WooCommerce_Single_Order starts in 90 seconds :: obj_id 18855
2022-02-21T16:34:47+00:00 NOTICE debug :: Order ID 18855 was processing and is now completed :: Array
(
    [new_order] => 
    [tracking] => 
)

2022-02-21T16:34:47+00:00 NOTICE action_scheduler.queue_job :: MailChimp_WooCommerce_Single_Order starts in 90 seconds :: obj_id 18857
2022-02-21T16:34:49+00:00 NOTICE debug :: Order ID 18857 was processing and is now completed :: Array
(
    [new_order] => 
    [tracking] => 
)

2022-02-21T16:34:49+00:00 NOTICE action_scheduler.queue_job :: MailChimp_WooCommerce_Single_Order starts in 90 seconds :: obj_id 18859
2022-02-21T16:34:50+00:00 NOTICE debug :: Order ID 18859 was processing and is now completed :: Array
(
    [new_order] => 
    [tracking] => 
)

2022-02-21T16:34:50+00:00 NOTICE action_scheduler.queue_job :: MailChimp_WooCommerce_Single_Order starts in 90 seconds :: obj_id 18861
2022-02-21T16:34:51+00:00 NOTICE debug :: Order ID 18861 was processing and is now completed :: Array
(
    [new_order] => 
    [tracking] => 
)

2022-02-21T16:34:51+00:00 NOTICE action_scheduler.queue_job :: MailChimp_WooCommerce_Single_Order starts in 90 seconds :: obj_id 18862
2022-02-21T16:34:52+00:00 NOTICE debug :: Order ID 18862 was processing and is now completed :: Array
(
    [new_order] => 
    [tracking] => 
)

2022-02-21T16:34:52+00:00 NOTICE action_scheduler.queue_job :: MailChimp_WooCommerce_Single_Order starts in 90 seconds :: obj_id 18864
2022-02-21T16:34:53+00:00 NOTICE debug :: Order ID 18864 was processing and is now completed :: Array
(
    [new_order] => 
    [tracking] => 
)

2022-02-21T16:34:53+00:00 NOTICE action_scheduler.queue_job :: MailChimp_WooCommerce_Single_Order starts in 90 seconds :: obj_id 18866
2022-02-21T16:34:54+00:00 NOTICE debug :: Order ID 18866 was processing and is now completed :: Array
(
    [new_order] => 
    [tracking] => 
)

2022-02-21T16:34:54+00:00 NOTICE action_scheduler.queue_job :: MailChimp_WooCommerce_Single_Order starts in 90 seconds :: obj_id 18869
2022-02-21T16:34:55+00:00 NOTICE debug :: Order ID 18869 was processing and is now completed :: Array
(
    [new_order] => 
    [tracking] => 
)

2022-02-21T16:34:55+00:00 NOTICE action_scheduler.queue_job :: MailChimp_WooCommerce_Single_Order starts in 90 seconds :: obj_id 18873
2022-02-21T16:34:56+00:00 NOTICE debug :: Order ID 18873 was processing and is now completed :: Array
(
    [new_order] => 
    [tracking] => 
)

2022-02-21T16:34:56+00:00 NOTICE action_scheduler.queue_job :: MailChimp_WooCommerce_Single_Order starts in 90 seconds :: obj_id 18874
2022-02-21T16:34:57+00:00 NOTICE debug :: Order ID 18874 was processing and is now completed :: Array
(
    [new_order] => 
    [tracking] => 
)

2022-02-21T16:34:57+00:00 NOTICE action_scheduler.queue_job :: MailChimp_WooCommerce_Single_Order starts in 90 seconds :: obj_id 18882
2022-02-21T16:34:58+00:00 NOTICE debug :: Order ID 18882 was processing and is now completed :: Array
(
    [new_order] => 
    [tracking] => 
)

2022-02-21T16:34:58+00:00 NOTICE action_scheduler.queue_job :: MailChimp_WooCommerce_Single_Order starts in 90 seconds :: obj_id 18883
2022-02-21T16:34:58+00:00 NOTICE debug :: Order ID 18883 was processing and is now completed :: Array
(
    [new_order] => 
    [tracking] => 
)

2022-02-21T16:34:58+00:00 NOTICE action_scheduler.queue_job :: MailChimp_WooCommerce_Single_Order starts in 90 seconds :: obj_id 18884
2022-02-21T16:34:59+00:00 NOTICE debug :: Order ID 18884 was processing and is now completed :: Array
(
    [new_order] => 
    [tracking] => 
)

2022-02-21T16:34:59+00:00 NOTICE action_scheduler.queue_job :: MailChimp_WooCommerce_Single_Order starts in 90 seconds :: obj_id 18885
2022-02-21T16:35:00+00:00 NOTICE debug :: Order ID 18885 was processing and is now completed :: Array
(
    [new_order] => 
    [tracking] => 
)

2022-02-21T16:35:00+00:00 NOTICE action_scheduler.queue_job :: MailChimp_WooCommerce_Single_Order starts in 90 seconds :: obj_id 18887
2022-02-21T16:35:01+00:00 NOTICE debug :: Order ID 18887 was processing and is now completed :: Array
(
    [new_order] => 
    [tracking] => 
)

2022-02-21T16:35:01+00:00 NOTICE action_scheduler.queue_job :: MailChimp_WooCommerce_Single_Order starts in 90 seconds :: obj_id 18888
2022-02-21T16:35:02+00:00 NOTICE debug :: Order ID 18888 was processing and is now completed :: Array
(
    [new_order] => 
    [tracking] => 
)

2022-02-21T16:35:02+00:00 NOTICE action_scheduler.queue_job :: MailChimp_WooCommerce_Single_Order starts in 90 seconds :: obj_id 18891
2022-02-21T16:35:03+00:00 NOTICE debug :: Order ID 18891 was processing and is now completed :: Array
(
    [new_order] => 
    [tracking] => 
)

2022-02-21T16:35:03+00:00 NOTICE action_scheduler.queue_job :: MailChimp_WooCommerce_Single_Order starts in 90 seconds :: obj_id 18892
2022-02-21T16:35:04+00:00 NOTICE debug :: Order ID 18892 was processing and is now completed :: Array
(
    [new_order] => 
    [tracking] => 
)

2022-02-21T16:35:28+00:00 NOTICE action_scheduler.queue_job :: MailChimp_WooCommerce_Single_Order starts in 90 seconds :: obj_id 18834
2022-02-21T16:35:29+00:00 NOTICE debug :: Order ID 18834 was processing and is now completed :: Array
(
    [new_order] => 
    [tracking] => 
)

2022-02-21T16:36:22+00:00 NOTICE order.member.updated :: Updated joha0589@gmail.com subscriber status to subscribed and language to 
2022-02-21T16:36:22+00:00 NOTICE order_submit.success :: updateStoreOrder :: #18835 :: email: joha0589@gmail.com
2022-02-21T16:36:25+00:00 NOTICE order.member.updated :: Updated jesusmontealegre@yahoo.com.mx subscriber status to subscribed and language to 
2022-02-21T16:36:25+00:00 NOTICE order_submit.success :: updateStoreOrder :: #18852 :: email: jesusmontealegre@yahoo.com.mx
2022-02-21T16:36:29+00:00 NOTICE order.member.updated :: Updated ango.brangus1@gmail.com subscriber status to subscribed and language to 
2022-02-21T16:36:29+00:00 NOTICE order_submit.success :: updateStoreOrder :: #18855 :: email: ango.brangus1@gmail.com
2022-02-21T16:36:32+00:00 NOTICE order.member.updated :: Updated yesivaru31@gmail.com subscriber status to subscribed and language to 
2022-02-21T16:36:32+00:00 NOTICE order_submit.success :: updateStoreOrder :: #18857 :: email: yesivaru31@gmail.com
2022-02-21T16:36:36+00:00 NOTICE order.member.updated :: Updated johavj30@gmail.com subscriber status to transactional and language to 
2022-02-21T16:36:36+00:00 NOTICE order_submit.success :: updateStoreOrder :: #18859 :: email: johavj30@gmail.com
2022-02-21T16:36:37+00:00 ERROR order_submit.error :: addStoreOrder :: #18861 :: Error Code 400 :: Customer could not be imported to the list associated with this store. on 1898 in /home/forge/naturalconexion.com/wp-content/plugins/mailchimp-for-woocommerce/includes/api/class-mailchimp-api.php
2022-02-21T16:36:41+00:00 NOTICE order.member.updated :: Updated omarmp@gmail.com subscriber status to subscribed and language to 
2022-02-21T16:36:41+00:00 NOTICE order_submit.success :: updateStoreOrder :: #18862 :: email: omarmp@gmail.com
2022-02-21T16:37:13+00:00 NOTICE order.member.updated :: Updated susanacuadrostuberquia@gmail.com subscriber status to transactional and language to 
2022-02-21T16:37:13+00:00 NOTICE order_submit.success :: updateStoreOrder :: #18864 :: email: susanacuadrostuberquia@gmail.com
2022-02-21T16:37:16+00:00 NOTICE order.member.updated :: Updated Jennyendo@hotmail.com subscriber status to subscribed and language to 
2022-02-21T16:37:16+00:00 NOTICE order_submit.success :: updateStoreOrder :: #18866 :: email: Jennyendo@hotmail.com
2022-02-21T16:37:20+00:00 NOTICE order.member.updated :: Updated crguiral@gmail.com subscriber status to subscribed and language to 
2022-02-21T16:37:20+00:00 NOTICE order_submit.success :: updateStoreOrder :: #18869 :: email: crguiral@gmail.com :: abandoned cart deleted [0e8c196a81759cdd3a19ae221a65d79a]
2022-02-21T16:37:23+00:00 NOTICE action_scheduler.queue_job :: MailChimp_WooCommerce_Cart_Update queued :: obj_id c595c65135215c10d7010fd5911f0d58
2022-02-21T16:37:24+00:00 NOTICE order.member.updated :: Updated leidyruiz2308@gmail.com subscriber status to transactional and language to 
2022-02-21T16:37:24+00:00 NOTICE order_submit.success :: updateStoreOrder :: #18873 :: email: leidyruiz2308@gmail.com
2022-02-21T16:37:28+00:00 NOTICE order.member.updated :: Updated lizemar_9716@hotmail.com subscriber status to subscribed and language to 
2022-02-21T16:37:28+00:00 NOTICE order_submit.success :: updateStoreOrder :: #18874 :: email: lizemar_9716@hotmail.com
2022-02-21T16:38:14+00:00 NOTICE order.member.updated :: Updated cetina765@hotmail.com subscriber status to subscribed and language to 
2022-02-21T16:38:14+00:00 NOTICE order_submit.success :: updateStoreOrder :: #18882 :: email: cetina765@hotmail.com
2022-02-21T16:38:16+00:00 NOTICE order.member.updated :: Updated kellyrojasbetancur@gmail.com subscriber status to subscribed and language to 
2022-02-21T16:38:16+00:00 NOTICE order_submit.success :: updateStoreOrder :: #18883 :: email: kellyrojasbetancur@gmail.com
2022-02-21T16:38:20+00:00 NOTICE order.member.updated :: Updated alexamona1986@hotmail.com subscriber status to subscribed and language to 
2022-02-21T16:38:20+00:00 NOTICE order_submit.success :: updateStoreOrder :: #18884 :: email: alexamona1986@hotmail.com
2022-02-21T16:38:24+00:00 NOTICE order.member.updated :: Updated eimy_2911@hotmail.com subscriber status to subscribed and language to 
2022-02-21T16:38:24+00:00 NOTICE order_submit.success :: updateStoreOrder :: #18885 :: email: eimy_2911@hotmail.com
2022-02-21T16:38:28+00:00 NOTICE order.member.updated :: Updated khoyos2706@gmail.com subscriber status to subscribed and language to 
2022-02-21T16:38:28+00:00 NOTICE order_submit.success :: updateStoreOrder :: #18887 :: email: khoyos2706@gmail.com
2022-02-21T16:38:32+00:00 NOTICE order.member.updated :: Updated valencia.lucia01@gmail.com subscriber status to subscribed and language to 
2022-02-21T16:38:32+00:00 NOTICE order_submit.success :: updateStoreOrder :: #18888 :: email: valencia.lucia01@gmail.com
2022-02-21T16:39:19+00:00 NOTICE order.member.updated :: Updated laura.roma.mar@gmail.com subscriber status to transactional and language to 
2022-02-21T16:39:19+00:00 NOTICE order_submit.success :: updateStoreOrder :: #18891 :: email: laura.roma.mar@gmail.com
2022-02-21T16:39:25+00:00 NOTICE order.member.updated :: Updated joalper.1608@gmail.com subscriber status to subscribed and language to 
2022-02-21T16:39:25+00:00 NOTICE order_submit.success :: updateStoreOrder :: #18892 :: email: joalper.1608@gmail.com
2022-02-21T16:39:29+00:00 NOTICE order.member.updated :: Updated nia5011@hotmaiil.com subscriber status to transactional and language to 
2022-02-21T16:39:29+00:00 NOTICE order_submit.success :: updateStoreOrder :: #18834 :: email: nia5011@hotmaiil.com
2022-02-21T16:39:30+00:00 NOTICE abandoned_cart.success :: email: mluzya@yahoo.es :: checkout_url: https://naturalconexion.com/checkout/?mc_cart_id=c595c65135215c10d7010fd5911f0d58
2022-02-21T17:38:56+00:00 NOTICE action_scheduler.queue_job :: MailChimp_WooCommerce_SingleCoupon queued :: obj_id 18894
2022-02-21T17:39:02+00:00 NOTICE action_scheduler.queue_job :: MailChimp_WooCommerce_Cart_Update queued :: obj_id 5a03f5a45f6de1f471838beff441cdff
2022-02-21T17:39:07+00:00 NOTICE promo_code_submit.success :: #18894 :: code: pkemy3v8
2022-02-21T17:39:08+00:00 NOTICE abandoned_cart.success :: email: jmolina1987@gmail.com :: checkout_url: https://naturalconexion.com/checkout/?mc_cart_id=5a03f5a45f6de1f471838beff441cdff
2022-02-21T17:39:09+00:00 NOTICE cart.member.updated :: Updated jmolina1987@gmail.com subscriber status to transactional and language to es
2022-02-21T17:39:54+00:00 NOTICE action_scheduler.queue_job :: MailChimp_WooCommerce_Single_Order starts in 90 seconds :: obj_id 18895
2022-02-21T17:41:19+00:00 NOTICE debug :: Order ID 18895 was pending and is now processing :: Array
(
    [new_order] => 1
    [tracking] => Array
        (
            [campaign_id] => 
            [landing_site] => https://naturalconexion.com/wp-admin/admin-ajax.php
        )

)

2022-02-21T17:43:14+00:00 NOTICE order.member.updated :: Updated jmolina1987@gmail.com subscriber status to transactional and language to es
2022-02-21T17:43:14+00:00 NOTICE order_submit.success :: addStoreOrder :: #18895 :: email: jmolina1987@gmail.com :: landing site https://naturalconexion.com/wp-admin/admin-ajax.php :: abandoned cart deleted [5a03f5a45f6de1f471838beff441cdff]
2022-02-21T18:00:44+00:00 NOTICE action_scheduler.queue_job :: MailChimp_WooCommerce_Cart_Update queued :: obj_id 95775e97d7d924f6341347ab34875e6c
2022-02-21T18:01:07+00:00 NOTICE abandoned_cart.success :: email: maye0216@gmail.com :: checkout_url: https://naturalconexion.com/checkout/?mc_cart_id=95775e97d7d924f6341347ab34875e6c
2022-02-21T18:01:07+00:00 NOTICE cart.member.updated :: Updated maye0216@gmail.com subscriber status to transactional and language to es
2022-02-21T18:02:09+00:00 NOTICE action_scheduler.queue_job :: MailChimp_WooCommerce_Single_Order starts in 90 seconds :: obj_id 18896
2022-02-21T18:04:13+00:00 NOTICE order_sumbit :: #18896 has a financial status of pending and was skipped.
2022-02-21T19:03:52+00:00 NOTICE action_scheduler.queue_job :: MailChimp_WooCommerce_Single_Order starts in 90 seconds :: obj_id 18897
2022-02-21T19:05:50+00:00 NOTICE order_sumbit :: #18897 has a financial status of pending and was skipped.
2022-02-21T19:08:23+00:00 NOTICE action_scheduler.queue_job :: MailChimp_WooCommerce_Single_Order starts in 90 seconds :: obj_id 18897
2022-02-21T19:08:26+00:00 NOTICE debug :: Order ID 18897 was pending and is now processing :: Array
(
    [new_order] => 1
    [tracking] => Array
        (
            [campaign_id] => 
            [landing_site] => https://naturalconexion.com/wp-admin/admin-ajax.php
        )

)

2022-02-21T19:10:42+00:00 NOTICE order.member.updated :: Updated mluzya@yahoo.es subscriber status to subscribed and language to 
2022-02-21T19:10:42+00:00 NOTICE order_submit.success :: addStoreOrder :: #18897 :: email: mluzya@yahoo.es :: landing site https://naturalconexion.com/wp-admin/admin-ajax.php :: abandoned cart deleted [c595c65135215c10d7010fd5911f0d58]
2022-02-21T19:36:13+00:00 NOTICE action_scheduler.queue_job :: MailChimp_WooCommerce_Single_Order starts in 90 seconds :: obj_id 18896
2022-02-21T19:36:14+00:00 NOTICE debug :: Order ID 18896 was pending and is now cancelled :: Array
(
    [new_order] => 
    [tracking] => 
)

2022-02-21T19:38:10+00:00 NOTICE order_sumbit :: #18896 has a financial status of cancelled and was skipped.
2022-02-21T19:41:09+00:00 NOTICE action_scheduler.queue_job :: MailChimp_WooCommerce_Cart_Update queued :: obj_id 232428e4383eb5099f89ace073ae5980
2022-02-21T19:41:46+00:00 NOTICE abandoned_cart.success :: email: angeluz0224@gmail.com :: checkout_url: https://naturalconexion.com/checkout/?mc_cart_id=232428e4383eb5099f89ace073ae5980
2022-02-21T19:41:47+00:00 NOTICE cart.member.updated :: Updated angeluz0224@gmail.com subscriber status to transactional and language to es
2022-02-21T21:04:38+00:00 NOTICE action_scheduler.queue_job :: MailChimp_WooCommerce_Cart_Update queued :: obj_id a616639cdbf6eb1f554f883314dded69
2022-02-21T21:04:40+00:00 NOTICE abandoned_cart.success :: email: elozadal2709@gmail.com :: checkout_url: https://naturalconexion.com/checkout/?mc_cart_id=a616639cdbf6eb1f554f883314dded69
2022-02-21T21:04:40+00:00 NOTICE cart.member.updated :: Updated elozadal2709@gmail.com subscriber status to transactional and language to es
2022-02-21T21:06:08+00:00 NOTICE action_scheduler.queue_job :: MailChimp_WooCommerce_User_Submit queued :: obj_id 2081
2022-02-21T21:06:10+00:00 NOTICE action_scheduler.queue_job :: MailChimp_WooCommerce_User_Submit queued :: obj_id 2081
2022-02-21T21:06:10+00:00 NOTICE action_scheduler.queue_job :: MailChimp_WooCommerce_Single_Order starts in 90 seconds :: obj_id 18898
2022-02-21T21:06:12+00:00 NOTICE member.sync :: Updated Member elozadal2709@gmail.com :: Array
(
    [previous_status] => transactional
    [status] => 1
    [merge_fields] => Array
        (
            [FNAME] => ESTEFANÍA
            [LNAME] => LOZADA LONDOÑO
        )

)

2022-02-21T21:08:15+00:00 NOTICE order_sumbit :: #18898 has a financial status of pending and was skipped.
2022-02-21T21:13:45+00:00 NOTICE action_scheduler.queue_job :: MailChimp_WooCommerce_Single_Order starts in 90 seconds :: obj_id 18898
2022-02-21T21:13:47+00:00 NOTICE debug :: Order ID 18898 was pending and is now processing :: Array
(
    [new_order] => 1
    [tracking] => Array
        (
            [campaign_id] => 
            [landing_site] => https://naturalconexion.com/wp-admin/admin-ajax.php
        )

)

2022-02-21T21:13:47+00:00 NOTICE action_scheduler.queue_job :: MailChimp_WooCommerce_User_Submit queued :: obj_id 2081
2022-02-21T21:14:18+00:00 NOTICE member.sync :: Updated Member elozadal2709@gmail.com ( merge fields only ) :: Array
(
    [merge_fields] => Array
        (
            [FNAME] => ESTEFANÍA
            [LNAME] => LOZADA LONDOÑO
        )

)

2022-02-21T21:16:19+00:00 NOTICE order.member.updated :: Updated elozadal2709@gmail.com subscriber status to subscribed and language to 
2022-02-21T21:16:19+00:00 NOTICE order_submit.success :: addStoreOrder :: #18898 :: email: elozadal2709@gmail.com :: landing site https://naturalconexion.com/wp-admin/admin-ajax.php :: abandoned cart deleted [a616639cdbf6eb1f554f883314dded69]
2022-02-21T21:54:32+00:00 NOTICE action_scheduler.queue_job :: MailChimp_WooCommerce_Cart_Update queued :: obj_id f4d5b4732da479b62c059e7659dfdc69
2022-02-21T21:55:15+00:00 NOTICE abandoned_cart.success :: email: maty0513@gmail.com :: checkout_url: https://naturalconexion.com/checkout/?mc_cart_id=f4d5b4732da479b62c059e7659dfdc69
2022-02-21T21:55:17+00:00 NOTICE cart.member.updated :: Updated maty0513@gmail.com subscriber status to subscribed and language to es
2022-02-21T21:56:30+00:00 NOTICE action_scheduler.queue_job :: MailChimp_WooCommerce_Single_Order starts in 90 seconds :: obj_id 18899
2022-02-21T21:58:07+00:00 NOTICE order_sumbit :: #18899 has a financial status of pending and was skipped.
2022-02-21T21:58:10+00:00 NOTICE action_scheduler.queue_job :: MailChimp_WooCommerce_Cart_Update queued :: obj_id f4d5b4732da479b62c059e7659dfdc69
2022-02-21T21:58:57+00:00 NOTICE abandoned_cart.success :: email: maty0513@gmail.com :: checkout_url: https://naturalconexion.com/checkout/?mc_cart_id=f4d5b4732da479b62c059e7659dfdc69
2022-02-21T22:08:00+00:00 NOTICE action_scheduler.queue_job :: MailChimp_WooCommerce_Cart_Update queued :: obj_id f4d5b4732da479b62c059e7659dfdc69
2022-02-21T22:08:11+00:00 NOTICE abandoned_cart.success :: email: maty0513@gmail.com :: checkout_url: https://naturalconexion.com/checkout/?mc_cart_id=f4d5b4732da479b62c059e7659dfdc69
2022-02-21T22:09:58+00:00 NOTICE action_scheduler.queue_job :: MailChimp_WooCommerce_Single_Order starts in 90 seconds :: obj_id 18900
2022-02-21T22:10:39+00:00 NOTICE debug :: Order ID 18900 was pending and is now processing :: Array
(
    [new_order] => 1
    [tracking] => Array
        (
            [campaign_id] => 
            [landing_site] => https://naturalconexion.com/wp-admin/admin-ajax.php
        )

)

2022-02-21T22:12:54+00:00 NOTICE order.member.updated :: Updated Maty0513@gmail.com subscriber status to subscribed and language to es
2022-02-21T22:12:54+00:00 NOTICE order_submit.success :: addStoreOrder :: #18900 :: email: Maty0513@gmail.com :: landing site https://naturalconexion.com/wp-admin/admin-ajax.php :: abandoned cart deleted [f4d5b4732da479b62c059e7659dfdc69]
2022-02-21T22:38:47+00:00 NOTICE action_scheduler.queue_job :: MailChimp_WooCommerce_Cart_Update queued :: obj_id 1b2c7275352f7ed1b916aa4513715f62
2022-02-21T22:39:26+00:00 NOTICE abandoned_cart.success :: email: magdatru@gmail.com :: checkout_url: https://naturalconexion.com/checkout/?mc_cart_id=1b2c7275352f7ed1b916aa4513715f62
2022-02-21T22:39:28+00:00 NOTICE cart.member.updated :: Updated magdatru@gmail.com subscriber status to subscribed and language to es
2022-02-21T22:40:48+00:00 NOTICE action_scheduler.queue_job :: MailChimp_WooCommerce_Single_Order starts in 90 seconds :: obj_id 18901
2022-02-21T22:42:45+00:00 NOTICE order_sumbit :: #18901 has a financial status of pending and was skipped.
2022-02-21T22:42:56+00:00 NOTICE action_scheduler.queue_job :: MailChimp_WooCommerce_Single_Order starts in 90 seconds :: obj_id 18901
2022-02-21T22:42:59+00:00 NOTICE debug :: Order ID 18901 was pending and is now processing :: Array
(
    [new_order] => 1
    [tracking] => Array
        (
            [campaign_id] => 
            [landing_site] => https://naturalconexion.com/wp-admin/admin-ajax.php
        )

)

2022-02-21T22:45:04+00:00 NOTICE order.member.updated :: Updated magdatru@gmail.com subscriber status to subscribed and language to 
2022-02-21T22:45:04+00:00 NOTICE order_submit.success :: addStoreOrder :: #18901 :: email: magdatru@gmail.com :: landing site https://naturalconexion.com/wp-admin/admin-ajax.php :: abandoned cart deleted [1b2c7275352f7ed1b916aa4513715f62]
2022-02-21T23:23:37+00:00 NOTICE action_scheduler.queue_job :: MailChimp_WooCommerce_Cart_Update queued :: obj_id 0f7882f4092d7973d58d2a1b3f7d80c9
2022-02-21T23:25:58+00:00 NOTICE abandoned_cart.success :: email: ammangel86@gmail.com :: checkout_url: https://naturalconexion.com/checkout/?mc_cart_id=0f7882f4092d7973d58d2a1b3f7d80c9
2022-02-21T23:25:59+00:00 NOTICE cart.member.updated :: Updated ammangel86@gmail.com subscriber status to subscribed and language to es
2022-02-21T23:36:54+00:00 NOTICE action_scheduler.queue_job :: MailChimp_WooCommerce_Single_Order starts in 90 seconds :: obj_id 18899
2022-02-21T23:36:54+00:00 NOTICE debug :: Order ID 18899 was pending and is now cancelled :: Array
(
    [new_order] => 
    [tracking] => 
)

2022-02-21T23:39:55+00:00 NOTICE order_sumbit :: #18899 has a financial status of cancelled and was skipped.
