2023-04-26T02:40:44+00:00 NOTICE action_scheduler.queue_job :: MailChimp_WooCommerce_Single_Order starts in 90 seconds :: obj_id 24120
2023-04-26T02:43:36+00:00 NOTICE order_submit :: #24120 has a financial status of pending and was skipped.
2023-04-26T03:02:39+00:00 NOTICE action_scheduler.queue_job :: MailChimp_WooCommerce_Single_Order starts in 90 seconds :: obj_id 24120
2023-04-26T03:02:41+00:00 NOTICE debug :: Order ID 24120 was pending and is now failed :: Array
(
    [new_order] => 
    [tracking] => 
)

2023-04-26T03:17:07+00:00 NOTICE action_scheduler.queue_job :: MailChimp_WooCommerce_Cart_Update queued :: obj_id 10f8004ea30eb33af287ecad02636cde
2023-04-26T03:17:10+00:00 NOTICE abandoned_cart.success :: email: carolinajenn27@gmail.com :: checkout_url: https://naturalconexion.com/checkout/?mc_cart_id=10f8004ea30eb33af287ecad02636cde
2023-04-26T03:17:10+00:00 NOTICE cart.member.updated :: Updated carolinajenn27@gmail.com subscriber status to transactional and language to es
2023-04-26T03:19:48+00:00 NOTICE action_scheduler.queue_job :: MailChimp_WooCommerce_Single_Order starts in 90 seconds :: obj_id 24121
2023-04-26T03:21:11+00:00 NOTICE debug :: Order ID 24121 was pending and is now processing :: Array
(
    [new_order] => 1
    [tracking] => Array
        (
            [campaign_id] => 
            [landing_site] => https://naturalconexion.com/?wc-api=wc_addi_gateway
        )

)

2023-04-26T03:23:03+00:00 NOTICE order.member.updated :: Updated carolinajenn27@gmail.com subscriber status to subscribed and language to es
2023-04-26T03:23:03+00:00 NOTICE order_submit.success :: addStoreOrder :: #24121 :: email: carolinajenn27@gmail.com :: landing site https://naturalconexion.com/ :: abandoned cart deleted [10f8004ea30eb33af287ecad02636cde]
2023-04-26T14:07:52+00:00 NOTICE action_scheduler.queue_job :: MailChimp_WooCommerce_Single_Order starts in 90 seconds :: obj_id 24097
2023-04-26T14:07:56+00:00 NOTICE debug :: Order ID 24097 was processing and is now completed :: Array
(
    [new_order] => 
    [tracking] => 
)

2023-04-26T14:07:56+00:00 NOTICE action_scheduler.queue_job :: MailChimp_WooCommerce_Single_Order starts in 90 seconds :: obj_id 24098
2023-04-26T14:08:00+00:00 NOTICE debug :: Order ID 24098 was processing and is now completed :: Array
(
    [new_order] => 
    [tracking] => 
)

2023-04-26T14:08:00+00:00 NOTICE action_scheduler.queue_job :: MailChimp_WooCommerce_Single_Order starts in 90 seconds :: obj_id 24099
2023-04-26T14:08:03+00:00 NOTICE debug :: Order ID 24099 was processing and is now completed :: Array
(
    [new_order] => 
    [tracking] => 
)

2023-04-26T14:08:04+00:00 NOTICE action_scheduler.queue_job :: MailChimp_WooCommerce_Single_Order starts in 90 seconds :: obj_id 24118
2023-04-26T14:08:07+00:00 NOTICE debug :: Order ID 24118 was processing and is now completed :: Array
(
    [new_order] => 
    [tracking] => 
)

2023-04-26T14:08:07+00:00 NOTICE action_scheduler.queue_job :: MailChimp_WooCommerce_Single_Order starts in 90 seconds :: obj_id 24119
2023-04-26T14:08:12+00:00 NOTICE debug :: Order ID 24119 was processing and is now completed :: Array
(
    [new_order] => 
    [tracking] => 
)

2023-04-26T14:09:33+00:00 NOTICE order.member.updated :: Updated shadowjuanes@gmail.com subscriber status to subscribed and language to 
2023-04-26T14:09:33+00:00 NOTICE order_submit.success :: updateStoreOrder :: #24097 :: email: shadowjuanes@gmail.com
2023-04-26T14:09:35+00:00 NOTICE order.member.updated :: Updated mariaru096@gmail.com subscriber status to subscribed and language to 
2023-04-26T14:09:35+00:00 NOTICE order_submit.success :: updateStoreOrder :: #24098 :: email: mariaru096@gmail.com
2023-04-26T14:09:37+00:00 NOTICE order.member.updated :: Updated dianitapatino@gmail.com subscriber status to subscribed and language to 
2023-04-26T14:09:37+00:00 NOTICE order_submit.success :: updateStoreOrder :: #24099 :: email: dianitapatino@gmail.com
2023-04-26T14:09:39+00:00 NOTICE order.member.updated :: Updated dahiana17cruz@gmail.com subscriber status to transactional and language to 
2023-04-26T14:09:39+00:00 NOTICE order_submit.success :: updateStoreOrder :: #24118 :: email: dahiana17cruz@gmail.com
2023-04-26T14:09:41+00:00 NOTICE order.member.updated :: Updated Amelie.Deiters@gmail.com subscriber status to subscribed and language to 
2023-04-26T14:09:41+00:00 NOTICE order_submit.success :: updateStoreOrder :: #24119 :: email: Amelie.Deiters@gmail.com
2023-04-26T14:37:10+00:00 NOTICE action_scheduler.queue_job :: MailChimp_WooCommerce_Single_Product starts in 5 seconds :: obj_id 24122
2023-04-26T14:37:16+00:00 NOTICE product_submit.success :: addStoreProduct :: #24122
2023-04-26T14:40:20+00:00 NOTICE action_scheduler.queue_job :: MailChimp_WooCommerce_Single_Product starts in 5 seconds :: obj_id 24122
2023-04-26T14:42:08+00:00 NOTICE product_submit.success :: updateStoreProduct :: #24122
2023-04-26T16:55:55+00:00 NOTICE action_scheduler.queue_job :: MailChimp_WooCommerce_Cart_Update queued :: obj_id a8518a21cca202bdc1f10910ffc47664
2023-04-26T16:56:03+00:00 NOTICE abandoned_cart.success :: email: mariacatalina1902@gmail.com :: checkout_url: https://naturalconexion.com/checkout/?mc_cart_id=a8518a21cca202bdc1f10910ffc47664
2023-04-26T16:56:03+00:00 NOTICE cart.member.updated :: Updated mariacatalina1902@gmail.com subscriber status to subscribed and language to es
2023-04-26T17:57:40+00:00 NOTICE action_scheduler.queue_job :: MailChimp_WooCommerce_Cart_Update queued :: obj_id 753edf28b9792c9972bcafa6e1feb26e
2023-04-26T17:57:42+00:00 NOTICE abandoned_cart.success :: email: marinellalcruz@gmail.com :: checkout_url: https://naturalconexion.com/checkout/?mc_cart_id=753edf28b9792c9972bcafa6e1feb26e
2023-04-26T17:57:43+00:00 NOTICE cart.member.updated :: Updated marinellalcruz@gmail.com subscriber status to subscribed and language to es
2023-04-26T17:58:44+00:00 NOTICE action_scheduler.queue_job :: MailChimp_WooCommerce_Single_Order starts in 90 seconds :: obj_id 24123
2023-04-26T17:58:44+00:00 NOTICE action_scheduler.queue_job :: MailChimp_WooCommerce_Cart_Update queued :: obj_id 753edf28b9792c9972bcafa6e1feb26e
2023-04-26T17:59:04+00:00 NOTICE abandoned_cart.success :: email: marinellalcruz@gmail.com :: checkout_url: https://naturalconexion.com/checkout/?mc_cart_id=753edf28b9792c9972bcafa6e1feb26e
2023-04-26T17:59:16+00:00 NOTICE action_scheduler.queue_job :: MailChimp_WooCommerce_Cart_Update queued :: obj_id 753edf28b9792c9972bcafa6e1feb26e
2023-04-26T17:59:37+00:00 NOTICE abandoned_cart.success :: email: marinellalcruz@gmail.com :: checkout_url: https://naturalconexion.com/checkout/?mc_cart_id=753edf28b9792c9972bcafa6e1feb26e
2023-04-26T18:00:10+00:00 NOTICE action_scheduler.queue_job :: MailChimp_WooCommerce_Single_Order starts in 90 seconds :: obj_id 24124
2023-04-26T18:01:55+00:00 NOTICE order_submit :: #24123 has a financial status of pending and was skipped.
2023-04-26T18:01:56+00:00 NOTICE order_submit :: #24124 has a financial status of pending and was skipped.
2023-04-26T18:05:17+00:00 NOTICE action_scheduler.queue_job :: MailChimp_WooCommerce_Cart_Update queued :: obj_id a8a6407910cdf165eca11a0a9126a653
2023-04-26T18:05:59+00:00 NOTICE action_scheduler.queue_job :: MailChimp_WooCommerce_User_Submit queued :: obj_id 2468
2023-04-26T18:06:00+00:00 NOTICE action_scheduler.queue_job :: MailChimp_WooCommerce_Single_Order starts in 90 seconds :: obj_id 24125
2023-04-26T18:06:11+00:00 NOTICE abandoned_cart.success :: email: kabeltranr@gmail.com :: checkout_url: https://naturalconexion.com/checkout/?mc_cart_id=a8a6407910cdf165eca11a0a9126a653
2023-04-26T18:06:11+00:00 NOTICE cart.member.updated :: Updated kabeltranr@gmail.com subscriber status to transactional and language to es
2023-04-26T18:06:12+00:00 NOTICE member.sync :: Updated Member kabeltranr@gmail.com :: Array
(
    [previous_status] => transactional
    [status] => 
    [language] => 
    [merge_fields] => Array
        (
            [FNAME] => Kelly
            [LNAME] => Beltran
        )

    [gdpr_fields] => 
)

2023-04-26T18:07:33+00:00 NOTICE order_submit :: #24125 has a financial status of pending and was skipped.
2023-04-26T18:09:34+00:00 NOTICE action_scheduler.queue_job :: MailChimp_WooCommerce_Single_Order starts in 90 seconds :: obj_id 24124
2023-04-26T18:09:37+00:00 NOTICE debug :: Order ID 24124 was pending and is now processing :: Array
(
    [new_order] => 1
    [tracking] => Array
        (
            [campaign_id] => 
            [landing_site] => https://naturalconexion.com/wp-content/plugins/woocommerce-payu-latam/confirmation.php
        )

)

2023-04-26T18:11:38+00:00 NOTICE order.member.updated :: Updated marinellalcruz@gmail.com subscriber status to subscribed and language to 
2023-04-26T18:11:38+00:00 NOTICE order_submit.success :: addStoreOrder :: #24124 :: email: marinellalcruz@gmail.com :: landing site https://naturalconexion.com/wp-content/plugins/woocommerce-payu-latam/confirmation.php :: abandoned cart deleted [753edf28b9792c9972bcafa6e1feb26e]
2023-04-26T19:20:14+00:00 NOTICE action_scheduler.queue_job :: MailChimp_WooCommerce_Cart_Update queued :: obj_id a8a6407910cdf165eca11a0a9126a653
2023-04-26T19:20:25+00:00 NOTICE abandoned_cart.success :: email: kabeltranr@gmail.com :: checkout_url: https://naturalconexion.com/checkout/?mc_cart_id=a8a6407910cdf165eca11a0a9126a653
2023-04-26T19:20:25+00:00 NOTICE cart.member.updated :: Updated kabeltranr@gmail.com subscriber status to transactional and language to es
2023-04-26T19:20:29+00:00 NOTICE action_scheduler.queue_job :: MailChimp_WooCommerce_Cart_Update queued :: obj_id a8a6407910cdf165eca11a0a9126a653
2023-04-26T19:21:04+00:00 NOTICE abandoned_cart.success :: email: kabeltranr@gmail.com :: checkout_url: https://naturalconexion.com/checkout/?mc_cart_id=a8a6407910cdf165eca11a0a9126a653
2023-04-26T19:21:14+00:00 NOTICE action_scheduler.queue_job :: MailChimp_WooCommerce_Cart_Update queued :: obj_id a8a6407910cdf165eca11a0a9126a653
2023-04-26T19:21:25+00:00 NOTICE abandoned_cart.success :: email: kabeltranr@gmail.com :: checkout_url: https://naturalconexion.com/checkout/?mc_cart_id=a8a6407910cdf165eca11a0a9126a653
2023-04-26T19:21:59+00:00 NOTICE action_scheduler.queue_job :: MailChimp_WooCommerce_Cart_Update queued :: obj_id a8a6407910cdf165eca11a0a9126a653
2023-04-26T19:22:04+00:00 NOTICE abandoned_cart.success :: email: kabeltranr@gmail.com :: checkout_url: https://naturalconexion.com/checkout/?mc_cart_id=a8a6407910cdf165eca11a0a9126a653
2023-04-26T19:29:58+00:00 NOTICE action_scheduler.queue_job :: MailChimp_WooCommerce_Cart_Update queued :: obj_id a8a6407910cdf165eca11a0a9126a653
2023-04-26T19:30:17+00:00 NOTICE abandoned_cart.success :: email: kabeltranr@gmail.com :: checkout_url: https://naturalconexion.com/checkout/?mc_cart_id=a8a6407910cdf165eca11a0a9126a653
2023-04-26T19:31:32+00:00 NOTICE action_scheduler.queue_job :: MailChimp_WooCommerce_Cart_Update queued :: obj_id a8a6407910cdf165eca11a0a9126a653
2023-04-26T19:31:33+00:00 NOTICE abandoned_cart.success :: email: kabeltranr@gmail.com :: checkout_url: https://naturalconexion.com/checkout/?mc_cart_id=a8a6407910cdf165eca11a0a9126a653
2023-04-26T19:31:56+00:00 NOTICE action_scheduler.queue_job :: MailChimp_WooCommerce_User_Submit queued :: obj_id 2468
2023-04-26T19:31:56+00:00 NOTICE action_scheduler.queue_job :: MailChimp_WooCommerce_Single_Order starts in 90 seconds :: obj_id 24126
2023-04-26T19:31:59+00:00 NOTICE member.sync :: Updated Member kabeltranr@gmail.com :: Array
(
    [previous_status] => transactional
    [status] => 
    [language] => 
    [merge_fields] => Array
        (
            [FNAME] => Kelly
            [LNAME] => Beltran
        )

    [gdpr_fields] => 
)

2023-04-26T19:33:34+00:00 NOTICE order_submit :: #24126 has a financial status of pending and was skipped.
2023-04-26T19:41:34+00:00 NOTICE action_scheduler.queue_job :: MailChimp_WooCommerce_Single_Order starts in 90 seconds :: obj_id 24123
2023-04-26T19:41:34+00:00 NOTICE debug :: Order ID 24123 was pending and is now cancelled :: Array
(
    [new_order] => 
    [tracking] => 
)

2023-04-26T19:41:35+00:00 NOTICE action_scheduler.queue_job :: MailChimp_WooCommerce_Single_Order starts in 90 seconds :: obj_id 24125
2023-04-26T19:41:35+00:00 NOTICE debug :: Order ID 24125 was pending and is now cancelled :: Array
(
    [new_order] => 
    [tracking] => 
)

2023-04-26T19:44:32+00:00 NOTICE order_submit :: #24123 has a financial status of cancelled and was skipped.
2023-04-26T19:44:33+00:00 NOTICE order_submit :: #24125 has a financial status of cancelled and was skipped.
2023-04-26T20:01:05+00:00 NOTICE action_scheduler.queue_job :: MailChimp_WooCommerce_Single_Order starts in 90 seconds :: obj_id 24126
2023-04-26T20:01:09+00:00 NOTICE debug :: Order ID 24126 was pending and is now processing :: Array
(
    [new_order] => 1
    [tracking] => Array
        (
            [campaign_id] => 
            [landing_site] => https://naturalconexion.com/wp-content/plugins/woocommerce-payu-latam/confirmation.php
        )

)

2023-04-26T20:01:10+00:00 NOTICE action_scheduler.queue_job :: MailChimp_WooCommerce_User_Submit queued :: obj_id 2468
2023-04-26T20:02:08+00:00 NOTICE member.sync :: Updated Member kabeltranr@gmail.com :: Array
(
    [previous_status] => transactional
    [status] => 
    [language] => 
    [merge_fields] => Array
        (
            [FNAME] => Kelly
            [LNAME] => Beltran
        )

    [gdpr_fields] => 
)

2023-04-26T20:02:57+00:00 NOTICE order.member.updated :: Updated kabeltranr@gmail.com subscriber status to transactional and language to 
2023-04-26T20:02:57+00:00 NOTICE order_submit.success :: addStoreOrder :: #24126 :: email: kabeltranr@gmail.com :: landing site https://naturalconexion.com/wp-content/plugins/woocommerce-payu-latam/confirmation.php
2023-04-26T20:22:46+00:00 NOTICE action_scheduler.queue_job :: MailChimp_WooCommerce_Single_Order starts in 90 seconds :: obj_id 24127
2023-04-26T20:22:46+00:00 NOTICE action_scheduler.queue_job :: MailChimp_WooCommerce_Cart_Update queued :: obj_id 11939670aba9dd1db435390916bc4ad4
2023-04-26T20:23:45+00:00 NOTICE abandoned_cart.success :: email: yiyebuitrago@gmail.com :: checkout_url: https://naturalconexion.com/checkout/?mc_cart_id=11939670aba9dd1db435390916bc4ad4
2023-04-26T20:23:46+00:00 NOTICE cart.member.updated :: Updated yiyebuitrago@gmail.com subscriber status to subscribed and language to es
2023-04-26T20:24:31+00:00 NOTICE order_submit :: #24127 has a financial status of pending and was skipped.
2023-04-26T20:24:57+00:00 NOTICE action_scheduler.queue_job :: MailChimp_WooCommerce_Single_Order starts in 90 seconds :: obj_id 24127
2023-04-26T20:25:01+00:00 NOTICE debug :: Order ID 24127 was pending and is now processing :: Array
(
    [new_order] => 1
    [tracking] => Array
        (
            [campaign_id] => 
            [landing_site] => https://naturalconexion.com/wp-content/plugins/woocommerce-payu-latam/confirmation.php
        )

)

2023-04-26T20:27:29+00:00 NOTICE order.member.updated :: Updated Yiyebuitrago@gmail.Com subscriber status to subscribed and language to 
2023-04-26T20:27:29+00:00 NOTICE order_submit.success :: addStoreOrder :: #24127 :: email: Yiyebuitrago@gmail.Com :: landing site https://naturalconexion.com/wp-content/plugins/woocommerce-payu-latam/confirmation.php :: abandoned cart deleted [11939670aba9dd1db435390916bc4ad4]
