2023-04-23T01:06:13+00:00 NOTICE action_scheduler.queue_job :: MailChimp_WooCommerce_Cart_Update queued :: obj_id afac24701368fa9a5fc2d1c00b29200f
2023-04-23T01:06:37+00:00 NOTICE action_scheduler.queue_job :: MailChimp_WooCommerce_User_Submit queued :: obj_id 2465
2023-04-23T01:06:38+00:00 NOTICE action_scheduler.queue_job :: MailChimp_WooCommerce_Single_Order starts in 90 seconds :: obj_id 24087
2023-04-23T01:06:38+00:00 NOTICE abandoned_cart.success :: email: ajcuestan@gmail.com :: checkout_url: https://naturalconexion.com/checkout/?mc_cart_id=afac24701368fa9a5fc2d1c00b29200f
2023-04-23T01:06:38+00:00 NOTICE cart.member.updated :: Updated ajcuestan@gmail.com subscriber status to transactional and language to es
2023-04-23T01:06:39+00:00 NOTICE member.sync :: Updated Member ajcuestan@gmail.com :: Array
(
    [previous_status] => transactional
    [status] => 
    [language] => 
    [merge_fields] => Array
        (
            [FNAME] => Antonio
            [LNAME] => Cuesta Nova
        )

    [gdpr_fields] => 
)

2023-04-23T01:07:28+00:00 NOTICE debug :: Order ID 24087 was pending and is now processing :: Array
(
    [new_order] => 1
    [tracking] => Array
        (
            [campaign_id] => 
            [landing_site] => https://naturalconexion.com/wp-content/plugins/woocommerce-payu-latam/confirmation.php
        )

)

2023-04-23T01:07:28+00:00 NOTICE action_scheduler.queue_job :: MailChimp_WooCommerce_User_Submit queued :: obj_id 2465
2023-04-23T01:07:32+00:00 NOTICE member.sync :: Updated Member ajcuestan@gmail.com :: Array
(
    [previous_status] => transactional
    [status] => 
    [language] => 
    [merge_fields] => Array
        (
            [FNAME] => Antonio
            [LNAME] => Cuesta Nova
        )

    [gdpr_fields] => 
)

2023-04-23T01:12:14+00:00 NOTICE order.member.updated :: Updated ajcuestan@gmail.com subscriber status to transactional and language to es
2023-04-23T01:12:14+00:00 NOTICE order_submit.success :: addStoreOrder :: #24087 :: email: ajcuestan@gmail.com :: landing site https://naturalconexion.com/product/protector-solar-con-extractos-botanicos-spf-50-todo-tipo-de-piel-80-ml/?gclid=Cj0KCQjwi46iBhDyARIsAE3nVrYS6Pj26qfLc-6fOU54quQqJC5yETmeDRxM4JewPFQkcTyXptDNkiYaAhhrEALw_wcB :: abandoned cart deleted [afac24701368fa9a5fc2d1c00b29200f]
2023-04-23T20:28:18+00:00 NOTICE action_scheduler.queue_job :: MailChimp_WooCommerce_Cart_Update queued :: obj_id 29f161929551a23a5cda157912d16f94
2023-04-23T20:29:21+00:00 NOTICE abandoned_cart.success :: email: melanny31012007@gmail.com :: checkout_url: https://naturalconexion.com/checkout/?mc_cart_id=29f161929551a23a5cda157912d16f94
2023-04-23T20:29:21+00:00 NOTICE cart.member.updated :: Updated melanny31012007@gmail.com subscriber status to transactional and language to es
2023-04-23T23:09:56+00:00 NOTICE action_scheduler.queue_job :: MailChimp_WooCommerce_Cart_Update queued :: obj_id e50f5bc7d12440856c429c804b597f01
2023-04-23T23:10:19+00:00 NOTICE abandoned_cart.success :: email: caromon20@yahoo.es :: checkout_url: https://naturalconexion.com/checkout/?mc_cart_id=e50f5bc7d12440856c429c804b597f01
2023-04-23T23:10:19+00:00 NOTICE cart.member.updated :: Updated caromon20@yahoo.es subscriber status to transactional and language to es
2023-04-23T23:10:37+00:00 NOTICE action_scheduler.queue_job :: MailChimp_WooCommerce_Single_Order starts in 90 seconds :: obj_id 24088
2023-04-23T23:12:20+00:00 NOTICE order_submit :: #24088 has a financial status of pending and was skipped.
