2022-04-30T01:01:26+00:00 NOTICE action_scheduler.queue_job :: MailChimp_WooCommerce_SingleCoupon queued :: obj_id 19956
2022-04-30T01:02:05+00:00 NOTICE promo_code_submit.success :: #19956 :: code: 182d5sud
2022-04-30T01:02:06+00:00 NOTICE action_scheduler.queue_job :: MailChimp_WooCommerce_Cart_Update queued :: obj_id 98e4762e27d15fd47b62c21330e05603
2022-04-30T01:02:12+00:00 NOTICE abandoned_cart.success :: email: vivi.idarraga@gmail.com :: checkout_url: https://naturalconexion.com/checkout/?mc_cart_id=98e4762e27d15fd47b62c21330e05603
2022-04-30T01:02:13+00:00 NOTICE cart.member.updated :: Updated vivi.idarraga@gmail.com subscriber status to subscribed and language to es
2022-04-30T01:03:48+00:00 NOTICE action_scheduler.queue_job :: MailChimp_WooCommerce_User_Submit queued :: obj_id 2089
2022-04-30T01:03:48+00:00 NOTICE action_scheduler.queue_job :: MailChimp_WooCommerce_Single_Order starts in 90 seconds :: obj_id 19957
2022-04-30T01:04:17+00:00 NOTICE member.sync :: Updated Member vivi.idarraga@gmail.com ( merge fields only ) :: Array
(
    [merge_fields] => Array
        (
            [FNAME] => Gloria
            [LNAME] => Idarraga
        )

)

2022-04-30T01:05:51+00:00 NOTICE debug :: Order ID 19957 was pending and is now processing :: Array
(
    [new_order] => 1
    [tracking] => Array
        (
            [campaign_id] => 
            [landing_site] => https://naturalconexion.com/wp-admin/admin-ajax.php
        )

)

2022-04-30T01:07:40+00:00 NOTICE order.member.updated :: Updated vivi.idarraga@gmail.com subscriber status to subscribed and language to es
2022-04-30T01:07:40+00:00 NOTICE order_submit.success :: addStoreOrder :: #19957 :: email: vivi.idarraga@gmail.com :: landing site https://naturalconexion.com/wp-admin/admin-ajax.php :: abandoned cart deleted [98e4762e27d15fd47b62c21330e05603]
2022-04-30T01:46:31+00:00 NOTICE action_scheduler.queue_job :: MailChimp_WooCommerce_Cart_Update queued :: obj_id a79cda6e1092208c6ceadabc22bedee7
2022-04-30T01:46:34+00:00 NOTICE abandoned_cart.success :: email: mar.gh@hotmail.com :: checkout_url: https://naturalconexion.com/checkout/?mc_cart_id=a79cda6e1092208c6ceadabc22bedee7
2022-04-30T01:46:34+00:00 NOTICE cart.member.updated :: Updated mar.gh@hotmail.com subscriber status to transactional and language to es
2022-04-30T01:46:56+00:00 NOTICE action_scheduler.queue_job :: MailChimp_WooCommerce_Single_Order starts in 90 seconds :: obj_id 19958
2022-04-30T01:47:46+00:00 NOTICE action_scheduler.queue_job :: MailChimp_WooCommerce_Cart_Update queued :: obj_id a79cda6e1092208c6ceadabc22bedee7
2022-04-30T01:48:14+00:00 NOTICE abandoned_cart.success :: email: mar.gh@hotmail.com :: checkout_url: https://naturalconexion.com/checkout/?mc_cart_id=a79cda6e1092208c6ceadabc22bedee7
2022-04-30T01:48:45+00:00 NOTICE action_scheduler.queue_job :: MailChimp_WooCommerce_Single_Order starts in 90 seconds :: obj_id 19959
2022-04-30T01:48:48+00:00 NOTICE order_sumbit :: #19958 has a financial status of pending and was skipped.
2022-04-30T01:50:18+00:00 NOTICE order_sumbit :: #19959 has a financial status of pending and was skipped.
2022-04-30T01:51:03+00:00 NOTICE action_scheduler.queue_job :: MailChimp_WooCommerce_Single_Order starts in 90 seconds :: obj_id 19959
2022-04-30T01:51:05+00:00 NOTICE debug :: Order ID 19959 was pending and is now processing :: Array
(
    [new_order] => 1
    [tracking] => Array
        (
            [campaign_id] => 
            [landing_site] => https://naturalconexion.com/wp-admin/admin-ajax.php
        )

)

2022-04-30T01:52:39+00:00 NOTICE order.member.updated :: Updated mar.gh@hotmail.com subscriber status to subscribed and language to 
2022-04-30T01:52:39+00:00 NOTICE order_submit.success :: addStoreOrder :: #19959 :: email: mar.gh@hotmail.com :: landing site https://naturalconexion.com/wp-admin/admin-ajax.php :: abandoned cart deleted [a79cda6e1092208c6ceadabc22bedee7]
2022-04-30T03:07:15+00:00 NOTICE action_scheduler.queue_job :: MailChimp_WooCommerce_Single_Order starts in 90 seconds :: obj_id 19958
2022-04-30T03:07:15+00:00 NOTICE debug :: Order ID 19958 was pending and is now cancelled :: Array
(
    [new_order] => 
    [tracking] => 
)

2022-04-30T03:09:16+00:00 NOTICE order_sumbit :: #19958 has a financial status of cancelled and was skipped.
2022-04-30T05:31:06+00:00 NOTICE action_scheduler.queue_job :: MailChimp_WooCommerce_Single_Order starts in 90 seconds :: obj_id 19853
2022-04-30T05:31:06+00:00 NOTICE debug :: Order ID 19853 was cancelled and is now failed :: Array
(
    [new_order] => 
    [tracking] => 
)

2022-04-30T05:33:25+00:00 NOTICE system.debug :: order 19853 is in failed status, and is being skipped for now.
2022-04-30T06:32:46+00:00 NOTICE action_scheduler.queue_job :: MailChimp_WooCommerce_SingleCoupon queued :: obj_id 19960
2022-04-30T06:33:46+00:00 NOTICE promo_code_submit.success :: #19960 :: code: rhqdkvxe
2022-04-30T13:37:10+00:00 NOTICE action_scheduler.queue_job :: MailChimp_WooCommerce_Cart_Update queued :: obj_id c4471cbddb298e3fc654ad3257ee0b57
2022-04-30T13:37:15+00:00 NOTICE abandoned_cart.success :: email: velflo.mary2001@gmail.com :: checkout_url: https://naturalconexion.com/checkout/?mc_cart_id=c4471cbddb298e3fc654ad3257ee0b57
2022-04-30T13:37:15+00:00 NOTICE cart.member.updated :: Updated velflo.mary2001@gmail.com subscriber status to subscribed and language to es
2022-04-30T13:38:22+00:00 NOTICE action_scheduler.queue_job :: MailChimp_WooCommerce_Single_Order starts in 90 seconds :: obj_id 19961
2022-04-30T13:39:56+00:00 NOTICE order_sumbit :: #19961 has a financial status of pending and was skipped.
2022-04-30T15:08:22+00:00 NOTICE action_scheduler.queue_job :: MailChimp_WooCommerce_Cart_Update queued :: obj_id 0d8c524c4dc42aa6c5d11bff9c201c32
2022-04-30T15:08:23+00:00 NOTICE abandoned_cart.success :: email: jeniferanillo@gmail.com :: checkout_url: https://naturalconexion.com/checkout/?mc_cart_id=0d8c524c4dc42aa6c5d11bff9c201c32
2022-04-30T15:08:24+00:00 NOTICE cart.member.updated :: Updated jeniferanillo@gmail.com subscriber status to subscribed and language to es
2022-04-30T15:08:38+00:00 NOTICE action_scheduler.queue_job :: MailChimp_WooCommerce_Single_Order starts in 90 seconds :: obj_id 19962
2022-04-30T15:10:28+00:00 NOTICE order_sumbit :: #19962 has a financial status of pending and was skipped.
2022-04-30T15:16:00+00:00 NOTICE action_scheduler.queue_job :: MailChimp_WooCommerce_Single_Order starts in 90 seconds :: obj_id 19961
2022-04-30T15:16:02+00:00 NOTICE debug :: Order ID 19961 was pending and is now processing :: Array
(
    [new_order] => 1
    [tracking] => Array
        (
            [campaign_id] => 
            [landing_site] => https://naturalconexion.com/wp-admin/admin-ajax.php
        )

)

2022-04-30T15:18:28+00:00 NOTICE order.member.updated :: Updated velflo.mary2001@gmail.com subscriber status to subscribed and language to 
2022-04-30T15:18:28+00:00 NOTICE order_submit.success :: addStoreOrder :: #19961 :: email: velflo.mary2001@gmail.com :: landing site https://naturalconexion.com/wp-admin/admin-ajax.php :: abandoned cart deleted [c4471cbddb298e3fc654ad3257ee0b57]
2022-04-30T15:26:33+00:00 NOTICE action_scheduler.queue_job :: MailChimp_WooCommerce_Cart_Update queued :: obj_id e4c9492ad10c9b99601e075f951ed743
2022-04-30T15:27:19+00:00 NOTICE abandoned_cart.success :: email: yuliethmarcela1998@gmail.com :: checkout_url: https://naturalconexion.com/checkout/?mc_cart_id=e4c9492ad10c9b99601e075f951ed743
2022-04-30T15:27:19+00:00 NOTICE cart.member.updated :: Updated yuliethmarcela1998@gmail.com subscriber status to transactional and language to es
2022-04-30T16:21:48+00:00 NOTICE action_scheduler.queue_job :: MailChimp_WooCommerce_Single_Order starts in 90 seconds :: obj_id 19962
2022-04-30T16:21:49+00:00 NOTICE debug :: Order ID 19962 was pending and is now cancelled :: Array
(
    [new_order] => 
    [tracking] => 
)

2022-04-30T16:24:13+00:00 NOTICE order_sumbit :: #19962 has a financial status of cancelled and was skipped.
2022-04-30T17:12:30+00:00 NOTICE action_scheduler.queue_job :: MailChimp_WooCommerce_Single_Order starts in 90 seconds :: obj_id 19962
2022-04-30T17:12:32+00:00 NOTICE debug :: Order ID 19962 was cancelled and is now processing :: Array
(
    [new_order] => 
    [tracking] => 
)

2022-04-30T17:14:21+00:00 NOTICE order.member.updated :: Updated jeniferanillo@gmail.com subscriber status to subscribed and language to 
2022-04-30T17:14:21+00:00 NOTICE order_submit.success :: addStoreOrder :: #19962 :: email: jeniferanillo@gmail.com :: landing site https://naturalconexion.com/wp-admin/admin-ajax.php
2022-04-30T18:27:35+00:00 NOTICE action_scheduler.queue_job :: MailChimp_WooCommerce_Single_Order starts in 90 seconds :: obj_id 19963
2022-04-30T18:29:01+00:00 NOTICE debug :: Order ID 19963 was pending and is now processing :: Array
(
    [new_order] => 1
    [tracking] => Array
        (
            [campaign_id] => 
            [landing_site] => https://naturalconexion.com/wp-admin/admin-ajax.php
        )

)

2022-04-30T18:31:17+00:00 NOTICE order.member.updated :: Updated sandrita_barrera_5@hotmail.com subscriber status to subscribed and language to es
2022-04-30T18:31:17+00:00 NOTICE order_submit.success :: addStoreOrder :: #19963 :: email: sandrita_barrera_5@hotmail.com :: landing site https://naturalconexion.com/wp-admin/admin-ajax.php
2022-04-30T19:56:56+00:00 NOTICE action_scheduler.queue_job :: MailChimp_WooCommerce_Cart_Update queued :: obj_id 75f777eb5d877f16d5e6d973b56c8b07
2022-04-30T19:57:14+00:00 NOTICE abandoned_cart.success :: email: yanyco2624@yahoo.es :: checkout_url: https://naturalconexion.com/checkout/?mc_cart_id=75f777eb5d877f16d5e6d973b56c8b07
2022-04-30T19:57:14+00:00 NOTICE cart.member.updated :: Updated yanyco2624@yahoo.es subscriber status to subscribed and language to es
2022-04-30T19:58:38+00:00 NOTICE action_scheduler.queue_job :: MailChimp_WooCommerce_User_Submit queued :: obj_id 2178
2022-04-30T19:58:39+00:00 NOTICE action_scheduler.queue_job :: MailChimp_WooCommerce_Single_Order starts in 90 seconds :: obj_id 19964
2022-04-30T19:59:09+00:00 NOTICE member.sync :: Updated Member yanyco2624@yahoo.es ( merge fields only ) :: Array
(
    [merge_fields] => Array
        (
            [FNAME] => Janneth
            [LNAME] => Rojas
        )

)

2022-04-30T20:00:30+00:00 NOTICE order_sumbit :: #19964 has a financial status of pending and was skipped.
2022-04-30T20:02:51+00:00 NOTICE action_scheduler.queue_job :: MailChimp_WooCommerce_Cart_Update queued :: obj_id e8166b0e3740160bf3bf55699fa22f3a
2022-04-30T20:03:03+00:00 NOTICE abandoned_cart.success :: email: gimnasiojenny@gmail.com :: checkout_url: https://naturalconexion.com/checkout/?mc_cart_id=e8166b0e3740160bf3bf55699fa22f3a
2022-04-30T20:03:03+00:00 NOTICE cart.member.updated :: Updated gimnasiojenny@gmail.com subscriber status to subscribed and language to es
2022-04-30T20:06:10+00:00 NOTICE action_scheduler.queue_job :: MailChimp_WooCommerce_Single_Order starts in 90 seconds :: obj_id 19965
2022-04-30T20:08:33+00:00 NOTICE order_sumbit :: #19965 has a financial status of pending and was skipped.
2022-04-30T20:10:03+00:00 NOTICE action_scheduler.queue_job :: MailChimp_WooCommerce_Single_Order starts in 90 seconds :: obj_id 19965
2022-04-30T20:10:06+00:00 NOTICE debug :: Order ID 19965 was pending and is now processing :: Array
(
    [new_order] => 1
    [tracking] => Array
        (
            [campaign_id] => 
            [landing_site] => https://naturalconexion.com/wp-admin/admin-ajax.php
        )

)

2022-04-30T20:12:00+00:00 NOTICE order.member.updated :: Updated Gimnasiojenny@gmail.com subscriber status to subscribed and language to 
2022-04-30T20:12:00+00:00 NOTICE order_submit.success :: addStoreOrder :: #19965 :: email: Gimnasiojenny@gmail.com :: landing site https://naturalconexion.com/wp-admin/admin-ajax.php :: abandoned cart deleted [e8166b0e3740160bf3bf55699fa22f3a]
2022-04-30T21:24:28+00:00 NOTICE action_scheduler.queue_job :: MailChimp_WooCommerce_Single_Order starts in 90 seconds :: obj_id 19964
2022-04-30T21:24:28+00:00 NOTICE debug :: Order ID 19964 was pending and is now cancelled :: Array
(
    [new_order] => 
    [tracking] => 
)

2022-04-30T21:26:26+00:00 NOTICE order_sumbit :: #19964 has a financial status of cancelled and was skipped.
2022-04-30T22:30:49+00:00 NOTICE action_scheduler.queue_job :: MailChimp_WooCommerce_SingleCoupon queued :: obj_id 19966
2022-04-30T22:31:41+00:00 NOTICE promo_code_submit.success :: #19966 :: code: 2wxot6e5
2022-04-30T23:27:42+00:00 NOTICE action_scheduler.queue_job :: MailChimp_WooCommerce_Cart_Update queued :: obj_id 34b0641b20850d79880ae92a7a2cebc9
2022-04-30T23:28:35+00:00 NOTICE abandoned_cart.success :: email: limabega@hotmail.com :: checkout_url: https://naturalconexion.com/checkout/?mc_cart_id=34b0641b20850d79880ae92a7a2cebc9
2022-04-30T23:28:35+00:00 NOTICE cart.member.updated :: Updated limabega@hotmail.com subscriber status to subscribed and language to es
2022-04-30T23:47:33+00:00 NOTICE action_scheduler.queue_job :: MailChimp_WooCommerce_Single_Order starts in 90 seconds :: obj_id 19967
2022-04-30T23:49:22+00:00 NOTICE order_sumbit :: #19967 has a financial status of pending and was skipped.
2022-04-30T23:51:54+00:00 NOTICE action_scheduler.queue_job :: MailChimp_WooCommerce_Single_Order starts in 90 seconds :: obj_id 19967
2022-04-30T23:51:56+00:00 NOTICE debug :: Order ID 19967 was pending and is now processing :: Array
(
    [new_order] => 1
    [tracking] => Array
        (
            [campaign_id] => 
            [landing_site] => https://naturalconexion.com/wp-admin/admin-ajax.php
        )

)

2022-04-30T23:53:35+00:00 NOTICE order.member.updated :: Updated limabega@hotmail.com subscriber status to subscribed and language to 
2022-04-30T23:53:35+00:00 NOTICE order_submit.success :: addStoreOrder :: #19967 :: email: limabega@hotmail.com :: landing site https://naturalconexion.com/wp-admin/admin-ajax.php :: abandoned cart deleted [34b0641b20850d79880ae92a7a2cebc9]
2022-04-30T23:57:40+00:00 NOTICE action_scheduler.queue_job :: MailChimp_WooCommerce_Cart_Update queued :: obj_id 4858f4b5c7fbe02667d8b85279be5aaa
2022-04-30T23:57:41+00:00 NOTICE abandoned_cart.success :: email: katry2007@gmail.com :: checkout_url: https://naturalconexion.com/checkout/?mc_cart_id=4858f4b5c7fbe02667d8b85279be5aaa
2022-04-30T23:57:42+00:00 NOTICE cart.member.updated :: Updated katry2007@gmail.com subscriber status to subscribed and language to es
