2022-07-27T00:08:24+00:00 NOTICE action_scheduler.queue_job :: MailChimp_WooCommerce_Cart_Update queued :: obj_id 4b59ed5cc7abccba0a4121fcc78e774e
2022-07-27T00:08:33+00:00 NOTICE abandoned_cart.success :: email: lindavcamposq@yahoo.com.co :: checkout_url: https://naturalconexion.com/checkout/?mc_cart_id=4b59ed5cc7abccba0a4121fcc78e774e
2022-07-27T00:08:34+00:00 NOTICE cart.member.updated :: Updated lindavcamposq@yahoo.com.co subscriber status to subscribed and language to es
2022-07-27T00:09:28+00:00 NOTICE action_scheduler.queue_job :: MailChimp_WooCommerce_Cart_Update queued :: obj_id 4b59ed5cc7abccba0a4121fcc78e774e
2022-07-27T00:09:36+00:00 NOTICE abandoned_cart.success :: email: lindavcamposq@yahoo.com.co :: checkout_url: https://naturalconexion.com/checkout/?mc_cart_id=4b59ed5cc7abccba0a4121fcc78e774e
2022-07-27T00:10:06+00:00 NOTICE action_scheduler.queue_job :: MailChimp_WooCommerce_Cart_Update queued :: obj_id 4b59ed5cc7abccba0a4121fcc78e774e
2022-07-27T00:10:36+00:00 NOTICE abandoned_cart.success :: email: lindavcamposq@yahoo.com.co :: checkout_url: https://naturalconexion.com/checkout/?mc_cart_id=4b59ed5cc7abccba0a4121fcc78e774e
2022-07-27T00:26:31+00:00 NOTICE action_scheduler.queue_job :: MailChimp_WooCommerce_Cart_Update queued :: obj_id 4b59ed5cc7abccba0a4121fcc78e774e
2022-07-27T00:27:32+00:00 NOTICE abandoned_cart.success :: email: lindavcamposq@yahoo.com.co :: checkout_url: https://naturalconexion.com/checkout/?mc_cart_id=4b59ed5cc7abccba0a4121fcc78e774e
2022-07-27T00:48:17+00:00 NOTICE action_scheduler.queue_job :: MailChimp_WooCommerce_Cart_Update queued :: obj_id 4b59ed5cc7abccba0a4121fcc78e774e
2022-07-27T00:48:44+00:00 NOTICE abandoned_cart.success :: email: lindavcamposq@yahoo.com.co :: checkout_url: https://naturalconexion.com/checkout/?mc_cart_id=4b59ed5cc7abccba0a4121fcc78e774e
2022-07-27T01:17:47+00:00 NOTICE action_scheduler.queue_job :: MailChimp_WooCommerce_Cart_Update queued :: obj_id 2de80b47d6c37926138588eafd3212f2
2022-07-27T01:17:50+00:00 NOTICE abandoned_cart.success :: email: bribarrera1@gmail.com :: checkout_url: https://naturalconexion.com/checkout/?mc_cart_id=2de80b47d6c37926138588eafd3212f2
2022-07-27T01:17:51+00:00 NOTICE cart.member.updated :: Updated bribarrera1@gmail.com subscriber status to transactional and language to es
2022-07-27T01:36:29+00:00 NOTICE ac.cart_swap :: Deleted cart [lindavcamposq@yahoo.com.co] :: ID [4b59ed5cc7abccba0a4121fcc78e774e]
2022-07-27T01:36:30+00:00 NOTICE action_scheduler.queue_job :: MailChimp_WooCommerce_Cart_Update queued :: obj_id 98c6ad631562acb998174b07542909a0
2022-07-27T01:36:47+00:00 NOTICE abandoned_cart.success :: email: lindavcamposq@yahoo.com :: checkout_url: https://naturalconexion.com/checkout/?mc_cart_id=98c6ad631562acb998174b07542909a0
2022-07-27T01:36:48+00:00 NOTICE cart.member.updated :: Updated lindavcamposq@yahoo.com subscriber status to transactional and language to es
2022-07-27T01:37:43+00:00 NOTICE action_scheduler.queue_job :: MailChimp_WooCommerce_Cart_Update queued :: obj_id 98c6ad631562acb998174b07542909a0
2022-07-27T01:37:46+00:00 NOTICE abandoned_cart.success :: email: lindavcamposq@yahoo.com :: checkout_url: https://naturalconexion.com/checkout/?mc_cart_id=98c6ad631562acb998174b07542909a0
2022-07-27T01:40:53+00:00 NOTICE ac.cart_swap :: Deleted cart [lindavcamposq@yahoo.com] :: ID [98c6ad631562acb998174b07542909a0]
2022-07-27T01:40:54+00:00 NOTICE action_scheduler.queue_job :: MailChimp_WooCommerce_Cart_Update queued :: obj_id 4b59ed5cc7abccba0a4121fcc78e774e
2022-07-27T01:41:13+00:00 NOTICE action_scheduler.queue_job :: MailChimp_WooCommerce_Single_Order starts in 90 seconds :: obj_id 21234
2022-07-27T01:43:38+00:00 NOTICE abandoned_cart.success :: email: lindavcamposq@yahoo.com.co :: checkout_url: https://naturalconexion.com/checkout/?mc_cart_id=4b59ed5cc7abccba0a4121fcc78e774e
2022-07-27T01:43:39+00:00 NOTICE cart.member.updated :: Updated lindavcamposq@yahoo.com.co subscriber status to subscribed and language to es
2022-07-27T01:43:39+00:00 NOTICE order_submit :: #21234 has a financial status of pending and was skipped.
2022-07-27T01:44:06+00:00 NOTICE action_scheduler.queue_job :: MailChimp_WooCommerce_Single_Order starts in 90 seconds :: obj_id 21234
2022-07-27T01:44:11+00:00 NOTICE debug :: Order ID 21234 was pending and is now processing :: Array
(
    [new_order] => 1
    [tracking] => Array
        (
            [campaign_id] => 
            [landing_site] => https://naturalconexion.com/wp-content/plugins/woocommerce-payu-latam/confirmation.php
        )

)

2022-07-27T01:44:11+00:00 NOTICE action_scheduler.queue_job :: MailChimp_WooCommerce_Cart_Update queued :: obj_id b016c35b2903227e00946da4bcc4a704
2022-07-27T01:44:24+00:00 NOTICE action_scheduler.queue_job :: MailChimp_WooCommerce_Single_Order starts in 90 seconds :: obj_id 21235
2022-07-27T01:45:40+00:00 NOTICE abandoned_cart.success :: email: laalebarragan@gmail.com :: checkout_url: https://naturalconexion.com/checkout/?mc_cart_id=b016c35b2903227e00946da4bcc4a704
2022-07-27T01:45:41+00:00 NOTICE cart.member.updated :: Updated laalebarragan@gmail.com subscriber status to subscribed and language to es
2022-07-27T01:45:44+00:00 NOTICE order.member.updated :: Updated lindavcamposq@yahoo.com.co subscriber status to subscribed and language to 
2022-07-27T01:45:44+00:00 NOTICE order_submit.success :: addStoreOrder :: #21234 :: email: lindavcamposq@yahoo.com.co :: landing site https://naturalconexion.com/wp-content/plugins/woocommerce-payu-latam/confirmation.php :: abandoned cart deleted [4b59ed5cc7abccba0a4121fcc78e774e]
2022-07-27T01:46:52+00:00 NOTICE debug :: Order ID 21235 was pending and is now processing :: Array
(
    [new_order] => 1
    [tracking] => Array
        (
            [campaign_id] => 
            [landing_site] => https://naturalconexion.com/wp-content/plugins/woocommerce-payu-latam/confirmation.php
        )

)

2022-07-27T01:48:53+00:00 NOTICE order.member.updated :: Updated laalebarragan@gmail.com subscriber status to subscribed and language to es
2022-07-27T01:48:53+00:00 NOTICE order_submit.success :: addStoreOrder :: #21235 :: email: laalebarragan@gmail.com :: landing site https://naturalconexion.com/product/desodorante-natural-compra-6-y-te-obsequiamos-1/?utm_source=Campa%c3%b1as+Doppler&utm_medium=email&utm_campaign=Promoci%c3%b3n+Desodorantes+%7c+Paga+6+lleva+7&dplrid=6C61616C65626172726167616E40686F746D61696C2E636F6D :: abandoned cart deleted [b016c35b2903227e00946da4bcc4a704]
2022-07-27T02:01:59+00:00 NOTICE action_scheduler.queue_job :: MailChimp_WooCommerce_Cart_Update queued :: obj_id 03349cd6152ccc732e0b98d804664d52
2022-07-27T02:02:02+00:00 NOTICE abandoned_cart.success :: email: alejandromarinc2000@gmail.com :: checkout_url: https://naturalconexion.com/checkout/?mc_cart_id=03349cd6152ccc732e0b98d804664d52
2022-07-27T02:02:03+00:00 NOTICE cart.member.updated :: Updated alejandromarinc2000@gmail.com subscriber status to transactional and language to es
2022-07-27T02:02:26+00:00 NOTICE action_scheduler.queue_job :: MailChimp_WooCommerce_User_Submit queued :: obj_id 2274
2022-07-27T02:02:28+00:00 NOTICE action_scheduler.queue_job :: MailChimp_WooCommerce_Single_Order starts in 90 seconds :: obj_id 21236
2022-07-27T02:02:33+00:00 NOTICE member.sync :: Updated Member alejandromarinc2000@gmail.com :: Array
(
    [previous_status] => transactional
    [status] => 
    [language] => 
    [merge_fields] => Array
        (
            [FNAME] => Alejandro
            [LNAME] => Marín Cifuentes
        )

    [gdpr_fields] => 
)

2022-07-27T02:04:04+00:00 NOTICE order_submit :: #21236 has a financial status of pending and was skipped.
2022-07-27T02:07:59+00:00 NOTICE action_scheduler.queue_job :: MailChimp_WooCommerce_Cart_Update queued :: obj_id 3d7fe4e1126d291166c4b4a5ba2d6fdd
2022-07-27T02:09:15+00:00 NOTICE action_scheduler.queue_job :: MailChimp_WooCommerce_Single_Order starts in 90 seconds :: obj_id 21237
2022-07-27T02:09:18+00:00 NOTICE abandoned_cart.success :: email: danna.982011@gmail.com :: checkout_url: https://naturalconexion.com/checkout/?mc_cart_id=3d7fe4e1126d291166c4b4a5ba2d6fdd
2022-07-27T02:09:18+00:00 NOTICE cart.member.updated :: Updated danna.982011@gmail.com subscriber status to transactional and language to es
2022-07-27T02:11:00+00:00 NOTICE action_scheduler.queue_job :: MailChimp_WooCommerce_Cart_Update queued :: obj_id 3d7fe4e1126d291166c4b4a5ba2d6fdd
2022-07-27T02:11:29+00:00 NOTICE order_submit :: #21237 has a financial status of pending and was skipped.
2022-07-27T02:11:29+00:00 NOTICE abandoned_cart.success :: email: danna.982011@gmail.com :: checkout_url: https://naturalconexion.com/checkout/?mc_cart_id=3d7fe4e1126d291166c4b4a5ba2d6fdd
2022-07-27T02:12:42+00:00 NOTICE action_scheduler.queue_job :: MailChimp_WooCommerce_Cart_Update queued :: obj_id 3d7fe4e1126d291166c4b4a5ba2d6fdd
2022-07-27T02:13:37+00:00 NOTICE abandoned_cart.success :: email: danna.982011@gmail.com :: checkout_url: https://naturalconexion.com/checkout/?mc_cart_id=3d7fe4e1126d291166c4b4a5ba2d6fdd
2022-07-27T02:13:43+00:00 NOTICE action_scheduler.queue_job :: MailChimp_WooCommerce_Single_Order starts in 90 seconds :: obj_id 21238
2022-07-27T02:16:40+00:00 NOTICE debug :: Order ID 21238 was pending and is now processing :: Array
(
    [new_order] => 1
    [tracking] => Array
        (
            [campaign_id] => 
            [landing_site] => https://naturalconexion.com/wp-content/plugins/woocommerce-payu-latam/confirmation.php
        )

)

2022-07-27T02:19:09+00:00 NOTICE order.member.updated :: Updated danna.982011@gmail.com subscriber status to transactional and language to es
2022-07-27T02:19:09+00:00 NOTICE order_submit.success :: addStoreOrder :: #21238 :: email: danna.982011@gmail.com :: landing site https://naturalconexion.com/product/protector-solar-con-extractos-botanicos-spf-50-todo-tipo-de-piel-80-ml/?fbclid=IwAR1fsaL8x_BWlVbh0dDgxXxGVvvkNYeWFa7nkAQcV5lAmH7gwaAskfXo3jU :: abandoned cart deleted [3d7fe4e1126d291166c4b4a5ba2d6fdd]
2022-07-27T11:23:28+00:00 NOTICE action_scheduler.queue_job :: MailChimp_WooCommerce_Cart_Update queued :: obj_id 341b0be5eaff7f9b1c4c49dcea0ef8a1
2022-07-27T11:24:27+00:00 NOTICE abandoned_cart.success :: email: mimm2011@hotmail.com :: checkout_url: https://naturalconexion.com/checkout/?mc_cart_id=341b0be5eaff7f9b1c4c49dcea0ef8a1
2022-07-27T11:24:27+00:00 NOTICE cart.member.updated :: Updated mimm2011@hotmail.com subscriber status to transactional and language to es
2022-07-27T12:15:09+00:00 NOTICE action_scheduler.queue_job :: MailChimp_WooCommerce_Single_Order starts in 90 seconds :: obj_id 21196
2022-07-27T12:15:13+00:00 NOTICE debug :: Order ID 21196 was processing and is now completed :: Array
(
    [new_order] => 
    [tracking] => 
)

2022-07-27T12:15:13+00:00 NOTICE action_scheduler.queue_job :: MailChimp_WooCommerce_Single_Order starts in 90 seconds :: obj_id 21205
2022-07-27T12:15:17+00:00 NOTICE debug :: Order ID 21205 was processing and is now completed :: Array
(
    [new_order] => 
    [tracking] => 
)

2022-07-27T12:15:17+00:00 NOTICE action_scheduler.queue_job :: MailChimp_WooCommerce_Single_Order starts in 90 seconds :: obj_id 21221
2022-07-27T12:15:20+00:00 NOTICE debug :: Order ID 21221 was processing and is now completed :: Array
(
    [new_order] => 
    [tracking] => 
)

2022-07-27T12:15:20+00:00 NOTICE action_scheduler.queue_job :: MailChimp_WooCommerce_Single_Order starts in 90 seconds :: obj_id 21222
2022-07-27T12:15:27+00:00 NOTICE debug :: Order ID 21222 was processing and is now completed :: Array
(
    [new_order] => 
    [tracking] => 
)

2022-07-27T12:15:27+00:00 NOTICE action_scheduler.queue_job :: MailChimp_WooCommerce_Single_Order starts in 90 seconds :: obj_id 21224
2022-07-27T12:15:30+00:00 NOTICE debug :: Order ID 21224 was processing and is now completed :: Array
(
    [new_order] => 
    [tracking] => 
)

2022-07-27T12:15:30+00:00 NOTICE action_scheduler.queue_job :: MailChimp_WooCommerce_Single_Order starts in 90 seconds :: obj_id 21225
2022-07-27T12:15:32+00:00 NOTICE debug :: Order ID 21225 was processing and is now completed :: Array
(
    [new_order] => 
    [tracking] => 
)

2022-07-27T12:15:32+00:00 NOTICE action_scheduler.queue_job :: MailChimp_WooCommerce_Single_Order starts in 90 seconds :: obj_id 21226
2022-07-27T12:15:36+00:00 NOTICE debug :: Order ID 21226 was processing and is now completed :: Array
(
    [new_order] => 
    [tracking] => 
)

2022-07-27T12:15:36+00:00 NOTICE action_scheduler.queue_job :: MailChimp_WooCommerce_Single_Order starts in 90 seconds :: obj_id 21227
2022-07-27T12:15:39+00:00 NOTICE debug :: Order ID 21227 was processing and is now completed :: Array
(
    [new_order] => 
    [tracking] => 
)

2022-07-27T12:15:39+00:00 NOTICE action_scheduler.queue_job :: MailChimp_WooCommerce_Single_Order starts in 90 seconds :: obj_id 21228
2022-07-27T12:15:41+00:00 NOTICE debug :: Order ID 21228 was processing and is now completed :: Array
(
    [new_order] => 
    [tracking] => 
)

2022-07-27T12:17:02+00:00 NOTICE order.member.updated :: Updated rocket.440@hotmail.com subscriber status to subscribed and language to 
2022-07-27T12:17:02+00:00 NOTICE order_submit.success :: updateStoreOrder :: #21196 :: email: rocket.440@hotmail.com
2022-07-27T12:17:04+00:00 NOTICE order.member.updated :: Updated juanes7210@gmail.com subscriber status to subscribed and language to 
2022-07-27T12:17:04+00:00 NOTICE order_submit.success :: updateStoreOrder :: #21205 :: email: juanes7210@gmail.com
2022-07-27T12:17:06+00:00 NOTICE order.member.updated :: Updated helen06_d@hotmail.com subscriber status to subscribed and language to 
2022-07-27T12:17:06+00:00 NOTICE order_submit.success :: updateStoreOrder :: #21221 :: email: helen06_d@hotmail.com
2022-07-27T12:17:08+00:00 NOTICE order.member.updated :: Updated estefarodri@hotmail.com subscriber status to subscribed and language to 
2022-07-27T12:17:08+00:00 NOTICE order_submit.success :: updateStoreOrder :: #21225 :: email: estefarodri@hotmail.com
2022-07-27T12:17:09+00:00 NOTICE order.member.updated :: Updated carlosinrastro@gmail.com subscriber status to subscribed and language to 
2022-07-27T12:17:09+00:00 NOTICE order_submit.success :: updateStoreOrder :: #21222 :: email: carlosinrastro@gmail.com
2022-07-27T12:17:11+00:00 NOTICE order.member.updated :: Updated dimahono@gmail.com subscriber status to subscribed and language to 
2022-07-27T12:17:11+00:00 NOTICE order_submit.success :: updateStoreOrder :: #21226 :: email: dimahono@gmail.com
2022-07-27T12:17:11+00:00 NOTICE order.member.updated :: Updated miagudelo23@gmail.com subscriber status to subscribed and language to 
2022-07-27T12:17:11+00:00 NOTICE order_submit.success :: updateStoreOrder :: #21224 :: email: miagudelo23@gmail.com
2022-07-27T12:17:14+00:00 NOTICE order.member.updated :: Updated estebanr.24@hotmail.com subscriber status to subscribed and language to 
2022-07-27T12:17:14+00:00 NOTICE order_submit.success :: updateStoreOrder :: #21228 :: email: estebanr.24@hotmail.com
2022-07-27T12:17:14+00:00 NOTICE order.member.updated :: Updated Mportillal@unal.edu.co subscriber status to subscribed and language to 
2022-07-27T12:17:14+00:00 NOTICE order_submit.success :: updateStoreOrder :: #21227 :: email: Mportillal@unal.edu.co
2022-07-27T13:34:30+00:00 NOTICE action_scheduler.queue_job :: MailChimp_WooCommerce_Cart_Update queued :: obj_id 341b0be5eaff7f9b1c4c49dcea0ef8a1
2022-07-27T13:35:19+00:00 NOTICE abandoned_cart.success :: email: mimm2011@hotmail.com :: checkout_url: https://naturalconexion.com/checkout/?mc_cart_id=341b0be5eaff7f9b1c4c49dcea0ef8a1
2022-07-27T13:35:20+00:00 NOTICE cart.member.updated :: Updated mimm2011@hotmail.com subscriber status to transactional and language to es
2022-07-27T15:57:43+00:00 NOTICE action_scheduler.queue_job :: MailChimp_WooCommerce_Cart_Update queued :: obj_id 2d19acd308f62c1c64f799677a43ee65
2022-07-27T15:58:03+00:00 NOTICE abandoned_cart.success :: email: yedagoru@gmail.com :: checkout_url: https://naturalconexion.com/checkout/?mc_cart_id=2d19acd308f62c1c64f799677a43ee65
2022-07-27T15:58:03+00:00 NOTICE cart.member.updated :: Updated yedagoru@gmail.com subscriber status to subscribed and language to es
2022-07-27T15:58:33+00:00 NOTICE action_scheduler.queue_job :: MailChimp_WooCommerce_Single_Order starts in 90 seconds :: obj_id 21239
2022-07-27T16:01:14+00:00 NOTICE order_submit :: #21239 has a financial status of pending and was skipped.
2022-07-27T16:15:12+00:00 NOTICE action_scheduler.queue_job :: MailChimp_WooCommerce_Cart_Update queued :: obj_id 479bd0562f4ceef744db9cb64bb8661d
2022-07-27T16:15:14+00:00 NOTICE abandoned_cart.success :: email: sandydelpa@gmail.com :: checkout_url: https://naturalconexion.com/checkout/?mc_cart_id=479bd0562f4ceef744db9cb64bb8661d
2022-07-27T16:15:14+00:00 NOTICE cart.member.updated :: Updated sandydelpa@gmail.com subscriber status to subscribed and language to es
2022-07-27T16:15:50+00:00 NOTICE action_scheduler.queue_job :: MailChimp_WooCommerce_Single_Order starts in 90 seconds :: obj_id 21239
2022-07-27T16:15:52+00:00 NOTICE action_scheduler.queue_job :: MailChimp_WooCommerce_User_Submit queued :: obj_id 1726
2022-07-27T16:15:53+00:00 NOTICE debug :: Order ID 21239 was pending and is now failed :: Array
(
    [new_order] => 
    [tracking] => 
)

2022-07-27T16:16:36+00:00 NOTICE member.sync :: Updated Member sandydelpa@gmail.com :: Array
(
    [status] => subscribed
    [language] => 
    [merge_fields] => Array
        (
            [FNAME] => Sandra
            [LNAME] => Delgado
        )

    [gdpr_fields] => 
)

2022-07-27T16:19:06+00:00 NOTICE action_scheduler.queue_job :: MailChimp_WooCommerce_Cart_Update queued :: obj_id 479bd0562f4ceef744db9cb64bb8661d
2022-07-27T16:19:11+00:00 NOTICE abandoned_cart.success :: email: sandydelpa@gmail.com :: checkout_url: https://naturalconexion.com/checkout/?mc_cart_id=479bd0562f4ceef744db9cb64bb8661d
2022-07-27T16:19:23+00:00 NOTICE action_scheduler.queue_job :: MailChimp_WooCommerce_Cart_Update queued :: obj_id 479bd0562f4ceef744db9cb64bb8661d
2022-07-27T16:19:43+00:00 NOTICE abandoned_cart.success :: email: sandydelpa@gmail.com :: checkout_url: https://naturalconexion.com/checkout/?mc_cart_id=479bd0562f4ceef744db9cb64bb8661d
2022-07-27T16:20:23+00:00 NOTICE action_scheduler.queue_job :: MailChimp_WooCommerce_Cart_Update queued :: obj_id 479bd0562f4ceef744db9cb64bb8661d
2022-07-27T16:20:34+00:00 NOTICE abandoned_cart.success :: email: sandydelpa@gmail.com :: checkout_url: https://naturalconexion.com/checkout/?mc_cart_id=479bd0562f4ceef744db9cb64bb8661d
2022-07-27T16:22:42+00:00 NOTICE action_scheduler.queue_job :: MailChimp_WooCommerce_User_Submit queued :: obj_id 1726
2022-07-27T16:22:42+00:00 NOTICE action_scheduler.queue_job :: MailChimp_WooCommerce_Single_Order starts in 90 seconds :: obj_id 21240
2022-07-27T16:22:47+00:00 NOTICE member.sync :: Updated Member sandydelpa@gmail.com :: Array
(
    [status] => subscribed
    [language] => 
    [merge_fields] => Array
        (
            [FNAME] => Sandra
            [LNAME] => Delgado
        )

    [gdpr_fields] => 
)

2022-07-27T16:24:08+00:00 NOTICE debug :: Order ID 21240 was pending and is now processing :: Array
(
    [new_order] => 1
    [tracking] => Array
        (
            [campaign_id] => 
            [landing_site] => https://naturalconexion.com/wp-content/plugins/woocommerce-payu-latam/confirmation.php
        )

)

2022-07-27T16:26:29+00:00 NOTICE order.member.updated :: Updated sandydelpa@gmail.com subscriber status to subscribed and language to es
2022-07-27T16:26:29+00:00 NOTICE order_submit.success :: addStoreOrder :: #21240 :: email: sandydelpa@gmail.com :: landing site https://naturalconexion.com/my-account/lost-password/?key=WC7OqzxaVsupd6KUO9sZ&login=sandra.delgado :: abandoned cart deleted [479bd0562f4ceef744db9cb64bb8661d]
2022-07-27T20:48:22+00:00 NOTICE action_scheduler.queue_job :: MailChimp_WooCommerce_Single_Order starts in 90 seconds :: obj_id 21241
2022-07-27T20:49:57+00:00 NOTICE order_submit :: #21241 has a financial status of pending and was skipped.
2022-07-27T20:51:06+00:00 NOTICE action_scheduler.queue_job :: MailChimp_WooCommerce_Single_Order starts in 90 seconds :: obj_id 21241
2022-07-27T20:51:10+00:00 NOTICE debug :: Order ID 21241 was pending and is now processing :: Array
(
    [new_order] => 1
    [tracking] => Array
        (
            [campaign_id] => 
            [landing_site] => https://naturalconexion.com/wp-content/plugins/woocommerce-payu-latam/confirmation.php
        )

)

2022-07-27T20:53:58+00:00 NOTICE order.member.updated :: Updated Jennypao420@hotmail.com subscriber status to subscribed and language to 
2022-07-27T20:53:58+00:00 NOTICE order_submit.success :: addStoreOrder :: #21241 :: email: Jennypao420@hotmail.com :: landing site https://naturalconexion.com/wp-content/plugins/woocommerce-payu-latam/confirmation.php
2022-07-27T23:38:34+00:00 NOTICE action_scheduler.queue_job :: MailChimp_WooCommerce_Cart_Update queued :: obj_id 2d19acd308f62c1c64f799677a43ee65
2022-07-27T23:38:39+00:00 NOTICE abandoned_cart.success :: email: yedagoru@gmail.com :: checkout_url: https://naturalconexion.com/checkout/?mc_cart_id=2d19acd308f62c1c64f799677a43ee65
2022-07-27T23:38:40+00:00 NOTICE cart.member.updated :: Updated yedagoru@gmail.com subscriber status to subscribed and language to es
2022-07-27T23:39:12+00:00 NOTICE action_scheduler.queue_job :: MailChimp_WooCommerce_Single_Order starts in 90 seconds :: obj_id 21242
2022-07-27T23:41:01+00:00 NOTICE debug :: Order ID 21242 was pending and is now processing :: Array
(
    [new_order] => 1
    [tracking] => Array
        (
            [campaign_id] => 
            [landing_site] => https://naturalconexion.com/wp-content/plugins/woocommerce-payu-latam/confirmation.php
        )

)

2022-07-27T23:42:46+00:00 NOTICE order.member.updated :: Updated yedagoru@gmail.com subscriber status to subscribed and language to es
2022-07-27T23:42:46+00:00 NOTICE order_submit.success :: addStoreOrder :: #21242 :: email: yedagoru@gmail.com :: landing site https://naturalconexion.com/ :: abandoned cart deleted [2d19acd308f62c1c64f799677a43ee65]
