2023-05-23T02:36:05+00:00 NOTICE action_scheduler.queue_job :: MailChimp_WooCommerce_Cart_Update queued :: obj_id e8967ccf8f29395949fad144559fb6f1
2023-05-23T02:36:06+00:00 NOTICE abandoned_cart.success :: email: raskolnicov14@gmail.com :: checkout_url: https://naturalconexion.com/checkout/?mc_cart_id=e8967ccf8f29395949fad144559fb6f1
2023-05-23T02:36:06+00:00 NOTICE cart.member.updated :: Updated raskolnicov14@gmail.com subscriber status to subscribed and language to es
2023-05-23T02:39:12+00:00 NOTICE action_scheduler.queue_job :: MailChimp_WooCommerce_Cart_Update queued :: obj_id e8967ccf8f29395949fad144559fb6f1
2023-05-23T02:39:38+00:00 NOTICE abandoned_cart.success :: email: raskolnicov14@gmail.com :: checkout_url: https://naturalconexion.com/checkout/?mc_cart_id=e8967ccf8f29395949fad144559fb6f1
2023-05-23T02:41:06+00:00 NOTICE action_scheduler.queue_job :: MailChimp_WooCommerce_Cart_Update queued :: obj_id e8967ccf8f29395949fad144559fb6f1
2023-05-23T02:41:45+00:00 NOTICE action_scheduler.queue_job :: MailChimp_WooCommerce_Single_Order starts in 90 seconds :: obj_id 24421
2023-05-23T02:42:03+00:00 NOTICE abandoned_cart.success :: email: raskolnicov14@gmail.com :: checkout_url: https://naturalconexion.com/checkout/?mc_cart_id=e8967ccf8f29395949fad144559fb6f1
2023-05-23T02:44:09+00:00 NOTICE debug :: Order ID 24421 was pending and is now processing :: Array
(
    [new_order] => 1
    [tracking] => Array
        (
            [campaign_id] => 
            [landing_site] => https://naturalconexion.com/wp-content/plugins/woocommerce-payu-latam/confirmation.php
        )

)

2023-05-23T02:46:28+00:00 NOTICE order.member.updated :: Updated raskolnicov14@gmail.com subscriber status to subscribed and language to es
2023-05-23T02:46:28+00:00 NOTICE order_submit.success :: addStoreOrder :: #24421 :: email: raskolnicov14@gmail.com :: landing site https://naturalconexion.com/ :: abandoned cart deleted [e8967ccf8f29395949fad144559fb6f1]
2023-05-23T10:45:43+00:00 NOTICE action_scheduler.queue_job :: MailChimp_WooCommerce_Cart_Update queued :: obj_id 1d219beb1a2307cf87511d5b74c490b6
2023-05-23T10:45:55+00:00 NOTICE abandoned_cart.success :: email: july.gonzalezo89@gmail.com :: checkout_url: https://naturalconexion.com/checkout/?mc_cart_id=1d219beb1a2307cf87511d5b74c490b6
2023-05-23T10:45:56+00:00 NOTICE cart.member.updated :: Updated july.gonzalezo89@gmail.com subscriber status to transactional and language to es
2023-05-23T10:47:44+00:00 NOTICE action_scheduler.queue_job :: MailChimp_WooCommerce_Single_Order starts in 90 seconds :: obj_id 24422
2023-05-23T10:49:48+00:00 NOTICE order_submit :: #24422 has a financial status of pending and was skipped.
2023-05-23T10:51:15+00:00 NOTICE action_scheduler.queue_job :: MailChimp_WooCommerce_Single_Order starts in 90 seconds :: obj_id 24422
2023-05-23T10:51:18+00:00 NOTICE debug :: Order ID 24422 was pending and is now processing :: Array
(
    [new_order] => 1
    [tracking] => Array
        (
            [campaign_id] => 
            [landing_site] => https://naturalconexion.com/wp-content/plugins/woocommerce-payu-latam/confirmation.php
        )

)

2023-05-23T10:53:25+00:00 NOTICE order.member.updated :: Updated july.gonzalezo89@gmail.com subscriber status to transactional and language to 
2023-05-23T10:53:25+00:00 NOTICE order_submit.success :: addStoreOrder :: #24422 :: email: july.gonzalezo89@gmail.com :: landing site https://naturalconexion.com/wp-content/plugins/woocommerce-payu-latam/confirmation.php :: abandoned cart deleted [1d219beb1a2307cf87511d5b74c490b6]
2023-05-23T13:43:21+00:00 NOTICE action_scheduler.queue_job :: MailChimp_WooCommerce_Single_Order starts in 90 seconds :: obj_id 24423
2023-05-23T13:43:21+00:00 NOTICE action_scheduler.queue_job :: MailChimp_WooCommerce_Cart_Update queued :: obj_id 046288d0fbd2b4e556948de06cdb78b7
2023-05-23T13:43:39+00:00 NOTICE abandoned_cart.success :: email: 1234567dftyu@gmail.com :: checkout_url: https://naturalconexion.com/checkout/?mc_cart_id=046288d0fbd2b4e556948de06cdb78b7
2023-05-23T13:43:39+00:00 NOTICE cart.member.updated :: Updated 1234567dftyu@gmail.com subscriber status to transactional and language to es
2023-05-23T13:46:01+00:00 NOTICE order_submit :: #24423 has a financial status of pending and was skipped.
2023-05-23T14:28:35+00:00 NOTICE action_scheduler.queue_job :: MailChimp_WooCommerce_Single_Order starts in 90 seconds :: obj_id 24394
2023-05-23T14:28:39+00:00 NOTICE debug :: Order ID 24394 was processing and is now completed :: Array
(
    [new_order] => 
    [tracking] => 
)

2023-05-23T14:28:39+00:00 NOTICE action_scheduler.queue_job :: MailChimp_WooCommerce_Single_Order starts in 90 seconds :: obj_id 24396
2023-05-23T14:28:41+00:00 NOTICE debug :: Order ID 24396 was processing and is now completed :: Array
(
    [new_order] => 
    [tracking] => 
)

2023-05-23T14:28:41+00:00 NOTICE action_scheduler.queue_job :: MailChimp_WooCommerce_Single_Order starts in 90 seconds :: obj_id 24401
2023-05-23T14:28:44+00:00 NOTICE debug :: Order ID 24401 was processing and is now completed :: Array
(
    [new_order] => 
    [tracking] => 
)

2023-05-23T14:28:44+00:00 NOTICE action_scheduler.queue_job :: MailChimp_WooCommerce_Single_Order starts in 90 seconds :: obj_id 24402
2023-05-23T14:28:47+00:00 NOTICE debug :: Order ID 24402 was processing and is now completed :: Array
(
    [new_order] => 
    [tracking] => 
)

2023-05-23T14:28:47+00:00 NOTICE action_scheduler.queue_job :: MailChimp_WooCommerce_Single_Order starts in 90 seconds :: obj_id 24403
2023-05-23T14:28:49+00:00 NOTICE debug :: Order ID 24403 was processing and is now completed :: Array
(
    [new_order] => 
    [tracking] => 
)

2023-05-23T14:28:49+00:00 NOTICE action_scheduler.queue_job :: MailChimp_WooCommerce_Single_Order starts in 90 seconds :: obj_id 24406
2023-05-23T14:28:52+00:00 NOTICE debug :: Order ID 24406 was processing and is now completed :: Array
(
    [new_order] => 
    [tracking] => 
)

2023-05-23T14:28:52+00:00 NOTICE action_scheduler.queue_job :: MailChimp_WooCommerce_Single_Order starts in 90 seconds :: obj_id 24407
2023-05-23T14:28:55+00:00 NOTICE debug :: Order ID 24407 was processing and is now completed :: Array
(
    [new_order] => 
    [tracking] => 
)

2023-05-23T14:28:55+00:00 NOTICE action_scheduler.queue_job :: MailChimp_WooCommerce_Single_Order starts in 90 seconds :: obj_id 24409
2023-05-23T14:28:58+00:00 NOTICE debug :: Order ID 24409 was processing and is now completed :: Array
(
    [new_order] => 
    [tracking] => 
)

2023-05-23T14:28:58+00:00 NOTICE action_scheduler.queue_job :: MailChimp_WooCommerce_Single_Order starts in 90 seconds :: obj_id 24410
2023-05-23T14:29:00+00:00 NOTICE debug :: Order ID 24410 was processing and is now completed :: Array
(
    [new_order] => 
    [tracking] => 
)

2023-05-23T14:29:00+00:00 NOTICE action_scheduler.queue_job :: MailChimp_WooCommerce_Single_Order starts in 90 seconds :: obj_id 24411
2023-05-23T14:29:03+00:00 NOTICE debug :: Order ID 24411 was processing and is now completed :: Array
(
    [new_order] => 
    [tracking] => 
)

2023-05-23T14:29:03+00:00 NOTICE action_scheduler.queue_job :: MailChimp_WooCommerce_Single_Order starts in 90 seconds :: obj_id 24412
2023-05-23T14:29:05+00:00 NOTICE debug :: Order ID 24412 was processing and is now completed :: Array
(
    [new_order] => 
    [tracking] => 
)

2023-05-23T14:29:05+00:00 NOTICE action_scheduler.queue_job :: MailChimp_WooCommerce_Single_Order starts in 90 seconds :: obj_id 24413
2023-05-23T14:29:08+00:00 NOTICE debug :: Order ID 24413 was processing and is now completed :: Array
(
    [new_order] => 
    [tracking] => 
)

2023-05-23T14:29:08+00:00 NOTICE action_scheduler.queue_job :: MailChimp_WooCommerce_Single_Order starts in 90 seconds :: obj_id 24414
2023-05-23T14:29:11+00:00 NOTICE debug :: Order ID 24414 was processing and is now completed :: Array
(
    [new_order] => 
    [tracking] => 
)

2023-05-23T14:29:11+00:00 NOTICE action_scheduler.queue_job :: MailChimp_WooCommerce_Single_Order starts in 90 seconds :: obj_id 24416
2023-05-23T14:29:14+00:00 NOTICE debug :: Order ID 24416 was processing and is now completed :: Array
(
    [new_order] => 
    [tracking] => 
)

2023-05-23T14:29:14+00:00 NOTICE action_scheduler.queue_job :: MailChimp_WooCommerce_Single_Order starts in 90 seconds :: obj_id 24417
2023-05-23T14:29:16+00:00 NOTICE debug :: Order ID 24417 was processing and is now completed :: Array
(
    [new_order] => 
    [tracking] => 
)

2023-05-23T14:29:16+00:00 NOTICE action_scheduler.queue_job :: MailChimp_WooCommerce_Single_Order starts in 90 seconds :: obj_id 24418
2023-05-23T14:29:19+00:00 NOTICE debug :: Order ID 24418 was processing and is now completed :: Array
(
    [new_order] => 
    [tracking] => 
)

2023-05-23T14:29:19+00:00 NOTICE action_scheduler.queue_job :: MailChimp_WooCommerce_Single_Order starts in 90 seconds :: obj_id 24420
2023-05-23T14:29:22+00:00 NOTICE debug :: Order ID 24420 was processing and is now completed :: Array
(
    [new_order] => 
    [tracking] => 
)

2023-05-23T14:29:22+00:00 NOTICE action_scheduler.queue_job :: MailChimp_WooCommerce_Single_Order starts in 90 seconds :: obj_id 24421
2023-05-23T14:29:24+00:00 NOTICE debug :: Order ID 24421 was processing and is now completed :: Array
(
    [new_order] => 
    [tracking] => 
)

2023-05-23T14:30:17+00:00 NOTICE order.member.updated :: Updated mariaisabelg.88@gmail.com subscriber status to subscribed and language to 
2023-05-23T14:30:17+00:00 NOTICE order_submit.success :: updateStoreOrder :: #24394 :: email: mariaisabelg.88@gmail.com
2023-05-23T14:30:19+00:00 NOTICE order.member.updated :: Updated noquiero@gmail.com subscriber status to subscribed and language to 
2023-05-23T14:30:19+00:00 NOTICE order_submit.success :: updateStoreOrder :: #24396 :: email: noquiero@gmail.com
2023-05-23T14:30:22+00:00 NOTICE order.member.updated :: Updated pmira76@gmail.com subscriber status to subscribed and language to 
2023-05-23T14:30:22+00:00 NOTICE order_submit.success :: updateStoreOrder :: #24401 :: email: pmira76@gmail.com
2023-05-23T14:30:24+00:00 NOTICE order.member.updated :: Updated lemgonzalezgo@gmail.com subscriber status to subscribed and language to 
2023-05-23T14:30:24+00:00 NOTICE order_submit.success :: updateStoreOrder :: #24402 :: email: lemgonzalezgo@gmail.com
2023-05-23T14:30:28+00:00 NOTICE order.member.updated :: Updated arlex-20@outlook.es subscriber status to subscribed and language to 
2023-05-23T14:30:28+00:00 NOTICE order_submit.success :: updateStoreOrder :: #24403 :: email: arlex-20@outlook.es
2023-05-23T14:30:32+00:00 NOTICE order.member.updated :: Updated janilethrm@hotmail.com subscriber status to subscribed and language to 
2023-05-23T14:30:32+00:00 NOTICE order_submit.success :: updateStoreOrder :: #24406 :: email: janilethrm@hotmail.com
2023-05-23T14:30:34+00:00 NOTICE order.member.updated :: Updated dianaferrerosa@yahoo.com subscriber status to subscribed and language to 
2023-05-23T14:30:34+00:00 NOTICE order_submit.success :: updateStoreOrder :: #24407 :: email: dianaferrerosa@yahoo.com
2023-05-23T14:31:02+00:00 NOTICE order.member.updated :: Updated licedlopera@gmail.com subscriber status to subscribed and language to 
2023-05-23T14:31:02+00:00 NOTICE order_submit.success :: updateStoreOrder :: #24409 :: email: licedlopera@gmail.com
2023-05-23T14:31:05+00:00 NOTICE order.member.updated :: Updated sandradr777@gmail.com subscriber status to subscribed and language to 
2023-05-23T14:31:05+00:00 NOTICE order_submit.success :: updateStoreOrder :: #24410 :: email: sandradr777@gmail.com
2023-05-23T14:31:07+00:00 NOTICE order.member.updated :: Updated aleida_pato@hotmail.com subscriber status to subscribed and language to 
2023-05-23T14:31:07+00:00 NOTICE order_submit.success :: updateStoreOrder :: #24411 :: email: aleida_pato@hotmail.com
2023-05-23T14:31:09+00:00 NOTICE order.member.updated :: Updated Jehisonjd7@gmail.com subscriber status to subscribed and language to 
2023-05-23T14:31:09+00:00 NOTICE order_submit.success :: updateStoreOrder :: #24412 :: email: Jehisonjd7@gmail.com
2023-05-23T14:31:12+00:00 NOTICE order.member.updated :: Updated jhek370@hotmail.com subscriber status to subscribed and language to 
2023-05-23T14:31:12+00:00 NOTICE order_submit.success :: updateStoreOrder :: #24413 :: email: jhek370@hotmail.com
2023-05-23T14:31:15+00:00 NOTICE order.member.updated :: Updated Sandralop@gmail.com subscriber status to subscribed and language to 
2023-05-23T14:31:15+00:00 NOTICE order_submit.success :: updateStoreOrder :: #24414 :: email: Sandralop@gmail.com
2023-05-23T14:31:18+00:00 NOTICE order.member.updated :: Updated dacaroga94@gmail.com subscriber status to subscribed and language to 
2023-05-23T14:31:18+00:00 NOTICE order_submit.success :: updateStoreOrder :: #24416 :: email: dacaroga94@gmail.com
2023-05-23T14:31:21+00:00 NOTICE order.member.updated :: Updated nicolerivera5582@gmail.com subscriber status to transactional and language to 
2023-05-23T14:31:21+00:00 NOTICE order_submit.success :: updateStoreOrder :: #24417 :: email: nicolerivera5582@gmail.com
2023-05-23T14:31:30+00:00 NOTICE order.member.updated :: Updated maralarge680@hotmail.com subscriber status to transactional and language to 
2023-05-23T14:31:30+00:00 NOTICE order_submit.success :: updateStoreOrder :: #24418 :: email: maralarge680@hotmail.com
2023-05-23T14:31:33+00:00 NOTICE order.member.updated :: Updated mrueda15@gmail.com subscriber status to subscribed and language to 
2023-05-23T14:31:33+00:00 NOTICE order_submit.success :: updateStoreOrder :: #24420 :: email: mrueda15@gmail.com
2023-05-23T14:31:36+00:00 NOTICE order.member.updated :: Updated raskolnicov14@gmail.com subscriber status to subscribed and language to 
2023-05-23T14:31:36+00:00 NOTICE order_submit.success :: updateStoreOrder :: #24421 :: email: raskolnicov14@gmail.com
2023-05-23T15:26:02+00:00 NOTICE action_scheduler.queue_job :: MailChimp_WooCommerce_Single_Order starts in 90 seconds :: obj_id 24423
2023-05-23T15:26:03+00:00 NOTICE debug :: Order ID 24423 was pending and is now cancelled :: Array
(
    [new_order] => 
    [tracking] => 
)

2023-05-23T15:28:21+00:00 NOTICE order_submit :: #24423 has a financial status of cancelled and was skipped.
2023-05-23T19:18:24+00:00 NOTICE action_scheduler.queue_job :: MailChimp_WooCommerce_Cart_Update queued :: obj_id 3192e7836c4a786eca22b77291aa86dd
2023-05-23T19:18:27+00:00 NOTICE abandoned_cart.success :: email: cami.vera91@gmail.com :: checkout_url: https://naturalconexion.com/checkout/?mc_cart_id=3192e7836c4a786eca22b77291aa86dd
2023-05-23T19:18:28+00:00 NOTICE cart.member.updated :: Updated cami.vera91@gmail.com subscriber status to subscribed and language to es
2023-05-23T19:19:45+00:00 NOTICE action_scheduler.queue_job :: MailChimp_WooCommerce_Single_Order starts in 90 seconds :: obj_id 24432
2023-05-23T19:21:41+00:00 NOTICE order_submit :: #24432 has a financial status of pending and was skipped.
2023-05-23T19:24:28+00:00 NOTICE action_scheduler.queue_job :: MailChimp_WooCommerce_Single_Order starts in 90 seconds :: obj_id 24432
2023-05-23T19:24:32+00:00 NOTICE debug :: Order ID 24432 was pending and is now processing :: Array
(
    [new_order] => 1
    [tracking] => Array
        (
            [campaign_id] => 
            [landing_site] => https://naturalconexion.com/?wc-api=wc_addi_gateway
        )

)

2023-05-23T19:28:10+00:00 NOTICE order.member.updated :: Updated cami.vera91@gmail.com subscriber status to subscribed and language to 
2023-05-23T19:28:10+00:00 NOTICE order_submit.success :: addStoreOrder :: #24432 :: email: cami.vera91@gmail.com :: landing site https://naturalconexion.com/?wc-api=wc_addi_gateway :: abandoned cart deleted [3192e7836c4a786eca22b77291aa86dd]
2023-05-23T20:07:35+00:00 NOTICE action_scheduler.queue_job :: MailChimp_WooCommerce_Cart_Update queued :: obj_id 046288d0fbd2b4e556948de06cdb78b7
2023-05-23T20:08:17+00:00 NOTICE abandoned_cart.success :: email: 1234567dftyu@gmail.com :: checkout_url: https://naturalconexion.com/checkout/?mc_cart_id=046288d0fbd2b4e556948de06cdb78b7
2023-05-23T20:08:18+00:00 NOTICE cart.member.updated :: Updated 1234567dftyu@gmail.com subscriber status to transactional and language to es
2023-05-23T20:16:45+00:00 NOTICE action_scheduler.queue_job :: MailChimp_WooCommerce_Cart_Update queued :: obj_id 046288d0fbd2b4e556948de06cdb78b7
2023-05-23T20:17:38+00:00 NOTICE abandoned_cart.success :: email: 1234567dftyu@gmail.com :: checkout_url: https://naturalconexion.com/checkout/?mc_cart_id=046288d0fbd2b4e556948de06cdb78b7
2023-05-23T20:56:17+00:00 NOTICE action_scheduler.queue_job :: MailChimp_WooCommerce_Cart_Update queued :: obj_id 2124d3498debe0b7e7878a4c78191dce
2023-05-23T20:56:23+00:00 NOTICE abandoned_cart.success :: email: mauropalacio@gmail.com :: checkout_url: https://naturalconexion.com/checkout/?mc_cart_id=2124d3498debe0b7e7878a4c78191dce
2023-05-23T20:56:24+00:00 NOTICE cart.member.updated :: Updated mauropalacio@gmail.com subscriber status to transactional and language to es
