2023-02-21T12:30:37+00:00 NOTICE action_scheduler.queue_job :: MailChimp_WooCommerce_Single_Order starts in 90 seconds :: obj_id 23322
2023-02-21T12:30:40+00:00 NOTICE debug :: Order ID 23322 was processing and is now completed :: Array
(
    [new_order] => 
    [tracking] => 
)

2023-02-21T12:30:40+00:00 NOTICE action_scheduler.queue_job :: MailChimp_WooCommerce_Single_Order starts in 90 seconds :: obj_id 23323
2023-02-21T12:30:42+00:00 NOTICE debug :: Order ID 23323 was processing and is now completed :: Array
(
    [new_order] => 
    [tracking] => 
)

2023-02-21T12:30:42+00:00 NOTICE action_scheduler.queue_job :: MailChimp_WooCommerce_Single_Order starts in 90 seconds :: obj_id 23324
2023-02-21T12:30:44+00:00 NOTICE debug :: Order ID 23324 was processing and is now completed :: Array
(
    [new_order] => 
    [tracking] => 
)

2023-02-21T12:30:44+00:00 NOTICE action_scheduler.queue_job :: MailChimp_WooCommerce_Single_Order starts in 90 seconds :: obj_id 23325
2023-02-21T12:30:46+00:00 NOTICE debug :: Order ID 23325 was processing and is now completed :: Array
(
    [new_order] => 
    [tracking] => 
)

2023-02-21T12:30:46+00:00 NOTICE action_scheduler.queue_job :: MailChimp_WooCommerce_Single_Order starts in 90 seconds :: obj_id 23326
2023-02-21T12:30:49+00:00 NOTICE debug :: Order ID 23326 was processing and is now completed :: Array
(
    [new_order] => 
    [tracking] => 
)

2023-02-21T12:32:48+00:00 NOTICE order.member.updated :: Updated hi.soybeka@gmail.com subscriber status to transactional and language to 
2023-02-21T12:32:48+00:00 NOTICE order_submit.success :: updateStoreOrder :: #23322 :: email: hi.soybeka@gmail.com
2023-02-21T12:32:49+00:00 NOTICE order.member.updated :: Updated bettysanchez_21@hotmail.com subscriber status to subscribed and language to 
2023-02-21T12:32:49+00:00 NOTICE order_submit.success :: updateStoreOrder :: #23323 :: email: bettysanchez_21@hotmail.com
2023-02-21T12:32:50+00:00 NOTICE order.member.updated :: Updated manuela8930@hotmail.com subscriber status to transactional and language to 
2023-02-21T12:32:50+00:00 NOTICE order_submit.success :: updateStoreOrder :: #23324 :: email: manuela8930@hotmail.com
2023-02-21T12:32:52+00:00 NOTICE order.member.updated :: Updated Jcamilobarrera11@gmail.com subscriber status to subscribed and language to 
2023-02-21T12:32:52+00:00 NOTICE order_submit.success :: updateStoreOrder :: #23325 :: email: Jcamilobarrera11@gmail.com
2023-02-21T12:32:53+00:00 NOTICE order.member.updated :: Updated valentina.amado@outlook.com subscriber status to transactional and language to 
2023-02-21T12:32:53+00:00 NOTICE order_submit.success :: updateStoreOrder :: #23326 :: email: valentina.amado@outlook.com
2023-02-21T15:59:53+00:00 NOTICE action_scheduler.queue_job :: MailChimp_WooCommerce_Cart_Update queued :: obj_id 30db6d0dbaf7b022281ca38b17d49aef
2023-02-21T16:00:37+00:00 NOTICE abandoned_cart.success :: email: hanamarly.jm@gmail.com :: checkout_url: https://naturalconexion.com/checkout/?mc_cart_id=30db6d0dbaf7b022281ca38b17d49aef
2023-02-21T16:00:38+00:00 NOTICE cart.member.updated :: Updated hanamarly.jm@gmail.com subscriber status to transactional and language to es
2023-02-21T16:01:10+00:00 NOTICE action_scheduler.queue_job :: MailChimp_WooCommerce_Cart_Update queued :: obj_id 30db6d0dbaf7b022281ca38b17d49aef
2023-02-21T16:01:11+00:00 NOTICE abandoned_cart.success :: email: hanamarly.jm@gmail.com :: checkout_url: https://naturalconexion.com/checkout/?mc_cart_id=30db6d0dbaf7b022281ca38b17d49aef
2023-02-21T16:17:10+00:00 NOTICE action_scheduler.queue_job :: MailChimp_WooCommerce_Cart_Update queued :: obj_id 30db6d0dbaf7b022281ca38b17d49aef
2023-02-21T16:17:29+00:00 NOTICE abandoned_cart.success :: email: hanamarly.jm@gmail.com :: checkout_url: https://naturalconexion.com/checkout/?mc_cart_id=30db6d0dbaf7b022281ca38b17d49aef
2023-02-21T16:18:06+00:00 NOTICE action_scheduler.queue_job :: MailChimp_WooCommerce_Cart_Update queued :: obj_id 30db6d0dbaf7b022281ca38b17d49aef
2023-02-21T16:18:32+00:00 NOTICE abandoned_cart.success :: email: hanamarly.jm@gmail.com :: checkout_url: https://naturalconexion.com/checkout/?mc_cart_id=30db6d0dbaf7b022281ca38b17d49aef
2023-02-21T16:20:13+00:00 NOTICE action_scheduler.queue_job :: MailChimp_WooCommerce_Cart_Update queued :: obj_id 30db6d0dbaf7b022281ca38b17d49aef
2023-02-21T16:20:57+00:00 NOTICE abandoned_cart.success :: email: hanamarly.jm@gmail.com :: checkout_url: https://naturalconexion.com/checkout/?mc_cart_id=30db6d0dbaf7b022281ca38b17d49aef
2023-02-21T16:21:23+00:00 NOTICE action_scheduler.queue_job :: MailChimp_WooCommerce_Single_Order starts in 90 seconds :: obj_id 23327
2023-02-21T16:23:00+00:00 NOTICE order_submit :: #23327 has a financial status of pending and was skipped.
2023-02-21T16:23:21+00:00 NOTICE action_scheduler.queue_job :: MailChimp_WooCommerce_Cart_Update queued :: obj_id 30db6d0dbaf7b022281ca38b17d49aef
2023-02-21T16:24:49+00:00 NOTICE abandoned_cart.success :: email: hanamarly.jm@gmail.com :: checkout_url: https://naturalconexion.com/checkout/?mc_cart_id=30db6d0dbaf7b022281ca38b17d49aef
2023-02-21T17:21:24+00:00 NOTICE action_scheduler.queue_job :: MailChimp_WooCommerce_Single_Order starts in 90 seconds :: obj_id 23327
2023-02-21T17:21:24+00:00 NOTICE debug :: Order ID 23327 was pending and is now cancelled :: Array
(
    [new_order] => 
    [tracking] => 
)

2023-02-21T17:23:00+00:00 NOTICE order_submit :: #23327 has a financial status of cancelled and was skipped.
2023-02-21T21:00:50+00:00 NOTICE action_scheduler.queue_job :: MailChimp_WooCommerce_Single_Order starts in 90 seconds :: obj_id 23328
2023-02-21T21:00:50+00:00 NOTICE action_scheduler.queue_job :: MailChimp_WooCommerce_Cart_Update queued :: obj_id 49705ddc8eeba37ab178123e3a1aaaaf
2023-02-21T21:01:30+00:00 NOTICE abandoned_cart.success :: email: margaritamariacorrales@gmail.com :: checkout_url: https://naturalconexion.com/checkout/?mc_cart_id=49705ddc8eeba37ab178123e3a1aaaaf
2023-02-21T21:01:30+00:00 NOTICE cart.member.updated :: Updated margaritamariacorrales@gmail.com subscriber status to subscribed and language to es
2023-02-21T21:02:35+00:00 NOTICE order_submit :: #23328 has a financial status of pending and was skipped.
2023-02-21T21:04:02+00:00 NOTICE action_scheduler.queue_job :: MailChimp_WooCommerce_Single_Order starts in 90 seconds :: obj_id 23328
2023-02-21T21:04:05+00:00 NOTICE debug :: Order ID 23328 was pending and is now processing :: Array
(
    [new_order] => 1
    [tracking] => Array
        (
            [campaign_id] => 
            [landing_site] => https://naturalconexion.com/wp-content/plugins/woocommerce-payu-latam/confirmation.php
        )

)

2023-02-21T21:06:24+00:00 NOTICE order.member.updated :: Updated margaritamariacorrales@gmail.com subscriber status to subscribed and language to 
2023-02-21T21:06:24+00:00 NOTICE order_submit.success :: addStoreOrder :: #23328 :: email: margaritamariacorrales@gmail.com :: landing site https://naturalconexion.com/wp-content/plugins/woocommerce-payu-latam/confirmation.php :: abandoned cart deleted [49705ddc8eeba37ab178123e3a1aaaaf]
2023-02-21T22:05:26+00:00 NOTICE action_scheduler.queue_job :: MailChimp_WooCommerce_Cart_Update queued :: obj_id cef5255263f5c864003473a18402ff6a
2023-02-21T22:05:30+00:00 NOTICE abandoned_cart.success :: email: calistajupiter@gmail.com :: checkout_url: https://naturalconexion.com/checkout/?mc_cart_id=cef5255263f5c864003473a18402ff6a
2023-02-21T22:05:31+00:00 NOTICE cart.member.updated :: Updated calistajupiter@gmail.com subscriber status to transactional and language to es
2023-02-21T22:05:45+00:00 NOTICE action_scheduler.queue_job :: MailChimp_WooCommerce_Cart_Update queued :: obj_id cef5255263f5c864003473a18402ff6a
2023-02-21T22:06:00+00:00 NOTICE action_scheduler.queue_job :: MailChimp_WooCommerce_Single_Order starts in 90 seconds :: obj_id 23329
2023-02-21T22:06:10+00:00 NOTICE abandoned_cart.success :: email: calistajupiter@gmail.com :: checkout_url: https://naturalconexion.com/checkout/?mc_cart_id=cef5255263f5c864003473a18402ff6a
2023-02-21T22:07:50+00:00 NOTICE debug :: Order ID 23329 was pending and is now processing :: Array
(
    [new_order] => 1
    [tracking] => Array
        (
            [campaign_id] => 
            [landing_site] => https://naturalconexion.com/wp-content/plugins/woocommerce-payu-latam/confirmation.php
        )

)

2023-02-21T22:09:31+00:00 NOTICE order.member.updated :: Updated calistajupiter@gmail.com subscriber status to transactional and language to es
2023-02-21T22:09:31+00:00 NOTICE order_submit.success :: addStoreOrder :: #23329 :: email: calistajupiter@gmail.com :: landing site https://naturalconexion.com/product/crema-facial-confrey-y-pepino/?utm_source=Campa%c3%b1as+Doppler&utm_medium=email&utm_campaign=VC+Febrero+%7c+Protector+Solar&dplrid=63616C697374616A75706974657240676D61696C2E636F6D :: abandoned cart deleted [cef5255263f5c864003473a18402ff6a]
2023-02-21T22:18:56+00:00 NOTICE action_scheduler.queue_job :: MailChimp_WooCommerce_Cart_Update queued :: obj_id f6890482749161ab1635b905550906e3
2023-02-21T22:19:12+00:00 NOTICE abandoned_cart.success :: email: jwant48@yahoo.com :: checkout_url: https://naturalconexion.com/checkout/?mc_cart_id=f6890482749161ab1635b905550906e3
2023-02-21T22:19:12+00:00 NOTICE cart.member.updated :: Updated jwant48@yahoo.com subscriber status to transactional and language to es
2023-02-21T22:21:07+00:00 NOTICE action_scheduler.queue_job :: MailChimp_WooCommerce_User_Submit queued :: obj_id 2420
2023-02-21T22:21:08+00:00 NOTICE action_scheduler.queue_job :: MailChimp_WooCommerce_Single_Order starts in 90 seconds :: obj_id 23330
2023-02-21T22:21:10+00:00 NOTICE debug :: Order ID 23330 was pending and is now processing :: Array
(
    [new_order] => 1
    [tracking] => Array
        (
            [campaign_id] => 
            [landing_site] => https://naturalconexion.com/
        )

)

2023-02-21T22:21:28+00:00 NOTICE member.sync :: Updated Member jwant48@yahoo.com :: Array
(
    [previous_status] => transactional
    [status] => 1
    [language] => 
    [merge_fields] => Array
        (
            [FNAME] => Jaclyn
            [LNAME] => Kilani
        )

    [gdpr_fields] => 
)

2023-02-21T22:22:42+00:00 NOTICE order.member.updated :: Updated jwant48@yahoo.com subscriber status to subscribed and language to es
2023-02-21T22:22:42+00:00 NOTICE order_submit.success :: addStoreOrder :: #23330 :: email: jwant48@yahoo.com :: landing site https://naturalconexion.com/ :: abandoned cart deleted [f6890482749161ab1635b905550906e3]
