2023-07-28T00:53:38+00:00 NOTICE action_scheduler.queue_job :: MailChimp_WooCommerce_Single_Order starts in 90 seconds :: obj_id 25261
2023-07-28T00:53:38+00:00 NOTICE debug :: Order ID 25261 was pending and is now cancelled :: Array
(
    [new_order] => 
    [tracking] => 
)

2023-07-28T00:55:44+00:00 NOTICE order_submit :: #25261 has a financial status of cancelled and was skipped.
2023-07-28T02:22:30+00:00 NOTICE action_scheduler.queue_job :: MailChimp_WooCommerce_Cart_Update queued :: obj_id 25ee3720f62b78e4d04c0fa3570ddc53
2023-07-28T02:23:16+00:00 NOTICE abandoned_cart.success :: email: zoragomez@hotmail.com :: checkout_url: https://naturalconexion.com/checkout/?mc_cart_id=25ee3720f62b78e4d04c0fa3570ddc53
2023-07-28T02:23:16+00:00 NOTICE cart.member.updated :: Updated zoragomez@hotmail.com subscriber status to subscribed and language to es
2023-07-28T02:23:21+00:00 NOTICE action_scheduler.queue_job :: MailChimp_WooCommerce_Single_Order starts in 90 seconds :: obj_id 25262
2023-07-28T02:24:55+00:00 NOTICE order_submit :: #25262 has a financial status of pending and was skipped.
2023-07-28T02:25:10+00:00 NOTICE action_scheduler.queue_job :: MailChimp_WooCommerce_Single_Order starts in 90 seconds :: obj_id 25262
2023-07-28T02:25:13+00:00 NOTICE debug :: Order ID 25262 was pending and is now processing :: Array
(
    [new_order] => 1
    [tracking] => Array
        (
            [campaign_id] => 
            [landing_site] => https://naturalconexion.com/wp-content/plugins/woocommerce-payu-latam/confirmation.php
        )

)

2023-07-28T02:27:34+00:00 NOTICE order.member.updated :: Updated zoragomez@hotmail.com subscriber status to subscribed and language to 
2023-07-28T02:27:34+00:00 NOTICE order_submit.success :: addStoreOrder :: #25262 :: email: zoragomez@hotmail.com :: landing site https://naturalconexion.com/wp-content/plugins/woocommerce-payu-latam/confirmation.php :: abandoned cart deleted [25ee3720f62b78e4d04c0fa3570ddc53]
2023-07-28T04:12:17+00:00 NOTICE action_scheduler.queue_job :: MailChimp_WooCommerce_Cart_Update queued :: obj_id 6c96d4fefb1d7b19cdfe0cca39694a5e
2023-07-28T04:12:25+00:00 NOTICE abandoned_cart.success :: email: cata0218@gmail.com :: checkout_url: https://naturalconexion.com/checkout/?mc_cart_id=6c96d4fefb1d7b19cdfe0cca39694a5e
2023-07-28T04:12:25+00:00 NOTICE cart.member.updated :: Updated cata0218@gmail.com subscriber status to subscribed and language to es
2023-07-28T04:12:49+00:00 NOTICE action_scheduler.queue_job :: MailChimp_WooCommerce_Cart_Update queued :: obj_id 6c96d4fefb1d7b19cdfe0cca39694a5e
2023-07-28T04:12:56+00:00 NOTICE abandoned_cart.success :: email: cata0218@gmail.com :: checkout_url: https://naturalconexion.com/checkout/?mc_cart_id=6c96d4fefb1d7b19cdfe0cca39694a5e
2023-07-28T04:13:08+00:00 NOTICE action_scheduler.queue_job :: MailChimp_WooCommerce_Cart_Update queued :: obj_id 6c96d4fefb1d7b19cdfe0cca39694a5e
2023-07-28T04:13:27+00:00 NOTICE abandoned_cart.success :: email: cata0218@gmail.com :: checkout_url: https://naturalconexion.com/checkout/?mc_cart_id=6c96d4fefb1d7b19cdfe0cca39694a5e
2023-07-28T04:15:47+00:00 NOTICE action_scheduler.queue_job :: MailChimp_WooCommerce_Cart_Update queued :: obj_id 6c96d4fefb1d7b19cdfe0cca39694a5e
2023-07-28T04:16:07+00:00 NOTICE action_scheduler.queue_job :: MailChimp_WooCommerce_Single_Order starts in 90 seconds :: obj_id 25263
2023-07-28T04:16:08+00:00 NOTICE abandoned_cart.success :: email: cata0218@gmail.com :: checkout_url: https://naturalconexion.com/checkout/?mc_cart_id=6c96d4fefb1d7b19cdfe0cca39694a5e
2023-07-28T04:17:59+00:00 NOTICE order_submit :: #25263 has a financial status of pending and was skipped.
2023-07-28T04:18:01+00:00 NOTICE action_scheduler.queue_job :: MailChimp_WooCommerce_Single_Order starts in 90 seconds :: obj_id 25263
2023-07-28T04:18:05+00:00 NOTICE debug :: Order ID 25263 was pending and is now processing :: Array
(
    [new_order] => 1
    [tracking] => Array
        (
            [campaign_id] => 
            [landing_site] => https://naturalconexion.com/wp-content/plugins/woocommerce-payu-latam/confirmation.php
        )

)

2023-07-28T04:22:31+00:00 NOTICE order.member.updated :: Updated cata0218@gmail.com subscriber status to subscribed and language to 
2023-07-28T04:22:31+00:00 NOTICE order_submit.success :: addStoreOrder :: #25263 :: email: cata0218@gmail.com :: landing site https://naturalconexion.com/wp-content/plugins/woocommerce-payu-latam/confirmation.php :: abandoned cart deleted [6c96d4fefb1d7b19cdfe0cca39694a5e]
2023-07-28T05:10:33+00:00 NOTICE action_scheduler.queue_job :: MailChimp_WooCommerce_Single_Order starts in 90 seconds :: obj_id 25119
2023-07-28T05:10:33+00:00 NOTICE debug :: Order ID 25119 was cancelled and is now failed :: Array
(
    [new_order] => 
    [tracking] => 
)

2023-07-28T12:16:48+00:00 NOTICE action_scheduler.queue_job :: MailChimp_WooCommerce_Single_Order starts in 90 seconds :: obj_id 25255
2023-07-28T12:16:50+00:00 NOTICE debug :: Order ID 25255 was processing and is now completed :: Array
(
    [new_order] => 
    [tracking] => 
)

2023-07-28T12:16:50+00:00 NOTICE action_scheduler.queue_job :: MailChimp_WooCommerce_Single_Order starts in 90 seconds :: obj_id 25258
2023-07-28T12:16:52+00:00 NOTICE debug :: Order ID 25258 was processing and is now completed :: Array
(
    [new_order] => 
    [tracking] => 
)

2023-07-28T12:16:52+00:00 NOTICE action_scheduler.queue_job :: MailChimp_WooCommerce_Single_Order starts in 90 seconds :: obj_id 25260
2023-07-28T12:16:53+00:00 NOTICE debug :: Order ID 25260 was processing and is now completed :: Array
(
    [new_order] => 
    [tracking] => 
)

2023-07-28T12:16:53+00:00 NOTICE action_scheduler.queue_job :: MailChimp_WooCommerce_Single_Order starts in 90 seconds :: obj_id 25262
2023-07-28T12:16:54+00:00 NOTICE debug :: Order ID 25262 was processing and is now completed :: Array
(
    [new_order] => 
    [tracking] => 
)

2023-07-28T12:16:54+00:00 NOTICE action_scheduler.queue_job :: MailChimp_WooCommerce_Single_Order starts in 90 seconds :: obj_id 25263
2023-07-28T12:16:55+00:00 NOTICE debug :: Order ID 25263 was processing and is now completed :: Array
(
    [new_order] => 
    [tracking] => 
)

2023-07-28T12:20:23+00:00 NOTICE order.member.updated :: Updated casiopea1504@gmail.com subscriber status to subscribed and language to 
2023-07-28T12:20:23+00:00 NOTICE order_submit.success :: updateStoreOrder :: #25255 :: email: casiopea1504@gmail.com
2023-07-28T12:20:25+00:00 NOTICE order.member.updated :: Updated MPAULA1523@GMAIL.COM subscriber status to transactional and language to 
2023-07-28T12:20:25+00:00 NOTICE order_submit.success :: updateStoreOrder :: #25258 :: email: MPAULA1523@GMAIL.COM
2023-07-28T12:20:27+00:00 NOTICE order.member.updated :: Updated lolopi27@hotmail.com subscriber status to subscribed and language to 
2023-07-28T12:20:27+00:00 NOTICE order_submit.success :: updateStoreOrder :: #25260 :: email: lolopi27@hotmail.com
2023-07-28T12:20:29+00:00 NOTICE order.member.updated :: Updated zoragomez@hotmail.com subscriber status to subscribed and language to 
2023-07-28T12:20:29+00:00 NOTICE order_submit.success :: updateStoreOrder :: #25262 :: email: zoragomez@hotmail.com
2023-07-28T12:20:31+00:00 NOTICE order.member.updated :: Updated cata0218@gmail.com subscriber status to subscribed and language to 
2023-07-28T12:20:31+00:00 NOTICE order_submit.success :: updateStoreOrder :: #25263 :: email: cata0218@gmail.com
2023-07-28T12:55:44+00:00 NOTICE action_scheduler.queue_job :: MailChimp_WooCommerce_Single_Order starts in 90 seconds :: obj_id 25264
2023-07-28T12:55:44+00:00 NOTICE action_scheduler.queue_job :: MailChimp_WooCommerce_Cart_Update queued :: obj_id f3704aec599f7a00e1f399018841908f
2023-07-28T12:55:46+00:00 NOTICE abandoned_cart.success :: email: angelicaross34144@hotmail.com :: checkout_url: https://naturalconexion.com/checkout/?mc_cart_id=f3704aec599f7a00e1f399018841908f
2023-07-28T12:55:47+00:00 NOTICE cart.member.updated :: Updated angelicaross34144@hotmail.com subscriber status to transactional and language to es
2023-07-28T12:57:46+00:00 NOTICE order_submit :: #25264 has a financial status of pending and was skipped.
2023-07-28T13:08:05+00:00 NOTICE action_scheduler.queue_job :: MailChimp_WooCommerce_Single_Order starts in 90 seconds :: obj_id 25264
2023-07-28T13:08:07+00:00 NOTICE debug :: Order ID 25264 was pending and is now failed :: Array
(
    [new_order] => 
    [tracking] => 
)

2023-07-28T13:26:06+00:00 NOTICE action_scheduler.queue_job :: MailChimp_WooCommerce_Cart_Update queued :: obj_id c481e66b210d251ea540165e67fddf86
2023-07-28T13:26:21+00:00 NOTICE abandoned_cart.success :: email: m.isabelcer@hotmail.com :: checkout_url: https://naturalconexion.com/checkout/?mc_cart_id=c481e66b210d251ea540165e67fddf86
2023-07-28T13:26:22+00:00 NOTICE cart.member.updated :: Updated m.isabelcer@hotmail.com subscriber status to transactional and language to es
2023-07-28T13:26:59+00:00 NOTICE action_scheduler.queue_job :: MailChimp_WooCommerce_Cart_Update queued :: obj_id c481e66b210d251ea540165e67fddf86
2023-07-28T13:27:30+00:00 NOTICE abandoned_cart.success :: email: m.isabelcer@hotmail.com :: checkout_url: https://naturalconexion.com/checkout/?mc_cart_id=c481e66b210d251ea540165e67fddf86
2023-07-28T13:28:54+00:00 NOTICE action_scheduler.queue_job :: MailChimp_WooCommerce_Cart_Update queued :: obj_id c481e66b210d251ea540165e67fddf86
2023-07-28T13:28:55+00:00 NOTICE abandoned_cart.success :: email: m.isabelcer@hotmail.com :: checkout_url: https://naturalconexion.com/checkout/?mc_cart_id=c481e66b210d251ea540165e67fddf86
2023-07-28T14:30:42+00:00 NOTICE action_scheduler.queue_job :: MailChimp_WooCommerce_Cart_Update queued :: obj_id 33c6e2b985d8080688f6df5e2af5c68f
2023-07-28T14:31:12+00:00 NOTICE abandoned_cart.success :: email: ifinyu97@gmail.com :: checkout_url: https://naturalconexion.com/checkout/?mc_cart_id=33c6e2b985d8080688f6df5e2af5c68f
2023-07-28T14:31:12+00:00 NOTICE cart.member.updated :: Updated ifinyu97@gmail.com subscriber status to transactional and language to es
2023-07-28T14:33:15+00:00 NOTICE action_scheduler.queue_job :: MailChimp_WooCommerce_Cart_Update queued :: obj_id 33c6e2b985d8080688f6df5e2af5c68f
2023-07-28T14:33:48+00:00 NOTICE action_scheduler.queue_job :: MailChimp_WooCommerce_User_Submit queued :: obj_id 2578
2023-07-28T14:33:50+00:00 NOTICE action_scheduler.queue_job :: MailChimp_WooCommerce_Single_Order starts in 90 seconds :: obj_id 25265
2023-07-28T14:33:53+00:00 NOTICE abandoned_cart.success :: email: ifinyu97@gmail.com :: checkout_url: https://naturalconexion.com/checkout/?mc_cart_id=33c6e2b985d8080688f6df5e2af5c68f
2023-07-28T14:33:54+00:00 NOTICE member.sync :: Updated Member ifinyu97@gmail.com :: Array
(
    [previous_status] => transactional
    [status] => 1
    [language] => 
    [merge_fields] => Array
        (
            [FNAME] => IVAN
            [LNAME] => GUTIERREZ
        )

    [gdpr_fields] => 
)

2023-07-28T14:35:38+00:00 NOTICE debug :: Order ID 25265 was pending and is now processing :: Array
(
    [new_order] => 1
    [tracking] => Array
        (
            [campaign_id] => 
            [landing_site] => https://naturalconexion.com/wp-content/plugins/woocommerce-payu-latam/confirmation.php
        )

)

2023-07-28T14:38:04+00:00 NOTICE order.member.updated :: Updated ifinyu97@gmail.com subscriber status to subscribed and language to es
2023-07-28T14:38:04+00:00 NOTICE order_submit.success :: addStoreOrder :: #25265 :: email: ifinyu97@gmail.com :: landing site https://naturalconexion.com/nuestros-aliados/?gclid=EAIaIQobChMIr5_g_86xgAMVSSCtBh0QPQ4zEAAYASABEgLJJ_D_BwE :: abandoned cart deleted [33c6e2b985d8080688f6df5e2af5c68f]
2023-07-28T15:38:33+00:00 NOTICE action_scheduler.queue_job :: MailChimp_WooCommerce_Single_Order starts in 90 seconds :: obj_id 25257
2023-07-28T15:38:38+00:00 NOTICE debug :: Order ID 25257 was failed and is now processing :: Array
(
    [new_order] => 
    [tracking] => 
)

2023-07-28T15:40:38+00:00 NOTICE order.member.updated :: Updated vivianajerezm@hotmail.es subscriber status to subscribed and language to 
2023-07-28T15:40:38+00:00 NOTICE order_submit.success :: addStoreOrder :: #25257 :: email: vivianajerezm@hotmail.es :: landing site https://naturalconexion.com/wp-content/plugins/woocommerce-payu-latam/confirmation.php
2023-07-28T17:00:50+00:00 NOTICE action_scheduler.queue_job :: MailChimp_WooCommerce_Single_Order starts in 90 seconds :: obj_id 25267
2023-07-28T17:00:54+00:00 NOTICE debug :: Order ID 25267 was pending and is now processing :: Array
(
    [new_order] => 1
    [tracking] => Array
        (
            [campaign_id] => 
            [landing_site] => https://naturalconexion.com/politicas-de-privacidad/
        )

)

2023-07-28T17:02:30+00:00 NOTICE order.member.updated :: Updated cuevastapias@gmail.com subscriber status to subscribed and language to es
2023-07-28T17:02:30+00:00 NOTICE order_submit.success :: addStoreOrder :: #25267 :: email: cuevastapias@gmail.com :: landing site https://naturalconexion.com/politicas-de-privacidad/
2023-07-28T17:08:23+00:00 NOTICE action_scheduler.queue_job :: MailChimp_WooCommerce_Cart_Update queued :: obj_id a9c6d3d59534d15ba5098407dcd9050c
2023-07-28T17:10:28+00:00 NOTICE abandoned_cart.success :: email: tamayo_mayte@yahoo.com :: checkout_url: https://naturalconexion.com/checkout/?mc_cart_id=a9c6d3d59534d15ba5098407dcd9050c
2023-07-28T17:10:28+00:00 NOTICE cart.member.updated :: Updated tamayo_mayte@yahoo.com subscriber status to subscribed and language to es
2023-07-28T17:12:25+00:00 NOTICE action_scheduler.queue_job :: MailChimp_WooCommerce_Single_Order starts in 90 seconds :: obj_id 25268
2023-07-28T17:14:01+00:00 NOTICE debug :: Order ID 25268 was pending and is now processing :: Array
(
    [new_order] => 1
    [tracking] => Array
        (
            [campaign_id] => 
            [landing_site] => https://naturalconexion.com/wp-content/plugins/woocommerce-payu-latam/confirmation.php
        )

)

2023-07-28T17:15:59+00:00 NOTICE order.member.updated :: Updated tamayo_mayte@yahoo.com subscriber status to subscribed and language to es
2023-07-28T17:15:59+00:00 NOTICE order_submit.success :: addStoreOrder :: #25268 :: email: tamayo_mayte@yahoo.com :: landing site https://naturalconexion.com/lanzamiento/?utm_source=uac&utm_medium=email&utm_campaign=uac_email_Ntral_COL_EMK2023JulLanzamiento1_1_260723&utm_content=img&utm_term=Ntral_COL_EMK2023JulLanzamiento1_1 :: abandoned cart deleted [a9c6d3d59534d15ba5098407dcd9050c]
2023-07-28T18:32:42+00:00 NOTICE action_scheduler.queue_job :: MailChimp_WooCommerce_Cart_Update queued :: obj_id a38b39823a2b3c8a840c14cd21b9db01
2023-07-28T18:33:15+00:00 NOTICE abandoned_cart.success :: email: lorenasofi2710@gmail.com :: checkout_url: https://naturalconexion.com/checkout/?mc_cart_id=a38b39823a2b3c8a840c14cd21b9db01
2023-07-28T18:33:16+00:00 NOTICE cart.member.updated :: Updated lorenasofi2710@gmail.com subscriber status to subscribed and language to es
2023-07-28T18:35:51+00:00 NOTICE action_scheduler.queue_job :: MailChimp_WooCommerce_Single_Order starts in 90 seconds :: obj_id 25269
2023-07-28T18:38:10+00:00 NOTICE order_submit :: #25269 has a financial status of pending and was skipped.
2023-07-28T18:41:19+00:00 NOTICE action_scheduler.queue_job :: MailChimp_WooCommerce_Single_Order starts in 90 seconds :: obj_id 25269
2023-07-28T18:41:23+00:00 NOTICE debug :: Order ID 25269 was pending and is now processing :: Array
(
    [new_order] => 1
    [tracking] => Array
        (
            [campaign_id] => 
            [landing_site] => https://naturalconexion.com/wp-content/plugins/woocommerce-payu-latam/confirmation.php
        )

)

2023-07-28T18:43:10+00:00 NOTICE order.member.updated :: Updated lorenasofi2710@gmail.com subscriber status to subscribed and language to 
2023-07-28T18:43:10+00:00 NOTICE order_submit.success :: addStoreOrder :: #25269 :: email: lorenasofi2710@gmail.com :: landing site https://naturalconexion.com/wp-content/plugins/woocommerce-payu-latam/confirmation.php :: abandoned cart deleted [a38b39823a2b3c8a840c14cd21b9db01]
2023-07-28T19:29:34+00:00 NOTICE action_scheduler.queue_job :: MailChimp_WooCommerce_Cart_Update queued :: obj_id caf799e697f7d2b6f2a57f41ca94d882
2023-07-28T19:30:16+00:00 NOTICE abandoned_cart.success :: email: andre1111ruiz@gmail.com :: checkout_url: https://naturalconexion.com/checkout/?mc_cart_id=caf799e697f7d2b6f2a57f41ca94d882
2023-07-28T19:30:16+00:00 NOTICE cart.member.updated :: Updated andre1111ruiz@gmail.com subscriber status to transactional and language to es
2023-07-28T19:36:48+00:00 NOTICE ac.cart_swap :: Deleted cart [andre1111ruiz@gmail.com] :: ID [caf799e697f7d2b6f2a57f41ca94d882]
2023-07-28T19:36:49+00:00 NOTICE action_scheduler.queue_job :: MailChimp_WooCommerce_Cart_Update queued :: obj_id 8e0cba31b20a085b462f413661e8ab82
2023-07-28T19:37:07+00:00 NOTICE abandoned_cart.success :: email: ruizaguilarandrea8@gmail.com :: checkout_url: https://naturalconexion.com/checkout/?mc_cart_id=8e0cba31b20a085b462f413661e8ab82
2023-07-28T19:37:08+00:00 NOTICE cart.member.updated :: Updated ruizaguilarandrea8@gmail.com subscriber status to transactional and language to es
2023-07-28T19:38:10+00:00 NOTICE action_scheduler.queue_job :: MailChimp_WooCommerce_Single_Order starts in 90 seconds :: obj_id 25270
2023-07-28T19:41:27+00:00 NOTICE debug :: Order ID 25270 was pending and is now processing :: Array
(
    [new_order] => 1
    [tracking] => Array
        (
            [campaign_id] => 
            [landing_site] => https://naturalconexion.com/wp-content/plugins/woocommerce-payu-latam/confirmation.php
        )

)

2023-07-28T19:43:34+00:00 NOTICE order.member.updated :: Updated ruizaguilarandrea8@gmail.com subscriber status to transactional and language to es
2023-07-28T19:43:34+00:00 NOTICE order_submit.success :: addStoreOrder :: #25270 :: email: ruizaguilarandrea8@gmail.com :: landing site https://naturalconexion.com/leads/?fbclid=PAAaYllhjAMKusjvrDAyVL58EAvVaVdLafTceegbWwKUnmxvOrbD-qKiTu4m0_aem_AcQA7xS5ZWh5MPRAIZRsNe3V3vBEuB8s04WodrDEUQrubMIaVAUEnpFRoR5aDJV6NAm5sFxVLI3qphutIo9stap2 :: abandoned cart deleted [8e0cba31b20a085b462f413661e8ab82]
2023-07-28T20:03:55+00:00 NOTICE action_scheduler.queue_job :: MailChimp_WooCommerce_Cart_Update queued :: obj_id 285d961708178fa66bf08ba345c32bc1
2023-07-28T20:03:55+00:00 NOTICE action_scheduler.queue_job :: MailChimp_WooCommerce_Single_Order starts in 90 seconds :: obj_id 25271
2023-07-28T20:03:56+00:00 NOTICE abandoned_cart.success :: email: dahiana.rc24@gmail.com :: checkout_url: https://naturalconexion.com/checkout/?mc_cart_id=285d961708178fa66bf08ba345c32bc1
2023-07-28T20:03:56+00:00 NOTICE cart.member.updated :: Updated dahiana.rc24@gmail.com subscriber status to transactional and language to es
2023-07-28T20:07:32+00:00 NOTICE order_submit :: #25271 has a financial status of pending and was skipped.
2023-07-28T21:04:00+00:00 NOTICE action_scheduler.queue_job :: MailChimp_WooCommerce_Single_Order starts in 90 seconds :: obj_id 25271
2023-07-28T21:04:01+00:00 NOTICE debug :: Order ID 25271 was pending and is now cancelled :: Array
(
    [new_order] => 
    [tracking] => 
)

2023-07-28T21:05:32+00:00 NOTICE order_submit :: #25271 has a financial status of cancelled and was skipped.
