2023-06-29T13:01:51+00:00 NOTICE action_scheduler.queue_job :: MailChimp_WooCommerce_Single_Order starts in 90 seconds :: obj_id 24926
2023-06-29T13:01:52+00:00 NOTICE debug :: Order ID 24926 was processing and is now completed :: Array
(
    [new_order] => 
    [tracking] => 
)

2023-06-29T13:01:52+00:00 NOTICE action_scheduler.queue_job :: MailChimp_WooCommerce_Single_Order starts in 90 seconds :: obj_id 24928
2023-06-29T13:01:53+00:00 NOTICE debug :: Order ID 24928 was processing and is now completed :: Array
(
    [new_order] => 
    [tracking] => 
)

2023-06-29T13:01:53+00:00 NOTICE action_scheduler.queue_job :: MailChimp_WooCommerce_Single_Order starts in 90 seconds :: obj_id 24929
2023-06-29T13:01:54+00:00 NOTICE debug :: Order ID 24929 was processing and is now completed :: Array
(
    [new_order] => 
    [tracking] => 
)

2023-06-29T13:01:54+00:00 NOTICE action_scheduler.queue_job :: MailChimp_WooCommerce_Single_Order starts in 90 seconds :: obj_id 24930
2023-06-29T13:01:55+00:00 NOTICE debug :: Order ID 24930 was processing and is now completed :: Array
(
    [new_order] => 
    [tracking] => 
)

2023-06-29T13:01:55+00:00 NOTICE action_scheduler.queue_job :: MailChimp_WooCommerce_Single_Order starts in 90 seconds :: obj_id 24931
2023-06-29T13:01:55+00:00 NOTICE debug :: Order ID 24931 was processing and is now completed :: Array
(
    [new_order] => 
    [tracking] => 
)

2023-06-29T13:03:26+00:00 NOTICE order.member.updated :: Updated julianarestrepo22@gmail.com subscriber status to subscribed and language to 
2023-06-29T13:03:26+00:00 NOTICE order_submit.success :: updateStoreOrder :: #24926 :: email: julianarestrepo22@gmail.com
2023-06-29T13:03:29+00:00 NOTICE order.member.updated :: Updated danila.urrea.gil@gmail.com subscriber status to transactional and language to 
2023-06-29T13:03:29+00:00 NOTICE order_submit.success :: updateStoreOrder :: #24928 :: email: danila.urrea.gil@gmail.com
2023-06-29T13:03:32+00:00 NOTICE order.member.updated :: Updated julianasuam@hotmail.com subscriber status to transactional and language to 
2023-06-29T13:03:32+00:00 NOTICE order_submit.success :: updateStoreOrder :: #24929 :: email: julianasuam@hotmail.com
2023-06-29T13:03:35+00:00 NOTICE order.member.updated :: Updated j.p.maya20@gmail.com subscriber status to transactional and language to 
2023-06-29T13:03:35+00:00 NOTICE order_submit.success :: updateStoreOrder :: #24930 :: email: j.p.maya20@gmail.com
2023-06-29T13:03:37+00:00 NOTICE order.member.updated :: Updated Cardona.leydi@gmail.com subscriber status to subscribed and language to 
2023-06-29T13:03:37+00:00 NOTICE order_submit.success :: updateStoreOrder :: #24931 :: email: Cardona.leydi@gmail.com
2023-06-29T15:19:07+00:00 NOTICE action_scheduler.queue_job :: MailChimp_WooCommerce_Cart_Update queued :: obj_id dd7133a5e6c610a9c8fc7ecfe74f0236
2023-06-29T15:19:10+00:00 NOTICE abandoned_cart.success :: email: mcarolinehernandez@gmail.com :: checkout_url: https://naturalconexion.com/checkout/?mc_cart_id=dd7133a5e6c610a9c8fc7ecfe74f0236
2023-06-29T15:19:11+00:00 NOTICE cart.member.updated :: Updated mcarolinehernandez@gmail.com subscriber status to transactional and language to es
2023-06-29T15:43:43+00:00 NOTICE action_scheduler.queue_job :: MailChimp_WooCommerce_Single_Order starts in 90 seconds :: obj_id 24933
2023-06-29T15:47:07+00:00 NOTICE order_submit :: #24933 has a financial status of pending and was skipped.
2023-06-29T15:47:21+00:00 NOTICE action_scheduler.queue_job :: MailChimp_WooCommerce_Single_Order starts in 90 seconds :: obj_id 24933
2023-06-29T15:47:24+00:00 NOTICE debug :: Order ID 24933 was pending and is now processing :: Array
(
    [new_order] => 1
    [tracking] => Array
        (
            [campaign_id] => 
            [landing_site] => https://naturalconexion.com/?wc-api=wc_addi_gateway
        )

)

2023-06-29T15:49:41+00:00 NOTICE order.member.updated :: Updated mcarolinehernandez@gmail.com subscriber status to subscribed and language to 
2023-06-29T15:49:41+00:00 NOTICE order_submit.success :: addStoreOrder :: #24933 :: email: mcarolinehernandez@gmail.com :: landing site https://naturalconexion.com/?wc-api=wc_addi_gateway :: abandoned cart deleted [dd7133a5e6c610a9c8fc7ecfe74f0236]
2023-06-29T17:14:02+00:00 NOTICE action_scheduler.queue_job :: MailChimp_WooCommerce_Cart_Update queued :: obj_id a2f2eb4d5dc40c00d8e93b4aaf4bae2c
2023-06-29T17:14:04+00:00 NOTICE abandoned_cart.success :: email: monoaya@hotmail.com :: checkout_url: https://naturalconexion.com/checkout/?mc_cart_id=a2f2eb4d5dc40c00d8e93b4aaf4bae2c
2023-06-29T17:14:04+00:00 NOTICE cart.member.updated :: Updated monoaya@hotmail.com subscriber status to transactional and language to es
2023-06-29T17:19:20+00:00 NOTICE action_scheduler.queue_job :: MailChimp_WooCommerce_Cart_Update queued :: obj_id a2f2eb4d5dc40c00d8e93b4aaf4bae2c
2023-06-29T17:20:21+00:00 NOTICE abandoned_cart.success :: email: monoaya@hotmail.com :: checkout_url: https://naturalconexion.com/checkout/?mc_cart_id=a2f2eb4d5dc40c00d8e93b4aaf4bae2c
2023-06-29T21:48:51+00:00 NOTICE action_scheduler.queue_job :: MailChimp_WooCommerce_Single_Product starts in 5 seconds :: obj_id 7674
2023-06-29T21:49:06+00:00 NOTICE product_submit.success :: updateStoreProduct :: #7674
2023-06-29T23:58:24+00:00 NOTICE action_scheduler.queue_job :: MailChimp_WooCommerce_Cart_Update queued :: obj_id f1d6a94f72aa081c748eb4486636b352
2023-06-29T23:58:57+00:00 NOTICE abandoned_cart.success :: email: bibianaalvarezfranco@gmail.com :: checkout_url: https://naturalconexion.com/checkout/?mc_cart_id=f1d6a94f72aa081c748eb4486636b352
2023-06-29T23:58:57+00:00 NOTICE cart.member.updated :: Updated bibianaalvarezfranco@gmail.com subscriber status to subscribed and language to es
