2023-08-30T00:29:58+00:00 NOTICE action_scheduler.queue_job :: MailChimp_WooCommerce_Cart_Update queued :: obj_id ff6206058d9e739307b32ffe240c3323
2023-08-30T00:31:01+00:00 NOTICE action_scheduler.queue_job :: MailChimp_WooCommerce_Single_Order starts in 90 seconds :: obj_id 25470
2023-08-30T00:31:03+00:00 NOTICE abandoned_cart.success :: email: marce.0726@hotmail.com :: checkout_url: https://naturalconexion.com/checkout/?mc_cart_id=ff6206058d9e739307b32ffe240c3323
2023-08-30T00:31:04+00:00 NOTICE cart.member.updated :: Updated marce.0726@hotmail.com subscriber status to subscribed and language to es
2023-08-30T00:33:02+00:00 NOTICE debug :: Order ID 25470 was pending and is now processing :: Array
(
    [new_order] => 1
    [tracking] => Array
        (
            [campaign_id] => 
            [landing_site] => https://naturalconexion.com/?wc-api=wc_addi_gateway
        )

)

2023-08-30T00:37:40+00:00 NOTICE order.member.updated :: Updated marce.0726@hotmail.com subscriber status to subscribed and language to es
2023-08-30T00:37:40+00:00 NOTICE order_submit.success :: addStoreOrder :: #25470 :: email: marce.0726@hotmail.com :: landing site https://naturalconexion.com/tienda/?gclid=EAIaIQobChMI9P3ti4uDgQMV2TfUAR3fVwuDEAAYASABEgI7lPD_BwE :: abandoned cart deleted [ff6206058d9e739307b32ffe240c3323]
2023-08-30T01:54:45+00:00 NOTICE action_scheduler.queue_job :: MailChimp_WooCommerce_Cart_Update queued :: obj_id 3af54963755d417f5fecae232304c0b8
2023-08-30T01:54:56+00:00 NOTICE abandoned_cart.success :: email: stephaniruiz093@gmail.com :: checkout_url: https://naturalconexion.com/checkout/?mc_cart_id=3af54963755d417f5fecae232304c0b8
2023-08-30T01:54:56+00:00 NOTICE cart.member.updated :: Updated stephaniruiz093@gmail.com subscriber status to transactional and language to es
2023-08-30T01:56:21+00:00 NOTICE action_scheduler.queue_job :: MailChimp_WooCommerce_Single_Order starts in 90 seconds :: obj_id 25471
2023-08-30T01:58:06+00:00 NOTICE order_submit :: #25471 has a financial status of pending and was skipped.
2023-08-30T02:26:33+00:00 NOTICE action_scheduler.queue_job :: MailChimp_WooCommerce_Cart_Update queued :: obj_id 4c2c8e81c646878c4a4ac5f545ac26ae
2023-08-30T02:26:57+00:00 NOTICE abandoned_cart.success :: email: sandra.villarraga@gmail.com :: checkout_url: https://naturalconexion.com/checkout/?mc_cart_id=4c2c8e81c646878c4a4ac5f545ac26ae
2023-08-30T02:26:57+00:00 NOTICE cart.member.updated :: Updated sandra.villarraga@gmail.com subscriber status to subscribed and language to es
2023-08-30T02:29:23+00:00 NOTICE action_scheduler.queue_job :: MailChimp_WooCommerce_Cart_Update queued :: obj_id 4c2c8e81c646878c4a4ac5f545ac26ae
2023-08-30T02:29:52+00:00 NOTICE abandoned_cart.success :: email: sandra.villarraga@gmail.com :: checkout_url: https://naturalconexion.com/checkout/?mc_cart_id=4c2c8e81c646878c4a4ac5f545ac26ae
2023-08-30T02:32:19+00:00 NOTICE action_scheduler.queue_job :: MailChimp_WooCommerce_Cart_Update queued :: obj_id 4c2c8e81c646878c4a4ac5f545ac26ae
2023-08-30T02:33:06+00:00 NOTICE abandoned_cart.success :: email: sandra.villarraga@gmail.com :: checkout_url: https://naturalconexion.com/checkout/?mc_cart_id=4c2c8e81c646878c4a4ac5f545ac26ae
2023-08-30T02:33:45+00:00 NOTICE action_scheduler.queue_job :: MailChimp_WooCommerce_Cart_Update queued :: obj_id 4c2c8e81c646878c4a4ac5f545ac26ae
2023-08-30T02:33:46+00:00 NOTICE abandoned_cart.success :: email: sandra.villarraga@gmail.com :: checkout_url: https://naturalconexion.com/checkout/?mc_cart_id=4c2c8e81c646878c4a4ac5f545ac26ae
2023-08-30T03:34:49+00:00 NOTICE action_scheduler.queue_job :: MailChimp_WooCommerce_Single_Order starts in 90 seconds :: obj_id 25471
2023-08-30T03:34:49+00:00 NOTICE debug :: Order ID 25471 was pending and is now cancelled :: Array
(
    [new_order] => 
    [tracking] => 
)

2023-08-30T03:37:03+00:00 NOTICE order_submit :: #25471 has a financial status of cancelled and was skipped.
2023-08-30T14:40:06+00:00 NOTICE action_scheduler.queue_job :: MailChimp_WooCommerce_Single_Order starts in 90 seconds :: obj_id 25468
2023-08-30T14:40:08+00:00 NOTICE debug :: Order ID 25468 was processing and is now completed :: Array
(
    [new_order] => 
    [tracking] => 
)

2023-08-30T14:40:08+00:00 NOTICE action_scheduler.queue_job :: MailChimp_WooCommerce_Single_Order starts in 90 seconds :: obj_id 25469
2023-08-30T14:40:10+00:00 NOTICE debug :: Order ID 25469 was processing and is now completed :: Array
(
    [new_order] => 
    [tracking] => 
)

2023-08-30T14:40:10+00:00 NOTICE action_scheduler.queue_job :: MailChimp_WooCommerce_Single_Order starts in 90 seconds :: obj_id 25470
2023-08-30T14:40:11+00:00 NOTICE debug :: Order ID 25470 was processing and is now completed :: Array
(
    [new_order] => 
    [tracking] => 
)

2023-08-30T14:42:52+00:00 NOTICE order.member.updated :: Updated Oscarimedinar@live.com subscriber status to subscribed and language to 
2023-08-30T14:42:52+00:00 NOTICE order_submit.success :: updateStoreOrder :: #25468 :: email: Oscarimedinar@live.com
2023-08-30T14:42:56+00:00 NOTICE order.member.updated :: Updated marcela.herlon@outlook.com subscriber status to subscribed and language to 
2023-08-30T14:42:56+00:00 NOTICE order_submit.success :: updateStoreOrder :: #25469 :: email: marcela.herlon@outlook.com
2023-08-30T14:42:59+00:00 NOTICE order.member.updated :: Updated marce.0726@hotmail.com subscriber status to subscribed and language to 
2023-08-30T14:42:59+00:00 NOTICE order_submit.success :: updateStoreOrder :: #25470 :: email: marce.0726@hotmail.com
2023-08-30T15:01:22+00:00 NOTICE action_scheduler.queue_job :: MailChimp_WooCommerce_Cart_Update queued :: obj_id 3af54963755d417f5fecae232304c0b8
2023-08-30T15:01:58+00:00 NOTICE abandoned_cart.success :: email: stephaniruiz093@gmail.com :: checkout_url: https://naturalconexion.com/checkout/?mc_cart_id=3af54963755d417f5fecae232304c0b8
2023-08-30T15:01:59+00:00 NOTICE cart.member.updated :: Updated stephaniruiz093@gmail.com subscriber status to transactional and language to es
2023-08-30T20:07:25+00:00 NOTICE action_scheduler.queue_job :: MailChimp_WooCommerce_Cart_Update queued :: obj_id abc0bea4aee87d608e82048da95ed1e0
2023-08-30T20:08:01+00:00 NOTICE abandoned_cart.success :: email: valenty02@gmail.com :: checkout_url: https://naturalconexion.com/checkout/?mc_cart_id=abc0bea4aee87d608e82048da95ed1e0
2023-08-30T20:08:01+00:00 NOTICE cart.member.updated :: Updated valenty02@gmail.com subscriber status to subscribed and language to es
2023-08-30T20:08:24+00:00 NOTICE action_scheduler.queue_job :: MailChimp_WooCommerce_Single_Order starts in 90 seconds :: obj_id 25472
2023-08-30T20:09:34+00:00 NOTICE debug :: Order ID 25472 was pending and is now processing :: Array
(
    [new_order] => 1
    [tracking] => Array
        (
            [campaign_id] => 
            [landing_site] => https://naturalconexion.com/?wc-api=wc_addi_gateway
        )

)

2023-08-30T20:12:24+00:00 NOTICE order.member.updated :: Updated valenty02@gmail.com subscriber status to subscribed and language to es
2023-08-30T20:12:24+00:00 NOTICE order_submit.success :: addStoreOrder :: #25472 :: email: valenty02@gmail.com :: landing site https://naturalconexion.com/
2023-08-30T20:32:59+00:00 NOTICE action_scheduler.queue_job :: MailChimp_WooCommerce_User_Submit queued :: obj_id 2631
2023-08-30T20:33:06+00:00 NOTICE member.sync :: Subscribed Member orhideya484@gmail.com :: Array
(
    [status_if_new] => 1
    [merge_fields] => Array
        (
        )

)

2023-08-30T22:33:20+00:00 NOTICE action_scheduler.queue_job :: MailChimp_WooCommerce_Cart_Update queued :: obj_id c307aa8c92fc8855df4b49af28915ac6
2023-08-30T22:33:59+00:00 NOTICE abandoned_cart.success :: email: valensierra201@gmail.com :: checkout_url: https://naturalconexion.com/checkout/?mc_cart_id=c307aa8c92fc8855df4b49af28915ac6
2023-08-30T22:34:00+00:00 NOTICE cart.member.updated :: Updated valensierra201@gmail.com subscriber status to unsubscribed and language to es
2023-08-30T23:05:09+00:00 NOTICE action_scheduler.queue_job :: MailChimp_WooCommerce_Cart_Update queued :: obj_id ad2fee7464d40d5deb9bc9745f8bcfb6
2023-08-30T23:05:31+00:00 NOTICE action_scheduler.queue_job :: MailChimp_WooCommerce_Single_Order starts in 90 seconds :: obj_id 25474
2023-08-30T23:06:10+00:00 NOTICE abandoned_cart.success :: email: paulinab1@hotmail.com :: checkout_url: https://naturalconexion.com/checkout/?mc_cart_id=ad2fee7464d40d5deb9bc9745f8bcfb6
2023-08-30T23:06:10+00:00 NOTICE cart.member.updated :: Updated paulinab1@hotmail.com subscriber status to subscribed and language to es
2023-08-30T23:06:22+00:00 NOTICE debug :: Order ID 25474 was pending and is now processing :: Array
(
    [new_order] => 1
    [tracking] => Array
        (
            [campaign_id] => 
            [landing_site] => https://naturalconexion.com/wp-content/plugins/woocommerce-payu-latam/confirmation.php
        )

)

2023-08-30T23:08:52+00:00 NOTICE order.member.updated :: Updated paulinab1@hotmail.com subscriber status to subscribed and language to es
2023-08-30T23:08:52+00:00 NOTICE order_submit.success :: addStoreOrder :: #25474 :: email: paulinab1@hotmail.com :: landing site https://naturalconexion.com/product/crema-regeneradora-con-complejos-de-aminoacidos-50-ml/?utm_source=uac&utm_medium=email&utm_campaign=uac_email_Ntral_COL_EMK2023AgosLanzamiento1_1_050823&utm_content=img&utm_term=Ntral_COL_EMK2023AgosLanzamiento1_1 :: abandoned cart deleted [ad2fee7464d40d5deb9bc9745f8bcfb6]
2023-08-30T23:09:49+00:00 NOTICE action_scheduler.queue_job :: MailChimp_WooCommerce_Cart_Update queued :: obj_id fa390065ef519619feccdc16e57f90d2
2023-08-30T23:10:06+00:00 NOTICE action_scheduler.queue_job :: MailChimp_WooCommerce_Single_Order starts in 90 seconds :: obj_id 25475
2023-08-30T23:10:07+00:00 NOTICE abandoned_cart.success :: email: marianagiraldot@gmail.com :: checkout_url: https://naturalconexion.com/checkout/?mc_cart_id=fa390065ef519619feccdc16e57f90d2
2023-08-30T23:10:08+00:00 NOTICE cart.member.updated :: Updated marianagiraldot@gmail.com subscriber status to subscribed and language to es
2023-08-30T23:11:35+00:00 NOTICE debug :: Order ID 25475 was pending and is now processing :: Array
(
    [new_order] => 1
    [tracking] => Array
        (
            [campaign_id] => 
            [landing_site] => https://naturalconexion.com/wp-content/plugins/woocommerce-payu-latam/confirmation.php
        )

)

2023-08-30T23:13:14+00:00 NOTICE order.member.updated :: Updated marianagiraldot@gmail.com subscriber status to subscribed and language to es
2023-08-30T23:13:14+00:00 NOTICE order_submit.success :: addStoreOrder :: #25475 :: email: marianagiraldot@gmail.com :: landing site https://naturalconexion.com/tienda/?utm_source=google&utm_medium=cpc&utm_campaign=marca&gclid=Cj0KCQjw0bunBhD9ARIsAAZl0E0NIUXCrbXNY5s5PuHXAX2Nn3AIT1qJ8ef-Sg2fKnCQBODqsYCkM54aAv3AEALw_wcB :: abandoned cart deleted [fa390065ef519619feccdc16e57f90d2]
2023-08-30T23:42:37+00:00 NOTICE action_scheduler.queue_job :: MailChimp_WooCommerce_Cart_Update queued :: obj_id 915393c7064a82c6c16993626652a950
2023-08-30T23:42:40+00:00 NOTICE abandoned_cart.success :: email: javargassa@yahoo.com :: checkout_url: https://naturalconexion.com/checkout/?mc_cart_id=915393c7064a82c6c16993626652a950
2023-08-30T23:42:40+00:00 NOTICE cart.member.updated :: Updated javargassa@yahoo.com subscriber status to transactional and language to es
2023-08-30T23:42:41+00:00 NOTICE action_scheduler.queue_job :: MailChimp_WooCommerce_Cart_Update queued :: obj_id 915393c7064a82c6c16993626652a950
2023-08-30T23:42:47+00:00 NOTICE abandoned_cart.success :: email: javargassa@yahoo.com :: checkout_url: https://naturalconexion.com/checkout/?mc_cart_id=915393c7064a82c6c16993626652a950
