2022-01-25T01:33:12+00:00 NOTICE action_scheduler.queue_job :: MailChimp_WooCommerce_Single_Order starts in 90 seconds :: obj_id 18453
2022-01-25T01:34:50+00:00 NOTICE action_scheduler.queue_job :: MailChimp_WooCommerce_Single_Order starts in 90 seconds :: obj_id 18454
2022-01-25T01:34:50+00:00 NOTICE action_scheduler.queue_job :: MailChimp_WooCommerce_Cart_Update queued :: obj_id 4b79dd8eb684939895ba0957c00cde74
2022-01-25T01:35:14+00:00 NOTICE debug :: Order ID 18453 was pending and is now processing :: Array
(
    [new_order] => 1
    [tracking] => Array
        (
            [campaign_id] => 
            [landing_site] => https://naturalconexion.com/wp-admin/admin-ajax.php
        )

)

2022-01-25T01:35:23+00:00 NOTICE abandoned_cart.success :: email: karla.chaparro88@gmail.com :: checkout_url: https://naturalconexion.com/checkout/?mc_cart_id=4b79dd8eb684939895ba0957c00cde74
2022-01-25T01:35:25+00:00 NOTICE cart.member.updated :: Updated karla.chaparro88@gmail.com subscriber status to subscribed and language to es
2022-01-25T01:36:22+00:00 NOTICE order_sumbit :: #18454 has a financial status of pending and was skipped.
2022-01-25T01:36:54+00:00 NOTICE order.member.updated :: Updated ana4130@hotmail.com subscriber status to subscribed and language to es
2022-01-25T01:36:54+00:00 NOTICE order_submit.success :: addStoreOrder :: #18453 :: email: ana4130@hotmail.com :: landing site https://naturalconexion.com/wp-admin/admin-ajax.php
2022-01-25T01:37:01+00:00 NOTICE action_scheduler.queue_job :: MailChimp_WooCommerce_Single_Order starts in 90 seconds :: obj_id 18454
2022-01-25T01:37:03+00:00 NOTICE debug :: Order ID 18454 was pending and is now processing :: Array
(
    [new_order] => 1
    [tracking] => Array
        (
            [campaign_id] => 
            [landing_site] => https://naturalconexion.com/wp-admin/admin-ajax.php
        )

)

2022-01-25T01:39:21+00:00 NOTICE order.member.updated :: Updated karla.chaparro88@gmail.com subscriber status to subscribed and language to 
2022-01-25T01:39:21+00:00 NOTICE order_submit.success :: addStoreOrder :: #18454 :: email: karla.chaparro88@gmail.com :: landing site https://naturalconexion.com/wp-admin/admin-ajax.php :: abandoned cart deleted [4b79dd8eb684939895ba0957c00cde74]
2022-01-25T01:39:36+00:00 NOTICE action_scheduler.queue_job :: MailChimp_WooCommerce_Cart_Update queued :: obj_id acb01ab421d12dce747f42719ad4786c
2022-01-25T01:41:36+00:00 NOTICE abandoned_cart.success :: email: castellanoslau@icloud.com :: checkout_url: https://naturalconexion.com/checkout/?mc_cart_id=acb01ab421d12dce747f42719ad4786c
2022-01-25T01:41:37+00:00 NOTICE cart.member.updated :: Updated castellanoslau@icloud.com subscriber status to transactional and language to es
2022-01-25T02:41:16+00:00 NOTICE action_scheduler.queue_job :: MailChimp_WooCommerce_Cart_Update queued :: obj_id b8ff79582b467ba1f42527821ff4c325
2022-01-25T02:41:20+00:00 NOTICE abandoned_cart.success :: email: kenyfernandezz@gmail.com :: checkout_url: https://naturalconexion.com/checkout/?mc_cart_id=b8ff79582b467ba1f42527821ff4c325
2022-01-25T02:41:21+00:00 NOTICE cart.member.updated :: Updated kenyfernandezz@gmail.com subscriber status to subscribed and language to es
2022-01-25T14:02:14+00:00 NOTICE action_scheduler.queue_job :: MailChimp_WooCommerce_Cart_Update queued :: obj_id 4682b769d37a6b45be42250a313084f7
2022-01-25T14:02:19+00:00 NOTICE abandoned_cart.success :: email: juanispiretas@gmail.com :: checkout_url: https://naturalconexion.com/checkout/?mc_cart_id=4682b769d37a6b45be42250a313084f7
2022-01-25T14:02:20+00:00 NOTICE cart.member.updated :: Updated juanispiretas@gmail.com subscriber status to transactional and language to es
2022-01-25T14:02:53+00:00 NOTICE action_scheduler.queue_job :: MailChimp_WooCommerce_Cart_Update queued :: obj_id 4682b769d37a6b45be42250a313084f7
2022-01-25T14:03:23+00:00 NOTICE abandoned_cart.success :: email: juanispiretas@gmail.com :: checkout_url: https://naturalconexion.com/checkout/?mc_cart_id=4682b769d37a6b45be42250a313084f7
2022-01-25T14:03:30+00:00 NOTICE action_scheduler.queue_job :: MailChimp_WooCommerce_Cart_Update queued :: obj_id 4682b769d37a6b45be42250a313084f7
2022-01-25T14:03:42+00:00 NOTICE abandoned_cart.success :: email: juanispiretas@gmail.com :: checkout_url: https://naturalconexion.com/checkout/?mc_cart_id=4682b769d37a6b45be42250a313084f7
2022-01-25T14:04:05+00:00 NOTICE action_scheduler.queue_job :: MailChimp_WooCommerce_Cart_Update queued :: obj_id 4682b769d37a6b45be42250a313084f7
2022-01-25T14:04:19+00:00 NOTICE abandoned_cart.success :: email: juanispiretas@gmail.com :: checkout_url: https://naturalconexion.com/checkout/?mc_cart_id=4682b769d37a6b45be42250a313084f7
2022-01-25T14:05:27+00:00 NOTICE action_scheduler.queue_job :: MailChimp_WooCommerce_Cart_Update queued :: obj_id 4682b769d37a6b45be42250a313084f7
2022-01-25T14:06:10+00:00 NOTICE abandoned_cart.success :: email: juanispiretas@gmail.com :: checkout_url: https://naturalconexion.com/checkout/?mc_cart_id=4682b769d37a6b45be42250a313084f7
2022-01-25T14:06:15+00:00 NOTICE action_scheduler.queue_job :: MailChimp_WooCommerce_Cart_Update queued :: obj_id 4682b769d37a6b45be42250a313084f7
2022-01-25T14:06:17+00:00 NOTICE abandoned_cart.success :: email: juanispiretas@gmail.com :: checkout_url: https://naturalconexion.com/checkout/?mc_cart_id=4682b769d37a6b45be42250a313084f7
2022-01-25T14:06:31+00:00 NOTICE action_scheduler.queue_job :: MailChimp_WooCommerce_Cart_Update queued :: obj_id 4682b769d37a6b45be42250a313084f7
2022-01-25T14:07:18+00:00 NOTICE action_scheduler.queue_job :: MailChimp_WooCommerce_Cart_Update queued :: obj_id 4682b769d37a6b45be42250a313084f7
2022-01-25T14:07:19+00:00 NOTICE abandoned_cart.success :: email: juanispiretas@gmail.com :: checkout_url: https://naturalconexion.com/checkout/?mc_cart_id=4682b769d37a6b45be42250a313084f7
2022-01-25T14:07:23+00:00 NOTICE abandoned_cart.success :: email: juanispiretas@gmail.com :: checkout_url: https://naturalconexion.com/checkout/?mc_cart_id=4682b769d37a6b45be42250a313084f7
2022-01-25T14:07:36+00:00 NOTICE action_scheduler.queue_job :: MailChimp_WooCommerce_Cart_Update queued :: obj_id 4682b769d37a6b45be42250a313084f7
2022-01-25T14:08:44+00:00 NOTICE abandoned_cart.success :: email: juanispiretas@gmail.com :: checkout_url: https://naturalconexion.com/checkout/?mc_cart_id=4682b769d37a6b45be42250a313084f7
2022-01-25T14:09:18+00:00 NOTICE action_scheduler.queue_job :: MailChimp_WooCommerce_Cart_Update queued :: obj_id 4682b769d37a6b45be42250a313084f7
2022-01-25T14:09:23+00:00 NOTICE abandoned_cart.success :: email: juanispiretas@gmail.com :: checkout_url: https://naturalconexion.com/checkout/?mc_cart_id=4682b769d37a6b45be42250a313084f7
2022-01-25T14:12:20+00:00 NOTICE action_scheduler.queue_job :: MailChimp_WooCommerce_Cart_Update queued :: obj_id 4682b769d37a6b45be42250a313084f7
2022-01-25T14:12:23+00:00 NOTICE abandoned_cart.success :: email: juanispiretas@gmail.com :: checkout_url: https://naturalconexion.com/checkout/?mc_cart_id=4682b769d37a6b45be42250a313084f7
2022-01-25T14:29:08+00:00 NOTICE action_scheduler.queue_job :: MailChimp_WooCommerce_Cart_Update queued :: obj_id 4682b769d37a6b45be42250a313084f7
2022-01-25T14:29:21+00:00 NOTICE abandoned_cart.success :: email: juanispiretas@gmail.com :: checkout_url: https://naturalconexion.com/checkout/?mc_cart_id=4682b769d37a6b45be42250a313084f7
2022-01-25T14:29:49+00:00 NOTICE action_scheduler.queue_job :: MailChimp_WooCommerce_Single_Order starts in 90 seconds :: obj_id 18455
2022-01-25T14:31:22+00:00 NOTICE order_sumbit :: #18455 has a financial status of pending and was skipped.
2022-01-25T14:31:45+00:00 NOTICE action_scheduler.queue_job :: MailChimp_WooCommerce_Single_Order starts in 90 seconds :: obj_id 18455
2022-01-25T14:31:49+00:00 NOTICE debug :: Order ID 18455 was pending and is now processing :: Array
(
    [new_order] => 1
    [tracking] => Array
        (
            [campaign_id] => 
            [landing_site] => https://naturalconexion.com/wp-admin/admin-ajax.php
        )

)

2022-01-25T14:33:39+00:00 NOTICE order.member.updated :: Updated juanispiretas@gmail.com subscriber status to transactional and language to 
2022-01-25T14:33:39+00:00 NOTICE order_submit.success :: addStoreOrder :: #18455 :: email: juanispiretas@gmail.com :: landing site https://naturalconexion.com/wp-admin/admin-ajax.php :: abandoned cart deleted [4682b769d37a6b45be42250a313084f7]
2022-01-25T15:56:00+00:00 NOTICE action_scheduler.queue_job :: MailChimp_WooCommerce_Cart_Update queued :: obj_id fc4012980d43417f435db2a1d9ac2d72
2022-01-25T15:56:37+00:00 NOTICE abandoned_cart.success :: email: alejo.otalvaro@yahoo.es :: checkout_url: https://naturalconexion.com/checkout/?mc_cart_id=fc4012980d43417f435db2a1d9ac2d72
2022-01-25T15:56:39+00:00 NOTICE cart.member.updated :: Updated alejo.otalvaro@yahoo.es subscriber status to transactional and language to es
2022-01-25T15:56:43+00:00 NOTICE action_scheduler.queue_job :: MailChimp_WooCommerce_Single_Order starts in 90 seconds :: obj_id 18456
2022-01-25T15:59:13+00:00 NOTICE order_sumbit :: #18456 has a financial status of pending and was skipped.
2022-01-25T15:59:37+00:00 NOTICE action_scheduler.queue_job :: MailChimp_WooCommerce_Single_Order starts in 90 seconds :: obj_id 18456
2022-01-25T15:59:40+00:00 NOTICE debug :: Order ID 18456 was pending and is now processing :: Array
(
    [new_order] => 1
    [tracking] => Array
        (
            [campaign_id] => 
            [landing_site] => https://naturalconexion.com/wp-admin/admin-ajax.php
        )

)

2022-01-25T16:01:28+00:00 NOTICE order.member.updated :: Updated alejo.otalvaro@yahoo.es subscriber status to subscribed and language to 
2022-01-25T16:01:28+00:00 NOTICE order_submit.success :: addStoreOrder :: #18456 :: email: alejo.otalvaro@yahoo.es :: landing site https://naturalconexion.com/wp-admin/admin-ajax.php :: abandoned cart deleted [fc4012980d43417f435db2a1d9ac2d72]
2022-01-25T16:26:33+00:00 NOTICE action_scheduler.queue_job :: MailChimp_WooCommerce_Single_Order starts in 90 seconds :: obj_id 18457
2022-01-25T16:28:03+00:00 NOTICE debug :: Order ID 18457 was pending and is now processing :: Array
(
    [new_order] => 1
    [tracking] => Array
        (
            [campaign_id] => 
            [landing_site] => https://naturalconexion.com/wp-admin/admin-ajax.php
        )

)

2022-01-25T16:29:45+00:00 NOTICE order.member.updated :: Updated torresfrancotatiana@gmail.com subscriber status to transactional and language to es
2022-01-25T16:29:45+00:00 NOTICE order_submit.success :: addStoreOrder :: #18457 :: email: torresfrancotatiana@gmail.com :: landing site https://naturalconexion.com/wp-admin/admin-ajax.php
2022-01-25T16:38:01+00:00 NOTICE action_scheduler.queue_job :: MailChimp_WooCommerce_Single_Order starts in 90 seconds :: obj_id 18458
2022-01-25T16:39:41+00:00 NOTICE order_sumbit :: #18458 has a financial status of pending and was skipped.
2022-01-25T16:39:48+00:00 NOTICE action_scheduler.queue_job :: MailChimp_WooCommerce_Single_Order starts in 90 seconds :: obj_id 18458
2022-01-25T16:39:51+00:00 NOTICE debug :: Order ID 18458 was pending and is now processing :: Array
(
    [new_order] => 1
    [tracking] => Array
        (
            [campaign_id] => 
            [landing_site] => https://naturalconexion.com/wp-admin/admin-ajax.php
        )

)

2022-01-25T16:41:29+00:00 NOTICE order.member.updated :: Updated angela.cortesc@gmail.com subscriber status to subscribed and language to 
2022-01-25T16:41:29+00:00 NOTICE order_submit.success :: addStoreOrder :: #18458 :: email: angela.cortesc@gmail.com :: landing site https://naturalconexion.com/wp-admin/admin-ajax.php
2022-01-25T17:40:08+00:00 NOTICE action_scheduler.queue_job :: MailChimp_WooCommerce_Single_Order starts in 90 seconds :: obj_id 18459
2022-01-25T17:40:09+00:00 NOTICE action_scheduler.queue_job :: MailChimp_WooCommerce_Cart_Update queued :: obj_id 11f1e44d3e26d8527a42644d2361853c
2022-01-25T17:40:24+00:00 NOTICE abandoned_cart.success :: email: carolinacoronadof@gmail.com :: checkout_url: https://naturalconexion.com/checkout/?mc_cart_id=11f1e44d3e26d8527a42644d2361853c
2022-01-25T17:40:26+00:00 NOTICE cart.member.updated :: Updated carolinacoronadof@gmail.com subscriber status to transactional and language to es
2022-01-25T17:41:58+00:00 NOTICE order_sumbit :: #18459 has a financial status of pending and was skipped.
2022-01-25T17:44:34+00:00 NOTICE action_scheduler.queue_job :: MailChimp_WooCommerce_Single_Order starts in 90 seconds :: obj_id 18459
2022-01-25T17:44:37+00:00 NOTICE debug :: Order ID 18459 was pending and is now processing :: Array
(
    [new_order] => 1
    [tracking] => Array
        (
            [campaign_id] => 
            [landing_site] => https://naturalconexion.com/wp-admin/admin-ajax.php
        )

)

2022-01-25T17:46:11+00:00 NOTICE order.member.updated :: Updated carolinacoronadof@gmail.com subscriber status to subscribed and language to 
2022-01-25T17:46:11+00:00 NOTICE order_submit.success :: addStoreOrder :: #18459 :: email: carolinacoronadof@gmail.com :: landing site https://naturalconexion.com/wp-admin/admin-ajax.php :: abandoned cart deleted [11f1e44d3e26d8527a42644d2361853c]
2022-01-25T17:50:18+00:00 NOTICE action_scheduler.queue_job :: MailChimp_WooCommerce_User_Submit queued :: obj_id 1
2022-01-25T17:50:25+00:00 ERROR member.sync :: hola@naturalconexion.com :: Error Code 400 :: hola@naturalconexion.com is in a compliance state due to unsubscribe, bounce, or compliance review and cannot be subscribed. on 1898 in /home/forge/naturalconexion.com/wp-content/plugins/mailchimp-for-woocommerce/includes/api/class-mailchimp-api.php
2022-01-25T18:23:34+00:00 NOTICE action_scheduler.queue_job :: MailChimp_WooCommerce_Cart_Update queued :: obj_id b89f67d9d891df95ce8f3803dc95feb5
2022-01-25T18:24:21+00:00 NOTICE abandoned_cart.success :: email: cc.mile@gmail.com :: checkout_url: https://naturalconexion.com/checkout/?mc_cart_id=b89f67d9d891df95ce8f3803dc95feb5
2022-01-25T18:24:23+00:00 NOTICE cart.member.updated :: Updated cc.mile@gmail.com subscriber status to subscribed and language to es
2022-01-25T18:25:12+00:00 NOTICE action_scheduler.queue_job :: MailChimp_WooCommerce_Cart_Update queued :: obj_id b89f67d9d891df95ce8f3803dc95feb5
2022-01-25T18:25:22+00:00 NOTICE abandoned_cart.success :: email: cc.mile@gmail.com :: checkout_url: https://naturalconexion.com/checkout/?mc_cart_id=b89f67d9d891df95ce8f3803dc95feb5
2022-01-25T18:25:27+00:00 NOTICE action_scheduler.queue_job :: MailChimp_WooCommerce_Cart_Update queued :: obj_id b89f67d9d891df95ce8f3803dc95feb5
2022-01-25T18:25:31+00:00 NOTICE abandoned_cart.success :: email: cc.mile@gmail.com :: checkout_url: https://naturalconexion.com/checkout/?mc_cart_id=b89f67d9d891df95ce8f3803dc95feb5
2022-01-25T18:31:27+00:00 NOTICE action_scheduler.queue_job :: MailChimp_WooCommerce_Single_Product starts in 5 seconds :: obj_id 7499
2022-01-25T18:31:57+00:00 NOTICE product_submit.success :: updateStoreProduct :: #7499
2022-01-25T20:25:45+00:00 NOTICE action_scheduler.queue_job :: MailChimp_WooCommerce_Cart_Update queued :: obj_id fba035d781fb56b25408955b3abeffaa
2022-01-25T20:25:48+00:00 NOTICE abandoned_cart.success :: email: eritabares92@gmail.com :: checkout_url: https://naturalconexion.com/checkout/?mc_cart_id=fba035d781fb56b25408955b3abeffaa
2022-01-25T20:25:51+00:00 NOTICE cart.member.updated :: Updated eritabares92@gmail.com subscriber status to transactional and language to es
2022-01-25T21:34:58+00:00 NOTICE action_scheduler.queue_job :: MailChimp_WooCommerce_Cart_Update queued :: obj_id d32ff5e0e4ae2cbeb7730e4ed3c57c22
2022-01-25T21:35:01+00:00 NOTICE abandoned_cart.success :: email: dianiz10.dt@gmail.com :: checkout_url: https://naturalconexion.com/checkout/?mc_cart_id=d32ff5e0e4ae2cbeb7730e4ed3c57c22
2022-01-25T21:35:02+00:00 NOTICE cart.member.updated :: Updated dianiz10.dt@gmail.com subscriber status to transactional and language to es
2022-01-25T21:36:14+00:00 NOTICE action_scheduler.queue_job :: MailChimp_WooCommerce_Single_Order starts in 90 seconds :: obj_id 18460
2022-01-25T21:38:31+00:00 NOTICE order_sumbit :: #18460 has a financial status of pending and was skipped.
2022-01-25T21:38:35+00:00 NOTICE action_scheduler.queue_job :: MailChimp_WooCommerce_Single_Order starts in 90 seconds :: obj_id 18460
2022-01-25T21:38:36+00:00 NOTICE debug :: Order ID 18460 was pending and is now failed :: Array
(
    [new_order] => 
    [tracking] => 
)

2022-01-25T21:40:21+00:00 NOTICE system.debug :: order 18460 is in failed status, and is being skipped for now.
2022-01-25T21:56:51+00:00 NOTICE action_scheduler.queue_job :: MailChimp_WooCommerce_User_Submit queued :: obj_id 2035
2022-01-25T21:56:52+00:00 NOTICE action_scheduler.queue_job :: MailChimp_WooCommerce_Single_Order starts in 90 seconds :: obj_id 18461
2022-01-25T21:57:54+00:00 NOTICE member.sync :: Subscribed Member marianariveraochoa30@gmail.com :: Array
(
    [status_if_new] => 1
    [merge_fields] => Array
        (
            [FNAME] => Mariana
            [LNAME] => Rivera Ochoa
        )

)

2022-01-25T21:58:33+00:00 NOTICE order_sumbit :: #18461 has a financial status of pending and was skipped.
2022-01-25T21:59:30+00:00 NOTICE action_scheduler.queue_job :: MailChimp_WooCommerce_Single_Order starts in 90 seconds :: obj_id 18461
2022-01-25T21:59:33+00:00 NOTICE debug :: Order ID 18461 was pending and is now processing :: Array
(
    [new_order] => 1
    [tracking] => Array
        (
            [campaign_id] => 
            [landing_site] => https://naturalconexion.com/wp-admin/admin-ajax.php
        )

)

2022-01-25T21:59:33+00:00 NOTICE action_scheduler.queue_job :: MailChimp_WooCommerce_User_Submit queued :: obj_id 2035
2022-01-25T22:00:14+00:00 NOTICE member.sync :: Updated Member marianariveraochoa30@gmail.com ( merge fields only ) :: Array
(
    [merge_fields] => Array
        (
            [FNAME] => Mariana
            [LNAME] => Rivera Ochoa
        )

)

2022-01-25T22:01:33+00:00 NOTICE order.member.updated :: Updated marianariveraochoa30@gmail.com subscriber status to subscribed and language to 
2022-01-25T22:01:33+00:00 NOTICE order_submit.success :: addStoreOrder :: #18461 :: email: marianariveraochoa30@gmail.com :: landing site https://naturalconexion.com/wp-admin/admin-ajax.php
