2023-02-19T02:26:16+00:00 NOTICE action_scheduler.queue_job :: MailChimp_WooCommerce_Cart_Update queued :: obj_id 18732c76e1d471b616e7a6b881d5e3de
2023-02-19T02:26:43+00:00 NOTICE abandoned_cart.success :: email: geravilo54@hotmail.com :: checkout_url: https://naturalconexion.com/checkout/?mc_cart_id=18732c76e1d471b616e7a6b881d5e3de
2023-02-19T02:26:43+00:00 NOTICE cart.member.updated :: Updated geravilo54@hotmail.com subscriber status to transactional and language to es
2023-02-19T02:26:46+00:00 NOTICE action_scheduler.queue_job :: MailChimp_WooCommerce_Single_Order starts in 90 seconds :: obj_id 23317
2023-02-19T02:28:28+00:00 NOTICE order_submit :: #23317 has a financial status of pending and was skipped.
2023-02-19T02:30:20+00:00 NOTICE action_scheduler.queue_job :: MailChimp_WooCommerce_Single_Order starts in 90 seconds :: obj_id 23317
2023-02-19T02:30:23+00:00 NOTICE debug :: Order ID 23317 was pending and is now processing :: Array
(
    [new_order] => 1
    [tracking] => Array
        (
            [campaign_id] => 
            [landing_site] => https://naturalconexion.com/wp-content/plugins/woocommerce-payu-latam/confirmation.php
        )

)

2023-02-19T02:32:45+00:00 NOTICE order.member.updated :: Updated geravilo54@hotmail.com subscriber status to subscribed and language to 
2023-02-19T02:32:45+00:00 NOTICE order_submit.success :: addStoreOrder :: #23317 :: email: geravilo54@hotmail.com :: landing site https://naturalconexion.com/wp-content/plugins/woocommerce-payu-latam/confirmation.php :: abandoned cart deleted [18732c76e1d471b616e7a6b881d5e3de]
2023-02-19T02:51:04+00:00 NOTICE action_scheduler.queue_job :: MailChimp_WooCommerce_Cart_Update queued :: obj_id f1dfc1ec1e8d0cf8efd30d2cf0af8d81
2023-02-19T02:51:07+00:00 NOTICE abandoned_cart.success :: email: maitegonza1@gmail.com :: checkout_url: https://naturalconexion.com/checkout/?mc_cart_id=f1dfc1ec1e8d0cf8efd30d2cf0af8d81
2023-02-19T02:51:07+00:00 NOTICE cart.member.updated :: Updated maitegonza1@gmail.com subscriber status to transactional and language to es
2023-02-19T02:51:08+00:00 NOTICE action_scheduler.queue_job :: MailChimp_WooCommerce_Cart_Update queued :: obj_id f1dfc1ec1e8d0cf8efd30d2cf0af8d81
2023-02-19T02:51:13+00:00 NOTICE abandoned_cart.success :: email: maitegonza1@gmail.com :: checkout_url: https://naturalconexion.com/checkout/?mc_cart_id=f1dfc1ec1e8d0cf8efd30d2cf0af8d81
2023-02-19T02:51:48+00:00 NOTICE action_scheduler.queue_job :: MailChimp_WooCommerce_User_Submit queued :: obj_id 2417
2023-02-19T02:51:50+00:00 NOTICE action_scheduler.queue_job :: MailChimp_WooCommerce_Single_Order starts in 90 seconds :: obj_id 23318
2023-02-19T02:52:28+00:00 NOTICE member.sync :: Updated Member maitegonza1@gmail.com :: Array
(
    [previous_status] => transactional
    [status] => 1
    [language] => 
    [merge_fields] => Array
        (
            [FNAME] => Maria Teresa
            [LNAME] => Gonz치lez Galvis
        )

    [gdpr_fields] => 
)

2023-02-19T02:53:33+00:00 NOTICE order_submit :: #23318 has a financial status of pending and was skipped.
2023-02-19T02:54:36+00:00 NOTICE action_scheduler.queue_job :: MailChimp_WooCommerce_Single_Order starts in 90 seconds :: obj_id 23318
2023-02-19T02:54:39+00:00 NOTICE debug :: Order ID 23318 was pending and is now processing :: Array
(
    [new_order] => 1
    [tracking] => Array
        (
            [campaign_id] => 
            [landing_site] => https://naturalconexion.com/wp-content/plugins/woocommerce-payu-latam/confirmation.php
        )

)

2023-02-19T02:54:39+00:00 NOTICE action_scheduler.queue_job :: MailChimp_WooCommerce_User_Submit queued :: obj_id 2417
2023-02-19T02:54:47+00:00 NOTICE member.sync :: Updated Member maitegonza1@gmail.com :: Array
(
    [status] => subscribed
    [language] => 
    [merge_fields] => Array
        (
            [FNAME] => Maria Teresa
            [LNAME] => Gonz치lez Galvis
        )

    [gdpr_fields] => 
)

2023-02-19T02:55:00+00:00 NOTICE action_scheduler.queue_job :: MailChimp_WooCommerce_User_Submit queued :: obj_id 1966
2023-02-19T02:55:37+00:00 NOTICE member.sync :: Updated Member lili_1106@hotmail.com :: Array
(
    [status] => subscribed
    [language] => 
    [merge_fields] => Array
        (
        )

    [gdpr_fields] => 
)

2023-02-19T02:56:37+00:00 NOTICE order.member.updated :: Updated maitegonza1@gmail.com subscriber status to subscribed and language to 
2023-02-19T02:56:37+00:00 NOTICE order_submit.success :: addStoreOrder :: #23318 :: email: maitegonza1@gmail.com :: landing site https://naturalconexion.com/wp-content/plugins/woocommerce-payu-latam/confirmation.php :: abandoned cart deleted [f1dfc1ec1e8d0cf8efd30d2cf0af8d81]
2023-02-19T03:00:47+00:00 NOTICE action_scheduler.queue_job :: MailChimp_WooCommerce_Cart_Update queued :: obj_id 18e881b0916a9421fc9cf1558200b5c4
2023-02-19T03:00:49+00:00 NOTICE abandoned_cart.success :: email: lili_1106@hotmail.com :: checkout_url: https://naturalconexion.com/checkout/?mc_cart_id=18e881b0916a9421fc9cf1558200b5c4
2023-02-19T03:00:49+00:00 NOTICE cart.member.updated :: Updated lili_1106@hotmail.com subscriber status to subscribed and language to es
2023-02-19T03:01:26+00:00 NOTICE action_scheduler.queue_job :: MailChimp_WooCommerce_Cart_Update queued :: obj_id 18e881b0916a9421fc9cf1558200b5c4
2023-02-19T03:02:12+00:00 NOTICE abandoned_cart.success :: email: lili_1106@hotmail.com :: checkout_url: https://naturalconexion.com/checkout/?mc_cart_id=18e881b0916a9421fc9cf1558200b5c4
2023-02-19T03:02:16+00:00 NOTICE action_scheduler.queue_job :: MailChimp_WooCommerce_Cart_Update queued :: obj_id 18e881b0916a9421fc9cf1558200b5c4
2023-02-19T03:02:18+00:00 NOTICE abandoned_cart.success :: email: lili_1106@hotmail.com :: checkout_url: https://naturalconexion.com/checkout/?mc_cart_id=18e881b0916a9421fc9cf1558200b5c4
2023-02-19T03:02:44+00:00 NOTICE action_scheduler.queue_job :: MailChimp_WooCommerce_Cart_Update queued :: obj_id 18e881b0916a9421fc9cf1558200b5c4
2023-02-19T03:03:15+00:00 NOTICE abandoned_cart.success :: email: lili_1106@hotmail.com :: checkout_url: https://naturalconexion.com/checkout/?mc_cart_id=18e881b0916a9421fc9cf1558200b5c4
2023-02-19T03:03:29+00:00 NOTICE action_scheduler.queue_job :: MailChimp_WooCommerce_Cart_Update queued :: obj_id 18e881b0916a9421fc9cf1558200b5c4
2023-02-19T03:04:19+00:00 NOTICE abandoned_cart.success :: email: lili_1106@hotmail.com :: checkout_url: https://naturalconexion.com/checkout/?mc_cart_id=18e881b0916a9421fc9cf1558200b5c4
2023-02-19T12:04:53+00:00 NOTICE action_scheduler.queue_job :: MailChimp_WooCommerce_Cart_Update queued :: obj_id f9e03cf45bc510d8fa0114f52e6e0de9
2023-02-19T12:05:46+00:00 NOTICE abandoned_cart.success :: email: ma.victoriap16@gmail.com :: checkout_url: https://naturalconexion.com/checkout/?mc_cart_id=f9e03cf45bc510d8fa0114f52e6e0de9
2023-02-19T12:05:46+00:00 NOTICE cart.member.updated :: Updated ma.victoriap16@gmail.com subscriber status to transactional and language to es
2023-02-19T12:07:51+00:00 NOTICE action_scheduler.queue_job :: MailChimp_WooCommerce_Cart_Update queued :: obj_id f9e03cf45bc510d8fa0114f52e6e0de9
2023-02-19T12:07:53+00:00 NOTICE abandoned_cart.success :: email: ma.victoriap16@gmail.com :: checkout_url: https://naturalconexion.com/checkout/?mc_cart_id=f9e03cf45bc510d8fa0114f52e6e0de9
2023-02-19T12:08:41+00:00 NOTICE action_scheduler.queue_job :: MailChimp_WooCommerce_User_Submit queued :: obj_id 2418
2023-02-19T12:08:42+00:00 NOTICE action_scheduler.queue_job :: MailChimp_WooCommerce_Single_Order starts in 90 seconds :: obj_id 23319
2023-02-19T12:08:54+00:00 NOTICE member.sync :: Updated Member Ma.victoriap16@gmail.com :: Array
(
    [previous_status] => transactional
    [status] => 
    [language] => 
    [merge_fields] => Array
        (
            [FNAME] => Victoria
            [LNAME] => Pati침o
        )

    [gdpr_fields] => 
)

2023-02-19T12:10:43+00:00 NOTICE order_submit :: #23319 has a financial status of pending and was skipped.
2023-02-19T12:13:08+00:00 NOTICE action_scheduler.queue_job :: MailChimp_WooCommerce_Single_Order starts in 90 seconds :: obj_id 23319
2023-02-19T12:13:10+00:00 NOTICE debug :: Order ID 23319 was pending and is now processing :: Array
(
    [new_order] => 1
    [tracking] => Array
        (
            [campaign_id] => 
            [landing_site] => https://naturalconexion.com/wp-content/plugins/woocommerce-payu-latam/confirmation.php
        )

)

2023-02-19T12:13:10+00:00 NOTICE action_scheduler.queue_job :: MailChimp_WooCommerce_User_Submit queued :: obj_id 2418
2023-02-19T12:15:52+00:00 NOTICE member.sync :: Updated Member Ma.victoriap16@gmail.com :: Array
(
    [previous_status] => transactional
    [status] => 
    [language] => 
    [merge_fields] => Array
        (
            [FNAME] => Victoria
            [LNAME] => Pati침o
        )

    [gdpr_fields] => 
)

2023-02-19T12:15:54+00:00 NOTICE order.member.updated :: Updated Ma.victoriap16@gmail.com subscriber status to transactional and language to 
2023-02-19T12:15:54+00:00 NOTICE order_submit.success :: addStoreOrder :: #23319 :: email: Ma.victoriap16@gmail.com :: landing site https://naturalconexion.com/wp-content/plugins/woocommerce-payu-latam/confirmation.php :: abandoned cart deleted [f9e03cf45bc510d8fa0114f52e6e0de9]
2023-02-19T15:54:59+00:00 NOTICE action_scheduler.queue_job :: MailChimp_WooCommerce_Cart_Update queued :: obj_id fe626c1d91f5744b443188038995bde3
2023-02-19T15:56:11+00:00 NOTICE abandoned_cart.success :: email: g.verdura6@gmail.com :: checkout_url: https://naturalconexion.com/checkout/?mc_cart_id=fe626c1d91f5744b443188038995bde3
2023-02-19T15:56:12+00:00 NOTICE cart.member.updated :: Updated g.verdura6@gmail.com subscriber status to subscribed and language to es
2023-02-19T15:57:15+00:00 NOTICE action_scheduler.queue_job :: MailChimp_WooCommerce_Cart_Update queued :: obj_id fe626c1d91f5744b443188038995bde3
2023-02-19T15:57:16+00:00 NOTICE abandoned_cart.success :: email: g.verdura6@gmail.com :: checkout_url: https://naturalconexion.com/checkout/?mc_cart_id=fe626c1d91f5744b443188038995bde3
2023-02-19T15:57:46+00:00 NOTICE action_scheduler.queue_job :: MailChimp_WooCommerce_User_Submit queued :: obj_id 2202
2023-02-19T15:58:22+00:00 NOTICE member.sync :: Updated Member g.verdura6@gmail.com :: Array
(
    [status] => transactional
    [language] => 
    [merge_fields] => Array
        (
            [FNAME] => Giulia
            [LNAME] => Verdura
        )

    [gdpr_fields] => 
)

2023-02-19T16:00:15+00:00 NOTICE action_scheduler.queue_job :: MailChimp_WooCommerce_Cart_Update queued :: obj_id fe626c1d91f5744b443188038995bde3
2023-02-19T16:00:27+00:00 NOTICE abandoned_cart.success :: email: g.verdura6@gmail.com :: checkout_url: https://naturalconexion.com/checkout/?mc_cart_id=fe626c1d91f5744b443188038995bde3
2023-02-19T16:02:06+00:00 NOTICE action_scheduler.queue_job :: MailChimp_WooCommerce_User_Submit queued :: obj_id 2202
2023-02-19T16:02:06+00:00 NOTICE action_scheduler.queue_job :: MailChimp_WooCommerce_Single_Order starts in 90 seconds :: obj_id 23320
2023-02-19T16:02:41+00:00 NOTICE member.sync :: Updated Member g.verdura6@gmail.com :: Array
(
    [previous_status] => transactional
    [status] => 
    [language] => 
    [merge_fields] => Array
        (
            [FNAME] => Giulia
            [LNAME] => Verdura
        )

    [gdpr_fields] => 
)

2023-02-19T16:04:03+00:00 NOTICE order_submit :: #23320 has a financial status of pending and was skipped.
2023-02-19T16:05:34+00:00 NOTICE action_scheduler.queue_job :: MailChimp_WooCommerce_Single_Order starts in 90 seconds :: obj_id 23320
2023-02-19T16:05:37+00:00 NOTICE debug :: Order ID 23320 was pending and is now processing :: Array
(
    [new_order] => 1
    [tracking] => Array
        (
            [campaign_id] => 
            [landing_site] => https://naturalconexion.com/wp-content/plugins/woocommerce-payu-latam/confirmation.php
        )

)

2023-02-19T16:08:35+00:00 NOTICE order.member.updated :: Updated g.verdura6@gmail.com subscriber status to transactional and language to 
2023-02-19T16:08:35+00:00 NOTICE order_submit.success :: addStoreOrder :: #23320 :: email: g.verdura6@gmail.com :: landing site https://naturalconexion.com/wp-content/plugins/woocommerce-payu-latam/confirmation.php :: abandoned cart deleted [fe626c1d91f5744b443188038995bde3]
