2021-12-29T01:48:09+00:00 NOTICE action_scheduler.queue_job :: MailChimp_WooCommerce_Cart_Update queued :: obj_id e5ca4a1e59ea5df03c3ee60e69bbeca5
2021-12-29T01:48:54+00:00 NOTICE abandoned_cart.success :: email: ana.villaa@hotmail.com :: checkout_url: https://naturalconexion.com/checkout/?mc_cart_id=e5ca4a1e59ea5df03c3ee60e69bbeca5
2021-12-29T01:48:54+00:00 NOTICE cart.member.updated :: Updated ana.villaa@hotmail.com subscriber status to subscribed and language to es
2021-12-29T01:49:37+00:00 NOTICE ac.cart_swap :: Deleted cart [ana.villaa@hotmail.com] :: ID [e5ca4a1e59ea5df03c3ee60e69bbeca5]
2021-12-29T01:49:37+00:00 NOTICE action_scheduler.queue_job :: MailChimp_WooCommerce_Cart_Update queued :: obj_id 9226629fde5cb7c6eab21f977643ac59
2021-12-29T01:49:40+00:00 NOTICE action_scheduler.queue_job :: MailChimp_WooCommerce_User_Submit queued :: obj_id 1979
2021-12-29T01:49:42+00:00 NOTICE action_scheduler.queue_job :: MailChimp_WooCommerce_Single_Order starts in 90 seconds :: obj_id 17960
2021-12-29T01:49:54+00:00 NOTICE abandoned_cart.success :: email: ana.villaa@gmail.com :: checkout_url: https://naturalconexion.com/checkout/?mc_cart_id=9226629fde5cb7c6eab21f977643ac59
2021-12-29T01:49:54+00:00 NOTICE cart.member.updated :: Updated ana.villaa@gmail.com subscriber status to transactional and language to es
2021-12-29T01:49:55+00:00 NOTICE member.sync :: Updated Member ana.villaa@gmail.com :: Array
(
    [previous_status] => transactional
    [status] => 1
    [merge_fields] => Array
        (
            [FNAME] => Ana María
            [LNAME] => Villa Arango
        )

)

2021-12-29T01:51:54+00:00 NOTICE order_sumbit :: #17960 has a financial status of pending and was skipped.
2021-12-29T02:02:43+00:00 NOTICE action_scheduler.queue_job :: MailChimp_WooCommerce_Cart_Update queued :: obj_id 56be10c01d116dd489775b504aa5871a
2021-12-29T02:02:55+00:00 NOTICE abandoned_cart.success :: email: tarrieta28@hotmail.com :: checkout_url: https://naturalconexion.com/checkout/?mc_cart_id=56be10c01d116dd489775b504aa5871a
2021-12-29T02:02:55+00:00 NOTICE cart.member.updated :: Updated tarrieta28@hotmail.com subscriber status to subscribed and language to es
2021-12-29T02:05:12+00:00 NOTICE action_scheduler.queue_job :: MailChimp_WooCommerce_Cart_Update queued :: obj_id 56be10c01d116dd489775b504aa5871a
2021-12-29T02:05:54+00:00 NOTICE abandoned_cart.success :: email: tarrieta28@hotmail.com :: checkout_url: https://naturalconexion.com/checkout/?mc_cart_id=56be10c01d116dd489775b504aa5871a
2021-12-29T02:06:07+00:00 NOTICE action_scheduler.queue_job :: MailChimp_WooCommerce_Cart_Update queued :: obj_id 56be10c01d116dd489775b504aa5871a
2021-12-29T02:06:26+00:00 NOTICE abandoned_cart.success :: email: tarrieta28@hotmail.com :: checkout_url: https://naturalconexion.com/checkout/?mc_cart_id=56be10c01d116dd489775b504aa5871a
2021-12-29T02:06:43+00:00 NOTICE action_scheduler.queue_job :: MailChimp_WooCommerce_Cart_Update queued :: obj_id 56be10c01d116dd489775b504aa5871a
2021-12-29T02:06:55+00:00 NOTICE abandoned_cart.success :: email: tarrieta28@hotmail.com :: checkout_url: https://naturalconexion.com/checkout/?mc_cart_id=56be10c01d116dd489775b504aa5871a
2021-12-29T02:07:31+00:00 NOTICE action_scheduler.queue_job :: MailChimp_WooCommerce_Cart_Update queued :: obj_id 56be10c01d116dd489775b504aa5871a
2021-12-29T02:08:10+00:00 NOTICE abandoned_cart.success :: email: tarrieta28@hotmail.com :: checkout_url: https://naturalconexion.com/checkout/?mc_cart_id=56be10c01d116dd489775b504aa5871a
2021-12-29T02:08:12+00:00 NOTICE action_scheduler.queue_job :: MailChimp_WooCommerce_Cart_Update queued :: obj_id 56be10c01d116dd489775b504aa5871a
2021-12-29T02:08:30+00:00 NOTICE abandoned_cart.success :: email: tarrieta28@hotmail.com :: checkout_url: https://naturalconexion.com/checkout/?mc_cart_id=56be10c01d116dd489775b504aa5871a
2021-12-29T02:09:54+00:00 NOTICE action_scheduler.queue_job :: MailChimp_WooCommerce_Cart_Update queued :: obj_id 56be10c01d116dd489775b504aa5871a
2021-12-29T02:09:54+00:00 NOTICE abandoned_cart.success :: email: tarrieta28@hotmail.com :: checkout_url: https://naturalconexion.com/checkout/?mc_cart_id=56be10c01d116dd489775b504aa5871a
2021-12-29T02:10:15+00:00 NOTICE action_scheduler.queue_job :: MailChimp_WooCommerce_Cart_Update queued :: obj_id 56be10c01d116dd489775b504aa5871a
2021-12-29T02:10:55+00:00 NOTICE abandoned_cart.success :: email: tarrieta28@hotmail.com :: checkout_url: https://naturalconexion.com/checkout/?mc_cart_id=56be10c01d116dd489775b504aa5871a
2021-12-29T02:11:32+00:00 NOTICE action_scheduler.queue_job :: MailChimp_WooCommerce_Cart_Update queued :: obj_id 56be10c01d116dd489775b504aa5871a
2021-12-29T02:11:57+00:00 NOTICE abandoned_cart.success :: email: tarrieta28@hotmail.com :: checkout_url: https://naturalconexion.com/checkout/?mc_cart_id=56be10c01d116dd489775b504aa5871a
2021-12-29T02:12:24+00:00 NOTICE action_scheduler.queue_job :: MailChimp_WooCommerce_Cart_Update queued :: obj_id 56be10c01d116dd489775b504aa5871a
2021-12-29T02:12:55+00:00 NOTICE abandoned_cart.success :: email: tarrieta28@hotmail.com :: checkout_url: https://naturalconexion.com/checkout/?mc_cart_id=56be10c01d116dd489775b504aa5871a
2021-12-29T02:13:29+00:00 NOTICE action_scheduler.queue_job :: MailChimp_WooCommerce_Cart_Update queued :: obj_id 56be10c01d116dd489775b504aa5871a
2021-12-29T02:13:54+00:00 NOTICE abandoned_cart.success :: email: tarrieta28@hotmail.com :: checkout_url: https://naturalconexion.com/checkout/?mc_cart_id=56be10c01d116dd489775b504aa5871a
2021-12-29T02:16:13+00:00 NOTICE action_scheduler.queue_job :: MailChimp_WooCommerce_Cart_Update queued :: obj_id 56be10c01d116dd489775b504aa5871a
2021-12-29T02:16:13+00:00 NOTICE abandoned_cart.success :: email: tarrieta28@hotmail.com :: checkout_url: https://naturalconexion.com/checkout/?mc_cart_id=56be10c01d116dd489775b504aa5871a
2021-12-29T02:17:45+00:00 NOTICE action_scheduler.queue_job :: MailChimp_WooCommerce_Cart_Update queued :: obj_id 56be10c01d116dd489775b504aa5871a
2021-12-29T02:17:49+00:00 NOTICE abandoned_cart.success :: email: tarrieta28@hotmail.com :: checkout_url: https://naturalconexion.com/checkout/?mc_cart_id=56be10c01d116dd489775b504aa5871a
2021-12-29T02:54:38+00:00 NOTICE action_scheduler.queue_job :: MailChimp_WooCommerce_Single_Order starts in 90 seconds :: obj_id 12143
2021-12-29T02:54:38+00:00 NOTICE debug :: Order ID 12143 was failed and is now cancelled :: Array
(
    [new_order] => 
    [tracking] => 
)

2021-12-29T02:58:21+00:00 NOTICE order_sumbit :: #12143 has a financial status of cancelled and was skipped.
2021-12-29T03:55:02+00:00 NOTICE action_scheduler.queue_job :: MailChimp_WooCommerce_Cart_Update queued :: obj_id 6996ea59f253248e4369550067a823ec
2021-12-29T03:55:16+00:00 NOTICE abandoned_cart.success :: email: karollcastro09@gmail.com :: checkout_url: https://naturalconexion.com/checkout/?mc_cart_id=6996ea59f253248e4369550067a823ec
2021-12-29T03:55:16+00:00 NOTICE cart.member.updated :: Updated karollcastro09@gmail.com subscriber status to transactional and language to es
2021-12-29T04:01:27+00:00 NOTICE action_scheduler.queue_job :: MailChimp_WooCommerce_User_Submit queued :: obj_id 1980
2021-12-29T04:01:40+00:00 NOTICE member.sync :: Updated Member karollcastro09@gmail.com :: Array
(
    [previous_status] => transactional
    [status] => 1
    [merge_fields] => Array
        (
        )

)

2021-12-29T04:09:01+00:00 NOTICE action_scheduler.queue_job :: MailChimp_WooCommerce_Cart_Update queued :: obj_id 6996ea59f253248e4369550067a823ec
2021-12-29T04:09:14+00:00 NOTICE abandoned_cart.success :: email: karollcastro09@gmail.com :: checkout_url: https://naturalconexion.com/checkout/?mc_cart_id=6996ea59f253248e4369550067a823ec
2021-12-29T04:17:48+00:00 NOTICE action_scheduler.queue_job :: MailChimp_WooCommerce_Cart_Update queued :: obj_id 6996ea59f253248e4369550067a823ec
2021-12-29T04:17:57+00:00 NOTICE abandoned_cart.success :: email: karollcastro09@gmail.com :: checkout_url: https://naturalconexion.com/checkout/?mc_cart_id=6996ea59f253248e4369550067a823ec
2021-12-29T04:46:58+00:00 NOTICE action_scheduler.queue_job :: MailChimp_WooCommerce_Single_Order starts in 90 seconds :: obj_id 17960
2021-12-29T04:47:01+00:00 NOTICE debug :: Order ID 17960 was pending and is now processing :: Array
(
    [new_order] => 1
    [tracking] => Array
        (
            [campaign_id] => 
            [landing_site] => https://naturalconexion.com/?wc-ajax=get_refreshed_fragments
        )

)

2021-12-29T04:47:01+00:00 NOTICE action_scheduler.queue_job :: MailChimp_WooCommerce_User_Submit queued :: obj_id 1979
2021-12-29T04:47:38+00:00 NOTICE member.sync :: Updated Member ana.villaa@gmail.com ( merge fields only ) :: Array
(
    [merge_fields] => Array
        (
            [FNAME] => Ana María
            [LNAME] => Villa Arango
        )

)

2021-12-29T04:49:40+00:00 NOTICE order.member.updated :: Updated ana.villaa@gmail.com subscriber status to subscribed and language to 
2021-12-29T04:49:40+00:00 NOTICE order_submit.success :: addStoreOrder :: #17960 :: email: ana.villaa@gmail.com :: landing site https://naturalconexion.com/?wc-ajax=get_refreshed_fragments :: abandoned cart deleted [9226629fde5cb7c6eab21f977643ac59]
2021-12-29T06:06:34+00:00 NOTICE action_scheduler.queue_job :: MailChimp_WooCommerce_Cart_Update queued :: obj_id ac8c139fa51715fe41bc5c9a7c1461ca
2021-12-29T06:06:58+00:00 NOTICE abandoned_cart.success :: email: samantha960416@gmail.com :: checkout_url: https://naturalconexion.com/checkout/?mc_cart_id=ac8c139fa51715fe41bc5c9a7c1461ca
2021-12-29T06:06:58+00:00 NOTICE cart.member.updated :: Updated samantha960416@gmail.com subscriber status to transactional and language to es
2021-12-29T06:07:05+00:00 NOTICE action_scheduler.queue_job :: MailChimp_WooCommerce_Single_Order starts in 90 seconds :: obj_id 17961
2021-12-29T06:10:25+00:00 NOTICE order_sumbit :: #17961 has a financial status of pending and was skipped.
2021-12-29T06:11:06+00:00 NOTICE action_scheduler.queue_job :: MailChimp_WooCommerce_Cart_Update queued :: obj_id ac8c139fa51715fe41bc5c9a7c1461ca
2021-12-29T06:11:31+00:00 NOTICE abandoned_cart.success :: email: samantha960416@gmail.com :: checkout_url: https://naturalconexion.com/checkout/?mc_cart_id=ac8c139fa51715fe41bc5c9a7c1461ca
2021-12-29T06:11:58+00:00 NOTICE action_scheduler.queue_job :: MailChimp_WooCommerce_Cart_Update queued :: obj_id ac8c139fa51715fe41bc5c9a7c1461ca
2021-12-29T06:11:59+00:00 NOTICE abandoned_cart.success :: email: samantha960416@gmail.com :: checkout_url: https://naturalconexion.com/checkout/?mc_cart_id=ac8c139fa51715fe41bc5c9a7c1461ca
2021-12-29T06:12:32+00:00 NOTICE action_scheduler.queue_job :: MailChimp_WooCommerce_Cart_Update queued :: obj_id ac8c139fa51715fe41bc5c9a7c1461ca
2021-12-29T06:12:55+00:00 NOTICE abandoned_cart.success :: email: samantha960416@gmail.com :: checkout_url: https://naturalconexion.com/checkout/?mc_cart_id=ac8c139fa51715fe41bc5c9a7c1461ca
2021-12-29T06:12:59+00:00 NOTICE action_scheduler.queue_job :: MailChimp_WooCommerce_Cart_Update queued :: obj_id ac8c139fa51715fe41bc5c9a7c1461ca
2021-12-29T06:13:38+00:00 NOTICE abandoned_cart.success :: email: samantha960416@gmail.com :: checkout_url: https://naturalconexion.com/checkout/?mc_cart_id=ac8c139fa51715fe41bc5c9a7c1461ca
2021-12-29T06:14:14+00:00 NOTICE action_scheduler.queue_job :: MailChimp_WooCommerce_Cart_Update queued :: obj_id ac8c139fa51715fe41bc5c9a7c1461ca
2021-12-29T06:14:53+00:00 NOTICE abandoned_cart.success :: email: samantha960416@gmail.com :: checkout_url: https://naturalconexion.com/checkout/?mc_cart_id=ac8c139fa51715fe41bc5c9a7c1461ca
2021-12-29T06:14:55+00:00 NOTICE action_scheduler.queue_job :: MailChimp_WooCommerce_Cart_Update queued :: obj_id ac8c139fa51715fe41bc5c9a7c1461ca
2021-12-29T06:14:59+00:00 NOTICE abandoned_cart.success :: email: samantha960416@gmail.com :: checkout_url: https://naturalconexion.com/checkout/?mc_cart_id=ac8c139fa51715fe41bc5c9a7c1461ca
2021-12-29T06:16:43+00:00 NOTICE action_scheduler.queue_job :: MailChimp_WooCommerce_Single_Order starts in 90 seconds :: obj_id 17962
2021-12-29T06:18:47+00:00 NOTICE debug :: Order ID 17962 was pending and is now processing :: Array
(
    [new_order] => 1
    [tracking] => Array
        (
            [campaign_id] => 
            [landing_site] => https://naturalconexion.com/wp-admin/admin-ajax.php
        )

)

2021-12-29T06:20:16+00:00 NOTICE order.member.updated :: Updated samantha960416@gmail.com subscriber status to transactional and language to es
2021-12-29T06:20:16+00:00 NOTICE order_submit.success :: addStoreOrder :: #17962 :: email: samantha960416@gmail.com :: landing site https://naturalconexion.com/wp-admin/admin-ajax.php :: abandoned cart deleted [ac8c139fa51715fe41bc5c9a7c1461ca]
2021-12-29T12:03:45+00:00 NOTICE action_scheduler.queue_job :: MailChimp_WooCommerce_Cart_Update queued :: obj_id 31a93429b8f4022d38079e563682cac3
2021-12-29T12:03:45+00:00 NOTICE abandoned_cart.success :: email: carolmoreno.28@gmail.com :: checkout_url: https://naturalconexion.com/checkout/?mc_cart_id=31a93429b8f4022d38079e563682cac3
2021-12-29T12:03:45+00:00 NOTICE cart.member.updated :: Updated carolmoreno.28@gmail.com subscriber status to transactional and language to es
2021-12-29T12:06:10+00:00 NOTICE action_scheduler.queue_job :: MailChimp_WooCommerce_Cart_Update queued :: obj_id 31a93429b8f4022d38079e563682cac3
2021-12-29T12:06:11+00:00 NOTICE abandoned_cart.success :: email: carolmoreno.28@gmail.com :: checkout_url: https://naturalconexion.com/checkout/?mc_cart_id=31a93429b8f4022d38079e563682cac3
2021-12-29T12:08:11+00:00 NOTICE action_scheduler.queue_job :: MailChimp_WooCommerce_Cart_Update queued :: obj_id 31a93429b8f4022d38079e563682cac3
2021-12-29T12:08:11+00:00 NOTICE abandoned_cart.success :: email: carolmoreno.28@gmail.com :: checkout_url: https://naturalconexion.com/checkout/?mc_cart_id=31a93429b8f4022d38079e563682cac3
2021-12-29T12:09:18+00:00 NOTICE action_scheduler.queue_job :: MailChimp_WooCommerce_Cart_Update queued :: obj_id 31a93429b8f4022d38079e563682cac3
2021-12-29T12:09:20+00:00 NOTICE abandoned_cart.success :: email: carolmoreno.28@gmail.com :: checkout_url: https://naturalconexion.com/checkout/?mc_cart_id=31a93429b8f4022d38079e563682cac3
2021-12-29T12:09:54+00:00 NOTICE action_scheduler.queue_job :: MailChimp_WooCommerce_Cart_Update queued :: obj_id 31a93429b8f4022d38079e563682cac3
2021-12-29T12:09:54+00:00 NOTICE abandoned_cart.success :: email: carolmoreno.28@gmail.com :: checkout_url: https://naturalconexion.com/checkout/?mc_cart_id=31a93429b8f4022d38079e563682cac3
2021-12-29T12:54:44+00:00 NOTICE action_scheduler.queue_job :: MailChimp_WooCommerce_Single_Order starts in 90 seconds :: obj_id 17949
2021-12-29T12:54:46+00:00 NOTICE debug :: Order ID 17949 was processing and is now completed :: Array
(
    [new_order] => 
    [tracking] => 
)

2021-12-29T12:54:46+00:00 NOTICE action_scheduler.queue_job :: MailChimp_WooCommerce_Single_Order starts in 90 seconds :: obj_id 17953
2021-12-29T12:54:47+00:00 NOTICE debug :: Order ID 17953 was processing and is now completed :: Array
(
    [new_order] => 
    [tracking] => 
)

2021-12-29T12:54:47+00:00 NOTICE action_scheduler.queue_job :: MailChimp_WooCommerce_Single_Order starts in 90 seconds :: obj_id 17954
2021-12-29T12:54:49+00:00 NOTICE debug :: Order ID 17954 was processing and is now completed :: Array
(
    [new_order] => 
    [tracking] => 
)

2021-12-29T12:54:49+00:00 NOTICE action_scheduler.queue_job :: MailChimp_WooCommerce_Single_Order starts in 90 seconds :: obj_id 17955
2021-12-29T12:54:50+00:00 NOTICE debug :: Order ID 17955 was processing and is now completed :: Array
(
    [new_order] => 
    [tracking] => 
)

2021-12-29T12:56:17+00:00 NOTICE order.member.updated :: Updated tatiu20@gmail.com subscriber status to subscribed and language to 
2021-12-29T12:56:17+00:00 NOTICE order_submit.success :: updateStoreOrder :: #17949 :: email: tatiu20@gmail.com
2021-12-29T12:56:18+00:00 NOTICE order.member.updated :: Updated pilargm23@hotmail.com subscriber status to subscribed and language to 
2021-12-29T12:56:18+00:00 NOTICE order_submit.success :: updateStoreOrder :: #17953 :: email: pilargm23@hotmail.com
2021-12-29T12:56:19+00:00 NOTICE order.member.updated :: Updated marcela8601@hotmail.com subscriber status to subscribed and language to 
2021-12-29T12:56:19+00:00 NOTICE order_submit.success :: updateStoreOrder :: #17954 :: email: marcela8601@hotmail.com
2021-12-29T12:56:20+00:00 NOTICE order.member.updated :: Updated materesacorrea@gmail.com subscriber status to unsubscribed and language to 
2021-12-29T12:56:20+00:00 NOTICE order_submit.success :: updateStoreOrder :: #17955 :: email: materesacorrea@gmail.com
2021-12-29T13:23:35+00:00 NOTICE action_scheduler.queue_job :: MailChimp_WooCommerce_Single_Order starts in 90 seconds :: obj_id 17959
2021-12-29T13:23:41+00:00 NOTICE debug :: Order ID 17959 was processing and is now completed :: Array
(
    [new_order] => 
    [tracking] => 
)

2021-12-29T13:23:41+00:00 NOTICE action_scheduler.queue_job :: MailChimp_WooCommerce_Single_Order starts in 90 seconds :: obj_id 17960
2021-12-29T13:23:41+00:00 NOTICE debug :: Order ID 17960 was processing and is now completed :: Array
(
    [new_order] => 
    [tracking] => 
)

2021-12-29T13:23:41+00:00 NOTICE action_scheduler.queue_job :: MailChimp_WooCommerce_Single_Order starts in 90 seconds :: obj_id 17962
2021-12-29T13:23:43+00:00 NOTICE debug :: Order ID 17962 was processing and is now completed :: Array
(
    [new_order] => 
    [tracking] => 
)

2021-12-29T13:25:27+00:00 NOTICE order.member.updated :: Updated Lilica_286@hotmail.com subscriber status to transactional and language to 
2021-12-29T13:25:27+00:00 NOTICE order_submit.success :: updateStoreOrder :: #17959 :: email: Lilica_286@hotmail.com
2021-12-29T13:25:28+00:00 NOTICE order.member.updated :: Updated ana.villaa@gmail.com subscriber status to subscribed and language to 
2021-12-29T13:25:28+00:00 NOTICE order_submit.success :: updateStoreOrder :: #17960 :: email: ana.villaa@gmail.com
2021-12-29T13:25:30+00:00 NOTICE order.member.updated :: Updated samantha960416@gmail.com subscriber status to transactional and language to 
2021-12-29T13:25:30+00:00 NOTICE order_submit.success :: updateStoreOrder :: #17962 :: email: samantha960416@gmail.com
2021-12-29T15:39:18+00:00 NOTICE action_scheduler.queue_job :: MailChimp_WooCommerce_Cart_Update queued :: obj_id 56be10c01d116dd489775b504aa5871a
2021-12-29T15:40:10+00:00 NOTICE abandoned_cart.success :: email: tarrieta28@hotmail.com :: checkout_url: https://naturalconexion.com/checkout/?mc_cart_id=56be10c01d116dd489775b504aa5871a
2021-12-29T15:40:10+00:00 NOTICE cart.member.updated :: Updated tarrieta28@hotmail.com subscriber status to subscribed and language to es
2021-12-29T15:40:31+00:00 NOTICE action_scheduler.queue_job :: MailChimp_WooCommerce_Cart_Update queued :: obj_id 56be10c01d116dd489775b504aa5871a
2021-12-29T15:41:21+00:00 NOTICE abandoned_cart.success :: email: tarrieta28@hotmail.com :: checkout_url: https://naturalconexion.com/checkout/?mc_cart_id=56be10c01d116dd489775b504aa5871a
2021-12-29T15:41:21+00:00 NOTICE action_scheduler.queue_job :: MailChimp_WooCommerce_Cart_Update queued :: obj_id 56be10c01d116dd489775b504aa5871a
2021-12-29T15:41:23+00:00 NOTICE abandoned_cart.success :: email: tarrieta28@hotmail.com :: checkout_url: https://naturalconexion.com/checkout/?mc_cart_id=56be10c01d116dd489775b504aa5871a
2021-12-29T15:46:02+00:00 NOTICE action_scheduler.queue_job :: MailChimp_WooCommerce_Cart_Update queued :: obj_id 56be10c01d116dd489775b504aa5871a
2021-12-29T15:46:10+00:00 NOTICE abandoned_cart.success :: email: tarrieta28@hotmail.com :: checkout_url: https://naturalconexion.com/checkout/?mc_cart_id=56be10c01d116dd489775b504aa5871a
2021-12-29T15:46:54+00:00 NOTICE action_scheduler.queue_job :: MailChimp_WooCommerce_Single_Order starts in 90 seconds :: obj_id 17963
2021-12-29T15:48:23+00:00 NOTICE action_scheduler.queue_job :: MailChimp_WooCommerce_Single_Order starts in 90 seconds :: obj_id 17964
2021-12-29T15:48:53+00:00 NOTICE order_sumbit :: #17963 has a financial status of pending and was skipped.
2021-12-29T15:50:41+00:00 NOTICE order_sumbit :: #17964 has a financial status of pending and was skipped.
2021-12-29T15:54:37+00:00 NOTICE action_scheduler.queue_job :: MailChimp_WooCommerce_Single_Order starts in 90 seconds :: obj_id 17965
2021-12-29T15:56:17+00:00 NOTICE order_sumbit :: #17965 has a financial status of pending and was skipped.
2021-12-29T15:57:00+00:00 NOTICE action_scheduler.queue_job :: MailChimp_WooCommerce_Single_Order starts in 90 seconds :: obj_id 17966
2021-12-29T15:58:07+00:00 NOTICE action_scheduler.queue_job :: MailChimp_WooCommerce_Cart_Update queued :: obj_id 56be10c01d116dd489775b504aa5871a
2021-12-29T15:58:10+00:00 NOTICE abandoned_cart.success :: email: tarrieta28@hotmail.com :: checkout_url: https://naturalconexion.com/checkout/?mc_cart_id=56be10c01d116dd489775b504aa5871a
2021-12-29T15:58:31+00:00 NOTICE action_scheduler.queue_job :: MailChimp_WooCommerce_Cart_Update queued :: obj_id 56be10c01d116dd489775b504aa5871a
2021-12-29T15:59:08+00:00 NOTICE order_sumbit :: #17966 has a financial status of pending and was skipped.
2021-12-29T15:59:08+00:00 NOTICE abandoned_cart.success :: email: tarrieta28@hotmail.com :: checkout_url: https://naturalconexion.com/checkout/?mc_cart_id=56be10c01d116dd489775b504aa5871a
2021-12-29T16:05:29+00:00 NOTICE action_scheduler.queue_job :: MailChimp_WooCommerce_Cart_Update queued :: obj_id 56be10c01d116dd489775b504aa5871a
2021-12-29T16:05:57+00:00 NOTICE abandoned_cart.success :: email: tarrieta28@hotmail.com :: checkout_url: https://naturalconexion.com/checkout/?mc_cart_id=56be10c01d116dd489775b504aa5871a
2021-12-29T16:06:06+00:00 NOTICE action_scheduler.queue_job :: MailChimp_WooCommerce_Cart_Update queued :: obj_id 56be10c01d116dd489775b504aa5871a
2021-12-29T16:06:58+00:00 NOTICE abandoned_cart.success :: email: tarrieta28@hotmail.com :: checkout_url: https://naturalconexion.com/checkout/?mc_cart_id=56be10c01d116dd489775b504aa5871a
2021-12-29T16:07:44+00:00 NOTICE action_scheduler.queue_job :: MailChimp_WooCommerce_Cart_Update queued :: obj_id 56be10c01d116dd489775b504aa5871a
2021-12-29T16:07:55+00:00 NOTICE abandoned_cart.success :: email: tarrieta28@hotmail.com :: checkout_url: https://naturalconexion.com/checkout/?mc_cart_id=56be10c01d116dd489775b504aa5871a
2021-12-29T16:08:02+00:00 NOTICE action_scheduler.queue_job :: MailChimp_WooCommerce_Cart_Update queued :: obj_id 56be10c01d116dd489775b504aa5871a
2021-12-29T16:08:54+00:00 NOTICE abandoned_cart.success :: email: tarrieta28@hotmail.com :: checkout_url: https://naturalconexion.com/checkout/?mc_cart_id=56be10c01d116dd489775b504aa5871a
2021-12-29T16:18:37+00:00 NOTICE action_scheduler.queue_job :: MailChimp_WooCommerce_Cart_Update queued :: obj_id 56be10c01d116dd489775b504aa5871a
2021-12-29T16:18:37+00:00 NOTICE action_scheduler.queue_job :: MailChimp_WooCommerce_Single_Order starts in 90 seconds :: obj_id 17967
2021-12-29T16:19:28+00:00 NOTICE abandoned_cart.success :: email: tarrieta28@hotmail.com :: checkout_url: https://naturalconexion.com/checkout/?mc_cart_id=56be10c01d116dd489775b504aa5871a
2021-12-29T16:20:10+00:00 NOTICE order_sumbit :: #17967 has a financial status of pending and was skipped.
2021-12-29T16:25:26+00:00 NOTICE action_scheduler.queue_job :: MailChimp_WooCommerce_Single_Order starts in 90 seconds :: obj_id 17968
2021-12-29T16:27:40+00:00 NOTICE order_sumbit :: #17968 has a financial status of pending and was skipped.
2021-12-29T16:31:12+00:00 NOTICE action_scheduler.queue_job :: MailChimp_WooCommerce_Cart_Update queued :: obj_id 56be10c01d116dd489775b504aa5871a
2021-12-29T16:31:25+00:00 NOTICE abandoned_cart.success :: email: tarrieta28@hotmail.com :: checkout_url: https://naturalconexion.com/checkout/?mc_cart_id=56be10c01d116dd489775b504aa5871a
2021-12-29T16:33:25+00:00 NOTICE action_scheduler.queue_job :: MailChimp_WooCommerce_Single_Order starts in 90 seconds :: obj_id 17969
2021-12-29T16:34:27+00:00 NOTICE action_scheduler.queue_job :: MailChimp_WooCommerce_Cart_Update queued :: obj_id 56be10c01d116dd489775b504aa5871a
2021-12-29T16:35:11+00:00 NOTICE abandoned_cart.success :: email: tarrieta28@hotmail.com :: checkout_url: https://naturalconexion.com/checkout/?mc_cart_id=56be10c01d116dd489775b504aa5871a
2021-12-29T16:35:12+00:00 NOTICE order_sumbit :: #17969 has a financial status of pending and was skipped.
2021-12-29T16:35:36+00:00 NOTICE action_scheduler.queue_job :: MailChimp_WooCommerce_Single_Order starts in 90 seconds :: obj_id 17970
2021-12-29T16:35:56+00:00 NOTICE action_scheduler.queue_job :: MailChimp_WooCommerce_Single_Order starts in 90 seconds :: obj_id 17971
2021-12-29T16:36:47+00:00 NOTICE action_scheduler.queue_job :: MailChimp_WooCommerce_Cart_Update queued :: obj_id e2e74941ccb690234f5a9e8634e9470f
2021-12-29T16:36:51+00:00 NOTICE abandoned_cart.success :: email: adriana832@hotmail.com :: checkout_url: https://naturalconexion.com/checkout/?mc_cart_id=e2e74941ccb690234f5a9e8634e9470f
2021-12-29T16:36:51+00:00 NOTICE cart.member.updated :: Updated adriana832@hotmail.com subscriber status to transactional and language to es
2021-12-29T16:36:56+00:00 NOTICE action_scheduler.queue_job :: MailChimp_WooCommerce_Single_Order starts in 90 seconds :: obj_id 17972
2021-12-29T16:38:08+00:00 NOTICE order_sumbit :: #17970 has a financial status of pending and was skipped.
2021-12-29T16:38:08+00:00 NOTICE order_sumbit :: #17971 has a financial status of pending and was skipped.
2021-12-29T16:38:54+00:00 NOTICE action_scheduler.queue_job :: MailChimp_WooCommerce_Single_Order starts in 90 seconds :: obj_id 17973
2021-12-29T16:38:54+00:00 NOTICE order_sumbit :: #17972 has a financial status of pending and was skipped.
2021-12-29T16:40:07+00:00 NOTICE action_scheduler.queue_job :: MailChimp_WooCommerce_Cart_Update queued :: obj_id e2e74941ccb690234f5a9e8634e9470f
2021-12-29T16:40:07+00:00 NOTICE abandoned_cart.success :: email: adriana832@hotmail.com :: checkout_url: https://naturalconexion.com/checkout/?mc_cart_id=e2e74941ccb690234f5a9e8634e9470f
2021-12-29T16:40:09+00:00 NOTICE action_scheduler.queue_job :: MailChimp_WooCommerce_Cart_Update queued :: obj_id e2e74941ccb690234f5a9e8634e9470f
2021-12-29T16:40:12+00:00 NOTICE abandoned_cart.success :: email: adriana832@hotmail.com :: checkout_url: https://naturalconexion.com/checkout/?mc_cart_id=e2e74941ccb690234f5a9e8634e9470f
2021-12-29T16:42:23+00:00 NOTICE order_sumbit :: #17973 has a financial status of pending and was skipped.
2021-12-29T16:43:09+00:00 NOTICE action_scheduler.queue_job :: MailChimp_WooCommerce_Single_Order starts in 90 seconds :: obj_id 17974
2021-12-29T16:44:27+00:00 NOTICE action_scheduler.queue_job :: MailChimp_WooCommerce_Cart_Update queued :: obj_id e2e74941ccb690234f5a9e8634e9470f
2021-12-29T16:44:31+00:00 NOTICE abandoned_cart.success :: email: adriana832@hotmail.com :: checkout_url: https://naturalconexion.com/checkout/?mc_cart_id=e2e74941ccb690234f5a9e8634e9470f
2021-12-29T16:44:36+00:00 NOTICE action_scheduler.queue_job :: MailChimp_WooCommerce_Single_Order starts in 90 seconds :: obj_id 17975
2021-12-29T16:45:31+00:00 NOTICE order_sumbit :: #17974 has a financial status of pending and was skipped.
2021-12-29T16:48:57+00:00 NOTICE order_sumbit :: #17975 has a financial status of pending and was skipped.
2021-12-29T18:08:22+00:00 NOTICE action_scheduler.queue_job :: MailChimp_WooCommerce_Cart_Update queued :: obj_id 7d744cdca1ce8b9277f1a1dd5bed28d7
2021-12-29T18:09:25+00:00 NOTICE action_scheduler.queue_job :: MailChimp_WooCommerce_Cart_Update queued :: obj_id 7d744cdca1ce8b9277f1a1dd5bed28d7
2021-12-29T18:09:25+00:00 NOTICE abandoned_cart.success :: email: tatywii44@gmail.com :: checkout_url: https://naturalconexion.com/checkout/?mc_cart_id=7d744cdca1ce8b9277f1a1dd5bed28d7
2021-12-29T18:09:26+00:00 NOTICE cart.member.updated :: Updated tatywii44@gmail.com subscriber status to subscribed and language to es
2021-12-29T18:09:26+00:00 NOTICE abandoned_cart.success :: email: tatywii44@gmail.com :: checkout_url: https://naturalconexion.com/checkout/?mc_cart_id=7d744cdca1ce8b9277f1a1dd5bed28d7
2021-12-29T18:09:26+00:00 NOTICE action_scheduler.queue_job :: MailChimp_WooCommerce_Cart_Update queued :: obj_id 7d744cdca1ce8b9277f1a1dd5bed28d7
2021-12-29T18:09:36+00:00 NOTICE abandoned_cart.success :: email: tatywii44@gmail.com :: checkout_url: https://naturalconexion.com/checkout/?mc_cart_id=7d744cdca1ce8b9277f1a1dd5bed28d7
2021-12-29T18:10:21+00:00 NOTICE action_scheduler.queue_job :: MailChimp_WooCommerce_Cart_Update queued :: obj_id 7d744cdca1ce8b9277f1a1dd5bed28d7
2021-12-29T18:10:39+00:00 NOTICE abandoned_cart.success :: email: tatywii44@gmail.com :: checkout_url: https://naturalconexion.com/checkout/?mc_cart_id=7d744cdca1ce8b9277f1a1dd5bed28d7
2021-12-29T18:11:00+00:00 NOTICE action_scheduler.queue_job :: MailChimp_WooCommerce_Cart_Update queued :: obj_id 7d744cdca1ce8b9277f1a1dd5bed28d7
2021-12-29T18:11:00+00:00 NOTICE abandoned_cart.success :: email: tatywii44@gmail.com :: checkout_url: https://naturalconexion.com/checkout/?mc_cart_id=7d744cdca1ce8b9277f1a1dd5bed28d7
2021-12-29T18:13:08+00:00 NOTICE action_scheduler.queue_job :: MailChimp_WooCommerce_Cart_Update queued :: obj_id 7d744cdca1ce8b9277f1a1dd5bed28d7
2021-12-29T18:13:12+00:00 NOTICE abandoned_cart.success :: email: tatywii44@gmail.com :: checkout_url: https://naturalconexion.com/checkout/?mc_cart_id=7d744cdca1ce8b9277f1a1dd5bed28d7
2021-12-29T18:13:50+00:00 NOTICE action_scheduler.queue_job :: MailChimp_WooCommerce_Cart_Update queued :: obj_id 7d744cdca1ce8b9277f1a1dd5bed28d7
2021-12-29T18:13:54+00:00 NOTICE abandoned_cart.success :: email: tatywii44@gmail.com :: checkout_url: https://naturalconexion.com/checkout/?mc_cart_id=7d744cdca1ce8b9277f1a1dd5bed28d7
2021-12-29T18:16:10+00:00 NOTICE action_scheduler.queue_job :: MailChimp_WooCommerce_Cart_Update queued :: obj_id 7d744cdca1ce8b9277f1a1dd5bed28d7
2021-12-29T18:16:18+00:00 NOTICE abandoned_cart.success :: email: tatywii44@gmail.com :: checkout_url: https://naturalconexion.com/checkout/?mc_cart_id=7d744cdca1ce8b9277f1a1dd5bed28d7
2021-12-29T18:16:43+00:00 NOTICE action_scheduler.queue_job :: MailChimp_WooCommerce_Cart_Update queued :: obj_id 7d744cdca1ce8b9277f1a1dd5bed28d7
2021-12-29T18:16:55+00:00 NOTICE abandoned_cart.success :: email: tatywii44@gmail.com :: checkout_url: https://naturalconexion.com/checkout/?mc_cart_id=7d744cdca1ce8b9277f1a1dd5bed28d7
2021-12-29T18:18:59+00:00 NOTICE action_scheduler.queue_job :: MailChimp_WooCommerce_Cart_Update queued :: obj_id 7d744cdca1ce8b9277f1a1dd5bed28d7
2021-12-29T18:19:42+00:00 NOTICE abandoned_cart.success :: email: tatywii44@gmail.com :: checkout_url: https://naturalconexion.com/checkout/?mc_cart_id=7d744cdca1ce8b9277f1a1dd5bed28d7
2021-12-29T18:20:08+00:00 NOTICE action_scheduler.queue_job :: MailChimp_WooCommerce_User_Submit queued :: obj_id 1791
2021-12-29T18:20:08+00:00 NOTICE action_scheduler.queue_job :: MailChimp_WooCommerce_Single_Order starts in 90 seconds :: obj_id 17976
2021-12-29T18:20:54+00:00 NOTICE member.sync :: Updated Member tatywii44@gmail.com ( merge fields only ) :: Array
(
    [merge_fields] => Array
        (
            [FNAME] => Tatiana
            [LNAME] => Navarro Pérez
        )

)

2021-12-29T18:21:54+00:00 NOTICE order_sumbit :: #17976 has a financial status of pending and was skipped.
2021-12-29T18:56:35+00:00 NOTICE action_scheduler.queue_job :: MailChimp_WooCommerce_Cart_Update queued :: obj_id fb8b1870f4d9023fafbc6477e3f66413
2021-12-29T18:56:36+00:00 NOTICE action_scheduler.queue_job :: MailChimp_WooCommerce_Single_Order starts in 90 seconds :: obj_id 17977
2021-12-29T18:57:47+00:00 NOTICE abandoned_cart.success :: email: tabata05@gmail.com :: checkout_url: https://naturalconexion.com/checkout/?mc_cart_id=fb8b1870f4d9023fafbc6477e3f66413
2021-12-29T18:57:48+00:00 NOTICE cart.member.updated :: Updated tabata05@gmail.com subscriber status to subscribed and language to es
2021-12-29T18:58:14+00:00 NOTICE action_scheduler.queue_job :: MailChimp_WooCommerce_Single_Order starts in 90 seconds :: obj_id 17978
2021-12-29T18:58:15+00:00 NOTICE order_sumbit :: #17977 has a financial status of pending and was skipped.
2021-12-29T19:00:17+00:00 NOTICE order_sumbit :: #17978 has a financial status of pending and was skipped.
2021-12-29T21:40:23+00:00 NOTICE action_scheduler.queue_job :: MailChimp_WooCommerce_Cart_Update queued :: obj_id 56be10c01d116dd489775b504aa5871a
2021-12-29T21:40:25+00:00 NOTICE action_scheduler.queue_job :: MailChimp_WooCommerce_Single_Order starts in 90 seconds :: obj_id 17979
2021-12-29T21:40:59+00:00 NOTICE abandoned_cart.success :: email: tarrieta28@hotmail.com :: checkout_url: https://naturalconexion.com/checkout/?mc_cart_id=56be10c01d116dd489775b504aa5871a
2021-12-29T21:40:59+00:00 NOTICE cart.member.updated :: Updated tarrieta28@hotmail.com subscriber status to subscribed and language to es
2021-12-29T21:42:14+00:00 NOTICE order_sumbit :: #17979 has a financial status of pending and was skipped.
2021-12-29T21:43:41+00:00 NOTICE action_scheduler.queue_job :: MailChimp_WooCommerce_User_Submit queued :: obj_id 1828
2021-12-29T21:44:28+00:00 NOTICE member.sync :: Updated Member tarrieta28@hotmail.com ( merge fields only ) :: Array
(
    [merge_fields] => Array
        (
            [FNAME] => Tania
            [LNAME] => Arrieta Paternina
        )

)

2021-12-29T21:48:50+00:00 NOTICE action_scheduler.queue_job :: MailChimp_WooCommerce_Cart_Update queued :: obj_id 56be10c01d116dd489775b504aa5871a
2021-12-29T21:48:59+00:00 NOTICE abandoned_cart.success :: email: tarrieta28@hotmail.com :: checkout_url: https://naturalconexion.com/checkout/?mc_cart_id=56be10c01d116dd489775b504aa5871a
2021-12-29T21:49:12+00:00 NOTICE action_scheduler.queue_job :: MailChimp_WooCommerce_Cart_Update queued :: obj_id 56be10c01d116dd489775b504aa5871a
2021-12-29T21:50:12+00:00 NOTICE abandoned_cart.success :: email: tarrieta28@hotmail.com :: checkout_url: https://naturalconexion.com/checkout/?mc_cart_id=56be10c01d116dd489775b504aa5871a
2021-12-29T23:23:03+00:00 NOTICE action_scheduler.queue_job :: MailChimp_WooCommerce_Cart_Update queued :: obj_id 31df626e8d6cf0a042015550ac04f04c
2021-12-29T23:25:23+00:00 NOTICE action_scheduler.queue_job :: MailChimp_WooCommerce_Single_Order starts in 90 seconds :: obj_id 17980
2021-12-29T23:25:24+00:00 NOTICE abandoned_cart.success :: email: jips56@hotmail.com :: checkout_url: https://naturalconexion.com/checkout/?mc_cart_id=31df626e8d6cf0a042015550ac04f04c
2021-12-29T23:25:24+00:00 NOTICE cart.member.updated :: Updated jips56@hotmail.com subscriber status to transactional and language to es
2021-12-29T23:28:14+00:00 NOTICE order_sumbit :: #17980 has a financial status of pending and was skipped.
2021-12-29T23:28:37+00:00 NOTICE action_scheduler.queue_job :: MailChimp_WooCommerce_Single_Order starts in 90 seconds :: obj_id 17981
2021-12-29T23:30:34+00:00 NOTICE order_sumbit :: #17981 has a financial status of pending and was skipped.
