2021-12-10T01:21:20+00:00 NOTICE action_scheduler.queue_job :: MailChimp_WooCommerce_Cart_Update queued :: obj_id a1e8c2ba66d0f19be0dd819b693a817b
2021-12-10T01:22:01+00:00 NOTICE abandoned_cart.success :: email: luzkortizcortezano@outlook.com :: checkout_url: https://naturalconexion.com/checkout/?mc_cart_id=a1e8c2ba66d0f19be0dd819b693a817b
2021-12-10T01:22:02+00:00 NOTICE cart.member.updated :: Updated luzkortizcortezano@outlook.com subscriber status to transactional and language to es
2021-12-10T01:22:39+00:00 NOTICE action_scheduler.queue_job :: MailChimp_WooCommerce_User_Submit queued :: obj_id 1959
2021-12-10T01:22:39+00:00 NOTICE action_scheduler.queue_job :: MailChimp_WooCommerce_Single_Order starts in 90 seconds :: obj_id 17683
2021-12-10T01:23:09+00:00 NOTICE member.sync :: Updated Member luzkortizcortezano@outlook.com :: Array
(
    [previous_status] => transactional
    [status] => 1
    [merge_fields] => Array
        (
            [FNAME] => Luz Karime
            [LNAME] => Ortiz Cortezano
        )

)

2021-12-10T01:24:19+00:00 NOTICE order_sumbit :: #17683 has a financial status of pending and was skipped.
2021-12-10T02:34:59+00:00 NOTICE action_scheduler.queue_job :: MailChimp_WooCommerce_Single_Order starts in 90 seconds :: obj_id 17684
2021-12-10T02:36:51+00:00 NOTICE order_sumbit :: #17684 has a financial status of pending and was skipped.
2021-12-10T02:40:19+00:00 NOTICE action_scheduler.queue_job :: MailChimp_WooCommerce_Single_Order starts in 90 seconds :: obj_id 17685
2021-12-10T02:42:35+00:00 NOTICE action_scheduler.queue_job :: MailChimp_WooCommerce_Cart_Update queued :: obj_id 0922cca2232eb27977c376cbf71fa90a
2021-12-10T02:42:36+00:00 NOTICE order_sumbit :: #17685 has a financial status of pending and was skipped.
2021-12-10T02:42:36+00:00 NOTICE abandoned_cart.success :: email: luisaserna0609@gmail.com :: checkout_url: https://naturalconexion.com/checkout/?mc_cart_id=0922cca2232eb27977c376cbf71fa90a
2021-12-10T02:42:36+00:00 NOTICE cart.member.updated :: Updated luisaserna0609@gmail.com subscriber status to subscribed and language to es
2021-12-10T02:42:37+00:00 NOTICE action_scheduler.queue_job :: MailChimp_WooCommerce_Single_Order starts in 90 seconds :: obj_id 17686
2021-12-10T02:44:11+00:00 NOTICE debug :: Order ID 17686 was pending and is now processing :: Array
(
    [new_order] => 1
    [tracking] => Array
        (
            [campaign_id] => 
            [landing_site] => https://naturalconexion.com/wp-admin/admin-ajax.php
        )

)

2021-12-10T02:44:19+00:00 NOTICE action_scheduler.queue_job :: MailChimp_WooCommerce_Single_Order starts in 90 seconds :: obj_id 17685
2021-12-10T02:44:20+00:00 NOTICE debug :: Order ID 17685 was pending and is now failed :: Array
(
    [new_order] => 
    [tracking] => 
)

2021-12-10T02:46:02+00:00 NOTICE order.member.updated :: Updated luisaserna0609@gmail.com subscriber status to subscribed and language to es
2021-12-10T02:46:02+00:00 NOTICE order_submit.success :: addStoreOrder :: #17686 :: email: luisaserna0609@gmail.com :: landing site https://naturalconexion.com/wp-admin/admin-ajax.php :: abandoned cart deleted [0922cca2232eb27977c376cbf71fa90a]
2021-12-10T02:46:02+00:00 NOTICE system.debug :: order 17685 is in failed status, and is being skipped for now.
2021-12-10T02:49:38+00:00 NOTICE action_scheduler.queue_job :: MailChimp_WooCommerce_Single_Order starts in 90 seconds :: obj_id 17687
2021-12-10T02:52:08+00:00 NOTICE order_sumbit :: #17687 has a financial status of pending and was skipped.
2021-12-10T02:53:06+00:00 NOTICE action_scheduler.queue_job :: MailChimp_WooCommerce_Single_Order starts in 90 seconds :: obj_id 17687
2021-12-10T02:53:09+00:00 NOTICE debug :: Order ID 17687 was pending and is now processing :: Array
(
    [new_order] => 1
    [tracking] => Array
        (
            [campaign_id] => 
            [landing_site] => https://naturalconexion.com/?wc-ajax=get_refreshed_fragments
        )

)

2021-12-10T02:55:48+00:00 NOTICE order.member.updated :: Updated danauribediaz@hotmail.com subscriber status to subscribed and language to 
2021-12-10T02:55:48+00:00 NOTICE order_submit.success :: addStoreOrder :: #17687 :: email: danauribediaz@hotmail.com :: landing site https://naturalconexion.com/?wc-ajax=get_refreshed_fragments
2021-12-10T14:32:51+00:00 NOTICE action_scheduler.queue_job :: MailChimp_WooCommerce_Single_Order starts in 90 seconds :: obj_id 17672
2021-12-10T14:32:52+00:00 NOTICE debug :: Order ID 17672 was processing and is now completed :: Array
(
    [new_order] => 
    [tracking] => 
)

2021-12-10T14:32:52+00:00 NOTICE action_scheduler.queue_job :: MailChimp_WooCommerce_Single_Order starts in 90 seconds :: obj_id 17673
2021-12-10T14:32:54+00:00 NOTICE debug :: Order ID 17673 was processing and is now completed :: Array
(
    [new_order] => 
    [tracking] => 
)

2021-12-10T14:32:54+00:00 NOTICE action_scheduler.queue_job :: MailChimp_WooCommerce_Single_Order starts in 90 seconds :: obj_id 17674
2021-12-10T14:32:55+00:00 NOTICE debug :: Order ID 17674 was processing and is now completed :: Array
(
    [new_order] => 
    [tracking] => 
)

2021-12-10T14:32:55+00:00 NOTICE action_scheduler.queue_job :: MailChimp_WooCommerce_Single_Order starts in 90 seconds :: obj_id 17676
2021-12-10T14:32:56+00:00 NOTICE debug :: Order ID 17676 was processing and is now completed :: Array
(
    [new_order] => 
    [tracking] => 
)

2021-12-10T14:32:56+00:00 NOTICE action_scheduler.queue_job :: MailChimp_WooCommerce_Single_Order starts in 90 seconds :: obj_id 17677
2021-12-10T14:32:57+00:00 NOTICE debug :: Order ID 17677 was processing and is now completed :: Array
(
    [new_order] => 
    [tracking] => 
)

2021-12-10T14:32:57+00:00 NOTICE action_scheduler.queue_job :: MailChimp_WooCommerce_Single_Order starts in 90 seconds :: obj_id 17678
2021-12-10T14:32:58+00:00 NOTICE debug :: Order ID 17678 was processing and is now completed :: Array
(
    [new_order] => 
    [tracking] => 
)

2021-12-10T14:32:58+00:00 NOTICE action_scheduler.queue_job :: MailChimp_WooCommerce_Single_Order starts in 90 seconds :: obj_id 17679
2021-12-10T14:32:59+00:00 NOTICE debug :: Order ID 17679 was processing and is now completed :: Array
(
    [new_order] => 
    [tracking] => 
)

2021-12-10T14:32:59+00:00 NOTICE action_scheduler.queue_job :: MailChimp_WooCommerce_Single_Order starts in 90 seconds :: obj_id 17686
2021-12-10T14:33:01+00:00 NOTICE debug :: Order ID 17686 was processing and is now completed :: Array
(
    [new_order] => 
    [tracking] => 
)

2021-12-10T14:33:01+00:00 NOTICE action_scheduler.queue_job :: MailChimp_WooCommerce_Single_Order starts in 90 seconds :: obj_id 17687
2021-12-10T14:33:03+00:00 NOTICE debug :: Order ID 17687 was processing and is now completed :: Array
(
    [new_order] => 
    [tracking] => 
)

2021-12-10T14:34:23+00:00 NOTICE order.member.updated :: Updated johagonza1995@gmail.com subscriber status to archived and language to 
2021-12-10T14:34:23+00:00 NOTICE order_submit.success :: updateStoreOrder :: #17672 :: email: johagonza1995@gmail.com
2021-12-10T14:34:25+00:00 NOTICE order.member.updated :: Updated luismiguelmolinaruiz@gmail.com subscriber status to subscribed and language to 
2021-12-10T14:34:25+00:00 NOTICE order_submit.success :: updateStoreOrder :: #17673 :: email: luismiguelmolinaruiz@gmail.com
2021-12-10T14:34:26+00:00 NOTICE order.member.updated :: Updated yliza118@gmail.com subscriber status to subscribed and language to 
2021-12-10T14:34:26+00:00 NOTICE order_submit.success :: updateStoreOrder :: #17674 :: email: yliza118@gmail.com
2021-12-10T14:34:27+00:00 NOTICE order.member.updated :: Updated nickyrosero@hotmail.com subscriber status to subscribed and language to 
2021-12-10T14:34:27+00:00 NOTICE order_submit.success :: updateStoreOrder :: #17676 :: email: nickyrosero@hotmail.com
2021-12-10T14:34:28+00:00 NOTICE order.member.updated :: Updated jfer.9010@hotmail.com subscriber status to subscribed and language to 
2021-12-10T14:34:28+00:00 NOTICE order_submit.success :: updateStoreOrder :: #17677 :: email: jfer.9010@hotmail.com
2021-12-10T14:34:29+00:00 NOTICE order.member.updated :: Updated paolaflex.14@gmail.com subscriber status to subscribed and language to 
2021-12-10T14:34:29+00:00 NOTICE order_submit.success :: updateStoreOrder :: #17678 :: email: paolaflex.14@gmail.com
2021-12-10T14:34:31+00:00 NOTICE order.member.updated :: Updated naslylozano@gmail.com subscriber status to subscribed and language to 
2021-12-10T14:34:31+00:00 NOTICE order_submit.success :: updateStoreOrder :: #17679 :: email: naslylozano@gmail.com
2021-12-10T14:34:32+00:00 NOTICE order.member.updated :: Updated luisaserna0609@gmail.com subscriber status to subscribed and language to 
2021-12-10T14:34:32+00:00 NOTICE order_submit.success :: updateStoreOrder :: #17686 :: email: luisaserna0609@gmail.com
2021-12-10T14:34:33+00:00 NOTICE order.member.updated :: Updated danauribediaz@hotmail.com subscriber status to subscribed and language to 
2021-12-10T14:34:33+00:00 NOTICE order_submit.success :: updateStoreOrder :: #17687 :: email: danauribediaz@hotmail.com
2021-12-10T15:38:34+00:00 NOTICE action_scheduler.queue_job :: MailChimp_WooCommerce_Single_Order starts in 90 seconds :: obj_id 17680
2021-12-10T15:38:37+00:00 NOTICE debug :: Order ID 17680 was pending and is now processing :: Array
(
    [new_order] => 1
    [tracking] => Array
        (
            [campaign_id] => 
            [landing_site] => https://naturalconexion.com/?wc-ajax=get_refreshed_fragments
        )

)

2021-12-10T15:39:15+00:00 NOTICE action_scheduler.queue_job :: MailChimp_WooCommerce_Cart_Update queued :: obj_id f7efedde94914ffd9b3de292c0bac3c2
2021-12-10T15:39:16+00:00 NOTICE abandoned_cart.success :: email: yorlenqc44@gmail.com :: checkout_url: https://naturalconexion.com/checkout/?mc_cart_id=f7efedde94914ffd9b3de292c0bac3c2
2021-12-10T15:39:16+00:00 NOTICE cart.member.updated :: Updated yorlenqc44@gmail.com subscriber status to subscribed and language to es
2021-12-10T15:39:16+00:00 NOTICE action_scheduler.queue_job :: MailChimp_WooCommerce_Single_Order starts in 90 seconds :: obj_id 17688
2021-12-10T15:40:18+00:00 NOTICE order.member.updated :: Updated carohenao0823@gmail.com subscriber status to transactional and language to 
2021-12-10T15:40:18+00:00 NOTICE order_submit.success :: addStoreOrder :: #17680 :: email: carohenao0823@gmail.com :: landing site https://naturalconexion.com/?wc-ajax=get_refreshed_fragments
2021-12-10T15:41:16+00:00 NOTICE order_sumbit :: #17688 has a financial status of pending and was skipped.
2021-12-10T15:58:44+00:00 NOTICE action_scheduler.queue_job :: MailChimp_WooCommerce_Cart_Update queued :: obj_id 0b11330f66132cf01d30731cf2aa01e5
2021-12-10T15:59:02+00:00 NOTICE action_scheduler.queue_job :: MailChimp_WooCommerce_Single_Order starts in 90 seconds :: obj_id 17689
2021-12-10T15:59:12+00:00 NOTICE abandoned_cart.success :: email: kelinv324@hotmail.com :: checkout_url: https://naturalconexion.com/checkout/?mc_cart_id=0b11330f66132cf01d30731cf2aa01e5
2021-12-10T15:59:12+00:00 NOTICE cart.member.updated :: Updated kelinv324@hotmail.com subscriber status to subscribed and language to es
2021-12-10T16:01:13+00:00 NOTICE order_sumbit :: #17689 has a financial status of pending and was skipped.
2021-12-10T16:01:18+00:00 NOTICE action_scheduler.queue_job :: MailChimp_WooCommerce_Single_Order starts in 90 seconds :: obj_id 17689
2021-12-10T16:01:20+00:00 NOTICE debug :: Order ID 17689 was pending and is now failed :: Array
(
    [new_order] => 
    [tracking] => 
)

2021-12-10T16:03:17+00:00 NOTICE system.debug :: order 17689 is in failed status, and is being skipped for now.
2021-12-10T16:03:59+00:00 NOTICE action_scheduler.queue_job :: MailChimp_WooCommerce_Single_Order starts in 90 seconds :: obj_id 17688
2021-12-10T16:04:01+00:00 NOTICE debug :: Order ID 17688 was pending and is now processing :: Array
(
    [new_order] => 1
    [tracking] => Array
        (
            [campaign_id] => 
            [landing_site] => https://naturalconexion.com/wp-admin/admin-ajax.php
        )

)

2021-12-10T16:06:14+00:00 NOTICE order.member.updated :: Updated yorlenqc44@gmail.com subscriber status to subscribed and language to 
2021-12-10T16:06:14+00:00 NOTICE order_submit.success :: addStoreOrder :: #17688 :: email: yorlenqc44@gmail.com :: landing site https://naturalconexion.com/wp-admin/admin-ajax.php :: abandoned cart deleted [f7efedde94914ffd9b3de292c0bac3c2]
2021-12-10T16:06:22+00:00 NOTICE action_scheduler.queue_job :: MailChimp_WooCommerce_Single_Product starts in 5 seconds :: obj_id 7488
2021-12-10T16:06:31+00:00 NOTICE product_submit.success :: updateStoreProduct :: #7488
2021-12-10T16:11:08+00:00 NOTICE action_scheduler.queue_job :: MailChimp_WooCommerce_Single_Order starts in 90 seconds :: obj_id 17661
2021-12-10T16:11:10+00:00 NOTICE debug :: Order ID 17661 was pending and is now processing :: Array
(
    [new_order] => 1
    [tracking] => Array
        (
            [campaign_id] => 
            [landing_site] => https://naturalconexion.com/wp-admin/admin-ajax.php
        )

)

2021-12-10T16:13:02+00:00 NOTICE order.member.updated :: Updated mateochh2003@gmail.com subscriber status to subscribed and language to 
2021-12-10T16:13:02+00:00 NOTICE order_submit.success :: addStoreOrder :: #17661 :: email: mateochh2003@gmail.com :: landing site https://naturalconexion.com/wp-admin/admin-ajax.php :: abandoned cart deleted [7cc93852ef0b453d7de860a995a14a24]
2021-12-10T16:18:51+00:00 NOTICE action_scheduler.queue_job :: MailChimp_WooCommerce_Cart_Update queued :: obj_id db85ab905353f66392d40f44e56edb75
2021-12-10T16:18:52+00:00 NOTICE abandoned_cart.success :: email: zuleperez.8a@gmail.com :: checkout_url: https://naturalconexion.com/checkout/?mc_cart_id=db85ab905353f66392d40f44e56edb75
2021-12-10T16:18:52+00:00 NOTICE cart.member.updated :: Updated zuleperez.8a@gmail.com subscriber status to subscribed and language to es
2021-12-10T17:02:38+00:00 NOTICE action_scheduler.queue_job :: MailChimp_WooCommerce_Single_Order starts in 90 seconds :: obj_id 17681
2021-12-10T17:02:41+00:00 NOTICE debug :: Order ID 17681 was failed and is now processing :: Array
(
    [new_order] => 
    [tracking] => 
)

2021-12-10T17:03:50+00:00 NOTICE action_scheduler.queue_job :: MailChimp_WooCommerce_Cart_Update queued :: obj_id e8967ccf8f29395949fad144559fb6f1
2021-12-10T17:04:12+00:00 NOTICE abandoned_cart.success :: email: raskolnicov14@gmail.com :: checkout_url: https://naturalconexion.com/checkout/?mc_cart_id=e8967ccf8f29395949fad144559fb6f1
2021-12-10T17:04:12+00:00 NOTICE cart.member.updated :: Updated raskolnicov14@gmail.com subscriber status to subscribed and language to es
2021-12-10T17:04:13+00:00 NOTICE action_scheduler.queue_job :: MailChimp_WooCommerce_Cart_Update queued :: obj_id e8967ccf8f29395949fad144559fb6f1
2021-12-10T17:04:14+00:00 NOTICE order.member.updated :: Updated raskolnicov14@gmail.com subscriber status to subscribed and language to 
2021-12-10T17:04:14+00:00 NOTICE order_submit.success :: addStoreOrder :: #17681 :: email: raskolnicov14@gmail.com :: landing site https://naturalconexion.com/my-account/
2021-12-10T17:04:14+00:00 NOTICE abandoned_cart.success :: email: raskolnicov14@gmail.com :: checkout_url: https://naturalconexion.com/checkout/?mc_cart_id=e8967ccf8f29395949fad144559fb6f1
2021-12-10T19:18:40+00:00 NOTICE action_scheduler.queue_job :: MailChimp_WooCommerce_Cart_Update queued :: obj_id f3f4f7145d55926a46cb195f7f1bcfb2
2021-12-10T19:18:43+00:00 NOTICE action_scheduler.queue_job :: MailChimp_WooCommerce_Single_Order starts in 90 seconds :: obj_id 17690
2021-12-10T19:19:35+00:00 NOTICE abandoned_cart.success :: email: luzadri3084@hotmail.com :: checkout_url: https://naturalconexion.com/checkout/?mc_cart_id=f3f4f7145d55926a46cb195f7f1bcfb2
2021-12-10T19:19:36+00:00 NOTICE cart.member.updated :: Updated luzadri3084@hotmail.com subscriber status to transactional and language to es
2021-12-10T19:20:11+00:00 NOTICE action_scheduler.queue_job :: MailChimp_WooCommerce_Cart_Update queued :: obj_id f3f4f7145d55926a46cb195f7f1bcfb2
2021-12-10T19:20:14+00:00 NOTICE abandoned_cart.success :: email: luzadri3084@hotmail.com :: checkout_url: https://naturalconexion.com/checkout/?mc_cart_id=f3f4f7145d55926a46cb195f7f1bcfb2
2021-12-10T19:20:15+00:00 NOTICE order_sumbit :: #17690 has a financial status of pending and was skipped.
2021-12-10T19:20:20+00:00 NOTICE action_scheduler.queue_job :: MailChimp_WooCommerce_Cart_Update queued :: obj_id f3f4f7145d55926a46cb195f7f1bcfb2
2021-12-10T19:20:49+00:00 NOTICE abandoned_cart.success :: email: luzadri3084@hotmail.com :: checkout_url: https://naturalconexion.com/checkout/?mc_cart_id=f3f4f7145d55926a46cb195f7f1bcfb2
2021-12-10T19:20:57+00:00 NOTICE action_scheduler.queue_job :: MailChimp_WooCommerce_Cart_Update queued :: obj_id f3f4f7145d55926a46cb195f7f1bcfb2
2021-12-10T19:21:21+00:00 NOTICE abandoned_cart.success :: email: luzadri3084@hotmail.com :: checkout_url: https://naturalconexion.com/checkout/?mc_cart_id=f3f4f7145d55926a46cb195f7f1bcfb2
2021-12-10T19:21:43+00:00 NOTICE action_scheduler.queue_job :: MailChimp_WooCommerce_Cart_Update queued :: obj_id eb96d7ff89c34cf1b5f0e345b50fe14c
2021-12-10T19:21:44+00:00 NOTICE action_scheduler.queue_job :: MailChimp_WooCommerce_Cart_Update queued :: obj_id f3f4f7145d55926a46cb195f7f1bcfb2
2021-12-10T19:21:56+00:00 NOTICE abandoned_cart.success :: email: luzadri3084@hotmail.com :: checkout_url: https://naturalconexion.com/checkout/?mc_cart_id=f3f4f7145d55926a46cb195f7f1bcfb2
2021-12-10T19:21:57+00:00 NOTICE abandoned_cart.success :: email: ateneadrive@gmail.com :: checkout_url: https://naturalconexion.com/checkout/?mc_cart_id=eb96d7ff89c34cf1b5f0e345b50fe14c
2021-12-10T19:21:57+00:00 NOTICE cart.member.updated :: Updated ateneadrive@gmail.com subscriber status to transactional and language to es
2021-12-10T19:22:09+00:00 NOTICE action_scheduler.queue_job :: MailChimp_WooCommerce_Single_Order starts in 90 seconds :: obj_id 17691
2021-12-10T19:22:17+00:00 NOTICE action_scheduler.queue_job :: MailChimp_WooCommerce_Single_Order starts in 90 seconds :: obj_id 17692
2021-12-10T19:24:01+00:00 NOTICE order_sumbit :: #17691 has a financial status of pending and was skipped.
2021-12-10T19:24:02+00:00 NOTICE debug :: Order ID 17692 was pending and is now failed :: Array
(
    [new_order] => 
    [tracking] => 
)

2021-12-10T19:25:32+00:00 NOTICE system.debug :: order 17692 is in failed status, and is being skipped for now.
2021-12-10T19:26:15+00:00 NOTICE action_scheduler.queue_job :: MailChimp_WooCommerce_Single_Order starts in 90 seconds :: obj_id 17691
2021-12-10T19:26:17+00:00 NOTICE debug :: Order ID 17691 was pending and is now processing :: Array
(
    [new_order] => 1
    [tracking] => Array
        (
            [campaign_id] => 
            [landing_site] => https://naturalconexion.com/wp-admin/admin-ajax.php
        )

)

2021-12-10T19:28:12+00:00 NOTICE order.member.updated :: Updated ateneadrive@gmail.com subscriber status to subscribed and language to 
2021-12-10T19:28:12+00:00 NOTICE order_submit.success :: addStoreOrder :: #17691 :: email: ateneadrive@gmail.com :: landing site https://naturalconexion.com/wp-admin/admin-ajax.php :: abandoned cart deleted [eb96d7ff89c34cf1b5f0e345b50fe14c]
2021-12-10T19:41:17+00:00 NOTICE action_scheduler.queue_job :: MailChimp_WooCommerce_Cart_Update queued :: obj_id 0d0dd55c9821727c7815e89fe15470b1
2021-12-10T19:41:19+00:00 NOTICE abandoned_cart.success :: email: mariapaula.225577@gmail.com :: checkout_url: https://naturalconexion.com/checkout/?mc_cart_id=0d0dd55c9821727c7815e89fe15470b1
2021-12-10T19:41:20+00:00 NOTICE cart.member.updated :: Updated mariapaula.225577@gmail.com subscriber status to transactional and language to es
2021-12-10T19:57:59+00:00 NOTICE action_scheduler.queue_job :: MailChimp_WooCommerce_Cart_Update queued :: obj_id 0e7d07a6f5d5a2f535f3adb3a94856f0
2021-12-10T19:58:01+00:00 NOTICE abandoned_cart.success :: email: emtt79@gmail.com :: checkout_url: https://naturalconexion.com/checkout/?mc_cart_id=0e7d07a6f5d5a2f535f3adb3a94856f0
2021-12-10T19:58:02+00:00 NOTICE cart.member.updated :: Updated emtt79@gmail.com subscriber status to transactional and language to es
2021-12-10T19:58:05+00:00 NOTICE action_scheduler.queue_job :: MailChimp_WooCommerce_Single_Order starts in 90 seconds :: obj_id 17693
2021-12-10T20:00:24+00:00 NOTICE order_sumbit :: #17693 has a financial status of pending and was skipped.
2021-12-10T20:01:59+00:00 NOTICE action_scheduler.queue_job :: MailChimp_WooCommerce_Single_Order starts in 90 seconds :: obj_id 17693
2021-12-10T20:02:01+00:00 NOTICE debug :: Order ID 17693 was pending and is now processing :: Array
(
    [new_order] => 1
    [tracking] => Array
        (
            [campaign_id] => 
            [landing_site] => https://naturalconexion.com/?wc-ajax=get_refreshed_fragments
        )

)

2021-12-10T20:04:04+00:00 NOTICE order.member.updated :: Updated emtt79@gmail.com subscriber status to subscribed and language to 
2021-12-10T20:04:04+00:00 NOTICE order_submit.success :: addStoreOrder :: #17693 :: email: emtt79@gmail.com :: landing site https://naturalconexion.com/?wc-ajax=get_refreshed_fragments :: abandoned cart deleted [0e7d07a6f5d5a2f535f3adb3a94856f0]
2021-12-10T20:29:10+00:00 NOTICE action_scheduler.queue_job :: MailChimp_WooCommerce_Cart_Update queued :: obj_id e8967ccf8f29395949fad144559fb6f1
2021-12-10T20:29:14+00:00 NOTICE abandoned_cart.success :: email: raskolnicov14@gmail.com :: checkout_url: https://naturalconexion.com/checkout/?mc_cart_id=e8967ccf8f29395949fad144559fb6f1
2021-12-10T20:29:15+00:00 NOTICE cart.member.updated :: Updated raskolnicov14@gmail.com subscriber status to subscribed and language to es
2021-12-10T20:29:52+00:00 NOTICE action_scheduler.queue_job :: MailChimp_WooCommerce_Cart_Update queued :: obj_id e8967ccf8f29395949fad144559fb6f1
2021-12-10T20:30:41+00:00 NOTICE abandoned_cart.success :: email: raskolnicov14@gmail.com :: checkout_url: https://naturalconexion.com/checkout/?mc_cart_id=e8967ccf8f29395949fad144559fb6f1
2021-12-10T22:08:08+00:00 NOTICE action_scheduler.queue_job :: MailChimp_WooCommerce_Cart_Update queued :: obj_id fad2d5a3d1bc3d19c123d2fd5ae80dfe
2021-12-10T22:08:10+00:00 NOTICE abandoned_cart.success :: email: maretluce@gmail.com :: checkout_url: https://naturalconexion.com/checkout/?mc_cart_id=fad2d5a3d1bc3d19c123d2fd5ae80dfe
2021-12-10T22:08:11+00:00 NOTICE cart.member.updated :: Updated maretluce@gmail.com subscriber status to transactional and language to es
2021-12-10T22:10:39+00:00 NOTICE action_scheduler.queue_job :: MailChimp_WooCommerce_Single_Order starts in 90 seconds :: obj_id 17694
2021-12-10T22:12:46+00:00 NOTICE order_sumbit :: #17694 has a financial status of pending and was skipped.
2021-12-10T22:13:18+00:00 NOTICE action_scheduler.queue_job :: MailChimp_WooCommerce_Single_Order starts in 90 seconds :: obj_id 17694
2021-12-10T22:13:21+00:00 NOTICE debug :: Order ID 17694 was pending and is now processing :: Array
(
    [new_order] => 1
    [tracking] => Array
        (
            [campaign_id] => 
            [landing_site] => https://naturalconexion.com/wp-admin/admin-ajax.php
        )

)

2021-12-10T22:15:17+00:00 NOTICE order.member.updated :: Updated maretluce@gmail.com subscriber status to transactional and language to 
2021-12-10T22:15:17+00:00 NOTICE order_submit.success :: addStoreOrder :: #17694 :: email: maretluce@gmail.com :: landing site https://naturalconexion.com/wp-admin/admin-ajax.php :: abandoned cart deleted [fad2d5a3d1bc3d19c123d2fd5ae80dfe]
2021-12-10T23:22:54+00:00 NOTICE action_scheduler.queue_job :: MailChimp_WooCommerce_Cart_Update queued :: obj_id afc63e4a72844cc8409486f98e00d889
2021-12-10T23:23:21+00:00 NOTICE action_scheduler.queue_job :: MailChimp_WooCommerce_Single_Order starts in 90 seconds :: obj_id 17695
2021-12-10T23:25:13+00:00 ERROR abandoned_cart.error :: email: andreadehoyosd@hotmail.co :: attempting product update :: andreadehoyosd@hotmail.co is an invalid email address and cannot be imported.
2021-12-10T23:25:13+00:00 ERROR abandoned_cart.error :: Error Code 400 :: andreadehoyosd@hotmail.co is an invalid email address and cannot be imported. on 1894 in /home/forge/naturalconexion.com/wp-content/plugins/mailchimp-for-woocommerce/includes/api/class-mailchimp-api.php
2021-12-10T23:25:13+00:00 NOTICE order_sumbit :: #17695 has a financial status of pending and was skipped.
2021-12-10T23:25:41+00:00 NOTICE action_scheduler.queue_job :: MailChimp_WooCommerce_Single_Order starts in 90 seconds :: obj_id 17695
2021-12-10T23:25:43+00:00 NOTICE debug :: Order ID 17695 was pending and is now processing :: Array
(
    [new_order] => 1
    [tracking] => Array
        (
            [campaign_id] => 
            [landing_site] => https://naturalconexion.com/?wc-ajax=get_refreshed_fragments
        )

)

2021-12-10T23:27:18+00:00 ERROR order_submit.error :: addStoreOrder :: #17695 :: Error Code 400 :: Customer could not be imported to the list associated with this store. on 1894 in /home/forge/naturalconexion.com/wp-content/plugins/mailchimp-for-woocommerce/includes/api/class-mailchimp-api.php
