2021-12-05T02:29:59+00:00 NOTICE action_scheduler.queue_job :: MailChimp_WooCommerce_Cart_Update queued :: obj_id 843e158363d3c35b4b3823f4c3f85f42
2021-12-05T02:30:02+00:00 NOTICE abandoned_cart.success :: email: andreagarcia_0330@hotmail.com :: checkout_url: https://naturalconexion.com/checkout/?mc_cart_id=843e158363d3c35b4b3823f4c3f85f42
2021-12-05T02:30:02+00:00 NOTICE cart.member.updated :: Updated andreagarcia_0330@hotmail.com subscriber status to transactional and language to es
2021-12-05T02:37:37+00:00 NOTICE action_scheduler.queue_job :: MailChimp_WooCommerce_Single_Order starts in 90 seconds :: obj_id 17627
2021-12-05T02:39:23+00:00 NOTICE order_sumbit :: #17627 has a financial status of pending and was skipped.
2021-12-05T03:10:47+00:00 NOTICE action_scheduler.queue_job :: MailChimp_WooCommerce_Single_Order starts in 90 seconds :: obj_id 17628
2021-12-05T03:11:57+00:00 NOTICE debug :: Order ID 17628 was pending and is now processing :: Array
(
    [new_order] => 1
    [tracking] => Array
        (
            [campaign_id] => 
            [landing_site] => https://naturalconexion.com/?wc-ajax=get_refreshed_fragments
        )

)

2021-12-05T03:13:26+00:00 NOTICE order.member.updated :: Updated Monica031978@hotmail.com subscriber status to subscribed and language to es
2021-12-05T03:13:26+00:00 NOTICE order_submit.success :: addStoreOrder :: #17628 :: email: Monica031978@hotmail.com :: landing site https://naturalconexion.com/?wc-ajax=get_refreshed_fragments
2021-12-05T05:42:54+00:00 NOTICE action_scheduler.queue_job :: MailChimp_WooCommerce_Single_Order starts in 90 seconds :: obj_id 17519
2021-12-05T05:42:56+00:00 NOTICE debug :: Order ID 17519 was pending and is now failed :: Array
(
    [new_order] => 
    [tracking] => 
)

2021-12-05T05:45:57+00:00 NOTICE system.debug :: order 17519 is in failed status, and is being skipped for now.
2021-12-05T10:54:47+00:00 NOTICE action_scheduler.queue_job :: MailChimp_WooCommerce_Cart_Update queued :: obj_id 76af9a2965359ab792bdc6f90e0b483f
2021-12-05T10:54:49+00:00 NOTICE abandoned_cart.success :: email: laniya_3@hotmail.com :: checkout_url: https://naturalconexion.com/checkout/?mc_cart_id=76af9a2965359ab792bdc6f90e0b483f
2021-12-05T10:54:49+00:00 NOTICE cart.member.updated :: Updated laniya_3@hotmail.com subscriber status to transactional and language to es
2021-12-05T11:02:43+00:00 NOTICE action_scheduler.queue_job :: MailChimp_WooCommerce_Single_Order starts in 90 seconds :: obj_id 17629
2021-12-05T11:04:15+00:00 NOTICE order_sumbit :: #17629 has a financial status of pending and was skipped.
2021-12-05T11:27:15+00:00 NOTICE action_scheduler.queue_job :: MailChimp_WooCommerce_Single_Order starts in 90 seconds :: obj_id 17629
2021-12-05T11:27:16+00:00 NOTICE debug :: Order ID 17629 was pending and is now failed :: Array
(
    [new_order] => 
    [tracking] => 
)

2021-12-05T11:29:09+00:00 NOTICE system.debug :: order 17629 is in failed status, and is being skipped for now.
2021-12-05T11:29:44+00:00 NOTICE action_scheduler.queue_job :: MailChimp_WooCommerce_Cart_Update queued :: obj_id 76af9a2965359ab792bdc6f90e0b483f
2021-12-05T11:30:52+00:00 NOTICE abandoned_cart.success :: email: laniya_3@hotmail.com :: checkout_url: https://naturalconexion.com/checkout/?mc_cart_id=76af9a2965359ab792bdc6f90e0b483f
2021-12-05T11:32:44+00:00 NOTICE action_scheduler.queue_job :: MailChimp_WooCommerce_Single_Order starts in 90 seconds :: obj_id 17630
2021-12-05T11:35:22+00:00 NOTICE order_sumbit :: #17630 has a financial status of pending and was skipped.
2021-12-05T11:35:37+00:00 NOTICE action_scheduler.queue_job :: MailChimp_WooCommerce_Single_Order starts in 90 seconds :: obj_id 17630
2021-12-05T11:35:39+00:00 NOTICE debug :: Order ID 17630 was pending and is now processing :: Array
(
    [new_order] => 1
    [tracking] => Array
        (
            [campaign_id] => 
            [landing_site] => https://naturalconexion.com/?wc-ajax=get_refreshed_fragments
        )

)

2021-12-05T11:37:24+00:00 NOTICE order.member.updated :: Updated Laniya_3@hotmail.com subscriber status to subscribed and language to 
2021-12-05T11:37:24+00:00 NOTICE order_submit.success :: addStoreOrder :: #17630 :: email: Laniya_3@hotmail.com :: landing site https://naturalconexion.com/?wc-ajax=get_refreshed_fragments :: abandoned cart deleted [76af9a2965359ab792bdc6f90e0b483f]
2021-12-05T12:05:43+00:00 NOTICE action_scheduler.queue_job :: MailChimp_WooCommerce_Cart_Update queued :: obj_id e7322c4467f9a5568a63034f3e1ad2d1
2021-12-05T12:06:21+00:00 NOTICE abandoned_cart.success :: email: fany.23lt@gmail.com :: checkout_url: https://naturalconexion.com/checkout/?mc_cart_id=e7322c4467f9a5568a63034f3e1ad2d1
2021-12-05T12:06:21+00:00 NOTICE cart.member.updated :: Updated fany.23lt@gmail.com subscriber status to subscribed and language to es
2021-12-05T12:08:17+00:00 NOTICE action_scheduler.queue_job :: MailChimp_WooCommerce_Cart_Update queued :: obj_id e7322c4467f9a5568a63034f3e1ad2d1
2021-12-05T12:08:18+00:00 NOTICE abandoned_cart.success :: email: fany.23lt@gmail.com :: checkout_url: https://naturalconexion.com/checkout/?mc_cart_id=e7322c4467f9a5568a63034f3e1ad2d1
2021-12-05T12:10:15+00:00 NOTICE action_scheduler.queue_job :: MailChimp_WooCommerce_Cart_Update queued :: obj_id e7322c4467f9a5568a63034f3e1ad2d1
2021-12-05T12:10:16+00:00 NOTICE abandoned_cart.success :: email: fany.23lt@gmail.com :: checkout_url: https://naturalconexion.com/checkout/?mc_cart_id=e7322c4467f9a5568a63034f3e1ad2d1
2021-12-05T12:11:32+00:00 NOTICE action_scheduler.queue_job :: MailChimp_WooCommerce_Cart_Update queued :: obj_id e7322c4467f9a5568a63034f3e1ad2d1
2021-12-05T12:11:32+00:00 NOTICE abandoned_cart.success :: email: fany.23lt@gmail.com :: checkout_url: https://naturalconexion.com/checkout/?mc_cart_id=e7322c4467f9a5568a63034f3e1ad2d1
2021-12-05T12:19:00+00:00 NOTICE action_scheduler.queue_job :: MailChimp_WooCommerce_Cart_Update queued :: obj_id e7322c4467f9a5568a63034f3e1ad2d1
2021-12-05T12:19:17+00:00 NOTICE abandoned_cart.success :: email: fany.23lt@gmail.com :: checkout_url: https://naturalconexion.com/checkout/?mc_cart_id=e7322c4467f9a5568a63034f3e1ad2d1
2021-12-05T12:22:27+00:00 NOTICE action_scheduler.queue_job :: MailChimp_WooCommerce_Cart_Update queued :: obj_id d61c87ebf9490f70ab97a3dc3a048fab
2021-12-05T12:23:39+00:00 NOTICE abandoned_cart.success :: email: tqm20_05@hotmail.com :: checkout_url: https://naturalconexion.com/checkout/?mc_cart_id=d61c87ebf9490f70ab97a3dc3a048fab
2021-12-05T12:23:40+00:00 NOTICE cart.member.updated :: Updated tqm20_05@hotmail.com subscriber status to transactional and language to es
2021-12-05T12:24:34+00:00 NOTICE action_scheduler.queue_job :: MailChimp_WooCommerce_Single_Order starts in 90 seconds :: obj_id 17631
2021-12-05T12:26:40+00:00 NOTICE order_sumbit :: #17631 has a financial status of pending and was skipped.
2021-12-05T12:26:58+00:00 NOTICE action_scheduler.queue_job :: MailChimp_WooCommerce_Single_Order starts in 90 seconds :: obj_id 17631
2021-12-05T12:27:00+00:00 NOTICE debug :: Order ID 17631 was pending and is now processing :: Array
(
    [new_order] => 1
    [tracking] => Array
        (
            [campaign_id] => 
            [landing_site] => https://naturalconexion.com/?wc-ajax=get_refreshed_fragments
        )

)

2021-12-05T12:28:33+00:00 NOTICE order.member.updated :: Updated tqm20_05@hotmail.com subscriber status to transactional and language to 
2021-12-05T12:28:33+00:00 NOTICE order_submit.success :: addStoreOrder :: #17631 :: email: tqm20_05@hotmail.com :: landing site https://naturalconexion.com/?wc-ajax=get_refreshed_fragments :: abandoned cart deleted [d61c87ebf9490f70ab97a3dc3a048fab]
2021-12-05T12:40:24+00:00 NOTICE action_scheduler.queue_job :: MailChimp_WooCommerce_Cart_Update queued :: obj_id e7322c4467f9a5568a63034f3e1ad2d1
2021-12-05T12:40:26+00:00 NOTICE abandoned_cart.success :: email: fany.23lt@gmail.com :: checkout_url: https://naturalconexion.com/checkout/?mc_cart_id=e7322c4467f9a5568a63034f3e1ad2d1
2021-12-05T12:42:30+00:00 NOTICE action_scheduler.queue_job :: MailChimp_WooCommerce_Single_Order starts in 90 seconds :: obj_id 17632
2021-12-05T12:44:24+00:00 NOTICE order_sumbit :: #17632 has a financial status of pending and was skipped.
2021-12-05T12:46:54+00:00 NOTICE action_scheduler.queue_job :: MailChimp_WooCommerce_Single_Order starts in 90 seconds :: obj_id 17632
2021-12-05T12:46:57+00:00 NOTICE debug :: Order ID 17632 was pending and is now processing :: Array
(
    [new_order] => 1
    [tracking] => Array
        (
            [campaign_id] => 
            [landing_site] => https://naturalconexion.com/?wc-ajax=get_refreshed_fragments
        )

)

2021-12-05T12:49:16+00:00 NOTICE order.member.updated :: Updated fany.23lt@gmail.com subscriber status to subscribed and language to 
2021-12-05T12:49:16+00:00 NOTICE order_submit.success :: addStoreOrder :: #17632 :: email: fany.23lt@gmail.com :: landing site https://naturalconexion.com/?wc-ajax=get_refreshed_fragments :: abandoned cart deleted [e7322c4467f9a5568a63034f3e1ad2d1]
2021-12-05T13:51:57+00:00 NOTICE action_scheduler.queue_job :: MailChimp_WooCommerce_Cart_Update queued :: obj_id 4d861f8172412bca876d320fe2782e9f
2021-12-05T13:52:15+00:00 NOTICE abandoned_cart.success :: email: isa_troncoso@hotmail.com :: checkout_url: https://naturalconexion.com/checkout/?mc_cart_id=4d861f8172412bca876d320fe2782e9f
2021-12-05T13:52:15+00:00 NOTICE cart.member.updated :: Updated isa_troncoso@hotmail.com subscriber status to transactional and language to es
2021-12-05T13:52:58+00:00 NOTICE action_scheduler.queue_job :: MailChimp_WooCommerce_Single_Order starts in 90 seconds :: obj_id 17633
2021-12-05T13:55:15+00:00 NOTICE order_sumbit :: #17633 has a financial status of pending and was skipped.
2021-12-05T13:55:38+00:00 NOTICE action_scheduler.queue_job :: MailChimp_WooCommerce_Single_Order starts in 90 seconds :: obj_id 17633
2021-12-05T13:55:41+00:00 NOTICE debug :: Order ID 17633 was pending and is now processing :: Array
(
    [new_order] => 1
    [tracking] => Array
        (
            [campaign_id] => 
            [landing_site] => https://naturalconexion.com/wp-admin/admin-ajax.php
        )

)

2021-12-05T13:57:17+00:00 NOTICE order.member.updated :: Updated isa_troncoso@hotmail.com subscriber status to subscribed and language to 
2021-12-05T13:57:17+00:00 NOTICE order_submit.success :: addStoreOrder :: #17633 :: email: isa_troncoso@hotmail.com :: landing site https://naturalconexion.com/wp-admin/admin-ajax.php :: abandoned cart deleted [4d861f8172412bca876d320fe2782e9f]
2021-12-05T14:40:08+00:00 NOTICE action_scheduler.queue_job :: MailChimp_WooCommerce_Cart_Update queued :: obj_id 7860e51096368a3deed9f8473a0e7e56
2021-12-05T14:40:25+00:00 NOTICE abandoned_cart.success :: email: katheryns@gmail.com :: checkout_url: https://naturalconexion.com/checkout/?mc_cart_id=7860e51096368a3deed9f8473a0e7e56
2021-12-05T14:40:25+00:00 NOTICE cart.member.updated :: Updated katheryns@gmail.com subscriber status to transactional and language to es
2021-12-05T14:40:49+00:00 NOTICE action_scheduler.queue_job :: MailChimp_WooCommerce_Single_Order starts in 90 seconds :: obj_id 17634
2021-12-05T14:42:52+00:00 NOTICE order_sumbit :: #17634 has a financial status of pending and was skipped.
2021-12-05T14:43:04+00:00 NOTICE action_scheduler.queue_job :: MailChimp_WooCommerce_Single_Order starts in 90 seconds :: obj_id 17634
2021-12-05T14:43:06+00:00 NOTICE debug :: Order ID 17634 was pending and is now processing :: Array
(
    [new_order] => 1
    [tracking] => Array
        (
            [campaign_id] => 
            [landing_site] => https://naturalconexion.com/wp-admin/admin-ajax.php
        )

)

2021-12-05T14:45:47+00:00 NOTICE order.member.updated :: Updated Katheryns@gmail.com subscriber status to subscribed and language to 
2021-12-05T14:45:47+00:00 NOTICE order_submit.success :: addStoreOrder :: #17634 :: email: Katheryns@gmail.com :: landing site https://naturalconexion.com/wp-admin/admin-ajax.php :: abandoned cart deleted [7860e51096368a3deed9f8473a0e7e56]
2021-12-05T18:29:15+00:00 NOTICE action_scheduler.queue_job :: MailChimp_WooCommerce_Cart_Update queued :: obj_id 6288e0fe11eba420982cbcfdb1ea8405
2021-12-05T18:30:11+00:00 NOTICE action_scheduler.queue_job :: MailChimp_WooCommerce_User_Submit queued :: obj_id 1954
2021-12-05T18:30:12+00:00 NOTICE action_scheduler.queue_job :: MailChimp_WooCommerce_Single_Order starts in 90 seconds :: obj_id 17635
2021-12-05T18:30:17+00:00 NOTICE abandoned_cart.success :: email: mfmaringal22@gmail.com :: checkout_url: https://naturalconexion.com/checkout/?mc_cart_id=6288e0fe11eba420982cbcfdb1ea8405
2021-12-05T18:30:17+00:00 NOTICE cart.member.updated :: Updated mfmaringal22@gmail.com subscriber status to transactional and language to es
2021-12-05T18:30:18+00:00 NOTICE member.sync :: Updated Member angela.cortesc@gmail.com ( merge fields only ) :: Array
(
    [merge_fields] => Array
        (
            [FNAME] => Angela
            [LNAME] => Cortes
        )

)

2021-12-05T18:30:27+00:00 NOTICE action_scheduler.queue_job :: MailChimp_WooCommerce_Single_Order starts in 90 seconds :: obj_id 17636
2021-12-05T18:33:22+00:00 NOTICE order_sumbit :: #17635 has a financial status of pending and was skipped.
2021-12-05T18:33:22+00:00 NOTICE order_sumbit :: #17636 has a financial status of pending and was skipped.
2021-12-05T18:41:34+00:00 NOTICE action_scheduler.queue_job :: MailChimp_WooCommerce_Cart_Update queued :: obj_id 6288e0fe11eba420982cbcfdb1ea8405
2021-12-05T18:41:36+00:00 NOTICE abandoned_cart.success :: email: mfmaringal22@gmail.com :: checkout_url: https://naturalconexion.com/checkout/?mc_cart_id=6288e0fe11eba420982cbcfdb1ea8405
2021-12-05T18:41:45+00:00 NOTICE action_scheduler.queue_job :: MailChimp_WooCommerce_Single_Order starts in 90 seconds :: obj_id 17637
2021-12-05T18:43:26+00:00 NOTICE order_sumbit :: #17637 has a financial status of pending and was skipped.
2021-12-05T18:46:41+00:00 NOTICE action_scheduler.queue_job :: MailChimp_WooCommerce_Single_Order starts in 90 seconds :: obj_id 17637
2021-12-05T18:46:43+00:00 NOTICE debug :: Order ID 17637 was pending and is now processing :: Array
(
    [new_order] => 1
    [tracking] => Array
        (
            [campaign_id] => 
            [landing_site] => https://naturalconexion.com/wp-admin/admin-ajax.php
        )

)

2021-12-05T18:48:16+00:00 NOTICE order.member.updated :: Updated mfmaringal22@gmail.com subscriber status to transactional and language to 
2021-12-05T18:48:16+00:00 NOTICE order_submit.success :: addStoreOrder :: #17637 :: email: mfmaringal22@gmail.com :: landing site https://naturalconexion.com/wp-admin/admin-ajax.php :: abandoned cart deleted [6288e0fe11eba420982cbcfdb1ea8405]
2021-12-05T18:54:17+00:00 NOTICE action_scheduler.queue_job :: MailChimp_WooCommerce_Single_Order starts in 90 seconds :: obj_id 17636
2021-12-05T18:54:18+00:00 NOTICE debug :: Order ID 17636 was pending and is now failed :: Array
(
    [new_order] => 
    [tracking] => 
)

2021-12-05T18:56:16+00:00 NOTICE system.debug :: order 17636 is in failed status, and is being skipped for now.
2021-12-05T21:38:29+00:00 NOTICE action_scheduler.queue_job :: MailChimp_WooCommerce_Single_Order starts in 90 seconds :: obj_id 17638
2021-12-05T21:40:34+00:00 NOTICE order_sumbit :: #17638 has a financial status of pending and was skipped.
2021-12-05T22:09:22+00:00 NOTICE action_scheduler.queue_job :: MailChimp_WooCommerce_Cart_Update queued :: obj_id e7ae166708988b51ee152a82c118da16
2021-12-05T22:09:24+00:00 NOTICE abandoned_cart.success :: email: dj_brian3@hotmail.com :: checkout_url: https://naturalconexion.com/checkout/?mc_cart_id=e7ae166708988b51ee152a82c118da16
2021-12-05T22:09:24+00:00 NOTICE cart.member.updated :: Updated dj_brian3@hotmail.com subscriber status to transactional and language to es
