2023-02-05T00:27:27+00:00 NOTICE action_scheduler.queue_job :: MailChimp_WooCommerce_Cart_Update queued :: obj_id 11f1e44d3e26d8527a42644d2361853c
2023-02-05T00:27:56+00:00 NOTICE abandoned_cart.success :: email: carolinacoronadof@gmail.com :: checkout_url: https://naturalconexion.com/checkout/?mc_cart_id=11f1e44d3e26d8527a42644d2361853c
2023-02-05T00:27:56+00:00 NOTICE cart.member.updated :: Updated carolinacoronadof@gmail.com subscriber status to subscribed and language to es
2023-02-05T00:33:58+00:00 NOTICE action_scheduler.queue_job :: MailChimp_WooCommerce_Cart_Update queued :: obj_id 11f1e44d3e26d8527a42644d2361853c
2023-02-05T00:33:59+00:00 NOTICE abandoned_cart.success :: email: carolinacoronadof@gmail.com :: checkout_url: https://naturalconexion.com/checkout/?mc_cart_id=11f1e44d3e26d8527a42644d2361853c
2023-02-05T00:34:51+00:00 NOTICE action_scheduler.queue_job :: MailChimp_WooCommerce_Single_Order starts in 90 seconds :: obj_id 23229
2023-02-05T00:36:27+00:00 NOTICE debug :: Order ID 23229 was pending and is now processing :: Array
(
    [new_order] => 1
    [tracking] => Array
        (
            [campaign_id] => 
            [landing_site] => https://naturalconexion.com/wp-content/plugins/woocommerce-payu-latam/confirmation.php
        )

)

2023-02-05T00:38:48+00:00 NOTICE order.member.updated :: Updated carolinacoronadof@gmail.com subscriber status to subscribed and language to es
2023-02-05T00:38:48+00:00 NOTICE order_submit.success :: addStoreOrder :: #23229 :: email: carolinacoronadof@gmail.com :: landing site https://naturalconexion.com/ :: abandoned cart deleted [11f1e44d3e26d8527a42644d2361853c]
2023-02-05T03:40:09+00:00 NOTICE action_scheduler.queue_job :: MailChimp_WooCommerce_Cart_Update queued :: obj_id 18a013fff22db1869d0d7d58cf8c9b89
2023-02-05T03:40:55+00:00 NOTICE abandoned_cart.success :: email: mmmoralesmo@yahoo.com :: checkout_url: https://naturalconexion.com/checkout/?mc_cart_id=18a013fff22db1869d0d7d58cf8c9b89
2023-02-05T03:40:56+00:00 NOTICE cart.member.updated :: Updated mmmoralesmo@yahoo.com subscriber status to transactional and language to es
2023-02-05T03:41:44+00:00 NOTICE action_scheduler.queue_job :: MailChimp_WooCommerce_Cart_Update queued :: obj_id 18a013fff22db1869d0d7d58cf8c9b89
2023-02-05T03:42:02+00:00 NOTICE abandoned_cart.success :: email: mmmoralesmo@yahoo.com :: checkout_url: https://naturalconexion.com/checkout/?mc_cart_id=18a013fff22db1869d0d7d58cf8c9b89
2023-02-05T03:42:04+00:00 NOTICE action_scheduler.queue_job :: MailChimp_WooCommerce_Cart_Update queued :: obj_id 18a013fff22db1869d0d7d58cf8c9b89
2023-02-05T03:42:09+00:00 NOTICE abandoned_cart.success :: email: mmmoralesmo@yahoo.com :: checkout_url: https://naturalconexion.com/checkout/?mc_cart_id=18a013fff22db1869d0d7d58cf8c9b89
2023-02-05T03:43:16+00:00 NOTICE action_scheduler.queue_job :: MailChimp_WooCommerce_Cart_Update queued :: obj_id 18a013fff22db1869d0d7d58cf8c9b89
2023-02-05T03:43:54+00:00 NOTICE action_scheduler.queue_job :: MailChimp_WooCommerce_Single_Order starts in 90 seconds :: obj_id 23230
2023-02-05T03:44:13+00:00 NOTICE abandoned_cart.success :: email: mmmoralesmo@yahoo.com :: checkout_url: https://naturalconexion.com/checkout/?mc_cart_id=18a013fff22db1869d0d7d58cf8c9b89
2023-02-05T03:45:36+00:00 NOTICE order_submit :: #23230 has a financial status of pending and was skipped.
2023-02-05T03:47:10+00:00 NOTICE action_scheduler.queue_job :: MailChimp_WooCommerce_Single_Order starts in 90 seconds :: obj_id 23230
2023-02-05T03:47:14+00:00 NOTICE debug :: Order ID 23230 was pending and is now processing :: Array
(
    [new_order] => 1
    [tracking] => Array
        (
            [campaign_id] => 
            [landing_site] => https://naturalconexion.com/wp-content/plugins/woocommerce-payu-latam/confirmation.php
        )

)

2023-02-05T03:48:53+00:00 NOTICE order.member.updated :: Updated mmmoralesmo@yahoo.com subscriber status to transactional and language to 
2023-02-05T03:48:53+00:00 NOTICE order_submit.success :: addStoreOrder :: #23230 :: email: mmmoralesmo@yahoo.com :: landing site https://naturalconexion.com/wp-content/plugins/woocommerce-payu-latam/confirmation.php :: abandoned cart deleted [18a013fff22db1869d0d7d58cf8c9b89]
2023-02-05T13:34:40+00:00 NOTICE action_scheduler.queue_job :: MailChimp_WooCommerce_Cart_Update queued :: obj_id 90574b1020df737d6a587efdf65a29d1
2023-02-05T13:34:42+00:00 NOTICE abandoned_cart.success :: email: lmcasta@mapfre.com.co :: checkout_url: https://naturalconexion.com/checkout/?mc_cart_id=90574b1020df737d6a587efdf65a29d1
2023-02-05T13:34:43+00:00 NOTICE cart.member.updated :: Updated lmcasta@mapfre.com.co subscriber status to transactional and language to es
2023-02-05T13:35:00+00:00 NOTICE ac.cart_swap :: Deleted cart [lmcasta@mapfre.com.co] :: ID [90574b1020df737d6a587efdf65a29d1]
2023-02-05T13:35:00+00:00 NOTICE action_scheduler.queue_job :: MailChimp_WooCommerce_Cart_Update queued :: obj_id 25eff4111e282c1443c65f176055d219
2023-02-05T13:35:05+00:00 NOTICE abandoned_cart.success :: email: lmcastago@gmail.com :: checkout_url: https://naturalconexion.com/checkout/?mc_cart_id=25eff4111e282c1443c65f176055d219
2023-02-05T13:35:05+00:00 NOTICE cart.member.updated :: Updated lmcastago@gmail.com subscriber status to transactional and language to es
2023-02-05T13:35:20+00:00 NOTICE action_scheduler.queue_job :: MailChimp_WooCommerce_Single_Order starts in 90 seconds :: obj_id 23231
2023-02-05T13:36:26+00:00 NOTICE action_scheduler.queue_job :: MailChimp_WooCommerce_Cart_Update queued :: obj_id 25eff4111e282c1443c65f176055d219
2023-02-05T13:36:42+00:00 NOTICE abandoned_cart.success :: email: lmcastago@gmail.com :: checkout_url: https://naturalconexion.com/checkout/?mc_cart_id=25eff4111e282c1443c65f176055d219
2023-02-05T13:37:03+00:00 NOTICE order_submit :: #23231 has a financial status of pending and was skipped.
2023-02-05T13:37:16+00:00 NOTICE action_scheduler.queue_job :: MailChimp_WooCommerce_Single_Order starts in 90 seconds :: obj_id 23232
2023-02-05T13:39:09+00:00 NOTICE debug :: Order ID 23232 was pending and is now processing :: Array
(
    [new_order] => 1
    [tracking] => Array
        (
            [campaign_id] => 
            [landing_site] => https://naturalconexion.com/wp-content/plugins/woocommerce-payu-latam/confirmation.php
        )

)

2023-02-05T13:40:40+00:00 NOTICE order.member.updated :: Updated LMCASTAGO@GMAIL.COM subscriber status to subscribed and language to es
2023-02-05T13:40:40+00:00 NOTICE order_submit.success :: addStoreOrder :: #23232 :: email: LMCASTAGO@GMAIL.COM :: landing site https://naturalconexion.com/checkout/order-pay/23231/?key=wc_order_g1nACUudKn33x :: abandoned cart deleted [25eff4111e282c1443c65f176055d219]
2023-02-05T14:37:45+00:00 NOTICE action_scheduler.queue_job :: MailChimp_WooCommerce_Cart_Update queued :: obj_id 0dda038564e1b416c8af79e7434519b4
2023-02-05T14:38:15+00:00 NOTICE abandoned_cart.success :: email: mariale835@yahoo.com.ar :: checkout_url: https://naturalconexion.com/checkout/?mc_cart_id=0dda038564e1b416c8af79e7434519b4
2023-02-05T14:38:15+00:00 NOTICE cart.member.updated :: Updated mariale835@yahoo.com.ar subscriber status to subscribed and language to es
2023-02-05T14:54:17+00:00 NOTICE action_scheduler.queue_job :: MailChimp_WooCommerce_Cart_Update queued :: obj_id 0dda038564e1b416c8af79e7434519b4
2023-02-05T14:54:18+00:00 NOTICE action_scheduler.queue_job :: MailChimp_WooCommerce_Single_Order starts in 90 seconds :: obj_id 23233
2023-02-05T14:54:41+00:00 NOTICE abandoned_cart.success :: email: mariale835@yahoo.com.ar :: checkout_url: https://naturalconexion.com/checkout/?mc_cart_id=0dda038564e1b416c8af79e7434519b4
2023-02-05T14:56:50+00:00 NOTICE order_submit :: #23233 has a financial status of pending and was skipped.
2023-02-05T14:58:10+00:00 NOTICE action_scheduler.queue_job :: MailChimp_WooCommerce_Single_Order starts in 90 seconds :: obj_id 23233
2023-02-05T14:58:13+00:00 NOTICE debug :: Order ID 23233 was pending and is now processing :: Array
(
    [new_order] => 1
    [tracking] => Array
        (
            [campaign_id] => 
            [landing_site] => https://naturalconexion.com/wp-content/plugins/woocommerce-payu-latam/confirmation.php
        )

)

2023-02-05T14:59:57+00:00 NOTICE order.member.updated :: Updated mariale835@yahoo.com.ar subscriber status to subscribed and language to 
2023-02-05T14:59:57+00:00 NOTICE order_submit.success :: addStoreOrder :: #23233 :: email: mariale835@yahoo.com.ar :: landing site https://naturalconexion.com/wp-content/plugins/woocommerce-payu-latam/confirmation.php :: abandoned cart deleted [0dda038564e1b416c8af79e7434519b4]
2023-02-05T15:06:38+00:00 NOTICE action_scheduler.queue_job :: MailChimp_WooCommerce_Single_Order starts in 90 seconds :: obj_id 23231
2023-02-05T15:06:38+00:00 NOTICE debug :: Order ID 23231 was pending and is now cancelled :: Array
(
    [new_order] => 
    [tracking] => 
)

2023-02-05T15:08:17+00:00 NOTICE order_submit :: #23231 has a financial status of cancelled and was skipped.
2023-02-05T20:25:57+00:00 NOTICE action_scheduler.queue_job :: MailChimp_WooCommerce_Cart_Update queued :: obj_id aa3c32b25a207b4aaa991fe9eb5764c1
2023-02-05T20:26:39+00:00 NOTICE abandoned_cart.success :: email: claur.1402@gmail.com :: checkout_url: https://naturalconexion.com/checkout/?mc_cart_id=aa3c32b25a207b4aaa991fe9eb5764c1
2023-02-05T20:26:39+00:00 NOTICE cart.member.updated :: Updated claur.1402@gmail.com subscriber status to subscribed and language to es
2023-02-05T20:26:50+00:00 NOTICE action_scheduler.queue_job :: MailChimp_WooCommerce_Single_Order starts in 90 seconds :: obj_id 23234
2023-02-05T20:28:57+00:00 NOTICE order_submit :: #23234 has a financial status of pending and was skipped.
2023-02-05T22:18:59+00:00 NOTICE action_scheduler.queue_job :: MailChimp_WooCommerce_Single_Order starts in 90 seconds :: obj_id 23234
2023-02-05T22:18:59+00:00 NOTICE debug :: Order ID 23234 was pending and is now cancelled :: Array
(
    [new_order] => 
    [tracking] => 
)

2023-02-05T22:20:57+00:00 NOTICE order_submit :: #23234 has a financial status of cancelled and was skipped.
2023-02-05T22:28:34+00:00 NOTICE action_scheduler.queue_job :: MailChimp_WooCommerce_User_Submit queued :: obj_id 2412
2023-02-05T22:28:36+00:00 NOTICE action_scheduler.queue_job :: MailChimp_WooCommerce_Single_Order starts in 90 seconds :: obj_id 23235
2023-02-05T22:28:39+00:00 NOTICE debug :: Order ID 23235 was pending and is now processing :: Array
(
    [new_order] => 1
    [tracking] => Array
        (
            [campaign_id] => 
            [landing_site] => https://naturalconexion.com/product/protector-solar-con-extractos-botanicos-spf-50-todo-tipo-de-piel-30gr/?gclid=EAIaIQobChMI-7Cp1LP__AIVmjCtBh0_fAQeEAQYBCABEgLeiPD_BwE
        )

)

2023-02-05T22:28:45+00:00 NOTICE member.sync :: Subscribed Member Diego.quiche@hotmail.com :: Array
(
    [status_if_new] => 1
    [merge_fields] => Array
        (
            [FNAME] => Diego alexander
            [LNAME] => Ramírez quiche
        )

)

2023-02-05T22:30:11+00:00 NOTICE action_scheduler.queue_job :: MailChimp_WooCommerce_Single_Order starts in 90 seconds :: obj_id 23236
2023-02-05T22:30:39+00:00 NOTICE order.member.updated :: Updated Diego.quiche@hotmail.com subscriber status to subscribed and language to es
2023-02-05T22:30:39+00:00 NOTICE order_submit.success :: addStoreOrder :: #23235 :: email: Diego.quiche@hotmail.com :: landing site https://naturalconexion.com/product/protector-solar-con-extractos-botanicos-spf-50-todo-tipo-de-piel-30gr/?gclid=EAIaIQobChMI-7Cp1LP__AIVmjCtBh0_fAQeEAQYBCABEgLeiPD_BwE
2023-02-05T22:32:28+00:00 NOTICE order_submit :: #23236 has a financial status of pending and was skipped.
2023-02-05T22:33:04+00:00 NOTICE action_scheduler.queue_job :: MailChimp_WooCommerce_Single_Order starts in 90 seconds :: obj_id 23236
2023-02-05T22:33:06+00:00 NOTICE debug :: Order ID 23236 was pending and is now processing :: Array
(
    [new_order] => 1
    [tracking] => Array
        (
            [campaign_id] => 
            [landing_site] => https://naturalconexion.com/wp-content/plugins/woocommerce-payu-latam/confirmation.php
        )

)

2023-02-05T22:34:37+00:00 NOTICE order.member.updated :: Updated Sarazpt@gmail.com subscriber status to subscribed and language to 
2023-02-05T22:34:37+00:00 NOTICE order_submit.success :: addStoreOrder :: #23236 :: email: Sarazpt@gmail.com :: landing site https://naturalconexion.com/wp-content/plugins/woocommerce-payu-latam/confirmation.php
