2023-06-24T00:37:22+00:00 NOTICE action_scheduler.queue_job :: MailChimp_WooCommerce_Single_Product starts in 5 seconds :: obj_id 7504
2023-06-24T00:37:35+00:00 NOTICE product_submit.success :: updateStoreProduct :: #7504
2023-06-24T00:38:05+00:00 NOTICE action_scheduler.queue_job :: MailChimp_WooCommerce_Single_Product starts in 5 seconds :: obj_id 7619
2023-06-24T00:39:15+00:00 NOTICE product_submit.success :: updateStoreProduct :: #7619
2023-06-24T05:11:37+00:00 NOTICE action_scheduler.queue_job :: MailChimp_WooCommerce_Single_Order starts in 90 seconds :: obj_id 24809
2023-06-24T05:11:38+00:00 NOTICE debug :: Order ID 24809 was cancelled and is now failed :: Array
(
    [new_order] => 
    [tracking] => 
)

2023-06-24T13:56:48+00:00 NOTICE action_scheduler.queue_job :: MailChimp_WooCommerce_Cart_Update queued :: obj_id de98d28f3978fc90fdeae818578cb488
2023-06-24T13:57:06+00:00 NOTICE abandoned_cart.success :: email: mariasanzgo@gmail.com :: checkout_url: https://naturalconexion.com/checkout/?mc_cart_id=de98d28f3978fc90fdeae818578cb488
2023-06-24T13:57:07+00:00 NOTICE cart.member.updated :: Updated mariasanzgo@gmail.com subscriber status to subscribed and language to es
2023-06-24T14:00:44+00:00 NOTICE action_scheduler.queue_job :: MailChimp_WooCommerce_Single_Order starts in 90 seconds :: obj_id 24904
2023-06-24T14:02:41+00:00 NOTICE order_submit :: #24904 has a financial status of pending and was skipped.
2023-06-24T15:34:57+00:00 NOTICE action_scheduler.queue_job :: MailChimp_WooCommerce_Single_Order starts in 90 seconds :: obj_id 24904
2023-06-24T15:34:57+00:00 NOTICE debug :: Order ID 24904 was pending and is now cancelled :: Array
(
    [new_order] => 
    [tracking] => 
)

2023-06-24T15:36:53+00:00 NOTICE order_submit :: #24904 has a financial status of cancelled and was skipped.
2023-06-24T22:49:05+00:00 NOTICE action_scheduler.queue_job :: MailChimp_WooCommerce_Cart_Update queued :: obj_id 5d71eb23e94b88338e4fb67f4ce6134c
2023-06-24T22:49:56+00:00 NOTICE abandoned_cart.success :: email: janabet3@gmail.com :: checkout_url: https://naturalconexion.com/checkout/?mc_cart_id=5d71eb23e94b88338e4fb67f4ce6134c
2023-06-24T22:49:57+00:00 NOTICE cart.member.updated :: Updated janabet3@gmail.com subscriber status to subscribed and language to es
2023-06-24T22:50:38+00:00 NOTICE action_scheduler.queue_job :: MailChimp_WooCommerce_Single_Order starts in 90 seconds :: obj_id 24905
2023-06-24T22:52:11+00:00 NOTICE order_submit :: #24905 has a financial status of pending and was skipped.
2023-06-24T22:54:01+00:00 NOTICE action_scheduler.queue_job :: MailChimp_WooCommerce_Single_Order starts in 90 seconds :: obj_id 24905
2023-06-24T22:54:03+00:00 NOTICE debug :: Order ID 24905 was pending and is now processing :: Array
(
    [new_order] => 1
    [tracking] => Array
        (
            [campaign_id] => 
            [landing_site] => https://naturalconexion.com/wp-content/plugins/woocommerce-payu-latam/confirmation.php
        )

)

2023-06-24T22:55:52+00:00 NOTICE order.member.updated :: Updated janabet3@gmail.com subscriber status to subscribed and language to 
2023-06-24T22:55:52+00:00 NOTICE order_submit.success :: addStoreOrder :: #24905 :: email: janabet3@gmail.com :: landing site https://naturalconexion.com/wp-content/plugins/woocommerce-payu-latam/confirmation.php :: abandoned cart deleted [5d71eb23e94b88338e4fb67f4ce6134c]
