2022-04-29T00:55:23+00:00 NOTICE action_scheduler.queue_job :: MailChimp_WooCommerce_User_Submit queued :: obj_id 2177
2022-04-29T00:55:25+00:00 NOTICE action_scheduler.queue_job :: MailChimp_WooCommerce_Single_Order starts in 90 seconds :: obj_id 19949
2022-04-29T00:56:08+00:00 NOTICE member.sync :: Updated Member gonzalezlorena207@gmail.com ( merge fields only ) :: Array
(
    [merge_fields] => Array
        (
            [FNAME] => Lorena
            [LNAME] => Gonzalez
        )

)

2022-04-29T00:57:21+00:00 NOTICE order_sumbit :: #19949 has a financial status of pending and was skipped.
2022-04-29T00:59:59+00:00 NOTICE action_scheduler.queue_job :: MailChimp_WooCommerce_Cart_Update queued :: obj_id 67de5041e20a7a6e30d9e5ba01e580d3
2022-04-29T01:00:11+00:00 NOTICE abandoned_cart.success :: email: gonzalezlorena207@gmail.com :: checkout_url: https://naturalconexion.com/checkout/?mc_cart_id=67de5041e20a7a6e30d9e5ba01e580d3
2022-04-29T01:00:11+00:00 NOTICE cart.member.updated :: Updated gonzalezlorena207@gmail.com subscriber status to subscribed and language to es
2022-04-29T01:00:18+00:00 NOTICE action_scheduler.queue_job :: MailChimp_WooCommerce_Cart_Update queued :: obj_id 67de5041e20a7a6e30d9e5ba01e580d3
2022-04-29T01:01:40+00:00 NOTICE abandoned_cart.success :: email: gonzalezlorena207@gmail.com :: checkout_url: https://naturalconexion.com/checkout/?mc_cart_id=67de5041e20a7a6e30d9e5ba01e580d3
2022-04-29T01:56:06+00:00 NOTICE action_scheduler.queue_job :: MailChimp_WooCommerce_Single_Order starts in 90 seconds :: obj_id 19949
2022-04-29T01:56:06+00:00 NOTICE debug :: Order ID 19949 was pending and is now cancelled :: Array
(
    [new_order] => 
    [tracking] => 
)

2022-04-29T01:58:43+00:00 NOTICE order_sumbit :: #19949 has a financial status of cancelled and was skipped.
2022-04-29T02:02:50+00:00 NOTICE action_scheduler.queue_job :: MailChimp_WooCommerce_SingleCoupon queued :: obj_id 19950
2022-04-29T02:02:54+00:00 NOTICE promo_code_submit.success :: #19950 :: code: awh4yrpr
2022-04-29T02:36:52+00:00 NOTICE action_scheduler.queue_job :: MailChimp_WooCommerce_Cart_Update queued :: obj_id 0ef44439a348fc3557c0b5003dbd0606
2022-04-29T02:37:30+00:00 NOTICE action_scheduler.queue_job :: MailChimp_WooCommerce_User_Submit queued :: obj_id 1732
2022-04-29T02:37:32+00:00 NOTICE abandoned_cart.success :: email: luisa.fernanda94@hotmail.com :: checkout_url: https://naturalconexion.com/checkout/?mc_cart_id=0ef44439a348fc3557c0b5003dbd0606
2022-04-29T02:37:32+00:00 NOTICE cart.member.updated :: Updated luisa.fernanda94@hotmail.com subscriber status to subscribed and language to es
2022-04-29T02:37:32+00:00 NOTICE member.sync :: Updated Member Luisa.fernanda94@hotmail.com ( merge fields only ) :: Array
(
    [merge_fields] => Array
        (
            [FNAME] => Luisa Fernanda
            [LNAME] => Castañeda Medina
        )

)

2022-04-29T03:34:25+00:00 NOTICE action_scheduler.queue_job :: MailChimp_WooCommerce_Cart_Update queued :: obj_id 6474e5be81df0602535e9bf056f5ed67
2022-04-29T03:35:52+00:00 NOTICE abandoned_cart.success :: email: karengaviriamoreno@gmail.com :: checkout_url: https://naturalconexion.com/checkout/?mc_cart_id=6474e5be81df0602535e9bf056f5ed67
2022-04-29T03:35:52+00:00 NOTICE cart.member.updated :: Updated karengaviriamoreno@gmail.com subscriber status to subscribed and language to es
2022-04-29T03:38:40+00:00 NOTICE action_scheduler.queue_job :: MailChimp_WooCommerce_Cart_Update queued :: obj_id 6474e5be81df0602535e9bf056f5ed67
2022-04-29T03:39:16+00:00 NOTICE abandoned_cart.success :: email: karengaviriamoreno@gmail.com :: checkout_url: https://naturalconexion.com/checkout/?mc_cart_id=6474e5be81df0602535e9bf056f5ed67
2022-04-29T03:39:20+00:00 NOTICE action_scheduler.queue_job :: MailChimp_WooCommerce_Single_Order starts in 90 seconds :: obj_id 19951
2022-04-29T03:41:32+00:00 NOTICE order_sumbit :: #19951 has a financial status of pending and was skipped.
2022-04-29T03:41:39+00:00 NOTICE action_scheduler.queue_job :: MailChimp_WooCommerce_Single_Order starts in 90 seconds :: obj_id 19951
2022-04-29T03:41:41+00:00 NOTICE debug :: Order ID 19951 was pending and is now processing :: Array
(
    [new_order] => 1
    [tracking] => Array
        (
            [campaign_id] => 
            [landing_site] => https://naturalconexion.com/wp-admin/admin-ajax.php
        )

)

2022-04-29T03:43:32+00:00 NOTICE order.member.updated :: Updated karengaviriamoreno@gmail.com subscriber status to subscribed and language to 
2022-04-29T03:43:32+00:00 NOTICE order_submit.success :: addStoreOrder :: #19951 :: email: karengaviriamoreno@gmail.com :: landing site https://naturalconexion.com/wp-admin/admin-ajax.php :: abandoned cart deleted [6474e5be81df0602535e9bf056f5ed67]
2022-04-29T05:31:13+00:00 NOTICE action_scheduler.queue_job :: MailChimp_WooCommerce_Single_Order starts in 90 seconds :: obj_id 19850
2022-04-29T05:31:13+00:00 NOTICE debug :: Order ID 19850 was cancelled and is now failed :: Array
(
    [new_order] => 
    [tracking] => 
)

2022-04-29T05:33:01+00:00 NOTICE system.debug :: order 19850 is in failed status, and is being skipped for now.
2022-04-29T09:02:45+00:00 NOTICE action_scheduler.queue_job :: MailChimp_WooCommerce_SingleCoupon queued :: obj_id 19952
2022-04-29T09:04:55+00:00 NOTICE promo_code_submit.success :: #19952 :: code: 4vpxn6sj
2022-04-29T12:18:18+00:00 NOTICE action_scheduler.queue_job :: MailChimp_WooCommerce_Single_Order starts in 90 seconds :: obj_id 19936
2022-04-29T12:18:20+00:00 NOTICE debug :: Order ID 19936 was processing and is now completed :: Array
(
    [new_order] => 
    [tracking] => 
)

2022-04-29T12:18:20+00:00 NOTICE action_scheduler.queue_job :: MailChimp_WooCommerce_Single_Order starts in 90 seconds :: obj_id 19938
2022-04-29T12:18:21+00:00 NOTICE debug :: Order ID 19938 was processing and is now completed :: Array
(
    [new_order] => 
    [tracking] => 
)

2022-04-29T12:18:21+00:00 NOTICE action_scheduler.queue_job :: MailChimp_WooCommerce_Single_Order starts in 90 seconds :: obj_id 19939
2022-04-29T12:18:22+00:00 NOTICE debug :: Order ID 19939 was processing and is now completed :: Array
(
    [new_order] => 
    [tracking] => 
)

2022-04-29T12:18:22+00:00 NOTICE action_scheduler.queue_job :: MailChimp_WooCommerce_Single_Order starts in 90 seconds :: obj_id 19941
2022-04-29T12:18:23+00:00 NOTICE debug :: Order ID 19941 was processing and is now completed :: Array
(
    [new_order] => 
    [tracking] => 
)

2022-04-29T12:18:23+00:00 NOTICE action_scheduler.queue_job :: MailChimp_WooCommerce_Single_Order starts in 90 seconds :: obj_id 19946
2022-04-29T12:18:25+00:00 NOTICE debug :: Order ID 19946 was processing and is now completed :: Array
(
    [new_order] => 
    [tracking] => 
)

2022-04-29T12:20:19+00:00 NOTICE order.member.updated :: Updated pamm2093@gmail.com subscriber status to transactional and language to 
2022-04-29T12:20:19+00:00 NOTICE order_submit.success :: updateStoreOrder :: #19936 :: email: pamm2093@gmail.com
2022-04-29T12:20:20+00:00 NOTICE order.member.updated :: Updated amtrujillo@unal.edu.co subscriber status to subscribed and language to 
2022-04-29T12:20:20+00:00 NOTICE order_submit.success :: updateStoreOrder :: #19938 :: email: amtrujillo@unal.edu.co
2022-04-29T12:20:21+00:00 NOTICE order.member.updated :: Updated angel.jenny07@gmail.com subscriber status to subscribed and language to 
2022-04-29T12:20:21+00:00 NOTICE order_submit.success :: updateStoreOrder :: #19939 :: email: angel.jenny07@gmail.com
2022-04-29T12:20:22+00:00 NOTICE order.member.updated :: Updated dimacaar@gmail.com subscriber status to subscribed and language to 
2022-04-29T12:20:22+00:00 NOTICE order_submit.success :: updateStoreOrder :: #19941 :: email: dimacaar@gmail.com
2022-04-29T12:20:23+00:00 NOTICE order.member.updated :: Updated osc.gen@gmail.com subscriber status to subscribed and language to 
2022-04-29T12:20:23+00:00 NOTICE order_submit.success :: updateStoreOrder :: #19946 :: email: osc.gen@gmail.com
2022-04-29T20:28:29+00:00 NOTICE action_scheduler.queue_job :: MailChimp_WooCommerce_SingleCoupon queued :: obj_id 19953
2022-04-29T20:29:16+00:00 NOTICE promo_code_submit.success :: #19953 :: code: 10añosalnatural
2022-04-29T20:45:00+00:00 NOTICE action_scheduler.queue_job :: MailChimp_WooCommerce_Single_Order starts in 90 seconds :: obj_id 19954
2022-04-29T20:45:00+00:00 NOTICE action_scheduler.queue_job :: MailChimp_WooCommerce_Cart_Update queued :: obj_id 9b6064bc63508514df3cc64fc2e38cd3
2022-04-29T20:45:23+00:00 NOTICE abandoned_cart.success :: email: camiloelovasco@gmail.com :: checkout_url: https://naturalconexion.com/checkout/?mc_cart_id=9b6064bc63508514df3cc64fc2e38cd3
2022-04-29T20:45:23+00:00 NOTICE cart.member.updated :: Updated camiloelovasco@gmail.com subscriber status to subscribed and language to es
2022-04-29T20:47:15+00:00 NOTICE debug :: Order ID 19954 was pending and is now processing :: Array
(
    [new_order] => 1
    [tracking] => Array
        (
            [campaign_id] => 
            [landing_site] => https://naturalconexion.com/wp-admin/admin-ajax.php
        )

)

2022-04-29T20:49:50+00:00 NOTICE order.member.updated :: Updated camiloelovasco@gmail.com subscriber status to subscribed and language to es
2022-04-29T20:49:50+00:00 NOTICE order_submit.success :: addStoreOrder :: #19954 :: email: camiloelovasco@gmail.com :: landing site https://naturalconexion.com/wp-admin/admin-ajax.php :: abandoned cart deleted [9b6064bc63508514df3cc64fc2e38cd3]
2022-04-29T21:43:46+00:00 NOTICE action_scheduler.queue_job :: MailChimp_WooCommerce_User_Submit queued :: obj_id 2094
2022-04-29T21:44:48+00:00 NOTICE member.sync :: Updated Member helen06_d@hotmail.com ( merge fields only ) :: Array
(
    [merge_fields] => Array
        (
            [FNAME] => HELEN
            [LNAME] => CLAVIJO DUQUE
        )

)

2022-04-29T21:47:55+00:00 NOTICE action_scheduler.queue_job :: MailChimp_WooCommerce_Cart_Update queued :: obj_id 81fb9f4c6fca98db90a002e0c84d36e9
2022-04-29T21:48:23+00:00 NOTICE abandoned_cart.success :: email: helen06_d@hotmail.com :: checkout_url: https://naturalconexion.com/checkout/?mc_cart_id=81fb9f4c6fca98db90a002e0c84d36e9
2022-04-29T21:48:23+00:00 NOTICE cart.member.updated :: Updated helen06_d@hotmail.com subscriber status to subscribed and language to es
2022-04-29T21:49:03+00:00 NOTICE action_scheduler.queue_job :: MailChimp_WooCommerce_Cart_Update queued :: obj_id 81fb9f4c6fca98db90a002e0c84d36e9
2022-04-29T21:49:14+00:00 NOTICE abandoned_cart.success :: email: helen06_d@hotmail.com :: checkout_url: https://naturalconexion.com/checkout/?mc_cart_id=81fb9f4c6fca98db90a002e0c84d36e9
2022-04-29T21:50:15+00:00 NOTICE action_scheduler.queue_job :: MailChimp_WooCommerce_Cart_Update queued :: obj_id 81fb9f4c6fca98db90a002e0c84d36e9
2022-04-29T21:50:16+00:00 NOTICE abandoned_cart.success :: email: helen06_d@hotmail.com :: checkout_url: https://naturalconexion.com/checkout/?mc_cart_id=81fb9f4c6fca98db90a002e0c84d36e9
2022-04-29T21:51:29+00:00 NOTICE action_scheduler.queue_job :: MailChimp_WooCommerce_Cart_Update queued :: obj_id 81fb9f4c6fca98db90a002e0c84d36e9
2022-04-29T21:52:19+00:00 NOTICE abandoned_cart.success :: email: helen06_d@hotmail.com :: checkout_url: https://naturalconexion.com/checkout/?mc_cart_id=81fb9f4c6fca98db90a002e0c84d36e9
2022-04-29T21:55:33+00:00 NOTICE action_scheduler.queue_job :: MailChimp_WooCommerce_Cart_Update queued :: obj_id 81fb9f4c6fca98db90a002e0c84d36e9
2022-04-29T21:55:34+00:00 NOTICE abandoned_cart.success :: email: helen06_d@hotmail.com :: checkout_url: https://naturalconexion.com/checkout/?mc_cart_id=81fb9f4c6fca98db90a002e0c84d36e9
2022-04-29T22:22:15+00:00 NOTICE action_scheduler.queue_job :: MailChimp_WooCommerce_Cart_Update queued :: obj_id 81fb9f4c6fca98db90a002e0c84d36e9
2022-04-29T22:22:17+00:00 NOTICE abandoned_cart.success :: email: helen06_d@hotmail.com :: checkout_url: https://naturalconexion.com/checkout/?mc_cart_id=81fb9f4c6fca98db90a002e0c84d36e9
2022-04-29T22:28:31+00:00 NOTICE action_scheduler.queue_job :: MailChimp_WooCommerce_Cart_Update queued :: obj_id 81fb9f4c6fca98db90a002e0c84d36e9
2022-04-29T22:28:47+00:00 NOTICE abandoned_cart.success :: email: helen06_d@hotmail.com :: checkout_url: https://naturalconexion.com/checkout/?mc_cart_id=81fb9f4c6fca98db90a002e0c84d36e9
2022-04-29T23:31:10+00:00 NOTICE action_scheduler.queue_job :: MailChimp_WooCommerce_SingleCoupon queued :: obj_id 19955
2022-04-29T23:31:15+00:00 NOTICE promo_code_submit.success :: #19955 :: code: sgvi6fwl
