2023-01-28T07:22:46+00:00 NOTICE action_scheduler.queue_job :: MailChimp_WooCommerce_Cart_Update queued :: obj_id 1e68d1572b5e3dd3a5b292c61d6047c2
2023-01-28T07:22:47+00:00 NOTICE abandoned_cart.success :: email: omy-h86@hotmail.com :: checkout_url: https://naturalconexion.com/checkout/?mc_cart_id=1e68d1572b5e3dd3a5b292c61d6047c2
2023-01-28T07:22:48+00:00 NOTICE cart.member.updated :: Updated omy-h86@hotmail.com subscriber status to subscribed and language to es
2023-01-28T07:23:06+00:00 NOTICE action_scheduler.queue_job :: MailChimp_WooCommerce_User_Submit queued :: obj_id 2405
2023-01-28T07:23:08+00:00 NOTICE action_scheduler.queue_job :: MailChimp_WooCommerce_Single_Order starts in 90 seconds :: obj_id 23168
2023-01-28T07:24:01+00:00 NOTICE member.sync :: Updated Member Omy-h86@hotmail.com :: Array
(
    [status] => subscribed
    [language] => 
    [merge_fields] => Array
        (
            [FNAME] => Omaira
            [LNAME] => Hernández
        )

    [gdpr_fields] => 
)

2023-01-28T07:24:28+00:00 NOTICE action_scheduler.queue_job :: MailChimp_WooCommerce_Cart_Update queued :: obj_id 1e68d1572b5e3dd3a5b292c61d6047c2
2023-01-28T07:25:01+00:00 NOTICE abandoned_cart.success :: email: omy-h86@hotmail.com :: checkout_url: https://naturalconexion.com/checkout/?mc_cart_id=1e68d1572b5e3dd3a5b292c61d6047c2
2023-01-28T07:25:02+00:00 NOTICE order_submit :: #23168 has a financial status of pending and was skipped.
2023-01-28T07:25:26+00:00 NOTICE action_scheduler.queue_job :: MailChimp_WooCommerce_Cart_Update queued :: obj_id 1e68d1572b5e3dd3a5b292c61d6047c2
2023-01-28T07:28:08+00:00 NOTICE abandoned_cart.success :: email: omy-h86@hotmail.com :: checkout_url: https://naturalconexion.com/checkout/?mc_cart_id=1e68d1572b5e3dd3a5b292c61d6047c2
2023-01-28T09:10:53+00:00 NOTICE action_scheduler.queue_job :: MailChimp_WooCommerce_Single_Order starts in 90 seconds :: obj_id 23168
2023-01-28T09:10:53+00:00 NOTICE debug :: Order ID 23168 was pending and is now cancelled :: Array
(
    [new_order] => 
    [tracking] => 
)

2023-01-28T09:14:54+00:00 NOTICE order_submit :: #23168 has a financial status of cancelled and was skipped.
2023-01-28T15:13:39+00:00 NOTICE action_scheduler.queue_job :: MailChimp_WooCommerce_Single_Order starts in 90 seconds :: obj_id 23169
2023-01-28T15:16:08+00:00 NOTICE order_submit :: #23169 has a financial status of pending and was skipped.
2023-01-28T15:21:08+00:00 NOTICE action_scheduler.queue_job :: MailChimp_WooCommerce_Single_Order starts in 90 seconds :: obj_id 23169
2023-01-28T15:21:11+00:00 NOTICE debug :: Order ID 23169 was pending and is now processing :: Array
(
    [new_order] => 1
    [tracking] => Array
        (
            [campaign_id] => 
            [landing_site] => https://naturalconexion.com/?wc-api=wc_addi_gateway
        )

)

2023-01-28T15:22:44+00:00 NOTICE order.member.updated :: Updated liz_9208@hotmail.com subscriber status to subscribed and language to 
2023-01-28T15:22:44+00:00 NOTICE order_submit.success :: addStoreOrder :: #23169 :: email: liz_9208@hotmail.com :: landing site https://naturalconexion.com/?wc-api=wc_addi_gateway
2023-01-28T16:16:55+00:00 NOTICE action_scheduler.queue_job :: MailChimp_WooCommerce_Cart_Update queued :: obj_id a35a2a3089dd611aafe315f9517e20d1
2023-01-28T16:17:23+00:00 NOTICE action_scheduler.queue_job :: MailChimp_WooCommerce_Single_Order starts in 90 seconds :: obj_id 23170
2023-01-28T16:17:34+00:00 NOTICE abandoned_cart.success :: email: suranimendoza24@gmail.com :: checkout_url: https://naturalconexion.com/checkout/?mc_cart_id=a35a2a3089dd611aafe315f9517e20d1
2023-01-28T16:17:34+00:00 NOTICE cart.member.updated :: Updated suranimendoza24@gmail.com subscriber status to subscribed and language to es
2023-01-28T16:20:08+00:00 NOTICE debug :: Order ID 23170 was pending and is now processing :: Array
(
    [new_order] => 1
    [tracking] => Array
        (
            [campaign_id] => 
            [landing_site] => https://naturalconexion.com/wp-content/plugins/woocommerce-payu-latam/confirmation.php
        )

)

2023-01-28T16:22:55+00:00 NOTICE order.member.updated :: Updated suranimendoza24@gmail.com subscriber status to subscribed and language to es
2023-01-28T16:22:55+00:00 NOTICE order_submit.success :: addStoreOrder :: #23170 :: email: suranimendoza24@gmail.com :: landing site https://naturalconexion.com/ :: abandoned cart deleted [a35a2a3089dd611aafe315f9517e20d1]
2023-01-28T21:03:11+00:00 NOTICE action_scheduler.queue_job :: MailChimp_WooCommerce_Cart_Update queued :: obj_id 1714c819805fb3992676583a66c096eb
2023-01-28T21:03:34+00:00 NOTICE action_scheduler.queue_job :: MailChimp_WooCommerce_Single_Order starts in 90 seconds :: obj_id 23171
2023-01-28T21:04:09+00:00 NOTICE abandoned_cart.success :: email: paulaandre.mb@gmail.com :: checkout_url: https://naturalconexion.com/checkout/?mc_cart_id=1714c819805fb3992676583a66c096eb
2023-01-28T21:04:09+00:00 NOTICE cart.member.updated :: Updated paulaandre.mb@gmail.com subscriber status to transactional and language to es
2023-01-28T21:05:13+00:00 NOTICE order_submit :: #23171 has a financial status of pending and was skipped.
2023-01-28T21:09:01+00:00 NOTICE action_scheduler.queue_job :: MailChimp_WooCommerce_Single_Order starts in 90 seconds :: obj_id 23171
2023-01-28T21:09:04+00:00 NOTICE debug :: Order ID 23171 was pending and is now processing :: Array
(
    [new_order] => 1
    [tracking] => Array
        (
            [campaign_id] => 
            [landing_site] => https://naturalconexion.com/wp-content/plugins/woocommerce-payu-latam/confirmation.php
        )

)

2023-01-28T21:10:37+00:00 NOTICE order.member.updated :: Updated Paulaandre.mb@gmail.com subscriber status to transactional and language to 
2023-01-28T21:10:37+00:00 NOTICE order_submit.success :: addStoreOrder :: #23171 :: email: Paulaandre.mb@gmail.com :: landing site https://naturalconexion.com/wp-content/plugins/woocommerce-payu-latam/confirmation.php :: abandoned cart deleted [1714c819805fb3992676583a66c096eb]
