2022-06-16T00:03:39+00:00 NOTICE action_scheduler.queue_job :: MailChimp_WooCommerce_Cart_Update queued :: obj_id 766576c8b9f8ce90782dedcfa5678f7c
2022-06-16T00:03:40+00:00 NOTICE abandoned_cart.success :: email: melylop0725@gmail.com :: checkout_url: https://naturalconexion.com/checkout/?mc_cart_id=766576c8b9f8ce90782dedcfa5678f7c
2022-06-16T00:07:03+00:00 NOTICE action_scheduler.queue_job :: MailChimp_WooCommerce_Cart_Update queued :: obj_id 766576c8b9f8ce90782dedcfa5678f7c
2022-06-16T00:07:06+00:00 NOTICE abandoned_cart.success :: email: melylop0725@gmail.com :: checkout_url: https://naturalconexion.com/checkout/?mc_cart_id=766576c8b9f8ce90782dedcfa5678f7c
2022-06-16T00:08:59+00:00 NOTICE action_scheduler.queue_job :: MailChimp_WooCommerce_Cart_Update queued :: obj_id 766576c8b9f8ce90782dedcfa5678f7c
2022-06-16T00:09:47+00:00 NOTICE abandoned_cart.success :: email: melylop0725@gmail.com :: checkout_url: https://naturalconexion.com/checkout/?mc_cart_id=766576c8b9f8ce90782dedcfa5678f7c
2022-06-16T00:13:12+00:00 NOTICE action_scheduler.queue_job :: MailChimp_WooCommerce_Cart_Update queued :: obj_id 110f327f835e2fd580c188bec54d199c
2022-06-16T00:13:40+00:00 NOTICE abandoned_cart.success :: email: jstephany861@gmail.com :: checkout_url: https://naturalconexion.com/checkout/?mc_cart_id=110f327f835e2fd580c188bec54d199c
2022-06-16T00:13:40+00:00 NOTICE cart.member.updated :: Updated jstephany861@gmail.com subscriber status to transactional and language to es
2022-06-16T00:14:51+00:00 NOTICE action_scheduler.queue_job :: MailChimp_WooCommerce_Single_Order starts in 90 seconds :: obj_id 20663
2022-06-16T00:16:32+00:00 NOTICE debug :: Order ID 20663 was pending and is now processing :: Array
(
    [new_order] => 1
    [tracking] => Array
        (
            [campaign_id] => 
            [landing_site] => https://naturalconexion.com/?wc-api=wc_addi_gateway
        )

)

2022-06-16T00:20:47+00:00 NOTICE order.member.updated :: Updated jstephany861@gmail.com subscriber status to transactional and language to es
2022-06-16T00:20:47+00:00 NOTICE order_submit.success :: addStoreOrder :: #20663 :: email: jstephany861@gmail.com :: landing site https://naturalconexion.com/ :: abandoned cart deleted [110f327f835e2fd580c188bec54d199c]
2022-06-16T01:12:26+00:00 NOTICE action_scheduler.queue_job :: MailChimp_WooCommerce_SingleCoupon queued :: obj_id 20664
2022-06-16T01:12:28+00:00 NOTICE promo_code_submit.success :: #20664 :: code: fr8fghsl
2022-06-16T02:22:33+00:00 NOTICE action_scheduler.queue_job :: MailChimp_WooCommerce_Single_Product starts in 5 seconds :: obj_id 16855
2022-06-16T02:22:43+00:00 NOTICE action_scheduler.queue_job :: MailChimp_WooCommerce_Single_Product starts in 5 seconds :: obj_id 16340
2022-06-16T02:22:53+00:00 NOTICE action_scheduler.queue_job :: MailChimp_WooCommerce_Single_Product starts in 5 seconds :: obj_id 16036
2022-06-16T02:23:06+00:00 NOTICE product_submit.success :: updateStoreProduct :: #16855
2022-06-16T02:23:07+00:00 NOTICE product_submit.success :: updateStoreProduct :: #16340
2022-06-16T02:23:07+00:00 NOTICE product_submit.success :: updateStoreProduct :: #16036
2022-06-16T02:23:15+00:00 NOTICE action_scheduler.queue_job :: MailChimp_WooCommerce_Single_Product starts in 5 seconds :: obj_id 16033
2022-06-16T02:23:27+00:00 NOTICE action_scheduler.queue_job :: MailChimp_WooCommerce_Single_Product starts in 5 seconds :: obj_id 15567
2022-06-16T02:23:38+00:00 NOTICE product_submit.success :: updateStoreProduct :: #16033
2022-06-16T02:23:38+00:00 NOTICE product_submit.success :: updateStoreProduct :: #15567
2022-06-16T02:23:39+00:00 NOTICE action_scheduler.queue_job :: MailChimp_WooCommerce_Single_Product starts in 5 seconds :: obj_id 15495
2022-06-16T02:23:53+00:00 NOTICE action_scheduler.queue_job :: MailChimp_WooCommerce_Single_Product starts in 5 seconds :: obj_id 14953
2022-06-16T02:24:11+00:00 NOTICE action_scheduler.queue_job :: MailChimp_WooCommerce_Single_Product starts in 5 seconds :: obj_id 7680
2022-06-16T02:24:14+00:00 NOTICE product_submit.success :: updateStoreProduct :: #15495
2022-06-16T02:24:14+00:00 NOTICE product_submit.success :: updateStoreProduct :: #14953
2022-06-16T02:24:16+00:00 NOTICE product_submit.success :: updateStoreProduct :: #7680
2022-06-16T02:24:27+00:00 NOTICE action_scheduler.queue_job :: MailChimp_WooCommerce_Single_Product starts in 5 seconds :: obj_id 7618
2022-06-16T02:24:38+00:00 NOTICE product_submit.success :: updateStoreProduct :: #7618
2022-06-16T02:24:40+00:00 NOTICE action_scheduler.queue_job :: MailChimp_WooCommerce_Single_Product starts in 5 seconds :: obj_id 7611
2022-06-16T02:24:55+00:00 NOTICE action_scheduler.queue_job :: MailChimp_WooCommerce_Single_Product starts in 5 seconds :: obj_id 7612
2022-06-16T02:25:14+00:00 NOTICE action_scheduler.queue_job :: MailChimp_WooCommerce_Single_Product starts in 5 seconds :: obj_id 7606
2022-06-16T02:25:25+00:00 NOTICE product_submit.success :: updateStoreProduct :: #7611
2022-06-16T02:25:27+00:00 NOTICE product_submit.success :: updateStoreProduct :: #7612
2022-06-16T02:25:28+00:00 NOTICE product_submit.success :: updateStoreProduct :: #7606
2022-06-16T02:25:32+00:00 NOTICE action_scheduler.queue_job :: MailChimp_WooCommerce_Single_Product starts in 5 seconds :: obj_id 7566
2022-06-16T02:25:47+00:00 NOTICE action_scheduler.queue_job :: MailChimp_WooCommerce_Single_Product starts in 5 seconds :: obj_id 7516
2022-06-16T02:26:01+00:00 NOTICE action_scheduler.queue_job :: MailChimp_WooCommerce_Single_Product starts in 5 seconds :: obj_id 7514
2022-06-16T02:26:19+00:00 NOTICE action_scheduler.queue_job :: MailChimp_WooCommerce_Single_Product starts in 5 seconds :: obj_id 7513
2022-06-16T02:26:22+00:00 NOTICE product_submit.success :: updateStoreProduct :: #7566
2022-06-16T02:26:22+00:00 NOTICE product_submit.success :: updateStoreProduct :: #7516
2022-06-16T02:26:23+00:00 NOTICE product_submit.success :: updateStoreProduct :: #7514
2022-06-16T02:26:31+00:00 NOTICE action_scheduler.queue_job :: MailChimp_WooCommerce_Single_Product starts in 5 seconds :: obj_id 7477
2022-06-16T02:26:32+00:00 NOTICE product_submit.success :: updateStoreProduct :: #7513
2022-06-16T02:26:49+00:00 NOTICE action_scheduler.queue_job :: MailChimp_WooCommerce_Single_Product starts in 5 seconds :: obj_id 7479
2022-06-16T02:27:03+00:00 NOTICE action_scheduler.queue_job :: MailChimp_WooCommerce_Single_Product starts in 5 seconds :: obj_id 7502
2022-06-16T02:27:14+00:00 NOTICE action_scheduler.queue_job :: MailChimp_WooCommerce_Single_Product starts in 5 seconds :: obj_id 7480
2022-06-16T02:27:27+00:00 NOTICE product_submit.success :: updateStoreProduct :: #7477
2022-06-16T02:27:28+00:00 NOTICE product_submit.success :: updateStoreProduct :: #7479
2022-06-16T02:27:28+00:00 NOTICE product_submit.success :: updateStoreProduct :: #7502
2022-06-16T02:27:28+00:00 NOTICE product_submit.success :: updateStoreProduct :: #7480
2022-06-16T02:28:34+00:00 NOTICE action_scheduler.queue_job :: MailChimp_WooCommerce_Single_Product starts in 5 seconds :: obj_id 7470
2022-06-16T02:28:45+00:00 NOTICE product_submit.success :: updateStoreProduct :: #7470
2022-06-16T02:29:03+00:00 NOTICE action_scheduler.queue_job :: MailChimp_WooCommerce_Single_Product starts in 5 seconds :: obj_id 7499
2022-06-16T02:29:18+00:00 NOTICE action_scheduler.queue_job :: MailChimp_WooCommerce_Single_Product starts in 5 seconds :: obj_id 7430
2022-06-16T02:29:31+00:00 NOTICE product_submit.success :: updateStoreProduct :: #7499
2022-06-16T02:29:31+00:00 NOTICE product_submit.success :: updateStoreProduct :: #7430
2022-06-16T02:31:52+00:00 NOTICE action_scheduler.queue_job :: MailChimp_WooCommerce_Single_Product starts in 5 seconds :: obj_id 20023
2022-06-16T02:32:05+00:00 NOTICE product_submit.success :: updateStoreProduct :: #20023
2022-06-16T02:32:49+00:00 NOTICE action_scheduler.queue_job :: MailChimp_WooCommerce_Single_Product starts in 5 seconds :: obj_id 16340
2022-06-16T02:33:11+00:00 NOTICE product_submit.success :: updateStoreProduct :: #16340
2022-06-16T02:33:19+00:00 NOTICE action_scheduler.queue_job :: MailChimp_WooCommerce_Single_Product starts in 5 seconds :: obj_id 7575
2022-06-16T02:33:32+00:00 NOTICE product_submit.success :: updateStoreProduct :: #7575
2022-06-16T02:34:47+00:00 NOTICE action_scheduler.queue_job :: MailChimp_WooCommerce_Single_Product starts in 5 seconds :: obj_id 7566
2022-06-16T02:35:36+00:00 NOTICE product_submit.success :: updateStoreProduct :: #7566
2022-06-16T02:36:02+00:00 NOTICE action_scheduler.queue_job :: MailChimp_WooCommerce_Single_Product starts in 5 seconds :: obj_id 19912
2022-06-16T02:36:32+00:00 NOTICE product_submit.success :: updateStoreProduct :: #19912
2022-06-16T02:38:05+00:00 NOTICE action_scheduler.queue_job :: MailChimp_WooCommerce_Single_Product starts in 5 seconds :: obj_id 7674
2022-06-16T02:38:32+00:00 NOTICE product_submit.success :: updateStoreProduct :: #7674
2022-06-16T02:41:41+00:00 NOTICE action_scheduler.queue_job :: MailChimp_WooCommerce_Single_Product starts in 5 seconds :: obj_id 7654
2022-06-16T02:41:53+00:00 NOTICE product_submit.success :: updateStoreProduct :: #7654
2022-06-16T02:43:07+00:00 NOTICE action_scheduler.queue_job :: MailChimp_WooCommerce_Single_Product starts in 5 seconds :: obj_id 7669
2022-06-16T02:43:33+00:00 NOTICE product_submit.success :: updateStoreProduct :: #7669
2022-06-16T04:42:30+00:00 NOTICE action_scheduler.queue_job :: MailChimp_WooCommerce_SingleCoupon queued :: obj_id 20669
2022-06-16T04:42:32+00:00 NOTICE promo_code_submit.success :: #20669 :: code: 1v063t90
2022-06-16T05:37:24+00:00 NOTICE action_scheduler.queue_job :: MailChimp_WooCommerce_SingleCoupon queued :: obj_id 20670
2022-06-16T05:37:33+00:00 NOTICE promo_code_submit.success :: #20670 :: code: mjmmjewb
2022-06-16T08:10:21+00:00 NOTICE action_scheduler.queue_job :: MailChimp_WooCommerce_SingleCoupon queued :: obj_id 20671
2022-06-16T08:10:30+00:00 NOTICE promo_code_submit.success :: #20671 :: code: vc8arqnc
2022-06-16T12:14:08+00:00 NOTICE action_scheduler.queue_job :: MailChimp_WooCommerce_Single_Product starts in 5 seconds :: obj_id 7575
2022-06-16T12:14:30+00:00 NOTICE product_submit.success :: updateStoreProduct :: #7575
2022-06-16T12:19:02+00:00 NOTICE action_scheduler.queue_job :: MailChimp_WooCommerce_Single_Product starts in 5 seconds :: obj_id 20023
2022-06-16T12:19:18+00:00 NOTICE product_submit.success :: updateStoreProduct :: #20023
2022-06-16T12:19:37+00:00 NOTICE action_scheduler.queue_job :: MailChimp_WooCommerce_Single_Product starts in 5 seconds :: obj_id 19912
2022-06-16T12:19:39+00:00 NOTICE action_scheduler.queue_job :: MailChimp_WooCommerce_Cart_Update queued :: obj_id 2de83a0c5408aa995111f18faf5b38ae
2022-06-16T12:19:44+00:00 NOTICE abandoned_cart.success :: email: yenileal2014@hotmail.com :: checkout_url: https://naturalconexion.com/checkout/?mc_cart_id=2de83a0c5408aa995111f18faf5b38ae
2022-06-16T12:19:45+00:00 NOTICE cart.member.updated :: Updated yenileal2014@hotmail.com subscriber status to subscribed and language to es
2022-06-16T12:19:45+00:00 NOTICE product_submit.success :: updateStoreProduct :: #19912
2022-06-16T12:20:08+00:00 NOTICE action_scheduler.queue_job :: MailChimp_WooCommerce_Single_Order starts in 90 seconds :: obj_id 20673
2022-06-16T12:22:37+00:00 NOTICE order_sumbit :: #20673 has a financial status of pending and was skipped.
2022-06-16T12:25:59+00:00 NOTICE action_scheduler.queue_job :: MailChimp_WooCommerce_Single_Product starts in 5 seconds :: obj_id 11827
2022-06-16T12:26:34+00:00 NOTICE product_submit.success :: updateStoreProduct :: #11827
2022-06-16T12:27:35+00:00 NOTICE action_scheduler.queue_job :: MailChimp_WooCommerce_Single_Product starts in 5 seconds :: obj_id 7674
2022-06-16T12:27:49+00:00 NOTICE action_scheduler.queue_job :: MailChimp_WooCommerce_Single_Product starts in 5 seconds :: obj_id 7669
2022-06-16T12:27:49+00:00 NOTICE product_submit.success :: updateStoreProduct :: #7674
2022-06-16T12:27:57+00:00 NOTICE product_submit.success :: updateStoreProduct :: #7669
2022-06-16T12:28:14+00:00 NOTICE action_scheduler.queue_job :: MailChimp_WooCommerce_Single_Product starts in 5 seconds :: obj_id 7654
2022-06-16T12:28:37+00:00 NOTICE product_submit.success :: updateStoreProduct :: #7654
2022-06-16T12:30:09+00:00 NOTICE action_scheduler.queue_job :: MailChimp_WooCommerce_Single_Product starts in 5 seconds :: obj_id 11829
2022-06-16T12:30:33+00:00 NOTICE product_submit.success :: updateStoreProduct :: #11829
2022-06-16T12:36:45+00:00 NOTICE action_scheduler.queue_job :: MailChimp_WooCommerce_Single_Product starts in 5 seconds :: obj_id 20258
2022-06-16T12:37:39+00:00 NOTICE product_submit.success :: updateStoreProduct :: #20258
2022-06-16T12:50:23+00:00 NOTICE action_scheduler.queue_job :: MailChimp_WooCommerce_SingleCoupon queued :: obj_id 18953
2022-06-16T12:50:33+00:00 NOTICE promo_code_submit.success :: #18953 :: code: 10%primeracompra
2022-06-16T12:51:43+00:00 NOTICE action_scheduler.queue_job :: MailChimp_WooCommerce_SingleCoupon queued :: obj_id 20191
2022-06-16T12:52:15+00:00 NOTICE promo_code_submit.success :: #20191 :: code: primeracompra10%
2022-06-16T13:07:31+00:00 NOTICE action_scheduler.queue_job :: MailChimp_WooCommerce_Cart_Update queued :: obj_id 5bdc4c8901e53a6b422dd2b1df258211
2022-06-16T13:08:30+00:00 NOTICE abandoned_cart.success :: email: anpavidu@gmail.com :: checkout_url: https://naturalconexion.com/checkout/?mc_cart_id=5bdc4c8901e53a6b422dd2b1df258211
2022-06-16T13:08:31+00:00 NOTICE cart.member.updated :: Updated anpavidu@gmail.com subscriber status to subscribed and language to es
2022-06-16T13:13:24+00:00 NOTICE action_scheduler.queue_job :: MailChimp_WooCommerce_Cart_Update queued :: obj_id 5bdc4c8901e53a6b422dd2b1df258211
2022-06-16T13:13:47+00:00 NOTICE abandoned_cart.success :: email: anpavidu@gmail.com :: checkout_url: https://naturalconexion.com/checkout/?mc_cart_id=5bdc4c8901e53a6b422dd2b1df258211
2022-06-16T13:14:08+00:00 NOTICE action_scheduler.queue_job :: MailChimp_WooCommerce_Cart_Update queued :: obj_id 5bdc4c8901e53a6b422dd2b1df258211
2022-06-16T13:14:11+00:00 NOTICE abandoned_cart.success :: email: anpavidu@gmail.com :: checkout_url: https://naturalconexion.com/checkout/?mc_cart_id=5bdc4c8901e53a6b422dd2b1df258211
2022-06-16T13:17:26+00:00 NOTICE action_scheduler.queue_job :: MailChimp_WooCommerce_Single_Order starts in 90 seconds :: obj_id 20647
2022-06-16T13:17:38+00:00 NOTICE debug :: Order ID 20647 was processing and is now completed :: Array
(
    [new_order] => 
    [tracking] => 
)

2022-06-16T13:17:39+00:00 NOTICE action_scheduler.queue_job :: MailChimp_WooCommerce_Single_Order starts in 90 seconds :: obj_id 20650
2022-06-16T13:17:46+00:00 NOTICE debug :: Order ID 20650 was processing and is now completed :: Array
(
    [new_order] => 
    [tracking] => 
)

2022-06-16T13:17:47+00:00 NOTICE action_scheduler.queue_job :: MailChimp_WooCommerce_Single_Order starts in 90 seconds :: obj_id 20657
2022-06-16T13:17:49+00:00 NOTICE action_scheduler.queue_job :: MailChimp_WooCommerce_Cart_Update queued :: obj_id 1028d8822695622f29b5b7750dfbdbc3
2022-06-16T13:17:52+00:00 NOTICE debug :: Order ID 20657 was processing and is now completed :: Array
(
    [new_order] => 
    [tracking] => 
)

2022-06-16T13:17:54+00:00 NOTICE action_scheduler.queue_job :: MailChimp_WooCommerce_Single_Order starts in 90 seconds :: obj_id 20662
2022-06-16T13:18:51+00:00 NOTICE abandoned_cart.success :: email: julianamunera@outlook.com :: checkout_url: https://naturalconexion.com/checkout/?mc_cart_id=1028d8822695622f29b5b7750dfbdbc3
2022-06-16T13:18:52+00:00 NOTICE cart.member.updated :: Updated julianamunera@outlook.com subscriber status to subscribed and language to es
2022-06-16T13:19:18+00:00 NOTICE action_scheduler.queue_job :: MailChimp_WooCommerce_Single_Order starts in 90 seconds :: obj_id 20663
2022-06-16T13:19:28+00:00 NOTICE debug :: Order ID 20663 was processing and is now completed :: Array
(
    [new_order] => 
    [tracking] => 
)

2022-06-16T13:19:33+00:00 NOTICE order.member.updated :: Updated Lissethmargarita18@gmail.com subscriber status to subscribed and language to 
2022-06-16T13:19:33+00:00 NOTICE order_submit.success :: updateStoreOrder :: #20647 :: email: Lissethmargarita18@gmail.com
2022-06-16T13:19:38+00:00 NOTICE action_scheduler.queue_job :: MailChimp_WooCommerce_Single_Order starts in 90 seconds :: obj_id 20678
2022-06-16T13:19:45+00:00 NOTICE order.member.updated :: Updated estefa96422@hotmail.com subscriber status to subscribed and language to 
2022-06-16T13:19:45+00:00 NOTICE order_submit.success :: updateStoreOrder :: #20650 :: email: estefa96422@hotmail.com
2022-06-16T13:19:51+00:00 NOTICE order.member.updated :: Updated ango.brangus1@gmail.com subscriber status to subscribed and language to 
2022-06-16T13:19:51+00:00 NOTICE order_submit.success :: updateStoreOrder :: #20657 :: email: ango.brangus1@gmail.com
2022-06-16T13:20:22+00:00 NOTICE order.member.updated :: Updated rosa1994dhn@hotmail.com subscriber status to subscribed and language to 
2022-06-16T13:20:22+00:00 NOTICE order_submit.success :: updateStoreOrder :: #20662 :: email: rosa1994dhn@hotmail.com
2022-06-16T13:21:21+00:00 NOTICE order.member.updated :: Updated jstephany861@gmail.com subscriber status to transactional and language to 
2022-06-16T13:21:21+00:00 NOTICE order_submit.success :: updateStoreOrder :: #20663 :: email: jstephany861@gmail.com
2022-06-16T13:21:29+00:00 NOTICE order_sumbit :: #20678 has a financial status of pending and was skipped.
2022-06-16T13:21:55+00:00 NOTICE action_scheduler.queue_job :: MailChimp_WooCommerce_Cart_Update queued :: obj_id 5bdc4c8901e53a6b422dd2b1df258211
2022-06-16T13:22:42+00:00 NOTICE abandoned_cart.success :: email: anpavidu@gmail.com :: checkout_url: https://naturalconexion.com/checkout/?mc_cart_id=5bdc4c8901e53a6b422dd2b1df258211
2022-06-16T13:24:18+00:00 NOTICE action_scheduler.queue_job :: MailChimp_WooCommerce_Single_Order starts in 90 seconds :: obj_id 20678
2022-06-16T13:24:24+00:00 NOTICE debug :: Order ID 20678 was pending and is now processing :: Array
(
    [new_order] => 1
    [tracking] => Array
        (
            [campaign_id] => 
            [landing_site] => https://naturalconexion.com/wp-content/plugins/woocommerce-payu-latam/confirmation.php
        )

)

2022-06-16T13:26:05+00:00 NOTICE order.member.updated :: Updated julianamunera@outlook.com subscriber status to subscribed and language to 
2022-06-16T13:26:05+00:00 NOTICE order_submit.success :: addStoreOrder :: #20678 :: email: julianamunera@outlook.com :: landing site https://naturalconexion.com/wp-content/plugins/woocommerce-payu-latam/confirmation.php :: abandoned cart deleted [1028d8822695622f29b5b7750dfbdbc3]
2022-06-16T13:28:05+00:00 NOTICE action_scheduler.queue_job :: MailChimp_WooCommerce_Cart_Update queued :: obj_id 5bdc4c8901e53a6b422dd2b1df258211
2022-06-16T13:28:16+00:00 NOTICE abandoned_cart.success :: email: anpavidu@gmail.com :: checkout_url: https://naturalconexion.com/checkout/?mc_cart_id=5bdc4c8901e53a6b422dd2b1df258211
2022-06-16T13:39:15+00:00 NOTICE action_scheduler.queue_job :: MailChimp_WooCommerce_Cart_Update queued :: obj_id 7682e52c9421ce0ca62874513fa42b19
2022-06-16T13:39:33+00:00 NOTICE abandoned_cart.success :: email: ingekarenosorio@gmail.com :: checkout_url: https://naturalconexion.com/checkout/?mc_cart_id=7682e52c9421ce0ca62874513fa42b19
2022-06-16T13:39:33+00:00 NOTICE cart.member.updated :: Updated ingekarenosorio@gmail.com subscriber status to transactional and language to es
2022-06-16T13:39:54+00:00 NOTICE action_scheduler.queue_job :: MailChimp_WooCommerce_Single_Order starts in 90 seconds :: obj_id 20679
2022-06-16T13:42:14+00:00 NOTICE order_sumbit :: #20679 has a financial status of pending and was skipped.
2022-06-16T13:49:17+00:00 NOTICE action_scheduler.queue_job :: MailChimp_WooCommerce_Single_Order starts in 90 seconds :: obj_id 20679
2022-06-16T13:49:30+00:00 NOTICE debug :: Order ID 20679 was pending and is now processing :: Array
(
    [new_order] => 1
    [tracking] => Array
        (
            [campaign_id] => 
            [landing_site] => https://naturalconexion.com/wp-content/plugins/woocommerce-payu-latam/confirmation.php
        )

)

2022-06-16T13:50:32+00:00 NOTICE action_scheduler.queue_job :: MailChimp_WooCommerce_Cart_Update queued :: obj_id 2f20cca3c515bb458547c2c8fd6f1509
2022-06-16T13:50:35+00:00 NOTICE abandoned_cart.success :: email: luzangelacaicedo1@gmail.com :: checkout_url: https://naturalconexion.com/checkout/?mc_cart_id=2f20cca3c515bb458547c2c8fd6f1509
2022-06-16T13:50:36+00:00 NOTICE cart.member.updated :: Updated luzangelacaicedo1@gmail.com subscriber status to subscribed and language to es
2022-06-16T13:52:18+00:00 NOTICE order.member.updated :: Updated ingekarenosorio@gmail.com subscriber status to transactional and language to 
2022-06-16T13:52:18+00:00 NOTICE order_submit.success :: addStoreOrder :: #20679 :: email: ingekarenosorio@gmail.com :: landing site https://naturalconexion.com/wp-content/plugins/woocommerce-payu-latam/confirmation.php :: abandoned cart deleted [7682e52c9421ce0ca62874513fa42b19]
2022-06-16T13:54:36+00:00 NOTICE action_scheduler.queue_job :: MailChimp_WooCommerce_Cart_Update queued :: obj_id 2f20cca3c515bb458547c2c8fd6f1509
2022-06-16T13:55:32+00:00 NOTICE abandoned_cart.success :: email: luzangelacaicedo1@gmail.com :: checkout_url: https://naturalconexion.com/checkout/?mc_cart_id=2f20cca3c515bb458547c2c8fd6f1509
2022-06-16T13:56:00+00:00 NOTICE action_scheduler.queue_job :: MailChimp_WooCommerce_Cart_Update queued :: obj_id 2f20cca3c515bb458547c2c8fd6f1509
2022-06-16T13:56:39+00:00 NOTICE abandoned_cart.success :: email: luzangelacaicedo1@gmail.com :: checkout_url: https://naturalconexion.com/checkout/?mc_cart_id=2f20cca3c515bb458547c2c8fd6f1509
2022-06-16T13:57:24+00:00 NOTICE action_scheduler.queue_job :: MailChimp_WooCommerce_Cart_Update queued :: obj_id 2f20cca3c515bb458547c2c8fd6f1509
2022-06-16T13:57:44+00:00 NOTICE abandoned_cart.success :: email: luzangelacaicedo1@gmail.com :: checkout_url: https://naturalconexion.com/checkout/?mc_cart_id=2f20cca3c515bb458547c2c8fd6f1509
2022-06-16T13:59:43+00:00 NOTICE action_scheduler.queue_job :: MailChimp_WooCommerce_Single_Order starts in 90 seconds :: obj_id 20680
2022-06-16T14:00:46+00:00 NOTICE action_scheduler.queue_job :: MailChimp_WooCommerce_Single_Order starts in 90 seconds :: obj_id 20673
2022-06-16T14:00:46+00:00 NOTICE debug :: Order ID 20673 was pending and is now cancelled :: Array
(
    [new_order] => 
    [tracking] => 
)

2022-06-16T14:01:20+00:00 NOTICE order_sumbit :: #20680 has a financial status of pending and was skipped.
2022-06-16T14:02:21+00:00 NOTICE order_sumbit :: #20673 has a financial status of cancelled and was skipped.
2022-06-16T14:03:57+00:00 NOTICE action_scheduler.queue_job :: MailChimp_WooCommerce_Single_Order starts in 90 seconds :: obj_id 20680
2022-06-16T14:03:59+00:00 NOTICE debug :: Order ID 20680 was pending and is now processing :: Array
(
    [new_order] => 1
    [tracking] => Array
        (
            [campaign_id] => 
            [landing_site] => https://naturalconexion.com/wp-content/plugins/woocommerce-payu-latam/confirmation.php
        )

)

2022-06-16T14:05:36+00:00 NOTICE order.member.updated :: Updated salovc96@gmail.com subscriber status to transactional and language to 
2022-06-16T14:05:36+00:00 NOTICE order_submit.success :: addStoreOrder :: #20680 :: email: salovc96@gmail.com :: landing site https://naturalconexion.com/wp-content/plugins/woocommerce-payu-latam/confirmation.php
2022-06-16T14:07:32+00:00 NOTICE action_scheduler.queue_job :: MailChimp_WooCommerce_Cart_Update queued :: obj_id 466aae99871b2d0a245b62b7ffc9fb27
2022-06-16T14:07:35+00:00 NOTICE abandoned_cart.success :: email: lau.b.garcia.v@gmail.com :: checkout_url: https://naturalconexion.com/checkout/?mc_cart_id=466aae99871b2d0a245b62b7ffc9fb27
2022-06-16T14:07:36+00:00 NOTICE cart.member.updated :: Updated lau.b.garcia.v@gmail.com subscriber status to transactional and language to es
2022-06-16T14:07:36+00:00 NOTICE action_scheduler.queue_job :: MailChimp_WooCommerce_Cart_Update queued :: obj_id 466aae99871b2d0a245b62b7ffc9fb27
2022-06-16T14:07:46+00:00 NOTICE action_scheduler.queue_job :: MailChimp_WooCommerce_Single_Order starts in 90 seconds :: obj_id 20681
2022-06-16T14:07:49+00:00 NOTICE abandoned_cart.success :: email: lau.b.garcia.v@gmail.com :: checkout_url: https://naturalconexion.com/checkout/?mc_cart_id=466aae99871b2d0a245b62b7ffc9fb27
2022-06-16T14:08:37+00:00 NOTICE action_scheduler.queue_job :: MailChimp_WooCommerce_Cart_Update queued :: obj_id 62173842e2a49bb06fb9d7659da72bdc
2022-06-16T14:08:38+00:00 NOTICE abandoned_cart.success :: email: nicolascardonarodriguez01@gmail.com :: checkout_url: https://naturalconexion.com/checkout/?mc_cart_id=62173842e2a49bb06fb9d7659da72bdc
2022-06-16T14:08:39+00:00 NOTICE cart.member.updated :: Updated nicolascardonarodriguez01@gmail.com subscriber status to subscribed and language to es
2022-06-16T14:08:45+00:00 NOTICE action_scheduler.queue_job :: MailChimp_WooCommerce_Cart_Update queued :: obj_id 62173842e2a49bb06fb9d7659da72bdc
2022-06-16T14:08:51+00:00 NOTICE abandoned_cart.success :: email: nicolascardonarodriguez01@gmail.com :: checkout_url: https://naturalconexion.com/checkout/?mc_cart_id=62173842e2a49bb06fb9d7659da72bdc
2022-06-16T14:09:42+00:00 NOTICE order_sumbit :: #20681 has a financial status of pending and was skipped.
2022-06-16T14:10:57+00:00 NOTICE action_scheduler.queue_job :: MailChimp_WooCommerce_Single_Order starts in 90 seconds :: obj_id 20681
2022-06-16T14:11:12+00:00 NOTICE debug :: Order ID 20681 was pending and is now processing :: Array
(
    [new_order] => 1
    [tracking] => Array
        (
            [campaign_id] => 
            [landing_site] => https://naturalconexion.com/wp-content/plugins/woocommerce-payu-latam/confirmation.php
        )

)

2022-06-16T14:12:26+00:00 NOTICE action_scheduler.queue_job :: MailChimp_WooCommerce_Cart_Update queued :: obj_id f4bb2c54702b95a26483871aec4c3a19
2022-06-16T14:12:35+00:00 NOTICE action_scheduler.queue_job :: MailChimp_WooCommerce_Cart_Update queued :: obj_id 93b92460d3cedccd86e717b8217096d0
2022-06-16T14:12:47+00:00 NOTICE abandoned_cart.success :: email: monica.hincapie@outlook.com :: checkout_url: https://naturalconexion.com/checkout/?mc_cart_id=f4bb2c54702b95a26483871aec4c3a19
2022-06-16T14:12:48+00:00 NOTICE cart.member.updated :: Updated monica.hincapie@outlook.com subscriber status to subscribed and language to es
2022-06-16T14:12:59+00:00 NOTICE order.member.updated :: Updated lau.b.garcia.v@gmail.com subscriber status to transactional and language to 
2022-06-16T14:12:59+00:00 NOTICE order_submit.success :: addStoreOrder :: #20681 :: email: lau.b.garcia.v@gmail.com :: landing site https://naturalconexion.com/wp-content/plugins/woocommerce-payu-latam/confirmation.php :: abandoned cart deleted [466aae99871b2d0a245b62b7ffc9fb27]
2022-06-16T14:13:00+00:00 NOTICE abandoned_cart.success :: email: mhonnyka.hincapie@gmail.com :: checkout_url: https://naturalconexion.com/checkout/?mc_cart_id=93b92460d3cedccd86e717b8217096d0
2022-06-16T14:13:01+00:00 NOTICE cart.member.updated :: Updated mhonnyka.hincapie@gmail.com subscriber status to subscribed and language to es
2022-06-16T14:16:50+00:00 NOTICE action_scheduler.queue_job :: MailChimp_WooCommerce_Cart_Update queued :: obj_id 62173842e2a49bb06fb9d7659da72bdc
2022-06-16T14:17:25+00:00 NOTICE action_scheduler.queue_job :: MailChimp_WooCommerce_Cart_Update queued :: obj_id 72175d149920b159dfe64fdad2bda32f
2022-06-16T14:17:33+00:00 NOTICE abandoned_cart.success :: email: nicolascardonarodriguez01@gmail.com :: checkout_url: https://naturalconexion.com/checkout/?mc_cart_id=62173842e2a49bb06fb9d7659da72bdc
2022-06-16T14:17:33+00:00 NOTICE abandoned_cart.success :: email: carobm1995@gmail.com :: checkout_url: https://naturalconexion.com/checkout/?mc_cart_id=72175d149920b159dfe64fdad2bda32f
2022-06-16T14:17:34+00:00 NOTICE cart.member.updated :: Updated carobm1995@gmail.com subscriber status to transactional and language to es
2022-06-16T14:20:13+00:00 NOTICE action_scheduler.queue_job :: MailChimp_WooCommerce_Single_Order starts in 90 seconds :: obj_id 20682
2022-06-16T14:21:58+00:00 NOTICE order_sumbit :: #20682 has a financial status of pending and was skipped.
2022-06-16T14:24:49+00:00 NOTICE action_scheduler.queue_job :: MailChimp_WooCommerce_Single_Order starts in 90 seconds :: obj_id 20682
2022-06-16T14:24:53+00:00 NOTICE debug :: Order ID 20682 was pending and is now processing :: Array
(
    [new_order] => 1
    [tracking] => Array
        (
            [campaign_id] => 
            [landing_site] => https://naturalconexion.com/wp-content/plugins/woocommerce-payu-latam/confirmation.php
        )

)

2022-06-16T14:26:34+00:00 NOTICE order.member.updated :: Updated carobm1995@gmail.com subscriber status to transactional and language to 
2022-06-16T14:26:34+00:00 NOTICE order_submit.success :: addStoreOrder :: #20682 :: email: carobm1995@gmail.com :: landing site https://naturalconexion.com/wp-content/plugins/woocommerce-payu-latam/confirmation.php :: abandoned cart deleted [72175d149920b159dfe64fdad2bda32f]
2022-06-16T14:27:50+00:00 NOTICE action_scheduler.queue_job :: MailChimp_WooCommerce_Cart_Update queued :: obj_id bc1a10fccd6e46e744a5b4d64939f0cc
2022-06-16T14:28:24+00:00 NOTICE abandoned_cart.success :: email: adrisa-2007@hotmail.com :: checkout_url: https://naturalconexion.com/checkout/?mc_cart_id=bc1a10fccd6e46e744a5b4d64939f0cc
2022-06-16T14:28:25+00:00 NOTICE cart.member.updated :: Updated adrisa-2007@hotmail.com subscriber status to transactional and language to es
2022-06-16T14:30:02+00:00 NOTICE action_scheduler.queue_job :: MailChimp_WooCommerce_Cart_Update queued :: obj_id 5bdc4c8901e53a6b422dd2b1df258211
2022-06-16T14:30:40+00:00 NOTICE abandoned_cart.success :: email: anpavidu@gmail.com :: checkout_url: https://naturalconexion.com/checkout/?mc_cart_id=5bdc4c8901e53a6b422dd2b1df258211
2022-06-16T14:30:41+00:00 NOTICE cart.member.updated :: Updated anpavidu@gmail.com subscriber status to subscribed and language to es
2022-06-16T14:31:01+00:00 NOTICE action_scheduler.queue_job :: MailChimp_WooCommerce_Cart_Update queued :: obj_id 5bdc4c8901e53a6b422dd2b1df258211
2022-06-16T14:31:39+00:00 NOTICE abandoned_cart.success :: email: anpavidu@gmail.com :: checkout_url: https://naturalconexion.com/checkout/?mc_cart_id=5bdc4c8901e53a6b422dd2b1df258211
2022-06-16T14:34:05+00:00 NOTICE action_scheduler.queue_job :: MailChimp_WooCommerce_Cart_Update queued :: obj_id bc1a10fccd6e46e744a5b4d64939f0cc
2022-06-16T14:34:16+00:00 NOTICE abandoned_cart.success :: email: adrisa-2007@hotmail.com :: checkout_url: https://naturalconexion.com/checkout/?mc_cart_id=bc1a10fccd6e46e744a5b4d64939f0cc
2022-06-16T14:37:09+00:00 NOTICE action_scheduler.queue_job :: MailChimp_WooCommerce_Single_Order starts in 90 seconds :: obj_id 20683
2022-06-16T14:39:33+00:00 NOTICE order_sumbit :: #20683 has a financial status of pending and was skipped.
2022-06-16T14:45:59+00:00 NOTICE action_scheduler.queue_job :: MailChimp_WooCommerce_Single_Product starts in 5 seconds :: obj_id 16042
2022-06-16T14:46:20+00:00 NOTICE product_submit.success :: updateStoreProduct :: #16042
2022-06-16T14:48:11+00:00 NOTICE action_scheduler.queue_job :: MailChimp_WooCommerce_Single_Product starts in 5 seconds :: obj_id 11549
2022-06-16T14:48:32+00:00 NOTICE product_submit.success :: updateStoreProduct :: #11549
2022-06-16T14:53:05+00:00 NOTICE action_scheduler.queue_job :: MailChimp_WooCommerce_Single_Product starts in 5 seconds :: obj_id 18696
2022-06-16T14:53:33+00:00 NOTICE product_submit.success :: updateStoreProduct :: #18696
2022-06-16T14:57:44+00:00 NOTICE action_scheduler.queue_job :: MailChimp_WooCommerce_Cart_Update queued :: obj_id 03f8d96fc81f091e49abdf9d86e718af
2022-06-16T14:59:04+00:00 NOTICE abandoned_cart.success :: email: yeskar1803@gmail.com :: checkout_url: https://naturalconexion.com/checkout/?mc_cart_id=03f8d96fc81f091e49abdf9d86e718af
2022-06-16T14:59:05+00:00 NOTICE cart.member.updated :: Updated yeskar1803@gmail.com subscriber status to transactional and language to es
2022-06-16T15:12:10+00:00 NOTICE action_scheduler.queue_job :: MailChimp_WooCommerce_SingleCoupon queued :: obj_id 20684
2022-06-16T15:12:36+00:00 NOTICE promo_code_submit.success :: #20684 :: code: wk6d6qxl
2022-06-16T15:18:14+00:00 NOTICE action_scheduler.queue_job :: MailChimp_WooCommerce_Cart_Update queued :: obj_id 93b92460d3cedccd86e717b8217096d0
2022-06-16T15:18:32+00:00 NOTICE abandoned_cart.success :: email: mhonnyka.hincapie@gmail.com :: checkout_url: https://naturalconexion.com/checkout/?mc_cart_id=93b92460d3cedccd86e717b8217096d0
2022-06-16T15:18:32+00:00 NOTICE cart.member.updated :: Updated mhonnyka.hincapie@gmail.com subscriber status to subscribed and language to es
2022-06-16T15:21:09+00:00 NOTICE action_scheduler.queue_job :: MailChimp_WooCommerce_Cart_Update queued :: obj_id 93b92460d3cedccd86e717b8217096d0
2022-06-16T15:21:16+00:00 NOTICE abandoned_cart.success :: email: mhonnyka.hincapie@gmail.com :: checkout_url: https://naturalconexion.com/checkout/?mc_cart_id=93b92460d3cedccd86e717b8217096d0
2022-06-16T15:22:27+00:00 NOTICE action_scheduler.queue_job :: MailChimp_WooCommerce_Cart_Update queued :: obj_id 93b92460d3cedccd86e717b8217096d0
2022-06-16T15:22:31+00:00 NOTICE abandoned_cart.success :: email: mhonnyka.hincapie@gmail.com :: checkout_url: https://naturalconexion.com/checkout/?mc_cart_id=93b92460d3cedccd86e717b8217096d0
2022-06-16T15:23:05+00:00 NOTICE action_scheduler.queue_job :: MailChimp_WooCommerce_Cart_Update queued :: obj_id 93b92460d3cedccd86e717b8217096d0
2022-06-16T15:23:28+00:00 NOTICE abandoned_cart.success :: email: mhonnyka.hincapie@gmail.com :: checkout_url: https://naturalconexion.com/checkout/?mc_cart_id=93b92460d3cedccd86e717b8217096d0
2022-06-16T15:23:46+00:00 NOTICE action_scheduler.queue_job :: MailChimp_WooCommerce_Single_Product starts in 5 seconds :: obj_id 7499
2022-06-16T15:24:34+00:00 NOTICE product_submit.success :: updateStoreProduct :: #7499
2022-06-16T15:24:37+00:00 NOTICE action_scheduler.queue_job :: MailChimp_WooCommerce_Cart_Update queued :: obj_id 93b92460d3cedccd86e717b8217096d0
2022-06-16T15:24:39+00:00 NOTICE abandoned_cart.success :: email: mhonnyka.hincapie@gmail.com :: checkout_url: https://naturalconexion.com/checkout/?mc_cart_id=93b92460d3cedccd86e717b8217096d0
2022-06-16T15:24:58+00:00 NOTICE action_scheduler.queue_job :: MailChimp_WooCommerce_Cart_Update queued :: obj_id 93b92460d3cedccd86e717b8217096d0
2022-06-16T15:25:36+00:00 NOTICE abandoned_cart.success :: email: mhonnyka.hincapie@gmail.com :: checkout_url: https://naturalconexion.com/checkout/?mc_cart_id=93b92460d3cedccd86e717b8217096d0
2022-06-16T15:28:07+00:00 NOTICE action_scheduler.queue_job :: MailChimp_WooCommerce_Cart_Update queued :: obj_id 93b92460d3cedccd86e717b8217096d0
2022-06-16T15:28:38+00:00 NOTICE abandoned_cart.success :: email: mhonnyka.hincapie@gmail.com :: checkout_url: https://naturalconexion.com/checkout/?mc_cart_id=93b92460d3cedccd86e717b8217096d0
2022-06-16T15:55:20+00:00 NOTICE action_scheduler.queue_job :: MailChimp_WooCommerce_Cart_Update queued :: obj_id 03f8d96fc81f091e49abdf9d86e718af
2022-06-16T15:55:40+00:00 NOTICE abandoned_cart.success :: email: yeskar1803@gmail.com :: checkout_url: https://naturalconexion.com/checkout/?mc_cart_id=03f8d96fc81f091e49abdf9d86e718af
2022-06-16T15:55:47+00:00 NOTICE action_scheduler.queue_job :: MailChimp_WooCommerce_Single_Order starts in 90 seconds :: obj_id 20686
2022-06-16T15:57:50+00:00 NOTICE order_sumbit :: #20686 has a financial status of pending and was skipped.
2022-06-16T16:02:07+00:00 NOTICE action_scheduler.queue_job :: MailChimp_WooCommerce_Single_Order starts in 90 seconds :: obj_id 20683
2022-06-16T16:02:07+00:00 NOTICE debug :: Order ID 20683 was pending and is now cancelled :: Array
(
    [new_order] => 
    [tracking] => 
)

2022-06-16T16:03:52+00:00 NOTICE order_sumbit :: #20683 has a financial status of cancelled and was skipped.
2022-06-16T16:20:18+00:00 NOTICE action_scheduler.queue_job :: MailChimp_WooCommerce_Cart_Update queued :: obj_id 2b893285cb1271a34f10a3ef53a435b0
2022-06-16T16:20:36+00:00 NOTICE abandoned_cart.success :: email: luadmuah@hotmail.com :: checkout_url: https://naturalconexion.com/checkout/?mc_cart_id=2b893285cb1271a34f10a3ef53a435b0
2022-06-16T16:20:37+00:00 NOTICE cart.member.updated :: Updated luadmuah@hotmail.com subscriber status to subscribed and language to es
2022-06-16T16:23:15+00:00 NOTICE action_scheduler.queue_job :: MailChimp_WooCommerce_Cart_Update queued :: obj_id 2b893285cb1271a34f10a3ef53a435b0
2022-06-16T16:23:45+00:00 NOTICE abandoned_cart.success :: email: luadmuah@hotmail.com :: checkout_url: https://naturalconexion.com/checkout/?mc_cart_id=2b893285cb1271a34f10a3ef53a435b0
2022-06-16T16:24:47+00:00 NOTICE action_scheduler.queue_job :: MailChimp_WooCommerce_Cart_Update queued :: obj_id 5d62c30bb0f706f3713de6daaa58556c
2022-06-16T16:25:33+00:00 NOTICE abandoned_cart.success :: email: amurcia817@gmail.com :: checkout_url: https://naturalconexion.com/checkout/?mc_cart_id=5d62c30bb0f706f3713de6daaa58556c
2022-06-16T16:25:34+00:00 NOTICE cart.member.updated :: Updated amurcia817@gmail.com subscriber status to subscribed and language to es
2022-06-16T16:29:07+00:00 NOTICE action_scheduler.queue_job :: MailChimp_WooCommerce_Single_Order starts in 90 seconds :: obj_id 20687
2022-06-16T16:30:57+00:00 NOTICE debug :: Order ID 20687 was pending and is now processing :: Array
(
    [new_order] => 1
    [tracking] => Array
        (
            [campaign_id] => 
            [landing_site] => https://naturalconexion.com/wp-content/plugins/woocommerce-payu-latam/confirmation.php
        )

)

2022-06-16T16:30:57+00:00 NOTICE action_scheduler.queue_job :: MailChimp_WooCommerce_User_Submit queued :: obj_id 2225
2022-06-16T16:31:05+00:00 NOTICE member.sync :: Updated Member amurcia817@gmail.com ( merge fields only ) :: Array
(
    [merge_fields] => Array
        (
            [FNAME] => PAULA ANDREA
            [LNAME] => MURCIA GALINDO
        )

)

2022-06-16T16:31:13+00:00 NOTICE action_scheduler.queue_job :: MailChimp_WooCommerce_SingleCoupon queued :: obj_id 20688
2022-06-16T16:31:26+00:00 NOTICE action_scheduler.queue_job :: MailChimp_WooCommerce_Cart_Update queued :: obj_id d57c301bfe562842c6abbcf07f48c1d4
2022-06-16T16:31:39+00:00 NOTICE promo_code_submit.success :: #20688 :: code: jq42zp5h
2022-06-16T16:31:39+00:00 NOTICE abandoned_cart.success :: email: crogelis@gmail.com :: checkout_url: https://naturalconexion.com/checkout/?mc_cart_id=d57c301bfe562842c6abbcf07f48c1d4
2022-06-16T16:31:40+00:00 NOTICE cart.member.updated :: Updated crogelis@gmail.com subscriber status to subscribed and language to es
2022-06-16T16:31:47+00:00 NOTICE action_scheduler.queue_job :: MailChimp_WooCommerce_Single_Order starts in 90 seconds :: obj_id 20689
2022-06-16T16:32:45+00:00 NOTICE order.member.updated :: Updated amurcia817@gmail.com subscriber status to subscribed and language to es
2022-06-16T16:32:45+00:00 NOTICE order_submit.success :: addStoreOrder :: #20687 :: email: amurcia817@gmail.com :: landing site https://naturalconexion.com/ :: abandoned cart deleted [5d62c30bb0f706f3713de6daaa58556c]
2022-06-16T16:33:38+00:00 NOTICE debug :: Order ID 20689 was pending and is now processing :: Array
(
    [new_order] => 1
    [tracking] => Array
        (
            [campaign_id] => 
            [landing_site] => https://naturalconexion.com/wp-content/plugins/woocommerce-payu-latam/confirmation.php
        )

)

2022-06-16T16:35:22+00:00 NOTICE order.member.updated :: Updated crogelis@gmail.com subscriber status to subscribed and language to es
2022-06-16T16:35:22+00:00 NOTICE order_submit.success :: addStoreOrder :: #20689 :: email: crogelis@gmail.com :: landing site https://naturalconexion.com/venta-flash-junio/?utm_source=sms&utm_medium=sms&utm_campaign=sms :: abandoned cart deleted [d57c301bfe562842c6abbcf07f48c1d4]
2022-06-16T16:54:33+00:00 NOTICE action_scheduler.queue_job :: MailChimp_WooCommerce_Cart_Update queued :: obj_id a0412b01ef0844a929397186a640c619
2022-06-16T16:54:56+00:00 NOTICE abandoned_cart.success :: email: diovanar@hotmail.com :: checkout_url: https://naturalconexion.com/checkout/?mc_cart_id=a0412b01ef0844a929397186a640c619
2022-06-16T16:54:56+00:00 NOTICE cart.member.updated :: Updated diovanar@hotmail.com subscriber status to subscribed and language to es
2022-06-16T16:57:33+00:00 NOTICE action_scheduler.queue_job :: MailChimp_WooCommerce_Single_Order starts in 90 seconds :: obj_id 20686
2022-06-16T16:57:36+00:00 NOTICE debug :: Order ID 20686 was pending and is now processing :: Array
(
    [new_order] => 1
    [tracking] => Array
        (
            [campaign_id] => 
            [landing_site] => https://naturalconexion.com/wp-content/plugins/woocommerce-payu-latam/confirmation.php
        )

)

2022-06-16T16:59:19+00:00 NOTICE order.member.updated :: Updated yeskar1803@gmail.com subscriber status to subscribed and language to 
2022-06-16T16:59:19+00:00 NOTICE order_submit.success :: addStoreOrder :: #20686 :: email: yeskar1803@gmail.com :: landing site https://naturalconexion.com/wp-content/plugins/woocommerce-payu-latam/confirmation.php :: abandoned cart deleted [03f8d96fc81f091e49abdf9d86e718af]
2022-06-16T17:02:56+00:00 NOTICE action_scheduler.queue_job :: MailChimp_WooCommerce_Cart_Update queued :: obj_id a0412b01ef0844a929397186a640c619
2022-06-16T17:03:55+00:00 NOTICE abandoned_cart.success :: email: diovanar@hotmail.com :: checkout_url: https://naturalconexion.com/checkout/?mc_cart_id=a0412b01ef0844a929397186a640c619
2022-06-16T17:06:10+00:00 NOTICE action_scheduler.queue_job :: MailChimp_WooCommerce_Single_Order starts in 90 seconds :: obj_id 20690
2022-06-16T17:07:55+00:00 NOTICE order_sumbit :: #20690 has a financial status of pending and was skipped.
2022-06-16T17:13:16+00:00 NOTICE action_scheduler.queue_job :: MailChimp_WooCommerce_Cart_Update queued :: obj_id bf7e53cd13c2994f3522baea98b600a0
2022-06-16T17:13:21+00:00 NOTICE abandoned_cart.success :: email: amegil22@hotmail.com :: checkout_url: https://naturalconexion.com/checkout/?mc_cart_id=bf7e53cd13c2994f3522baea98b600a0
2022-06-16T17:13:21+00:00 NOTICE cart.member.updated :: Updated amegil22@hotmail.com subscriber status to subscribed and language to es
2022-06-16T17:16:05+00:00 NOTICE action_scheduler.queue_job :: MailChimp_WooCommerce_User_Submit queued :: obj_id 1951
2022-06-16T17:16:08+00:00 NOTICE member.sync :: Updated Member importacioneshector@hotmail.com ( merge fields only ) :: Array
(
    [merge_fields] => Array
        (
            [FNAME] => Hector
            [LNAME] => Ocampo
        )

)

2022-06-16T17:18:22+00:00 NOTICE action_scheduler.queue_job :: MailChimp_WooCommerce_Cart_Update queued :: obj_id bf7e53cd13c2994f3522baea98b600a0
2022-06-16T17:18:36+00:00 NOTICE abandoned_cart.success :: email: amegil22@hotmail.com :: checkout_url: https://naturalconexion.com/checkout/?mc_cart_id=bf7e53cd13c2994f3522baea98b600a0
2022-06-16T17:22:00+00:00 NOTICE action_scheduler.queue_job :: MailChimp_WooCommerce_Cart_Update queued :: obj_id bc1a10fccd6e46e744a5b4d64939f0cc
2022-06-16T17:22:17+00:00 NOTICE abandoned_cart.success :: email: adrisa-2007@hotmail.com :: checkout_url: https://naturalconexion.com/checkout/?mc_cart_id=bc1a10fccd6e46e744a5b4d64939f0cc
2022-06-16T17:22:17+00:00 NOTICE cart.member.updated :: Updated adrisa-2007@hotmail.com subscriber status to transactional and language to es
2022-06-16T17:22:19+00:00 NOTICE action_scheduler.queue_job :: MailChimp_WooCommerce_Cart_Update queued :: obj_id bc1a10fccd6e46e744a5b4d64939f0cc
2022-06-16T17:22:58+00:00 NOTICE abandoned_cart.success :: email: adrisa-2007@hotmail.com :: checkout_url: https://naturalconexion.com/checkout/?mc_cart_id=bc1a10fccd6e46e744a5b4d64939f0cc
2022-06-16T17:23:57+00:00 NOTICE action_scheduler.queue_job :: MailChimp_WooCommerce_Cart_Update queued :: obj_id bc1a10fccd6e46e744a5b4d64939f0cc
2022-06-16T17:23:59+00:00 NOTICE abandoned_cart.success :: email: adrisa-2007@hotmail.com :: checkout_url: https://naturalconexion.com/checkout/?mc_cart_id=bc1a10fccd6e46e744a5b4d64939f0cc
2022-06-16T17:24:04+00:00 NOTICE action_scheduler.queue_job :: MailChimp_WooCommerce_Cart_Update queued :: obj_id bc1a10fccd6e46e744a5b4d64939f0cc
2022-06-16T17:24:59+00:00 NOTICE abandoned_cart.success :: email: adrisa-2007@hotmail.com :: checkout_url: https://naturalconexion.com/checkout/?mc_cart_id=bc1a10fccd6e46e744a5b4d64939f0cc
2022-06-16T17:25:17+00:00 NOTICE action_scheduler.queue_job :: MailChimp_WooCommerce_SingleCoupon queued :: obj_id 20691
2022-06-16T17:25:17+00:00 NOTICE action_scheduler.queue_job :: MailChimp_WooCommerce_SingleCoupon queued :: obj_id 20692
2022-06-16T17:25:23+00:00 NOTICE action_scheduler.queue_job :: MailChimp_WooCommerce_Cart_Update queued :: obj_id bc1a10fccd6e46e744a5b4d64939f0cc
2022-06-16T17:25:54+00:00 NOTICE promo_code_submit.success :: #20691 :: code: kv23hk2o
2022-06-16T17:25:54+00:00 NOTICE promo_code_submit.success :: #20692 :: code: q54m6nhp
2022-06-16T17:25:55+00:00 NOTICE abandoned_cart.success :: email: adrisa-2007@hotmail.com :: checkout_url: https://naturalconexion.com/checkout/?mc_cart_id=bc1a10fccd6e46e744a5b4d64939f0cc
2022-06-16T17:26:23+00:00 NOTICE action_scheduler.queue_job :: MailChimp_WooCommerce_Cart_Update queued :: obj_id bc1a10fccd6e46e744a5b4d64939f0cc
2022-06-16T17:26:56+00:00 NOTICE abandoned_cart.success :: email: adrisa-2007@hotmail.com :: checkout_url: https://naturalconexion.com/checkout/?mc_cart_id=bc1a10fccd6e46e744a5b4d64939f0cc
2022-06-16T17:27:13+00:00 NOTICE action_scheduler.queue_job :: MailChimp_WooCommerce_Cart_Update queued :: obj_id bc1a10fccd6e46e744a5b4d64939f0cc
2022-06-16T17:27:25+00:00 NOTICE abandoned_cart.success :: email: adrisa-2007@hotmail.com :: checkout_url: https://naturalconexion.com/checkout/?mc_cart_id=bc1a10fccd6e46e744a5b4d64939f0cc
2022-06-16T17:27:26+00:00 NOTICE action_scheduler.queue_job :: MailChimp_WooCommerce_Cart_Update queued :: obj_id bc1a10fccd6e46e744a5b4d64939f0cc
2022-06-16T17:27:32+00:00 NOTICE abandoned_cart.success :: email: adrisa-2007@hotmail.com :: checkout_url: https://naturalconexion.com/checkout/?mc_cart_id=bc1a10fccd6e46e744a5b4d64939f0cc
2022-06-16T17:29:07+00:00 NOTICE action_scheduler.queue_job :: MailChimp_WooCommerce_Single_Order starts in 90 seconds :: obj_id 20693
2022-06-16T17:31:03+00:00 NOTICE order_sumbit :: #20693 has a financial status of pending and was skipped.
2022-06-16T17:32:49+00:00 NOTICE action_scheduler.queue_job :: MailChimp_WooCommerce_Single_Order starts in 90 seconds :: obj_id 20693
2022-06-16T17:32:52+00:00 NOTICE debug :: Order ID 20693 was pending and is now processing :: Array
(
    [new_order] => 1
    [tracking] => Array
        (
            [campaign_id] => 
            [landing_site] => https://naturalconexion.com/wp-content/plugins/woocommerce-payu-latam/confirmation.php
        )

)

2022-06-16T17:35:06+00:00 NOTICE order.member.updated :: Updated adrisa-2007@hotmail.com subscriber status to subscribed and language to 
2022-06-16T17:35:06+00:00 NOTICE order_submit.success :: addStoreOrder :: #20693 :: email: adrisa-2007@hotmail.com :: landing site https://naturalconexion.com/wp-content/plugins/woocommerce-payu-latam/confirmation.php :: abandoned cart deleted [bc1a10fccd6e46e744a5b4d64939f0cc]
2022-06-16T17:40:07+00:00 NOTICE action_scheduler.queue_job :: MailChimp_WooCommerce_Cart_Update queued :: obj_id 0221a5f4a9e67dd42dd8832bc39e7b68
2022-06-16T17:40:21+00:00 NOTICE abandoned_cart.success :: email: importacioneshector@hotmail.com :: checkout_url: https://naturalconexion.com/checkout/?mc_cart_id=0221a5f4a9e67dd42dd8832bc39e7b68
2022-06-16T17:40:21+00:00 NOTICE cart.member.updated :: Updated importacioneshector@hotmail.com subscriber status to subscribed and language to es
2022-06-16T17:40:23+00:00 NOTICE action_scheduler.queue_job :: MailChimp_WooCommerce_Cart_Update queued :: obj_id 0221a5f4a9e67dd42dd8832bc39e7b68
2022-06-16T17:40:30+00:00 NOTICE abandoned_cart.success :: email: importacioneshector@hotmail.com :: checkout_url: https://naturalconexion.com/checkout/?mc_cart_id=0221a5f4a9e67dd42dd8832bc39e7b68
2022-06-16T17:40:32+00:00 NOTICE action_scheduler.queue_job :: MailChimp_WooCommerce_Cart_Update queued :: obj_id 0221a5f4a9e67dd42dd8832bc39e7b68
2022-06-16T17:40:42+00:00 NOTICE action_scheduler.queue_job :: MailChimp_WooCommerce_User_Submit queued :: obj_id 2226
2022-06-16T17:40:45+00:00 NOTICE abandoned_cart.success :: email: importacioneshector@hotmail.com :: checkout_url: https://naturalconexion.com/checkout/?mc_cart_id=0221a5f4a9e67dd42dd8832bc39e7b68
2022-06-16T17:40:46+00:00 NOTICE member.sync :: Subscribed Member estefarodri@hotmail.com :: Array
(
    [status_if_new] => 1
    [merge_fields] => Array
        (
        )

)

2022-06-16T17:41:57+00:00 NOTICE action_scheduler.queue_job :: MailChimp_WooCommerce_Cart_Update queued :: obj_id 0221a5f4a9e67dd42dd8832bc39e7b68
2022-06-16T17:42:09+00:00 NOTICE abandoned_cart.success :: email: importacioneshector@hotmail.com :: checkout_url: https://naturalconexion.com/checkout/?mc_cart_id=0221a5f4a9e67dd42dd8832bc39e7b68
2022-06-16T17:44:29+00:00 NOTICE action_scheduler.queue_job :: MailChimp_WooCommerce_User_Submit queued :: obj_id 2226
2022-06-16T17:44:52+00:00 NOTICE member.sync :: Updated Member estefarodri@hotmail.com ( merge fields only ) :: Array
(
    [merge_fields] => Array
        (
            [FNAME] => Estefania
            [LNAME] => Pino Rodriguez
        )

)

2022-06-16T17:45:17+00:00 NOTICE action_scheduler.queue_job :: MailChimp_WooCommerce_User_Submit queued :: obj_id 2226
2022-06-16T17:45:55+00:00 NOTICE member.sync :: Updated Member estefarodri@hotmail.com ( merge fields only ) :: Array
(
    [merge_fields] => Array
        (
            [FNAME] => Estefania
            [LNAME] => Pino Rodriguez
        )

)

2022-06-16T17:47:57+00:00 NOTICE action_scheduler.queue_job :: MailChimp_WooCommerce_User_Submit queued :: obj_id 2226
2022-06-16T17:48:06+00:00 NOTICE member.sync :: Updated Member estefarodri@hotmail.com ( merge fields only ) :: Array
(
    [merge_fields] => Array
        (
            [FNAME] => Estefania
            [LNAME] => Pino Rodriguez
        )

)

2022-06-16T17:50:05+00:00 NOTICE action_scheduler.queue_job :: MailChimp_WooCommerce_Cart_Update queued :: obj_id b0a52cfcbd19c2d00ce3ce5ae67b2ba8
2022-06-16T17:50:06+00:00 NOTICE abandoned_cart.success :: email: estefarodri@hotmail.com :: checkout_url: https://naturalconexion.com/checkout/?mc_cart_id=b0a52cfcbd19c2d00ce3ce5ae67b2ba8
2022-06-16T17:50:07+00:00 NOTICE cart.member.updated :: Updated estefarodri@hotmail.com subscriber status to subscribed and language to es
2022-06-16T17:50:36+00:00 NOTICE action_scheduler.queue_job :: MailChimp_WooCommerce_Cart_Update queued :: obj_id b0a52cfcbd19c2d00ce3ce5ae67b2ba8
2022-06-16T17:50:55+00:00 NOTICE abandoned_cart.success :: email: estefarodri@hotmail.com :: checkout_url: https://naturalconexion.com/checkout/?mc_cart_id=b0a52cfcbd19c2d00ce3ce5ae67b2ba8
2022-06-16T18:01:31+00:00 NOTICE action_scheduler.queue_job :: MailChimp_WooCommerce_Cart_Update queued :: obj_id b0a52cfcbd19c2d00ce3ce5ae67b2ba8
2022-06-16T18:01:41+00:00 NOTICE abandoned_cart.success :: email: estefarodri@hotmail.com :: checkout_url: https://naturalconexion.com/checkout/?mc_cart_id=b0a52cfcbd19c2d00ce3ce5ae67b2ba8
2022-06-16T18:10:13+00:00 NOTICE action_scheduler.queue_job :: MailChimp_WooCommerce_Cart_Update queued :: obj_id 2f20cca3c515bb458547c2c8fd6f1509
2022-06-16T18:11:01+00:00 NOTICE abandoned_cart.success :: email: luzangelacaicedo1@gmail.com :: checkout_url: https://naturalconexion.com/checkout/?mc_cart_id=2f20cca3c515bb458547c2c8fd6f1509
2022-06-16T18:11:01+00:00 NOTICE cart.member.updated :: Updated luzangelacaicedo1@gmail.com subscriber status to subscribed and language to es
2022-06-16T18:13:22+00:00 NOTICE action_scheduler.queue_job :: MailChimp_WooCommerce_Cart_Update queued :: obj_id 2f20cca3c515bb458547c2c8fd6f1509
2022-06-16T18:13:36+00:00 NOTICE abandoned_cart.success :: email: luzangelacaicedo1@gmail.com :: checkout_url: https://naturalconexion.com/checkout/?mc_cart_id=2f20cca3c515bb458547c2c8fd6f1509
2022-06-16T18:32:39+00:00 NOTICE action_scheduler.queue_job :: MailChimp_WooCommerce_Cart_Update queued :: obj_id b0a52cfcbd19c2d00ce3ce5ae67b2ba8
2022-06-16T18:32:50+00:00 NOTICE abandoned_cart.success :: email: estefarodri@hotmail.com :: checkout_url: https://naturalconexion.com/checkout/?mc_cart_id=b0a52cfcbd19c2d00ce3ce5ae67b2ba8
2022-06-16T18:35:38+00:00 NOTICE action_scheduler.queue_job :: MailChimp_WooCommerce_Cart_Update queued :: obj_id 7aeba84da204d2947713a1028d616712
2022-06-16T18:35:58+00:00 NOTICE abandoned_cart.success :: email: fliasanchezgomez@hotmail.com :: checkout_url: https://naturalconexion.com/checkout/?mc_cart_id=7aeba84da204d2947713a1028d616712
2022-06-16T18:35:58+00:00 NOTICE cart.member.updated :: Updated fliasanchezgomez@hotmail.com subscriber status to transactional and language to es
2022-06-16T18:36:31+00:00 NOTICE action_scheduler.queue_job :: MailChimp_WooCommerce_Cart_Update queued :: obj_id 7aeba84da204d2947713a1028d616712
2022-06-16T18:36:57+00:00 NOTICE abandoned_cart.success :: email: fliasanchezgomez@hotmail.com :: checkout_url: https://naturalconexion.com/checkout/?mc_cart_id=7aeba84da204d2947713a1028d616712
2022-06-16T18:37:11+00:00 NOTICE action_scheduler.queue_job :: MailChimp_WooCommerce_Cart_Update queued :: obj_id 7aeba84da204d2947713a1028d616712
2022-06-16T18:37:22+00:00 NOTICE abandoned_cart.success :: email: fliasanchezgomez@hotmail.com :: checkout_url: https://naturalconexion.com/checkout/?mc_cart_id=7aeba84da204d2947713a1028d616712
2022-06-16T18:38:47+00:00 NOTICE ac.cart_swap :: Deleted cart [fliasanchezgomez@hotmail.com] :: ID [7aeba84da204d2947713a1028d616712]
2022-06-16T18:38:47+00:00 NOTICE action_scheduler.queue_job :: MailChimp_WooCommerce_Cart_Update queued :: obj_id b4c51ab80aa79d609639f74165ee53b5
2022-06-16T18:38:55+00:00 NOTICE abandoned_cart.success :: email: fliasanchezgomes@hotmail.com :: checkout_url: https://naturalconexion.com/checkout/?mc_cart_id=b4c51ab80aa79d609639f74165ee53b5
2022-06-16T18:38:56+00:00 NOTICE cart.member.updated :: Updated fliasanchezgomes@hotmail.com subscriber status to transactional and language to es
2022-06-16T18:44:07+00:00 NOTICE action_scheduler.queue_job :: MailChimp_WooCommerce_SingleCoupon queued :: obj_id 20695
2022-06-16T18:44:08+00:00 NOTICE action_scheduler.queue_job :: MailChimp_WooCommerce_SingleCoupon queued :: obj_id 20696
2022-06-16T18:44:08+00:00 NOTICE action_scheduler.queue_job :: MailChimp_WooCommerce_SingleCoupon queued :: obj_id 20697
2022-06-16T18:44:09+00:00 NOTICE action_scheduler.queue_job :: MailChimp_WooCommerce_SingleCoupon queued :: obj_id 20698
2022-06-16T18:44:12+00:00 NOTICE promo_code_submit.success :: #20695 :: code: a4o2o85g
2022-06-16T18:44:12+00:00 NOTICE promo_code_submit.success :: #20696 :: code: 9pvz90n9
2022-06-16T18:44:13+00:00 NOTICE promo_code_submit.success :: #20697 :: code: 59itwcyz
2022-06-16T18:44:13+00:00 NOTICE promo_code_submit.success :: #20698 :: code: i5xtrh0k
2022-06-16T18:47:54+00:00 NOTICE action_scheduler.queue_job :: MailChimp_WooCommerce_Cart_Update queued :: obj_id 34cf82af777ff2e050159e8e4bd927cf
2022-06-16T18:47:58+00:00 NOTICE abandoned_cart.success :: email: luisafernanda1d54@hotmail.com :: checkout_url: https://naturalconexion.com/checkout/?mc_cart_id=34cf82af777ff2e050159e8e4bd927cf
2022-06-16T18:47:58+00:00 NOTICE cart.member.updated :: Updated luisafernanda1d54@hotmail.com subscriber status to transactional and language to es
2022-06-16T18:50:36+00:00 NOTICE action_scheduler.queue_job :: MailChimp_WooCommerce_Single_Order starts in 90 seconds :: obj_id 20699
2022-06-16T18:50:40+00:00 NOTICE debug :: Order ID 20699 was pending and is now processing :: Array
(
    [new_order] => 1
    [tracking] => Array
        (
            [campaign_id] => 
            [landing_site] => https://naturalconexion.com/
        )

)

2022-06-16T18:52:28+00:00 NOTICE order.member.updated :: Updated luisafernanda1d54@hotmail.com subscriber status to transactional and language to es
2022-06-16T18:52:28+00:00 NOTICE order_submit.success :: addStoreOrder :: #20699 :: email: luisafernanda1d54@hotmail.com :: landing site https://naturalconexion.com/ :: abandoned cart deleted [34cf82af777ff2e050159e8e4bd927cf]
2022-06-16T18:54:12+00:00 NOTICE action_scheduler.queue_job :: MailChimp_WooCommerce_Cart_Update queued :: obj_id 60f8663d472fe358d16700761ae2abcc
2022-06-16T18:54:27+00:00 NOTICE action_scheduler.queue_job :: MailChimp_WooCommerce_User_Submit queued :: obj_id 2227
2022-06-16T18:54:29+00:00 NOTICE action_scheduler.queue_job :: MailChimp_WooCommerce_Single_Order starts in 90 seconds :: obj_id 20700
2022-06-16T18:54:30+00:00 NOTICE abandoned_cart.success :: email: ivonc1004@hotmail.com :: checkout_url: https://naturalconexion.com/checkout/?mc_cart_id=60f8663d472fe358d16700761ae2abcc
2022-06-16T18:54:30+00:00 NOTICE cart.member.updated :: Updated ivonc1004@hotmail.com subscriber status to subscribed and language to es
2022-06-16T18:54:31+00:00 NOTICE member.sync :: Updated Member ivonc1004@hotmail.com ( merge fields only ) :: Array
(
    [merge_fields] => Array
        (
            [FNAME] => Ivon
            [LNAME] => Cardozo
        )

)

2022-06-16T18:56:30+00:00 NOTICE debug :: Order ID 20700 was pending and is now processing :: Array
(
    [new_order] => 1
    [tracking] => Array
        (
            [campaign_id] => 
            [landing_site] => https://naturalconexion.com/wp-content/plugins/woocommerce-payu-latam/confirmation.php
        )

)

2022-06-16T18:56:30+00:00 NOTICE action_scheduler.queue_job :: MailChimp_WooCommerce_User_Submit queued :: obj_id 2227
2022-06-16T18:56:36+00:00 NOTICE member.sync :: Updated Member ivonc1004@hotmail.com ( merge fields only ) :: Array
(
    [merge_fields] => Array
        (
            [FNAME] => Ivon
            [LNAME] => Cardozo
        )

)

2022-06-16T18:57:53+00:00 NOTICE action_scheduler.queue_job :: MailChimp_WooCommerce_Cart_Update queued :: obj_id 0221a5f4a9e67dd42dd8832bc39e7b68
2022-06-16T18:57:54+00:00 NOTICE abandoned_cart.success :: email: importacioneshector@hotmail.com :: checkout_url: https://naturalconexion.com/checkout/?mc_cart_id=0221a5f4a9e67dd42dd8832bc39e7b68
2022-06-16T18:57:55+00:00 NOTICE cart.member.updated :: Updated importacioneshector@hotmail.com subscriber status to subscribed and language to es
2022-06-16T18:58:43+00:00 NOTICE action_scheduler.queue_job :: MailChimp_WooCommerce_User_Submit queued :: obj_id 1951
2022-06-16T18:58:44+00:00 NOTICE action_scheduler.queue_job :: MailChimp_WooCommerce_Single_Order starts in 90 seconds :: obj_id 20701
2022-06-16T18:58:46+00:00 NOTICE order.member.updated :: Updated ivonc1004@hotmail.com subscriber status to subscribed and language to es
2022-06-16T18:58:46+00:00 NOTICE order_submit.success :: addStoreOrder :: #20700 :: email: ivonc1004@hotmail.com :: landing site https://naturalconexion.com/tienda/?fbclid=PAAaYEBgFlU_rB4u28EvRXzhg-9-6LuuIxWyeVI_Ch4XFlZLu_IWIsdFA6JSM&external_browser_redirect=true :: abandoned cart deleted [60f8663d472fe358d16700761ae2abcc]
2022-06-16T18:58:47+00:00 NOTICE member.sync :: Updated Member importacioneshector@hotmail.com ( merge fields only ) :: Array
(
    [merge_fields] => Array
        (
            [FNAME] => Hector
            [LNAME] => Ocampo
        )

)

2022-06-16T18:59:32+00:00 NOTICE debug :: Order ID 20701 was pending and is now failed :: Array
(
    [new_order] => 
    [tracking] => 
)

2022-06-16T19:01:21+00:00 NOTICE action_scheduler.queue_job :: MailChimp_WooCommerce_Single_Order starts in 90 seconds :: obj_id 20701
2022-06-16T19:01:32+00:00 NOTICE debug :: Order ID 20701 was failed and is now processing :: Array
(
    [new_order] => 
    [tracking] => 
)

2022-06-16T19:01:32+00:00 NOTICE action_scheduler.queue_job :: MailChimp_WooCommerce_User_Submit queued :: obj_id 1951
2022-06-16T19:02:13+00:00 NOTICE debug :: Order ID 20701 was processing and is now failed :: Array
(
    [new_order] => 
    [tracking] => 
)

2022-06-16T19:02:34+00:00 ERROR api.list :: Error al recuperar la lista para la verificacin double_optin
2022-06-16T19:03:04+00:00 ERROR member.sync :: importacioneshector@hotmail.com :: Error Code 500 :: CURL error :: Operation timed out after 30001 milliseconds with 0 bytes received on 1928 in /home/forge/naturalconexion.com/wp-content/plugins/mailchimp-for-woocommerce/includes/api/class-mailchimp-api.php
2022-06-16T19:03:59+00:00 NOTICE action_scheduler.queue_job :: MailChimp_WooCommerce_Single_Order starts in 90 seconds :: obj_id 20690
2022-06-16T19:04:01+00:00 NOTICE debug :: Order ID 20690 was pending and is now cancelled :: Array
(
    [new_order] => 
    [tracking] => 
)

2022-06-16T19:06:10+00:00 NOTICE order_sumbit :: #20690 has a financial status of cancelled and was skipped.
2022-06-16T19:09:21+00:00 NOTICE action_scheduler.queue_job :: MailChimp_WooCommerce_User_Submit queued :: obj_id 2226
2022-06-16T19:09:21+00:00 NOTICE action_scheduler.queue_job :: MailChimp_WooCommerce_Single_Order starts in 90 seconds :: obj_id 20702
2022-06-16T19:09:55+00:00 NOTICE member.sync :: Updated Member estefarodri@hotmail.com ( merge fields only ) :: Array
(
    [merge_fields] => Array
        (
            [FNAME] => Estefania
            [LNAME] => Pino Rodriguez
        )

)

2022-06-16T19:10:47+00:00 NOTICE debug :: Order ID 20702 was pending and is now processing :: Array
(
    [new_order] => 1
    [tracking] => Array
        (
            [campaign_id] => 
            [landing_site] => https://naturalconexion.com/wp-content/plugins/woocommerce-payu-latam/confirmation.php
        )

)

2022-06-16T19:10:47+00:00 NOTICE action_scheduler.queue_job :: MailChimp_WooCommerce_User_Submit queued :: obj_id 2226
2022-06-16T19:10:57+00:00 NOTICE member.sync :: Updated Member estefarodri@hotmail.com ( merge fields only ) :: Array
(
    [merge_fields] => Array
        (
            [FNAME] => Estefania
            [LNAME] => Pino Rodriguez
        )

)

2022-06-16T19:12:21+00:00 NOTICE action_scheduler.queue_job :: MailChimp_WooCommerce_Cart_Update queued :: obj_id 0221a5f4a9e67dd42dd8832bc39e7b68
2022-06-16T19:12:57+00:00 NOTICE order.member.updated :: Updated estefarodri@hotmail.com subscriber status to subscribed and language to es
2022-06-16T19:12:57+00:00 NOTICE order_submit.success :: addStoreOrder :: #20702 :: email: estefarodri@hotmail.com :: landing site https://naturalconexion.com/my-account/facebook/int_callback?error_code=1349205&error_message=Funci%C3%B3n+no+disponible%3A+El+inicio+de+sesi%C3%B3n+con+Facebook+no+est%C3%A1+disponible+actualmente+para+esta+app. :: abandoned cart deleted [b0a52cfcbd19c2d00ce3ce5ae67b2ba8]
2022-06-16T19:12:57+00:00 NOTICE abandoned_cart.success :: email: importacioneshector@hotmail.com :: checkout_url: https://naturalconexion.com/checkout/?mc_cart_id=0221a5f4a9e67dd42dd8832bc39e7b68
2022-06-16T19:20:41+00:00 NOTICE action_scheduler.queue_job :: MailChimp_WooCommerce_Cart_Update queued :: obj_id dc26916bb4a2ded7beb496cc54109ad5
2022-06-16T19:21:14+00:00 NOTICE abandoned_cart.success :: email: araquiba@gmail.com :: checkout_url: https://naturalconexion.com/checkout/?mc_cart_id=dc26916bb4a2ded7beb496cc54109ad5
2022-06-16T19:21:14+00:00 NOTICE cart.member.updated :: Updated araquiba@gmail.com subscriber status to subscribed and language to es
2022-06-16T19:21:33+00:00 NOTICE action_scheduler.queue_job :: MailChimp_WooCommerce_Single_Order starts in 90 seconds :: obj_id 20703
2022-06-16T19:23:06+00:00 NOTICE order_sumbit :: #20703 has a financial status of pending and was skipped.
2022-06-16T19:25:06+00:00 NOTICE action_scheduler.queue_job :: MailChimp_WooCommerce_Single_Product starts in 5 seconds :: obj_id 16340
2022-06-16T19:25:17+00:00 NOTICE product_submit.success :: updateStoreProduct :: #16340
2022-06-16T19:27:03+00:00 NOTICE action_scheduler.queue_job :: MailChimp_WooCommerce_Single_Product starts in 5 seconds :: obj_id 16340
2022-06-16T19:27:33+00:00 NOTICE action_scheduler.queue_job :: MailChimp_WooCommerce_Single_Order starts in 90 seconds :: obj_id 20703
2022-06-16T19:27:37+00:00 NOTICE debug :: Order ID 20703 was pending and is now processing :: Array
(
    [new_order] => 1
    [tracking] => Array
        (
            [campaign_id] => 
            [landing_site] => https://naturalconexion.com/wp-content/plugins/woocommerce-payu-latam/confirmation.php
        )

)

2022-06-16T19:27:57+00:00 NOTICE product_submit.success :: updateStoreProduct :: #16340
2022-06-16T19:29:44+00:00 NOTICE order.member.updated :: Updated araquiba@gmail.com subscriber status to subscribed and language to 
2022-06-16T19:29:44+00:00 NOTICE order_submit.success :: addStoreOrder :: #20703 :: email: araquiba@gmail.com :: landing site https://naturalconexion.com/wp-content/plugins/woocommerce-payu-latam/confirmation.php :: abandoned cart deleted [dc26916bb4a2ded7beb496cc54109ad5]
2022-06-16T20:00:04+00:00 NOTICE action_scheduler.queue_job :: MailChimp_WooCommerce_Cart_Update queued :: obj_id 3b6ec89fc532072c36104f5c862b34dd
2022-06-16T20:00:32+00:00 NOTICE abandoned_cart.success :: email: malari08@hotmail.com :: checkout_url: https://naturalconexion.com/checkout/?mc_cart_id=3b6ec89fc532072c36104f5c862b34dd
2022-06-16T20:00:32+00:00 NOTICE cart.member.updated :: Updated malari08@hotmail.com subscriber status to subscribed and language to es
2022-06-16T20:14:47+00:00 NOTICE action_scheduler.queue_job :: MailChimp_WooCommerce_SingleCoupon queued :: obj_id 20705
2022-06-16T20:16:07+00:00 NOTICE promo_code_submit.success :: #20705 :: code: hmtw0ecw
2022-06-16T20:21:08+00:00 NOTICE action_scheduler.queue_job :: MailChimp_WooCommerce_Cart_Update queued :: obj_id d4a26961483877c54d5e3ee08db7e5e0
2022-06-16T20:22:18+00:00 NOTICE abandoned_cart.success :: email: jeinvilla1411@gmail.com :: checkout_url: https://naturalconexion.com/checkout/?mc_cart_id=d4a26961483877c54d5e3ee08db7e5e0
2022-06-16T20:22:19+00:00 NOTICE cart.member.updated :: Updated jeinvilla1411@gmail.com subscriber status to subscribed and language to es
2022-06-16T20:32:40+00:00 NOTICE action_scheduler.queue_job :: MailChimp_WooCommerce_Cart_Update queued :: obj_id 74ee48a9d084a9c143c3c0a6fcb35d99
2022-06-16T20:33:29+00:00 NOTICE action_scheduler.queue_job :: MailChimp_WooCommerce_Single_Order starts in 90 seconds :: obj_id 20706
2022-06-16T20:33:38+00:00 NOTICE abandoned_cart.success :: email: jescobarf@gmail.com :: checkout_url: https://naturalconexion.com/checkout/?mc_cart_id=74ee48a9d084a9c143c3c0a6fcb35d99
2022-06-16T20:33:39+00:00 NOTICE cart.member.updated :: Updated jescobarf@gmail.com subscriber status to transactional and language to es
2022-06-16T20:34:48+00:00 NOTICE action_scheduler.queue_job :: MailChimp_WooCommerce_Cart_Update queued :: obj_id 91f2ce65481888b62ad85100c12fc961
2022-06-16T20:34:54+00:00 NOTICE debug :: Order ID 20706 was pending and is now failed :: Array
(
    [new_order] => 
    [tracking] => 
)

2022-06-16T20:35:43+00:00 NOTICE action_scheduler.queue_job :: MailChimp_WooCommerce_Cart_Update queued :: obj_id d7411d1363a5ab7fba3aa8edfcf6ab85
2022-06-16T20:35:52+00:00 NOTICE abandoned_cart.success :: email: carlosgutierrez@itm.edu.co :: checkout_url: https://naturalconexion.com/checkout/?mc_cart_id=91f2ce65481888b62ad85100c12fc961
2022-06-16T20:35:52+00:00 NOTICE cart.member.updated :: Updated carlosgutierrez@itm.edu.co subscriber status to transactional and language to es
2022-06-16T20:35:55+00:00 NOTICE abandoned_cart.success :: email: calicheguti@gmail.com :: checkout_url: https://naturalconexion.com/checkout/?mc_cart_id=d7411d1363a5ab7fba3aa8edfcf6ab85
2022-06-16T20:35:56+00:00 NOTICE cart.member.updated :: Updated calicheguti@gmail.com subscriber status to subscribed and language to es
2022-06-16T20:36:56+00:00 NOTICE action_scheduler.queue_job :: MailChimp_WooCommerce_Single_Order starts in 90 seconds :: obj_id 20706
2022-06-16T20:37:09+00:00 NOTICE debug :: Order ID 20706 was failed and is now processing :: Array
(
    [new_order] => 
    [tracking] => 
)

2022-06-16T20:37:45+00:00 NOTICE debug :: Order ID 20706 was processing and is now failed :: Array
(
    [new_order] => 
    [tracking] => 
)

2022-06-16T20:38:20+00:00 NOTICE action_scheduler.queue_job :: MailChimp_WooCommerce_Single_Order starts in 90 seconds :: obj_id 20707
2022-06-16T20:39:53+00:00 NOTICE order_sumbit :: #20707 has a financial status of pending and was skipped.
2022-06-16T20:40:18+00:00 NOTICE action_scheduler.queue_job :: MailChimp_WooCommerce_Single_Order starts in 90 seconds :: obj_id 20707
2022-06-16T20:40:21+00:00 NOTICE debug :: Order ID 20707 was pending and is now processing :: Array
(
    [new_order] => 1
    [tracking] => Array
        (
            [campaign_id] => 
            [landing_site] => https://naturalconexion.com/wp-content/plugins/woocommerce-payu-latam/confirmation.php
        )

)

2022-06-16T20:41:54+00:00 NOTICE order.member.updated :: Updated calicheguti@gmail.com subscriber status to subscribed and language to 
2022-06-16T20:41:54+00:00 NOTICE order_submit.success :: addStoreOrder :: #20707 :: email: calicheguti@gmail.com :: landing site https://naturalconexion.com/wp-content/plugins/woocommerce-payu-latam/confirmation.php :: abandoned cart deleted [d7411d1363a5ab7fba3aa8edfcf6ab85]
2022-06-16T20:42:15+00:00 NOTICE action_scheduler.queue_job :: MailChimp_WooCommerce_SingleCoupon queued :: obj_id 20708
2022-06-16T20:42:21+00:00 NOTICE promo_code_submit.success :: #20708 :: code: up2kwtk1
2022-06-16T20:44:36+00:00 NOTICE action_scheduler.queue_job :: MailChimp_WooCommerce_Cart_Update queued :: obj_id d4a26961483877c54d5e3ee08db7e5e0
2022-06-16T20:44:43+00:00 NOTICE abandoned_cart.success :: email: jeinvilla1411@gmail.com :: checkout_url: https://naturalconexion.com/checkout/?mc_cart_id=d4a26961483877c54d5e3ee08db7e5e0
2022-06-16T20:45:04+00:00 NOTICE action_scheduler.queue_job :: MailChimp_WooCommerce_Single_Order starts in 90 seconds :: obj_id 20709
2022-06-16T20:46:17+00:00 NOTICE action_scheduler.queue_job :: MailChimp_WooCommerce_Cart_Update queued :: obj_id 256eaec1156efc17cea2099f0c4e168e
2022-06-16T20:46:18+00:00 NOTICE debug :: Order ID 20709 was pending and is now failed :: Array
(
    [new_order] => 
    [tracking] => 
)

2022-06-16T20:46:18+00:00 NOTICE abandoned_cart.success :: email: casiopea1504@gmail.com :: checkout_url: https://naturalconexion.com/checkout/?mc_cart_id=256eaec1156efc17cea2099f0c4e168e
2022-06-16T20:46:18+00:00 NOTICE cart.member.updated :: Updated casiopea1504@gmail.com subscriber status to subscribed and language to es
2022-06-16T20:47:10+00:00 NOTICE action_scheduler.queue_job :: MailChimp_WooCommerce_Single_Order starts in 90 seconds :: obj_id 20710
2022-06-16T20:48:21+00:00 NOTICE action_scheduler.queue_job :: MailChimp_WooCommerce_Single_Order starts in 90 seconds :: obj_id 20709
2022-06-16T20:48:28+00:00 NOTICE debug :: Order ID 20709 was failed and is now processing :: Array
(
    [new_order] => 
    [tracking] => 
)

2022-06-16T20:48:59+00:00 NOTICE debug :: Order ID 20709 was processing and is now failed :: Array
(
    [new_order] => 
    [tracking] => 
)

2022-06-16T20:49:18+00:00 NOTICE order_sumbit :: #20710 has a financial status of pending and was skipped.
2022-06-16T20:49:23+00:00 NOTICE action_scheduler.queue_job :: MailChimp_WooCommerce_Single_Order starts in 90 seconds :: obj_id 20710
2022-06-16T20:49:26+00:00 NOTICE debug :: Order ID 20710 was pending and is now processing :: Array
(
    [new_order] => 1
    [tracking] => Array
        (
            [campaign_id] => 
            [landing_site] => https://naturalconexion.com/?wc-api=wc_addi_gateway
        )

)

2022-06-16T20:51:36+00:00 NOTICE order.member.updated :: Updated casiopea1504@gmail.com subscriber status to subscribed and language to 
2022-06-16T20:51:36+00:00 NOTICE order_submit.success :: addStoreOrder :: #20710 :: email: casiopea1504@gmail.com :: landing site https://naturalconexion.com/?wc-api=wc_addi_gateway :: abandoned cart deleted [256eaec1156efc17cea2099f0c4e168e]
2022-06-16T21:01:48+00:00 NOTICE action_scheduler.queue_job :: MailChimp_WooCommerce_SingleCoupon queued :: obj_id 20711
2022-06-16T21:01:51+00:00 NOTICE action_scheduler.queue_job :: MailChimp_WooCommerce_SingleCoupon queued :: obj_id 20712
2022-06-16T21:01:54+00:00 NOTICE promo_code_submit.success :: #20711 :: code: t9f8udl0
2022-06-16T21:01:54+00:00 NOTICE promo_code_submit.success :: #20712 :: code: udzdss0e
2022-06-16T21:08:43+00:00 NOTICE action_scheduler.queue_job :: MailChimp_WooCommerce_Single_Order starts in 90 seconds :: obj_id 20713
2022-06-16T21:10:19+00:00 NOTICE order_sumbit :: #20713 has a financial status of pending and was skipped.
2022-06-16T21:10:42+00:00 NOTICE action_scheduler.queue_job :: MailChimp_WooCommerce_Single_Order starts in 90 seconds :: obj_id 20713
2022-06-16T21:10:44+00:00 NOTICE debug :: Order ID 20713 was pending and is now processing :: Array
(
    [new_order] => 1
    [tracking] => Array
        (
            [campaign_id] => 
            [landing_site] => https://naturalconexion.com/wp-content/plugins/woocommerce-payu-latam/confirmation.php
        )

)

2022-06-16T21:12:22+00:00 NOTICE order.member.updated :: Updated susanacuadrostuberquia@gmail.com subscriber status to subscribed and language to 
2022-06-16T21:12:22+00:00 NOTICE order_submit.success :: addStoreOrder :: #20713 :: email: susanacuadrostuberquia@gmail.com :: landing site https://naturalconexion.com/wp-content/plugins/woocommerce-payu-latam/confirmation.php
2022-06-16T21:19:42+00:00 NOTICE action_scheduler.queue_job :: MailChimp_WooCommerce_Cart_Update queued :: obj_id fe2fba1e712ddbe1f5c2caac240a95d9
2022-06-16T21:19:46+00:00 NOTICE abandoned_cart.success :: email: tizytv@gmail.com :: checkout_url: https://naturalconexion.com/checkout/?mc_cart_id=fe2fba1e712ddbe1f5c2caac240a95d9
2022-06-16T21:19:46+00:00 NOTICE cart.member.updated :: Updated tizytv@gmail.com subscriber status to subscribed and language to es
2022-06-16T21:20:47+00:00 NOTICE action_scheduler.queue_job :: MailChimp_WooCommerce_Single_Order starts in 90 seconds :: obj_id 20714
2022-06-16T21:22:20+00:00 NOTICE order_sumbit :: #20714 has a financial status of pending and was skipped.
2022-06-16T21:22:49+00:00 NOTICE action_scheduler.queue_job :: MailChimp_WooCommerce_Single_Order starts in 90 seconds :: obj_id 20714
2022-06-16T21:22:52+00:00 NOTICE debug :: Order ID 20714 was pending and is now processing :: Array
(
    [new_order] => 1
    [tracking] => Array
        (
            [campaign_id] => 
            [landing_site] => https://naturalconexion.com/wp-content/plugins/woocommerce-payu-latam/confirmation.php
        )

)

2022-06-16T21:24:31+00:00 NOTICE order.member.updated :: Updated tizytv@gmail.com subscriber status to subscribed and language to 
2022-06-16T21:24:31+00:00 NOTICE order_submit.success :: addStoreOrder :: #20714 :: email: tizytv@gmail.com :: landing site https://naturalconexion.com/wp-content/plugins/woocommerce-payu-latam/confirmation.php :: abandoned cart deleted [fe2fba1e712ddbe1f5c2caac240a95d9]
2022-06-16T21:38:19+00:00 NOTICE action_scheduler.queue_job :: MailChimp_WooCommerce_SingleCoupon queued :: obj_id 20715
2022-06-16T21:38:19+00:00 NOTICE action_scheduler.queue_job :: MailChimp_WooCommerce_SingleCoupon queued :: obj_id 20716
2022-06-16T21:38:21+00:00 NOTICE promo_code_submit.success :: #20715 :: code: mnmman01
2022-06-16T21:38:21+00:00 NOTICE promo_code_submit.success :: #20716 :: code: 52g54rzg
2022-06-16T21:56:51+00:00 NOTICE action_scheduler.queue_job :: MailChimp_WooCommerce_Cart_Update queued :: obj_id 029addebac95d81bd420a735e279fc87
2022-06-16T21:57:10+00:00 NOTICE abandoned_cart.success :: email: acleona19@gmail.com :: checkout_url: https://naturalconexion.com/checkout/?mc_cart_id=029addebac95d81bd420a735e279fc87
2022-06-16T21:57:10+00:00 NOTICE cart.member.updated :: Updated acleona19@gmail.com subscriber status to subscribed and language to es
2022-06-16T22:26:36+00:00 NOTICE action_scheduler.queue_job :: MailChimp_WooCommerce_Single_Order starts in 90 seconds :: obj_id 20717
2022-06-16T22:28:21+00:00 NOTICE order_sumbit :: #20717 has a financial status of pending and was skipped.
2022-06-16T22:40:12+00:00 NOTICE action_scheduler.queue_job :: MailChimp_WooCommerce_Cart_Update queued :: obj_id 6e1933c6ee308cdf024e8d5c332875bd
2022-06-16T22:40:27+00:00 NOTICE abandoned_cart.success :: email: alevalle@gmail.com :: checkout_url: https://naturalconexion.com/checkout/?mc_cart_id=6e1933c6ee308cdf024e8d5c332875bd
2022-06-16T22:40:27+00:00 NOTICE cart.member.updated :: Updated alevalle@gmail.com subscriber status to transactional and language to es
2022-06-16T22:40:46+00:00 NOTICE action_scheduler.queue_job :: MailChimp_WooCommerce_Single_Order starts in 90 seconds :: obj_id 20718
2022-06-16T22:42:18+00:00 NOTICE order_sumbit :: #20718 has a financial status of pending and was skipped.
2022-06-16T22:46:13+00:00 NOTICE action_scheduler.queue_job :: MailChimp_WooCommerce_Cart_Update queued :: obj_id 6e1933c6ee308cdf024e8d5c332875bd
2022-06-16T22:46:21+00:00 NOTICE action_scheduler.queue_job :: MailChimp_WooCommerce_Single_Order starts in 90 seconds :: obj_id 20719
2022-06-16T22:46:22+00:00 NOTICE abandoned_cart.success :: email: alevalle@gmail.com :: checkout_url: https://naturalconexion.com/checkout/?mc_cart_id=6e1933c6ee308cdf024e8d5c332875bd
2022-06-16T22:48:04+00:00 NOTICE order_sumbit :: #20719 has a financial status of pending and was skipped.
2022-06-16T22:49:35+00:00 NOTICE action_scheduler.queue_job :: MailChimp_WooCommerce_Single_Order starts in 90 seconds :: obj_id 20719
2022-06-16T22:49:37+00:00 NOTICE debug :: Order ID 20719 was pending and is now processing :: Array
(
    [new_order] => 1
    [tracking] => Array
        (
            [campaign_id] => 
            [landing_site] => https://naturalconexion.com/wp-content/plugins/woocommerce-payu-latam/confirmation.php
        )

)

2022-06-16T22:51:25+00:00 NOTICE order.member.updated :: Updated alevalle@gmail.com subscriber status to transactional and language to 
2022-06-16T22:51:25+00:00 NOTICE order_submit.success :: addStoreOrder :: #20719 :: email: alevalle@gmail.com :: landing site https://naturalconexion.com/wp-content/plugins/woocommerce-payu-latam/confirmation.php :: abandoned cart deleted [6e1933c6ee308cdf024e8d5c332875bd]
2022-06-16T22:57:46+00:00 NOTICE action_scheduler.queue_job :: MailChimp_WooCommerce_Cart_Update queued :: obj_id d9686231ce214b01bc9ed84f1b5cf4e3
2022-06-16T22:57:48+00:00 NOTICE abandoned_cart.success :: email: manuela.pg95@gmail.com :: checkout_url: https://naturalconexion.com/checkout/?mc_cart_id=d9686231ce214b01bc9ed84f1b5cf4e3
2022-06-16T22:57:48+00:00 NOTICE cart.member.updated :: Updated manuela.pg95@gmail.com subscriber status to subscribed and language to es
2022-06-16T22:58:37+00:00 NOTICE action_scheduler.queue_job :: MailChimp_WooCommerce_Single_Order starts in 90 seconds :: obj_id 20720
2022-06-16T23:00:25+00:00 NOTICE order_sumbit :: #20720 has a financial status of pending and was skipped.
2022-06-16T23:15:13+00:00 NOTICE action_scheduler.queue_job :: MailChimp_WooCommerce_Cart_Update queued :: obj_id a0412b01ef0844a929397186a640c619
2022-06-16T23:15:22+00:00 NOTICE abandoned_cart.success :: email: diovanar@hotmail.com :: checkout_url: https://naturalconexion.com/checkout/?mc_cart_id=a0412b01ef0844a929397186a640c619
2022-06-16T23:15:22+00:00 NOTICE cart.member.updated :: Updated diovanar@hotmail.com subscriber status to subscribed and language to es
2022-06-16T23:20:19+00:00 NOTICE action_scheduler.queue_job :: MailChimp_WooCommerce_Cart_Update queued :: obj_id a0412b01ef0844a929397186a640c619
2022-06-16T23:20:21+00:00 NOTICE abandoned_cart.success :: email: diovanar@hotmail.com :: checkout_url: https://naturalconexion.com/checkout/?mc_cart_id=a0412b01ef0844a929397186a640c619
2022-06-16T23:31:07+00:00 NOTICE action_scheduler.queue_job :: MailChimp_WooCommerce_Cart_Update queued :: obj_id 49705ddc8eeba37ab178123e3a1aaaaf
2022-06-16T23:31:19+00:00 NOTICE action_scheduler.queue_job :: MailChimp_WooCommerce_SingleCoupon queued :: obj_id 20721
2022-06-16T23:31:23+00:00 NOTICE abandoned_cart.success :: email: margaritamariacorrales@gmail.com :: checkout_url: https://naturalconexion.com/checkout/?mc_cart_id=49705ddc8eeba37ab178123e3a1aaaaf
2022-06-16T23:31:24+00:00 NOTICE cart.member.updated :: Updated margaritamariacorrales@gmail.com subscriber status to subscribed and language to es
2022-06-16T23:31:50+00:00 NOTICE action_scheduler.queue_job :: MailChimp_WooCommerce_Cart_Update queued :: obj_id 49705ddc8eeba37ab178123e3a1aaaaf
2022-06-16T23:32:09+00:00 NOTICE promo_code_submit.success :: #20721 :: code: cd9dfk9n
2022-06-16T23:32:10+00:00 NOTICE abandoned_cart.success :: email: margaritamariacorrales@gmail.com :: checkout_url: https://naturalconexion.com/checkout/?mc_cart_id=49705ddc8eeba37ab178123e3a1aaaaf
2022-06-16T23:32:59+00:00 NOTICE action_scheduler.queue_job :: MailChimp_WooCommerce_Cart_Update queued :: obj_id a0412b01ef0844a929397186a640c619
2022-06-16T23:33:18+00:00 NOTICE abandoned_cart.success :: email: diovanar@hotmail.com :: checkout_url: https://naturalconexion.com/checkout/?mc_cart_id=a0412b01ef0844a929397186a640c619
2022-06-16T23:33:44+00:00 NOTICE action_scheduler.queue_job :: MailChimp_WooCommerce_Cart_Update queued :: obj_id 49705ddc8eeba37ab178123e3a1aaaaf
2022-06-16T23:34:17+00:00 NOTICE abandoned_cart.success :: email: margaritamariacorrales@gmail.com :: checkout_url: https://naturalconexion.com/checkout/?mc_cart_id=49705ddc8eeba37ab178123e3a1aaaaf
2022-06-16T23:34:39+00:00 NOTICE action_scheduler.queue_job :: MailChimp_WooCommerce_Cart_Update queued :: obj_id 49705ddc8eeba37ab178123e3a1aaaaf
2022-06-16T23:35:21+00:00 NOTICE abandoned_cart.success :: email: margaritamariacorrales@gmail.com :: checkout_url: https://naturalconexion.com/checkout/?mc_cart_id=49705ddc8eeba37ab178123e3a1aaaaf
2022-06-16T23:36:10+00:00 NOTICE action_scheduler.queue_job :: MailChimp_WooCommerce_Cart_Update queued :: obj_id a0412b01ef0844a929397186a640c619
2022-06-16T23:36:11+00:00 NOTICE action_scheduler.queue_job :: MailChimp_WooCommerce_Single_Order starts in 90 seconds :: obj_id 20722
2022-06-16T23:36:24+00:00 NOTICE abandoned_cart.success :: email: diovanar@hotmail.com :: checkout_url: https://naturalconexion.com/checkout/?mc_cart_id=a0412b01ef0844a929397186a640c619
2022-06-16T23:37:44+00:00 NOTICE order_sumbit :: #20722 has a financial status of pending and was skipped.
2022-06-16T23:40:38+00:00 NOTICE action_scheduler.queue_job :: MailChimp_WooCommerce_Single_Order starts in 90 seconds :: obj_id 20723
2022-06-16T23:40:39+00:00 NOTICE action_scheduler.queue_job :: MailChimp_WooCommerce_Cart_Update queued :: obj_id 49705ddc8eeba37ab178123e3a1aaaaf
2022-06-16T23:40:53+00:00 NOTICE abandoned_cart.success :: email: margaritamariacorrales@gmail.com :: checkout_url: https://naturalconexion.com/checkout/?mc_cart_id=49705ddc8eeba37ab178123e3a1aaaaf
2022-06-16T23:40:54+00:00 NOTICE action_scheduler.queue_job :: MailChimp_WooCommerce_Single_Order starts in 90 seconds :: obj_id 20722
2022-06-16T23:40:56+00:00 NOTICE debug :: Order ID 20722 was pending and is now processing :: Array
(
    [new_order] => 1
    [tracking] => Array
        (
            [campaign_id] => 
            [landing_site] => https://naturalconexion.com/wp-content/plugins/woocommerce-payu-latam/confirmation.php
        )

)

2022-06-16T23:42:11+00:00 NOTICE order_sumbit :: #20723 has a financial status of pending and was skipped.
2022-06-16T23:43:06+00:00 NOTICE action_scheduler.queue_job :: MailChimp_WooCommerce_Single_Order starts in 90 seconds :: obj_id 20723
2022-06-16T23:43:09+00:00 NOTICE debug :: Order ID 20723 was pending and is now processing :: Array
(
    [new_order] => 1
    [tracking] => Array
        (
            [campaign_id] => 
            [landing_site] => https://naturalconexion.com/wp-content/plugins/woocommerce-payu-latam/confirmation.php
        )

)

2022-06-16T23:43:14+00:00 NOTICE order.member.updated :: Updated diovanar@hotmail.com subscriber status to subscribed and language to 
2022-06-16T23:43:14+00:00 NOTICE order_submit.success :: addStoreOrder :: #20722 :: email: diovanar@hotmail.com :: landing site https://naturalconexion.com/wp-content/plugins/woocommerce-payu-latam/confirmation.php :: abandoned cart deleted [a0412b01ef0844a929397186a640c619]
2022-06-16T23:44:26+00:00 NOTICE action_scheduler.queue_job :: MailChimp_WooCommerce_SingleCoupon queued :: obj_id 20724
2022-06-16T23:44:27+00:00 NOTICE promo_code_submit.success :: #20724 :: code: 5chqlhu2
2022-06-16T23:45:36+00:00 NOTICE order.member.updated :: Updated margaritamariacorrales@gmail.com subscriber status to subscribed and language to 
2022-06-16T23:45:36+00:00 NOTICE order_submit.success :: addStoreOrder :: #20723 :: email: margaritamariacorrales@gmail.com :: landing site https://naturalconexion.com/wp-content/plugins/woocommerce-payu-latam/confirmation.php :: abandoned cart deleted [49705ddc8eeba37ab178123e3a1aaaaf]
