2022-07-05T12:14:53+00:00 NOTICE action_scheduler.queue_job :: MailChimp_WooCommerce_Single_Order starts in 90 seconds :: obj_id 20988
2022-07-05T12:14:58+00:00 NOTICE debug :: Order ID 20988 was processing and is now completed :: Array
(
    [new_order] => 
    [tracking] => 
)

2022-07-05T12:18:40+00:00 ERROR api.list :: Error al recuperar la lista para la verificación double_optin
2022-07-05T12:18:40+00:00 ERROR order_submit.error :: updateStoreOrder :: #20988 :: Error Code 500 :: CURL error :: Operation timed out after 30001 milliseconds with 0 bytes received on 1928 in /home/forge/naturalconexion.com/wp-content/plugins/mailchimp-for-woocommerce/includes/api/class-mailchimp-api.php
2022-07-05T12:46:18+00:00 NOTICE action_scheduler.queue_job :: MailChimp_WooCommerce_Single_Order starts in 90 seconds :: obj_id 21004
2022-07-05T12:46:44+00:00 NOTICE action_scheduler.queue_job :: MailChimp_WooCommerce_Cart_Update queued :: obj_id 0b77a5066b4a13c5f92ab72e860e3eb7
2022-07-05T12:47:20+00:00 NOTICE abandoned_cart.success :: email: libiabotia@hotmail.com :: checkout_url: https://naturalconexion.com/checkout/?mc_cart_id=0b77a5066b4a13c5f92ab72e860e3eb7
2022-07-05T12:48:18+00:00 NOTICE order_sumbit :: #21004 has a financial status of pending and was skipped.
2022-07-05T12:48:51+00:00 NOTICE action_scheduler.queue_job :: MailChimp_WooCommerce_Single_Order starts in 90 seconds :: obj_id 21004
2022-07-05T12:48:53+00:00 NOTICE debug :: Order ID 21004 was pending and is now processing :: Array
(
    [new_order] => 1
    [tracking] => Array
        (
            [campaign_id] => 
            [landing_site] => https://naturalconexion.com/wp-content/plugins/woocommerce-payu-latam/confirmation.php
        )

)

2022-07-05T14:14:18+00:00 NOTICE action_scheduler.queue_job :: MailChimp_WooCommerce_Cart_Update queued :: obj_id 3c23e7f2d3df4574b76d339d1ef53503
2022-07-05T14:14:42+00:00 NOTICE abandoned_cart.success :: email: andes_c79@hotmail.com :: checkout_url: https://naturalconexion.com/checkout/?mc_cart_id=3c23e7f2d3df4574b76d339d1ef53503
2022-07-05T14:14:42+00:00 NOTICE cart.member.updated :: Updated andes_c79@hotmail.com subscriber status to subscribed and language to es
2022-07-05T16:43:29+00:00 NOTICE action_scheduler.queue_job :: MailChimp_WooCommerce_Cart_Update queued :: obj_id 38807ed53c29bb9947df4cd40ed5a575
2022-07-05T16:44:18+00:00 NOTICE abandoned_cart.success :: email: olilive.lj@gmail.com :: checkout_url: https://naturalconexion.com/checkout/?mc_cart_id=38807ed53c29bb9947df4cd40ed5a575
2022-07-05T16:44:18+00:00 NOTICE cart.member.updated :: Updated olilive.lj@gmail.com subscriber status to transactional and language to es
2022-07-05T16:45:57+00:00 NOTICE action_scheduler.queue_job :: MailChimp_WooCommerce_Cart_Update queued :: obj_id 38807ed53c29bb9947df4cd40ed5a575
2022-07-05T16:46:48+00:00 NOTICE abandoned_cart.success :: email: olilive.lj@gmail.com :: checkout_url: https://naturalconexion.com/checkout/?mc_cart_id=38807ed53c29bb9947df4cd40ed5a575
2022-07-05T16:47:35+00:00 NOTICE action_scheduler.queue_job :: MailChimp_WooCommerce_User_Submit queued :: obj_id 2250
2022-07-05T16:47:37+00:00 NOTICE action_scheduler.queue_job :: MailChimp_WooCommerce_Single_Order starts in 90 seconds :: obj_id 21005
2022-07-05T16:47:54+00:00 NOTICE member.sync :: Updated Member olilive.lj@gmail.com :: Array
(
    [previous_status] => transactional
    [status] => 1
    [merge_fields] => Array
        (
            [FNAME] => Liliana
            [LNAME] => Jiménez Castillo
        )

)

2022-07-05T16:50:18+00:00 NOTICE order_sumbit :: #21005 has a financial status of pending and was skipped.
2022-07-05T16:50:21+00:00 NOTICE action_scheduler.queue_job :: MailChimp_WooCommerce_Single_Order starts in 90 seconds :: obj_id 21005
2022-07-05T16:50:25+00:00 NOTICE debug :: Order ID 21005 was pending and is now processing :: Array
(
    [new_order] => 1
    [tracking] => Array
        (
            [campaign_id] => 
            [landing_site] => https://naturalconexion.com/wp-content/plugins/woocommerce-payu-latam/confirmation.php
        )

)

2022-07-05T16:50:25+00:00 NOTICE action_scheduler.queue_job :: MailChimp_WooCommerce_User_Submit queued :: obj_id 2250
2022-07-05T16:50:30+00:00 NOTICE member.sync :: Updated Member olilive.lj@gmail.com ( merge fields only ) :: Array
(
    [merge_fields] => Array
        (
            [FNAME] => Liliana
            [LNAME] => Jiménez Castillo
        )

)

2022-07-05T16:52:18+00:00 NOTICE order.member.updated :: Updated olilive.lj@gmail.com subscriber status to subscribed and language to 
2022-07-05T16:52:18+00:00 NOTICE order_submit.success :: addStoreOrder :: #21005 :: email: olilive.lj@gmail.com :: landing site https://naturalconexion.com/wp-content/plugins/woocommerce-payu-latam/confirmation.php :: abandoned cart deleted [38807ed53c29bb9947df4cd40ed5a575]
2022-07-05T16:56:20+00:00 NOTICE action_scheduler.queue_job :: MailChimp_WooCommerce_Cart_Update queued :: obj_id df58692925446407a90947c7710323b6
2022-07-05T16:56:22+00:00 NOTICE abandoned_cart.success :: email: malevega454@gmail.com :: checkout_url: https://naturalconexion.com/checkout/?mc_cart_id=df58692925446407a90947c7710323b6
2022-07-05T16:56:23+00:00 NOTICE cart.member.updated :: Updated malevega454@gmail.com subscriber status to subscribed and language to es
2022-07-05T18:09:29+00:00 NOTICE action_scheduler.queue_job :: MailChimp_WooCommerce_Cart_Update queued :: obj_id 98c9ad97f233352e85d74231875b3277
2022-07-05T18:09:39+00:00 NOTICE abandoned_cart.success :: email: marulanda.sara@gmail.com :: checkout_url: https://naturalconexion.com/checkout/?mc_cart_id=98c9ad97f233352e85d74231875b3277
2022-07-05T18:09:39+00:00 NOTICE cart.member.updated :: Updated marulanda.sara@gmail.com subscriber status to subscribed and language to es
2022-07-05T19:34:01+00:00 NOTICE action_scheduler.queue_job :: MailChimp_WooCommerce_Cart_Update queued :: obj_id df58692925446407a90947c7710323b6
2022-07-05T19:34:14+00:00 NOTICE abandoned_cart.success :: email: malevega454@gmail.com :: checkout_url: https://naturalconexion.com/checkout/?mc_cart_id=df58692925446407a90947c7710323b6
2022-07-05T19:34:14+00:00 NOTICE cart.member.updated :: Updated malevega454@gmail.com subscriber status to subscribed and language to es
2022-07-05T19:36:16+00:00 NOTICE action_scheduler.queue_job :: MailChimp_WooCommerce_Cart_Update queued :: obj_id df58692925446407a90947c7710323b6
2022-07-05T19:36:20+00:00 NOTICE abandoned_cart.success :: email: malevega454@gmail.com :: checkout_url: https://naturalconexion.com/checkout/?mc_cart_id=df58692925446407a90947c7710323b6
2022-07-05T19:36:44+00:00 NOTICE action_scheduler.queue_job :: MailChimp_WooCommerce_Cart_Update queued :: obj_id df58692925446407a90947c7710323b6
2022-07-05T19:37:05+00:00 NOTICE abandoned_cart.success :: email: malevega454@gmail.com :: checkout_url: https://naturalconexion.com/checkout/?mc_cart_id=df58692925446407a90947c7710323b6
2022-07-05T19:37:29+00:00 NOTICE action_scheduler.queue_job :: MailChimp_WooCommerce_User_Submit queued :: obj_id 2216
2022-07-05T19:37:34+00:00 NOTICE member.sync :: Updated Member malevega454@gmail.com ( merge fields only ) :: Array
(
    [merge_fields] => Array
        (
        )

)

2022-07-05T19:39:07+00:00 NOTICE action_scheduler.queue_job :: MailChimp_WooCommerce_Cart_Update queued :: obj_id df58692925446407a90947c7710323b6
2022-07-05T19:39:55+00:00 NOTICE abandoned_cart.success :: email: malevega454@gmail.com :: checkout_url: https://naturalconexion.com/checkout/?mc_cart_id=df58692925446407a90947c7710323b6
2022-07-05T19:40:06+00:00 NOTICE action_scheduler.queue_job :: MailChimp_WooCommerce_Cart_Update queued :: obj_id df58692925446407a90947c7710323b6
2022-07-05T19:40:23+00:00 NOTICE abandoned_cart.success :: email: malevega454@gmail.com :: checkout_url: https://naturalconexion.com/checkout/?mc_cart_id=df58692925446407a90947c7710323b6
2022-07-05T19:40:25+00:00 NOTICE action_scheduler.queue_job :: MailChimp_WooCommerce_Cart_Update queued :: obj_id df58692925446407a90947c7710323b6
2022-07-05T19:40:58+00:00 NOTICE abandoned_cart.success :: email: malevega454@gmail.com :: checkout_url: https://naturalconexion.com/checkout/?mc_cart_id=df58692925446407a90947c7710323b6
2022-07-05T19:54:54+00:00 NOTICE action_scheduler.queue_job :: MailChimp_WooCommerce_Cart_Update queued :: obj_id 83214b98f6fec5bd1f24d6808cbd3b3c
2022-07-05T19:55:17+00:00 NOTICE abandoned_cart.success :: email: anamariat0993@gmail.com :: checkout_url: https://naturalconexion.com/checkout/?mc_cart_id=83214b98f6fec5bd1f24d6808cbd3b3c
2022-07-05T19:55:17+00:00 NOTICE cart.member.updated :: Updated anamariat0993@gmail.com subscriber status to transactional and language to es
2022-07-05T19:55:20+00:00 NOTICE action_scheduler.queue_job :: MailChimp_WooCommerce_Cart_Update queued :: obj_id 83214b98f6fec5bd1f24d6808cbd3b3c
2022-07-05T19:55:24+00:00 NOTICE abandoned_cart.success :: email: anamariat0993@gmail.com :: checkout_url: https://naturalconexion.com/checkout/?mc_cart_id=83214b98f6fec5bd1f24d6808cbd3b3c
2022-07-05T19:55:41+00:00 NOTICE action_scheduler.queue_job :: MailChimp_WooCommerce_Single_Order starts in 90 seconds :: obj_id 21007
2022-07-05T19:58:33+00:00 NOTICE order_sumbit :: #21007 has a financial status of pending and was skipped.
2022-07-05T20:08:23+00:00 NOTICE action_scheduler.queue_job :: MailChimp_WooCommerce_Single_Order starts in 90 seconds :: obj_id 21007
2022-07-05T20:08:26+00:00 NOTICE debug :: Order ID 21007 was pending and is now processing :: Array
(
    [new_order] => 1
    [tracking] => Array
        (
            [campaign_id] => 
            [landing_site] => https://naturalconexion.com/wp-content/plugins/woocommerce-payu-latam/confirmation.php
        )

)

2022-07-05T20:10:37+00:00 NOTICE order.member.updated :: Updated anamariat0993@gmail.com subscriber status to transactional and language to 
2022-07-05T20:10:37+00:00 NOTICE order_submit.success :: addStoreOrder :: #21007 :: email: anamariat0993@gmail.com :: landing site https://naturalconexion.com/wp-content/plugins/woocommerce-payu-latam/confirmation.php :: abandoned cart deleted [83214b98f6fec5bd1f24d6808cbd3b3c]
2022-07-05T20:36:58+00:00 NOTICE action_scheduler.queue_job :: MailChimp_WooCommerce_Cart_Update queued :: obj_id a9948b28aa3e9f2bc63b2685ebdbc081
2022-07-05T20:36:59+00:00 NOTICE abandoned_cart.success :: email: catazea@hotmail.com :: checkout_url: https://naturalconexion.com/checkout/?mc_cart_id=a9948b28aa3e9f2bc63b2685ebdbc081
2022-07-05T20:36:59+00:00 NOTICE cart.member.updated :: Updated catazea@hotmail.com subscriber status to subscribed and language to es
2022-07-05T20:37:32+00:00 NOTICE action_scheduler.queue_job :: MailChimp_WooCommerce_Cart_Update queued :: obj_id a9948b28aa3e9f2bc63b2685ebdbc081
2022-07-05T20:38:11+00:00 NOTICE abandoned_cart.success :: email: catazea@hotmail.com :: checkout_url: https://naturalconexion.com/checkout/?mc_cart_id=a9948b28aa3e9f2bc63b2685ebdbc081
2022-07-05T20:38:44+00:00 NOTICE action_scheduler.queue_job :: MailChimp_WooCommerce_Cart_Update queued :: obj_id a9948b28aa3e9f2bc63b2685ebdbc081
2022-07-05T20:38:47+00:00 NOTICE action_scheduler.queue_job :: MailChimp_WooCommerce_Cart_Update queued :: obj_id db1e873fd6308b581723e49eec476b98
2022-07-05T20:38:58+00:00 NOTICE abandoned_cart.success :: email: catazea@hotmail.com :: checkout_url: https://naturalconexion.com/checkout/?mc_cart_id=a9948b28aa3e9f2bc63b2685ebdbc081
2022-07-05T20:38:58+00:00 NOTICE abandoned_cart.success :: email: czea@premac.co :: checkout_url: https://naturalconexion.com/checkout/?mc_cart_id=db1e873fd6308b581723e49eec476b98
2022-07-05T20:38:59+00:00 NOTICE cart.member.updated :: Updated czea@premac.co subscriber status to subscribed and language to es
2022-07-05T20:39:39+00:00 NOTICE action_scheduler.queue_job :: MailChimp_WooCommerce_Cart_Update queued :: obj_id db1e873fd6308b581723e49eec476b98
2022-07-05T20:39:55+00:00 NOTICE action_scheduler.queue_job :: MailChimp_WooCommerce_Single_Order starts in 90 seconds :: obj_id 21008
2022-07-05T20:41:20+00:00 NOTICE abandoned_cart.success :: email: czea@premac.co :: checkout_url: https://naturalconexion.com/checkout/?mc_cart_id=db1e873fd6308b581723e49eec476b98
2022-07-05T20:41:31+00:00 NOTICE order_sumbit :: #21008 has a financial status of pending and was skipped.
2022-07-05T20:41:47+00:00 NOTICE action_scheduler.queue_job :: MailChimp_WooCommerce_Single_Order starts in 90 seconds :: obj_id 21008
2022-07-05T20:41:51+00:00 NOTICE debug :: Order ID 21008 was pending and is now processing :: Array
(
    [new_order] => 1
    [tracking] => Array
        (
            [campaign_id] => 
            [landing_site] => https://naturalconexion.com/wp-content/plugins/woocommerce-payu-latam/confirmation.php
        )

)

2022-07-05T20:44:22+00:00 NOTICE order.member.updated :: Updated czea@premac.co subscriber status to subscribed and language to 
2022-07-05T20:44:22+00:00 NOTICE order_submit.success :: addStoreOrder :: #21008 :: email: czea@premac.co :: landing site https://naturalconexion.com/wp-content/plugins/woocommerce-payu-latam/confirmation.php :: abandoned cart deleted [db1e873fd6308b581723e49eec476b98]
2022-07-05T21:01:57+00:00 NOTICE action_scheduler.queue_job :: MailChimp_WooCommerce_Single_Order starts in 90 seconds :: obj_id 21009
2022-07-05T21:03:39+00:00 NOTICE order_sumbit :: #21009 has a financial status of pending and was skipped.
2022-07-05T21:05:06+00:00 NOTICE action_scheduler.queue_job :: MailChimp_WooCommerce_Single_Order starts in 90 seconds :: obj_id 21009
2022-07-05T21:05:08+00:00 NOTICE debug :: Order ID 21009 was pending and is now processing :: Array
(
    [new_order] => 1
    [tracking] => Array
        (
            [campaign_id] => 
            [landing_site] => https://naturalconexion.com/wp-content/plugins/woocommerce-payu-latam/confirmation.php
        )

)

2022-07-05T21:07:00+00:00 NOTICE order.member.updated :: Updated sandrapatriciapl@hotmail.com subscriber status to subscribed and language to 
2022-07-05T21:07:00+00:00 NOTICE order_submit.success :: addStoreOrder :: #21009 :: email: sandrapatriciapl@hotmail.com :: landing site https://naturalconexion.com/wp-content/plugins/woocommerce-payu-latam/confirmation.php
2022-07-05T23:12:05+00:00 NOTICE action_scheduler.queue_job :: MailChimp_WooCommerce_Cart_Update queued :: obj_id e61bde82cad5bf2673cd94226319e8c4
2022-07-05T23:12:10+00:00 NOTICE action_scheduler.queue_job :: MailChimp_WooCommerce_Single_Order starts in 90 seconds :: obj_id 21010
2022-07-05T23:12:12+00:00 NOTICE abandoned_cart.success :: email: cjepamalfi@gmail.com :: checkout_url: https://naturalconexion.com/checkout/?mc_cart_id=e61bde82cad5bf2673cd94226319e8c4
2022-07-05T23:12:12+00:00 NOTICE cart.member.updated :: Updated cjepamalfi@gmail.com subscriber status to transactional and language to es
2022-07-05T23:15:56+00:00 NOTICE order_sumbit :: #21010 has a financial status of pending and was skipped.
2022-07-05T23:26:01+00:00 NOTICE action_scheduler.queue_job :: MailChimp_WooCommerce_Single_Order starts in 90 seconds :: obj_id 21010
2022-07-05T23:26:04+00:00 NOTICE debug :: Order ID 21010 was pending and is now processing :: Array
(
    [new_order] => 1
    [tracking] => Array
        (
            [campaign_id] => 
            [landing_site] => https://naturalconexion.com/wp-content/plugins/woocommerce-payu-latam/confirmation.php
        )

)

2022-07-05T23:28:31+00:00 NOTICE order.member.updated :: Updated cjepamalfi@gmail.com subscriber status to transactional and language to 
2022-07-05T23:28:31+00:00 NOTICE order_submit.success :: addStoreOrder :: #21010 :: email: cjepamalfi@gmail.com :: landing site https://naturalconexion.com/wp-content/plugins/woocommerce-payu-latam/confirmation.php :: abandoned cart deleted [e61bde82cad5bf2673cd94226319e8c4]
