2023-05-03T02:15:52+00:00 NOTICE action_scheduler.queue_job :: MailChimp_WooCommerce_Cart_Update queued :: obj_id ff6206058d9e739307b32ffe240c3323
2023-05-03T02:15:54+00:00 NOTICE abandoned_cart.success :: email: marce.0726@hotmail.com :: checkout_url: https://naturalconexion.com/checkout/?mc_cart_id=ff6206058d9e739307b32ffe240c3323
2023-05-03T02:15:54+00:00 NOTICE cart.member.updated :: Updated marce.0726@hotmail.com subscriber status to subscribed and language to es
2023-05-03T02:28:42+00:00 NOTICE action_scheduler.queue_job :: MailChimp_WooCommerce_Single_Order starts in 90 seconds :: obj_id 24173
2023-05-03T02:31:19+00:00 NOTICE order_submit :: #24173 has a financial status of pending and was skipped.
2023-05-03T02:40:44+00:00 NOTICE action_scheduler.queue_job :: MailChimp_WooCommerce_Cart_Update queued :: obj_id 59645e9ee5367225cbeaa6b5cd62f170
2023-05-03T02:41:08+00:00 NOTICE abandoned_cart.success :: email: jessica_garu@msn.com :: checkout_url: https://naturalconexion.com/checkout/?mc_cart_id=59645e9ee5367225cbeaa6b5cd62f170
2023-05-03T02:41:08+00:00 NOTICE cart.member.updated :: Updated jessica_garu@msn.com subscriber status to subscribed and language to es
2023-05-03T02:42:06+00:00 NOTICE action_scheduler.queue_job :: MailChimp_WooCommerce_Cart_Update queued :: obj_id 59645e9ee5367225cbeaa6b5cd62f170
2023-05-03T02:42:19+00:00 NOTICE abandoned_cart.success :: email: jessica_garu@msn.com :: checkout_url: https://naturalconexion.com/checkout/?mc_cart_id=59645e9ee5367225cbeaa6b5cd62f170
2023-05-03T02:43:01+00:00 NOTICE action_scheduler.queue_job :: MailChimp_WooCommerce_Cart_Update queued :: obj_id 59645e9ee5367225cbeaa6b5cd62f170
2023-05-03T02:43:21+00:00 NOTICE abandoned_cart.success :: email: jessica_garu@msn.com :: checkout_url: https://naturalconexion.com/checkout/?mc_cart_id=59645e9ee5367225cbeaa6b5cd62f170
2023-05-03T02:47:03+00:00 NOTICE action_scheduler.queue_job :: MailChimp_WooCommerce_Cart_Update queued :: obj_id 59645e9ee5367225cbeaa6b5cd62f170
2023-05-03T02:47:32+00:00 NOTICE abandoned_cart.success :: email: jessica_garu@msn.com :: checkout_url: https://naturalconexion.com/checkout/?mc_cart_id=59645e9ee5367225cbeaa6b5cd62f170
2023-05-03T02:48:45+00:00 NOTICE action_scheduler.queue_job :: MailChimp_WooCommerce_Cart_Update queued :: obj_id ff6206058d9e739307b32ffe240c3323
2023-05-03T02:49:05+00:00 NOTICE abandoned_cart.success :: email: marce.0726@hotmail.com :: checkout_url: https://naturalconexion.com/checkout/?mc_cart_id=ff6206058d9e739307b32ffe240c3323
2023-05-03T02:50:32+00:00 NOTICE action_scheduler.queue_job :: MailChimp_WooCommerce_Cart_Update queued :: obj_id ff6206058d9e739307b32ffe240c3323
2023-05-03T02:51:09+00:00 NOTICE abandoned_cart.success :: email: marce.0726@hotmail.com :: checkout_url: https://naturalconexion.com/checkout/?mc_cart_id=ff6206058d9e739307b32ffe240c3323
2023-05-03T02:52:22+00:00 NOTICE action_scheduler.queue_job :: MailChimp_WooCommerce_Cart_Update queued :: obj_id 59645e9ee5367225cbeaa6b5cd62f170
2023-05-03T02:53:17+00:00 NOTICE action_scheduler.queue_job :: MailChimp_WooCommerce_Single_Order starts in 90 seconds :: obj_id 24174
2023-05-03T02:53:19+00:00 NOTICE abandoned_cart.success :: email: jessica_garu@msn.com :: checkout_url: https://naturalconexion.com/checkout/?mc_cart_id=59645e9ee5367225cbeaa6b5cd62f170
2023-05-03T02:54:02+00:00 NOTICE action_scheduler.queue_job :: MailChimp_WooCommerce_User_Submit queued :: obj_id 2075
2023-05-03T02:54:03+00:00 NOTICE action_scheduler.queue_job :: MailChimp_WooCommerce_Single_Order starts in 90 seconds :: obj_id 24175
2023-05-03T02:55:06+00:00 NOTICE member.sync :: Updated Member jessica_garu@msn.com :: Array
(
    [status] => subscribed
    [language] => 
    [merge_fields] => Array
        (
            [FNAME] => JESSICA
            [LNAME] => GARCIA RUIZ
        )

    [gdpr_fields] => 
)

2023-05-03T02:55:07+00:00 NOTICE order_submit :: #24174 has a financial status of pending and was skipped.
2023-05-03T02:56:05+00:00 NOTICE debug :: Order ID 24175 was pending and is now processing :: Array
(
    [new_order] => 1
    [tracking] => Array
        (
            [campaign_id] => 
            [landing_site] => https://naturalconexion.com/wp-content/plugins/woocommerce-payu-latam/confirmation.php
        )

)

2023-05-03T02:57:44+00:00 NOTICE order.member.updated :: Updated jessica_garu@msn.com subscriber status to subscribed and language to es
2023-05-03T02:57:44+00:00 NOTICE order_submit.success :: addStoreOrder :: #24175 :: email: jessica_garu@msn.com :: landing site https://naturalconexion.com/wp-content/plugins/woocommerce-payu-latam/response.php?merchantId=546799&merchant_name=Natural+Conexi%C3%B3n+SAS&merchant_address=Calle+48+A+A+%23+52+A+198+El+Santuario+Antioquia&telephone=5672320&merchant_url=http%3A%2F%2Fwww.naturalconexion.com&transactionState=7&lapTransactionState=PENDING&message=PENDING&referenceCode=23872&reference_pol=2473506198&transactionId=1dac8caa-7ab3-4f71-be43-a6080be9fdf3&description=Jab%C3%B3n+%C3%8Dntimo+Natural+250+ml%2CS%C3%A9rum+Facial+Con+Vitamina+C+Mayaku+Obsequio+Protector+Solar+15gr&trazabilityCode=2011853475&cus=2011853475&orderLanguage=es&extra1=WOOCOMMERCE&extra2=&extra3=&polTransactionState=14&signature=50479a4bb2ce3729dd75a7b901c0abc9&polResponseCode=25&lapResponseCode=PENDING_TRANSACTION_CONFIRMATION&risk=&polPaymentMethod=25&lapPaymentMethod=PSE&polPaymentMethodType=4&lapPaymentMethodType=PSE&installmentsNumber=1&TX_VALUE=155800.00&TX_TAX=.00&currency=COP&lng=es&pseCycle=1&buyerEmail=jessica_garu%40msn.com&pseBank=BANCOLOMBIA&pseReference1=186.112.188.50&pseReference2=CC&pseReference3=45548330&authorizationCode=&TX_ADMINISTRATIVE_FEE=.00&TX_TAX_ADMINISTRATIVE_FEE=.00&TX_TAX_ADMINISTRATIVE_FEE_RETURN_BASE=.00&processingDate=2023-04-06 :: abandoned cart deleted [59645e9ee5367225cbeaa6b5cd62f170]
2023-05-03T03:00:53+00:00 NOTICE action_scheduler.queue_job :: MailChimp_WooCommerce_Single_Order starts in 90 seconds :: obj_id 24174
2023-05-03T03:00:56+00:00 NOTICE debug :: Order ID 24174 was pending and is now processing :: Array
(
    [new_order] => 1
    [tracking] => Array
        (
            [campaign_id] => 
            [landing_site] => https://naturalconexion.com/?wc-api=wc_addi_gateway
        )

)

2023-05-03T03:03:41+00:00 NOTICE order.member.updated :: Updated marce.0726@hotmail.com subscriber status to subscribed and language to 
2023-05-03T03:03:41+00:00 NOTICE order_submit.success :: addStoreOrder :: #24174 :: email: marce.0726@hotmail.com :: landing site https://naturalconexion.com/?wc-api=wc_addi_gateway :: abandoned cart deleted [ff6206058d9e739307b32ffe240c3323]
2023-05-03T03:40:57+00:00 NOTICE action_scheduler.queue_job :: MailChimp_WooCommerce_Cart_Update queued :: obj_id 54d0c58029c8bd1687e2de54a362b401
2023-05-03T03:41:00+00:00 NOTICE abandoned_cart.success :: email: carogiraldo0501@hotmail.com :: checkout_url: https://naturalconexion.com/checkout/?mc_cart_id=54d0c58029c8bd1687e2de54a362b401
2023-05-03T03:41:00+00:00 NOTICE cart.member.updated :: Updated carogiraldo0501@hotmail.com subscriber status to transactional and language to es
2023-05-03T03:42:34+00:00 NOTICE action_scheduler.queue_job :: MailChimp_WooCommerce_Cart_Update queued :: obj_id 54d0c58029c8bd1687e2de54a362b401
2023-05-03T03:43:09+00:00 NOTICE abandoned_cart.success :: email: carogiraldo0501@hotmail.com :: checkout_url: https://naturalconexion.com/checkout/?mc_cart_id=54d0c58029c8bd1687e2de54a362b401
2023-05-03T03:43:20+00:00 NOTICE action_scheduler.queue_job :: MailChimp_WooCommerce_User_Submit queued :: obj_id 2038
2023-05-03T03:43:56+00:00 NOTICE member.sync :: Updated Member carogiraldo0501@hotmail.com :: Array
(
    [previous_status] => transactional
    [status] => 
    [language] => 
    [merge_fields] => Array
        (
            [FNAME] => Carolina
            [LNAME] => Giraldo Toro
        )

    [gdpr_fields] => 
)

2023-05-03T03:50:48+00:00 NOTICE action_scheduler.queue_job :: MailChimp_WooCommerce_Cart_Update queued :: obj_id 54d0c58029c8bd1687e2de54a362b401
2023-05-03T03:50:51+00:00 NOTICE abandoned_cart.success :: email: carogiraldo0501@hotmail.com :: checkout_url: https://naturalconexion.com/checkout/?mc_cart_id=54d0c58029c8bd1687e2de54a362b401
2023-05-03T04:12:39+00:00 NOTICE action_scheduler.queue_job :: MailChimp_WooCommerce_Single_Order starts in 90 seconds :: obj_id 24173
2023-05-03T04:12:40+00:00 NOTICE debug :: Order ID 24173 was pending and is now cancelled :: Array
(
    [new_order] => 
    [tracking] => 
)

2023-05-03T04:15:22+00:00 NOTICE order_submit :: #24173 has a financial status of cancelled and was skipped.
2023-05-03T10:37:32+00:00 NOTICE action_scheduler.queue_job :: MailChimp_WooCommerce_Single_Order starts in 90 seconds :: obj_id 24176
2023-05-03T10:39:33+00:00 NOTICE debug :: Order ID 24176 was pending and is now processing :: Array
(
    [new_order] => 1
    [tracking] => Array
        (
            [campaign_id] => 
            [landing_site] => https://naturalconexion.com/wc-api/siscredito_confirmation?transactionId=6452396fd5b11c0001486295&orderId=24176
        )

)

2023-05-03T10:41:52+00:00 NOTICE order.member.updated :: Updated alejandraborjatellez@gmail.com subscriber status to subscribed and language to es
2023-05-03T10:41:52+00:00 NOTICE order_submit.success :: addStoreOrder :: #24176 :: email: alejandraborjatellez@gmail.com :: landing site https://naturalconexion.com/product/serum-facial-con-vitamina-c-mayaku/?utm_source=IGShopping&utm_medium=Social
2023-05-03T11:23:59+00:00 NOTICE action_scheduler.queue_job :: MailChimp_WooCommerce_Cart_Update queued :: obj_id 96d801baf0c88dae11bc63d6d75a9981
2023-05-03T11:24:01+00:00 NOTICE abandoned_cart.success :: email: lina.castilla@yahoo.com :: checkout_url: https://naturalconexion.com/checkout/?mc_cart_id=96d801baf0c88dae11bc63d6d75a9981
2023-05-03T11:24:02+00:00 NOTICE cart.member.updated :: Updated lina.castilla@yahoo.com subscriber status to subscribed and language to es
2023-05-03T11:25:04+00:00 NOTICE action_scheduler.queue_job :: MailChimp_WooCommerce_Single_Order starts in 90 seconds :: obj_id 24177
2023-05-03T11:27:59+00:00 NOTICE order_submit :: #24177 has a financial status of pending and was skipped.
2023-05-03T12:27:19+00:00 NOTICE action_scheduler.queue_job :: MailChimp_WooCommerce_Single_Order starts in 90 seconds :: obj_id 24177
2023-05-03T12:27:20+00:00 NOTICE debug :: Order ID 24177 was pending and is now cancelled :: Array
(
    [new_order] => 
    [tracking] => 
)

2023-05-03T12:29:34+00:00 NOTICE order_submit :: #24177 has a financial status of cancelled and was skipped.
2023-05-03T13:10:28+00:00 NOTICE action_scheduler.queue_job :: MailChimp_WooCommerce_Cart_Update queued :: obj_id 96d801baf0c88dae11bc63d6d75a9981
2023-05-03T13:10:53+00:00 NOTICE abandoned_cart.success :: email: lina.castilla@yahoo.com :: checkout_url: https://naturalconexion.com/checkout/?mc_cart_id=96d801baf0c88dae11bc63d6d75a9981
2023-05-03T13:10:54+00:00 NOTICE cart.member.updated :: Updated lina.castilla@yahoo.com subscriber status to subscribed and language to es
2023-05-03T13:11:03+00:00 NOTICE action_scheduler.queue_job :: MailChimp_WooCommerce_Cart_Update queued :: obj_id 96d801baf0c88dae11bc63d6d75a9981
2023-05-03T13:11:57+00:00 NOTICE abandoned_cart.success :: email: lina.castilla@yahoo.com :: checkout_url: https://naturalconexion.com/checkout/?mc_cart_id=96d801baf0c88dae11bc63d6d75a9981
2023-05-03T13:12:52+00:00 NOTICE action_scheduler.queue_job :: MailChimp_WooCommerce_Cart_Update queued :: obj_id 96d801baf0c88dae11bc63d6d75a9981
2023-05-03T13:13:13+00:00 NOTICE abandoned_cart.success :: email: lina.castilla@yahoo.com :: checkout_url: https://naturalconexion.com/checkout/?mc_cart_id=96d801baf0c88dae11bc63d6d75a9981
2023-05-03T13:13:17+00:00 NOTICE action_scheduler.queue_job :: MailChimp_WooCommerce_Cart_Update queued :: obj_id 96d801baf0c88dae11bc63d6d75a9981
2023-05-03T13:13:21+00:00 NOTICE abandoned_cart.success :: email: lina.castilla@yahoo.com :: checkout_url: https://naturalconexion.com/checkout/?mc_cart_id=96d801baf0c88dae11bc63d6d75a9981
2023-05-03T13:14:09+00:00 NOTICE action_scheduler.queue_job :: MailChimp_WooCommerce_Single_Order starts in 90 seconds :: obj_id 24178
2023-05-03T13:14:58+00:00 NOTICE debug :: Order ID 24178 was pending and is now processing :: Array
(
    [new_order] => 1
    [tracking] => Array
        (
            [campaign_id] => 
            [landing_site] => https://naturalconexion.com/wp-content/plugins/woocommerce-payu-latam/confirmation.php
        )

)

2023-05-03T13:16:36+00:00 NOTICE order.member.updated :: Updated Lina.castilla@yahoo.com subscriber status to subscribed and language to es
2023-05-03T13:16:36+00:00 NOTICE order_submit.success :: addStoreOrder :: #24178 :: email: Lina.castilla@yahoo.com :: landing site https://naturalconexion.com/checkout/order-pay/24177/?key=wc_order_UVArsBwR6w6oA :: abandoned cart deleted [96d801baf0c88dae11bc63d6d75a9981]
2023-05-03T13:27:44+00:00 NOTICE action_scheduler.queue_job :: MailChimp_WooCommerce_Single_Order starts in 90 seconds :: obj_id 24167
2023-05-03T13:27:49+00:00 NOTICE debug :: Order ID 24167 was processing and is now completed :: Array
(
    [new_order] => 
    [tracking] => 
)

2023-05-03T13:27:49+00:00 NOTICE action_scheduler.queue_job :: MailChimp_WooCommerce_Single_Order starts in 90 seconds :: obj_id 24172
2023-05-03T13:27:52+00:00 NOTICE debug :: Order ID 24172 was processing and is now completed :: Array
(
    [new_order] => 
    [tracking] => 
)

2023-05-03T13:27:52+00:00 NOTICE action_scheduler.queue_job :: MailChimp_WooCommerce_Single_Order starts in 90 seconds :: obj_id 24174
2023-05-03T13:27:55+00:00 NOTICE debug :: Order ID 24174 was processing and is now completed :: Array
(
    [new_order] => 
    [tracking] => 
)

2023-05-03T13:27:55+00:00 NOTICE action_scheduler.queue_job :: MailChimp_WooCommerce_Single_Order starts in 90 seconds :: obj_id 24176
2023-05-03T13:27:58+00:00 NOTICE debug :: Order ID 24176 was processing and is now completed :: Array
(
    [new_order] => 
    [tracking] => 
)

2023-05-03T13:30:15+00:00 NOTICE order.member.updated :: Updated susanacuadrostuberquia@gmail.com subscriber status to subscribed and language to 
2023-05-03T13:30:15+00:00 NOTICE order_submit.success :: updateStoreOrder :: #24167 :: email: susanacuadrostuberquia@gmail.com
2023-05-03T13:30:17+00:00 NOTICE order.member.updated :: Updated krn181061@hotmail.com subscriber status to subscribed and language to 
2023-05-03T13:30:17+00:00 NOTICE order_submit.success :: updateStoreOrder :: #24172 :: email: krn181061@hotmail.com
2023-05-03T13:30:19+00:00 NOTICE order.member.updated :: Updated marce.0726@hotmail.com subscriber status to subscribed and language to 
2023-05-03T13:30:19+00:00 NOTICE order_submit.success :: updateStoreOrder :: #24174 :: email: marce.0726@hotmail.com
2023-05-03T13:30:21+00:00 NOTICE order.member.updated :: Updated alejandraborjatellez@gmail.com subscriber status to subscribed and language to 
2023-05-03T13:30:21+00:00 NOTICE order_submit.success :: updateStoreOrder :: #24176 :: email: alejandraborjatellez@gmail.com
2023-05-03T13:53:40+00:00 NOTICE action_scheduler.queue_job :: MailChimp_WooCommerce_Single_Order starts in 90 seconds :: obj_id 24168
2023-05-03T13:53:44+00:00 NOTICE debug :: Order ID 24168 was processing and is now completed :: Array
(
    [new_order] => 
    [tracking] => 
)

2023-05-03T13:53:45+00:00 NOTICE action_scheduler.queue_job :: MailChimp_WooCommerce_Single_Order starts in 90 seconds :: obj_id 24169
2023-05-03T13:53:48+00:00 NOTICE debug :: Order ID 24169 was processing and is now completed :: Array
(
    [new_order] => 
    [tracking] => 
)

2023-05-03T13:53:48+00:00 NOTICE action_scheduler.queue_job :: MailChimp_WooCommerce_Single_Order starts in 90 seconds :: obj_id 24170
2023-05-03T13:53:51+00:00 NOTICE debug :: Order ID 24170 was processing and is now completed :: Array
(
    [new_order] => 
    [tracking] => 
)

2023-05-03T13:53:51+00:00 NOTICE action_scheduler.queue_job :: MailChimp_WooCommerce_Single_Order starts in 90 seconds :: obj_id 24171
2023-05-03T13:53:54+00:00 NOTICE debug :: Order ID 24171 was processing and is now completed :: Array
(
    [new_order] => 
    [tracking] => 
)

2023-05-03T13:53:54+00:00 NOTICE action_scheduler.queue_job :: MailChimp_WooCommerce_Single_Order starts in 90 seconds :: obj_id 24175
2023-05-03T13:53:56+00:00 NOTICE debug :: Order ID 24175 was processing and is now completed :: Array
(
    [new_order] => 
    [tracking] => 
)

2023-05-03T13:53:56+00:00 NOTICE action_scheduler.queue_job :: MailChimp_WooCommerce_Single_Order starts in 90 seconds :: obj_id 24178
2023-05-03T13:54:00+00:00 NOTICE debug :: Order ID 24178 was processing and is now completed :: Array
(
    [new_order] => 
    [tracking] => 
)

2023-05-03T13:58:24+00:00 NOTICE order.member.updated :: Updated anrojasariza@gmail.com subscriber status to subscribed and language to 
2023-05-03T13:58:24+00:00 NOTICE order_submit.success :: updateStoreOrder :: #24168 :: email: anrojasariza@gmail.com
2023-05-03T13:58:26+00:00 NOTICE order.member.updated :: Updated hasiveth@hotmail.com subscriber status to subscribed and language to 
2023-05-03T13:58:26+00:00 NOTICE order_submit.success :: updateStoreOrder :: #24169 :: email: hasiveth@hotmail.com
2023-05-03T13:58:27+00:00 NOTICE order.member.updated :: Updated tatyarangoa@gmail.com subscriber status to subscribed and language to 
2023-05-03T13:58:27+00:00 NOTICE order_submit.success :: updateStoreOrder :: #24170 :: email: tatyarangoa@gmail.com
2023-05-03T13:58:29+00:00 NOTICE order.member.updated :: Updated ingryvilla@hotmail.com subscriber status to subscribed and language to 
2023-05-03T13:58:29+00:00 NOTICE order_submit.success :: updateStoreOrder :: #24171 :: email: ingryvilla@hotmail.com
2023-05-03T13:58:31+00:00 NOTICE order.member.updated :: Updated jessica_garu@msn.com subscriber status to subscribed and language to 
2023-05-03T13:58:31+00:00 NOTICE order_submit.success :: updateStoreOrder :: #24175 :: email: jessica_garu@msn.com
2023-05-03T13:58:32+00:00 NOTICE order.member.updated :: Updated Lina.castilla@yahoo.com subscriber status to subscribed and language to 
2023-05-03T13:58:32+00:00 NOTICE order_submit.success :: updateStoreOrder :: #24178 :: email: Lina.castilla@yahoo.com
2023-05-03T14:33:45+00:00 NOTICE action_scheduler.queue_job :: MailChimp_WooCommerce_Cart_Update queued :: obj_id 3fd335fe951590563e613c7666bfa8b9
2023-05-03T14:33:46+00:00 NOTICE abandoned_cart.success :: email: manuela8930@hotmail.com :: checkout_url: https://naturalconexion.com/checkout/?mc_cart_id=3fd335fe951590563e613c7666bfa8b9
2023-05-03T14:33:47+00:00 NOTICE cart.member.updated :: Updated manuela8930@hotmail.com subscriber status to transactional and language to es
2023-05-03T14:33:48+00:00 NOTICE action_scheduler.queue_job :: MailChimp_WooCommerce_Cart_Update queued :: obj_id 3fd335fe951590563e613c7666bfa8b9
2023-05-03T14:34:06+00:00 NOTICE action_scheduler.queue_job :: MailChimp_WooCommerce_Single_Order starts in 90 seconds :: obj_id 24179
2023-05-03T14:34:08+00:00 NOTICE abandoned_cart.success :: email: manuela8930@hotmail.com :: checkout_url: https://naturalconexion.com/checkout/?mc_cart_id=3fd335fe951590563e613c7666bfa8b9
2023-05-03T14:35:50+00:00 NOTICE order_submit :: #24179 has a financial status of pending and was skipped.
2023-05-03T14:36:28+00:00 NOTICE action_scheduler.queue_job :: MailChimp_WooCommerce_Single_Order starts in 90 seconds :: obj_id 24179
2023-05-03T14:36:31+00:00 NOTICE debug :: Order ID 24179 was pending and is now processing :: Array
(
    [new_order] => 1
    [tracking] => Array
        (
            [campaign_id] => 
            [landing_site] => https://naturalconexion.com/wp-content/plugins/woocommerce-payu-latam/confirmation.php
        )

)

2023-05-03T14:38:17+00:00 NOTICE order.member.updated :: Updated manuela8930@hotmail.com subscriber status to transactional and language to 
2023-05-03T14:38:17+00:00 NOTICE order_submit.success :: addStoreOrder :: #24179 :: email: manuela8930@hotmail.com :: landing site https://naturalconexion.com/wp-content/plugins/woocommerce-payu-latam/confirmation.php :: abandoned cart deleted [3fd335fe951590563e613c7666bfa8b9]
2023-05-03T15:01:31+00:00 NOTICE action_scheduler.queue_job :: MailChimp_WooCommerce_Cart_Update queued :: obj_id 6a0eaee7dc43cbbdbdfea79588f51839
2023-05-03T15:01:33+00:00 NOTICE abandoned_cart.success :: email: yeimymg@gmail.com :: checkout_url: https://naturalconexion.com/checkout/?mc_cart_id=6a0eaee7dc43cbbdbdfea79588f51839
2023-05-03T15:01:34+00:00 NOTICE cart.member.updated :: Updated yeimymg@gmail.com subscriber status to transactional and language to es
2023-05-03T15:06:39+00:00 NOTICE action_scheduler.queue_job :: MailChimp_WooCommerce_Cart_Update queued :: obj_id 6a0eaee7dc43cbbdbdfea79588f51839
2023-05-03T15:08:12+00:00 NOTICE abandoned_cart.success :: email: yeimymg@gmail.com :: checkout_url: https://naturalconexion.com/checkout/?mc_cart_id=6a0eaee7dc43cbbdbdfea79588f51839
2023-05-03T16:39:27+00:00 NOTICE action_scheduler.queue_job :: MailChimp_WooCommerce_Cart_Update queued :: obj_id 3fee40e86880b00f297a11a4ea4f0835
2023-05-03T16:39:50+00:00 NOTICE abandoned_cart.success :: email: catalate2616@gmail.com :: checkout_url: https://naturalconexion.com/checkout/?mc_cart_id=3fee40e86880b00f297a11a4ea4f0835
2023-05-03T16:39:50+00:00 NOTICE cart.member.updated :: Updated catalate2616@gmail.com subscriber status to transactional and language to es
2023-05-03T16:40:44+00:00 NOTICE action_scheduler.queue_job :: MailChimp_WooCommerce_Single_Order starts in 90 seconds :: obj_id 24180
2023-05-03T16:42:41+00:00 NOTICE order_submit :: #24180 has a financial status of pending and was skipped.
2023-05-03T16:43:21+00:00 NOTICE action_scheduler.queue_job :: MailChimp_WooCommerce_Single_Order starts in 90 seconds :: obj_id 24180
2023-05-03T16:43:24+00:00 NOTICE debug :: Order ID 24180 was pending and is now processing :: Array
(
    [new_order] => 1
    [tracking] => Array
        (
            [campaign_id] => 
            [landing_site] => https://naturalconexion.com/?wc-api=wc_addi_gateway
        )

)

2023-05-03T16:46:10+00:00 NOTICE order.member.updated :: Updated catalate2616@gmail.com subscriber status to subscribed and language to 
2023-05-03T16:46:10+00:00 NOTICE order_submit.success :: addStoreOrder :: #24180 :: email: catalate2616@gmail.com :: landing site https://naturalconexion.com/?wc-api=wc_addi_gateway :: abandoned cart deleted [3fee40e86880b00f297a11a4ea4f0835]
2023-05-03T16:51:21+00:00 NOTICE action_scheduler.queue_job :: MailChimp_WooCommerce_Cart_Update queued :: obj_id adce795e105e7702f302c97cda6c56e1
2023-05-03T16:51:34+00:00 NOTICE abandoned_cart.success :: email: nanamg0623@gmail.com :: checkout_url: https://naturalconexion.com/checkout/?mc_cart_id=adce795e105e7702f302c97cda6c56e1
2023-05-03T16:51:34+00:00 NOTICE cart.member.updated :: Updated nanamg0623@gmail.com subscriber status to subscribed and language to es
2023-05-03T16:52:37+00:00 NOTICE action_scheduler.queue_job :: MailChimp_WooCommerce_Single_Order starts in 90 seconds :: obj_id 24181
2023-05-03T16:54:36+00:00 NOTICE order_submit :: #24181 has a financial status of pending and was skipped.
2023-05-03T16:56:13+00:00 NOTICE action_scheduler.queue_job :: MailChimp_WooCommerce_Single_Order starts in 90 seconds :: obj_id 24181
2023-05-03T16:56:17+00:00 NOTICE debug :: Order ID 24181 was pending and is now processing :: Array
(
    [new_order] => 1
    [tracking] => Array
        (
            [campaign_id] => 
            [landing_site] => https://naturalconexion.com/wp-content/plugins/woocommerce-payu-latam/confirmation.php
        )

)

2023-05-03T16:58:56+00:00 NOTICE order.member.updated :: Updated nanamg0623@gmail.com subscriber status to subscribed and language to 
2023-05-03T16:58:56+00:00 NOTICE order_submit.success :: addStoreOrder :: #24181 :: email: nanamg0623@gmail.com :: landing site https://naturalconexion.com/wp-content/plugins/woocommerce-payu-latam/confirmation.php :: abandoned cart deleted [adce795e105e7702f302c97cda6c56e1]
2023-05-03T17:05:28+00:00 NOTICE action_scheduler.queue_job :: MailChimp_WooCommerce_Cart_Update queued :: obj_id c518fb2779ee6a7aad63aa6c69ce8977
2023-05-03T17:05:45+00:00 NOTICE abandoned_cart.success :: email: vejimenezsalas@gmail.com :: checkout_url: https://naturalconexion.com/checkout/?mc_cart_id=c518fb2779ee6a7aad63aa6c69ce8977
2023-05-03T17:05:46+00:00 NOTICE cart.member.updated :: Updated vejimenezsalas@gmail.com subscriber status to transactional and language to es
2023-05-03T17:56:17+00:00 NOTICE action_scheduler.queue_job :: MailChimp_WooCommerce_Cart_Update queued :: obj_id 0faa68f43ec37173f59beec191e5b4ca
2023-05-03T17:56:21+00:00 NOTICE abandoned_cart.success :: email: valentina.restrepoalva@gmail.com :: checkout_url: https://naturalconexion.com/checkout/?mc_cart_id=0faa68f43ec37173f59beec191e5b4ca
2023-05-03T17:56:22+00:00 NOTICE cart.member.updated :: Updated valentina.restrepoalva@gmail.com subscriber status to transactional and language to es
2023-05-03T17:56:45+00:00 NOTICE action_scheduler.queue_job :: MailChimp_WooCommerce_User_Submit queued :: obj_id 2475
2023-05-03T17:56:47+00:00 NOTICE action_scheduler.queue_job :: MailChimp_WooCommerce_Single_Order starts in 90 seconds :: obj_id 24182
2023-05-03T17:58:06+00:00 NOTICE member.sync :: Updated Member valentina.restrepoalva@gmail.com :: Array
(
    [previous_status] => transactional
    [status] => 
    [language] => 
    [merge_fields] => Array
        (
            [FNAME] => Valentina
            [LNAME] => Restrepo Álvarez
        )

    [gdpr_fields] => 
)

2023-05-03T17:59:52+00:00 NOTICE order_submit :: #24182 has a financial status of pending and was skipped.
2023-05-03T18:01:57+00:00 NOTICE action_scheduler.queue_job :: MailChimp_WooCommerce_Single_Order starts in 90 seconds :: obj_id 24182
2023-05-03T18:02:02+00:00 NOTICE debug :: Order ID 24182 was pending and is now processing :: Array
(
    [new_order] => 1
    [tracking] => Array
        (
            [campaign_id] => 
            [landing_site] => https://naturalconexion.com/wp-content/plugins/woocommerce-payu-latam/confirmation.php
        )

)

2023-05-03T18:02:02+00:00 NOTICE action_scheduler.queue_job :: MailChimp_WooCommerce_User_Submit queued :: obj_id 2475
2023-05-03T18:02:08+00:00 NOTICE member.sync :: Updated Member valentina.restrepoalva@gmail.com :: Array
(
    [previous_status] => transactional
    [status] => 
    [language] => 
    [merge_fields] => Array
        (
            [FNAME] => Valentina
            [LNAME] => Restrepo Álvarez
        )

    [gdpr_fields] => 
)

2023-05-03T18:04:05+00:00 NOTICE order.member.updated :: Updated valentina.restrepoalva@gmail.com subscriber status to transactional and language to 
2023-05-03T18:04:05+00:00 NOTICE order_submit.success :: addStoreOrder :: #24182 :: email: valentina.restrepoalva@gmail.com :: landing site https://naturalconexion.com/wp-content/plugins/woocommerce-payu-latam/confirmation.php :: abandoned cart deleted [0faa68f43ec37173f59beec191e5b4ca]
