2023-09-02T00:37:48+00:00 NOTICE action_scheduler.queue_job :: MailChimp_WooCommerce_Single_Order starts in 90 seconds :: obj_id 25482
2023-09-02T00:37:48+00:00 NOTICE debug :: Order ID 25482 was pending and is now cancelled :: Array
(
    [new_order] => 
    [tracking] => 
)

2023-09-02T00:40:20+00:00 NOTICE order_submit :: #25482 has a financial status of cancelled and was skipped.
2023-09-02T11:59:09+00:00 NOTICE action_scheduler.queue_job :: MailChimp_WooCommerce_User_Submit queued :: obj_id 2634
2023-09-02T11:59:51+00:00 NOTICE member.sync :: Subscribed Member d.k.k.d.k.kdkk.17@gmail.com :: Array
(
    [status_if_new] => 1
    [merge_fields] => Array
        (
        )

)

2023-09-02T12:01:49+00:00 NOTICE action_scheduler.queue_job :: MailChimp_WooCommerce_Cart_Update queued :: obj_id 9886d6e8121a6c70548167bfea828893
2023-09-02T12:01:52+00:00 NOTICE abandoned_cart.success :: email: mariaisabel.velema@gmail.com :: checkout_url: https://naturalconexion.com/checkout/?mc_cart_id=9886d6e8121a6c70548167bfea828893
2023-09-02T12:01:52+00:00 NOTICE cart.member.updated :: Updated mariaisabel.velema@gmail.com subscriber status to subscribed and language to es
2023-09-02T12:02:25+00:00 NOTICE action_scheduler.queue_job :: MailChimp_WooCommerce_Cart_Update queued :: obj_id 9886d6e8121a6c70548167bfea828893
2023-09-02T12:02:56+00:00 NOTICE abandoned_cart.success :: email: mariaisabel.velema@gmail.com :: checkout_url: https://naturalconexion.com/checkout/?mc_cart_id=9886d6e8121a6c70548167bfea828893
2023-09-02T12:03:27+00:00 NOTICE action_scheduler.queue_job :: MailChimp_WooCommerce_Cart_Update queued :: obj_id 9886d6e8121a6c70548167bfea828893
2023-09-02T12:03:58+00:00 NOTICE abandoned_cart.success :: email: mariaisabel.velema@gmail.com :: checkout_url: https://naturalconexion.com/checkout/?mc_cart_id=9886d6e8121a6c70548167bfea828893
2023-09-02T12:04:09+00:00 NOTICE action_scheduler.queue_job :: MailChimp_WooCommerce_Cart_Update queued :: obj_id 9886d6e8121a6c70548167bfea828893
2023-09-02T12:04:31+00:00 NOTICE abandoned_cart.success :: email: mariaisabel.velema@gmail.com :: checkout_url: https://naturalconexion.com/checkout/?mc_cart_id=9886d6e8121a6c70548167bfea828893
2023-09-02T12:04:58+00:00 NOTICE action_scheduler.queue_job :: MailChimp_WooCommerce_Cart_Update queued :: obj_id 9886d6e8121a6c70548167bfea828893
2023-09-02T12:04:59+00:00 NOTICE abandoned_cart.success :: email: mariaisabel.velema@gmail.com :: checkout_url: https://naturalconexion.com/checkout/?mc_cart_id=9886d6e8121a6c70548167bfea828893
2023-09-02T12:06:45+00:00 NOTICE action_scheduler.queue_job :: MailChimp_WooCommerce_Cart_Update queued :: obj_id 9886d6e8121a6c70548167bfea828893
2023-09-02T12:07:37+00:00 NOTICE abandoned_cart.success :: email: mariaisabel.velema@gmail.com :: checkout_url: https://naturalconexion.com/checkout/?mc_cart_id=9886d6e8121a6c70548167bfea828893
2023-09-02T12:09:39+00:00 NOTICE action_scheduler.queue_job :: MailChimp_WooCommerce_Cart_Update queued :: obj_id 9886d6e8121a6c70548167bfea828893
2023-09-02T12:09:57+00:00 NOTICE abandoned_cart.success :: email: mariaisabel.velema@gmail.com :: checkout_url: https://naturalconexion.com/checkout/?mc_cart_id=9886d6e8121a6c70548167bfea828893
2023-09-02T12:12:27+00:00 NOTICE action_scheduler.queue_job :: MailChimp_WooCommerce_Cart_Update queued :: obj_id 9886d6e8121a6c70548167bfea828893
2023-09-02T12:12:29+00:00 NOTICE abandoned_cart.success :: email: mariaisabel.velema@gmail.com :: checkout_url: https://naturalconexion.com/checkout/?mc_cart_id=9886d6e8121a6c70548167bfea828893
2023-09-02T12:12:33+00:00 NOTICE action_scheduler.queue_job :: MailChimp_WooCommerce_Single_Order starts in 90 seconds :: obj_id 25486
2023-09-02T12:12:38+00:00 NOTICE debug :: Order ID 25486 was pending and is now processing :: Array
(
    [new_order] => 1
    [tracking] => Array
        (
            [campaign_id] => 
            [landing_site] => https://naturalconexion.com/
        )

)

2023-09-02T12:15:07+00:00 NOTICE order.member.updated :: Updated mariaisabel.velema@gmail.com subscriber status to subscribed and language to es
2023-09-02T12:15:07+00:00 NOTICE order_submit.success :: addStoreOrder :: #25486 :: email: mariaisabel.velema@gmail.com :: landing site https://naturalconexion.com/ :: abandoned cart deleted [9886d6e8121a6c70548167bfea828893]
2023-09-02T13:52:32+00:00 NOTICE action_scheduler.queue_job :: MailChimp_WooCommerce_Cart_Update queued :: obj_id 4553d14e1fd2897d307b89885f4db70d
2023-09-02T13:52:59+00:00 NOTICE abandoned_cart.success :: email: milero.2012@gmail.com :: checkout_url: https://naturalconexion.com/checkout/?mc_cart_id=4553d14e1fd2897d307b89885f4db70d
2023-09-02T13:52:59+00:00 NOTICE cart.member.updated :: Updated milero.2012@gmail.com subscriber status to transactional and language to es
2023-09-02T13:53:19+00:00 NOTICE action_scheduler.queue_job :: MailChimp_WooCommerce_Cart_Update queued :: obj_id 4553d14e1fd2897d307b89885f4db70d
2023-09-02T13:53:21+00:00 NOTICE abandoned_cart.success :: email: milero.2012@gmail.com :: checkout_url: https://naturalconexion.com/checkout/?mc_cart_id=4553d14e1fd2897d307b89885f4db70d
2023-09-02T14:12:00+00:00 NOTICE action_scheduler.queue_job :: MailChimp_WooCommerce_Cart_Update queued :: obj_id d1a0d6b876ff1411b12119f48c392ef9
2023-09-02T14:12:01+00:00 NOTICE abandoned_cart.success :: email: cami8628@hotmail.com :: checkout_url: https://naturalconexion.com/checkout/?mc_cart_id=d1a0d6b876ff1411b12119f48c392ef9
2023-09-02T14:12:02+00:00 NOTICE action_scheduler.queue_job :: MailChimp_WooCommerce_Cart_Update queued :: obj_id d1a0d6b876ff1411b12119f48c392ef9
2023-09-02T14:12:03+00:00 NOTICE cart.member.updated :: Updated cami8628@hotmail.com subscriber status to subscribed and language to es
2023-09-02T14:12:03+00:00 NOTICE abandoned_cart.success :: email: cami8628@hotmail.com :: checkout_url: https://naturalconexion.com/checkout/?mc_cart_id=d1a0d6b876ff1411b12119f48c392ef9
2023-09-02T14:12:21+00:00 NOTICE action_scheduler.queue_job :: MailChimp_WooCommerce_Single_Order starts in 90 seconds :: obj_id 25487
2023-09-02T14:14:47+00:00 NOTICE debug :: Order ID 25487 was pending and is now processing :: Array
(
    [new_order] => 1
    [tracking] => Array
        (
            [campaign_id] => 
            [landing_site] => https://naturalconexion.com/wp-content/plugins/woocommerce-payu-latam/confirmation.php
        )

)

2023-09-02T14:16:18+00:00 NOTICE order.member.updated :: Updated Cami8628@hotmail.com subscriber status to subscribed and language to es
2023-09-02T14:16:18+00:00 NOTICE order_submit.success :: addStoreOrder :: #25487 :: email: Cami8628@hotmail.com :: landing site https://naturalconexion.com/ :: abandoned cart deleted [d1a0d6b876ff1411b12119f48c392ef9]
2023-09-02T16:02:55+00:00 NOTICE action_scheduler.queue_job :: MailChimp_WooCommerce_Cart_Update queued :: obj_id 6f48659c49d47d4c1d8e5ba62bff7724
2023-09-02T16:02:57+00:00 NOTICE abandoned_cart.success :: email: erika.hada@hotmail.com :: checkout_url: https://naturalconexion.com/checkout/?mc_cart_id=6f48659c49d47d4c1d8e5ba62bff7724
2023-09-02T16:02:57+00:00 NOTICE cart.member.updated :: Updated erika.hada@hotmail.com subscriber status to subscribed and language to es
2023-09-02T16:03:18+00:00 NOTICE action_scheduler.queue_job :: MailChimp_WooCommerce_Single_Order starts in 90 seconds :: obj_id 25488
2023-09-02T16:04:56+00:00 NOTICE order_submit :: #25488 has a financial status of pending and was skipped.
2023-09-02T16:09:29+00:00 NOTICE action_scheduler.queue_job :: MailChimp_WooCommerce_Single_Order starts in 90 seconds :: obj_id 25488
2023-09-02T16:09:32+00:00 NOTICE debug :: Order ID 25488 was pending and is now processing :: Array
(
    [new_order] => 1
    [tracking] => Array
        (
            [campaign_id] => 
            [landing_site] => https://naturalconexion.com/wp-content/plugins/woocommerce-payu-latam/confirmation.php
        )

)

2023-09-02T16:11:03+00:00 NOTICE order.member.updated :: Updated erika.hada@hotmail.com subscriber status to subscribed and language to 
2023-09-02T16:11:03+00:00 NOTICE order_submit.success :: addStoreOrder :: #25488 :: email: erika.hada@hotmail.com :: landing site https://naturalconexion.com/wp-content/plugins/woocommerce-payu-latam/confirmation.php :: abandoned cart deleted [6f48659c49d47d4c1d8e5ba62bff7724]
2023-09-02T20:46:41+00:00 NOTICE action_scheduler.queue_job :: MailChimp_WooCommerce_Cart_Update queued :: obj_id 6f739af81c7674c7c49e99817bef9e58
2023-09-02T20:46:57+00:00 NOTICE abandoned_cart.success :: email: mlurueta@outlook.com :: checkout_url: https://naturalconexion.com/checkout/?mc_cart_id=6f739af81c7674c7c49e99817bef9e58
2023-09-02T20:46:58+00:00 NOTICE cart.member.updated :: Updated mlurueta@outlook.com subscriber status to subscribed and language to es
2023-09-02T20:47:51+00:00 NOTICE action_scheduler.queue_job :: MailChimp_WooCommerce_Single_Order starts in 90 seconds :: obj_id 25489
2023-09-02T20:48:45+00:00 NOTICE debug :: Order ID 25489 was pending and is now processing :: Array
(
    [new_order] => 1
    [tracking] => Array
        (
            [campaign_id] => 
            [landing_site] => https://naturalconexion.com/?wc-api=wc_addi_gateway
        )

)

2023-09-02T20:50:44+00:00 NOTICE order.member.updated :: Updated mlurueta@outlook.com subscriber status to subscribed and language to es
2023-09-02T20:50:44+00:00 NOTICE order_submit.success :: addStoreOrder :: #25489 :: email: mlurueta@outlook.com :: landing site https://naturalconexion.com/ :: abandoned cart deleted [6f739af81c7674c7c49e99817bef9e58]
2023-09-02T21:04:50+00:00 NOTICE action_scheduler.queue_job :: MailChimp_WooCommerce_Cart_Update queued :: obj_id 78e1ffe83b5502f88cebc978eefc3f8c
2023-09-02T21:05:05+00:00 NOTICE abandoned_cart.success :: email: laudanie25@gmail.com :: checkout_url: https://naturalconexion.com/checkout/?mc_cart_id=78e1ffe83b5502f88cebc978eefc3f8c
2023-09-02T21:05:06+00:00 NOTICE cart.member.updated :: Updated laudanie25@gmail.com subscriber status to subscribed and language to es
2023-09-02T21:11:11+00:00 NOTICE action_scheduler.queue_job :: MailChimp_WooCommerce_Cart_Update queued :: obj_id 78e1ffe83b5502f88cebc978eefc3f8c
2023-09-02T21:11:56+00:00 NOTICE abandoned_cart.success :: email: laudanie25@gmail.com :: checkout_url: https://naturalconexion.com/checkout/?mc_cart_id=78e1ffe83b5502f88cebc978eefc3f8c
2023-09-02T21:12:44+00:00 NOTICE action_scheduler.queue_job :: MailChimp_WooCommerce_Cart_Update queued :: obj_id 78e1ffe83b5502f88cebc978eefc3f8c
2023-09-02T21:12:49+00:00 NOTICE abandoned_cart.success :: email: laudanie25@gmail.com :: checkout_url: https://naturalconexion.com/checkout/?mc_cart_id=78e1ffe83b5502f88cebc978eefc3f8c
2023-09-02T21:13:57+00:00 NOTICE action_scheduler.queue_job :: MailChimp_WooCommerce_Cart_Update queued :: obj_id 78e1ffe83b5502f88cebc978eefc3f8c
2023-09-02T21:13:58+00:00 NOTICE abandoned_cart.success :: email: laudanie25@gmail.com :: checkout_url: https://naturalconexion.com/checkout/?mc_cart_id=78e1ffe83b5502f88cebc978eefc3f8c
2023-09-02T21:14:21+00:00 NOTICE action_scheduler.queue_job :: MailChimp_WooCommerce_Cart_Update queued :: obj_id 78e1ffe83b5502f88cebc978eefc3f8c
2023-09-02T21:14:52+00:00 NOTICE abandoned_cart.success :: email: laudanie25@gmail.com :: checkout_url: https://naturalconexion.com/checkout/?mc_cart_id=78e1ffe83b5502f88cebc978eefc3f8c
2023-09-02T21:16:17+00:00 NOTICE action_scheduler.queue_job :: MailChimp_WooCommerce_Single_Order starts in 90 seconds :: obj_id 25490
2023-09-02T21:19:57+00:00 NOTICE order_submit :: #25490 has a financial status of pending and was skipped.
2023-09-02T21:21:37+00:00 NOTICE action_scheduler.queue_job :: MailChimp_WooCommerce_Single_Order starts in 90 seconds :: obj_id 25490
2023-09-02T21:21:40+00:00 NOTICE debug :: Order ID 25490 was pending and is now processing :: Array
(
    [new_order] => 1
    [tracking] => Array
        (
            [campaign_id] => 
            [landing_site] => https://naturalconexion.com/wp-content/plugins/woocommerce-payu-latam/confirmation.php
        )

)

2023-09-02T21:25:15+00:00 NOTICE order.member.updated :: Updated laudanie25@gmail.com subscriber status to subscribed and language to 
2023-09-02T21:25:15+00:00 NOTICE order_submit.success :: addStoreOrder :: #25490 :: email: laudanie25@gmail.com :: landing site https://naturalconexion.com/wp-content/plugins/woocommerce-payu-latam/confirmation.php :: abandoned cart deleted [78e1ffe83b5502f88cebc978eefc3f8c]
2023-09-02T22:08:19+00:00 NOTICE action_scheduler.queue_job :: MailChimp_WooCommerce_Cart_Update queued :: obj_id cd681944505354b90571dfe011c654a2
2023-09-02T22:09:34+00:00 NOTICE abandoned_cart.success :: email: elizabeth.comu@gmail.com :: checkout_url: https://naturalconexion.com/checkout/?mc_cart_id=cd681944505354b90571dfe011c654a2
2023-09-02T22:09:34+00:00 NOTICE cart.member.updated :: Updated elizabeth.comu@gmail.com subscriber status to subscribed and language to es
2023-09-02T22:09:36+00:00 NOTICE action_scheduler.queue_job :: MailChimp_WooCommerce_Single_Order starts in 90 seconds :: obj_id 25491
2023-09-02T22:11:54+00:00 NOTICE order_submit :: #25491 has a financial status of pending and was skipped.
2023-09-02T22:13:28+00:00 NOTICE action_scheduler.queue_job :: MailChimp_WooCommerce_Single_Order starts in 90 seconds :: obj_id 25491
2023-09-02T22:13:31+00:00 NOTICE debug :: Order ID 25491 was pending and is now processing :: Array
(
    [new_order] => 1
    [tracking] => Array
        (
            [campaign_id] => 
            [landing_site] => https://naturalconexion.com/wp-content/plugins/woocommerce-payu-latam/confirmation.php
        )

)

2023-09-02T22:15:49+00:00 NOTICE order.member.updated :: Updated elizabeth.comu@gmail.com subscriber status to subscribed and language to 
2023-09-02T22:15:49+00:00 NOTICE order_submit.success :: addStoreOrder :: #25491 :: email: elizabeth.comu@gmail.com :: landing site https://naturalconexion.com/wp-content/plugins/woocommerce-payu-latam/confirmation.php :: abandoned cart deleted [cd681944505354b90571dfe011c654a2]
