2022-05-12T00:54:46+00:00 NOTICE action_scheduler.queue_job :: MailChimp_WooCommerce_Cart_Update queued :: obj_id 3f645c95ffaa6e9f31d3a4a0698fc312
2022-05-12T00:55:36+00:00 NOTICE abandoned_cart.success :: email: dorisandreafelix@hotmail.com :: checkout_url: https://naturalconexion.com/checkout/?mc_cart_id=3f645c95ffaa6e9f31d3a4a0698fc312
2022-05-12T00:55:37+00:00 NOTICE cart.member.updated :: Updated dorisandreafelix@hotmail.com subscriber status to transactional and language to es
2022-05-12T00:56:01+00:00 NOTICE action_scheduler.queue_job :: MailChimp_WooCommerce_Cart_Update queued :: obj_id 3f645c95ffaa6e9f31d3a4a0698fc312
2022-05-12T00:56:16+00:00 NOTICE abandoned_cart.success :: email: dorisandreafelix@hotmail.com :: checkout_url: https://naturalconexion.com/checkout/?mc_cart_id=3f645c95ffaa6e9f31d3a4a0698fc312
2022-05-12T01:03:11+00:00 NOTICE action_scheduler.queue_job :: MailChimp_WooCommerce_Cart_Update queued :: obj_id 3f645c95ffaa6e9f31d3a4a0698fc312
2022-05-12T01:03:21+00:00 NOTICE action_scheduler.queue_job :: MailChimp_WooCommerce_Single_Order starts in 90 seconds :: obj_id 20164
2022-05-12T01:03:35+00:00 NOTICE abandoned_cart.success :: email: dorisandreafelix@hotmail.com :: checkout_url: https://naturalconexion.com/checkout/?mc_cart_id=3f645c95ffaa6e9f31d3a4a0698fc312
2022-05-12T01:05:12+00:00 NOTICE order_sumbit :: #20164 has a financial status of pending and was skipped.
2022-05-12T01:05:50+00:00 NOTICE action_scheduler.queue_job :: MailChimp_WooCommerce_Single_Order starts in 90 seconds :: obj_id 20164
2022-05-12T01:05:52+00:00 NOTICE debug :: Order ID 20164 was pending and is now processing :: Array
(
    [new_order] => 1
    [tracking] => Array
        (
            [campaign_id] => 
            [landing_site] => https://naturalconexion.com/wp-admin/admin-ajax.php
        )

)

2022-05-12T01:08:12+00:00 NOTICE order.member.updated :: Updated dorisandreafelix@hotmail.com subscriber status to transactional and language to 
2022-05-12T01:08:12+00:00 NOTICE order_submit.success :: addStoreOrder :: #20164 :: email: dorisandreafelix@hotmail.com :: landing site https://naturalconexion.com/wp-admin/admin-ajax.php :: abandoned cart deleted [3f645c95ffaa6e9f31d3a4a0698fc312]
2022-05-12T01:13:35+00:00 NOTICE action_scheduler.queue_job :: MailChimp_WooCommerce_SingleCoupon queued :: obj_id 20165
2022-05-12T01:13:55+00:00 NOTICE promo_code_submit.success :: #20165 :: code: krthaozx
2022-05-12T01:50:30+00:00 NOTICE action_scheduler.queue_job :: MailChimp_WooCommerce_Cart_Update queued :: obj_id 59645e9ee5367225cbeaa6b5cd62f170
2022-05-12T01:50:32+00:00 NOTICE abandoned_cart.success :: email: jessica_garu@msn.com :: checkout_url: https://naturalconexion.com/checkout/?mc_cart_id=59645e9ee5367225cbeaa6b5cd62f170
2022-05-12T01:50:32+00:00 NOTICE cart.member.updated :: Updated jessica_garu@msn.com subscriber status to subscribed and language to es
2022-05-12T01:52:22+00:00 NOTICE action_scheduler.queue_job :: MailChimp_WooCommerce_User_Submit queued :: obj_id 2075
2022-05-12T01:52:23+00:00 NOTICE action_scheduler.queue_job :: MailChimp_WooCommerce_Single_Order starts in 90 seconds :: obj_id 20166
2022-05-12T01:52:37+00:00 NOTICE member.sync :: Updated Member jessica_garu@msn.com ( merge fields only ) :: Array
(
    [merge_fields] => Array
        (
            [FNAME] => JESSICA
            [LNAME] => GARCIA RUIZ
        )

)

2022-05-12T01:53:44+00:00 NOTICE action_scheduler.queue_job :: MailChimp_WooCommerce_SingleCoupon queued :: obj_id 20167
2022-05-12T01:54:21+00:00 NOTICE promo_code_submit.success :: #20167 :: code: 6c271l6m
2022-05-12T01:54:21+00:00 NOTICE order_sumbit :: #20166 has a financial status of pending and was skipped.
2022-05-12T01:54:35+00:00 NOTICE action_scheduler.queue_job :: MailChimp_WooCommerce_Single_Order starts in 90 seconds :: obj_id 20166
2022-05-12T01:54:36+00:00 NOTICE debug :: Order ID 20166 was pending and is now processing :: Array
(
    [new_order] => 1
    [tracking] => Array
        (
            [campaign_id] => 
            [landing_site] => https://naturalconexion.com/wp-admin/admin-ajax.php
        )

)

2022-05-12T01:56:12+00:00 NOTICE order.member.updated :: Updated jessica_garu@msn.com subscriber status to subscribed and language to 
2022-05-12T01:56:12+00:00 NOTICE order_submit.success :: addStoreOrder :: #20166 :: email: jessica_garu@msn.com :: landing site https://naturalconexion.com/wp-admin/admin-ajax.php :: abandoned cart deleted [59645e9ee5367225cbeaa6b5cd62f170]
2022-05-12T02:04:35+00:00 NOTICE action_scheduler.queue_job :: MailChimp_WooCommerce_Cart_Update queued :: obj_id 1a2fce7ba2ff9f09a8e92f0d2618504d
2022-05-12T02:04:37+00:00 NOTICE abandoned_cart.success :: email: herandita_97@hotmail.com :: checkout_url: https://naturalconexion.com/checkout/?mc_cart_id=1a2fce7ba2ff9f09a8e92f0d2618504d
2022-05-12T02:04:37+00:00 NOTICE cart.member.updated :: Updated herandita_97@hotmail.com subscriber status to subscribed and language to es
2022-05-12T03:18:19+00:00 NOTICE action_scheduler.queue_job :: MailChimp_WooCommerce_Cart_Update queued :: obj_id 1a2fce7ba2ff9f09a8e92f0d2618504d
2022-05-12T03:18:39+00:00 NOTICE abandoned_cart.success :: email: herandita_97@hotmail.com :: checkout_url: https://naturalconexion.com/checkout/?mc_cart_id=1a2fce7ba2ff9f09a8e92f0d2618504d
2022-05-12T03:18:39+00:00 NOTICE cart.member.updated :: Updated herandita_97@hotmail.com subscriber status to subscribed and language to es
2022-05-12T03:19:11+00:00 NOTICE action_scheduler.queue_job :: MailChimp_WooCommerce_Single_Order starts in 90 seconds :: obj_id 20168
2022-05-12T03:20:41+00:00 NOTICE order_sumbit :: #20168 has a financial status of pending and was skipped.
2022-05-12T03:21:04+00:00 NOTICE action_scheduler.queue_job :: MailChimp_WooCommerce_Single_Order starts in 90 seconds :: obj_id 20168
2022-05-12T03:21:07+00:00 NOTICE debug :: Order ID 20168 was pending and is now processing :: Array
(
    [new_order] => 1
    [tracking] => Array
        (
            [campaign_id] => 
            [landing_site] => https://naturalconexion.com/cart/
        )

)

2022-05-12T03:22:54+00:00 NOTICE order.member.updated :: Updated herandita_97@hotmail.com subscriber status to subscribed and language to 
2022-05-12T03:22:54+00:00 NOTICE order_submit.success :: addStoreOrder :: #20168 :: email: herandita_97@hotmail.com :: landing site https://naturalconexion.com/cart/ :: abandoned cart deleted [1a2fce7ba2ff9f09a8e92f0d2618504d]
2022-05-12T08:54:40+00:00 NOTICE action_scheduler.queue_job :: MailChimp_WooCommerce_SingleCoupon queued :: obj_id 20169
2022-05-12T08:55:09+00:00 NOTICE promo_code_submit.success :: #20169 :: code: dar64d0r
2022-05-12T12:31:49+00:00 NOTICE action_scheduler.queue_job :: MailChimp_WooCommerce_Single_Order starts in 90 seconds :: obj_id 20131
2022-05-12T12:31:51+00:00 NOTICE debug :: Order ID 20131 was processing and is now completed :: Array
(
    [new_order] => 
    [tracking] => 
)

2022-05-12T12:31:51+00:00 NOTICE action_scheduler.queue_job :: MailChimp_WooCommerce_Single_Order starts in 90 seconds :: obj_id 20132
2022-05-12T12:31:52+00:00 NOTICE debug :: Order ID 20132 was processing and is now completed :: Array
(
    [new_order] => 
    [tracking] => 
)

2022-05-12T12:31:52+00:00 NOTICE action_scheduler.queue_job :: MailChimp_WooCommerce_Single_Order starts in 90 seconds :: obj_id 20133
2022-05-12T12:31:53+00:00 NOTICE debug :: Order ID 20133 was processing and is now completed :: Array
(
    [new_order] => 
    [tracking] => 
)

2022-05-12T12:31:53+00:00 NOTICE action_scheduler.queue_job :: MailChimp_WooCommerce_Single_Order starts in 90 seconds :: obj_id 20134
2022-05-12T12:31:54+00:00 NOTICE debug :: Order ID 20134 was processing and is now completed :: Array
(
    [new_order] => 
    [tracking] => 
)

2022-05-12T12:31:54+00:00 NOTICE action_scheduler.queue_job :: MailChimp_WooCommerce_Single_Order starts in 90 seconds :: obj_id 20136
2022-05-12T12:31:55+00:00 NOTICE debug :: Order ID 20136 was processing and is now completed :: Array
(
    [new_order] => 
    [tracking] => 
)

2022-05-12T12:31:55+00:00 NOTICE action_scheduler.queue_job :: MailChimp_WooCommerce_Single_Order starts in 90 seconds :: obj_id 20137
2022-05-12T12:31:56+00:00 NOTICE debug :: Order ID 20137 was processing and is now completed :: Array
(
    [new_order] => 
    [tracking] => 
)

2022-05-12T12:31:56+00:00 NOTICE action_scheduler.queue_job :: MailChimp_WooCommerce_Single_Order starts in 90 seconds :: obj_id 20138
2022-05-12T12:31:56+00:00 NOTICE debug :: Order ID 20138 was processing and is now completed :: Array
(
    [new_order] => 
    [tracking] => 
)

2022-05-12T12:31:56+00:00 NOTICE action_scheduler.queue_job :: MailChimp_WooCommerce_Single_Order starts in 90 seconds :: obj_id 20139
2022-05-12T12:31:57+00:00 NOTICE debug :: Order ID 20139 was processing and is now completed :: Array
(
    [new_order] => 
    [tracking] => 
)

2022-05-12T12:33:24+00:00 NOTICE order.member.updated :: Updated natalydeossapineda@gmail.com subscriber status to subscribed and language to 
2022-05-12T12:33:24+00:00 NOTICE order_submit.success :: updateStoreOrder :: #20131 :: email: natalydeossapineda@gmail.com
2022-05-12T12:33:25+00:00 NOTICE order.member.updated :: Updated dlizcanomedina@gmail.com subscriber status to subscribed and language to 
2022-05-12T12:33:25+00:00 NOTICE order_submit.success :: updateStoreOrder :: #20132 :: email: dlizcanomedina@gmail.com
2022-05-12T12:33:26+00:00 NOTICE order.member.updated :: Updated imckeily_93@outlook.com subscriber status to subscribed and language to 
2022-05-12T12:33:26+00:00 NOTICE order_submit.success :: updateStoreOrder :: #20133 :: email: imckeily_93@outlook.com
2022-05-12T12:33:27+00:00 NOTICE order.member.updated :: Updated czea@premac.co subscriber status to subscribed and language to 
2022-05-12T12:33:27+00:00 NOTICE order_submit.success :: updateStoreOrder :: #20134 :: email: czea@premac.co
2022-05-12T12:33:29+00:00 NOTICE order.member.updated :: Updated asgrandasm.icg@gmail.com subscriber status to subscribed and language to 
2022-05-12T12:33:29+00:00 NOTICE order_submit.success :: updateStoreOrder :: #20136 :: email: asgrandasm.icg@gmail.com
2022-05-12T12:33:30+00:00 NOTICE order.member.updated :: Updated cindybaquero18@gmail.com subscriber status to subscribed and language to 
2022-05-12T12:33:30+00:00 NOTICE order_submit.success :: updateStoreOrder :: #20137 :: email: cindybaquero18@gmail.com
2022-05-12T12:33:31+00:00 NOTICE order.member.updated :: Updated asgrandasm.icg@gmail.com subscriber status to subscribed and language to 
2022-05-12T12:33:31+00:00 NOTICE order_submit.success :: updateStoreOrder :: #20138 :: email: asgrandasm.icg@gmail.com
2022-05-12T12:33:32+00:00 NOTICE order.member.updated :: Updated daniduqueg@gmail.com subscriber status to subscribed and language to 
2022-05-12T12:33:32+00:00 NOTICE order_submit.success :: updateStoreOrder :: #20139 :: email: daniduqueg@gmail.com
2022-05-12T13:38:48+00:00 NOTICE action_scheduler.queue_job :: MailChimp_WooCommerce_Single_Order starts in 90 seconds :: obj_id 20153
2022-05-12T13:38:50+00:00 NOTICE debug :: Order ID 20153 was processing and is now completed :: Array
(
    [new_order] => 
    [tracking] => 
)

2022-05-12T13:38:50+00:00 NOTICE action_scheduler.queue_job :: MailChimp_WooCommerce_Single_Order starts in 90 seconds :: obj_id 20157
2022-05-12T13:38:51+00:00 NOTICE debug :: Order ID 20157 was processing and is now completed :: Array
(
    [new_order] => 
    [tracking] => 
)

2022-05-12T13:38:51+00:00 NOTICE action_scheduler.queue_job :: MailChimp_WooCommerce_Single_Order starts in 90 seconds :: obj_id 20161
2022-05-12T13:38:52+00:00 NOTICE debug :: Order ID 20161 was processing and is now completed :: Array
(
    [new_order] => 
    [tracking] => 
)

2022-05-12T13:38:52+00:00 NOTICE action_scheduler.queue_job :: MailChimp_WooCommerce_Single_Order starts in 90 seconds :: obj_id 20164
2022-05-12T13:38:53+00:00 NOTICE debug :: Order ID 20164 was processing and is now completed :: Array
(
    [new_order] => 
    [tracking] => 
)

2022-05-12T13:38:54+00:00 NOTICE action_scheduler.queue_job :: MailChimp_WooCommerce_Single_Order starts in 90 seconds :: obj_id 20166
2022-05-12T13:38:55+00:00 NOTICE debug :: Order ID 20166 was processing and is now completed :: Array
(
    [new_order] => 
    [tracking] => 
)

2022-05-12T13:38:55+00:00 NOTICE action_scheduler.queue_job :: MailChimp_WooCommerce_Single_Order starts in 90 seconds :: obj_id 20168
2022-05-12T13:38:56+00:00 NOTICE debug :: Order ID 20168 was processing and is now completed :: Array
(
    [new_order] => 
    [tracking] => 
)

2022-05-12T13:39:34+00:00 NOTICE action_scheduler.queue_job :: MailChimp_WooCommerce_SingleCoupon queued :: obj_id 20170
2022-05-12T13:39:35+00:00 NOTICE promo_code_submit.success :: #20170 :: code: wj8bth6v
2022-05-12T13:40:36+00:00 NOTICE order.member.updated :: Updated rupestre3@yahoo.com subscriber status to subscribed and language to 
2022-05-12T13:40:36+00:00 NOTICE order_submit.success :: updateStoreOrder :: #20153 :: email: rupestre3@yahoo.com
2022-05-12T13:40:38+00:00 NOTICE order.member.updated :: Updated j.andre122@hotmail.com subscriber status to unsubscribed and language to 
2022-05-12T13:40:38+00:00 NOTICE order_submit.success :: updateStoreOrder :: #20157 :: email: j.andre122@hotmail.com
2022-05-12T13:40:39+00:00 NOTICE order.member.updated :: Updated aamezquita19@gmail.com subscriber status to subscribed and language to 
2022-05-12T13:40:39+00:00 NOTICE order_submit.success :: updateStoreOrder :: #20161 :: email: aamezquita19@gmail.com
2022-05-12T13:40:40+00:00 NOTICE order.member.updated :: Updated dorisandreafelix@hotmail.com subscriber status to transactional and language to 
2022-05-12T13:40:40+00:00 NOTICE order_submit.success :: updateStoreOrder :: #20164 :: email: dorisandreafelix@hotmail.com
2022-05-12T13:40:42+00:00 NOTICE order.member.updated :: Updated jessica_garu@msn.com subscriber status to subscribed and language to 
2022-05-12T13:40:42+00:00 NOTICE order_submit.success :: updateStoreOrder :: #20166 :: email: jessica_garu@msn.com
2022-05-12T13:40:43+00:00 NOTICE order.member.updated :: Updated herandita_97@hotmail.com subscriber status to subscribed and language to 
2022-05-12T13:40:43+00:00 NOTICE order_submit.success :: updateStoreOrder :: #20168 :: email: herandita_97@hotmail.com
2022-05-12T14:13:04+00:00 NOTICE action_scheduler.queue_job :: MailChimp_WooCommerce_Cart_Update queued :: obj_id b89f67d9d891df95ce8f3803dc95feb5
2022-05-12T14:13:12+00:00 NOTICE abandoned_cart.success :: email: cc.mile@gmail.com :: checkout_url: https://naturalconexion.com/checkout/?mc_cart_id=b89f67d9d891df95ce8f3803dc95feb5
2022-05-12T14:13:13+00:00 NOTICE cart.member.updated :: Updated cc.mile@gmail.com subscriber status to subscribed and language to es
2022-05-12T14:13:54+00:00 NOTICE action_scheduler.queue_job :: MailChimp_WooCommerce_Cart_Update queued :: obj_id b89f67d9d891df95ce8f3803dc95feb5
2022-05-12T14:14:28+00:00 NOTICE abandoned_cart.success :: email: cc.mile@gmail.com :: checkout_url: https://naturalconexion.com/checkout/?mc_cart_id=b89f67d9d891df95ce8f3803dc95feb5
2022-05-12T14:14:38+00:00 NOTICE action_scheduler.queue_job :: MailChimp_WooCommerce_Cart_Update queued :: obj_id b89f67d9d891df95ce8f3803dc95feb5
2022-05-12T14:14:39+00:00 NOTICE abandoned_cart.success :: email: cc.mile@gmail.com :: checkout_url: https://naturalconexion.com/checkout/?mc_cart_id=b89f67d9d891df95ce8f3803dc95feb5
2022-05-12T14:15:39+00:00 NOTICE action_scheduler.queue_job :: MailChimp_WooCommerce_Cart_Update queued :: obj_id b89f67d9d891df95ce8f3803dc95feb5
2022-05-12T14:15:40+00:00 NOTICE abandoned_cart.success :: email: cc.mile@gmail.com :: checkout_url: https://naturalconexion.com/checkout/?mc_cart_id=b89f67d9d891df95ce8f3803dc95feb5
2022-05-12T14:19:14+00:00 NOTICE action_scheduler.queue_job :: MailChimp_WooCommerce_User_Submit queued :: obj_id 1369
2022-05-12T14:19:14+00:00 NOTICE action_scheduler.queue_job :: MailChimp_WooCommerce_Single_Order starts in 90 seconds :: obj_id 20171
2022-05-12T14:19:16+00:00 NOTICE member.sync :: Updated Member cc.mile@gmail.com ( merge fields only ) :: Array
(
    [merge_fields] => Array
        (
            [FNAME] => MILENA
            [LNAME] => CASTANO
        )

)

2022-05-12T14:20:21+00:00 NOTICE debug :: Order ID 20171 was pending and is now processing :: Array
(
    [new_order] => 1
    [tracking] => Array
        (
            [campaign_id] => 
            [landing_site] => https://naturalconexion.com/?wc-ajax=get_refreshed_fragments
        )

)

2022-05-12T14:20:54+00:00 NOTICE action_scheduler.queue_job :: MailChimp_WooCommerce_User_Submit queued :: obj_id 2187
2022-05-12T14:20:55+00:00 NOTICE action_scheduler.queue_job :: MailChimp_WooCommerce_Single_Order starts in 90 seconds :: obj_id 20172
2022-05-12T14:21:44+00:00 NOTICE member.sync :: Subscribed Member yadamila@hotmail.com :: Array
(
    [status_if_new] => 1
    [merge_fields] => Array
        (
            [FNAME] => Jasleidy
            [LNAME] => Leal Fonseca
        )

)

2022-05-12T14:21:52+00:00 NOTICE order.member.updated :: Updated cc.mile@gmail.com subscriber status to subscribed and language to es
2022-05-12T14:21:52+00:00 NOTICE order_submit.success :: addStoreOrder :: #20171 :: email: cc.mile@gmail.com :: landing site https://naturalconexion.com/?wc-ajax=get_refreshed_fragments :: abandoned cart deleted [b89f67d9d891df95ce8f3803dc95feb5]
2022-05-12T14:22:38+00:00 NOTICE order_sumbit :: #20172 has a financial status of pending and was skipped.
2022-05-12T14:25:56+00:00 NOTICE action_scheduler.queue_job :: MailChimp_WooCommerce_Single_Order starts in 90 seconds :: obj_id 20172
2022-05-12T14:25:58+00:00 NOTICE debug :: Order ID 20172 was pending and is now processing :: Array
(
    [new_order] => 1
    [tracking] => Array
        (
            [campaign_id] => 
            [landing_site] => https://naturalconexion.com/wp-admin/admin-ajax.php
        )

)

2022-05-12T14:25:58+00:00 NOTICE action_scheduler.queue_job :: MailChimp_WooCommerce_User_Submit queued :: obj_id 2187
2022-05-12T14:26:38+00:00 NOTICE member.sync :: Updated Member yadamila@hotmail.com ( merge fields only ) :: Array
(
    [merge_fields] => Array
        (
            [FNAME] => Jasleidy
            [LNAME] => Leal Fonseca
        )

)

2022-05-12T14:27:39+00:00 NOTICE order.member.updated :: Updated yadamila@hotmail.com subscriber status to subscribed and language to 
2022-05-12T14:27:39+00:00 NOTICE order_submit.success :: addStoreOrder :: #20172 :: email: yadamila@hotmail.com :: landing site https://naturalconexion.com/wp-admin/admin-ajax.php
2022-05-12T15:05:23+00:00 NOTICE action_scheduler.queue_job :: MailChimp_WooCommerce_User_Submit queued :: obj_id 1
2022-05-12T15:05:39+00:00 ERROR member.sync :: hola@naturalconexion.com :: Error Code 400 :: hola@naturalconexion.com is in a compliance state due to unsubscribe, bounce, or compliance review and cannot be subscribed. on 1898 in /home/forge/naturalconexion.com/wp-content/plugins/mailchimp-for-woocommerce/includes/api/class-mailchimp-api.php
2022-05-12T16:35:31+00:00 NOTICE action_scheduler.queue_job :: MailChimp_WooCommerce_SingleCoupon queued :: obj_id 20173
2022-05-12T16:35:35+00:00 NOTICE promo_code_submit.success :: #20173 :: code: e7q3ij36
2022-05-12T20:39:28+00:00 NOTICE action_scheduler.queue_job :: MailChimp_WooCommerce_SingleCoupon queued :: obj_id 20174
2022-05-12T20:39:41+00:00 NOTICE promo_code_submit.success :: #20174 :: code: rbq75v9l
2022-05-12T20:42:11+00:00 NOTICE action_scheduler.queue_job :: MailChimp_WooCommerce_Cart_Update queued :: obj_id 9c44f6bedfcac3db170cf1a01e655be0
2022-05-12T20:42:32+00:00 NOTICE abandoned_cart.success :: email: diacar26@hotmail.com :: checkout_url: https://naturalconexion.com/checkout/?mc_cart_id=9c44f6bedfcac3db170cf1a01e655be0
2022-05-12T20:42:32+00:00 NOTICE cart.member.updated :: Updated diacar26@hotmail.com subscriber status to subscribed and language to es
2022-05-12T20:43:54+00:00 NOTICE action_scheduler.queue_job :: MailChimp_WooCommerce_Cart_Update queued :: obj_id 9c44f6bedfcac3db170cf1a01e655be0
2022-05-12T20:44:38+00:00 NOTICE abandoned_cart.success :: email: diacar26@hotmail.com :: checkout_url: https://naturalconexion.com/checkout/?mc_cart_id=9c44f6bedfcac3db170cf1a01e655be0
2022-05-12T20:45:02+00:00 NOTICE action_scheduler.queue_job :: MailChimp_WooCommerce_User_Submit queued :: obj_id 1963
2022-05-12T20:45:02+00:00 NOTICE action_scheduler.queue_job :: MailChimp_WooCommerce_Single_Order starts in 90 seconds :: obj_id 20175
2022-05-12T20:46:05+00:00 NOTICE member.sync :: Updated Member diacar26@hotmail.com ( merge fields only ) :: Array
(
    [merge_fields] => Array
        (
            [FNAME] => Diana Marcela
            [LNAME] => Carreño
        )

)

2022-05-12T20:46:52+00:00 NOTICE order_sumbit :: #20175 has a financial status of pending and was skipped.
2022-05-12T21:13:53+00:00 NOTICE action_scheduler.queue_job :: MailChimp_WooCommerce_Single_Order starts in 90 seconds :: obj_id 20175
2022-05-12T21:13:56+00:00 NOTICE debug :: Order ID 20175 was pending and is now processing :: Array
(
    [new_order] => 1
    [tracking] => Array
        (
            [campaign_id] => 
            [landing_site] => https://naturalconexion.com/wp-admin/admin-ajax.php
        )

)

2022-05-12T21:15:44+00:00 NOTICE order.member.updated :: Updated diacar26@hotmail.com subscriber status to subscribed and language to 
2022-05-12T21:15:44+00:00 NOTICE order_submit.success :: addStoreOrder :: #20175 :: email: diacar26@hotmail.com :: landing site https://naturalconexion.com/wp-admin/admin-ajax.php :: abandoned cart deleted [9c44f6bedfcac3db170cf1a01e655be0]
2022-05-12T21:29:34+00:00 NOTICE action_scheduler.queue_job :: MailChimp_WooCommerce_Cart_Update queued :: obj_id 1381499c02bb16ccb84f7b96f37cbfd7
2022-05-12T21:29:39+00:00 NOTICE abandoned_cart.success :: email: davidfnieto8080@gmail.com :: checkout_url: https://naturalconexion.com/checkout/?mc_cart_id=1381499c02bb16ccb84f7b96f37cbfd7
2022-05-12T21:29:40+00:00 NOTICE cart.member.updated :: Updated davidfnieto8080@gmail.com subscriber status to subscribed and language to es
2022-05-12T21:33:33+00:00 NOTICE action_scheduler.queue_job :: MailChimp_WooCommerce_Cart_Update queued :: obj_id 1381499c02bb16ccb84f7b96f37cbfd7
2022-05-12T21:34:04+00:00 NOTICE abandoned_cart.success :: email: davidfnieto8080@gmail.com :: checkout_url: https://naturalconexion.com/checkout/?mc_cart_id=1381499c02bb16ccb84f7b96f37cbfd7
2022-05-12T21:35:55+00:00 NOTICE action_scheduler.queue_job :: MailChimp_WooCommerce_User_Submit queued :: obj_id 1994
2022-05-12T21:35:55+00:00 NOTICE action_scheduler.queue_job :: MailChimp_WooCommerce_Single_Order starts in 90 seconds :: obj_id 20176
2022-05-12T21:36:43+00:00 NOTICE member.sync :: Updated Member davidfnieto8080@gmail.com ( merge fields only ) :: Array
(
    [merge_fields] => Array
        (
            [FNAME] => David
            [LNAME] => Nieto
        )

)

2022-05-12T21:37:42+00:00 NOTICE order_sumbit :: #20176 has a financial status of pending and was skipped.
2022-05-12T21:39:41+00:00 NOTICE action_scheduler.queue_job :: MailChimp_WooCommerce_Single_Order starts in 90 seconds :: obj_id 20176
2022-05-12T21:39:43+00:00 NOTICE debug :: Order ID 20176 was pending and is now processing :: Array
(
    [new_order] => 1
    [tracking] => Array
        (
            [campaign_id] => 
            [landing_site] => https://naturalconexion.com/wp-admin/admin-ajax.php
        )

)

2022-05-12T21:41:30+00:00 NOTICE order.member.updated :: Updated davidfnieto8080@gmail.com subscriber status to subscribed and language to 
2022-05-12T21:41:30+00:00 NOTICE order_submit.success :: addStoreOrder :: #20176 :: email: davidfnieto8080@gmail.com :: landing site https://naturalconexion.com/wp-admin/admin-ajax.php :: abandoned cart deleted [1381499c02bb16ccb84f7b96f37cbfd7]
2022-05-12T23:34:44+00:00 NOTICE action_scheduler.queue_job :: MailChimp_WooCommerce_SingleCoupon queued :: obj_id 20177
2022-05-12T23:35:18+00:00 NOTICE promo_code_submit.success :: #20177 :: code: 6yu1qf8t
