2023-07-20T01:19:20+00:00 NOTICE action_scheduler.queue_job :: MailChimp_WooCommerce_Cart_Update queued :: obj_id 63e6db9478bd6da7db51faaafdd0919d
2023-07-20T01:19:36+00:00 NOTICE action_scheduler.queue_job :: MailChimp_WooCommerce_Single_Order starts in 90 seconds :: obj_id 25109
2023-07-20T01:19:50+00:00 NOTICE abandoned_cart.success :: email: moniquinteral@gmail.com :: checkout_url: https://naturalconexion.com/checkout/?mc_cart_id=63e6db9478bd6da7db51faaafdd0919d
2023-07-20T01:19:50+00:00 NOTICE cart.member.updated :: Updated moniquinteral@gmail.com subscriber status to subscribed and language to es
2023-07-20T01:21:18+00:00 NOTICE order_submit :: #25109 has a financial status of pending and was skipped.
2023-07-20T01:22:00+00:00 NOTICE action_scheduler.queue_job :: MailChimp_WooCommerce_Single_Order starts in 90 seconds :: obj_id 25109
2023-07-20T01:22:03+00:00 NOTICE debug :: Order ID 25109 was pending and is now processing :: Array
(
    [new_order] => 1
    [tracking] => Array
        (
            [campaign_id] => 
            [landing_site] => https://naturalconexion.com/wp-content/plugins/woocommerce-payu-latam/confirmation.php
        )

)

2023-07-20T01:23:58+00:00 NOTICE order.member.updated :: Updated moniquinteral@gmail.com subscriber status to subscribed and language to 
2023-07-20T01:23:58+00:00 NOTICE order_submit.success :: addStoreOrder :: #25109 :: email: moniquinteral@gmail.com :: landing site https://naturalconexion.com/wp-content/plugins/woocommerce-payu-latam/confirmation.php :: abandoned cart deleted [63e6db9478bd6da7db51faaafdd0919d]
2023-07-20T01:30:15+00:00 NOTICE action_scheduler.queue_job :: MailChimp_WooCommerce_Cart_Update queued :: obj_id b217b275aa3bd642a4f3745ed2230e97
2023-07-20T01:30:35+00:00 NOTICE action_scheduler.queue_job :: MailChimp_WooCommerce_Single_Order starts in 90 seconds :: obj_id 25110
2023-07-20T01:31:35+00:00 NOTICE abandoned_cart.success :: email: claudiaccallejas@hotmail.com :: checkout_url: https://naturalconexion.com/checkout/?mc_cart_id=b217b275aa3bd642a4f3745ed2230e97
2023-07-20T01:31:36+00:00 NOTICE cart.member.updated :: Updated claudiaccallejas@hotmail.com subscriber status to subscribed and language to es
2023-07-20T01:32:52+00:00 NOTICE order_submit :: #25110 has a financial status of pending and was skipped.
2023-07-20T01:33:54+00:00 NOTICE action_scheduler.queue_job :: MailChimp_WooCommerce_Single_Order starts in 90 seconds :: obj_id 25110
2023-07-20T01:33:57+00:00 NOTICE debug :: Order ID 25110 was pending and is now processing :: Array
(
    [new_order] => 1
    [tracking] => Array
        (
            [campaign_id] => 
            [landing_site] => https://naturalconexion.com/wp-content/plugins/woocommerce-payu-latam/confirmation.php
        )

)

2023-07-20T01:39:13+00:00 NOTICE order.member.updated :: Updated claudiaccallejas@hotmail.com subscriber status to subscribed and language to 
2023-07-20T01:39:13+00:00 NOTICE order_submit.success :: addStoreOrder :: #25110 :: email: claudiaccallejas@hotmail.com :: landing site https://naturalconexion.com/wp-content/plugins/woocommerce-payu-latam/confirmation.php :: abandoned cart deleted [b217b275aa3bd642a4f3745ed2230e97]
2023-07-20T02:39:20+00:00 NOTICE action_scheduler.queue_job :: MailChimp_WooCommerce_Cart_Update queued :: obj_id da5845934d9c2f575a93b81c073fbba9
2023-07-20T02:39:33+00:00 NOTICE abandoned_cart.success :: email: alejandra930114@gmail.com :: checkout_url: https://naturalconexion.com/checkout/?mc_cart_id=da5845934d9c2f575a93b81c073fbba9
2023-07-20T02:39:34+00:00 NOTICE cart.member.updated :: Updated alejandra930114@gmail.com subscriber status to subscribed and language to es
2023-07-20T02:39:38+00:00 NOTICE action_scheduler.queue_job :: MailChimp_WooCommerce_Cart_Update queued :: obj_id da5845934d9c2f575a93b81c073fbba9
2023-07-20T02:39:52+00:00 NOTICE abandoned_cart.success :: email: alejandra930114@gmail.com :: checkout_url: https://naturalconexion.com/checkout/?mc_cart_id=da5845934d9c2f575a93b81c073fbba9
2023-07-20T02:40:11+00:00 NOTICE action_scheduler.queue_job :: MailChimp_WooCommerce_Cart_Update queued :: obj_id da5845934d9c2f575a93b81c073fbba9
2023-07-20T02:40:39+00:00 NOTICE abandoned_cart.success :: email: alejandra930114@gmail.com :: checkout_url: https://naturalconexion.com/checkout/?mc_cart_id=da5845934d9c2f575a93b81c073fbba9
2023-07-20T02:41:29+00:00 NOTICE action_scheduler.queue_job :: MailChimp_WooCommerce_Cart_Update queued :: obj_id da5845934d9c2f575a93b81c073fbba9
2023-07-20T02:41:45+00:00 NOTICE abandoned_cart.success :: email: alejandra930114@gmail.com :: checkout_url: https://naturalconexion.com/checkout/?mc_cart_id=da5845934d9c2f575a93b81c073fbba9
2023-07-20T05:10:57+00:00 NOTICE action_scheduler.queue_job :: MailChimp_WooCommerce_Single_Order starts in 90 seconds :: obj_id 25046
2023-07-20T05:10:57+00:00 NOTICE debug :: Order ID 25046 was cancelled and is now failed :: Array
(
    [new_order] => 
    [tracking] => 
)

2023-07-20T17:00:35+00:00 NOTICE action_scheduler.queue_job :: MailChimp_WooCommerce_Cart_Update queued :: obj_id 993cf637ee3bc61efdec71543daafbd6
2023-07-20T17:01:09+00:00 NOTICE abandoned_cart.success :: email: materesacorrea@gmail.com :: checkout_url: https://naturalconexion.com/checkout/?mc_cart_id=993cf637ee3bc61efdec71543daafbd6
2023-07-20T17:01:10+00:00 NOTICE cart.member.updated :: Updated materesacorrea@gmail.com subscriber status to subscribed and language to es
2023-07-20T17:01:35+00:00 NOTICE action_scheduler.queue_job :: MailChimp_WooCommerce_Single_Order starts in 90 seconds :: obj_id 25111
2023-07-20T17:03:25+00:00 NOTICE order_submit :: #25111 has a financial status of pending and was skipped.
2023-07-20T17:04:08+00:00 NOTICE action_scheduler.queue_job :: MailChimp_WooCommerce_Single_Order starts in 90 seconds :: obj_id 25111
2023-07-20T17:04:12+00:00 NOTICE debug :: Order ID 25111 was pending and is now processing :: Array
(
    [new_order] => 1
    [tracking] => Array
        (
            [campaign_id] => 
            [landing_site] => https://naturalconexion.com/wp-content/plugins/woocommerce-payu-latam/confirmation.php
        )

)

2023-07-20T17:07:53+00:00 NOTICE order.member.updated :: Updated materesacorrea@gmail.com subscriber status to subscribed and language to 
2023-07-20T17:07:53+00:00 NOTICE order_submit.success :: addStoreOrder :: #25111 :: email: materesacorrea@gmail.com :: landing site https://naturalconexion.com/wp-content/plugins/woocommerce-payu-latam/confirmation.php :: abandoned cart deleted [993cf637ee3bc61efdec71543daafbd6]
2023-07-20T17:11:17+00:00 NOTICE action_scheduler.queue_job :: MailChimp_WooCommerce_Cart_Update queued :: obj_id 3336109c852d4a8eb9b4fa372dee3e6c
2023-07-20T17:11:20+00:00 NOTICE abandoned_cart.success :: email: marcelasantamaria22@gmail.com :: checkout_url: https://naturalconexion.com/checkout/?mc_cart_id=3336109c852d4a8eb9b4fa372dee3e6c
2023-07-20T17:11:20+00:00 NOTICE cart.member.updated :: Updated marcelasantamaria22@gmail.com subscriber status to subscribed and language to es
2023-07-20T17:13:54+00:00 NOTICE action_scheduler.queue_job :: MailChimp_WooCommerce_Single_Order starts in 90 seconds :: obj_id 25112
2023-07-20T17:16:48+00:00 NOTICE debug :: Order ID 25112 was pending and is now processing :: Array
(
    [new_order] => 1
    [tracking] => Array
        (
            [campaign_id] => 
            [landing_site] => https://naturalconexion.com/wp-content/plugins/woocommerce-payu-latam/confirmation.php
        )

)

2023-07-20T17:19:34+00:00 NOTICE order.member.updated :: Updated marcelasantamaria22@gmail.com subscriber status to subscribed and language to es
2023-07-20T17:19:34+00:00 NOTICE order_submit.success :: addStoreOrder :: #25112 :: email: marcelasantamaria22@gmail.com :: landing site https://naturalconexion.com/tienda/?gclid=CjwKCAjwtuOlBhBREiwA7agf1ueKV3T68TWN1TLR3sRTXUf85lUfL97_nqYmAaC2x4ZvrMzmrXdjHRoC8UMQAvD_BwE :: abandoned cart deleted [3336109c852d4a8eb9b4fa372dee3e6c]
2023-07-20T17:49:31+00:00 NOTICE action_scheduler.queue_job :: MailChimp_WooCommerce_User_Submit queued :: obj_id 2563
2023-07-20T17:50:19+00:00 NOTICE member.sync :: viktor.fedorovefk@yandex.com has signed up to a lot of lists very recently; we're not allowing more signups for now
2023-07-20T18:40:43+00:00 NOTICE action_scheduler.queue_job :: MailChimp_WooCommerce_User_Submit queued :: obj_id 2564
2023-07-20T18:40:58+00:00 NOTICE member.sync :: Subscribed Member menhos7@rambler.ru :: Array
(
    [status_if_new] => 1
    [merge_fields] => Array
        (
        )

)

2023-07-20T18:52:50+00:00 NOTICE action_scheduler.queue_job :: MailChimp_WooCommerce_Cart_Update queued :: obj_id 2c7b912fbf8242d8c4db26500ae3c8fe
2023-07-20T18:53:54+00:00 NOTICE abandoned_cart.success :: email: martha.sandoval@gmail.com :: checkout_url: https://naturalconexion.com/checkout/?mc_cart_id=2c7b912fbf8242d8c4db26500ae3c8fe
2023-07-20T18:53:55+00:00 NOTICE cart.member.updated :: Updated martha.sandoval@gmail.com subscriber status to subscribed and language to es
2023-07-20T18:53:59+00:00 NOTICE action_scheduler.queue_job :: MailChimp_WooCommerce_Cart_Update queued :: obj_id 2c7b912fbf8242d8c4db26500ae3c8fe
2023-07-20T18:54:01+00:00 NOTICE abandoned_cart.success :: email: martha.sandoval@gmail.com :: checkout_url: https://naturalconexion.com/checkout/?mc_cart_id=2c7b912fbf8242d8c4db26500ae3c8fe
2023-07-20T18:54:08+00:00 NOTICE action_scheduler.queue_job :: MailChimp_WooCommerce_Single_Order starts in 90 seconds :: obj_id 25113
2023-07-20T18:56:19+00:00 NOTICE order_submit :: #25113 has a financial status of pending and was skipped.
2023-07-20T19:20:26+00:00 NOTICE action_scheduler.queue_job :: MailChimp_WooCommerce_Single_Order starts in 90 seconds :: obj_id 25113
2023-07-20T19:20:27+00:00 NOTICE debug :: Order ID 25113 was pending and is now failed :: Array
(
    [new_order] => 
    [tracking] => 
)

2023-07-20T21:05:23+00:00 NOTICE action_scheduler.queue_job :: MailChimp_WooCommerce_Cart_Update queued :: obj_id 70dcb973e742d8fdf9bdc834cec952e4
2023-07-20T21:05:53+00:00 NOTICE abandoned_cart.success :: email: valentina.restrepoalv@gmail.com :: checkout_url: https://naturalconexion.com/checkout/?mc_cart_id=70dcb973e742d8fdf9bdc834cec952e4
2023-07-20T21:05:53+00:00 NOTICE cart.member.updated :: Updated valentina.restrepoalv@gmail.com subscriber status to transactional and language to es
2023-07-20T21:06:01+00:00 NOTICE ac.cart_swap :: Deleted cart [valentina.restrepoalv@gmail.com] :: ID [70dcb973e742d8fdf9bdc834cec952e4]
2023-07-20T21:06:01+00:00 NOTICE action_scheduler.queue_job :: MailChimp_WooCommerce_Cart_Update queued :: obj_id 0faa68f43ec37173f59beec191e5b4ca
2023-07-20T21:06:23+00:00 NOTICE abandoned_cart.success :: email: valentina.restrepoalva@gmail.com :: checkout_url: https://naturalconexion.com/checkout/?mc_cart_id=0faa68f43ec37173f59beec191e5b4ca
2023-07-20T21:06:23+00:00 NOTICE cart.member.updated :: Updated valentina.restrepoalva@gmail.com subscriber status to transactional and language to es
2023-07-20T21:07:24+00:00 NOTICE action_scheduler.queue_job :: MailChimp_WooCommerce_Cart_Update queued :: obj_id 0faa68f43ec37173f59beec191e5b4ca
2023-07-20T21:07:26+00:00 NOTICE abandoned_cart.success :: email: valentina.restrepoalva@gmail.com :: checkout_url: https://naturalconexion.com/checkout/?mc_cart_id=0faa68f43ec37173f59beec191e5b4ca
2023-07-20T21:08:41+00:00 NOTICE action_scheduler.queue_job :: MailChimp_WooCommerce_Cart_Update queued :: obj_id 0faa68f43ec37173f59beec191e5b4ca
2023-07-20T21:08:43+00:00 NOTICE abandoned_cart.success :: email: valentina.restrepoalva@gmail.com :: checkout_url: https://naturalconexion.com/checkout/?mc_cart_id=0faa68f43ec37173f59beec191e5b4ca
2023-07-20T21:10:34+00:00 NOTICE action_scheduler.queue_job :: MailChimp_WooCommerce_Cart_Update queued :: obj_id 0faa68f43ec37173f59beec191e5b4ca
2023-07-20T21:10:59+00:00 NOTICE abandoned_cart.success :: email: valentina.restrepoalva@gmail.com :: checkout_url: https://naturalconexion.com/checkout/?mc_cart_id=0faa68f43ec37173f59beec191e5b4ca
2023-07-20T21:17:54+00:00 NOTICE action_scheduler.queue_job :: MailChimp_WooCommerce_Cart_Update queued :: obj_id 0faa68f43ec37173f59beec191e5b4ca
2023-07-20T21:17:55+00:00 NOTICE abandoned_cart.success :: email: valentina.restrepoalva@gmail.com :: checkout_url: https://naturalconexion.com/checkout/?mc_cart_id=0faa68f43ec37173f59beec191e5b4ca
2023-07-20T21:19:35+00:00 NOTICE action_scheduler.queue_job :: MailChimp_WooCommerce_Single_Order starts in 90 seconds :: obj_id 25114
2023-07-20T21:21:36+00:00 NOTICE order_submit :: #25114 has a financial status of pending and was skipped.
2023-07-20T21:52:38+00:00 NOTICE action_scheduler.queue_job :: MailChimp_WooCommerce_Single_Order starts in 90 seconds :: obj_id 25114
2023-07-20T21:52:41+00:00 NOTICE debug :: Order ID 25114 was pending and is now processing :: Array
(
    [new_order] => 1
    [tracking] => Array
        (
            [campaign_id] => 
            [landing_site] => https://naturalconexion.com/wp-content/plugins/woocommerce-payu-latam/confirmation.php
        )

)

2023-07-20T21:55:50+00:00 NOTICE order.member.updated :: Updated valentina.restrepoalva@gmail.com subscriber status to transactional and language to 
2023-07-20T21:55:50+00:00 NOTICE order_submit.success :: addStoreOrder :: #25114 :: email: valentina.restrepoalva@gmail.com :: landing site https://naturalconexion.com/wp-content/plugins/woocommerce-payu-latam/confirmation.php :: abandoned cart deleted [0faa68f43ec37173f59beec191e5b4ca]
2023-07-20T23:47:38+00:00 NOTICE action_scheduler.queue_job :: MailChimp_WooCommerce_Cart_Update queued :: obj_id 9a9a9510225605f22dc0dc71746db841
2023-07-20T23:48:08+00:00 NOTICE abandoned_cart.success :: email: amaveju18@gmail.com :: checkout_url: https://naturalconexion.com/checkout/?mc_cart_id=9a9a9510225605f22dc0dc71746db841
2023-07-20T23:48:08+00:00 NOTICE cart.member.updated :: Updated amaveju18@gmail.com subscriber status to subscribed and language to es
2023-07-20T23:48:21+00:00 NOTICE action_scheduler.queue_job :: MailChimp_WooCommerce_Single_Order starts in 90 seconds :: obj_id 25115
2023-07-20T23:49:50+00:00 NOTICE debug :: Order ID 25115 was pending and is now processing :: Array
(
    [new_order] => 1
    [tracking] => Array
        (
            [campaign_id] => 
            [landing_site] => https://naturalconexion.com/wp-content/plugins/woocommerce-payu-latam/confirmation.php
        )

)

2023-07-20T23:52:53+00:00 NOTICE order.member.updated :: Updated amaveju18@gmail.com subscriber status to subscribed and language to es
2023-07-20T23:52:53+00:00 NOTICE order_submit.success :: addStoreOrder :: #25115 :: email: amaveju18@gmail.com :: landing site https://naturalconexion.com/product/tonico-capilar-con-aminoacidos-60-ml/?utm_source=uac&utm_medium=email&utm_campaign=uac_email_Ntral_COL_EMK2023JulT%C3%B3nico2_1_150723&utm_content=img&utm_term=Ntral_COL_EMK2023JulT%C3%B3nico2_1 :: abandoned cart deleted [9a9a9510225605f22dc0dc71746db841]
