2022-03-12T00:52:59+00:00 NOTICE action_scheduler.queue_job :: MailChimp_WooCommerce_SingleCoupon queued :: obj_id 19218
2022-03-12T00:53:19+00:00 NOTICE promo_code_submit.success :: #19218 :: code: 3hjhw1da
2022-03-12T00:59:28+00:00 NOTICE action_scheduler.queue_job :: MailChimp_WooCommerce_Single_Order starts in 90 seconds :: obj_id 19217
2022-03-12T00:59:28+00:00 NOTICE debug :: Order ID 19217 was pending and is now cancelled :: Array
(
    [new_order] => 
    [tracking] => 
)

2022-03-12T01:01:06+00:00 NOTICE order_sumbit :: #19217 has a financial status of cancelled and was skipped.
2022-03-12T01:09:42+00:00 NOTICE action_scheduler.queue_job :: MailChimp_WooCommerce_Cart_Update queued :: obj_id 04ee2bc54fb64ce17a1499b6bb219fd3
2022-03-12T01:10:00+00:00 NOTICE abandoned_cart.success :: email: angelica_zuleta@hotmail.com :: checkout_url: https://naturalconexion.com/checkout/?mc_cart_id=04ee2bc54fb64ce17a1499b6bb219fd3
2022-03-12T01:10:01+00:00 NOTICE cart.member.updated :: Updated angelica_zuleta@hotmail.com subscriber status to subscribed and language to es
2022-03-12T01:10:13+00:00 NOTICE action_scheduler.queue_job :: MailChimp_WooCommerce_Single_Order starts in 90 seconds :: obj_id 19219
2022-03-12T01:11:51+00:00 NOTICE debug :: Order ID 19219 was pending and is now processing :: Array
(
    [new_order] => 1
    [tracking] => Array
        (
            [campaign_id] => 
            [landing_site] => https://naturalconexion.com/wp-admin/admin-ajax.php
        )

)

2022-03-12T01:13:43+00:00 NOTICE order.member.updated :: Updated angelica_zuleta@hotmail.com subscriber status to subscribed and language to es
2022-03-12T01:13:43+00:00 NOTICE order_submit.success :: addStoreOrder :: #19219 :: email: angelica_zuleta@hotmail.com :: landing site https://naturalconexion.com/wp-admin/admin-ajax.php :: abandoned cart deleted [04ee2bc54fb64ce17a1499b6bb219fd3]
2022-03-12T04:47:10+00:00 NOTICE action_scheduler.queue_job :: MailChimp_WooCommerce_Cart_Update queued :: obj_id 22736e63839f98eb8bf954c6eabaddf2
2022-03-12T04:47:57+00:00 NOTICE abandoned_cart.success :: email: ccjuliocortina@gmail.com :: checkout_url: https://naturalconexion.com/checkout/?mc_cart_id=22736e63839f98eb8bf954c6eabaddf2
2022-03-12T04:47:58+00:00 NOTICE cart.member.updated :: Updated ccjuliocortina@gmail.com subscriber status to transactional and language to es
2022-03-12T04:48:26+00:00 NOTICE action_scheduler.queue_job :: MailChimp_WooCommerce_Single_Order starts in 90 seconds :: obj_id 19220
2022-03-12T04:50:17+00:00 NOTICE order_sumbit :: #19220 has a financial status of pending and was skipped.
2022-03-12T06:00:27+00:00 NOTICE action_scheduler.queue_job :: MailChimp_WooCommerce_Single_Order starts in 90 seconds :: obj_id 19220
2022-03-12T06:00:27+00:00 NOTICE debug :: Order ID 19220 was pending and is now cancelled :: Array
(
    [new_order] => 
    [tracking] => 
)

2022-03-12T06:02:13+00:00 NOTICE order_sumbit :: #19220 has a financial status of cancelled and was skipped.
2022-03-12T12:01:42+00:00 NOTICE action_scheduler.queue_job :: MailChimp_WooCommerce_Cart_Update queued :: obj_id aee8b8b192014324ba68899a65a586a1
2022-03-12T12:01:44+00:00 NOTICE abandoned_cart.success :: email: irmagonzalez@unicauca.edu.co :: checkout_url: https://naturalconexion.com/checkout/?mc_cart_id=aee8b8b192014324ba68899a65a586a1
2022-03-12T12:01:44+00:00 NOTICE cart.member.updated :: Updated irmagonzalez@unicauca.edu.co subscriber status to transactional and language to es
2022-03-12T12:09:40+00:00 NOTICE action_scheduler.queue_job :: MailChimp_WooCommerce_Single_Order starts in 90 seconds :: obj_id 19221
2022-03-12T12:11:29+00:00 NOTICE debug :: Order ID 19221 was pending and is now failed :: Array
(
    [new_order] => 
    [tracking] => 
)

2022-03-12T12:13:17+00:00 NOTICE system.debug :: order 19221 is in failed status, and is being skipped for now.
2022-03-12T14:16:51+00:00 NOTICE action_scheduler.queue_job :: MailChimp_WooCommerce_Cart_Update queued :: obj_id 89a2206cc1c019c5c8d645db51486f3c
2022-03-12T14:17:08+00:00 NOTICE abandoned_cart.success :: email: dianapaolabravogalvis@gmail.com :: checkout_url: https://naturalconexion.com/checkout/?mc_cart_id=89a2206cc1c019c5c8d645db51486f3c
2022-03-12T14:17:09+00:00 NOTICE cart.member.updated :: Updated dianapaolabravogalvis@gmail.com subscriber status to transactional and language to es
2022-03-12T14:17:24+00:00 NOTICE action_scheduler.queue_job :: MailChimp_WooCommerce_Single_Order starts in 90 seconds :: obj_id 19222
2022-03-12T14:19:41+00:00 NOTICE order_sumbit :: #19222 has a financial status of pending and was skipped.
2022-03-12T14:19:43+00:00 NOTICE action_scheduler.queue_job :: MailChimp_WooCommerce_Single_Order starts in 90 seconds :: obj_id 19222
2022-03-12T14:19:45+00:00 NOTICE debug :: Order ID 19222 was pending and is now processing :: Array
(
    [new_order] => 1
    [tracking] => Array
        (
            [campaign_id] => 
            [landing_site] => https://naturalconexion.com/wp-admin/admin-ajax.php
        )

)

2022-03-12T14:21:15+00:00 NOTICE order.member.updated :: Updated dianapaolabravogalvis@gmail.com subscriber status to transactional and language to 
2022-03-12T14:21:15+00:00 NOTICE order_submit.success :: addStoreOrder :: #19222 :: email: dianapaolabravogalvis@gmail.com :: landing site https://naturalconexion.com/wp-admin/admin-ajax.php :: abandoned cart deleted [89a2206cc1c019c5c8d645db51486f3c]
2022-03-12T15:27:41+00:00 NOTICE action_scheduler.queue_job :: MailChimp_WooCommerce_Single_Order starts in 90 seconds :: obj_id 19223
2022-03-12T15:30:31+00:00 NOTICE order_sumbit :: #19223 has a financial status of pending and was skipped.
2022-03-12T15:31:18+00:00 NOTICE action_scheduler.queue_job :: MailChimp_WooCommerce_Single_Order starts in 90 seconds :: obj_id 19223
2022-03-12T15:31:20+00:00 NOTICE debug :: Order ID 19223 was pending and is now processing :: Array
(
    [new_order] => 1
    [tracking] => Array
        (
            [campaign_id] => 
            [landing_site] => https://naturalconexion.com/wp-admin/admin-ajax.php
        )

)

2022-03-12T15:33:12+00:00 NOTICE order.member.updated :: Updated monica.arc@hotmail.com subscriber status to subscribed and language to 
2022-03-12T15:33:12+00:00 NOTICE order_submit.success :: addStoreOrder :: #19223 :: email: monica.arc@hotmail.com :: landing site https://naturalconexion.com/wp-admin/admin-ajax.php
2022-03-12T16:52:41+00:00 NOTICE action_scheduler.queue_job :: MailChimp_WooCommerce_SingleCoupon queued :: obj_id 19224
2022-03-12T16:52:44+00:00 NOTICE promo_code_submit.success :: #19224 :: code: d46d8gmw
2022-03-12T20:55:58+00:00 NOTICE action_scheduler.queue_job :: MailChimp_WooCommerce_Cart_Update queued :: obj_id f4e4d87430bc4fcae68ac89f4833dd7e
2022-03-12T20:56:11+00:00 NOTICE abandoned_cart.success :: email: andreabridge89@gmail.com :: checkout_url: https://naturalconexion.com/checkout/?mc_cart_id=f4e4d87430bc4fcae68ac89f4833dd7e
2022-03-12T20:56:11+00:00 NOTICE cart.member.updated :: Updated andreabridge89@gmail.com subscriber status to subscribed and language to es
2022-03-12T20:56:51+00:00 NOTICE action_scheduler.queue_job :: MailChimp_WooCommerce_Single_Order starts in 90 seconds :: obj_id 19225
2022-03-12T20:57:54+00:00 NOTICE debug :: Order ID 19225 was pending and is now processing :: Array
(
    [new_order] => 1
    [tracking] => Array
        (
            [campaign_id] => 
            [landing_site] => https://naturalconexion.com/wp-admin/admin-ajax.php
        )

)

2022-03-12T21:00:18+00:00 NOTICE order.member.updated :: Updated andreabridge89@gmail.com subscriber status to subscribed and language to es
2022-03-12T21:00:18+00:00 NOTICE order_submit.success :: addStoreOrder :: #19225 :: email: andreabridge89@gmail.com :: landing site https://naturalconexion.com/wp-admin/admin-ajax.php :: abandoned cart deleted [f4e4d87430bc4fcae68ac89f4833dd7e]
2022-03-12T21:49:58+00:00 NOTICE action_scheduler.queue_job :: MailChimp_WooCommerce_Single_Order starts in 90 seconds :: obj_id 19226
2022-03-12T21:51:29+00:00 NOTICE order_sumbit :: #19226 has a financial status of pending and was skipped.
2022-03-12T21:52:42+00:00 NOTICE action_scheduler.queue_job :: MailChimp_WooCommerce_Single_Order starts in 90 seconds :: obj_id 19226
2022-03-12T21:52:44+00:00 NOTICE debug :: Order ID 19226 was pending and is now processing :: Array
(
    [new_order] => 1
    [tracking] => Array
        (
            [campaign_id] => 
            [landing_site] => https://naturalconexion.com/wp-admin/admin-ajax.php
        )

)

2022-03-12T21:54:56+00:00 NOTICE order.member.updated :: Updated adriana.luc@hotmail.com subscriber status to subscribed and language to 
2022-03-12T21:54:56+00:00 NOTICE order_submit.success :: addStoreOrder :: #19226 :: email: adriana.luc@hotmail.com :: landing site https://naturalconexion.com/wp-admin/admin-ajax.php
