2022-01-04T01:40:11+00:00 NOTICE action_scheduler.queue_job :: MailChimp_WooCommerce_Cart_Update queued :: obj_id 3ff41921af15a3c2cfe6cee598b67773
2022-01-04T01:40:37+00:00 NOTICE abandoned_cart.success :: email: juliale1@hotmail.com :: checkout_url: https://naturalconexion.com/checkout/?mc_cart_id=3ff41921af15a3c2cfe6cee598b67773
2022-01-04T01:40:37+00:00 NOTICE cart.member.updated :: Updated juliale1@hotmail.com subscriber status to subscribed and language to es
2022-01-04T01:40:43+00:00 NOTICE action_scheduler.queue_job :: MailChimp_WooCommerce_Single_Order starts in 90 seconds :: obj_id 18084
2022-01-04T01:42:38+00:00 NOTICE order_sumbit :: #18084 has a financial status of pending and was skipped.
2022-01-04T01:48:47+00:00 NOTICE action_scheduler.queue_job :: MailChimp_WooCommerce_Single_Order starts in 90 seconds :: obj_id 18084
2022-01-04T01:48:48+00:00 NOTICE debug :: Order ID 18084 was pending and is now processing :: Array
(
    [new_order] => 1
    [tracking] => Array
        (
            [campaign_id] => 
            [landing_site] => https://naturalconexion.com/wp-admin/admin-ajax.php
        )

)

2022-01-04T01:50:22+00:00 NOTICE order.member.updated :: Updated juliale1@hotmail.com subscriber status to subscribed and language to 
2022-01-04T01:50:22+00:00 NOTICE order_submit.success :: addStoreOrder :: #18084 :: email: juliale1@hotmail.com :: landing site https://naturalconexion.com/wp-admin/admin-ajax.php :: abandoned cart deleted [3ff41921af15a3c2cfe6cee598b67773]
2022-01-04T02:00:12+00:00 NOTICE action_scheduler.queue_job :: MailChimp_WooCommerce_Cart_Update queued :: obj_id ac0c4d0b0f0cec5818672e18c1f516f6
2022-01-04T02:00:14+00:00 NOTICE abandoned_cart.success :: email: angela.velandia.007@gmail.com :: checkout_url: https://naturalconexion.com/checkout/?mc_cart_id=ac0c4d0b0f0cec5818672e18c1f516f6
2022-01-04T02:00:15+00:00 NOTICE action_scheduler.queue_job :: MailChimp_WooCommerce_Cart_Update queued :: obj_id ac0c4d0b0f0cec5818672e18c1f516f6
2022-01-04T02:00:15+00:00 NOTICE cart.member.updated :: Updated angela.velandia.007@gmail.com subscriber status to transactional and language to es
2022-01-04T02:00:15+00:00 NOTICE action_scheduler.queue_job :: MailChimp_WooCommerce_Cart_Update queued :: obj_id ac0c4d0b0f0cec5818672e18c1f516f6
2022-01-04T02:00:15+00:00 NOTICE abandoned_cart.success :: email: angela.velandia.007@gmail.com :: checkout_url: https://naturalconexion.com/checkout/?mc_cart_id=ac0c4d0b0f0cec5818672e18c1f516f6
2022-01-04T02:00:16+00:00 NOTICE abandoned_cart.success :: email: angela.velandia.007@gmail.com :: checkout_url: https://naturalconexion.com/checkout/?mc_cart_id=ac0c4d0b0f0cec5818672e18c1f516f6
2022-01-04T02:00:39+00:00 NOTICE action_scheduler.queue_job :: MailChimp_WooCommerce_Single_Order starts in 90 seconds :: obj_id 18085
2022-01-04T02:02:38+00:00 NOTICE order_sumbit :: #18085 has a financial status of pending and was skipped.
2022-01-04T02:03:00+00:00 NOTICE action_scheduler.queue_job :: MailChimp_WooCommerce_Single_Order starts in 90 seconds :: obj_id 18085
2022-01-04T02:03:01+00:00 NOTICE debug :: Order ID 18085 was pending and is now processing :: Array
(
    [new_order] => 1
    [tracking] => Array
        (
            [campaign_id] => 
            [landing_site] => https://naturalconexion.com/wp-admin/admin-ajax.php
        )

)

2022-01-04T02:05:42+00:00 NOTICE order.member.updated :: Updated Angela.velandia.007@gmail.com subscriber status to subscribed and language to 
2022-01-04T02:05:42+00:00 NOTICE order_submit.success :: addStoreOrder :: #18085 :: email: Angela.velandia.007@gmail.com :: landing site https://naturalconexion.com/wp-admin/admin-ajax.php :: abandoned cart deleted [ac0c4d0b0f0cec5818672e18c1f516f6]
2022-01-04T03:43:17+00:00 NOTICE action_scheduler.queue_job :: MailChimp_WooCommerce_Cart_Update queued :: obj_id 294e7a82646bde85cf03e8fad729c62a
2022-01-04T03:43:19+00:00 NOTICE abandoned_cart.success :: email: critina1989@yahoo.com.co :: checkout_url: https://naturalconexion.com/checkout/?mc_cart_id=294e7a82646bde85cf03e8fad729c62a
2022-01-04T03:43:19+00:00 NOTICE cart.member.updated :: Updated critina1989@yahoo.com.co subscriber status to transactional and language to es
2022-01-04T03:44:27+00:00 NOTICE action_scheduler.queue_job :: MailChimp_WooCommerce_Single_Order starts in 90 seconds :: obj_id 18086
2022-01-04T03:46:42+00:00 NOTICE order_sumbit :: #18086 has a financial status of pending and was skipped.
2022-01-04T03:47:30+00:00 NOTICE action_scheduler.queue_job :: MailChimp_WooCommerce_Single_Order starts in 90 seconds :: obj_id 18086
2022-01-04T03:47:31+00:00 NOTICE debug :: Order ID 18086 was pending and is now processing :: Array
(
    [new_order] => 1
    [tracking] => Array
        (
            [campaign_id] => 
            [landing_site] => https://naturalconexion.com/wp-admin/admin-ajax.php
        )

)

2022-01-04T03:49:00+00:00 NOTICE action_scheduler.queue_job :: MailChimp_WooCommerce_Cart_Update queued :: obj_id d5856c530c27cb148b8650c1deef53e1
2022-01-04T03:49:33+00:00 NOTICE action_scheduler.queue_job :: MailChimp_WooCommerce_Single_Order starts in 90 seconds :: obj_id 18087
2022-01-04T03:49:34+00:00 NOTICE order.member.updated :: Updated critina1989@yahoo.com.co subscriber status to subscribed and language to 
2022-01-04T03:49:34+00:00 NOTICE order_submit.success :: addStoreOrder :: #18086 :: email: critina1989@yahoo.com.co :: landing site https://naturalconexion.com/wp-admin/admin-ajax.php :: abandoned cart deleted [294e7a82646bde85cf03e8fad729c62a]
2022-01-04T03:49:35+00:00 NOTICE abandoned_cart.success :: email: leocontreras611@gmail.com :: checkout_url: https://naturalconexion.com/checkout/?mc_cart_id=d5856c530c27cb148b8650c1deef53e1
2022-01-04T03:49:35+00:00 NOTICE cart.member.updated :: Updated leocontreras611@gmail.com subscriber status to transactional and language to es
2022-01-04T03:52:23+00:00 NOTICE order_sumbit :: #18087 has a financial status of pending and was skipped.
2022-01-04T04:57:09+00:00 NOTICE action_scheduler.queue_job :: MailChimp_WooCommerce_Single_Order starts in 90 seconds :: obj_id 18087
2022-01-04T04:57:09+00:00 NOTICE debug :: Order ID 18087 was pending and is now cancelled :: Array
(
    [new_order] => 
    [tracking] => 
)

2022-01-04T05:00:57+00:00 NOTICE order_sumbit :: #18087 has a financial status of cancelled and was skipped.
2022-01-04T05:36:46+00:00 NOTICE action_scheduler.queue_job :: MailChimp_WooCommerce_Single_Order starts in 90 seconds :: obj_id 17948
2022-01-04T05:36:46+00:00 NOTICE debug :: Order ID 17948 was cancelled and is now failed :: Array
(
    [new_order] => 
    [tracking] => 
)

2022-01-04T05:38:26+00:00 NOTICE system.debug :: order 17948 is in failed status, and is being skipped for now.
2022-01-04T09:26:21+00:00 NOTICE action_scheduler.queue_job :: MailChimp_WooCommerce_Cart_Update queued :: obj_id c717407b8b431fa56b851ae4a5610dc5
2022-01-04T09:26:21+00:00 NOTICE abandoned_cart.success :: email: adririncon33@gmail.com :: checkout_url: https://naturalconexion.com/checkout/?mc_cart_id=c717407b8b431fa56b851ae4a5610dc5
2022-01-04T09:26:22+00:00 NOTICE cart.member.updated :: Updated adririncon33@gmail.com subscriber status to transactional and language to es
2022-01-04T09:26:35+00:00 NOTICE action_scheduler.queue_job :: MailChimp_WooCommerce_User_Submit queued :: obj_id 1990
2022-01-04T09:26:36+00:00 NOTICE action_scheduler.queue_job :: MailChimp_WooCommerce_Single_Order starts in 90 seconds :: obj_id 18088
2022-01-04T09:29:36+00:00 NOTICE debug :: Order ID 18088 was pending and is now processing :: Array
(
    [new_order] => 1
    [tracking] => Array
        (
            [campaign_id] => 
            [landing_site] => https://naturalconexion.com/wp-admin/admin-ajax.php
        )

)

2022-01-04T09:29:36+00:00 NOTICE action_scheduler.queue_job :: MailChimp_WooCommerce_User_Submit queued :: obj_id 1990
2022-01-04T09:29:36+00:00 NOTICE member.sync :: Updated Member Adririncon33@gmail.com :: Array
(
    [previous_status] => transactional
    [status] => 1
    [merge_fields] => Array
        (
            [FNAME] => Adriana Patricia
            [LNAME] => Rincon Lozano
        )

)

2022-01-04T09:29:37+00:00 NOTICE member.sync :: Updated Member Adririncon33@gmail.com ( merge fields only ) :: Array
(
    [merge_fields] => Array
        (
            [FNAME] => Adriana Patricia
            [LNAME] => Rincon Lozano
        )

)

2022-01-04T09:32:17+00:00 NOTICE order.member.updated :: Updated Adririncon33@gmail.com subscriber status to subscribed and language to es
2022-01-04T09:32:17+00:00 NOTICE order_submit.success :: addStoreOrder :: #18088 :: email: Adririncon33@gmail.com :: landing site https://naturalconexion.com/wp-admin/admin-ajax.php :: abandoned cart deleted [c717407b8b431fa56b851ae4a5610dc5]
2022-01-04T09:47:22+00:00 NOTICE action_scheduler.queue_job :: MailChimp_WooCommerce_Single_Order starts in 90 seconds :: obj_id 18087
2022-01-04T09:47:23+00:00 NOTICE debug :: Order ID 18087 was cancelled and is now processing :: Array
(
    [new_order] => 
    [tracking] => 
)

2022-01-04T09:49:45+00:00 NOTICE order.member.updated :: Updated Leocontreras611@gmail.com subscriber status to subscribed and language to 
2022-01-04T09:49:45+00:00 NOTICE order_submit.success :: addStoreOrder :: #18087 :: email: Leocontreras611@gmail.com :: landing site https://naturalconexion.com/wp-admin/admin-ajax.php
2022-01-04T13:52:22+00:00 NOTICE action_scheduler.queue_job :: MailChimp_WooCommerce_Cart_Update queued :: obj_id a905a526a4966559694bf856e6cc862f
2022-01-04T13:52:48+00:00 NOTICE abandoned_cart.success :: email: madyarelis80@live.com :: checkout_url: https://naturalconexion.com/checkout/?mc_cart_id=a905a526a4966559694bf856e6cc862f
2022-01-04T13:52:48+00:00 NOTICE cart.member.updated :: Updated madyarelis80@live.com subscriber status to transactional and language to es
2022-01-04T13:53:33+00:00 NOTICE action_scheduler.queue_job :: MailChimp_WooCommerce_Single_Order starts in 90 seconds :: obj_id 18089
2022-01-04T13:55:11+00:00 NOTICE order_sumbit :: #18089 has a financial status of pending and was skipped.
2022-01-04T13:56:22+00:00 NOTICE action_scheduler.queue_job :: MailChimp_WooCommerce_Single_Order starts in 90 seconds :: obj_id 18089
2022-01-04T13:56:23+00:00 NOTICE debug :: Order ID 18089 was pending and is now processing :: Array
(
    [new_order] => 1
    [tracking] => Array
        (
            [campaign_id] => 
            [landing_site] => https://naturalconexion.com/tienda/
        )

)

2022-01-04T13:58:36+00:00 NOTICE order.member.updated :: Updated madyarelis80@live.com subscriber status to subscribed and language to 
2022-01-04T13:58:36+00:00 NOTICE order_submit.success :: addStoreOrder :: #18089 :: email: madyarelis80@live.com :: landing site https://naturalconexion.com/tienda/ :: abandoned cart deleted [a905a526a4966559694bf856e6cc862f]
