2022-04-27T03:17:33+00:00 NOTICE action_scheduler.queue_job :: MailChimp_WooCommerce_SingleCoupon queued :: obj_id 19933
2022-04-27T03:17:35+00:00 NOTICE promo_code_submit.success :: #19933 :: code: cqotx3jv
2022-04-27T03:20:16+00:00 NOTICE action_scheduler.queue_job :: MailChimp_WooCommerce_Cart_Update queued :: obj_id adeea5a9e96fa17f71d7be58e81407fa
2022-04-27T03:20:49+00:00 NOTICE action_scheduler.queue_job :: MailChimp_WooCommerce_Single_Order starts in 90 seconds :: obj_id 19934
2022-04-27T03:21:17+00:00 NOTICE abandoned_cart.success :: email: luci-agu@hotmail.com :: checkout_url: https://naturalconexion.com/checkout/?mc_cart_id=adeea5a9e96fa17f71d7be58e81407fa
2022-04-27T03:21:18+00:00 NOTICE cart.member.updated :: Updated luci-agu@hotmail.com subscriber status to transactional and language to es
2022-04-27T03:22:51+00:00 NOTICE debug :: Order ID 19934 was pending and is now processing :: Array
(
    [new_order] => 1
    [tracking] => Array
        (
            [campaign_id] => 
            [landing_site] => https://naturalconexion.com/wp-admin/admin-ajax.php
        )

)

2022-04-27T03:24:22+00:00 NOTICE order.member.updated :: Updated luci-agu@hotmail.com subscriber status to transactional and language to es
2022-04-27T03:24:22+00:00 NOTICE order_submit.success :: addStoreOrder :: #19934 :: email: luci-agu@hotmail.com :: landing site https://naturalconexion.com/wp-admin/admin-ajax.php :: abandoned cart deleted [adeea5a9e96fa17f71d7be58e81407fa]
2022-04-27T05:29:10+00:00 NOTICE action_scheduler.queue_job :: MailChimp_WooCommerce_SingleCoupon queued :: obj_id 19935
2022-04-27T05:29:52+00:00 NOTICE promo_code_submit.success :: #19935 :: code: ftzltvz6
2022-04-27T13:03:06+00:00 NOTICE action_scheduler.queue_job :: MailChimp_WooCommerce_Single_Order starts in 90 seconds :: obj_id 19898
2022-04-27T13:03:08+00:00 NOTICE debug :: Order ID 19898 was processing and is now completed :: Array
(
    [new_order] => 
    [tracking] => 
)

2022-04-27T13:03:08+00:00 NOTICE action_scheduler.queue_job :: MailChimp_WooCommerce_Single_Order starts in 90 seconds :: obj_id 19900
2022-04-27T13:03:09+00:00 NOTICE debug :: Order ID 19900 was processing and is now completed :: Array
(
    [new_order] => 
    [tracking] => 
)

2022-04-27T13:03:09+00:00 NOTICE action_scheduler.queue_job :: MailChimp_WooCommerce_Single_Order starts in 90 seconds :: obj_id 19901
2022-04-27T13:03:10+00:00 NOTICE debug :: Order ID 19901 was processing and is now completed :: Array
(
    [new_order] => 
    [tracking] => 
)

2022-04-27T13:03:10+00:00 NOTICE action_scheduler.queue_job :: MailChimp_WooCommerce_Single_Order starts in 90 seconds :: obj_id 19903
2022-04-27T13:03:11+00:00 NOTICE debug :: Order ID 19903 was processing and is now completed :: Array
(
    [new_order] => 
    [tracking] => 
)

2022-04-27T13:03:11+00:00 NOTICE action_scheduler.queue_job :: MailChimp_WooCommerce_Single_Order starts in 90 seconds :: obj_id 19904
2022-04-27T13:03:12+00:00 NOTICE debug :: Order ID 19904 was processing and is now completed :: Array
(
    [new_order] => 
    [tracking] => 
)

2022-04-27T13:03:12+00:00 NOTICE action_scheduler.queue_job :: MailChimp_WooCommerce_Single_Order starts in 90 seconds :: obj_id 19905
2022-04-27T13:03:13+00:00 NOTICE debug :: Order ID 19905 was processing and is now completed :: Array
(
    [new_order] => 
    [tracking] => 
)

2022-04-27T13:03:13+00:00 NOTICE action_scheduler.queue_job :: MailChimp_WooCommerce_Single_Order starts in 90 seconds :: obj_id 19910
2022-04-27T13:03:14+00:00 NOTICE debug :: Order ID 19910 was processing and is now completed :: Array
(
    [new_order] => 
    [tracking] => 
)

2022-04-27T13:03:14+00:00 NOTICE action_scheduler.queue_job :: MailChimp_WooCommerce_Single_Order starts in 90 seconds :: obj_id 19914
2022-04-27T13:03:15+00:00 NOTICE debug :: Order ID 19914 was processing and is now completed :: Array
(
    [new_order] => 
    [tracking] => 
)

2022-04-27T13:03:15+00:00 NOTICE action_scheduler.queue_job :: MailChimp_WooCommerce_Single_Order starts in 90 seconds :: obj_id 19915
2022-04-27T13:03:16+00:00 NOTICE debug :: Order ID 19915 was processing and is now completed :: Array
(
    [new_order] => 
    [tracking] => 
)

2022-04-27T13:03:16+00:00 NOTICE action_scheduler.queue_job :: MailChimp_WooCommerce_Single_Order starts in 90 seconds :: obj_id 19916
2022-04-27T13:03:17+00:00 NOTICE debug :: Order ID 19916 was processing and is now completed :: Array
(
    [new_order] => 
    [tracking] => 
)

2022-04-27T13:03:17+00:00 NOTICE action_scheduler.queue_job :: MailChimp_WooCommerce_Single_Order starts in 90 seconds :: obj_id 19917
2022-04-27T13:03:18+00:00 NOTICE debug :: Order ID 19917 was processing and is now completed :: Array
(
    [new_order] => 
    [tracking] => 
)

2022-04-27T13:03:59+00:00 NOTICE action_scheduler.queue_job :: MailChimp_WooCommerce_Single_Order starts in 90 seconds :: obj_id 19891
2022-04-27T13:04:01+00:00 NOTICE debug :: Order ID 19891 was processing and is now completed :: Array
(
    [new_order] => 
    [tracking] => 
)

2022-04-27T13:04:01+00:00 NOTICE action_scheduler.queue_job :: MailChimp_WooCommerce_Single_Order starts in 90 seconds :: obj_id 19892
2022-04-27T13:04:02+00:00 NOTICE debug :: Order ID 19892 was processing and is now completed :: Array
(
    [new_order] => 
    [tracking] => 
)

2022-04-27T13:04:02+00:00 NOTICE action_scheduler.queue_job :: MailChimp_WooCommerce_Single_Order starts in 90 seconds :: obj_id 19893
2022-04-27T13:04:03+00:00 NOTICE debug :: Order ID 19893 was processing and is now completed :: Array
(
    [new_order] => 
    [tracking] => 
)

2022-04-27T13:04:03+00:00 NOTICE action_scheduler.queue_job :: MailChimp_WooCommerce_Single_Order starts in 90 seconds :: obj_id 19895
2022-04-27T13:04:05+00:00 NOTICE debug :: Order ID 19895 was processing and is now completed :: Array
(
    [new_order] => 
    [tracking] => 
)

2022-04-27T13:04:05+00:00 NOTICE action_scheduler.queue_job :: MailChimp_WooCommerce_Single_Order starts in 90 seconds :: obj_id 19897
2022-04-27T13:04:06+00:00 NOTICE debug :: Order ID 19897 was processing and is now completed :: Array
(
    [new_order] => 
    [tracking] => 
)

2022-04-27T13:05:40+00:00 NOTICE order.member.updated :: Updated anpavape@hotmail.com subscriber status to subscribed and language to 
2022-04-27T13:05:40+00:00 NOTICE order_submit.success :: updateStoreOrder :: #19898 :: email: anpavape@hotmail.com
2022-04-27T13:05:42+00:00 NOTICE order.member.updated :: Updated lauramilena.tr@gmail.com subscriber status to subscribed and language to 
2022-04-27T13:05:42+00:00 NOTICE order_submit.success :: updateStoreOrder :: #19900 :: email: lauramilena.tr@gmail.com
2022-04-27T13:05:43+00:00 NOTICE order.member.updated :: Updated Vanessasavedra09@gmail.com subscriber status to subscribed and language to 
2022-04-27T13:05:43+00:00 NOTICE order_submit.success :: updateStoreOrder :: #19901 :: email: Vanessasavedra09@gmail.com
2022-04-27T13:05:44+00:00 NOTICE order.member.updated :: Updated karumen6@gmail.com subscriber status to subscribed and language to 
2022-04-27T13:05:44+00:00 NOTICE order_submit.success :: updateStoreOrder :: #19903 :: email: karumen6@gmail.com
2022-04-27T13:05:46+00:00 NOTICE order.member.updated :: Updated cindy.junco@hotmail.com subscriber status to subscribed and language to 
2022-04-27T13:05:46+00:00 NOTICE order_submit.success :: updateStoreOrder :: #19904 :: email: cindy.junco@hotmail.com
2022-04-27T13:05:47+00:00 NOTICE order.member.updated :: Updated diana.trujillo.medina@gmail.com subscriber status to subscribed and language to 
2022-04-27T13:05:47+00:00 NOTICE order_submit.success :: updateStoreOrder :: #19905 :: email: diana.trujillo.medina@gmail.com
2022-04-27T13:05:49+00:00 NOTICE order.member.updated :: Updated caaosorioga@gmail.com subscriber status to subscribed and language to 
2022-04-27T13:05:49+00:00 NOTICE order_submit.success :: updateStoreOrder :: #19910 :: email: caaosorioga@gmail.com
2022-04-27T13:05:50+00:00 NOTICE order.member.updated :: Updated yeralgon@gmail.com subscriber status to subscribed and language to 
2022-04-27T13:05:50+00:00 NOTICE order_submit.success :: updateStoreOrder :: #19914 :: email: yeralgon@gmail.com
2022-04-27T13:05:51+00:00 NOTICE order.member.updated :: Updated carito.poveda1@gmail.com subscriber status to transactional and language to 
2022-04-27T13:05:51+00:00 NOTICE order_submit.success :: updateStoreOrder :: #19915 :: email: carito.poveda1@gmail.com
2022-04-27T13:05:53+00:00 NOTICE order.member.updated :: Updated julianamunera@outlook.com subscriber status to subscribed and language to 
2022-04-27T13:05:53+00:00 NOTICE order_submit.success :: updateStoreOrder :: #19916 :: email: julianamunera@outlook.com
2022-04-27T13:05:54+00:00 NOTICE order.member.updated :: Updated pamherf@gmail.com subscriber status to transactional and language to 
2022-04-27T13:05:54+00:00 NOTICE order_submit.success :: updateStoreOrder :: #19917 :: email: pamherf@gmail.com
2022-04-27T13:05:55+00:00 NOTICE order.member.updated :: Updated Kellycalderon634@gmail.com subscriber status to subscribed and language to 
2022-04-27T13:05:55+00:00 NOTICE order_submit.success :: updateStoreOrder :: #19891 :: email: Kellycalderon634@gmail.com
2022-04-27T13:05:57+00:00 NOTICE order.member.updated :: Updated Alejandraeg69@gmail.com subscriber status to subscribed and language to 
2022-04-27T13:05:57+00:00 NOTICE order_submit.success :: updateStoreOrder :: #19892 :: email: Alejandraeg69@gmail.com
2022-04-27T13:05:58+00:00 NOTICE order.member.updated :: Updated guimelb@gmail.com subscriber status to subscribed and language to 
2022-04-27T13:05:58+00:00 NOTICE order_submit.success :: updateStoreOrder :: #19893 :: email: guimelb@gmail.com
2022-04-27T13:05:59+00:00 NOTICE order.member.updated :: Updated rupestre3@yahoo.com subscriber status to subscribed and language to 
2022-04-27T13:05:59+00:00 NOTICE order_submit.success :: updateStoreOrder :: #19895 :: email: rupestre3@yahoo.com
2022-04-27T13:06:00+00:00 NOTICE order.member.updated :: Updated cami.vera91@gmail.com subscriber status to subscribed and language to 
2022-04-27T13:06:00+00:00 NOTICE order_submit.success :: updateStoreOrder :: #19897 :: email: cami.vera91@gmail.com
2022-04-27T14:11:14+00:00 NOTICE action_scheduler.queue_job :: MailChimp_WooCommerce_Cart_Update queued :: obj_id d2b63e2777c5d05440be03dd5826ea69
2022-04-27T14:11:15+00:00 NOTICE abandoned_cart.success :: email: pamm2093@gmail.com :: checkout_url: https://naturalconexion.com/checkout/?mc_cart_id=d2b63e2777c5d05440be03dd5826ea69
2022-04-27T14:11:16+00:00 NOTICE cart.member.updated :: Updated pamm2093@gmail.com subscriber status to transactional and language to es
2022-04-27T14:12:26+00:00 NOTICE action_scheduler.queue_job :: MailChimp_WooCommerce_Single_Order starts in 90 seconds :: obj_id 19936
2022-04-27T14:13:58+00:00 NOTICE order_sumbit :: #19936 has a financial status of pending and was skipped.
2022-04-27T14:15:06+00:00 NOTICE action_scheduler.queue_job :: MailChimp_WooCommerce_Single_Order starts in 90 seconds :: obj_id 19936
2022-04-27T14:15:09+00:00 NOTICE debug :: Order ID 19936 was pending and is now processing :: Array
(
    [new_order] => 1
    [tracking] => Array
        (
            [campaign_id] => 
            [landing_site] => https://naturalconexion.com/wp-admin/admin-ajax.php
        )

)

2022-04-27T14:16:42+00:00 NOTICE action_scheduler.queue_job :: MailChimp_WooCommerce_Single_Product starts in 5 seconds :: obj_id 7710
2022-04-27T14:17:04+00:00 NOTICE order.member.updated :: Updated pamm2093@gmail.com subscriber status to transactional and language to 
2022-04-27T14:17:04+00:00 NOTICE order_submit.success :: addStoreOrder :: #19936 :: email: pamm2093@gmail.com :: landing site https://naturalconexion.com/wp-admin/admin-ajax.php :: abandoned cart deleted [d2b63e2777c5d05440be03dd5826ea69]
2022-04-27T14:17:04+00:00 NOTICE product_submit.success :: updateStoreProduct :: #7710
2022-04-27T14:58:47+00:00 NOTICE action_scheduler.queue_job :: MailChimp_WooCommerce_Single_Order starts in 90 seconds :: obj_id 19937
2022-04-27T14:58:48+00:00 NOTICE action_scheduler.queue_job :: MailChimp_WooCommerce_Cart_Update queued :: obj_id 355226a8c61e055b45aa7d9187854b65
2022-04-27T14:59:15+00:00 NOTICE abandoned_cart.success :: email: amtrujillo@unal.edu.co :: checkout_url: https://naturalconexion.com/checkout/?mc_cart_id=355226a8c61e055b45aa7d9187854b65
2022-04-27T14:59:15+00:00 NOTICE cart.member.updated :: Updated amtrujillo@unal.edu.co subscriber status to transactional and language to es
2022-04-27T14:59:35+00:00 NOTICE action_scheduler.queue_job :: MailChimp_WooCommerce_Cart_Update queued :: obj_id 355226a8c61e055b45aa7d9187854b65
2022-04-27T15:00:29+00:00 NOTICE abandoned_cart.success :: email: amtrujillo@unal.edu.co :: checkout_url: https://naturalconexion.com/checkout/?mc_cart_id=355226a8c61e055b45aa7d9187854b65
2022-04-27T15:00:30+00:00 NOTICE order_sumbit :: #19937 has a financial status of pending and was skipped.
2022-04-27T15:00:49+00:00 NOTICE action_scheduler.queue_job :: MailChimp_WooCommerce_Cart_Update queued :: obj_id 355226a8c61e055b45aa7d9187854b65
2022-04-27T15:01:15+00:00 NOTICE action_scheduler.queue_job :: MailChimp_WooCommerce_Single_Order starts in 90 seconds :: obj_id 19938
2022-04-27T15:01:17+00:00 NOTICE abandoned_cart.success :: email: amtrujillo@unal.edu.co :: checkout_url: https://naturalconexion.com/checkout/?mc_cart_id=355226a8c61e055b45aa7d9187854b65
2022-04-27T15:03:26+00:00 NOTICE order_sumbit :: #19938 has a financial status of pending and was skipped.
2022-04-27T15:04:23+00:00 NOTICE action_scheduler.queue_job :: MailChimp_WooCommerce_Single_Order starts in 90 seconds :: obj_id 19938
2022-04-27T15:04:26+00:00 NOTICE debug :: Order ID 19938 was pending and is now processing :: Array
(
    [new_order] => 1
    [tracking] => Array
        (
            [campaign_id] => 
            [landing_site] => https://naturalconexion.com/wp-admin/admin-ajax.php
        )

)

2022-04-27T15:06:22+00:00 NOTICE order.member.updated :: Updated amtrujillo@unal.edu.co subscriber status to subscribed and language to 
2022-04-27T15:06:22+00:00 NOTICE order_submit.success :: addStoreOrder :: #19938 :: email: amtrujillo@unal.edu.co :: landing site https://naturalconexion.com/wp-admin/admin-ajax.php :: abandoned cart deleted [355226a8c61e055b45aa7d9187854b65]
2022-04-27T16:45:49+00:00 NOTICE action_scheduler.queue_job :: MailChimp_WooCommerce_Single_Order starts in 90 seconds :: obj_id 19937
2022-04-27T16:45:49+00:00 NOTICE debug :: Order ID 19937 was pending and is now cancelled :: Array
(
    [new_order] => 
    [tracking] => 
)

2022-04-27T16:48:20+00:00 NOTICE order_sumbit :: #19937 has a financial status of cancelled and was skipped.
2022-04-27T17:01:08+00:00 NOTICE action_scheduler.queue_job :: MailChimp_WooCommerce_Single_Order starts in 90 seconds :: obj_id 19918
2022-04-27T17:01:09+00:00 NOTICE debug :: Order ID 19918 was processing and is now completed :: Array
(
    [new_order] => 
    [tracking] => 
)

2022-04-27T17:01:10+00:00 NOTICE action_scheduler.queue_job :: MailChimp_WooCommerce_Single_Order starts in 90 seconds :: obj_id 19919
2022-04-27T17:01:14+00:00 NOTICE debug :: Order ID 19919 was processing and is now completed :: Array
(
    [new_order] => 
    [tracking] => 
)

2022-04-27T17:01:14+00:00 NOTICE action_scheduler.queue_job :: MailChimp_WooCommerce_Single_Order starts in 90 seconds :: obj_id 19921
2022-04-27T17:01:15+00:00 NOTICE debug :: Order ID 19921 was processing and is now completed :: Array
(
    [new_order] => 
    [tracking] => 
)

2022-04-27T17:01:15+00:00 NOTICE action_scheduler.queue_job :: MailChimp_WooCommerce_Single_Order starts in 90 seconds :: obj_id 19924
2022-04-27T17:01:16+00:00 NOTICE debug :: Order ID 19924 was processing and is now completed :: Array
(
    [new_order] => 
    [tracking] => 
)

2022-04-27T17:01:16+00:00 NOTICE action_scheduler.queue_job :: MailChimp_WooCommerce_Single_Order starts in 90 seconds :: obj_id 19926
2022-04-27T17:01:18+00:00 NOTICE debug :: Order ID 19926 was processing and is now completed :: Array
(
    [new_order] => 
    [tracking] => 
)

2022-04-27T17:01:18+00:00 NOTICE action_scheduler.queue_job :: MailChimp_WooCommerce_Single_Order starts in 90 seconds :: obj_id 19927
2022-04-27T17:01:18+00:00 NOTICE debug :: Order ID 19927 was processing and is now completed :: Array
(
    [new_order] => 
    [tracking] => 
)

2022-04-27T17:01:19+00:00 NOTICE action_scheduler.queue_job :: MailChimp_WooCommerce_Single_Order starts in 90 seconds :: obj_id 19930
2022-04-27T17:01:20+00:00 NOTICE debug :: Order ID 19930 was processing and is now completed :: Array
(
    [new_order] => 
    [tracking] => 
)

2022-04-27T17:01:20+00:00 NOTICE action_scheduler.queue_job :: MailChimp_WooCommerce_Single_Order starts in 90 seconds :: obj_id 19931
2022-04-27T17:01:21+00:00 NOTICE debug :: Order ID 19931 was processing and is now completed :: Array
(
    [new_order] => 
    [tracking] => 
)

2022-04-27T17:01:21+00:00 NOTICE action_scheduler.queue_job :: MailChimp_WooCommerce_Single_Order starts in 90 seconds :: obj_id 19934
2022-04-27T17:01:23+00:00 NOTICE debug :: Order ID 19934 was processing and is now completed :: Array
(
    [new_order] => 
    [tracking] => 
)

2022-04-27T17:03:02+00:00 NOTICE order.member.updated :: Updated jobdanielaandtalent@gmail.com subscriber status to subscribed and language to 
2022-04-27T17:03:02+00:00 NOTICE order_submit.success :: updateStoreOrder :: #19918 :: email: jobdanielaandtalent@gmail.com
2022-04-27T17:03:04+00:00 NOTICE order.member.updated :: Updated soniadelpi22@gmail.com subscriber status to subscribed and language to 
2022-04-27T17:03:04+00:00 NOTICE order_submit.success :: updateStoreOrder :: #19919 :: email: soniadelpi22@gmail.com
2022-04-27T17:03:06+00:00 NOTICE order.member.updated :: Updated negris1978@live.com subscriber status to unsubscribed and language to 
2022-04-27T17:03:06+00:00 NOTICE order_submit.success :: updateStoreOrder :: #19921 :: email: negris1978@live.com
2022-04-27T17:03:08+00:00 NOTICE order.member.updated :: Updated terepiedrahitag@hotmail.com subscriber status to subscribed and language to 
2022-04-27T17:03:08+00:00 NOTICE order_submit.success :: updateStoreOrder :: #19924 :: email: terepiedrahitag@hotmail.com
2022-04-27T17:03:09+00:00 NOTICE order.member.updated :: Updated janasa21ster@gmail.com subscriber status to subscribed and language to 
2022-04-27T17:03:09+00:00 NOTICE order_submit.success :: updateStoreOrder :: #19926 :: email: janasa21ster@gmail.com
2022-04-27T17:03:11+00:00 NOTICE order.member.updated :: Updated angelica.paola99@gmail.com subscriber status to transactional and language to 
2022-04-27T17:03:11+00:00 NOTICE order_submit.success :: updateStoreOrder :: #19927 :: email: angelica.paola99@gmail.com
2022-04-27T17:03:12+00:00 NOTICE order.member.updated :: Updated fernandoreyescasas@gmail.com subscriber status to subscribed and language to 
2022-04-27T17:03:12+00:00 NOTICE order_submit.success :: updateStoreOrder :: #19930 :: email: fernandoreyescasas@gmail.com
2022-04-27T17:03:14+00:00 NOTICE order.member.updated :: Updated erikaro7@gmail.com subscriber status to subscribed and language to 
2022-04-27T17:03:14+00:00 NOTICE order_submit.success :: updateStoreOrder :: #19931 :: email: erikaro7@gmail.com
2022-04-27T17:03:16+00:00 NOTICE order.member.updated :: Updated luci-agu@hotmail.com subscriber status to transactional and language to 
2022-04-27T17:03:16+00:00 NOTICE order_submit.success :: updateStoreOrder :: #19934 :: email: luci-agu@hotmail.com
2022-04-27T17:08:29+00:00 NOTICE action_scheduler.queue_job :: MailChimp_WooCommerce_Cart_Update queued :: obj_id 457c1e9addc2441edc8a140d5270ee72
2022-04-27T17:09:14+00:00 NOTICE abandoned_cart.success :: email: angel.jenny07@gmail.com :: checkout_url: https://naturalconexion.com/checkout/?mc_cart_id=457c1e9addc2441edc8a140d5270ee72
2022-04-27T17:09:15+00:00 NOTICE cart.member.updated :: Updated angel.jenny07@gmail.com subscriber status to subscribed and language to es
2022-04-27T17:10:05+00:00 NOTICE action_scheduler.queue_job :: MailChimp_WooCommerce_Single_Order starts in 90 seconds :: obj_id 19939
2022-04-27T17:11:43+00:00 NOTICE order_sumbit :: #19939 has a financial status of pending and was skipped.
2022-04-27T17:12:07+00:00 NOTICE action_scheduler.queue_job :: MailChimp_WooCommerce_Single_Order starts in 90 seconds :: obj_id 19939
2022-04-27T17:12:09+00:00 NOTICE debug :: Order ID 19939 was pending and is now processing :: Array
(
    [new_order] => 1
    [tracking] => Array
        (
            [campaign_id] => 
            [landing_site] => https://naturalconexion.com/wp-admin/admin-ajax.php
        )

)

2022-04-27T17:14:03+00:00 NOTICE order.member.updated :: Updated angel.jenny07@gmail.com subscriber status to subscribed and language to 
2022-04-27T17:14:03+00:00 NOTICE order_submit.success :: addStoreOrder :: #19939 :: email: angel.jenny07@gmail.com :: landing site https://naturalconexion.com/wp-admin/admin-ajax.php :: abandoned cart deleted [457c1e9addc2441edc8a140d5270ee72]
2022-04-27T19:16:35+00:00 NOTICE action_scheduler.queue_job :: MailChimp_WooCommerce_SingleCoupon queued :: obj_id 19940
2022-04-27T19:17:17+00:00 NOTICE promo_code_submit.success :: #19940 :: code: 5o7t0lwh
2022-04-27T21:26:20+00:00 NOTICE action_scheduler.queue_job :: MailChimp_WooCommerce_Cart_Update queued :: obj_id a95ce839b92129c2be336a31801e75f8
2022-04-27T21:26:21+00:00 NOTICE abandoned_cart.success :: email: dimacaar@gmail.com :: checkout_url: https://naturalconexion.com/checkout/?mc_cart_id=a95ce839b92129c2be336a31801e75f8
2022-04-27T21:26:21+00:00 NOTICE cart.member.updated :: Updated dimacaar@gmail.com subscriber status to subscribed and language to es
2022-04-27T21:28:21+00:00 NOTICE action_scheduler.queue_job :: MailChimp_WooCommerce_Single_Order starts in 90 seconds :: obj_id 19941
2022-04-27T21:29:27+00:00 NOTICE action_scheduler.queue_job :: MailChimp_WooCommerce_SingleCoupon queued :: obj_id 19942
2022-04-27T21:29:49+00:00 NOTICE promo_code_submit.success :: #19942 :: code: vqvm2nil
2022-04-27T21:29:56+00:00 NOTICE order_sumbit :: #19941 has a financial status of pending and was skipped.
2022-04-27T21:34:10+00:00 NOTICE action_scheduler.queue_job :: MailChimp_WooCommerce_Single_Order starts in 90 seconds :: obj_id 19941
2022-04-27T21:34:12+00:00 NOTICE debug :: Order ID 19941 was pending and is now processing :: Array
(
    [new_order] => 1
    [tracking] => Array
        (
            [campaign_id] => 
            [landing_site] => https://naturalconexion.com/wp-admin/admin-ajax.php
        )

)

2022-04-27T21:36:21+00:00 NOTICE order.member.updated :: Updated dimacaar@gmail.com subscriber status to subscribed and language to 
2022-04-27T21:36:21+00:00 NOTICE order_submit.success :: addStoreOrder :: #19941 :: email: dimacaar@gmail.com :: landing site https://naturalconexion.com/wp-admin/admin-ajax.php :: abandoned cart deleted [a95ce839b92129c2be336a31801e75f8]
2022-04-27T23:14:17+00:00 NOTICE action_scheduler.queue_job :: MailChimp_WooCommerce_Single_Order starts in 90 seconds :: obj_id 19943
2022-04-27T23:15:51+00:00 NOTICE order_sumbit :: #19943 has a financial status of pending and was skipped.
