2021-12-17T00:02:52+00:00 NOTICE action_scheduler.queue_job :: MailChimp_WooCommerce_Single_Order starts in 90 seconds :: obj_id 17837
2021-12-17T00:02:57+00:00 NOTICE debug :: Order ID 17837 was pending and is now failed :: Array
(
    [new_order] => 
    [tracking] => 
)

2021-12-17T00:03:14+00:00 NOTICE order.member.updated :: Updated jessica-cristancho@outlook.com subscriber status to subscribed and language to 
2021-12-17T00:03:14+00:00 NOTICE order_submit.success :: addStoreOrder :: #17832 :: email: jessica-cristancho@outlook.com :: landing site https://naturalconexion.com/?wc-ajax=get_refreshed_fragments :: abandoned cart deleted [1d1fe6b63b654f4370d6742b239a9cb5]
2021-12-17T00:03:26+00:00 NOTICE debug :: Order ID 17837 was failed and is now processing :: Array
(
    [new_order] => 
    [tracking] => 
)

2021-12-17T00:05:30+00:00 NOTICE order.member.updated :: Updated leidy9107@hotmail.com subscriber status to subscribed and language to 
2021-12-17T00:05:30+00:00 NOTICE order_submit.success :: addStoreOrder :: #17837 :: email: leidy9107@hotmail.com :: landing site https://naturalconexion.com/wp-admin/admin-ajax.php :: abandoned cart deleted [6f862ecf56af7f468ecee18f5d819c24]
2021-12-17T00:17:41+00:00 NOTICE action_scheduler.queue_job :: MailChimp_WooCommerce_Single_Order starts in 90 seconds :: obj_id 17841
2021-12-17T00:17:43+00:00 NOTICE debug :: Order ID 17841 was pending and is now processing :: Array
(
    [new_order] => 1
    [tracking] => Array
        (
            [campaign_id] => 
            [landing_site] => https://naturalconexion.com/wp-admin/admin-ajax.php
        )

)

2021-12-17T00:19:31+00:00 NOTICE order.member.updated :: Updated lasmentiras@gmail.com subscriber status to subscribed and language to 
2021-12-17T00:19:31+00:00 NOTICE order_submit.success :: addStoreOrder :: #17841 :: email: lasmentiras@gmail.com :: landing site https://naturalconexion.com/wp-admin/admin-ajax.php :: abandoned cart deleted [c1bb5ac004542a432bf26fa8844948e0]
2021-12-17T00:28:13+00:00 NOTICE action_scheduler.queue_job :: MailChimp_WooCommerce_Cart_Update queued :: obj_id f905aca8f0e8105e4cc12fc067210cab
2021-12-17T00:28:29+00:00 NOTICE abandoned_cart.success :: email: nayiverhs@gmail.com :: checkout_url: https://naturalconexion.com/checkout/?mc_cart_id=f905aca8f0e8105e4cc12fc067210cab
2021-12-17T00:28:29+00:00 NOTICE cart.member.updated :: Updated nayiverhs@gmail.com subscriber status to subscribed and language to es
2021-12-17T00:29:53+00:00 NOTICE action_scheduler.queue_job :: MailChimp_WooCommerce_Single_Order starts in 90 seconds :: obj_id 17844
2021-12-17T00:31:30+00:00 NOTICE order_sumbit :: #17844 has a financial status of pending and was skipped.
2021-12-17T00:31:48+00:00 NOTICE action_scheduler.queue_job :: MailChimp_WooCommerce_Cart_Update queued :: obj_id 2c219a43691988d80b2280a460accc75
2021-12-17T00:32:06+00:00 NOTICE action_scheduler.queue_job :: MailChimp_WooCommerce_Cart_Update queued :: obj_id afdc0bc73e557f29ac0f54b77899de3b
2021-12-17T00:32:32+00:00 NOTICE abandoned_cart.success :: email: jimenez.villa.juan@gmail.com :: checkout_url: https://naturalconexion.com/checkout/?mc_cart_id=2c219a43691988d80b2280a460accc75
2021-12-17T00:32:32+00:00 NOTICE cart.member.updated :: Updated jimenez.villa.juan@gmail.com subscriber status to subscribed and language to es
2021-12-17T00:32:32+00:00 NOTICE abandoned_cart.success :: email: valisa2502@gmail.com :: checkout_url: https://naturalconexion.com/checkout/?mc_cart_id=afdc0bc73e557f29ac0f54b77899de3b
2021-12-17T00:32:32+00:00 NOTICE cart.member.updated :: Updated valisa2502@gmail.com subscriber status to subscribed and language to es
2021-12-17T00:32:42+00:00 NOTICE action_scheduler.queue_job :: MailChimp_WooCommerce_Single_Order starts in 90 seconds :: obj_id 17844
2021-12-17T00:32:44+00:00 NOTICE debug :: Order ID 17844 was pending and is now processing :: Array
(
    [new_order] => 1
    [tracking] => Array
        (
            [campaign_id] => 
            [landing_site] => https://naturalconexion.com/favicon.ico
        )

)

2021-12-17T00:34:32+00:00 NOTICE order.member.updated :: Updated nayiverhs@gmail.com subscriber status to subscribed and language to 
2021-12-17T00:34:32+00:00 NOTICE order_submit.success :: addStoreOrder :: #17844 :: email: nayiverhs@gmail.com :: landing site https://naturalconexion.com/favicon.ico :: abandoned cart deleted [f905aca8f0e8105e4cc12fc067210cab]
2021-12-17T00:35:09+00:00 NOTICE action_scheduler.queue_job :: MailChimp_WooCommerce_Single_Order starts in 90 seconds :: obj_id 17845
2021-12-17T00:36:44+00:00 NOTICE order_sumbit :: #17845 has a financial status of pending and was skipped.
2021-12-17T00:37:12+00:00 NOTICE action_scheduler.queue_job :: MailChimp_WooCommerce_Cart_Update queued :: obj_id afdc0bc73e557f29ac0f54b77899de3b
2021-12-17T00:38:07+00:00 NOTICE abandoned_cart.success :: email: valisa2502@gmail.com :: checkout_url: https://naturalconexion.com/checkout/?mc_cart_id=afdc0bc73e557f29ac0f54b77899de3b
2021-12-17T00:41:14+00:00 NOTICE action_scheduler.queue_job :: MailChimp_WooCommerce_Single_Order starts in 90 seconds :: obj_id 17845
2021-12-17T00:41:16+00:00 NOTICE debug :: Order ID 17845 was pending and is now processing :: Array
(
    [new_order] => 1
    [tracking] => Array
        (
            [campaign_id] => 
            [landing_site] => https://naturalconexion.com/wp-admin/admin-ajax.php
        )

)

2021-12-17T00:42:43+00:00 NOTICE action_scheduler.queue_job :: MailChimp_WooCommerce_Cart_Update queued :: obj_id afdc0bc73e557f29ac0f54b77899de3b
2021-12-17T00:43:31+00:00 NOTICE abandoned_cart.success :: email: valisa2502@gmail.com :: checkout_url: https://naturalconexion.com/checkout/?mc_cart_id=afdc0bc73e557f29ac0f54b77899de3b
2021-12-17T00:43:33+00:00 NOTICE order.member.updated :: Updated jimenez.villa.juan@gmail.com subscriber status to subscribed and language to 
2021-12-17T00:43:33+00:00 NOTICE order_submit.success :: addStoreOrder :: #17845 :: email: jimenez.villa.juan@gmail.com :: landing site https://naturalconexion.com/wp-admin/admin-ajax.php :: abandoned cart deleted [2c219a43691988d80b2280a460accc75]
2021-12-17T00:43:34+00:00 NOTICE action_scheduler.queue_job :: MailChimp_WooCommerce_Cart_Update queued :: obj_id 1cfea4d6a8793c954f1b6daf07a61606
2021-12-17T00:43:46+00:00 NOTICE abandoned_cart.success :: email: erika.pq11@gmail.com :: checkout_url: https://naturalconexion.com/checkout/?mc_cart_id=1cfea4d6a8793c954f1b6daf07a61606
2021-12-17T00:43:46+00:00 NOTICE cart.member.updated :: Updated erika.pq11@gmail.com subscriber status to subscribed and language to es
2021-12-17T00:49:15+00:00 NOTICE action_scheduler.queue_job :: MailChimp_WooCommerce_Cart_Update queued :: obj_id 1cfea4d6a8793c954f1b6daf07a61606
2021-12-17T00:49:46+00:00 NOTICE abandoned_cart.success :: email: erika.pq11@gmail.com :: checkout_url: https://naturalconexion.com/checkout/?mc_cart_id=1cfea4d6a8793c954f1b6daf07a61606
2021-12-17T00:55:28+00:00 NOTICE action_scheduler.queue_job :: MailChimp_WooCommerce_Cart_Update queued :: obj_id de8bb5cc7fcd0d2bc9dc7374f0d5401d
2021-12-17T00:55:29+00:00 NOTICE abandoned_cart.success :: email: carolinariza@gmail.com :: checkout_url: https://naturalconexion.com/checkout/?mc_cart_id=de8bb5cc7fcd0d2bc9dc7374f0d5401d
2021-12-17T00:55:29+00:00 NOTICE cart.member.updated :: Updated carolinariza@gmail.com subscriber status to transactional and language to es
2021-12-17T00:56:28+00:00 NOTICE action_scheduler.queue_job :: MailChimp_WooCommerce_Single_Order starts in 90 seconds :: obj_id 17846
2021-12-17T00:58:29+00:00 NOTICE order_sumbit :: #17846 has a financial status of pending and was skipped.
2021-12-17T01:00:14+00:00 NOTICE action_scheduler.queue_job :: MailChimp_WooCommerce_Single_Order starts in 90 seconds :: obj_id 17846
2021-12-17T01:00:21+00:00 NOTICE debug :: Order ID 17846 was pending and is now processing :: Array
(
    [new_order] => 1
    [tracking] => Array
        (
            [campaign_id] => 
            [landing_site] => https://naturalconexion.com/wp-admin/admin-ajax.php
        )

)

2021-12-17T01:00:41+00:00 NOTICE action_scheduler.queue_job :: MailChimp_WooCommerce_Single_Order starts in 90 seconds :: obj_id 17824
2021-12-17T01:00:47+00:00 NOTICE debug :: Order ID 17824 was pending and is now processing :: Array
(
    [new_order] => 1
    [tracking] => Array
        (
            [campaign_id] => 
            [landing_site] => https://naturalconexion.com/wp-admin/admin-ajax.php
        )

)

2021-12-17T01:02:10+00:00 NOTICE order.member.updated :: Updated carolinariza@gmail.com subscriber status to subscribed and language to 
2021-12-17T01:02:10+00:00 NOTICE order_submit.success :: addStoreOrder :: #17846 :: email: carolinariza@gmail.com :: landing site https://naturalconexion.com/wp-admin/admin-ajax.php :: abandoned cart deleted [de8bb5cc7fcd0d2bc9dc7374f0d5401d]
2021-12-17T01:02:18+00:00 NOTICE order.member.updated :: Updated joha0589@gmail.com subscriber status to subscribed and language to 
2021-12-17T01:02:18+00:00 NOTICE order_submit.success :: addStoreOrder :: #17824 :: email: joha0589@gmail.com :: landing site https://naturalconexion.com/wp-admin/admin-ajax.php :: abandoned cart deleted [8defa49147eec10d031e65bedfc30dd1]
2021-12-17T01:03:04+00:00 NOTICE action_scheduler.queue_job :: MailChimp_WooCommerce_Cart_Update queued :: obj_id 1cfea4d6a8793c954f1b6daf07a61606
2021-12-17T01:03:10+00:00 NOTICE abandoned_cart.success :: email: erika.pq11@gmail.com :: checkout_url: https://naturalconexion.com/checkout/?mc_cart_id=1cfea4d6a8793c954f1b6daf07a61606
2021-12-17T01:03:40+00:00 NOTICE action_scheduler.queue_job :: MailChimp_WooCommerce_Cart_Update queued :: obj_id 1cfea4d6a8793c954f1b6daf07a61606
2021-12-17T01:04:13+00:00 NOTICE abandoned_cart.success :: email: erika.pq11@gmail.com :: checkout_url: https://naturalconexion.com/checkout/?mc_cart_id=1cfea4d6a8793c954f1b6daf07a61606
2021-12-17T01:08:03+00:00 NOTICE action_scheduler.queue_job :: MailChimp_WooCommerce_Cart_Update queued :: obj_id 509f9c2c1d01abdc0f1ea20162c4d6ad
2021-12-17T01:08:04+00:00 NOTICE action_scheduler.queue_job :: MailChimp_WooCommerce_Single_Order starts in 90 seconds :: obj_id 17847
2021-12-17T01:08:35+00:00 NOTICE abandoned_cart.success :: email: paulaan965@gmail.com :: checkout_url: https://naturalconexion.com/checkout/?mc_cart_id=509f9c2c1d01abdc0f1ea20162c4d6ad
2021-12-17T01:08:35+00:00 NOTICE cart.member.updated :: Updated paulaan965@gmail.com subscriber status to transactional and language to es
2021-12-17T01:09:17+00:00 NOTICE action_scheduler.queue_job :: MailChimp_WooCommerce_Cart_Update queued :: obj_id fe4293d6019223c6bcfa3a8f2bdb8675
2021-12-17T01:09:31+00:00 NOTICE abandoned_cart.success :: email: kpitoc@gmail.com :: checkout_url: https://naturalconexion.com/checkout/?mc_cart_id=fe4293d6019223c6bcfa3a8f2bdb8675
2021-12-17T01:09:31+00:00 NOTICE cart.member.updated :: Updated kpitoc@gmail.com subscriber status to transactional and language to es
2021-12-17T01:09:45+00:00 NOTICE order_sumbit :: #17847 has a financial status of pending and was skipped.
2021-12-17T01:21:17+00:00 NOTICE action_scheduler.queue_job :: MailChimp_WooCommerce_Cart_Update queued :: obj_id 1cfea4d6a8793c954f1b6daf07a61606
2021-12-17T01:21:22+00:00 NOTICE action_scheduler.queue_job :: MailChimp_WooCommerce_Cart_Update queued :: obj_id 4aa30bb0235a92dcb6e37595f9f384f7
2021-12-17T01:21:31+00:00 NOTICE abandoned_cart.success :: email: erika.pq11@gmail.com :: checkout_url: https://naturalconexion.com/checkout/?mc_cart_id=1cfea4d6a8793c954f1b6daf07a61606
2021-12-17T01:21:31+00:00 NOTICE abandoned_cart.success :: email: susana.arango22@gmail.com :: checkout_url: https://naturalconexion.com/checkout/?mc_cart_id=4aa30bb0235a92dcb6e37595f9f384f7
2021-12-17T01:21:31+00:00 NOTICE cart.member.updated :: Updated susana.arango22@gmail.com subscriber status to subscribed and language to es
2021-12-17T01:21:35+00:00 NOTICE action_scheduler.queue_job :: MailChimp_WooCommerce_Single_Order starts in 90 seconds :: obj_id 17848
2021-12-17T01:23:22+00:00 NOTICE order_sumbit :: #17848 has a financial status of pending and was skipped.
2021-12-17T01:26:00+00:00 NOTICE action_scheduler.queue_job :: MailChimp_WooCommerce_Single_Order starts in 90 seconds :: obj_id 17840
2021-12-17T01:26:02+00:00 NOTICE debug :: Order ID 17840 was pending and is now processing :: Array
(
    [new_order] => 1
    [tracking] => Array
        (
            [campaign_id] => 
            [landing_site] => https://naturalconexion.com/?wc-ajax=get_refreshed_fragments
        )

)

2021-12-17T01:28:14+00:00 NOTICE order.member.updated :: Updated patriciaceroshop@gmail.com subscriber status to subscribed and language to 
2021-12-17T01:28:14+00:00 NOTICE order_submit.success :: addStoreOrder :: #17840 :: email: patriciaceroshop@gmail.com :: landing site https://naturalconexion.com/?wc-ajax=get_refreshed_fragments
2021-12-17T01:38:51+00:00 NOTICE action_scheduler.queue_job :: MailChimp_WooCommerce_Cart_Update queued :: obj_id 9427d4105fbf980a39b27c9bdc479de9
2021-12-17T01:39:01+00:00 NOTICE abandoned_cart.success :: email: danielagiraldo619@hotmail.com :: checkout_url: https://naturalconexion.com/checkout/?mc_cart_id=9427d4105fbf980a39b27c9bdc479de9
2021-12-17T01:39:01+00:00 NOTICE cart.member.updated :: Updated danielagiraldo619@hotmail.com subscriber status to subscribed and language to es
2021-12-17T01:40:18+00:00 NOTICE action_scheduler.queue_job :: MailChimp_WooCommerce_Single_Order starts in 90 seconds :: obj_id 17849
2021-12-17T01:41:36+00:00 NOTICE action_scheduler.queue_job :: MailChimp_WooCommerce_Cart_Update queued :: obj_id 4c0f1f9793c2b03a29dff8512dded4a2
2021-12-17T01:41:39+00:00 NOTICE abandoned_cart.success :: email: dicrisg@yahoo.com :: checkout_url: https://naturalconexion.com/checkout/?mc_cart_id=4c0f1f9793c2b03a29dff8512dded4a2
2021-12-17T01:41:39+00:00 NOTICE cart.member.updated :: Updated dicrisg@yahoo.com subscriber status to subscribed and language to es
2021-12-17T01:42:32+00:00 NOTICE order_sumbit :: #17849 has a financial status of pending and was skipped.
2021-12-17T01:45:24+00:00 NOTICE action_scheduler.queue_job :: MailChimp_WooCommerce_Single_Order starts in 90 seconds :: obj_id 17849
2021-12-17T01:45:26+00:00 NOTICE debug :: Order ID 17849 was pending and is now processing :: Array
(
    [new_order] => 1
    [tracking] => Array
        (
            [campaign_id] => 
            [landing_site] => https://naturalconexion.com/?wc-ajax=get_refreshed_fragments
        )

)

2021-12-17T01:47:48+00:00 NOTICE order.member.updated :: Updated Danielagiraldo619@hotmail.com subscriber status to subscribed and language to 
2021-12-17T01:47:48+00:00 NOTICE order_submit.success :: addStoreOrder :: #17849 :: email: Danielagiraldo619@hotmail.com :: landing site https://naturalconexion.com/?wc-ajax=get_refreshed_fragments :: abandoned cart deleted [9427d4105fbf980a39b27c9bdc479de9]
2021-12-17T01:47:49+00:00 NOTICE action_scheduler.queue_job :: MailChimp_WooCommerce_Single_Order starts in 90 seconds :: obj_id 17850
2021-12-17T01:47:50+00:00 NOTICE action_scheduler.queue_job :: MailChimp_WooCommerce_Cart_Update queued :: obj_id 4c0f1f9793c2b03a29dff8512dded4a2
2021-12-17T01:47:53+00:00 NOTICE abandoned_cart.success :: email: dicrisg@yahoo.com :: checkout_url: https://naturalconexion.com/checkout/?mc_cart_id=4c0f1f9793c2b03a29dff8512dded4a2
2021-12-17T01:49:44+00:00 NOTICE order_sumbit :: #17850 has a financial status of pending and was skipped.
2021-12-17T01:51:59+00:00 NOTICE action_scheduler.queue_job :: MailChimp_WooCommerce_Single_Order starts in 90 seconds :: obj_id 17850
2021-12-17T01:52:01+00:00 NOTICE debug :: Order ID 17850 was pending and is now processing :: Array
(
    [new_order] => 1
    [tracking] => Array
        (
            [campaign_id] => 
            [landing_site] => https://naturalconexion.com/wp-admin/admin-ajax.php
        )

)

2021-12-17T01:52:20+00:00 NOTICE action_scheduler.queue_job :: MailChimp_WooCommerce_Single_Order starts in 90 seconds :: obj_id 17851
2021-12-17T01:53:11+00:00 NOTICE action_scheduler.queue_job :: MailChimp_WooCommerce_Cart_Update queued :: obj_id 98cba175d10bfe846330fdb97bdf4175
2021-12-17T01:53:36+00:00 NOTICE abandoned_cart.success :: email: daniela_5226@hotmail.com :: checkout_url: https://naturalconexion.com/checkout/?mc_cart_id=98cba175d10bfe846330fdb97bdf4175
2021-12-17T01:53:36+00:00 NOTICE cart.member.updated :: Updated daniela_5226@hotmail.com subscriber status to subscribed and language to es
2021-12-17T01:53:38+00:00 NOTICE order.member.updated :: Updated nataliaparr@gmail.com subscriber status to subscribed and language to 
2021-12-17T01:53:38+00:00 NOTICE order_submit.success :: addStoreOrder :: #17850 :: email: nataliaparr@gmail.com :: landing site https://naturalconexion.com/wp-admin/admin-ajax.php
2021-12-17T01:53:47+00:00 NOTICE action_scheduler.queue_job :: MailChimp_WooCommerce_Cart_Update queued :: obj_id 98cba175d10bfe846330fdb97bdf4175
2021-12-17T01:54:37+00:00 NOTICE order_sumbit :: #17851 has a financial status of pending and was skipped.
2021-12-17T01:54:37+00:00 NOTICE abandoned_cart.success :: email: daniela_5226@hotmail.com :: checkout_url: https://naturalconexion.com/checkout/?mc_cart_id=98cba175d10bfe846330fdb97bdf4175
2021-12-17T01:55:20+00:00 NOTICE action_scheduler.queue_job :: MailChimp_WooCommerce_Cart_Update queued :: obj_id 4c0f1f9793c2b03a29dff8512dded4a2
2021-12-17T01:55:34+00:00 NOTICE abandoned_cart.success :: email: dicrisg@yahoo.com :: checkout_url: https://naturalconexion.com/checkout/?mc_cart_id=4c0f1f9793c2b03a29dff8512dded4a2
2021-12-17T01:56:15+00:00 NOTICE action_scheduler.queue_job :: MailChimp_WooCommerce_Cart_Update queued :: obj_id 98cba175d10bfe846330fdb97bdf4175
2021-12-17T01:56:30+00:00 NOTICE abandoned_cart.success :: email: daniela_5226@hotmail.com :: checkout_url: https://naturalconexion.com/checkout/?mc_cart_id=98cba175d10bfe846330fdb97bdf4175
2021-12-17T01:57:43+00:00 NOTICE action_scheduler.queue_job :: MailChimp_WooCommerce_Single_Order starts in 90 seconds :: obj_id 17852
2021-12-17T01:57:54+00:00 NOTICE action_scheduler.queue_job :: MailChimp_WooCommerce_Single_Order starts in 90 seconds :: obj_id 17853
2021-12-17T01:58:49+00:00 NOTICE action_scheduler.queue_job :: MailChimp_WooCommerce_Cart_Update queued :: obj_id f42684f5d0e61baf6adcbf9c16839a23
2021-12-17T01:59:31+00:00 NOTICE abandoned_cart.success :: email: nanitaqf@gmail.com :: checkout_url: https://naturalconexion.com/checkout/?mc_cart_id=f42684f5d0e61baf6adcbf9c16839a23
2021-12-17T01:59:31+00:00 NOTICE cart.member.updated :: Updated nanitaqf@gmail.com subscriber status to transactional and language to es
2021-12-17T01:59:31+00:00 NOTICE order_sumbit :: #17852 has a financial status of pending and was skipped.
2021-12-17T01:59:32+00:00 NOTICE order_sumbit :: #17853 has a financial status of pending and was skipped.
2021-12-17T01:59:51+00:00 NOTICE action_scheduler.queue_job :: MailChimp_WooCommerce_Single_Order starts in 90 seconds :: obj_id 17854
2021-12-17T02:01:30+00:00 NOTICE order_sumbit :: #17854 has a financial status of pending and was skipped.
2021-12-17T02:02:25+00:00 NOTICE action_scheduler.queue_job :: MailChimp_WooCommerce_Single_Order starts in 90 seconds :: obj_id 17853
2021-12-17T02:02:27+00:00 NOTICE debug :: Order ID 17853 was pending and is now processing :: Array
(
    [new_order] => 1
    [tracking] => Array
        (
            [campaign_id] => 
            [landing_site] => https://naturalconexion.com/wp-admin/admin-ajax.php
        )

)

2021-12-17T02:02:41+00:00 NOTICE action_scheduler.queue_job :: MailChimp_WooCommerce_Single_Order starts in 90 seconds :: obj_id 17854
2021-12-17T02:02:44+00:00 NOTICE debug :: Order ID 17854 was pending and is now processing :: Array
(
    [new_order] => 1
    [tracking] => Array
        (
            [campaign_id] => 
            [landing_site] => https://naturalconexion.com/wp-admin/admin-ajax.php
        )

)

2021-12-17T02:03:57+00:00 NOTICE action_scheduler.queue_job :: MailChimp_WooCommerce_Single_Order starts in 90 seconds :: obj_id 17855
2021-12-17T02:04:44+00:00 NOTICE order.member.updated :: Updated dicrisg@yahoo.com subscriber status to subscribed and language to 
2021-12-17T02:04:44+00:00 NOTICE order_submit.success :: addStoreOrder :: #17853 :: email: dicrisg@yahoo.com :: landing site https://naturalconexion.com/wp-admin/admin-ajax.php :: abandoned cart deleted [4c0f1f9793c2b03a29dff8512dded4a2]
2021-12-17T02:04:45+00:00 NOTICE order.member.updated :: Updated nanitaqf@gmail.com subscriber status to transactional and language to 
2021-12-17T02:04:45+00:00 NOTICE order_submit.success :: addStoreOrder :: #17854 :: email: nanitaqf@gmail.com :: landing site https://naturalconexion.com/wp-admin/admin-ajax.php :: abandoned cart deleted [f42684f5d0e61baf6adcbf9c16839a23]
2021-12-17T02:05:30+00:00 NOTICE order_sumbit :: #17855 has a financial status of pending and was skipped.
2021-12-17T02:23:01+00:00 NOTICE action_scheduler.queue_job :: MailChimp_WooCommerce_Single_Order starts in 90 seconds :: obj_id 17843
2021-12-17T02:23:01+00:00 NOTICE debug :: Order ID 17843 was pending and is now cancelled :: Array
(
    [new_order] => 
    [tracking] => 
)

2021-12-17T02:24:06+00:00 NOTICE action_scheduler.queue_job :: MailChimp_WooCommerce_Cart_Update queued :: obj_id f10bdd0a1423684f812fa12e122c4546
2021-12-17T02:24:30+00:00 NOTICE abandoned_cart.success :: email: jeniferandrea071@gmail.com :: checkout_url: https://naturalconexion.com/checkout/?mc_cart_id=f10bdd0a1423684f812fa12e122c4546
2021-12-17T02:24:31+00:00 NOTICE cart.member.updated :: Updated jeniferandrea071@gmail.com subscriber status to subscribed and language to es
2021-12-17T02:24:31+00:00 NOTICE action_scheduler.queue_job :: MailChimp_WooCommerce_Cart_Update queued :: obj_id f10bdd0a1423684f812fa12e122c4546
2021-12-17T02:24:31+00:00 NOTICE order_sumbit :: #17843 has a financial status of cancelled and was skipped.
2021-12-17T02:24:32+00:00 NOTICE abandoned_cart.success :: email: jeniferandrea071@gmail.com :: checkout_url: https://naturalconexion.com/checkout/?mc_cart_id=f10bdd0a1423684f812fa12e122c4546
2021-12-17T02:24:40+00:00 NOTICE action_scheduler.queue_job :: MailChimp_WooCommerce_Cart_Update queued :: obj_id f10bdd0a1423684f812fa12e122c4546
2021-12-17T02:25:29+00:00 NOTICE abandoned_cart.success :: email: jeniferandrea071@gmail.com :: checkout_url: https://naturalconexion.com/checkout/?mc_cart_id=f10bdd0a1423684f812fa12e122c4546
2021-12-17T02:27:36+00:00 NOTICE action_scheduler.queue_job :: MailChimp_WooCommerce_Single_Order starts in 90 seconds :: obj_id 17855
2021-12-17T02:27:37+00:00 NOTICE debug :: Order ID 17855 was pending and is now failed :: Array
(
    [new_order] => 
    [tracking] => 
)

2021-12-17T02:28:34+00:00 NOTICE action_scheduler.queue_job :: MailChimp_WooCommerce_User_Submit queued :: obj_id 1944
2021-12-17T02:28:35+00:00 NOTICE action_scheduler.queue_job :: MailChimp_WooCommerce_Single_Order starts in 90 seconds :: obj_id 17856
2021-12-17T02:28:59+00:00 NOTICE member.sync :: Updated Member jeniferandrea071@gmail.com ( merge fields only ) :: Array
(
    [merge_fields] => Array
        (
            [FNAME] => Jenifer
            [LNAME] => Aguilera
        )

)

2021-12-17T02:29:31+00:00 NOTICE system.debug :: order 17855 is in failed status, and is being skipped for now.
2021-12-17T02:29:48+00:00 NOTICE action_scheduler.queue_job :: MailChimp_WooCommerce_Cart_Update queued :: obj_id 1cfea4d6a8793c954f1b6daf07a61606
2021-12-17T02:30:06+00:00 NOTICE abandoned_cart.success :: email: erika.pq11@gmail.com :: checkout_url: https://naturalconexion.com/checkout/?mc_cart_id=1cfea4d6a8793c954f1b6daf07a61606
2021-12-17T02:30:06+00:00 NOTICE cart.member.updated :: Updated erika.pq11@gmail.com subscriber status to subscribed and language to es
2021-12-17T02:30:07+00:00 NOTICE order_sumbit :: #17856 has a financial status of pending and was skipped.
2021-12-17T02:31:46+00:00 NOTICE action_scheduler.queue_job :: MailChimp_WooCommerce_Single_Order starts in 90 seconds :: obj_id 17857
2021-12-17T02:33:21+00:00 NOTICE order_sumbit :: #17857 has a financial status of pending and was skipped.
2021-12-17T02:35:00+00:00 NOTICE action_scheduler.queue_job :: MailChimp_WooCommerce_Single_Order starts in 90 seconds :: obj_id 17856
2021-12-17T02:35:02+00:00 NOTICE debug :: Order ID 17856 was pending and is now processing :: Array
(
    [new_order] => 1
    [tracking] => Array
        (
            [campaign_id] => 
            [landing_site] => https://naturalconexion.com/my-account/
        )

)

2021-12-17T02:35:02+00:00 NOTICE action_scheduler.queue_job :: MailChimp_WooCommerce_User_Submit queued :: obj_id 1944
2021-12-17T02:35:38+00:00 NOTICE member.sync :: Updated Member jeniferandrea071@gmail.com ( merge fields only ) :: Array
(
    [merge_fields] => Array
        (
            [FNAME] => Jenifer
            [LNAME] => Aguilera
        )

)

2021-12-17T02:36:50+00:00 NOTICE order.member.updated :: Updated jeniferandrea071@gmail.com subscriber status to subscribed and language to 
2021-12-17T02:36:50+00:00 NOTICE order_submit.success :: addStoreOrder :: #17856 :: email: jeniferandrea071@gmail.com :: landing site https://naturalconexion.com/my-account/ :: abandoned cart deleted [f10bdd0a1423684f812fa12e122c4546]
2021-12-17T02:37:07+00:00 NOTICE action_scheduler.queue_job :: MailChimp_WooCommerce_User_Submit queued :: obj_id 1
2021-12-17T02:37:11+00:00 ERROR member.sync :: hola@naturalconexion.com :: Error Code 400 :: hola@naturalconexion.com is in a compliance state due to unsubscribe, bounce, or compliance review and cannot be subscribed. on 1894 in /home/forge/naturalconexion.com/wp-content/plugins/mailchimp-for-woocommerce/includes/api/class-mailchimp-api.php
2021-12-17T02:39:06+00:00 NOTICE action_scheduler.queue_job :: MailChimp_WooCommerce_Single_Order starts in 90 seconds :: obj_id 17857
2021-12-17T02:39:11+00:00 NOTICE debug :: Order ID 17857 was pending and is now processing :: Array
(
    [new_order] => 1
    [tracking] => Array
        (
            [campaign_id] => 
            [landing_site] => https://naturalconexion.com/wp-admin/admin-ajax.php
        )

)

2021-12-17T02:40:48+00:00 NOTICE order.member.updated :: Updated erika.pq11@gmail.com subscriber status to subscribed and language to 
2021-12-17T02:40:48+00:00 NOTICE order_submit.success :: addStoreOrder :: #17857 :: email: erika.pq11@gmail.com :: landing site https://naturalconexion.com/wp-admin/admin-ajax.php :: abandoned cart deleted [1cfea4d6a8793c954f1b6daf07a61606]
2021-12-17T02:43:03+00:00 NOTICE action_scheduler.queue_job :: MailChimp_WooCommerce_Single_Order starts in 90 seconds :: obj_id 17847
2021-12-17T02:43:05+00:00 NOTICE debug :: Order ID 17847 was pending and is now processing :: Array
(
    [new_order] => 1
    [tracking] => Array
        (
            [campaign_id] => 
            [landing_site] => https://naturalconexion.com/?wc-ajax=get_refreshed_fragments
        )

)

2021-12-17T02:44:34+00:00 NOTICE action_scheduler.queue_job :: MailChimp_WooCommerce_Cart_Update queued :: obj_id 74fea330c644d25ec9c83345564f6328
2021-12-17T02:44:37+00:00 NOTICE order.member.updated :: Updated paulaan965@gmail.com subscriber status to subscribed and language to 
2021-12-17T02:44:37+00:00 NOTICE order_submit.success :: addStoreOrder :: #17847 :: email: paulaan965@gmail.com :: landing site https://naturalconexion.com/?wc-ajax=get_refreshed_fragments :: abandoned cart deleted [509f9c2c1d01abdc0f1ea20162c4d6ad]
2021-12-17T02:44:37+00:00 NOTICE abandoned_cart.success :: email: gmbl07@hotmail.com :: checkout_url: https://naturalconexion.com/checkout/?mc_cart_id=74fea330c644d25ec9c83345564f6328
2021-12-17T02:44:38+00:00 NOTICE cart.member.updated :: Updated gmbl07@hotmail.com subscriber status to unsubscribed and language to es
2021-12-17T02:44:47+00:00 NOTICE action_scheduler.queue_job :: MailChimp_WooCommerce_Single_Order starts in 90 seconds :: obj_id 17858
2021-12-17T02:46:02+00:00 NOTICE action_scheduler.queue_job :: MailChimp_WooCommerce_User_Submit queued :: obj_id 1
2021-12-17T02:46:47+00:00 ERROR member.sync :: hola@naturalconexion.com :: Error Code 400 :: hola@naturalconexion.com is in a compliance state due to unsubscribe, bounce, or compliance review and cannot be subscribed. on 1894 in /home/forge/naturalconexion.com/wp-content/plugins/mailchimp-for-woocommerce/includes/api/class-mailchimp-api.php
2021-12-17T02:46:47+00:00 NOTICE order_sumbit :: #17858 has a financial status of pending and was skipped.
2021-12-17T02:47:52+00:00 NOTICE action_scheduler.queue_job :: MailChimp_WooCommerce_Single_Order starts in 90 seconds :: obj_id 17858
2021-12-17T02:47:53+00:00 NOTICE debug :: Order ID 17858 was pending and is now processing :: Array
(
    [new_order] => 1
    [tracking] => Array
        (
            [campaign_id] => 
            [landing_site] => https://naturalconexion.com/wp-admin/admin-ajax.php
        )

)

2021-12-17T02:49:25+00:00 NOTICE order.member.updated :: Updated gmbl07@hotmail.com subscriber status to unsubscribed and language to 
2021-12-17T02:49:25+00:00 NOTICE order_submit.success :: addStoreOrder :: #17858 :: email: gmbl07@hotmail.com :: landing site https://naturalconexion.com/wp-admin/admin-ajax.php :: abandoned cart deleted [74fea330c644d25ec9c83345564f6328]
2021-12-17T02:51:04+00:00 NOTICE action_scheduler.queue_job :: MailChimp_WooCommerce_Cart_Update queued :: obj_id ad88d43b768b655d6edcdafbd1f31603
2021-12-17T02:51:31+00:00 NOTICE abandoned_cart.success :: email: angacori@gmail.com :: checkout_url: https://naturalconexion.com/checkout/?mc_cart_id=ad88d43b768b655d6edcdafbd1f31603
2021-12-17T02:51:32+00:00 NOTICE cart.member.updated :: Updated angacori@gmail.com subscriber status to transactional and language to es
2021-12-17T02:54:13+00:00 NOTICE action_scheduler.queue_job :: MailChimp_WooCommerce_Single_Order starts in 90 seconds :: obj_id 17859
2021-12-17T02:55:48+00:00 NOTICE order_sumbit :: #17859 has a financial status of pending and was skipped.
2021-12-17T02:58:24+00:00 NOTICE action_scheduler.queue_job :: MailChimp_WooCommerce_Cart_Update queued :: obj_id 03f7b46dda8811ad4b005d7f63dbe7e5
2021-12-17T02:58:55+00:00 NOTICE abandoned_cart.success :: email: erikacaicedo233@hotmail.com :: checkout_url: https://naturalconexion.com/checkout/?mc_cart_id=03f7b46dda8811ad4b005d7f63dbe7e5
2021-12-17T02:58:55+00:00 NOTICE cart.member.updated :: Updated erikacaicedo233@hotmail.com subscriber status to transactional and language to es
2021-12-17T03:01:06+00:00 NOTICE action_scheduler.queue_job :: MailChimp_WooCommerce_Single_Order starts in 90 seconds :: obj_id 17860
2021-12-17T03:02:35+00:00 NOTICE action_scheduler.queue_job :: MailChimp_WooCommerce_Single_Order starts in 90 seconds :: obj_id 17852
2021-12-17T03:02:37+00:00 NOTICE debug :: Order ID 17852 was pending and is now processing :: Array
(
    [new_order] => 1
    [tracking] => Array
        (
            [campaign_id] => 
            [landing_site] => https://naturalconexion.com/wp-admin/admin-ajax.php
        )

)

2021-12-17T03:02:49+00:00 NOTICE order_sumbit :: #17860 has a financial status of pending and was skipped.
2021-12-17T03:03:04+00:00 NOTICE action_scheduler.queue_job :: MailChimp_WooCommerce_Single_Order starts in 90 seconds :: obj_id 17859
2021-12-17T03:03:06+00:00 NOTICE debug :: Order ID 17859 was pending and is now processing :: Array
(
    [new_order] => 1
    [tracking] => Array
        (
            [campaign_id] => 
            [landing_site] => https://naturalconexion.com/wp-admin/admin-ajax.php
        )

)

2021-12-17T03:04:32+00:00 NOTICE action_scheduler.queue_job :: MailChimp_WooCommerce_Cart_Update queued :: obj_id 03f7b46dda8811ad4b005d7f63dbe7e5
2021-12-17T03:04:43+00:00 NOTICE order.member.updated :: Updated daniela_5226@hotmail.com subscriber status to subscribed and language to 
2021-12-17T03:04:43+00:00 NOTICE order_submit.success :: addStoreOrder :: #17852 :: email: daniela_5226@hotmail.com :: landing site https://naturalconexion.com/wp-admin/admin-ajax.php
2021-12-17T03:04:44+00:00 NOTICE abandoned_cart.success :: email: erikacaicedo233@hotmail.com :: checkout_url: https://naturalconexion.com/checkout/?mc_cart_id=03f7b46dda8811ad4b005d7f63dbe7e5
2021-12-17T03:04:45+00:00 NOTICE order.member.updated :: Updated angacori@gmail.com subscriber status to subscribed and language to 
2021-12-17T03:04:45+00:00 NOTICE order_submit.success :: addStoreOrder :: #17859 :: email: angacori@gmail.com :: landing site https://naturalconexion.com/wp-admin/admin-ajax.php :: abandoned cart deleted [ad88d43b768b655d6edcdafbd1f31603]
2021-12-17T03:05:54+00:00 NOTICE action_scheduler.queue_job :: MailChimp_WooCommerce_Cart_Update queued :: obj_id 03f7b46dda8811ad4b005d7f63dbe7e5
2021-12-17T03:06:46+00:00 NOTICE abandoned_cart.success :: email: erikacaicedo233@hotmail.com :: checkout_url: https://naturalconexion.com/checkout/?mc_cart_id=03f7b46dda8811ad4b005d7f63dbe7e5
2021-12-17T03:07:58+00:00 NOTICE action_scheduler.queue_job :: MailChimp_WooCommerce_Cart_Update queued :: obj_id 03f7b46dda8811ad4b005d7f63dbe7e5
2021-12-17T03:08:01+00:00 NOTICE abandoned_cart.success :: email: erikacaicedo233@hotmail.com :: checkout_url: https://naturalconexion.com/checkout/?mc_cart_id=03f7b46dda8811ad4b005d7f63dbe7e5
2021-12-17T03:08:13+00:00 NOTICE action_scheduler.queue_job :: MailChimp_WooCommerce_Cart_Update queued :: obj_id c8a68d3767a062a0d2751a6076b2f401
2021-12-17T03:08:47+00:00 NOTICE abandoned_cart.success :: email: roclaux@hotmail.com :: checkout_url: https://naturalconexion.com/checkout/?mc_cart_id=c8a68d3767a062a0d2751a6076b2f401
2021-12-17T03:08:47+00:00 NOTICE cart.member.updated :: Updated roclaux@hotmail.com subscriber status to transactional and language to es
2021-12-17T03:08:49+00:00 NOTICE action_scheduler.queue_job :: MailChimp_WooCommerce_Cart_Update queued :: obj_id 03f7b46dda8811ad4b005d7f63dbe7e5
2021-12-17T03:09:04+00:00 NOTICE abandoned_cart.success :: email: erikacaicedo233@hotmail.com :: checkout_url: https://naturalconexion.com/checkout/?mc_cart_id=03f7b46dda8811ad4b005d7f63dbe7e5
2021-12-17T03:10:01+00:00 NOTICE action_scheduler.queue_job :: MailChimp_WooCommerce_Cart_Update queued :: obj_id 03f7b46dda8811ad4b005d7f63dbe7e5
2021-12-17T03:10:15+00:00 NOTICE abandoned_cart.success :: email: erikacaicedo233@hotmail.com :: checkout_url: https://naturalconexion.com/checkout/?mc_cart_id=03f7b46dda8811ad4b005d7f63dbe7e5
2021-12-17T03:10:51+00:00 NOTICE action_scheduler.queue_job :: MailChimp_WooCommerce_Cart_Update queued :: obj_id c8a68d3767a062a0d2751a6076b2f401
2021-12-17T03:10:51+00:00 NOTICE abandoned_cart.success :: email: roclaux@hotmail.com :: checkout_url: https://naturalconexion.com/checkout/?mc_cart_id=c8a68d3767a062a0d2751a6076b2f401
2021-12-17T03:11:08+00:00 NOTICE action_scheduler.queue_job :: MailChimp_WooCommerce_Cart_Update queued :: obj_id c8a68d3767a062a0d2751a6076b2f401
2021-12-17T03:11:11+00:00 NOTICE action_scheduler.queue_job :: MailChimp_WooCommerce_Single_Order starts in 90 seconds :: obj_id 17861
2021-12-17T03:11:19+00:00 NOTICE abandoned_cart.success :: email: roclaux@hotmail.com :: checkout_url: https://naturalconexion.com/checkout/?mc_cart_id=c8a68d3767a062a0d2751a6076b2f401
2021-12-17T03:13:03+00:00 NOTICE order_sumbit :: #17861 has a financial status of pending and was skipped.
2021-12-17T03:14:08+00:00 NOTICE action_scheduler.queue_job :: MailChimp_WooCommerce_Single_Order starts in 90 seconds :: obj_id 17861
2021-12-17T03:14:09+00:00 NOTICE debug :: Order ID 17861 was pending and is now processing :: Array
(
    [new_order] => 1
    [tracking] => Array
        (
            [campaign_id] => 
            [landing_site] => https://naturalconexion.com/?wc-ajax=get_refreshed_fragments
        )

)

2021-12-17T03:14:27+00:00 NOTICE action_scheduler.queue_job :: MailChimp_WooCommerce_Single_Order starts in 90 seconds :: obj_id 17862
2021-12-17T03:16:17+00:00 NOTICE order.member.updated :: Updated roclaux@hotmail.com subscriber status to subscribed and language to 
2021-12-17T03:16:17+00:00 NOTICE order_submit.success :: addStoreOrder :: #17861 :: email: roclaux@hotmail.com :: landing site https://naturalconexion.com/?wc-ajax=get_refreshed_fragments :: abandoned cart deleted [c8a68d3767a062a0d2751a6076b2f401]
2021-12-17T03:16:18+00:00 NOTICE order_sumbit :: #17862 has a financial status of pending and was skipped.
2021-12-17T03:29:12+00:00 NOTICE action_scheduler.queue_job :: MailChimp_WooCommerce_Cart_Update queued :: obj_id f5f745f6367eb0a5880a42e7962d6fc0
2021-12-17T03:29:27+00:00 NOTICE abandoned_cart.success :: email: andreitamedina75@yahoo.es :: checkout_url: https://naturalconexion.com/checkout/?mc_cart_id=f5f745f6367eb0a5880a42e7962d6fc0
2021-12-17T03:29:27+00:00 NOTICE cart.member.updated :: Updated andreitamedina75@yahoo.es subscriber status to subscribed and language to es
2021-12-17T03:55:55+00:00 NOTICE action_scheduler.queue_job :: MailChimp_WooCommerce_Cart_Update queued :: obj_id 1189c0bfac4f0b0b86896dc83c70c6fd
2021-12-17T03:55:56+00:00 NOTICE abandoned_cart.success :: email: yennybotero@hotmail.com :: checkout_url: https://naturalconexion.com/checkout/?mc_cart_id=1189c0bfac4f0b0b86896dc83c70c6fd
2021-12-17T03:55:56+00:00 NOTICE cart.member.updated :: Updated yennybotero@hotmail.com subscriber status to subscribed and language to es
2021-12-17T03:57:31+00:00 NOTICE action_scheduler.queue_job :: MailChimp_WooCommerce_Single_Order starts in 90 seconds :: obj_id 17863
2021-12-17T03:59:53+00:00 NOTICE order_sumbit :: #17863 has a financial status of pending and was skipped.
2021-12-17T04:01:12+00:00 NOTICE action_scheduler.queue_job :: MailChimp_WooCommerce_Single_Order starts in 90 seconds :: obj_id 17863
2021-12-17T04:01:14+00:00 NOTICE debug :: Order ID 17863 was pending and is now processing :: Array
(
    [new_order] => 1
    [tracking] => Array
        (
            [campaign_id] => 
            [landing_site] => https://naturalconexion.com/wp-admin/admin-ajax.php
        )

)

2021-12-17T04:02:09+00:00 NOTICE action_scheduler.queue_job :: MailChimp_WooCommerce_Cart_Update queued :: obj_id 1189c0bfac4f0b0b86896dc83c70c6fd
2021-12-17T04:02:14+00:00 NOTICE abandoned_cart.success :: email: yennybotero@hotmail.com :: checkout_url: https://naturalconexion.com/checkout/?mc_cart_id=1189c0bfac4f0b0b86896dc83c70c6fd
2021-12-17T04:02:35+00:00 NOTICE action_scheduler.queue_job :: MailChimp_WooCommerce_Cart_Update queued :: obj_id 1189c0bfac4f0b0b86896dc83c70c6fd
2021-12-17T04:03:38+00:00 NOTICE order.member.updated :: Updated yennybotero@hotmail.com subscriber status to subscribed and language to 
2021-12-17T04:03:38+00:00 NOTICE order_submit.success :: addStoreOrder :: #17863 :: email: yennybotero@hotmail.com :: landing site https://naturalconexion.com/wp-admin/admin-ajax.php
2021-12-17T04:03:39+00:00 NOTICE abandoned_cart.success :: email: yennybotero@hotmail.com :: checkout_url: https://naturalconexion.com/checkout/?mc_cart_id=1189c0bfac4f0b0b86896dc83c70c6fd
2021-12-17T04:06:17+00:00 NOTICE action_scheduler.queue_job :: MailChimp_WooCommerce_Cart_Update queued :: obj_id 1189c0bfac4f0b0b86896dc83c70c6fd
2021-12-17T04:06:53+00:00 NOTICE abandoned_cart.success :: email: yennybotero@hotmail.com :: checkout_url: https://naturalconexion.com/checkout/?mc_cart_id=1189c0bfac4f0b0b86896dc83c70c6fd
2021-12-17T04:07:16+00:00 NOTICE action_scheduler.queue_job :: MailChimp_WooCommerce_Cart_Update queued :: obj_id 1189c0bfac4f0b0b86896dc83c70c6fd
2021-12-17T04:07:29+00:00 NOTICE abandoned_cart.success :: email: yennybotero@hotmail.com :: checkout_url: https://naturalconexion.com/checkout/?mc_cart_id=1189c0bfac4f0b0b86896dc83c70c6fd
2021-12-17T04:08:46+00:00 NOTICE action_scheduler.queue_job :: MailChimp_WooCommerce_Cart_Update queued :: obj_id 1189c0bfac4f0b0b86896dc83c70c6fd
2021-12-17T04:08:47+00:00 NOTICE abandoned_cart.success :: email: yennybotero@hotmail.com :: checkout_url: https://naturalconexion.com/checkout/?mc_cart_id=1189c0bfac4f0b0b86896dc83c70c6fd
2021-12-17T04:10:12+00:00 NOTICE action_scheduler.queue_job :: MailChimp_WooCommerce_Cart_Update queued :: obj_id 1189c0bfac4f0b0b86896dc83c70c6fd
2021-12-17T04:10:52+00:00 NOTICE abandoned_cart.success :: email: yennybotero@hotmail.com :: checkout_url: https://naturalconexion.com/checkout/?mc_cart_id=1189c0bfac4f0b0b86896dc83c70c6fd
2021-12-17T04:12:29+00:00 NOTICE action_scheduler.queue_job :: MailChimp_WooCommerce_Single_Order starts in 90 seconds :: obj_id 17864
2021-12-17T04:12:29+00:00 NOTICE action_scheduler.queue_job :: MailChimp_WooCommerce_Single_Order starts in 90 seconds :: obj_id 17851
2021-12-17T04:12:32+00:00 NOTICE debug :: Order ID 17851 was pending and is now processing :: Array
(
    [new_order] => 1
    [tracking] => Array
        (
            [campaign_id] => 
            [landing_site] => https://naturalconexion.com/?wc-ajax=get_refreshed_fragments
        )

)

2021-12-17T04:14:29+00:00 NOTICE order_sumbit :: #17864 has a financial status of pending and was skipped.
2021-12-17T04:14:31+00:00 NOTICE order.member.updated :: Updated Anamariarr22@gmail.com subscriber status to subscribed and language to 
2021-12-17T04:14:31+00:00 NOTICE order_submit.success :: addStoreOrder :: #17851 :: email: Anamariarr22@gmail.com :: landing site https://naturalconexion.com/?wc-ajax=get_refreshed_fragments
2021-12-17T04:14:59+00:00 NOTICE action_scheduler.queue_job :: MailChimp_WooCommerce_Single_Order starts in 90 seconds :: obj_id 17864
2021-12-17T04:15:01+00:00 NOTICE debug :: Order ID 17864 was pending and is now processing :: Array
(
    [new_order] => 1
    [tracking] => Array
        (
            [campaign_id] => 
            [landing_site] => https://naturalconexion.com/?wc-ajax=get_refreshed_fragments
        )

)

2021-12-17T04:16:39+00:00 NOTICE order.member.updated :: Updated yennybotero@hotmail.com subscriber status to subscribed and language to 
2021-12-17T04:16:39+00:00 NOTICE order_submit.success :: addStoreOrder :: #17864 :: email: yennybotero@hotmail.com :: landing site https://naturalconexion.com/?wc-ajax=get_refreshed_fragments :: abandoned cart deleted [1189c0bfac4f0b0b86896dc83c70c6fd]
2021-12-17T04:18:38+00:00 NOTICE action_scheduler.queue_job :: MailChimp_WooCommerce_Cart_Update queued :: obj_id c91d5eb969b545f554d905f913262e1e
2021-12-17T04:18:48+00:00 NOTICE abandoned_cart.success :: email: luis.fernanda94@hotmail.com :: checkout_url: https://naturalconexion.com/checkout/?mc_cart_id=c91d5eb969b545f554d905f913262e1e
2021-12-17T04:18:48+00:00 NOTICE cart.member.updated :: Updated luis.fernanda94@hotmail.com subscriber status to transactional and language to es
2021-12-17T04:23:16+00:00 NOTICE action_scheduler.queue_job :: MailChimp_WooCommerce_Cart_Update queued :: obj_id b6826c17567f3b3e6c6fefcefe7dbda8
2021-12-17T04:23:18+00:00 NOTICE action_scheduler.queue_job :: MailChimp_WooCommerce_Single_Order starts in 90 seconds :: obj_id 17865
2021-12-17T04:23:24+00:00 NOTICE abandoned_cart.success :: email: meliecaro@hotmail.com :: checkout_url: https://naturalconexion.com/checkout/?mc_cart_id=b6826c17567f3b3e6c6fefcefe7dbda8
2021-12-17T04:23:25+00:00 NOTICE cart.member.updated :: Updated meliecaro@hotmail.com subscriber status to transactional and language to es
2021-12-17T04:24:48+00:00 NOTICE order_sumbit :: #17865 has a financial status of pending and was skipped.
2021-12-17T04:27:27+00:00 NOTICE action_scheduler.queue_job :: MailChimp_WooCommerce_Single_Order starts in 90 seconds :: obj_id 17865
2021-12-17T04:27:29+00:00 NOTICE debug :: Order ID 17865 was pending and is now processing :: Array
(
    [new_order] => 1
    [tracking] => Array
        (
            [campaign_id] => 
            [landing_site] => https://naturalconexion.com/?wc-ajax=get_refreshed_fragments
        )

)

2021-12-17T04:29:13+00:00 NOTICE order.member.updated :: Updated meliecaro@hotmail.com subscriber status to subscribed and language to 
2021-12-17T04:29:13+00:00 NOTICE order_submit.success :: addStoreOrder :: #17865 :: email: meliecaro@hotmail.com :: landing site https://naturalconexion.com/?wc-ajax=get_refreshed_fragments :: abandoned cart deleted [b6826c17567f3b3e6c6fefcefe7dbda8]
2021-12-17T04:51:35+00:00 NOTICE action_scheduler.queue_job :: MailChimp_WooCommerce_Cart_Update queued :: obj_id f2e1f1eaf75065606c8ec89c6f44bd1d
2021-12-17T04:51:37+00:00 NOTICE abandoned_cart.success :: email: yazcita@yahoo.es :: checkout_url: https://naturalconexion.com/checkout/?mc_cart_id=f2e1f1eaf75065606c8ec89c6f44bd1d
2021-12-17T04:51:38+00:00 NOTICE cart.member.updated :: Updated yazcita@yahoo.es subscriber status to subscribed and language to es
2021-12-17T04:51:55+00:00 NOTICE action_scheduler.queue_job :: MailChimp_WooCommerce_Single_Order starts in 90 seconds :: obj_id 17866
2021-12-17T04:53:43+00:00 NOTICE action_scheduler.queue_job :: MailChimp_WooCommerce_User_Submit queued :: obj_id 1969
2021-12-17T04:53:44+00:00 NOTICE action_scheduler.queue_job :: MailChimp_WooCommerce_Single_Order starts in 90 seconds :: obj_id 17867
2021-12-17T04:53:46+00:00 NOTICE order_sumbit :: #17866 has a financial status of pending and was skipped.
2021-12-17T04:53:46+00:00 NOTICE member.sync :: Subscribed Member chirdiyis@hotmail.com :: Array
(
    [status_if_new] => 1
    [merge_fields] => Array
        (
            [FNAME] => Leydy Victoria
            [LNAME] => Vargas Campos
        )

)

2021-12-17T04:54:09+00:00 NOTICE action_scheduler.queue_job :: MailChimp_WooCommerce_Single_Order starts in 90 seconds :: obj_id 17866
2021-12-17T04:54:11+00:00 NOTICE debug :: Order ID 17866 was pending and is now processing :: Array
(
    [new_order] => 1
    [tracking] => Array
        (
            [campaign_id] => 
            [landing_site] => https://naturalconexion.com/wp-admin/admin-ajax.php
        )

)

2021-12-17T04:55:23+00:00 NOTICE action_scheduler.queue_job :: MailChimp_WooCommerce_Cart_Update queued :: obj_id d28bbce2d88f56659d5dd4f3515eb7cc
2021-12-17T04:55:51+00:00 NOTICE order_sumbit :: #17867 has a financial status of pending and was skipped.
2021-12-17T04:55:51+00:00 NOTICE abandoned_cart.success :: email: chirdiyis@hotmail.com :: checkout_url: https://naturalconexion.com/checkout/?mc_cart_id=d28bbce2d88f56659d5dd4f3515eb7cc
2021-12-17T04:55:51+00:00 NOTICE cart.member.updated :: Updated chirdiyis@hotmail.com subscriber status to subscribed and language to es
2021-12-17T04:55:53+00:00 NOTICE order.member.updated :: Updated yazcita@yahoo.es subscriber status to subscribed and language to 
2021-12-17T04:55:53+00:00 NOTICE order_submit.success :: addStoreOrder :: #17866 :: email: yazcita@yahoo.es :: landing site https://naturalconexion.com/wp-admin/admin-ajax.php :: abandoned cart deleted [f2e1f1eaf75065606c8ec89c6f44bd1d]
2021-12-17T04:56:21+00:00 NOTICE action_scheduler.queue_job :: MailChimp_WooCommerce_Cart_Update queued :: obj_id d28bbce2d88f56659d5dd4f3515eb7cc
2021-12-17T04:56:50+00:00 NOTICE abandoned_cart.success :: email: chirdiyis@hotmail.com :: checkout_url: https://naturalconexion.com/checkout/?mc_cart_id=d28bbce2d88f56659d5dd4f3515eb7cc
2021-12-17T04:58:27+00:00 NOTICE action_scheduler.queue_job :: MailChimp_WooCommerce_Cart_Update queued :: obj_id d28bbce2d88f56659d5dd4f3515eb7cc
2021-12-17T04:58:54+00:00 NOTICE abandoned_cart.success :: email: chirdiyis@hotmail.com :: checkout_url: https://naturalconexion.com/checkout/?mc_cart_id=d28bbce2d88f56659d5dd4f3515eb7cc
2021-12-17T04:59:30+00:00 NOTICE action_scheduler.queue_job :: MailChimp_WooCommerce_Single_Order starts in 90 seconds :: obj_id 17868
2021-12-17T05:01:45+00:00 NOTICE order_sumbit :: #17868 has a financial status of pending and was skipped.
2021-12-17T05:18:26+00:00 NOTICE action_scheduler.queue_job :: MailChimp_WooCommerce_Single_Order starts in 90 seconds :: obj_id 17868
2021-12-17T05:18:28+00:00 NOTICE debug :: Order ID 17868 was pending and is now failed :: Array
(
    [new_order] => 
    [tracking] => 
)

2021-12-17T05:20:25+00:00 NOTICE system.debug :: order 17868 is in failed status, and is being skipped for now.
2021-12-17T05:43:08+00:00 NOTICE action_scheduler.queue_job :: MailChimp_WooCommerce_Cart_Update queued :: obj_id 4aa30bb0235a92dcb6e37595f9f384f7
2021-12-17T05:44:05+00:00 NOTICE abandoned_cart.success :: email: susana.arango22@gmail.com :: checkout_url: https://naturalconexion.com/checkout/?mc_cart_id=4aa30bb0235a92dcb6e37595f9f384f7
2021-12-17T05:44:05+00:00 NOTICE cart.member.updated :: Updated susana.arango22@gmail.com subscriber status to subscribed and language to es
2021-12-17T09:53:15+00:00 NOTICE action_scheduler.queue_job :: MailChimp_WooCommerce_Single_Order starts in 90 seconds :: obj_id 17869
2021-12-17T09:55:09+00:00 NOTICE order_sumbit :: #17869 has a financial status of pending and was skipped.
2021-12-17T09:58:26+00:00 NOTICE action_scheduler.queue_job :: MailChimp_WooCommerce_Single_Order starts in 90 seconds :: obj_id 17869
2021-12-17T09:58:28+00:00 NOTICE debug :: Order ID 17869 was pending and is now processing :: Array
(
    [new_order] => 1
    [tracking] => Array
        (
            [campaign_id] => 
            [landing_site] => https://naturalconexion.com/wp-admin/admin-ajax.php
        )

)

2021-12-17T10:00:44+00:00 NOTICE order.member.updated :: Updated dicaromaga@hotmail.com subscriber status to transactional and language to 
2021-12-17T10:00:44+00:00 NOTICE order_submit.success :: addStoreOrder :: #17869 :: email: dicaromaga@hotmail.com :: landing site https://naturalconexion.com/wp-admin/admin-ajax.php
2021-12-17T11:48:41+00:00 NOTICE action_scheduler.queue_job :: MailChimp_WooCommerce_User_Submit queued :: obj_id 1
2021-12-17T11:49:46+00:00 ERROR member.sync :: hola@naturalconexion.com :: Error Code 400 :: hola@naturalconexion.com is in a compliance state due to unsubscribe, bounce, or compliance review and cannot be subscribed. on 1894 in /home/forge/naturalconexion.com/wp-content/plugins/mailchimp-for-woocommerce/includes/api/class-mailchimp-api.php
2021-12-17T12:27:07+00:00 NOTICE action_scheduler.queue_job :: MailChimp_WooCommerce_Cart_Update queued :: obj_id 0b8b253e3042f100238a113cd35dcc17
2021-12-17T12:27:29+00:00 NOTICE abandoned_cart.success :: email: anggylopez9815@gmail.com :: checkout_url: https://naturalconexion.com/checkout/?mc_cart_id=0b8b253e3042f100238a113cd35dcc17
2021-12-17T12:27:29+00:00 NOTICE cart.member.updated :: Updated anggylopez9815@gmail.com subscriber status to transactional and language to es
2021-12-17T12:27:36+00:00 NOTICE action_scheduler.queue_job :: MailChimp_WooCommerce_Single_Order starts in 90 seconds :: obj_id 17871
2021-12-17T12:29:44+00:00 NOTICE order_sumbit :: #17871 has a financial status of pending and was skipped.
2021-12-17T12:29:46+00:00 NOTICE action_scheduler.queue_job :: MailChimp_WooCommerce_Single_Order starts in 90 seconds :: obj_id 17871
2021-12-17T12:29:49+00:00 NOTICE debug :: Order ID 17871 was pending and is now processing :: Array
(
    [new_order] => 1
    [tracking] => Array
        (
            [campaign_id] => 
            [landing_site] => https://naturalconexion.com/wp-admin/admin-ajax.php
        )

)

2021-12-17T12:31:47+00:00 NOTICE order.member.updated :: Updated anggylopez9815@gmail.com subscriber status to transactional and language to 
2021-12-17T12:31:47+00:00 NOTICE order_submit.success :: addStoreOrder :: #17871 :: email: anggylopez9815@gmail.com :: landing site https://naturalconexion.com/wp-admin/admin-ajax.php :: abandoned cart deleted [0b8b253e3042f100238a113cd35dcc17]
2021-12-17T12:41:07+00:00 NOTICE action_scheduler.queue_job :: MailChimp_WooCommerce_Cart_Update queued :: obj_id 196627221d239778993d8f747aa11033
2021-12-17T12:42:14+00:00 NOTICE abandoned_cart.success :: email: ziana_06@hotmail.com :: checkout_url: https://naturalconexion.com/checkout/?mc_cart_id=196627221d239778993d8f747aa11033
2021-12-17T12:42:15+00:00 NOTICE cart.member.updated :: Updated ziana_06@hotmail.com subscriber status to transactional and language to es
2021-12-17T13:00:46+00:00 NOTICE action_scheduler.queue_job :: MailChimp_WooCommerce_Single_Order starts in 90 seconds :: obj_id 17774
2021-12-17T13:00:48+00:00 NOTICE debug :: Order ID 17774 was processing and is now completed :: Array
(
    [new_order] => 
    [tracking] => 
)

2021-12-17T13:00:48+00:00 NOTICE action_scheduler.queue_job :: MailChimp_WooCommerce_Single_Order starts in 90 seconds :: obj_id 17782
2021-12-17T13:00:49+00:00 NOTICE debug :: Order ID 17782 was processing and is now completed :: Array
(
    [new_order] => 
    [tracking] => 
)

2021-12-17T13:01:54+00:00 NOTICE action_scheduler.queue_job :: MailChimp_WooCommerce_Single_Order starts in 90 seconds :: obj_id 17784
2021-12-17T13:01:55+00:00 NOTICE debug :: Order ID 17784 was processing and is now completed :: Array
(
    [new_order] => 
    [tracking] => 
)

2021-12-17T13:01:55+00:00 NOTICE action_scheduler.queue_job :: MailChimp_WooCommerce_Single_Order starts in 90 seconds :: obj_id 17787
2021-12-17T13:01:56+00:00 NOTICE debug :: Order ID 17787 was processing and is now completed :: Array
(
    [new_order] => 
    [tracking] => 
)

2021-12-17T13:01:56+00:00 NOTICE action_scheduler.queue_job :: MailChimp_WooCommerce_Single_Order starts in 90 seconds :: obj_id 17788
2021-12-17T13:01:57+00:00 NOTICE debug :: Order ID 17788 was processing and is now completed :: Array
(
    [new_order] => 
    [tracking] => 
)

2021-12-17T13:01:57+00:00 NOTICE action_scheduler.queue_job :: MailChimp_WooCommerce_Single_Order starts in 90 seconds :: obj_id 17791
2021-12-17T13:01:58+00:00 NOTICE debug :: Order ID 17791 was processing and is now completed :: Array
(
    [new_order] => 
    [tracking] => 
)

2021-12-17T13:01:58+00:00 NOTICE action_scheduler.queue_job :: MailChimp_WooCommerce_Single_Order starts in 90 seconds :: obj_id 17793
2021-12-17T13:01:59+00:00 NOTICE debug :: Order ID 17793 was processing and is now completed :: Array
(
    [new_order] => 
    [tracking] => 
)

2021-12-17T13:02:00+00:00 NOTICE action_scheduler.queue_job :: MailChimp_WooCommerce_Single_Order starts in 90 seconds :: obj_id 17794
2021-12-17T13:02:01+00:00 NOTICE debug :: Order ID 17794 was processing and is now completed :: Array
(
    [new_order] => 
    [tracking] => 
)

2021-12-17T13:02:01+00:00 NOTICE action_scheduler.queue_job :: MailChimp_WooCommerce_Single_Order starts in 90 seconds :: obj_id 17796
2021-12-17T13:02:02+00:00 NOTICE debug :: Order ID 17796 was processing and is now completed :: Array
(
    [new_order] => 
    [tracking] => 
)

2021-12-17T13:02:02+00:00 NOTICE action_scheduler.queue_job :: MailChimp_WooCommerce_Single_Order starts in 90 seconds :: obj_id 17798
2021-12-17T13:02:03+00:00 NOTICE debug :: Order ID 17798 was processing and is now completed :: Array
(
    [new_order] => 
    [tracking] => 
)

2021-12-17T13:02:04+00:00 NOTICE action_scheduler.queue_job :: MailChimp_WooCommerce_Single_Order starts in 90 seconds :: obj_id 17799
2021-12-17T13:02:05+00:00 NOTICE debug :: Order ID 17799 was processing and is now completed :: Array
(
    [new_order] => 
    [tracking] => 
)

2021-12-17T13:02:05+00:00 NOTICE action_scheduler.queue_job :: MailChimp_WooCommerce_Single_Order starts in 90 seconds :: obj_id 17800
2021-12-17T13:02:06+00:00 NOTICE debug :: Order ID 17800 was processing and is now completed :: Array
(
    [new_order] => 
    [tracking] => 
)

2021-12-17T13:02:06+00:00 NOTICE action_scheduler.queue_job :: MailChimp_WooCommerce_Single_Order starts in 90 seconds :: obj_id 17801
2021-12-17T13:02:07+00:00 NOTICE debug :: Order ID 17801 was processing and is now completed :: Array
(
    [new_order] => 
    [tracking] => 
)

2021-12-17T13:02:07+00:00 NOTICE action_scheduler.queue_job :: MailChimp_WooCommerce_Single_Order starts in 90 seconds :: obj_id 17802
2021-12-17T13:02:08+00:00 NOTICE debug :: Order ID 17802 was processing and is now completed :: Array
(
    [new_order] => 
    [tracking] => 
)

2021-12-17T13:02:08+00:00 NOTICE action_scheduler.queue_job :: MailChimp_WooCommerce_Single_Order starts in 90 seconds :: obj_id 17803
2021-12-17T13:02:09+00:00 NOTICE debug :: Order ID 17803 was processing and is now completed :: Array
(
    [new_order] => 
    [tracking] => 
)

2021-12-17T13:02:09+00:00 NOTICE action_scheduler.queue_job :: MailChimp_WooCommerce_Single_Order starts in 90 seconds :: obj_id 17805
2021-12-17T13:02:10+00:00 NOTICE debug :: Order ID 17805 was processing and is now completed :: Array
(
    [new_order] => 
    [tracking] => 
)

2021-12-17T13:02:10+00:00 NOTICE action_scheduler.queue_job :: MailChimp_WooCommerce_Single_Order starts in 90 seconds :: obj_id 17806
2021-12-17T13:02:11+00:00 NOTICE debug :: Order ID 17806 was processing and is now completed :: Array
(
    [new_order] => 
    [tracking] => 
)

2021-12-17T13:02:12+00:00 NOTICE action_scheduler.queue_job :: MailChimp_WooCommerce_Single_Order starts in 90 seconds :: obj_id 17807
2021-12-17T13:02:13+00:00 NOTICE debug :: Order ID 17807 was processing and is now completed :: Array
(
    [new_order] => 
    [tracking] => 
)

2021-12-17T13:02:13+00:00 NOTICE action_scheduler.queue_job :: MailChimp_WooCommerce_Single_Order starts in 90 seconds :: obj_id 17808
2021-12-17T13:02:14+00:00 NOTICE debug :: Order ID 17808 was processing and is now completed :: Array
(
    [new_order] => 
    [tracking] => 
)

2021-12-17T13:02:23+00:00 NOTICE order.member.updated :: Updated Elizpenagos@yahoo.com subscriber status to subscribed and language to 
2021-12-17T13:02:23+00:00 NOTICE order_submit.success :: updateStoreOrder :: #17774 :: email: Elizpenagos@yahoo.com
2021-12-17T13:02:24+00:00 NOTICE order.member.updated :: Updated adrisa-2007@hotmail.com subscriber status to archived and language to 
2021-12-17T13:02:24+00:00 NOTICE order_submit.success :: updateStoreOrder :: #17782 :: email: adrisa-2007@hotmail.com
2021-12-17T13:02:48+00:00 NOTICE action_scheduler.queue_job :: MailChimp_WooCommerce_Single_Order starts in 90 seconds :: obj_id 17816
2021-12-17T13:02:49+00:00 NOTICE debug :: Order ID 17816 was processing and is now completed :: Array
(
    [new_order] => 
    [tracking] => 
)

2021-12-17T13:02:49+00:00 NOTICE action_scheduler.queue_job :: MailChimp_WooCommerce_Single_Order starts in 90 seconds :: obj_id 17817
2021-12-17T13:02:51+00:00 NOTICE debug :: Order ID 17817 was processing and is now completed :: Array
(
    [new_order] => 
    [tracking] => 
)

2021-12-17T13:03:28+00:00 NOTICE order.member.updated :: Updated jfercano9010@gmail.com subscriber status to subscribed and language to 
2021-12-17T13:03:28+00:00 NOTICE order_submit.success :: updateStoreOrder :: #17784 :: email: jfercano9010@gmail.com
2021-12-17T13:03:29+00:00 NOTICE order.member.updated :: Updated noyu1816@gmail.com subscriber status to subscribed and language to 
2021-12-17T13:03:29+00:00 NOTICE order_submit.success :: updateStoreOrder :: #17787 :: email: noyu1816@gmail.com
2021-12-17T13:03:30+00:00 NOTICE order.member.updated :: Updated k.vargasc@hotmail.com subscriber status to subscribed and language to 
2021-12-17T13:03:30+00:00 NOTICE order_submit.success :: updateStoreOrder :: #17788 :: email: k.vargasc@hotmail.com
2021-12-17T13:03:31+00:00 NOTICE order.member.updated :: Updated cami_rr94@hotmail.com subscriber status to subscribed and language to 
2021-12-17T13:03:31+00:00 NOTICE order_submit.success :: updateStoreOrder :: #17791 :: email: cami_rr94@hotmail.com
2021-12-17T13:03:33+00:00 NOTICE order.member.updated :: Updated matoma.vanesa@gmail.com subscriber status to subscribed and language to 
2021-12-17T13:03:33+00:00 NOTICE order_submit.success :: updateStoreOrder :: #17793 :: email: matoma.vanesa@gmail.com
2021-12-17T13:03:34+00:00 NOTICE order.member.updated :: Updated siespinosa428@hotmail.com subscriber status to subscribed and language to 
2021-12-17T13:03:34+00:00 NOTICE order_submit.success :: updateStoreOrder :: #17794 :: email: siespinosa428@hotmail.com
2021-12-17T13:03:35+00:00 NOTICE order.member.updated :: Updated luisa.arias0699@gmail.com subscriber status to unsubscribed and language to 
2021-12-17T13:03:35+00:00 NOTICE order_submit.success :: updateStoreOrder :: #17796 :: email: luisa.arias0699@gmail.com
2021-12-17T13:03:37+00:00 NOTICE order.member.updated :: Updated linamarceg17@gmail.com subscriber status to subscribed and language to 
2021-12-17T13:03:37+00:00 NOTICE order_submit.success :: updateStoreOrder :: #17798 :: email: linamarceg17@gmail.com
2021-12-17T13:03:38+00:00 NOTICE order.member.updated :: Updated Mcarroyave@opperar.com subscriber status to transactional and language to 
2021-12-17T13:03:38+00:00 NOTICE order_submit.success :: updateStoreOrder :: #17799 :: email: Mcarroyave@opperar.com
2021-12-17T13:03:39+00:00 NOTICE order.member.updated :: Updated olgavictoriapinto@yahoo.com subscriber status to subscribed and language to 
2021-12-17T13:03:39+00:00 NOTICE order_submit.success :: updateStoreOrder :: #17800 :: email: olgavictoriapinto@yahoo.com
2021-12-17T13:03:40+00:00 NOTICE order.member.updated :: Updated angel.jenny07@gmail.com subscriber status to subscribed and language to 
2021-12-17T13:03:40+00:00 NOTICE order_submit.success :: updateStoreOrder :: #17801 :: email: angel.jenny07@gmail.com
2021-12-17T13:03:42+00:00 NOTICE order.member.updated :: Updated amegil22@hotmail.com subscriber status to subscribed and language to 
2021-12-17T13:03:42+00:00 NOTICE order_submit.success :: updateStoreOrder :: #17802 :: email: amegil22@hotmail.com
2021-12-17T13:03:43+00:00 NOTICE order.member.updated :: Updated alelaum@hotmail.com subscriber status to subscribed and language to 
2021-12-17T13:03:43+00:00 NOTICE order_submit.success :: updateStoreOrder :: #17803 :: email: alelaum@hotmail.com
2021-12-17T13:03:45+00:00 NOTICE order.member.updated :: Updated Paula.vera.t@gmail.com subscriber status to subscribed and language to 
2021-12-17T13:03:45+00:00 NOTICE order_submit.success :: updateStoreOrder :: #17805 :: email: Paula.vera.t@gmail.com
2021-12-17T13:03:46+00:00 NOTICE order.member.updated :: Updated ammangel86@gmail.com subscriber status to subscribed and language to 
2021-12-17T13:03:46+00:00 NOTICE order_submit.success :: updateStoreOrder :: #17806 :: email: ammangel86@gmail.com
2021-12-17T13:03:47+00:00 NOTICE order.member.updated :: Updated manuca1208@gmail.com subscriber status to subscribed and language to 
2021-12-17T13:03:47+00:00 NOTICE order_submit.success :: updateStoreOrder :: #17807 :: email: manuca1208@gmail.com
2021-12-17T13:03:49+00:00 NOTICE order.member.updated :: Updated irma.zara@hotmail.com subscriber status to subscribed and language to 
2021-12-17T13:03:49+00:00 NOTICE order_submit.success :: updateStoreOrder :: #17808 :: email: irma.zara@hotmail.com
2021-12-17T13:04:27+00:00 NOTICE order.member.updated :: Updated erika.fonnegrab@gmail.com subscriber status to subscribed and language to 
2021-12-17T13:04:27+00:00 NOTICE order_submit.success :: updateStoreOrder :: #17816 :: email: erika.fonnegrab@gmail.com
2021-12-17T13:04:28+00:00 NOTICE order.member.updated :: Updated margaritamariacorrales@gmail.com subscriber status to subscribed and language to 
2021-12-17T13:04:28+00:00 NOTICE order_submit.success :: updateStoreOrder :: #17817 :: email: margaritamariacorrales@gmail.com
2021-12-17T13:11:09+00:00 NOTICE action_scheduler.queue_job :: MailChimp_WooCommerce_Single_Order starts in 90 seconds :: obj_id 17819
2021-12-17T13:11:10+00:00 NOTICE debug :: Order ID 17819 was processing and is now completed :: Array
(
    [new_order] => 
    [tracking] => 
)

2021-12-17T13:11:10+00:00 NOTICE action_scheduler.queue_job :: MailChimp_WooCommerce_Single_Order starts in 90 seconds :: obj_id 17820
2021-12-17T13:11:11+00:00 NOTICE debug :: Order ID 17820 was processing and is now completed :: Array
(
    [new_order] => 
    [tracking] => 
)

2021-12-17T13:11:11+00:00 NOTICE action_scheduler.queue_job :: MailChimp_WooCommerce_Single_Order starts in 90 seconds :: obj_id 17823
2021-12-17T13:11:12+00:00 NOTICE debug :: Order ID 17823 was processing and is now completed :: Array
(
    [new_order] => 
    [tracking] => 
)

2021-12-17T13:11:12+00:00 NOTICE action_scheduler.queue_job :: MailChimp_WooCommerce_Single_Order starts in 90 seconds :: obj_id 17824
2021-12-17T13:11:13+00:00 NOTICE debug :: Order ID 17824 was processing and is now completed :: Array
(
    [new_order] => 
    [tracking] => 
)

2021-12-17T13:11:13+00:00 NOTICE action_scheduler.queue_job :: MailChimp_WooCommerce_Single_Order starts in 90 seconds :: obj_id 17826
2021-12-17T13:11:14+00:00 NOTICE debug :: Order ID 17826 was processing and is now completed :: Array
(
    [new_order] => 
    [tracking] => 
)

2021-12-17T13:12:55+00:00 NOTICE order.member.updated :: Updated angelicarrion@hotmail.com subscriber status to subscribed and language to 
2021-12-17T13:12:55+00:00 NOTICE order_submit.success :: updateStoreOrder :: #17819 :: email: angelicarrion@hotmail.com
2021-12-17T13:12:56+00:00 NOTICE order.member.updated :: Updated leydii.0102@hotmail.com subscriber status to subscribed and language to 
2021-12-17T13:12:56+00:00 NOTICE order_submit.success :: updateStoreOrder :: #17820 :: email: leydii.0102@hotmail.com
2021-12-17T13:12:58+00:00 NOTICE order.member.updated :: Updated lcatag79@gmail.com subscriber status to subscribed and language to 
2021-12-17T13:12:58+00:00 NOTICE order_submit.success :: updateStoreOrder :: #17823 :: email: lcatag79@gmail.com
2021-12-17T13:12:59+00:00 NOTICE order.member.updated :: Updated joha0589@gmail.com subscriber status to subscribed and language to 
2021-12-17T13:12:59+00:00 NOTICE order_submit.success :: updateStoreOrder :: #17824 :: email: joha0589@gmail.com
2021-12-17T13:13:00+00:00 NOTICE order.member.updated :: Updated luisfe313@hotmail.com subscriber status to transactional and language to 
2021-12-17T13:13:00+00:00 NOTICE order_submit.success :: updateStoreOrder :: #17826 :: email: luisfe313@hotmail.com
2021-12-17T14:54:40+00:00 NOTICE action_scheduler.queue_job :: MailChimp_WooCommerce_Single_Product starts in 5 seconds :: obj_id 17261
2021-12-17T14:54:51+00:00 NOTICE product_submit.success :: updateStoreProduct :: #17261
2021-12-17T14:55:10+00:00 NOTICE action_scheduler.queue_job :: MailChimp_WooCommerce_Single_Product starts in 5 seconds :: obj_id 17604
2021-12-17T14:56:11+00:00 NOTICE product_submit.success :: updateStoreProduct :: #17604
2021-12-17T15:14:38+00:00 NOTICE action_scheduler.queue_job :: MailChimp_WooCommerce_Cart_Update queued :: obj_id 6e93b5dd4fb8cf2402399c3bf706fcbc
2021-12-17T15:14:49+00:00 NOTICE abandoned_cart.success :: email: andacos@gmail.com :: checkout_url: https://naturalconexion.com/checkout/?mc_cart_id=6e93b5dd4fb8cf2402399c3bf706fcbc
2021-12-17T15:14:49+00:00 NOTICE cart.member.updated :: Updated andacos@gmail.com subscriber status to transactional and language to es
2021-12-17T15:27:15+00:00 NOTICE action_scheduler.queue_job :: MailChimp_WooCommerce_Single_Product starts in 5 seconds :: obj_id 17269
2021-12-17T15:27:59+00:00 NOTICE product_submit.success :: updateStoreProduct :: #17269
2021-12-17T16:19:43+00:00 NOTICE action_scheduler.queue_job :: MailChimp_WooCommerce_Cart_Update queued :: obj_id 06ad15983b8e004bcc9a58bc2c4727e4
2021-12-17T16:19:46+00:00 NOTICE abandoned_cart.success :: email: clapaba12@gmail.com :: checkout_url: https://naturalconexion.com/checkout/?mc_cart_id=06ad15983b8e004bcc9a58bc2c4727e4
2021-12-17T16:19:47+00:00 NOTICE cart.member.updated :: Updated clapaba12@gmail.com subscriber status to transactional and language to es
2021-12-17T16:21:16+00:00 NOTICE ac.cart_swap :: Deleted cart [clapaba12@gmail.com] :: ID [06ad15983b8e004bcc9a58bc2c4727e4]
2021-12-17T16:21:17+00:00 NOTICE action_scheduler.queue_job :: MailChimp_WooCommerce_Cart_Update queued :: obj_id becc2ce0ac1c962368d24ede5c56be99
2021-12-17T16:21:43+00:00 NOTICE action_scheduler.queue_job :: MailChimp_WooCommerce_Single_Order starts in 90 seconds :: obj_id 17872
2021-12-17T16:21:47+00:00 NOTICE abandoned_cart.success :: email: clapaba1@hotmail.com :: checkout_url: https://naturalconexion.com/checkout/?mc_cart_id=becc2ce0ac1c962368d24ede5c56be99
2021-12-17T16:21:47+00:00 NOTICE cart.member.updated :: Updated clapaba1@hotmail.com subscriber status to transactional and language to es
2021-12-17T16:23:46+00:00 NOTICE order_sumbit :: #17872 has a financial status of pending and was skipped.
2021-12-17T16:26:32+00:00 NOTICE action_scheduler.queue_job :: MailChimp_WooCommerce_Cart_Update queued :: obj_id 53a2003e4e881ebb7a24d6d9d6377750
2021-12-17T16:26:48+00:00 NOTICE abandoned_cart.success :: email: yurydc@gmail.com :: checkout_url: https://naturalconexion.com/checkout/?mc_cart_id=53a2003e4e881ebb7a24d6d9d6377750
2021-12-17T16:26:49+00:00 NOTICE cart.member.updated :: Updated yurydc@gmail.com subscriber status to subscribed and language to es
2021-12-17T16:31:40+00:00 NOTICE action_scheduler.queue_job :: MailChimp_WooCommerce_Single_Order starts in 90 seconds :: obj_id 17873
2021-12-17T16:33:21+00:00 NOTICE order_sumbit :: #17873 has a financial status of pending and was skipped.
2021-12-17T16:33:23+00:00 NOTICE action_scheduler.queue_job :: MailChimp_WooCommerce_Single_Order starts in 90 seconds :: obj_id 17872
2021-12-17T16:33:25+00:00 NOTICE debug :: Order ID 17872 was pending and is now processing :: Array
(
    [new_order] => 1
    [tracking] => Array
        (
            [campaign_id] => 
            [landing_site] => https://naturalconexion.com/wp-admin/admin-ajax.php
        )

)

2021-12-17T16:35:50+00:00 NOTICE order.member.updated :: Updated clapaba1@hotmail.com subscriber status to subscribed and language to 
2021-12-17T16:35:50+00:00 NOTICE order_submit.success :: addStoreOrder :: #17872 :: email: clapaba1@hotmail.com :: landing site https://naturalconexion.com/wp-admin/admin-ajax.php :: abandoned cart deleted [becc2ce0ac1c962368d24ede5c56be99]
2021-12-17T16:35:53+00:00 NOTICE action_scheduler.queue_job :: MailChimp_WooCommerce_Single_Order starts in 90 seconds :: obj_id 17873
2021-12-17T16:35:56+00:00 NOTICE debug :: Order ID 17873 was pending and is now processing :: Array
(
    [new_order] => 1
    [tracking] => Array
        (
            [campaign_id] => 
            [landing_site] => https://naturalconexion.com/wp-admin/admin-ajax.php
        )

)

2021-12-17T16:37:50+00:00 NOTICE order.member.updated :: Updated yurydc@gmail.com subscriber status to subscribed and language to 
2021-12-17T16:37:50+00:00 NOTICE order_submit.success :: addStoreOrder :: #17873 :: email: yurydc@gmail.com :: landing site https://naturalconexion.com/wp-admin/admin-ajax.php :: abandoned cart deleted [53a2003e4e881ebb7a24d6d9d6377750]
2021-12-17T17:42:41+00:00 NOTICE action_scheduler.queue_job :: MailChimp_WooCommerce_Single_Product starts in 5 seconds :: obj_id 17130
2021-12-17T17:42:51+00:00 NOTICE product_submit.success :: updateStoreProduct :: #17130
2021-12-17T17:43:31+00:00 NOTICE action_scheduler.queue_job :: MailChimp_WooCommerce_Single_Product starts in 5 seconds :: obj_id 13115
2021-12-17T17:43:46+00:00 NOTICE product_submit.success :: updateStoreProduct :: #13115
2021-12-17T21:47:00+00:00 NOTICE action_scheduler.queue_job :: MailChimp_WooCommerce_Single_Order starts in 90 seconds :: obj_id 17879
2021-12-17T21:48:46+00:00 NOTICE order_sumbit :: #17879 has a financial status of pending and was skipped.
2021-12-17T21:50:42+00:00 NOTICE action_scheduler.queue_job :: MailChimp_WooCommerce_Cart_Update queued :: obj_id e72965f0cf5ec4a0bce1ae5aed5723a2
2021-12-17T21:50:56+00:00 NOTICE abandoned_cart.success :: email: yeinni-natalia-@hotmail.com :: checkout_url: https://naturalconexion.com/checkout/?mc_cart_id=e72965f0cf5ec4a0bce1ae5aed5723a2
2021-12-17T21:50:56+00:00 NOTICE cart.member.updated :: Updated yeinni-natalia-@hotmail.com subscriber status to transactional and language to es
2021-12-17T21:51:13+00:00 NOTICE action_scheduler.queue_job :: MailChimp_WooCommerce_Single_Order starts in 90 seconds :: obj_id 17881
2021-12-17T21:52:46+00:00 NOTICE order_sumbit :: #17881 has a financial status of pending and was skipped.
2021-12-17T21:56:19+00:00 NOTICE action_scheduler.queue_job :: MailChimp_WooCommerce_Single_Order starts in 90 seconds :: obj_id 17881
2021-12-17T21:56:23+00:00 NOTICE debug :: Order ID 17881 was pending and is now processing :: Array
(
    [new_order] => 1
    [tracking] => Array
        (
            [campaign_id] => 
            [landing_site] => https://naturalconexion.com/wp-admin/admin-ajax.php
        )

)

2021-12-17T21:58:48+00:00 NOTICE order.member.updated :: Updated yeinni-natalia-@hotmail.com subscriber status to subscribed and language to 
2021-12-17T21:58:48+00:00 NOTICE order_submit.success :: addStoreOrder :: #17881 :: email: yeinni-natalia-@hotmail.com :: landing site https://naturalconexion.com/wp-admin/admin-ajax.php :: abandoned cart deleted [e72965f0cf5ec4a0bce1ae5aed5723a2]
2021-12-17T22:48:24+00:00 NOTICE action_scheduler.queue_job :: MailChimp_WooCommerce_Cart_Update queued :: obj_id a1e8c2ba66d0f19be0dd819b693a817b
2021-12-17T22:48:59+00:00 NOTICE abandoned_cart.success :: email: luzkortizcortezano@outlook.com :: checkout_url: https://naturalconexion.com/checkout/?mc_cart_id=a1e8c2ba66d0f19be0dd819b693a817b
2021-12-17T22:48:59+00:00 NOTICE cart.member.updated :: Updated luzkortizcortezano@outlook.com subscriber status to subscribed and language to es
2021-12-17T22:51:18+00:00 NOTICE action_scheduler.queue_job :: MailChimp_WooCommerce_Cart_Update queued :: obj_id a1e8c2ba66d0f19be0dd819b693a817b
2021-12-17T22:51:53+00:00 NOTICE abandoned_cart.success :: email: luzkortizcortezano@outlook.com :: checkout_url: https://naturalconexion.com/checkout/?mc_cart_id=a1e8c2ba66d0f19be0dd819b693a817b
2021-12-17T22:52:09+00:00 NOTICE action_scheduler.queue_job :: MailChimp_WooCommerce_Cart_Update queued :: obj_id a1e8c2ba66d0f19be0dd819b693a817b
2021-12-17T22:52:21+00:00 NOTICE abandoned_cart.success :: email: luzkortizcortezano@outlook.com :: checkout_url: https://naturalconexion.com/checkout/?mc_cart_id=a1e8c2ba66d0f19be0dd819b693a817b
2021-12-17T22:52:53+00:00 NOTICE action_scheduler.queue_job :: MailChimp_WooCommerce_Cart_Update queued :: obj_id a1e8c2ba66d0f19be0dd819b693a817b
2021-12-17T22:53:26+00:00 NOTICE abandoned_cart.success :: email: luzkortizcortezano@outlook.com :: checkout_url: https://naturalconexion.com/checkout/?mc_cart_id=a1e8c2ba66d0f19be0dd819b693a817b
2021-12-17T22:54:47+00:00 NOTICE action_scheduler.queue_job :: MailChimp_WooCommerce_Cart_Update queued :: obj_id a1e8c2ba66d0f19be0dd819b693a817b
2021-12-17T22:54:48+00:00 NOTICE abandoned_cart.success :: email: luzkortizcortezano@outlook.com :: checkout_url: https://naturalconexion.com/checkout/?mc_cart_id=a1e8c2ba66d0f19be0dd819b693a817b
2021-12-17T23:03:16+00:00 NOTICE action_scheduler.queue_job :: MailChimp_WooCommerce_Cart_Update queued :: obj_id a1e8c2ba66d0f19be0dd819b693a817b
2021-12-17T23:03:50+00:00 NOTICE abandoned_cart.success :: email: luzkortizcortezano@outlook.com :: checkout_url: https://naturalconexion.com/checkout/?mc_cart_id=a1e8c2ba66d0f19be0dd819b693a817b
2021-12-17T23:05:10+00:00 NOTICE action_scheduler.queue_job :: MailChimp_WooCommerce_Cart_Update queued :: obj_id a1e8c2ba66d0f19be0dd819b693a817b
2021-12-17T23:05:22+00:00 NOTICE abandoned_cart.success :: email: luzkortizcortezano@outlook.com :: checkout_url: https://naturalconexion.com/checkout/?mc_cart_id=a1e8c2ba66d0f19be0dd819b693a817b
2021-12-17T23:07:00+00:00 NOTICE action_scheduler.queue_job :: MailChimp_WooCommerce_Cart_Update queued :: obj_id a1e8c2ba66d0f19be0dd819b693a817b
2021-12-17T23:07:37+00:00 NOTICE abandoned_cart.success :: email: luzkortizcortezano@outlook.com :: checkout_url: https://naturalconexion.com/checkout/?mc_cart_id=a1e8c2ba66d0f19be0dd819b693a817b
2021-12-17T23:09:52+00:00 NOTICE action_scheduler.queue_job :: MailChimp_WooCommerce_Cart_Update queued :: obj_id a1e8c2ba66d0f19be0dd819b693a817b
2021-12-17T23:10:24+00:00 NOTICE abandoned_cart.success :: email: luzkortizcortezano@outlook.com :: checkout_url: https://naturalconexion.com/checkout/?mc_cart_id=a1e8c2ba66d0f19be0dd819b693a817b
2021-12-17T23:17:03+00:00 NOTICE action_scheduler.queue_job :: MailChimp_WooCommerce_Cart_Update queued :: obj_id a1e8c2ba66d0f19be0dd819b693a817b
2021-12-17T23:17:49+00:00 NOTICE abandoned_cart.success :: email: luzkortizcortezano@outlook.com :: checkout_url: https://naturalconexion.com/checkout/?mc_cart_id=a1e8c2ba66d0f19be0dd819b693a817b
2021-12-17T23:19:30+00:00 NOTICE action_scheduler.queue_job :: MailChimp_WooCommerce_Cart_Update queued :: obj_id a1e8c2ba66d0f19be0dd819b693a817b
2021-12-17T23:19:55+00:00 NOTICE abandoned_cart.success :: email: luzkortizcortezano@outlook.com :: checkout_url: https://naturalconexion.com/checkout/?mc_cart_id=a1e8c2ba66d0f19be0dd819b693a817b
2021-12-17T23:38:05+00:00 NOTICE ac.cart_swap :: Deleted cart [luzkortizcortezano@outlook.com] :: ID [a1e8c2ba66d0f19be0dd819b693a817b]
2021-12-17T23:38:05+00:00 NOTICE action_scheduler.queue_job :: MailChimp_WooCommerce_Cart_Update queued :: obj_id e6092dd2af9c158132bf50929c0fedbd
2021-12-17T23:38:10+00:00 NOTICE abandoned_cart.success :: email: luzkarimeortizcortezano@gmail.com :: checkout_url: https://naturalconexion.com/checkout/?mc_cart_id=e6092dd2af9c158132bf50929c0fedbd
2021-12-17T23:38:10+00:00 NOTICE cart.member.updated :: Updated luzkarimeortizcortezano@gmail.com subscriber status to subscribed and language to es
2021-12-17T23:38:48+00:00 NOTICE action_scheduler.queue_job :: MailChimp_WooCommerce_Single_Order starts in 90 seconds :: obj_id 17882
2021-12-17T23:40:27+00:00 NOTICE order_sumbit :: #17882 has a financial status of pending and was skipped.
2021-12-17T23:47:12+00:00 NOTICE action_scheduler.queue_job :: MailChimp_WooCommerce_Single_Order starts in 90 seconds :: obj_id 17882
2021-12-17T23:47:15+00:00 NOTICE debug :: Order ID 17882 was pending and is now processing :: Array
(
    [new_order] => 1
    [tracking] => Array
        (
            [campaign_id] => 
            [landing_site] => https://naturalconexion.com/?wc-ajax=get_refreshed_fragments
        )

)

2021-12-17T23:49:01+00:00 NOTICE order.member.updated :: Updated luzkarimeortizcortezano@gmail.com subscriber status to subscribed and language to 
2021-12-17T23:49:01+00:00 NOTICE order_submit.success :: addStoreOrder :: #17882 :: email: luzkarimeortizcortezano@gmail.com :: landing site https://naturalconexion.com/?wc-ajax=get_refreshed_fragments :: abandoned cart deleted [e6092dd2af9c158132bf50929c0fedbd]
