2022-06-27T02:44:56+00:00 NOTICE action_scheduler.queue_job :: MailChimp_WooCommerce_User_Submit queued :: obj_id 2242
2022-06-27T02:46:55+00:00 NOTICE member.sync :: seodi19monsbeantburn@gmail.com has signed up to a lot of lists very recently; we're not allowing more signups for now
2022-06-27T15:09:11+00:00 NOTICE action_scheduler.queue_job :: MailChimp_WooCommerce_Single_Order starts in 90 seconds :: obj_id 20953
2022-06-27T15:09:12+00:00 NOTICE action_scheduler.queue_job :: MailChimp_WooCommerce_Cart_Update queued :: obj_id bd88599e6423fd7cb6ac1d8ddaed27e4
2022-06-27T15:11:05+00:00 NOTICE abandoned_cart.success :: email: jeny.herrera001@gmail.com :: checkout_url: https://naturalconexion.com/checkout/?mc_cart_id=bd88599e6423fd7cb6ac1d8ddaed27e4
2022-06-27T15:11:06+00:00 NOTICE cart.member.updated :: Updated jeny.herrera001@gmail.com subscriber status to subscribed and language to es
2022-06-27T15:11:06+00:00 NOTICE debug :: Order ID 20953 was pending and is now processing :: Array
(
    [new_order] => 1
    [tracking] => Array
        (
            [campaign_id] => 
            [landing_site] => https://naturalconexion.com/wp-content/plugins/woocommerce-payu-latam/confirmation.php
        )

)

2022-06-27T15:13:50+00:00 NOTICE order.member.updated :: Updated Jeny.herrera001@gmail.com subscriber status to subscribed and language to es
2022-06-27T15:13:50+00:00 NOTICE order_submit.success :: addStoreOrder :: #20953 :: email: Jeny.herrera001@gmail.com :: landing site https://naturalconexion.com/tienda/?gclid=EAIaIQobChMIzN3Gi-Sv-AIVU8yzCh34RQJJEAAYASAAEgKfW_D_BwE :: abandoned cart deleted [bd88599e6423fd7cb6ac1d8ddaed27e4]
2022-06-27T17:47:09+00:00 NOTICE action_scheduler.queue_job :: MailChimp_WooCommerce_Cart_Update queued :: obj_id 9e30141fb52fb90c12974f084552b070
2022-06-27T17:48:06+00:00 NOTICE abandoned_cart.success :: email: nahirusolano16@gmail.com :: checkout_url: https://naturalconexion.com/checkout/?mc_cart_id=9e30141fb52fb90c12974f084552b070
2022-06-27T17:48:07+00:00 NOTICE cart.member.updated :: Updated nahirusolano16@gmail.com subscriber status to transactional and language to es
2022-06-27T17:49:23+00:00 NOTICE ac.cart_swap :: Deleted cart [nahirusolano16@gmail.com] :: ID [9e30141fb52fb90c12974f084552b070]
2022-06-27T17:49:24+00:00 NOTICE action_scheduler.queue_job :: MailChimp_WooCommerce_Cart_Update queued :: obj_id b988a3c2bd4446421d40ff1a092e9b8b
2022-06-27T17:49:52+00:00 NOTICE action_scheduler.queue_job :: MailChimp_WooCommerce_Single_Order starts in 90 seconds :: obj_id 20954
2022-06-27T17:50:12+00:00 NOTICE abandoned_cart.success :: email: masogu27@gmail.com :: checkout_url: https://naturalconexion.com/checkout/?mc_cart_id=b988a3c2bd4446421d40ff1a092e9b8b
2022-06-27T17:50:12+00:00 NOTICE cart.member.updated :: Updated masogu27@gmail.com subscriber status to transactional and language to es
2022-06-27T17:51:36+00:00 NOTICE order_sumbit :: #20954 has a financial status of pending and was skipped.
2022-06-27T17:53:17+00:00 NOTICE action_scheduler.queue_job :: MailChimp_WooCommerce_Single_Order starts in 90 seconds :: obj_id 20954
2022-06-27T17:53:20+00:00 NOTICE debug :: Order ID 20954 was pending and is now processing :: Array
(
    [new_order] => 1
    [tracking] => Array
        (
            [campaign_id] => 
            [landing_site] => https://naturalconexion.com/wp-content/plugins/woocommerce-payu-latam/confirmation.php
        )

)

2022-06-27T17:57:13+00:00 NOTICE order.member.updated :: Updated masogu27@gmail.com subscriber status to transactional and language to 
2022-06-27T17:57:13+00:00 NOTICE order_submit.success :: addStoreOrder :: #20954 :: email: masogu27@gmail.com :: landing site https://naturalconexion.com/wp-content/plugins/woocommerce-payu-latam/confirmation.php :: abandoned cart deleted [b988a3c2bd4446421d40ff1a092e9b8b]
2022-06-27T18:44:43+00:00 NOTICE action_scheduler.queue_job :: MailChimp_WooCommerce_Cart_Update queued :: obj_id d272b368a1618f4474df4da8535889d2
2022-06-27T18:45:14+00:00 NOTICE action_scheduler.queue_job :: MailChimp_WooCommerce_Single_Order starts in 90 seconds :: obj_id 20955
2022-06-27T18:45:44+00:00 NOTICE abandoned_cart.success :: email: perezhernandezym@gmail.com :: checkout_url: https://naturalconexion.com/checkout/?mc_cart_id=d272b368a1618f4474df4da8535889d2
2022-06-27T18:45:44+00:00 NOTICE cart.member.updated :: Updated perezhernandezym@gmail.com subscriber status to transactional and language to es
2022-06-27T18:47:00+00:00 NOTICE order_sumbit :: #20955 has a financial status of pending and was skipped.
2022-06-27T18:47:43+00:00 NOTICE action_scheduler.queue_job :: MailChimp_WooCommerce_Single_Order starts in 90 seconds :: obj_id 20955
2022-06-27T18:47:46+00:00 NOTICE debug :: Order ID 20955 was pending and is now processing :: Array
(
    [new_order] => 1
    [tracking] => Array
        (
            [campaign_id] => 
            [landing_site] => https://naturalconexion.com/wp-content/plugins/woocommerce-payu-latam/confirmation.php
        )

)

2022-06-27T18:50:29+00:00 NOTICE order.member.updated :: Updated perezhernandezym@gmail.com subscriber status to subscribed and language to 
2022-06-27T18:50:29+00:00 NOTICE order_submit.success :: addStoreOrder :: #20955 :: email: perezhernandezym@gmail.com :: landing site https://naturalconexion.com/wp-content/plugins/woocommerce-payu-latam/confirmation.php :: abandoned cart deleted [d272b368a1618f4474df4da8535889d2]
2022-06-27T19:21:29+00:00 NOTICE action_scheduler.queue_job :: MailChimp_WooCommerce_Cart_Update queued :: obj_id 1d3ac6de3b7e6ae979ff8d9fe5820695
2022-06-27T19:21:34+00:00 NOTICE abandoned_cart.success :: email: casiye007@hotmail.com :: checkout_url: https://naturalconexion.com/checkout/?mc_cart_id=1d3ac6de3b7e6ae979ff8d9fe5820695
2022-06-27T19:21:34+00:00 NOTICE cart.member.updated :: Updated casiye007@hotmail.com subscriber status to transactional and language to es
2022-06-27T19:22:54+00:00 NOTICE ac.cart_swap :: Deleted cart [casiye007@hotmail.com] :: ID [1d3ac6de3b7e6ae979ff8d9fe5820695]
2022-06-27T19:22:54+00:00 NOTICE action_scheduler.queue_job :: MailChimp_WooCommerce_Cart_Update queued :: obj_id ce8d5501a415d1aedf25663766582d82
2022-06-27T19:22:55+00:00 NOTICE abandoned_cart.success :: email: jessikvidal86@gmail.com :: checkout_url: https://naturalconexion.com/checkout/?mc_cart_id=ce8d5501a415d1aedf25663766582d82
2022-06-27T19:22:55+00:00 NOTICE cart.member.updated :: Updated jessikvidal86@gmail.com subscriber status to transactional and language to es
