2021-12-12T00:02:46+00:00 NOTICE action_scheduler.queue_job :: MailChimp_WooCommerce_Cart_Update queued :: obj_id 2888ec1de218531bc92e4c5f7f297b3f
2021-12-12T00:03:14+00:00 NOTICE abandoned_cart.success :: email: cindymilena.30@hotmail.com :: checkout_url: https://naturalconexion.com/checkout/?mc_cart_id=2888ec1de218531bc92e4c5f7f297b3f
2021-12-12T00:03:14+00:00 NOTICE cart.member.updated :: Updated cindymilena.30@hotmail.com subscriber status to subscribed and language to es
2021-12-12T00:47:38+00:00 NOTICE action_scheduler.queue_job :: MailChimp_WooCommerce_Cart_Update queued :: obj_id e5a5f56ee17ebb6668681e147df563f4
2021-12-12T00:47:38+00:00 NOTICE action_scheduler.queue_job :: MailChimp_WooCommerce_Single_Order starts in 90 seconds :: obj_id 17704
2021-12-12T00:48:15+00:00 NOTICE abandoned_cart.success :: email: shari.bm14@gmail.com :: checkout_url: https://naturalconexion.com/checkout/?mc_cart_id=e5a5f56ee17ebb6668681e147df563f4
2021-12-12T00:48:16+00:00 NOTICE cart.member.updated :: Updated shari.bm14@gmail.com subscriber status to transactional and language to es
2021-12-12T00:49:15+00:00 NOTICE order_sumbit :: #17704 has a financial status of pending and was skipped.
2021-12-12T00:51:30+00:00 NOTICE action_scheduler.queue_job :: MailChimp_WooCommerce_Single_Order starts in 90 seconds :: obj_id 17704
2021-12-12T00:51:32+00:00 NOTICE debug :: Order ID 17704 was pending and is now processing :: Array
(
    [new_order] => 1
    [tracking] => Array
        (
            [campaign_id] => 
            [landing_site] => https://naturalconexion.com/?wc-ajax=get_refreshed_fragments
        )

)

2021-12-12T00:53:11+00:00 NOTICE order.member.updated :: Updated shari.bm14@gmail.com subscriber status to subscribed and language to 
2021-12-12T00:53:11+00:00 NOTICE order_submit.success :: addStoreOrder :: #17704 :: email: shari.bm14@gmail.com :: landing site https://naturalconexion.com/?wc-ajax=get_refreshed_fragments :: abandoned cart deleted [e5a5f56ee17ebb6668681e147df563f4]
2021-12-12T00:54:52+00:00 NOTICE action_scheduler.queue_job :: MailChimp_WooCommerce_Cart_Update queued :: obj_id 97a9b4742392b13aaf11cfe1cecab747
2021-12-12T00:55:27+00:00 NOTICE abandoned_cart.success :: email: dimarcela6@gmail.com :: checkout_url: https://naturalconexion.com/checkout/?mc_cart_id=97a9b4742392b13aaf11cfe1cecab747
2021-12-12T00:55:27+00:00 NOTICE cart.member.updated :: Updated dimarcela6@gmail.com subscriber status to subscribed and language to es
2021-12-12T00:56:23+00:00 NOTICE action_scheduler.queue_job :: MailChimp_WooCommerce_Single_Order starts in 90 seconds :: obj_id 17705
2021-12-12T00:58:28+00:00 NOTICE order_sumbit :: #17705 has a financial status of pending and was skipped.
2021-12-12T00:59:06+00:00 NOTICE action_scheduler.queue_job :: MailChimp_WooCommerce_Single_Order starts in 90 seconds :: obj_id 17706
2021-12-12T01:01:16+00:00 NOTICE debug :: Order ID 17706 was pending and is now processing :: Array
(
    [new_order] => 1
    [tracking] => Array
        (
            [campaign_id] => 
            [landing_site] => https://naturalconexion.com/?wc-ajax=get_refreshed_fragments
        )

)

2021-12-12T01:03:02+00:00 NOTICE order.member.updated :: Updated Luisa.osorio.gg@gmail.com subscriber status to subscribed and language to es
2021-12-12T01:03:02+00:00 NOTICE order_submit.success :: addStoreOrder :: #17706 :: email: Luisa.osorio.gg@gmail.com :: landing site https://naturalconexion.com/?wc-ajax=get_refreshed_fragments
2021-12-12T03:38:49+00:00 NOTICE action_scheduler.queue_job :: MailChimp_WooCommerce_Cart_Update queued :: obj_id 97d0ad24bf72b8dba3148c0525de2528
2021-12-12T03:39:20+00:00 NOTICE abandoned_cart.success :: email: ingrisv17@gmail.com :: checkout_url: https://naturalconexion.com/checkout/?mc_cart_id=97d0ad24bf72b8dba3148c0525de2528
2021-12-12T03:39:21+00:00 NOTICE cart.member.updated :: Updated ingrisv17@gmail.com subscriber status to transactional and language to es
2021-12-12T03:39:37+00:00 NOTICE action_scheduler.queue_job :: MailChimp_WooCommerce_Single_Order starts in 90 seconds :: obj_id 17707
2021-12-12T03:41:29+00:00 NOTICE order_sumbit :: #17707 has a financial status of pending and was skipped.
2021-12-12T03:42:16+00:00 NOTICE action_scheduler.queue_job :: MailChimp_WooCommerce_Single_Order starts in 90 seconds :: obj_id 17707
2021-12-12T03:42:18+00:00 NOTICE debug :: Order ID 17707 was pending and is now processing :: Array
(
    [new_order] => 1
    [tracking] => Array
        (
            [campaign_id] => 
            [landing_site] => https://naturalconexion.com/wp-admin/admin-ajax.php
        )

)

2021-12-12T03:44:57+00:00 NOTICE order.member.updated :: Updated ingrisv17@gmail.com subscriber status to subscribed and language to 
2021-12-12T03:44:57+00:00 NOTICE order_submit.success :: addStoreOrder :: #17707 :: email: ingrisv17@gmail.com :: landing site https://naturalconexion.com/wp-admin/admin-ajax.php :: abandoned cart deleted [97d0ad24bf72b8dba3148c0525de2528]
2021-12-12T05:36:25+00:00 NOTICE action_scheduler.queue_job :: MailChimp_WooCommerce_Single_Order starts in 90 seconds :: obj_id 17626
2021-12-12T05:36:27+00:00 NOTICE debug :: Order ID 17626 was pending and is now failed :: Array
(
    [new_order] => 
    [tracking] => 
)

2021-12-12T05:38:00+00:00 NOTICE system.debug :: order 17626 is in failed status, and is being skipped for now.
2021-12-12T06:45:20+00:00 NOTICE action_scheduler.queue_job :: MailChimp_WooCommerce_User_Submit queued :: obj_id 1960
2021-12-12T06:49:19+00:00 NOTICE member.sync :: Subscribed Member m.c.cl.ee.nlur.a.y.0@gmail.com :: Array
(
    [status_if_new] => 1
    [merge_fields] => Array
        (
        )

)

2021-12-12T13:50:30+00:00 NOTICE action_scheduler.queue_job :: MailChimp_WooCommerce_Cart_Update queued :: obj_id 723439d198567f32580a989c2fb90744
2021-12-12T13:50:33+00:00 NOTICE abandoned_cart.success :: email: valeriusch@gmail.com :: checkout_url: https://naturalconexion.com/checkout/?mc_cart_id=723439d198567f32580a989c2fb90744
2021-12-12T13:50:33+00:00 NOTICE cart.member.updated :: Updated valeriusch@gmail.com subscriber status to transactional and language to es
2021-12-12T13:52:08+00:00 NOTICE ac.cart_swap :: Deleted cart [valeriusch@gmail.com] :: ID [723439d198567f32580a989c2fb90744]
2021-12-12T13:52:08+00:00 NOTICE action_scheduler.queue_job :: MailChimp_WooCommerce_Cart_Update queued :: obj_id b01465a46a175844e21d8c66b1aadfdb
2021-12-12T13:52:10+00:00 NOTICE abandoned_cart.success :: email: vjcuervohenao@gmail.com :: checkout_url: https://naturalconexion.com/checkout/?mc_cart_id=b01465a46a175844e21d8c66b1aadfdb
2021-12-12T13:52:10+00:00 NOTICE cart.member.updated :: Updated vjcuervohenao@gmail.com subscriber status to transactional and language to es
2021-12-12T17:22:47+00:00 NOTICE action_scheduler.queue_job :: MailChimp_WooCommerce_Cart_Update queued :: obj_id 4f5fab50eba8849e1fccb533d361511a
2021-12-12T17:23:18+00:00 NOTICE abandoned_cart.success :: email: katebenitez92@hotmail.com :: checkout_url: https://naturalconexion.com/checkout/?mc_cart_id=4f5fab50eba8849e1fccb533d361511a
2021-12-12T17:23:18+00:00 NOTICE cart.member.updated :: Updated katebenitez92@hotmail.com subscriber status to transactional and language to es
2021-12-12T17:23:43+00:00 NOTICE action_scheduler.queue_job :: MailChimp_WooCommerce_Single_Order starts in 90 seconds :: obj_id 17708
2021-12-12T17:25:17+00:00 NOTICE order_sumbit :: #17708 has a financial status of pending and was skipped.
2021-12-12T17:25:57+00:00 NOTICE action_scheduler.queue_job :: MailChimp_WooCommerce_Single_Order starts in 90 seconds :: obj_id 17708
2021-12-12T17:26:00+00:00 NOTICE debug :: Order ID 17708 was pending and is now processing :: Array
(
    [new_order] => 1
    [tracking] => Array
        (
            [campaign_id] => 
            [landing_site] => https://naturalconexion.com/wp-admin/admin-ajax.php
        )

)

2021-12-12T17:28:35+00:00 NOTICE order.member.updated :: Updated Katebenitez92@hotmail.com subscriber status to subscribed and language to 
2021-12-12T17:28:35+00:00 NOTICE order_submit.success :: addStoreOrder :: #17708 :: email: Katebenitez92@hotmail.com :: landing site https://naturalconexion.com/wp-admin/admin-ajax.php :: abandoned cart deleted [4f5fab50eba8849e1fccb533d361511a]
2021-12-12T20:51:19+00:00 NOTICE action_scheduler.queue_job :: MailChimp_WooCommerce_Single_Order starts in 90 seconds :: obj_id 17709
2021-12-12T20:52:59+00:00 NOTICE order_sumbit :: #17709 has a financial status of pending and was skipped.
2021-12-12T20:54:16+00:00 NOTICE action_scheduler.queue_job :: MailChimp_WooCommerce_Single_Order starts in 90 seconds :: obj_id 17710
2021-12-12T20:56:14+00:00 NOTICE order_sumbit :: #17710 has a financial status of pending and was skipped.
2021-12-12T20:57:44+00:00 NOTICE action_scheduler.queue_job :: MailChimp_WooCommerce_Single_Order starts in 90 seconds :: obj_id 17710
2021-12-12T20:57:46+00:00 NOTICE debug :: Order ID 17710 was pending and is now processing :: Array
(
    [new_order] => 1
    [tracking] => Array
        (
            [campaign_id] => 
            [landing_site] => https://naturalconexion.com/wp-admin/admin-ajax.php
        )

)

2021-12-12T20:59:35+00:00 NOTICE order.member.updated :: Updated Alejandraeg69@gmail.com subscriber status to subscribed and language to 
2021-12-12T20:59:35+00:00 NOTICE order_submit.success :: addStoreOrder :: #17710 :: email: Alejandraeg69@gmail.com :: landing site https://naturalconexion.com/wp-admin/admin-ajax.php
2021-12-12T21:54:35+00:00 NOTICE action_scheduler.queue_job :: MailChimp_WooCommerce_Cart_Update queued :: obj_id ee70da4097dd6ac9f4023cbde022ccf4
2021-12-12T21:54:37+00:00 NOTICE abandoned_cart.success :: email: erikapi2310@gmail.com :: checkout_url: https://naturalconexion.com/checkout/?mc_cart_id=ee70da4097dd6ac9f4023cbde022ccf4
2021-12-12T21:54:37+00:00 NOTICE cart.member.updated :: Updated erikapi2310@gmail.com subscriber status to transactional and language to es
2021-12-12T21:55:14+00:00 NOTICE action_scheduler.queue_job :: MailChimp_WooCommerce_Single_Order starts in 90 seconds :: obj_id 17711
2021-12-12T21:57:42+00:00 NOTICE order_sumbit :: #17711 has a financial status of pending and was skipped.
2021-12-12T22:15:27+00:00 NOTICE action_scheduler.queue_job :: MailChimp_WooCommerce_Cart_Update queued :: obj_id ee70da4097dd6ac9f4023cbde022ccf4
2021-12-12T22:15:41+00:00 NOTICE abandoned_cart.success :: email: erikapi2310@gmail.com :: checkout_url: https://naturalconexion.com/checkout/?mc_cart_id=ee70da4097dd6ac9f4023cbde022ccf4
2021-12-12T22:16:06+00:00 NOTICE action_scheduler.queue_job :: MailChimp_WooCommerce_Cart_Update queued :: obj_id ee70da4097dd6ac9f4023cbde022ccf4
2021-12-12T22:16:23+00:00 NOTICE abandoned_cart.success :: email: erikapi2310@gmail.com :: checkout_url: https://naturalconexion.com/checkout/?mc_cart_id=ee70da4097dd6ac9f4023cbde022ccf4
2021-12-12T22:16:30+00:00 NOTICE action_scheduler.queue_job :: MailChimp_WooCommerce_Single_Order starts in 90 seconds :: obj_id 17712
2021-12-12T22:18:16+00:00 NOTICE order_sumbit :: #17712 has a financial status of pending and was skipped.
2021-12-12T22:18:38+00:00 NOTICE action_scheduler.queue_job :: MailChimp_WooCommerce_Single_Order starts in 90 seconds :: obj_id 17712
2021-12-12T22:18:41+00:00 NOTICE debug :: Order ID 17712 was pending and is now processing :: Array
(
    [new_order] => 1
    [tracking] => Array
        (
            [campaign_id] => 
            [landing_site] => https://naturalconexion.com/wp-admin/admin-ajax.php
        )

)

2021-12-12T22:21:19+00:00 NOTICE order.member.updated :: Updated erikapi2310@gmail.com subscriber status to subscribed and language to 
2021-12-12T22:21:19+00:00 NOTICE order_submit.success :: addStoreOrder :: #17712 :: email: erikapi2310@gmail.com :: landing site https://naturalconexion.com/wp-admin/admin-ajax.php :: abandoned cart deleted [ee70da4097dd6ac9f4023cbde022ccf4]
2021-12-12T22:35:52+00:00 NOTICE action_scheduler.queue_job :: MailChimp_WooCommerce_Cart_Update queued :: obj_id bf79d9f9232ae86e7155cf704d9f1278
2021-12-12T22:36:16+00:00 NOTICE abandoned_cart.success :: email: apereiram2@gmail.com :: checkout_url: https://naturalconexion.com/checkout/?mc_cart_id=bf79d9f9232ae86e7155cf704d9f1278
2021-12-12T22:36:16+00:00 NOTICE cart.member.updated :: Updated apereiram2@gmail.com subscriber status to transactional and language to es
2021-12-12T22:36:22+00:00 NOTICE action_scheduler.queue_job :: MailChimp_WooCommerce_Single_Order starts in 90 seconds :: obj_id 17713
2021-12-12T22:38:11+00:00 NOTICE debug :: Order ID 17713 was pending and is now processing :: Array
(
    [new_order] => 1
    [tracking] => Array
        (
            [campaign_id] => 
            [landing_site] => https://naturalconexion.com/wp-admin/admin-ajax.php
        )

)

2021-12-12T22:40:16+00:00 NOTICE order.member.updated :: Updated apereiram2@gmail.com subscriber status to subscribed and language to es
2021-12-12T22:40:16+00:00 NOTICE order_submit.success :: addStoreOrder :: #17713 :: email: apereiram2@gmail.com :: landing site https://naturalconexion.com/wp-admin/admin-ajax.php :: abandoned cart deleted [bf79d9f9232ae86e7155cf704d9f1278]
2021-12-12T23:49:40+00:00 NOTICE action_scheduler.queue_job :: MailChimp_WooCommerce_Cart_Update queued :: obj_id 6b42df0e42b935ddc8aa362ae9cfa8ce
2021-12-12T23:49:42+00:00 NOTICE action_scheduler.queue_job :: MailChimp_WooCommerce_Single_Order starts in 90 seconds :: obj_id 17714
2021-12-12T23:49:49+00:00 NOTICE abandoned_cart.success :: email: milenamachadov@gmail.com :: checkout_url: https://naturalconexion.com/checkout/?mc_cart_id=6b42df0e42b935ddc8aa362ae9cfa8ce
2021-12-12T23:49:49+00:00 NOTICE cart.member.updated :: Updated milenamachadov@gmail.com subscriber status to subscribed and language to es
2021-12-12T23:52:16+00:00 NOTICE order_sumbit :: #17714 has a financial status of pending and was skipped.
2021-12-12T23:53:49+00:00 NOTICE action_scheduler.queue_job :: MailChimp_WooCommerce_Single_Order starts in 90 seconds :: obj_id 17714
2021-12-12T23:53:52+00:00 NOTICE debug :: Order ID 17714 was pending and is now processing :: Array
(
    [new_order] => 1
    [tracking] => Array
        (
            [campaign_id] => 
            [landing_site] => https://naturalconexion.com/?wc-ajax=get_refreshed_fragments
        )

)

2021-12-12T23:55:26+00:00 NOTICE order.member.updated :: Updated milenamachadov@gmail.com subscriber status to subscribed and language to 
2021-12-12T23:55:26+00:00 NOTICE order_submit.success :: addStoreOrder :: #17714 :: email: milenamachadov@gmail.com :: landing site https://naturalconexion.com/?wc-ajax=get_refreshed_fragments :: abandoned cart deleted [6b42df0e42b935ddc8aa362ae9cfa8ce]
