2023-04-27T00:39:57+00:00 NOTICE action_scheduler.queue_job :: MailChimp_WooCommerce_Cart_Update queued :: obj_id baee5391516a428b76c9ffee494c6573
2023-04-27T00:39:59+00:00 NOTICE abandoned_cart.success :: email: johagu@gmail.com :: checkout_url: https://naturalconexion.com/checkout/?mc_cart_id=baee5391516a428b76c9ffee494c6573
2023-04-27T00:39:59+00:00 NOTICE cart.member.updated :: Updated johagu@gmail.com subscriber status to transactional and language to es
2023-04-27T12:22:12+00:00 NOTICE action_scheduler.queue_job :: MailChimp_WooCommerce_Cart_Update queued :: obj_id 198df8c4dc0e573dfa2387e135dea38f
2023-04-27T12:22:16+00:00 NOTICE abandoned_cart.success :: email: ruthyanet.rojas@gmail.com :: checkout_url: https://naturalconexion.com/checkout/?mc_cart_id=198df8c4dc0e573dfa2387e135dea38f
2023-04-27T12:22:16+00:00 NOTICE cart.member.updated :: Updated ruthyanet.rojas@gmail.com subscriber status to subscribed and language to es
2023-04-27T12:23:37+00:00 NOTICE action_scheduler.queue_job :: MailChimp_WooCommerce_Single_Order starts in 90 seconds :: obj_id 24128
2023-04-27T12:25:40+00:00 NOTICE debug :: Order ID 24128 was pending and is now processing :: Array
(
    [new_order] => 1
    [tracking] => Array
        (
            [campaign_id] => 
            [landing_site] => https://naturalconexion.com/wp-content/plugins/woocommerce-payu-latam/confirmation.php
        )

)

2023-04-27T12:27:40+00:00 NOTICE order.member.updated :: Updated ruthyanet.rojas@gmail.com subscriber status to subscribed and language to es
2023-04-27T12:27:40+00:00 NOTICE order_submit.success :: addStoreOrder :: #24128 :: email: ruthyanet.rojas@gmail.com :: landing site https://naturalconexion.com/?gclid=CjwKCAjwuqiiBhBtEiwATgvixCu7I8xCQOwUldH7o_pHJ6dxr34BWmzcXxGnAx-RtCYXJkGk7R80thoCPC4QAvD_BwE :: abandoned cart deleted [198df8c4dc0e573dfa2387e135dea38f]
2023-04-27T16:37:22+00:00 NOTICE action_scheduler.queue_job :: MailChimp_WooCommerce_Cart_Update queued :: obj_id d5fde079ba3dd1b11cdb5b26045b27d9
2023-04-27T16:37:31+00:00 NOTICE abandoned_cart.success :: email: shipamague@gmail.com :: checkout_url: https://naturalconexion.com/checkout/?mc_cart_id=d5fde079ba3dd1b11cdb5b26045b27d9
2023-04-27T16:37:32+00:00 NOTICE cart.member.updated :: Updated shipamague@gmail.com subscriber status to subscribed and language to es
2023-04-27T16:49:45+00:00 NOTICE action_scheduler.queue_job :: MailChimp_WooCommerce_Cart_Update queued :: obj_id d5fde079ba3dd1b11cdb5b26045b27d9
2023-04-27T16:49:51+00:00 NOTICE abandoned_cart.success :: email: shipamague@gmail.com :: checkout_url: https://naturalconexion.com/checkout/?mc_cart_id=d5fde079ba3dd1b11cdb5b26045b27d9
2023-04-27T20:07:06+00:00 NOTICE action_scheduler.queue_job :: MailChimp_WooCommerce_Single_Order starts in 90 seconds :: obj_id 24121
2023-04-27T20:07:09+00:00 NOTICE debug :: Order ID 24121 was processing and is now completed :: Array
(
    [new_order] => 
    [tracking] => 
)

2023-04-27T20:07:09+00:00 NOTICE action_scheduler.queue_job :: MailChimp_WooCommerce_Single_Order starts in 90 seconds :: obj_id 24124
2023-04-27T20:07:12+00:00 NOTICE debug :: Order ID 24124 was processing and is now completed :: Array
(
    [new_order] => 
    [tracking] => 
)

2023-04-27T20:07:12+00:00 NOTICE action_scheduler.queue_job :: MailChimp_WooCommerce_Single_Order starts in 90 seconds :: obj_id 24126
2023-04-27T20:07:15+00:00 NOTICE debug :: Order ID 24126 was processing and is now completed :: Array
(
    [new_order] => 
    [tracking] => 
)

2023-04-27T20:07:15+00:00 NOTICE action_scheduler.queue_job :: MailChimp_WooCommerce_Single_Order starts in 90 seconds :: obj_id 24127
2023-04-27T20:07:18+00:00 NOTICE debug :: Order ID 24127 was processing and is now completed :: Array
(
    [new_order] => 
    [tracking] => 
)

2023-04-27T20:07:18+00:00 NOTICE action_scheduler.queue_job :: MailChimp_WooCommerce_Single_Order starts in 90 seconds :: obj_id 24128
2023-04-27T20:07:20+00:00 NOTICE debug :: Order ID 24128 was processing and is now completed :: Array
(
    [new_order] => 
    [tracking] => 
)

2023-04-27T20:09:48+00:00 NOTICE order.member.updated :: Updated carolinajenn27@gmail.com subscriber status to subscribed and language to 
2023-04-27T20:09:48+00:00 NOTICE order_submit.success :: updateStoreOrder :: #24121 :: email: carolinajenn27@gmail.com
2023-04-27T20:09:50+00:00 NOTICE order.member.updated :: Updated marinellalcruz@gmail.com subscriber status to subscribed and language to 
2023-04-27T20:09:50+00:00 NOTICE order_submit.success :: updateStoreOrder :: #24124 :: email: marinellalcruz@gmail.com
2023-04-27T20:09:52+00:00 NOTICE order.member.updated :: Updated kabeltranr@gmail.com subscriber status to transactional and language to 
2023-04-27T20:09:52+00:00 NOTICE order_submit.success :: updateStoreOrder :: #24126 :: email: kabeltranr@gmail.com
2023-04-27T20:09:54+00:00 NOTICE order.member.updated :: Updated Yiyebuitrago@gmail.Com subscriber status to subscribed and language to 
2023-04-27T20:09:54+00:00 NOTICE order_submit.success :: updateStoreOrder :: #24127 :: email: Yiyebuitrago@gmail.Com
2023-04-27T20:09:55+00:00 NOTICE order.member.updated :: Updated ruthyanet.rojas@gmail.com subscriber status to subscribed and language to 
2023-04-27T20:09:55+00:00 NOTICE order_submit.success :: updateStoreOrder :: #24128 :: email: ruthyanet.rojas@gmail.com
2023-04-27T21:14:18+00:00 NOTICE action_scheduler.queue_job :: MailChimp_WooCommerce_Cart_Update queued :: obj_id e609b70045bb772eeba8e071dc6b96c2
2023-04-27T21:14:48+00:00 NOTICE action_scheduler.queue_job :: MailChimp_WooCommerce_User_Submit queued :: obj_id 2469
2023-04-27T21:14:49+00:00 NOTICE abandoned_cart.success :: email: ana.arellano89@gmail.com :: checkout_url: https://naturalconexion.com/checkout/?mc_cart_id=e609b70045bb772eeba8e071dc6b96c2
2023-04-27T21:14:49+00:00 NOTICE cart.member.updated :: Updated ana.arellano89@gmail.com subscriber status to transactional and language to es
2023-04-27T21:14:50+00:00 NOTICE action_scheduler.queue_job :: MailChimp_WooCommerce_User_Submit queued :: obj_id 2469
2023-04-27T21:14:50+00:00 NOTICE action_scheduler.queue_job :: MailChimp_WooCommerce_Single_Order starts in 90 seconds :: obj_id 24129
2023-04-27T21:14:50+00:00 NOTICE member.sync :: Updated Member Ana.arellano89@gmail.com :: Array
(
    [previous_status] => transactional
    [status] => 1
    [language] => 
    [merge_fields] => Array
        (
            [FNAME] => Ana
            [LNAME] => Arellano
        )

    [gdpr_fields] => 
)

2023-04-27T21:16:34+00:00 NOTICE order_submit :: #24129 has a financial status of pending and was skipped.
2023-04-27T21:17:07+00:00 NOTICE action_scheduler.queue_job :: MailChimp_WooCommerce_Single_Order starts in 90 seconds :: obj_id 24129
2023-04-27T21:17:10+00:00 NOTICE debug :: Order ID 24129 was pending and is now processing :: Array
(
    [new_order] => 1
    [tracking] => Array
        (
            [campaign_id] => 
            [landing_site] => https://naturalconexion.com/wp-content/plugins/woocommerce-payu-latam/confirmation.php
        )

)

2023-04-27T21:17:10+00:00 NOTICE action_scheduler.queue_job :: MailChimp_WooCommerce_User_Submit queued :: obj_id 2469
2023-04-27T21:18:06+00:00 NOTICE member.sync :: Updated Member Ana.arellano89@gmail.com :: Array
(
    [status] => subscribed
    [language] => 
    [merge_fields] => Array
        (
            [FNAME] => Ana
            [LNAME] => Arellano
        )

    [gdpr_fields] => 
)

2023-04-27T21:20:46+00:00 NOTICE order.member.updated :: Updated Ana.arellano89@gmail.com subscriber status to subscribed and language to 
2023-04-27T21:20:46+00:00 NOTICE order_submit.success :: addStoreOrder :: #24129 :: email: Ana.arellano89@gmail.com :: landing site https://naturalconexion.com/wp-content/plugins/woocommerce-payu-latam/confirmation.php :: abandoned cart deleted [e609b70045bb772eeba8e071dc6b96c2]
