2023-01-24T02:08:56+00:00 NOTICE action_scheduler.queue_job :: MailChimp_WooCommerce_Cart_Update queued :: obj_id 4b59ed5cc7abccba0a4121fcc78e774e
2023-01-24T02:09:15+00:00 NOTICE abandoned_cart.success :: email: lindavcamposq@yahoo.com.co :: checkout_url: https://naturalconexion.com/checkout/?mc_cart_id=4b59ed5cc7abccba0a4121fcc78e774e
2023-01-24T02:09:15+00:00 NOTICE cart.member.updated :: Updated lindavcamposq@yahoo.com.co subscriber status to subscribed and language to es
2023-01-24T02:10:06+00:00 NOTICE action_scheduler.queue_job :: MailChimp_WooCommerce_Single_Order starts in 90 seconds :: obj_id 23150
2023-01-24T02:12:11+00:00 NOTICE order_submit :: #23150 has a financial status of pending and was skipped.
2023-01-24T03:35:13+00:00 NOTICE action_scheduler.queue_job :: MailChimp_WooCommerce_Single_Order starts in 90 seconds :: obj_id 23150
2023-01-24T03:35:13+00:00 NOTICE debug :: Order ID 23150 was pending and is now cancelled :: Array
(
    [new_order] => 
    [tracking] => 
)

2023-01-24T03:37:24+00:00 NOTICE order_submit :: #23150 has a financial status of cancelled and was skipped.
2023-01-24T12:26:41+00:00 NOTICE action_scheduler.queue_job :: MailChimp_WooCommerce_Single_Order starts in 90 seconds :: obj_id 23143
2023-01-24T12:26:45+00:00 NOTICE debug :: Order ID 23143 was processing and is now completed :: Array
(
    [new_order] => 
    [tracking] => 
)

2023-01-24T12:28:40+00:00 NOTICE order.member.updated :: Updated melissaalzate05@gmail.com subscriber status to subscribed and language to 
2023-01-24T12:28:40+00:00 NOTICE order_submit.success :: updateStoreOrder :: #23143 :: email: melissaalzate05@gmail.com
2023-01-24T14:23:42+00:00 NOTICE action_scheduler.queue_job :: MailChimp_WooCommerce_Cart_Update queued :: obj_id c79307f79a07235cd009d22807bfb914
2023-01-24T14:24:21+00:00 NOTICE action_scheduler.queue_job :: MailChimp_WooCommerce_Single_Order starts in 90 seconds :: obj_id 23151
2023-01-24T14:24:29+00:00 NOTICE abandoned_cart.success :: email: mafegutierrezm1006@gmail.com :: checkout_url: https://naturalconexion.com/checkout/?mc_cart_id=c79307f79a07235cd009d22807bfb914
2023-01-24T14:24:29+00:00 NOTICE cart.member.updated :: Updated mafegutierrezm1006@gmail.com subscriber status to transactional and language to es
2023-01-24T14:25:29+00:00 NOTICE debug :: Order ID 23151 was pending and is now processing :: Array
(
    [new_order] => 1
    [tracking] => Array
        (
            [campaign_id] => 
            [landing_site] => https://naturalconexion.com/wp-content/plugins/woocommerce-payu-latam/confirmation.php
        )

)

2023-01-24T14:28:12+00:00 NOTICE order.member.updated :: Updated mafegutierrezm1006@gmail.com subscriber status to transactional and language to es
2023-01-24T14:28:12+00:00 NOTICE order_submit.success :: addStoreOrder :: #23151 :: email: mafegutierrezm1006@gmail.com :: landing site https://naturalconexion.com/ :: abandoned cart deleted [c79307f79a07235cd009d22807bfb914]
2023-01-24T14:31:18+00:00 NOTICE action_scheduler.queue_job :: MailChimp_WooCommerce_Single_Order starts in 90 seconds :: obj_id 23151
2023-01-24T14:31:22+00:00 NOTICE debug :: Order ID 23151 was processing and is now completed :: Array
(
    [new_order] => 
    [tracking] => 
)

2023-01-24T14:33:23+00:00 NOTICE order.member.updated :: Updated mafegutierrezm1006@gmail.com subscriber status to transactional and language to 
2023-01-24T14:33:23+00:00 NOTICE order_submit.success :: updateStoreOrder :: #23151 :: email: mafegutierrezm1006@gmail.com
2023-01-24T16:12:04+00:00 NOTICE action_scheduler.queue_job :: MailChimp_WooCommerce_Cart_Update queued :: obj_id 844bd39c349db0770e1f2fbb31267708
2023-01-24T16:12:17+00:00 NOTICE abandoned_cart.success :: email: alcar6934@gmail.com :: checkout_url: https://naturalconexion.com/checkout/?mc_cart_id=844bd39c349db0770e1f2fbb31267708
2023-01-24T16:12:17+00:00 NOTICE cart.member.updated :: Updated alcar6934@gmail.com subscriber status to transactional and language to es
2023-01-24T16:13:56+00:00 NOTICE ac.cart_swap :: Deleted cart [alcar6934@gmail.com] :: ID [844bd39c349db0770e1f2fbb31267708]
2023-01-24T16:13:56+00:00 NOTICE action_scheduler.queue_job :: MailChimp_WooCommerce_Cart_Update queued :: obj_id f56414456df717dd0a0ba340e6f22b77
2023-01-24T16:15:22+00:00 NOTICE abandoned_cart.success :: email: acar46@hotmail.com :: checkout_url: https://naturalconexion.com/checkout/?mc_cart_id=f56414456df717dd0a0ba340e6f22b77
2023-01-24T16:15:22+00:00 NOTICE cart.member.updated :: Updated acar46@hotmail.com subscriber status to transactional and language to es
2023-01-24T18:07:33+00:00 NOTICE action_scheduler.queue_job :: MailChimp_WooCommerce_Cart_Update queued :: obj_id 774a77862d7041f526a6e356f23f1bdf
2023-01-24T18:08:31+00:00 NOTICE abandoned_cart.success :: email: alexarr.2@hotmail.com :: checkout_url: https://naturalconexion.com/checkout/?mc_cart_id=774a77862d7041f526a6e356f23f1bdf
2023-01-24T18:08:31+00:00 NOTICE cart.member.updated :: Updated alexarr.2@hotmail.com subscriber status to transactional and language to es
2023-01-24T23:26:18+00:00 NOTICE action_scheduler.queue_job :: MailChimp_WooCommerce_Cart_Update queued :: obj_id 66ecbcd2c9ac442b9a04a567b0581c87
2023-01-24T23:26:21+00:00 NOTICE abandoned_cart.success :: email: soniadelpi22@gmail.com :: checkout_url: https://naturalconexion.com/checkout/?mc_cart_id=66ecbcd2c9ac442b9a04a567b0581c87
2023-01-24T23:26:21+00:00 NOTICE cart.member.updated :: Updated soniadelpi22@gmail.com subscriber status to subscribed and language to es
2023-01-24T23:27:28+00:00 NOTICE action_scheduler.queue_job :: MailChimp_WooCommerce_Single_Order starts in 90 seconds :: obj_id 23152
2023-01-24T23:29:22+00:00 NOTICE debug :: Order ID 23152 was pending and is now processing :: Array
(
    [new_order] => 1
    [tracking] => Array
        (
            [campaign_id] => 
            [landing_site] => https://naturalconexion.com/wp-content/plugins/woocommerce-payu-latam/confirmation.php
        )

)

2023-01-24T23:30:55+00:00 NOTICE order.member.updated :: Updated soniadelpi22@gmail.com subscriber status to subscribed and language to es
2023-01-24T23:30:55+00:00 NOTICE order_submit.success :: addStoreOrder :: #23152 :: email: soniadelpi22@gmail.com :: landing site https://naturalconexion.com/ :: abandoned cart deleted [66ecbcd2c9ac442b9a04a567b0581c87]
