2022-02-05T01:34:12+00:00 NOTICE action_scheduler.queue_job :: MailChimp_WooCommerce_Cart_Update queued :: obj_id 2b23750f0a9fb677faf1607161bc3971
2022-02-05T01:34:31+00:00 NOTICE abandoned_cart.success :: email: afosoriotrujillo@gmail.com :: checkout_url: https://naturalconexion.com/checkout/?mc_cart_id=2b23750f0a9fb677faf1607161bc3971
2022-02-05T01:34:32+00:00 NOTICE cart.member.updated :: Updated afosoriotrujillo@gmail.com subscriber status to transactional and language to es
2022-02-05T01:38:00+00:00 NOTICE action_scheduler.queue_job :: MailChimp_WooCommerce_Cart_Update queued :: obj_id f463d7cca9bd719027af64d3ecd72182
2022-02-05T01:38:01+00:00 NOTICE abandoned_cart.success :: email: juli_130814@hotmail.com :: checkout_url: https://naturalconexion.com/checkout/?mc_cart_id=f463d7cca9bd719027af64d3ecd72182
2022-02-05T01:38:02+00:00 NOTICE cart.member.updated :: Updated juli_130814@hotmail.com subscriber status to transactional and language to es
2022-02-05T01:39:57+00:00 NOTICE action_scheduler.queue_job :: MailChimp_WooCommerce_Single_Order starts in 90 seconds :: obj_id 18600
2022-02-05T01:42:28+00:00 NOTICE debug :: Order ID 18600 was pending and is now processing :: Array
(
    [new_order] => 1
    [tracking] => Array
        (
            [campaign_id] => 
            [landing_site] => https://naturalconexion.com/wp-admin/admin-ajax.php
        )

)

2022-02-05T01:44:28+00:00 NOTICE order.member.updated :: Updated Juli_130814@hotmail.com subscriber status to transactional and language to es
2022-02-05T01:44:28+00:00 NOTICE order_submit.success :: addStoreOrder :: #18600 :: email: Juli_130814@hotmail.com :: landing site https://naturalconexion.com/wp-admin/admin-ajax.php :: abandoned cart deleted [f463d7cca9bd719027af64d3ecd72182]
2022-02-05T05:33:11+00:00 NOTICE action_scheduler.queue_job :: MailChimp_WooCommerce_Single_Order starts in 90 seconds :: obj_id 18500
2022-02-05T05:33:11+00:00 NOTICE debug :: Order ID 18500 was cancelled and is now failed :: Array
(
    [new_order] => 
    [tracking] => 
)

2022-02-05T05:35:22+00:00 NOTICE system.debug :: order 18500 is in failed status, and is being skipped for now.
2022-02-05T05:43:14+00:00 NOTICE action_scheduler.queue_job :: MailChimp_WooCommerce_Single_Order starts in 90 seconds :: obj_id 18601
2022-02-05T05:45:26+00:00 NOTICE order_sumbit :: #18601 has a financial status of pending and was skipped.
2022-02-05T06:31:47+00:00 NOTICE action_scheduler.queue_job :: MailChimp_WooCommerce_Single_Order starts in 90 seconds :: obj_id 18601
2022-02-05T06:31:51+00:00 NOTICE debug :: Order ID 18601 was pending and is now processing :: Array
(
    [new_order] => 1
    [tracking] => Array
        (
            [campaign_id] => 
            [landing_site] => https://naturalconexion.com/wp-admin/admin-ajax.php
        )

)

2022-02-05T06:34:36+00:00 NOTICE order.member.updated :: Updated lizalore123@gmail.com subscriber status to subscribed and language to 
2022-02-05T06:34:36+00:00 NOTICE order_submit.success :: addStoreOrder :: #18601 :: email: lizalore123@gmail.com :: landing site https://naturalconexion.com/wp-admin/admin-ajax.php
2022-02-05T13:26:25+00:00 NOTICE action_scheduler.queue_job :: MailChimp_WooCommerce_Cart_Update queued :: obj_id ed5c24dd31018d003d151b89c8aacdb7
2022-02-05T13:26:44+00:00 NOTICE abandoned_cart.success :: email: obanedwin@hotmail.com :: checkout_url: https://naturalconexion.com/checkout/?mc_cart_id=ed5c24dd31018d003d151b89c8aacdb7
2022-02-05T13:26:44+00:00 NOTICE cart.member.updated :: Updated obanedwin@hotmail.com subscriber status to transactional and language to es
2022-02-05T13:27:44+00:00 NOTICE action_scheduler.queue_job :: MailChimp_WooCommerce_Single_Order starts in 90 seconds :: obj_id 18602
2022-02-05T13:29:37+00:00 NOTICE order_sumbit :: #18602 has a financial status of pending and was skipped.
2022-02-05T14:01:50+00:00 NOTICE action_scheduler.queue_job :: MailChimp_WooCommerce_Cart_Update queued :: obj_id 5b0623220932caaa0ed273c1fd1afb5e
2022-02-05T14:01:51+00:00 NOTICE abandoned_cart.success :: email: silviotista93@gmail.com :: checkout_url: https://naturalconexion.com/checkout/?mc_cart_id=5b0623220932caaa0ed273c1fd1afb5e
2022-02-05T14:01:51+00:00 NOTICE cart.member.updated :: Updated silviotista93@gmail.com subscriber status to transactional and language to es
2022-02-05T14:02:10+00:00 NOTICE action_scheduler.queue_job :: MailChimp_WooCommerce_Single_Order starts in 90 seconds :: obj_id 18603
2022-02-05T14:04:08+00:00 NOTICE order_sumbit :: #18603 has a financial status of pending and was skipped.
2022-02-05T14:07:55+00:00 NOTICE action_scheduler.queue_job :: MailChimp_WooCommerce_Cart_Update queued :: obj_id c960f72787e8ce97a30cd2addb0d9022
2022-02-05T14:08:23+00:00 NOTICE abandoned_cart.success :: email: pruebacamilo@gmai.com :: checkout_url: https://naturalconexion.com/checkout/?mc_cart_id=c960f72787e8ce97a30cd2addb0d9022
2022-02-05T14:08:23+00:00 NOTICE cart.member.updated :: Updated pruebacamilo@gmai.com subscriber status to transactional and language to es
2022-02-05T14:08:54+00:00 NOTICE action_scheduler.queue_job :: MailChimp_WooCommerce_Cart_Update queued :: obj_id 5b0623220932caaa0ed273c1fd1afb5e
2022-02-05T14:09:46+00:00 NOTICE abandoned_cart.success :: email: silviotista93@gmail.com :: checkout_url: https://naturalconexion.com/checkout/?mc_cart_id=5b0623220932caaa0ed273c1fd1afb5e
2022-02-05T14:29:07+00:00 NOTICE action_scheduler.queue_job :: MailChimp_WooCommerce_Cart_Update queued :: obj_id 2390fc3ec5846d3e57d5a1c4ca728f3d
2022-02-05T14:29:46+00:00 NOTICE action_scheduler.queue_job :: MailChimp_WooCommerce_Single_Order starts in 90 seconds :: obj_id 18605
2022-02-05T14:29:47+00:00 NOTICE abandoned_cart.success :: email: paulalarcons9@gmail.com :: checkout_url: https://naturalconexion.com/checkout/?mc_cart_id=2390fc3ec5846d3e57d5a1c4ca728f3d
2022-02-05T14:29:48+00:00 NOTICE cart.member.updated :: Updated paulalarcons9@gmail.com subscriber status to transactional and language to es
2022-02-05T14:32:20+00:00 NOTICE order_sumbit :: #18605 has a financial status of pending and was skipped.
2022-02-05T14:32:48+00:00 NOTICE action_scheduler.queue_job :: MailChimp_WooCommerce_Single_Order starts in 90 seconds :: obj_id 18605
2022-02-05T14:32:51+00:00 NOTICE debug :: Order ID 18605 was pending and is now processing :: Array
(
    [new_order] => 1
    [tracking] => Array
        (
            [campaign_id] => 
            [landing_site] => https://naturalconexion.com/wp-admin/admin-ajax.php
        )

)

2022-02-05T14:34:25+00:00 NOTICE order.member.updated :: Updated paulalarcons9@gmail.com subscriber status to transactional and language to 
2022-02-05T14:34:25+00:00 NOTICE order_submit.success :: addStoreOrder :: #18605 :: email: paulalarcons9@gmail.com :: landing site https://naturalconexion.com/wp-admin/admin-ajax.php :: abandoned cart deleted [2390fc3ec5846d3e57d5a1c4ca728f3d]
2022-02-05T15:04:23+00:00 NOTICE action_scheduler.queue_job :: MailChimp_WooCommerce_Single_Order starts in 90 seconds :: obj_id 18602
2022-02-05T15:04:23+00:00 NOTICE debug :: Order ID 18602 was pending and is now cancelled :: Array
(
    [new_order] => 
    [tracking] => 
)

2022-02-05T15:04:23+00:00 NOTICE action_scheduler.queue_job :: MailChimp_WooCommerce_Single_Order starts in 90 seconds :: obj_id 18603
2022-02-05T15:04:23+00:00 NOTICE debug :: Order ID 18603 was pending and is now cancelled :: Array
(
    [new_order] => 
    [tracking] => 
)

2022-02-05T15:06:25+00:00 NOTICE order_sumbit :: #18602 has a financial status of cancelled and was skipped.
2022-02-05T15:06:26+00:00 NOTICE order_sumbit :: #18603 has a financial status of cancelled and was skipped.
2022-02-05T15:34:00+00:00 NOTICE action_scheduler.queue_job :: MailChimp_WooCommerce_Single_Order starts in 90 seconds :: obj_id 18606
2022-02-05T15:35:56+00:00 NOTICE order_sumbit :: #18606 has a financial status of pending and was skipped.
2022-02-05T15:37:51+00:00 NOTICE action_scheduler.queue_job :: MailChimp_WooCommerce_Single_Order starts in 90 seconds :: obj_id 18607
2022-02-05T15:39:46+00:00 NOTICE order_sumbit :: #18607 has a financial status of pending and was skipped.
2022-02-05T15:40:22+00:00 NOTICE action_scheduler.queue_job :: MailChimp_WooCommerce_Single_Order starts in 90 seconds :: obj_id 18606
2022-02-05T15:40:24+00:00 NOTICE debug :: Order ID 18606 was pending and is now failed :: Array
(
    [new_order] => 
    [tracking] => 
)

2022-02-05T15:41:12+00:00 NOTICE action_scheduler.queue_job :: MailChimp_WooCommerce_Cart_Update queued :: obj_id 6c0ea1e526a67ee41c4939b287daf83f
2022-02-05T15:41:25+00:00 NOTICE action_scheduler.queue_job :: MailChimp_WooCommerce_Single_Order starts in 90 seconds :: obj_id 18608
2022-02-05T15:41:30+00:00 NOTICE abandoned_cart.success :: email: moniquilla1108@hotmail.com :: checkout_url: https://naturalconexion.com/checkout/?mc_cart_id=6c0ea1e526a67ee41c4939b287daf83f
2022-02-05T15:41:31+00:00 NOTICE cart.member.updated :: Updated moniquilla1108@hotmail.com subscriber status to transactional and language to es
2022-02-05T15:43:04+00:00 NOTICE system.debug :: order 18606 is in failed status, and is being skipped for now.
2022-02-05T15:43:05+00:00 NOTICE order_sumbit :: #18608 has a financial status of pending and was skipped.
2022-02-05T15:44:39+00:00 NOTICE action_scheduler.queue_job :: MailChimp_WooCommerce_Single_Order starts in 90 seconds :: obj_id 18608
2022-02-05T15:44:42+00:00 NOTICE debug :: Order ID 18608 was pending and is now processing :: Array
(
    [new_order] => 1
    [tracking] => Array
        (
            [campaign_id] => 
            [landing_site] => https://naturalconexion.com/wp-admin/admin-ajax.php
        )

)

2022-02-05T15:47:30+00:00 NOTICE order.member.updated :: Updated moniquilla1108@hotmail.com subscriber status to subscribed and language to 
2022-02-05T15:47:30+00:00 NOTICE order_submit.success :: addStoreOrder :: #18608 :: email: moniquilla1108@hotmail.com :: landing site https://naturalconexion.com/wp-admin/admin-ajax.php :: abandoned cart deleted [6c0ea1e526a67ee41c4939b287daf83f]
2022-02-05T17:03:23+00:00 NOTICE action_scheduler.queue_job :: MailChimp_WooCommerce_Cart_Update queued :: obj_id 53f652bebf12e447ab1a339524adb925
2022-02-05T17:03:25+00:00 NOTICE abandoned_cart.success :: email: anagalindop@gmail.com :: checkout_url: https://naturalconexion.com/checkout/?mc_cart_id=53f652bebf12e447ab1a339524adb925
2022-02-05T17:03:25+00:00 NOTICE cart.member.updated :: Updated anagalindop@gmail.com subscriber status to transactional and language to es
2022-02-05T17:05:25+00:00 NOTICE action_scheduler.queue_job :: MailChimp_WooCommerce_Single_Order starts in 90 seconds :: obj_id 18607
2022-02-05T17:05:25+00:00 NOTICE debug :: Order ID 18607 was pending and is now cancelled :: Array
(
    [new_order] => 
    [tracking] => 
)

2022-02-05T17:05:31+00:00 NOTICE action_scheduler.queue_job :: MailChimp_WooCommerce_Cart_Update queued :: obj_id 53f652bebf12e447ab1a339524adb925
2022-02-05T17:06:23+00:00 NOTICE abandoned_cart.success :: email: anagalindop@gmail.com :: checkout_url: https://naturalconexion.com/checkout/?mc_cart_id=53f652bebf12e447ab1a339524adb925
2022-02-05T17:06:59+00:00 NOTICE order_sumbit :: #18607 has a financial status of cancelled and was skipped.
2022-02-05T17:08:14+00:00 NOTICE action_scheduler.queue_job :: MailChimp_WooCommerce_Single_Order starts in 90 seconds :: obj_id 18609
2022-02-05T17:09:50+00:00 NOTICE order_sumbit :: #18609 has a financial status of pending and was skipped.
2022-02-05T17:11:38+00:00 NOTICE action_scheduler.queue_job :: MailChimp_WooCommerce_Single_Order starts in 90 seconds :: obj_id 18609
2022-02-05T17:11:41+00:00 NOTICE debug :: Order ID 18609 was pending and is now processing :: Array
(
    [new_order] => 1
    [tracking] => Array
        (
            [campaign_id] => 
            [landing_site] => https://naturalconexion.com/wp-admin/admin-ajax.php
        )

)

2022-02-05T17:13:42+00:00 NOTICE order.member.updated :: Updated anagalindop@gmail.com subscriber status to transactional and language to 
2022-02-05T17:13:42+00:00 NOTICE order_submit.success :: addStoreOrder :: #18609 :: email: anagalindop@gmail.com :: landing site https://naturalconexion.com/wp-admin/admin-ajax.php :: abandoned cart deleted [53f652bebf12e447ab1a339524adb925]
2022-02-05T18:03:48+00:00 NOTICE action_scheduler.queue_job :: MailChimp_WooCommerce_Cart_Update queued :: obj_id f122cedcfef953e9d234fd9fb9f3eee5
2022-02-05T18:05:21+00:00 NOTICE abandoned_cart.success :: email: mirestrepo48@gmail.com :: checkout_url: https://naturalconexion.com/checkout/?mc_cart_id=f122cedcfef953e9d234fd9fb9f3eee5
2022-02-05T18:05:23+00:00 NOTICE cart.member.updated :: Updated mirestrepo48@gmail.com subscriber status to transactional and language to es
2022-02-05T20:18:34+00:00 NOTICE action_scheduler.queue_job :: MailChimp_WooCommerce_Cart_Update queued :: obj_id f5f745f6367eb0a5880a42e7962d6fc0
2022-02-05T20:18:37+00:00 NOTICE abandoned_cart.success :: email: andreitamedina75@yahoo.es :: checkout_url: https://naturalconexion.com/checkout/?mc_cart_id=f5f745f6367eb0a5880a42e7962d6fc0
2022-02-05T20:18:38+00:00 NOTICE cart.member.updated :: Updated andreitamedina75@yahoo.es subscriber status to subscribed and language to es
2022-02-05T20:19:01+00:00 NOTICE action_scheduler.queue_job :: MailChimp_WooCommerce_Single_Order starts in 90 seconds :: obj_id 18610
2022-02-05T20:21:10+00:00 NOTICE debug :: Order ID 18610 was pending and is now processing :: Array
(
    [new_order] => 1
    [tracking] => Array
        (
            [campaign_id] => 
            [landing_site] => https://naturalconexion.com/wp-admin/admin-ajax.php
        )

)

2022-02-05T20:22:58+00:00 NOTICE order.member.updated :: Updated andreitamedina75@yahoo.es subscriber status to subscribed and language to es
2022-02-05T20:22:58+00:00 NOTICE order_submit.success :: addStoreOrder :: #18610 :: email: andreitamedina75@yahoo.es :: landing site https://naturalconexion.com/wp-admin/admin-ajax.php :: abandoned cart deleted [f5f745f6367eb0a5880a42e7962d6fc0]
2022-02-05T21:19:47+00:00 NOTICE action_scheduler.queue_job :: MailChimp_WooCommerce_Cart_Update queued :: obj_id 74b463a97dee658ad79315dee804a687
2022-02-05T21:19:48+00:00 NOTICE abandoned_cart.success :: email: alejo0347@gmail.com :: checkout_url: https://naturalconexion.com/checkout/?mc_cart_id=74b463a97dee658ad79315dee804a687
2022-02-05T21:19:49+00:00 NOTICE cart.member.updated :: Updated alejo0347@gmail.com subscriber status to subscribed and language to es
2022-02-05T21:20:00+00:00 NOTICE action_scheduler.queue_job :: MailChimp_WooCommerce_Single_Order starts in 90 seconds :: obj_id 18611
2022-02-05T21:21:40+00:00 NOTICE order_sumbit :: #18611 has a financial status of pending and was skipped.
2022-02-05T21:48:22+00:00 NOTICE action_scheduler.queue_job :: MailChimp_WooCommerce_Single_Order starts in 90 seconds :: obj_id 18612
2022-02-05T21:48:57+00:00 NOTICE action_scheduler.queue_job :: MailChimp_WooCommerce_Cart_Update queued :: obj_id c960f72787e8ce97a30cd2addb0d9022
2022-02-05T21:49:44+00:00 NOTICE abandoned_cart.success :: email: pruebacamilo@gmai.com :: checkout_url: https://naturalconexion.com/checkout/?mc_cart_id=c960f72787e8ce97a30cd2addb0d9022
2022-02-05T21:49:44+00:00 NOTICE cart.member.updated :: Updated pruebacamilo@gmai.com subscriber status to transactional and language to es
2022-02-05T21:50:13+00:00 NOTICE action_scheduler.queue_job :: MailChimp_WooCommerce_Single_Order starts in 90 seconds :: obj_id 18613
2022-02-05T21:50:51+00:00 NOTICE order_sumbit :: #18612 has a financial status of pending and was skipped.
2022-02-05T21:51:47+00:00 NOTICE order_sumbit :: #18613 has a financial status of pending and was skipped.
2022-02-05T21:58:26+00:00 NOTICE action_scheduler.queue_job :: MailChimp_WooCommerce_Cart_Update queued :: obj_id c960f72787e8ce97a30cd2addb0d9022
2022-02-05T21:58:44+00:00 NOTICE abandoned_cart.success :: email: pruebacamilo@gmai.com :: checkout_url: https://naturalconexion.com/checkout/?mc_cart_id=c960f72787e8ce97a30cd2addb0d9022
2022-02-05T21:58:59+00:00 NOTICE action_scheduler.queue_job :: MailChimp_WooCommerce_Single_Order starts in 90 seconds :: obj_id 18614
2022-02-05T22:00:38+00:00 NOTICE order_sumbit :: #18614 has a financial status of pending and was skipped.
2022-02-05T23:06:22+00:00 NOTICE action_scheduler.queue_job :: MailChimp_WooCommerce_Single_Order starts in 90 seconds :: obj_id 18611
2022-02-05T23:06:22+00:00 NOTICE debug :: Order ID 18611 was pending and is now cancelled :: Array
(
    [new_order] => 
    [tracking] => 
)

2022-02-05T23:06:22+00:00 NOTICE action_scheduler.queue_job :: MailChimp_WooCommerce_Single_Order starts in 90 seconds :: obj_id 18612
2022-02-05T23:06:22+00:00 NOTICE debug :: Order ID 18612 was pending and is now cancelled :: Array
(
    [new_order] => 
    [tracking] => 
)

2022-02-05T23:06:22+00:00 NOTICE action_scheduler.queue_job :: MailChimp_WooCommerce_Single_Order starts in 90 seconds :: obj_id 18613
2022-02-05T23:06:23+00:00 NOTICE debug :: Order ID 18613 was pending and is now cancelled :: Array
(
    [new_order] => 
    [tracking] => 
)

2022-02-05T23:06:23+00:00 NOTICE action_scheduler.queue_job :: MailChimp_WooCommerce_Single_Order starts in 90 seconds :: obj_id 18614
2022-02-05T23:06:23+00:00 NOTICE debug :: Order ID 18614 was pending and is now cancelled :: Array
(
    [new_order] => 
    [tracking] => 
)

2022-02-05T23:08:00+00:00 NOTICE order_sumbit :: #18611 has a financial status of cancelled and was skipped.
2022-02-05T23:08:01+00:00 NOTICE order_sumbit :: #18612 has a financial status of cancelled and was skipped.
2022-02-05T23:08:01+00:00 NOTICE order_sumbit :: #18613 has a financial status of cancelled and was skipped.
2022-02-05T23:08:02+00:00 NOTICE order_sumbit :: #18614 has a financial status of cancelled and was skipped.
