2022-07-15T02:01:19+00:00 NOTICE action_scheduler.queue_job :: MailChimp_WooCommerce_Cart_Update queued :: obj_id e7322c4467f9a5568a63034f3e1ad2d1
2022-07-15T02:01:47+00:00 NOTICE abandoned_cart.success :: email: fany.23lt@gmail.com :: checkout_url: https://naturalconexion.com/checkout/?mc_cart_id=e7322c4467f9a5568a63034f3e1ad2d1
2022-07-15T02:01:47+00:00 NOTICE cart.member.updated :: Updated fany.23lt@gmail.com subscriber status to subscribed and language to es
2022-07-15T02:09:49+00:00 NOTICE action_scheduler.queue_job :: MailChimp_WooCommerce_Cart_Update queued :: obj_id e7322c4467f9a5568a63034f3e1ad2d1
2022-07-15T02:09:52+00:00 NOTICE abandoned_cart.success :: email: fany.23lt@gmail.com :: checkout_url: https://naturalconexion.com/checkout/?mc_cart_id=e7322c4467f9a5568a63034f3e1ad2d1
2022-07-15T02:10:13+00:00 NOTICE action_scheduler.queue_job :: MailChimp_WooCommerce_Single_Order starts in 90 seconds :: obj_id 21124
2022-07-15T02:13:10+00:00 NOTICE order_submit :: #21124 has a financial status of pending and was skipped.
2022-07-15T02:13:14+00:00 NOTICE action_scheduler.queue_job :: MailChimp_WooCommerce_Single_Order starts in 90 seconds :: obj_id 21124
2022-07-15T02:13:17+00:00 NOTICE debug :: Order ID 21124 was pending and is now processing :: Array
(
    [new_order] => 1
    [tracking] => Array
        (
            [campaign_id] => 
            [landing_site] => https://naturalconexion.com/wp-content/plugins/woocommerce-payu-latam/confirmation.php
        )

)

2022-07-15T02:15:32+00:00 NOTICE order.member.updated :: Updated fany.23lt@gmail.com subscriber status to subscribed and language to 
2022-07-15T02:15:32+00:00 NOTICE order_submit.success :: addStoreOrder :: #21124 :: email: fany.23lt@gmail.com :: landing site https://naturalconexion.com/wp-content/plugins/woocommerce-payu-latam/confirmation.php :: abandoned cart deleted [e7322c4467f9a5568a63034f3e1ad2d1]
2022-07-15T02:52:10+00:00 NOTICE action_scheduler.queue_job :: MailChimp_WooCommerce_Cart_Update queued :: obj_id a948c0eb32e1aef67543f94052f020f5
2022-07-15T02:52:12+00:00 NOTICE action_scheduler.queue_job :: MailChimp_WooCommerce_Single_Order starts in 90 seconds :: obj_id 21125
2022-07-15T02:52:13+00:00 NOTICE abandoned_cart.success :: email: vivianagomezf0209@gmail.com :: checkout_url: https://naturalconexion.com/checkout/?mc_cart_id=a948c0eb32e1aef67543f94052f020f5
2022-07-15T02:52:13+00:00 NOTICE cart.member.updated :: Updated vivianagomezf0209@gmail.com subscriber status to transactional and language to es
2022-07-15T02:54:01+00:00 NOTICE order_submit :: #21125 has a financial status of pending and was skipped.
2022-07-15T02:55:02+00:00 NOTICE action_scheduler.queue_job :: MailChimp_WooCommerce_Single_Order starts in 90 seconds :: obj_id 21125
2022-07-15T02:55:04+00:00 NOTICE debug :: Order ID 21125 was pending and is now processing :: Array
(
    [new_order] => 1
    [tracking] => Array
        (
            [campaign_id] => 
            [landing_site] => https://naturalconexion.com/wp-content/plugins/woocommerce-payu-latam/confirmation.php
        )

)

2022-07-15T02:56:37+00:00 NOTICE order.member.updated :: Updated vivianagomezf0209@gmail.com subscriber status to subscribed and language to 
2022-07-15T02:56:37+00:00 NOTICE order_submit.success :: addStoreOrder :: #21125 :: email: vivianagomezf0209@gmail.com :: landing site https://naturalconexion.com/wp-content/plugins/woocommerce-payu-latam/confirmation.php :: abandoned cart deleted [a948c0eb32e1aef67543f94052f020f5]
2022-07-15T13:20:32+00:00 NOTICE action_scheduler.queue_job :: MailChimp_WooCommerce_Single_Product starts in 5 seconds :: obj_id 7534
2022-07-15T13:20:53+00:00 NOTICE product_submit.success :: updateStoreProduct :: #7534
2022-07-15T13:20:56+00:00 NOTICE action_scheduler.queue_job :: MailChimp_WooCommerce_Single_Product starts in 5 seconds :: obj_id 7443
2022-07-15T13:21:12+00:00 NOTICE product_submit.success :: updateStoreProduct :: #7443
2022-07-15T13:55:41+00:00 NOTICE action_scheduler.queue_job :: MailChimp_WooCommerce_Cart_Update queued :: obj_id 61044e05009471f4da66d20b6fc71960
2022-07-15T13:55:45+00:00 NOTICE abandoned_cart.success :: email: carolinavegaahumada@gmail.com :: checkout_url: https://naturalconexion.com/checkout/?mc_cart_id=61044e05009471f4da66d20b6fc71960
2022-07-15T13:55:46+00:00 NOTICE cart.member.updated :: Updated carolinavegaahumada@gmail.com subscriber status to transactional and language to es
2022-07-15T13:57:13+00:00 NOTICE action_scheduler.queue_job :: MailChimp_WooCommerce_Single_Order starts in 90 seconds :: obj_id 21126
2022-07-15T13:58:45+00:00 NOTICE order_submit :: #21126 has a financial status of pending and was skipped.
2022-07-15T13:59:18+00:00 NOTICE action_scheduler.queue_job :: MailChimp_WooCommerce_Cart_Update queued :: obj_id f1bdd694b8f7d6d196a0c7612d775eef
2022-07-15T14:00:08+00:00 NOTICE abandoned_cart.success :: email: lorraineruealv@gmail.com :: checkout_url: https://naturalconexion.com/checkout/?mc_cart_id=f1bdd694b8f7d6d196a0c7612d775eef
2022-07-15T14:00:09+00:00 NOTICE cart.member.updated :: Updated lorraineruealv@gmail.com subscriber status to transactional and language to es
2022-07-15T16:08:35+00:00 NOTICE action_scheduler.queue_job :: MailChimp_WooCommerce_User_Submit queued :: obj_id 2264
2022-07-15T16:09:32+00:00 NOTICE member.sync :: Updated Member latatica2904@gmail.com :: Array
(
    [status] => subscribed
    [language] => 
    [merge_fields] => Array
        (
        )

    [gdpr_fields] => 
)

2022-07-15T16:10:20+00:00 NOTICE action_scheduler.queue_job :: MailChimp_WooCommerce_Cart_Update queued :: obj_id 38d3e4c98f26bb6e75b03c1db895ccd2
2022-07-15T16:10:30+00:00 NOTICE abandoned_cart.success :: email: latatica2904@gmail.com :: checkout_url: https://naturalconexion.com/checkout/?mc_cart_id=38d3e4c98f26bb6e75b03c1db895ccd2
2022-07-15T16:10:30+00:00 NOTICE cart.member.updated :: Updated latatica2904@gmail.com subscriber status to subscribed and language to es
2022-07-15T16:10:35+00:00 NOTICE action_scheduler.queue_job :: MailChimp_WooCommerce_Cart_Update queued :: obj_id 38d3e4c98f26bb6e75b03c1db895ccd2
2022-07-15T16:11:42+00:00 NOTICE abandoned_cart.success :: email: latatica2904@gmail.com :: checkout_url: https://naturalconexion.com/checkout/?mc_cart_id=38d3e4c98f26bb6e75b03c1db895ccd2
2022-07-15T16:11:45+00:00 NOTICE action_scheduler.queue_job :: MailChimp_WooCommerce_Cart_Update queued :: obj_id 38d3e4c98f26bb6e75b03c1db895ccd2
2022-07-15T16:11:46+00:00 NOTICE abandoned_cart.success :: email: latatica2904@gmail.com :: checkout_url: https://naturalconexion.com/checkout/?mc_cart_id=38d3e4c98f26bb6e75b03c1db895ccd2
2022-07-15T16:11:58+00:00 NOTICE action_scheduler.queue_job :: MailChimp_WooCommerce_Cart_Update queued :: obj_id 38d3e4c98f26bb6e75b03c1db895ccd2
2022-07-15T16:11:59+00:00 NOTICE abandoned_cart.success :: email: latatica2904@gmail.com :: checkout_url: https://naturalconexion.com/checkout/?mc_cart_id=38d3e4c98f26bb6e75b03c1db895ccd2
2022-07-15T16:15:52+00:00 NOTICE action_scheduler.queue_job :: MailChimp_WooCommerce_Cart_Update queued :: obj_id 38d3e4c98f26bb6e75b03c1db895ccd2
2022-07-15T16:16:11+00:00 NOTICE abandoned_cart.success :: email: latatica2904@gmail.com :: checkout_url: https://naturalconexion.com/checkout/?mc_cart_id=38d3e4c98f26bb6e75b03c1db895ccd2
2022-07-15T16:26:17+00:00 NOTICE action_scheduler.queue_job :: MailChimp_WooCommerce_Cart_Update queued :: obj_id 38d3e4c98f26bb6e75b03c1db895ccd2
2022-07-15T16:26:40+00:00 NOTICE abandoned_cart.success :: email: latatica2904@gmail.com :: checkout_url: https://naturalconexion.com/checkout/?mc_cart_id=38d3e4c98f26bb6e75b03c1db895ccd2
2022-07-15T16:26:44+00:00 NOTICE action_scheduler.queue_job :: MailChimp_WooCommerce_Cart_Update queued :: obj_id 38d3e4c98f26bb6e75b03c1db895ccd2
2022-07-15T16:26:49+00:00 NOTICE abandoned_cart.success :: email: latatica2904@gmail.com :: checkout_url: https://naturalconexion.com/checkout/?mc_cart_id=38d3e4c98f26bb6e75b03c1db895ccd2
2022-07-15T16:28:21+00:00 NOTICE action_scheduler.queue_job :: MailChimp_WooCommerce_Cart_Update queued :: obj_id 91ca77b241b97b9b48c1faec56a752dd
2022-07-15T16:29:40+00:00 NOTICE action_scheduler.queue_job :: MailChimp_WooCommerce_Single_Order starts in 90 seconds :: obj_id 21127
2022-07-15T16:29:43+00:00 NOTICE abandoned_cart.success :: email: ango.brangus1@gmail.com :: checkout_url: https://naturalconexion.com/checkout/?mc_cart_id=91ca77b241b97b9b48c1faec56a752dd
2022-07-15T16:29:43+00:00 NOTICE cart.member.updated :: Updated ango.brangus1@gmail.com subscriber status to subscribed and language to es
2022-07-15T16:31:02+00:00 NOTICE debug :: Order ID 21127 was pending and is now processing :: Array
(
    [new_order] => 1
    [tracking] => Array
        (
            [campaign_id] => 
            [landing_site] => https://naturalconexion.com/wp-content/plugins/woocommerce-payu-latam/confirmation.php
        )

)

2022-07-15T16:33:27+00:00 NOTICE order.member.updated :: Updated ango.brangus1@gmail.com subscriber status to subscribed and language to es
2022-07-15T16:33:27+00:00 NOTICE order_submit.success :: addStoreOrder :: #21127 :: email: ango.brangus1@gmail.com :: landing site https://naturalconexion.com/product/shampoo-de-coco-y-almendras/?utm_source=Campa%c3%b1as+Doppler&utm_medium=email&utm_campaign=Newsletter+%7c+14+Julio&dplrid=616E676F2E6272616E6775733140676D61696C2E636F6D :: abandoned cart deleted [91ca77b241b97b9b48c1faec56a752dd]
2022-07-15T16:40:04+00:00 NOTICE action_scheduler.queue_job :: MailChimp_WooCommerce_Cart_Update queued :: obj_id 43a4f6b473fb54acb32d6a5d8a949e42
2022-07-15T16:40:06+00:00 NOTICE abandoned_cart.success :: email: triana61@hotmail.com :: checkout_url: https://naturalconexion.com/checkout/?mc_cart_id=43a4f6b473fb54acb32d6a5d8a949e42
2022-07-15T16:40:06+00:00 NOTICE cart.member.updated :: Updated triana61@hotmail.com subscriber status to subscribed and language to es
2022-07-15T16:41:56+00:00 NOTICE action_scheduler.queue_job :: MailChimp_WooCommerce_Single_Order starts in 90 seconds :: obj_id 21128
2022-07-15T16:44:23+00:00 NOTICE debug :: Order ID 21128 was pending and is now processing :: Array
(
    [new_order] => 1
    [tracking] => Array
        (
            [campaign_id] => 
            [landing_site] => https://naturalconexion.com/wp-content/plugins/woocommerce-payu-latam/confirmation.php
        )

)

2022-07-15T16:46:04+00:00 NOTICE order.member.updated :: Updated triana61@hotmail.com subscriber status to subscribed and language to es
2022-07-15T16:46:04+00:00 NOTICE order_submit.success :: addStoreOrder :: #21128 :: email: triana61@hotmail.com :: landing site https://naturalconexion.com/ :: abandoned cart deleted [43a4f6b473fb54acb32d6a5d8a949e42]
2022-07-15T17:23:01+00:00 NOTICE action_scheduler.queue_job :: MailChimp_WooCommerce_Single_Order starts in 90 seconds :: obj_id 21129
2022-07-15T17:25:32+00:00 NOTICE order_submit :: #21129 has a financial status of pending and was skipped.
2022-07-15T18:37:35+00:00 NOTICE action_scheduler.queue_job :: MailChimp_WooCommerce_Single_Order starts in 90 seconds :: obj_id 21129
2022-07-15T18:37:38+00:00 NOTICE debug :: Order ID 21129 was pending and is now processing :: Array
(
    [new_order] => 1
    [tracking] => Array
        (
            [campaign_id] => 
            [landing_site] => https://naturalconexion.com/wp-content/plugins/woocommerce-payu-latam/confirmation.php
        )

)

2022-07-15T18:39:24+00:00 NOTICE order.member.updated :: Updated amcs77@yahoo.es subscriber status to subscribed and language to 
2022-07-15T18:39:24+00:00 NOTICE order_submit.success :: addStoreOrder :: #21129 :: email: amcs77@yahoo.es :: landing site https://naturalconexion.com/wp-content/plugins/woocommerce-payu-latam/confirmation.php
2022-07-15T18:55:21+00:00 NOTICE action_scheduler.queue_job :: MailChimp_WooCommerce_Single_Order starts in 90 seconds :: obj_id 21126
2022-07-15T18:55:24+00:00 NOTICE debug :: Order ID 21126 was pending and is now processing :: Array
(
    [new_order] => 1
    [tracking] => Array
        (
            [campaign_id] => 
            [landing_site] => https://naturalconexion.com/wp-content/plugins/woocommerce-payu-latam/confirmation.php
        )

)

2022-07-15T18:57:21+00:00 NOTICE order.member.updated :: Updated carolinavegaahumada@gmail.com subscriber status to transactional and language to 
2022-07-15T18:57:21+00:00 NOTICE order_submit.success :: addStoreOrder :: #21126 :: email: carolinavegaahumada@gmail.com :: landing site https://naturalconexion.com/wp-content/plugins/woocommerce-payu-latam/confirmation.php :: abandoned cart deleted [61044e05009471f4da66d20b6fc71960]
2022-07-15T19:44:11+00:00 NOTICE action_scheduler.queue_job :: MailChimp_WooCommerce_Cart_Update queued :: obj_id 6e99a59a5aa7560e841ef9e676d26aa9
2022-07-15T19:44:14+00:00 NOTICE abandoned_cart.success :: email: isabelhurtado16@gmail.com :: checkout_url: https://naturalconexion.com/checkout/?mc_cart_id=6e99a59a5aa7560e841ef9e676d26aa9
2022-07-15T19:44:14+00:00 NOTICE cart.member.updated :: Updated isabelhurtado16@gmail.com subscriber status to subscribed and language to es
2022-07-15T19:45:04+00:00 NOTICE action_scheduler.queue_job :: MailChimp_WooCommerce_Single_Order starts in 90 seconds :: obj_id 21130
2022-07-15T19:47:06+00:00 NOTICE order_submit :: #21130 has a financial status of pending and was skipped.
2022-07-15T19:47:24+00:00 NOTICE action_scheduler.queue_job :: MailChimp_WooCommerce_Single_Order starts in 90 seconds :: obj_id 21130
2022-07-15T19:47:26+00:00 NOTICE debug :: Order ID 21130 was pending and is now processing :: Array
(
    [new_order] => 1
    [tracking] => Array
        (
            [campaign_id] => 
            [landing_site] => https://naturalconexion.com/wp-content/plugins/woocommerce-payu-latam/confirmation.php
        )

)

2022-07-15T19:49:09+00:00 NOTICE order.member.updated :: Updated ISABELHURTADO16@GMAIL.COM subscriber status to subscribed and language to 
2022-07-15T19:49:09+00:00 NOTICE order_submit.success :: addStoreOrder :: #21130 :: email: ISABELHURTADO16@GMAIL.COM :: landing site https://naturalconexion.com/wp-content/plugins/woocommerce-payu-latam/confirmation.php :: abandoned cart deleted [6e99a59a5aa7560e841ef9e676d26aa9]
2022-07-15T20:32:49+00:00 NOTICE action_scheduler.queue_job :: MailChimp_WooCommerce_Cart_Update queued :: obj_id ff6206058d9e739307b32ffe240c3323
2022-07-15T20:33:47+00:00 NOTICE abandoned_cart.success :: email: marce.0726@hotmail.com :: checkout_url: https://naturalconexion.com/checkout/?mc_cart_id=ff6206058d9e739307b32ffe240c3323
2022-07-15T20:33:47+00:00 NOTICE cart.member.updated :: Updated marce.0726@hotmail.com subscriber status to subscribed and language to es
