2023-06-14T00:00:58+00:00 NOTICE action_scheduler.queue_job :: MailChimp_WooCommerce_Cart_Update queued :: obj_id b05a0f17f304ae8494707df3142ec386
2023-06-14T00:02:13+00:00 NOTICE abandoned_cart.success :: email: edna_pink1993@hotmail.es :: checkout_url: https://naturalconexion.com/checkout/?mc_cart_id=b05a0f17f304ae8494707df3142ec386
2023-06-14T00:03:02+00:00 NOTICE action_scheduler.queue_job :: MailChimp_WooCommerce_Single_Order starts in 90 seconds :: obj_id 24730
2023-06-14T00:03:05+00:00 NOTICE debug :: Order ID 24730 was pending and is now processing :: Array
(
    [new_order] => 1
    [tracking] => Array
        (
            [campaign_id] => 
            [landing_site] => https://naturalconexion.com/
        )

)

2023-06-14T00:06:08+00:00 NOTICE order.member.updated :: Updated edna_pink1993@hotmail.es subscriber status to subscribed and language to es
2023-06-14T00:06:08+00:00 NOTICE order_submit.success :: addStoreOrder :: #24730 :: email: edna_pink1993@hotmail.es :: landing site https://naturalconexion.com/ :: abandoned cart deleted [b05a0f17f304ae8494707df3142ec386]
2023-06-14T02:41:03+00:00 NOTICE action_scheduler.queue_job :: MailChimp_WooCommerce_Single_Order starts in 90 seconds :: obj_id 24729
2023-06-14T02:41:04+00:00 NOTICE debug :: Order ID 24729 was processing and is now cancelled :: Array
(
    [new_order] => 
    [tracking] => 
)

2023-06-14T02:42:37+00:00 NOTICE order.member.updated :: Updated edna_pink1993@hotmail.es subscriber status to subscribed and language to 
2023-06-14T02:42:37+00:00 NOTICE order_submit.success :: updateStoreOrder :: #24729 :: email: edna_pink1993@hotmail.es
2023-06-14T12:37:01+00:00 NOTICE action_scheduler.queue_job :: MailChimp_WooCommerce_Single_Order starts in 90 seconds :: obj_id 24731
2023-06-14T12:40:16+00:00 NOTICE order_submit :: #24731 has a financial status of pending and was skipped.
2023-06-14T13:04:54+00:00 NOTICE action_scheduler.queue_job :: MailChimp_WooCommerce_Cart_Update queued :: obj_id 58e3989e4dc2c9c110e6cda2841fcdf9
2023-06-14T13:04:56+00:00 NOTICE abandoned_cart.success :: email: sponkyty@gmail.com :: checkout_url: https://naturalconexion.com/checkout/?mc_cart_id=58e3989e4dc2c9c110e6cda2841fcdf9
2023-06-14T13:04:57+00:00 NOTICE cart.member.updated :: Updated sponkyty@gmail.com subscriber status to subscribed and language to es
2023-06-14T13:48:05+00:00 NOTICE action_scheduler.queue_job :: MailChimp_WooCommerce_Single_Order starts in 90 seconds :: obj_id 24728
2023-06-14T13:48:06+00:00 NOTICE debug :: Order ID 24728 was processing and is now completed :: Array
(
    [new_order] => 
    [tracking] => 
)

2023-06-14T13:48:07+00:00 NOTICE action_scheduler.queue_job :: MailChimp_WooCommerce_Single_Order starts in 90 seconds :: obj_id 24730
2023-06-14T13:48:08+00:00 NOTICE debug :: Order ID 24730 was processing and is now completed :: Array
(
    [new_order] => 
    [tracking] => 
)

2023-06-14T13:49:59+00:00 NOTICE order.member.updated :: Updated tatogrizales.1002@gmail.com subscriber status to subscribed and language to 
2023-06-14T13:49:59+00:00 NOTICE order_submit.success :: updateStoreOrder :: #24728 :: email: tatogrizales.1002@gmail.com
2023-06-14T13:50:02+00:00 NOTICE order.member.updated :: Updated edna_pink1993@hotmail.es subscriber status to subscribed and language to 
2023-06-14T13:50:02+00:00 NOTICE order_submit.success :: updateStoreOrder :: #24730 :: email: edna_pink1993@hotmail.es
2023-06-14T14:16:53+00:00 NOTICE action_scheduler.queue_job :: MailChimp_WooCommerce_Single_Order starts in 90 seconds :: obj_id 24731
2023-06-14T14:16:53+00:00 NOTICE debug :: Order ID 24731 was pending and is now cancelled :: Array
(
    [new_order] => 
    [tracking] => 
)

2023-06-14T14:18:54+00:00 NOTICE order_submit :: #24731 has a financial status of cancelled and was skipped.
2023-06-14T19:30:12+00:00 NOTICE action_scheduler.queue_job :: MailChimp_WooCommerce_Cart_Update queued :: obj_id e8967ccf8f29395949fad144559fb6f1
2023-06-14T19:30:52+00:00 NOTICE abandoned_cart.success :: email: raskolnicov14@gmail.com :: checkout_url: https://naturalconexion.com/checkout/?mc_cart_id=e8967ccf8f29395949fad144559fb6f1
2023-06-14T19:30:53+00:00 NOTICE cart.member.updated :: Updated raskolnicov14@gmail.com subscriber status to subscribed and language to es
2023-06-14T19:32:23+00:00 NOTICE action_scheduler.queue_job :: MailChimp_WooCommerce_Single_Order starts in 90 seconds :: obj_id 24733
2023-06-14T19:34:01+00:00 NOTICE debug :: Order ID 24733 was pending and is now processing :: Array
(
    [new_order] => 1
    [tracking] => Array
        (
            [campaign_id] => 
            [landing_site] => https://naturalconexion.com/?wc-api=wc_addi_gateway
        )

)

2023-06-14T19:35:54+00:00 NOTICE order.member.updated :: Updated raskolnicov14@gmail.com subscriber status to subscribed and language to es
2023-06-14T19:35:54+00:00 NOTICE order_submit.success :: addStoreOrder :: #24733 :: email: raskolnicov14@gmail.com :: landing site https://naturalconexion.com/tienda/?gclid=CjwKCAjwyqWkBhBMEiwAp2yUFjR45Ub9gG8GH4GlEFuScA8pVXqk2skAFQCHrq1baOdhgsobHMcfvRoCKfkQAvD_BwE :: abandoned cart deleted [e8967ccf8f29395949fad144559fb6f1]
2023-06-14T20:25:36+00:00 NOTICE action_scheduler.queue_job :: MailChimp_WooCommerce_Cart_Update queued :: obj_id 3ff67996fa2066f5c68eb743ac607896
2023-06-14T20:25:54+00:00 NOTICE abandoned_cart.success :: email: tejidosalpaka@gmail.com :: checkout_url: https://naturalconexion.com/checkout/?mc_cart_id=3ff67996fa2066f5c68eb743ac607896
2023-06-14T20:25:54+00:00 NOTICE cart.member.updated :: Updated tejidosalpaka@gmail.com subscriber status to transactional and language to es
2023-06-14T20:27:04+00:00 NOTICE action_scheduler.queue_job :: MailChimp_WooCommerce_Single_Order starts in 90 seconds :: obj_id 24734
2023-06-14T20:28:54+00:00 NOTICE order_submit :: #24734 has a financial status of pending and was skipped.
2023-06-14T20:31:06+00:00 NOTICE action_scheduler.queue_job :: MailChimp_WooCommerce_Single_Order starts in 90 seconds :: obj_id 24734
2023-06-14T20:31:08+00:00 NOTICE debug :: Order ID 24734 was pending and is now processing :: Array
(
    [new_order] => 1
    [tracking] => Array
        (
            [campaign_id] => 
            [landing_site] => https://naturalconexion.com/wc-api/siscredito_confirmation?transactionId=648a22ae9897460001dbfc31&orderId=24734
        )

)

2023-06-14T20:32:57+00:00 NOTICE order.member.updated :: Updated TEJIDOSALPAKA@GMAIL.COM subscriber status to subscribed and language to 
2023-06-14T20:32:57+00:00 NOTICE order_submit.success :: addStoreOrder :: #24734 :: email: TEJIDOSALPAKA@GMAIL.COM :: landing site https://naturalconexion.com/wc-api/siscredito_confirmation?transactionId=648a22ae9897460001dbfc31&orderId=24734 :: abandoned cart deleted [3ff67996fa2066f5c68eb743ac607896]
2023-06-14T20:39:52+00:00 NOTICE action_scheduler.queue_job :: MailChimp_WooCommerce_Cart_Update queued :: obj_id 79717488f8897bc8271aa93a771577b4
2023-06-14T20:39:52+00:00 NOTICE abandoned_cart.success :: email: njortegaa@gmail.com :: checkout_url: https://naturalconexion.com/checkout/?mc_cart_id=79717488f8897bc8271aa93a771577b4
2023-06-14T20:39:53+00:00 NOTICE cart.member.updated :: Updated njortegaa@gmail.com subscriber status to subscribed and language to es
2023-06-14T20:40:36+00:00 NOTICE action_scheduler.queue_job :: MailChimp_WooCommerce_Cart_Update queued :: obj_id 79717488f8897bc8271aa93a771577b4
2023-06-14T20:41:22+00:00 NOTICE abandoned_cart.success :: email: njortegaa@gmail.com :: checkout_url: https://naturalconexion.com/checkout/?mc_cart_id=79717488f8897bc8271aa93a771577b4
2023-06-14T20:41:32+00:00 NOTICE action_scheduler.queue_job :: MailChimp_WooCommerce_Cart_Update queued :: obj_id 79717488f8897bc8271aa93a771577b4
2023-06-14T20:41:50+00:00 NOTICE abandoned_cart.success :: email: njortegaa@gmail.com :: checkout_url: https://naturalconexion.com/checkout/?mc_cart_id=79717488f8897bc8271aa93a771577b4
2023-06-14T20:42:30+00:00 NOTICE action_scheduler.queue_job :: MailChimp_WooCommerce_Cart_Update queued :: obj_id 79717488f8897bc8271aa93a771577b4
2023-06-14T20:42:51+00:00 NOTICE abandoned_cart.success :: email: njortegaa@gmail.com :: checkout_url: https://naturalconexion.com/checkout/?mc_cart_id=79717488f8897bc8271aa93a771577b4
2023-06-14T20:43:06+00:00 NOTICE action_scheduler.queue_job :: MailChimp_WooCommerce_Cart_Update queued :: obj_id 79717488f8897bc8271aa93a771577b4
2023-06-14T20:43:37+00:00 NOTICE abandoned_cart.success :: email: njortegaa@gmail.com :: checkout_url: https://naturalconexion.com/checkout/?mc_cart_id=79717488f8897bc8271aa93a771577b4
2023-06-14T20:45:28+00:00 NOTICE action_scheduler.queue_job :: MailChimp_WooCommerce_Cart_Update queued :: obj_id 79717488f8897bc8271aa93a771577b4
2023-06-14T20:45:49+00:00 NOTICE abandoned_cart.success :: email: njortegaa@gmail.com :: checkout_url: https://naturalconexion.com/checkout/?mc_cart_id=79717488f8897bc8271aa93a771577b4
2023-06-14T20:47:11+00:00 NOTICE action_scheduler.queue_job :: MailChimp_WooCommerce_Single_Order starts in 90 seconds :: obj_id 24736
2023-06-14T20:48:48+00:00 NOTICE order_submit :: #24736 has a financial status of pending and was skipped.
2023-06-14T21:30:58+00:00 NOTICE action_scheduler.queue_job :: MailChimp_WooCommerce_Cart_Update queued :: obj_id 7d744cdca1ce8b9277f1a1dd5bed28d7
2023-06-14T21:31:18+00:00 NOTICE abandoned_cart.success :: email: tatywii44@gmail.com :: checkout_url: https://naturalconexion.com/checkout/?mc_cart_id=7d744cdca1ce8b9277f1a1dd5bed28d7
2023-06-14T21:31:19+00:00 NOTICE cart.member.updated :: Updated tatywii44@gmail.com subscriber status to subscribed and language to es
2023-06-14T22:19:43+00:00 NOTICE action_scheduler.queue_job :: MailChimp_WooCommerce_Single_Order starts in 90 seconds :: obj_id 24736
2023-06-14T22:19:44+00:00 NOTICE debug :: Order ID 24736 was pending and is now cancelled :: Array
(
    [new_order] => 
    [tracking] => 
)

2023-06-14T22:22:06+00:00 NOTICE order_submit :: #24736 has a financial status of cancelled and was skipped.
2023-06-14T22:30:17+00:00 NOTICE action_scheduler.queue_job :: MailChimp_WooCommerce_Cart_Update queued :: obj_id e5aa5eac921291a4bb4472911de3ad10
2023-06-14T22:30:56+00:00 NOTICE abandoned_cart.success :: email: karyguerrero29@gmail.com :: checkout_url: https://naturalconexion.com/checkout/?mc_cart_id=e5aa5eac921291a4bb4472911de3ad10
2023-06-14T22:30:56+00:00 NOTICE cart.member.updated :: Updated karyguerrero29@gmail.com subscriber status to transactional and language to es
2023-06-14T22:32:43+00:00 NOTICE action_scheduler.queue_job :: MailChimp_WooCommerce_Single_Order starts in 90 seconds :: obj_id 24737
2023-06-14T22:34:06+00:00 NOTICE action_scheduler.queue_job :: MailChimp_WooCommerce_Cart_Update queued :: obj_id e5aa5eac921291a4bb4472911de3ad10
2023-06-14T22:34:53+00:00 NOTICE order_submit :: #24737 has a financial status of pending and was skipped.
2023-06-14T22:34:54+00:00 NOTICE abandoned_cart.success :: email: karyguerrero29@gmail.com :: checkout_url: https://naturalconexion.com/checkout/?mc_cart_id=e5aa5eac921291a4bb4472911de3ad10
2023-06-14T22:35:08+00:00 NOTICE action_scheduler.queue_job :: MailChimp_WooCommerce_Cart_Update queued :: obj_id e5aa5eac921291a4bb4472911de3ad10
2023-06-14T22:36:08+00:00 NOTICE abandoned_cart.success :: email: karyguerrero29@gmail.com :: checkout_url: https://naturalconexion.com/checkout/?mc_cart_id=e5aa5eac921291a4bb4472911de3ad10
2023-06-14T22:36:42+00:00 NOTICE action_scheduler.queue_job :: MailChimp_WooCommerce_Single_Order starts in 90 seconds :: obj_id 24738
2023-06-14T22:38:57+00:00 NOTICE order_submit :: #24738 has a financial status of pending and was skipped.
2023-06-14T22:41:49+00:00 NOTICE action_scheduler.queue_job :: MailChimp_WooCommerce_Cart_Update queued :: obj_id e5aa5eac921291a4bb4472911de3ad10
2023-06-14T22:41:50+00:00 NOTICE abandoned_cart.success :: email: karyguerrero29@gmail.com :: checkout_url: https://naturalconexion.com/checkout/?mc_cart_id=e5aa5eac921291a4bb4472911de3ad10
2023-06-14T22:41:55+00:00 NOTICE action_scheduler.queue_job :: MailChimp_WooCommerce_Cart_Update queued :: obj_id e5aa5eac921291a4bb4472911de3ad10
2023-06-14T22:42:32+00:00 NOTICE abandoned_cart.success :: email: karyguerrero29@gmail.com :: checkout_url: https://naturalconexion.com/checkout/?mc_cart_id=e5aa5eac921291a4bb4472911de3ad10
2023-06-14T22:42:36+00:00 NOTICE action_scheduler.queue_job :: MailChimp_WooCommerce_Cart_Update queued :: obj_id e5aa5eac921291a4bb4472911de3ad10
2023-06-14T22:42:39+00:00 NOTICE abandoned_cart.success :: email: karyguerrero29@gmail.com :: checkout_url: https://naturalconexion.com/checkout/?mc_cart_id=e5aa5eac921291a4bb4472911de3ad10
2023-06-14T22:43:40+00:00 NOTICE action_scheduler.queue_job :: MailChimp_WooCommerce_Cart_Update queued :: obj_id e5aa5eac921291a4bb4472911de3ad10
2023-06-14T22:43:41+00:00 NOTICE abandoned_cart.success :: email: karyguerrero29@gmail.com :: checkout_url: https://naturalconexion.com/checkout/?mc_cart_id=e5aa5eac921291a4bb4472911de3ad10
2023-06-14T22:43:52+00:00 NOTICE action_scheduler.queue_job :: MailChimp_WooCommerce_Single_Order starts in 90 seconds :: obj_id 24739
2023-06-14T22:46:05+00:00 NOTICE order_submit :: #24739 has a financial status of pending and was skipped.
2023-06-14T23:18:26+00:00 NOTICE action_scheduler.queue_job :: MailChimp_WooCommerce_Cart_Update queued :: obj_id 2df9bf0d42e3f48e09b06f0eb939463c
2023-06-14T23:19:22+00:00 NOTICE abandoned_cart.success :: email: aselos28@gmail.com :: checkout_url: https://naturalconexion.com/checkout/?mc_cart_id=2df9bf0d42e3f48e09b06f0eb939463c
2023-06-14T23:19:23+00:00 NOTICE cart.member.updated :: Updated aselos28@gmail.com subscriber status to subscribed and language to es
2023-06-14T23:19:33+00:00 NOTICE action_scheduler.queue_job :: MailChimp_WooCommerce_Single_Order starts in 90 seconds :: obj_id 24740
2023-06-14T23:19:36+00:00 NOTICE debug :: Order ID 24740 was pending and is now processing :: Array
(
    [new_order] => 1
    [tracking] => Array
        (
            [campaign_id] => 
            [landing_site] => https://naturalconexion.com/product/kit-limpieza-piel-grasa/?utm_source=uac&utm_medium=email&utm_campaign=uac_email_Ntral_COL_EMK2023JunPielGrasa1_1_140623&utm_content=img&utm_term=Ntral_COL_EMK2023JunPielGrasa1_1
        )

)

2023-06-14T23:21:30+00:00 NOTICE order.member.updated :: Updated aselos28@gmail.com subscriber status to subscribed and language to es
2023-06-14T23:21:30+00:00 NOTICE order_submit.success :: addStoreOrder :: #24740 :: email: aselos28@gmail.com :: landing site https://naturalconexion.com/product/kit-limpieza-piel-grasa/?utm_source=uac&utm_medium=email&utm_campaign=uac_email_Ntral_COL_EMK2023JunPielGrasa1_1_140623&utm_content=img&utm_term=Ntral_COL_EMK2023JunPielGrasa1_1 :: abandoned cart deleted [2df9bf0d42e3f48e09b06f0eb939463c]
2023-06-14T23:24:36+00:00 NOTICE action_scheduler.queue_job :: MailChimp_WooCommerce_Cart_Update queued :: obj_id e5aa5eac921291a4bb4472911de3ad10
2023-06-14T23:24:53+00:00 NOTICE abandoned_cart.success :: email: karyguerrero29@gmail.com :: checkout_url: https://naturalconexion.com/checkout/?mc_cart_id=e5aa5eac921291a4bb4472911de3ad10
2023-06-14T23:25:34+00:00 NOTICE action_scheduler.queue_job :: MailChimp_WooCommerce_Cart_Update queued :: obj_id e5aa5eac921291a4bb4472911de3ad10
2023-06-14T23:25:49+00:00 NOTICE abandoned_cart.success :: email: karyguerrero29@gmail.com :: checkout_url: https://naturalconexion.com/checkout/?mc_cart_id=e5aa5eac921291a4bb4472911de3ad10
2023-06-14T23:26:25+00:00 NOTICE action_scheduler.queue_job :: MailChimp_WooCommerce_Cart_Update queued :: obj_id e5aa5eac921291a4bb4472911de3ad10
2023-06-14T23:26:50+00:00 NOTICE abandoned_cart.success :: email: karyguerrero29@gmail.com :: checkout_url: https://naturalconexion.com/checkout/?mc_cart_id=e5aa5eac921291a4bb4472911de3ad10
2023-06-14T23:26:54+00:00 NOTICE action_scheduler.queue_job :: MailChimp_WooCommerce_Single_Order starts in 90 seconds :: obj_id 24741
2023-06-14T23:28:55+00:00 NOTICE order_submit :: #24741 has a financial status of pending and was skipped.
2023-06-14T23:48:42+00:00 NOTICE action_scheduler.queue_job :: MailChimp_WooCommerce_Cart_Update queued :: obj_id d84c2fb7df4609f4cb25db59264a6cc2
2023-06-14T23:49:04+00:00 NOTICE abandoned_cart.success :: email: julianarestrepo22@gmail.com :: checkout_url: https://naturalconexion.com/checkout/?mc_cart_id=d84c2fb7df4609f4cb25db59264a6cc2
2023-06-14T23:49:04+00:00 NOTICE cart.member.updated :: Updated julianarestrepo22@gmail.com subscriber status to transactional and language to es
2023-06-14T23:49:06+00:00 NOTICE action_scheduler.queue_job :: MailChimp_WooCommerce_Single_Order starts in 90 seconds :: obj_id 24742
2023-06-14T23:50:44+00:00 NOTICE order_submit :: #24742 has a financial status of pending and was skipped.
