2022-02-04T01:07:04+00:00 NOTICE action_scheduler.queue_job :: MailChimp_WooCommerce_Single_Order starts in 90 seconds :: obj_id 18575
2022-02-04T01:09:17+00:00 NOTICE order_sumbit :: #18575 has a financial status of pending and was skipped.
2022-02-04T01:11:23+00:00 NOTICE action_scheduler.queue_job :: MailChimp_WooCommerce_Single_Order starts in 90 seconds :: obj_id 18575
2022-02-04T01:11:25+00:00 NOTICE debug :: Order ID 18575 was pending and is now processing :: Array
(
    [new_order] => 1
    [tracking] => Array
        (
            [campaign_id] => 
            [landing_site] => https://naturalconexion.com/wp-admin/admin-ajax.php
        )

)

2022-02-04T01:13:50+00:00 NOTICE order.member.updated :: Updated davidfnieto8080@gmail.com subscriber status to subscribed and language to 
2022-02-04T01:13:50+00:00 NOTICE order_submit.success :: addStoreOrder :: #18575 :: email: davidfnieto8080@gmail.com :: landing site https://naturalconexion.com/wp-admin/admin-ajax.php
2022-02-04T01:40:51+00:00 NOTICE action_scheduler.queue_job :: MailChimp_WooCommerce_Cart_Update queued :: obj_id a905a526a4966559694bf856e6cc862f
2022-02-04T01:40:51+00:00 NOTICE action_scheduler.queue_job :: MailChimp_WooCommerce_Single_Order starts in 90 seconds :: obj_id 18576
2022-02-04T01:40:53+00:00 NOTICE abandoned_cart.success :: email: madyarelis80@live.com :: checkout_url: https://naturalconexion.com/checkout/?mc_cart_id=a905a526a4966559694bf856e6cc862f
2022-02-04T01:40:53+00:00 NOTICE cart.member.updated :: Updated madyarelis80@live.com subscriber status to subscribed and language to es
2022-02-04T01:43:03+00:00 NOTICE order_sumbit :: #18576 has a financial status of pending and was skipped.
2022-02-04T01:43:33+00:00 NOTICE action_scheduler.queue_job :: MailChimp_WooCommerce_Single_Order starts in 90 seconds :: obj_id 18576
2022-02-04T01:43:35+00:00 NOTICE debug :: Order ID 18576 was pending and is now processing :: Array
(
    [new_order] => 1
    [tracking] => Array
        (
            [campaign_id] => 
            [landing_site] => https://naturalconexion.com/product/gel-pronto-alivio/
        )

)

2022-02-04T01:45:34+00:00 NOTICE order.member.updated :: Updated madyarelis80@live.com subscriber status to subscribed and language to 
2022-02-04T01:45:34+00:00 NOTICE order_submit.success :: addStoreOrder :: #18576 :: email: madyarelis80@live.com :: landing site https://naturalconexion.com/product/gel-pronto-alivio/ :: abandoned cart deleted [a905a526a4966559694bf856e6cc862f]
2022-02-04T06:14:19+00:00 NOTICE action_scheduler.queue_job :: MailChimp_WooCommerce_Single_Order starts in 90 seconds :: obj_id 18577
2022-02-04T06:16:22+00:00 NOTICE order_sumbit :: #18577 has a financial status of pending and was skipped.
2022-02-04T06:16:49+00:00 NOTICE action_scheduler.queue_job :: MailChimp_WooCommerce_Cart_Update queued :: obj_id 0043b11d100cff2a568ca63127ae86fc
2022-02-04T06:17:22+00:00 NOTICE abandoned_cart.success :: email: carolinaherrera717@hotmail.com :: checkout_url: https://naturalconexion.com/checkout/?mc_cart_id=0043b11d100cff2a568ca63127ae86fc
2022-02-04T06:17:23+00:00 NOTICE cart.member.updated :: Updated carolinaherrera717@hotmail.com subscriber status to transactional and language to es
2022-02-04T06:21:00+00:00 NOTICE action_scheduler.queue_job :: MailChimp_WooCommerce_Single_Order starts in 90 seconds :: obj_id 18578
2022-02-04T06:22:44+00:00 NOTICE order_sumbit :: #18578 has a financial status of pending and was skipped.
2022-02-04T06:30:16+00:00 NOTICE action_scheduler.queue_job :: MailChimp_WooCommerce_Cart_Update queued :: obj_id 0043b11d100cff2a568ca63127ae86fc
2022-02-04T06:30:23+00:00 NOTICE abandoned_cart.success :: email: carolinaherrera717@hotmail.com :: checkout_url: https://naturalconexion.com/checkout/?mc_cart_id=0043b11d100cff2a568ca63127ae86fc
2022-02-04T06:32:52+00:00 NOTICE action_scheduler.queue_job :: MailChimp_WooCommerce_Single_Order starts in 90 seconds :: obj_id 18579
2022-02-04T06:35:31+00:00 NOTICE order_sumbit :: #18579 has a financial status of pending and was skipped.
2022-02-04T06:39:19+00:00 NOTICE action_scheduler.queue_job :: MailChimp_WooCommerce_Single_Order starts in 90 seconds :: obj_id 18578
2022-02-04T06:39:20+00:00 NOTICE debug :: Order ID 18578 was pending and is now failed :: Array
(
    [new_order] => 
    [tracking] => 
)

2022-02-04T06:39:38+00:00 NOTICE action_scheduler.queue_job :: MailChimp_WooCommerce_Single_Order starts in 90 seconds :: obj_id 18579
2022-02-04T06:39:39+00:00 NOTICE debug :: Order ID 18579 was pending and is now failed :: Array
(
    [new_order] => 
    [tracking] => 
)

2022-02-04T06:41:15+00:00 NOTICE system.debug :: order 18578 is in failed status, and is being skipped for now.
2022-02-04T06:41:16+00:00 NOTICE system.debug :: order 18579 is in failed status, and is being skipped for now.
2022-02-04T06:54:16+00:00 NOTICE action_scheduler.queue_job :: MailChimp_WooCommerce_Cart_Update queued :: obj_id 243f1b921f4e8e965292f5182dc54ded
2022-02-04T06:54:31+00:00 NOTICE abandoned_cart.success :: email: salazarardilaedycatalina@gmail.com :: checkout_url: https://naturalconexion.com/checkout/?mc_cart_id=243f1b921f4e8e965292f5182dc54ded
2022-02-04T06:54:32+00:00 NOTICE cart.member.updated :: Updated salazarardilaedycatalina@gmail.com subscriber status to transactional and language to es
2022-02-04T06:55:05+00:00 NOTICE action_scheduler.queue_job :: MailChimp_WooCommerce_Single_Order starts in 90 seconds :: obj_id 18580
2022-02-04T06:56:36+00:00 NOTICE order_sumbit :: #18580 has a financial status of pending and was skipped.
2022-02-04T06:58:04+00:00 NOTICE action_scheduler.queue_job :: MailChimp_WooCommerce_Single_Order starts in 90 seconds :: obj_id 18580
2022-02-04T06:58:05+00:00 NOTICE debug :: Order ID 18580 was pending and is now failed :: Array
(
    [new_order] => 
    [tracking] => 
)

2022-02-04T07:00:27+00:00 NOTICE system.debug :: order 18580 is in failed status, and is being skipped for now.
2022-02-04T07:39:55+00:00 NOTICE action_scheduler.queue_job :: MailChimp_WooCommerce_Single_Order starts in 90 seconds :: obj_id 18577
2022-02-04T07:39:55+00:00 NOTICE debug :: Order ID 18577 was pending and is now cancelled :: Array
(
    [new_order] => 
    [tracking] => 
)

2022-02-04T07:42:03+00:00 NOTICE order_sumbit :: #18577 has a financial status of cancelled and was skipped.
2022-02-04T11:55:53+00:00 NOTICE action_scheduler.queue_job :: MailChimp_WooCommerce_Cart_Update queued :: obj_id 0043b11d100cff2a568ca63127ae86fc
2022-02-04T11:56:20+00:00 NOTICE abandoned_cart.success :: email: carolinaherrera717@hotmail.com :: checkout_url: https://naturalconexion.com/checkout/?mc_cart_id=0043b11d100cff2a568ca63127ae86fc
2022-02-04T11:56:22+00:00 NOTICE cart.member.updated :: Updated carolinaherrera717@hotmail.com subscriber status to transactional and language to es
2022-02-04T11:56:38+00:00 NOTICE action_scheduler.queue_job :: MailChimp_WooCommerce_Single_Order starts in 90 seconds :: obj_id 18587
2022-02-04T11:56:44+00:00 NOTICE action_scheduler.queue_job :: MailChimp_WooCommerce_Cart_Update queued :: obj_id b8ff79582b467ba1f42527821ff4c325
2022-02-04T11:57:20+00:00 NOTICE abandoned_cart.success :: email: kenyfernandezz@gmail.com :: checkout_url: https://naturalconexion.com/checkout/?mc_cart_id=b8ff79582b467ba1f42527821ff4c325
2022-02-04T11:57:22+00:00 NOTICE cart.member.updated :: Updated kenyfernandezz@gmail.com subscriber status to subscribed and language to es
2022-02-04T11:58:21+00:00 NOTICE order_sumbit :: #18587 has a financial status of pending and was skipped.
2022-02-04T11:59:51+00:00 NOTICE action_scheduler.queue_job :: MailChimp_WooCommerce_Single_Order starts in 90 seconds :: obj_id 18587
2022-02-04T11:59:55+00:00 NOTICE debug :: Order ID 18587 was pending and is now processing :: Array
(
    [new_order] => 1
    [tracking] => Array
        (
            [campaign_id] => 
            [landing_site] => https://naturalconexion.com/wp-admin/admin-ajax.php
        )

)

2022-02-04T12:01:38+00:00 NOTICE order.member.updated :: Updated carolinaherrera717@hotmail.com subscriber status to subscribed and language to 
2022-02-04T12:01:38+00:00 NOTICE order_submit.success :: addStoreOrder :: #18587 :: email: carolinaherrera717@hotmail.com :: landing site https://naturalconexion.com/wp-admin/admin-ajax.php :: abandoned cart deleted [0043b11d100cff2a568ca63127ae86fc]
2022-02-04T12:12:18+00:00 NOTICE action_scheduler.queue_job :: MailChimp_WooCommerce_Cart_Update queued :: obj_id b8ff79582b467ba1f42527821ff4c325
2022-02-04T12:12:42+00:00 NOTICE abandoned_cart.success :: email: kenyfernandezz@gmail.com :: checkout_url: https://naturalconexion.com/checkout/?mc_cart_id=b8ff79582b467ba1f42527821ff4c325
2022-02-04T12:16:38+00:00 NOTICE action_scheduler.queue_job :: MailChimp_WooCommerce_Cart_Update queued :: obj_id b8ff79582b467ba1f42527821ff4c325
2022-02-04T12:17:22+00:00 NOTICE abandoned_cart.success :: email: kenyfernandezz@gmail.com :: checkout_url: https://naturalconexion.com/checkout/?mc_cart_id=b8ff79582b467ba1f42527821ff4c325
2022-02-04T12:20:24+00:00 NOTICE action_scheduler.queue_job :: MailChimp_WooCommerce_Cart_Update queued :: obj_id b8ff79582b467ba1f42527821ff4c325
2022-02-04T12:21:00+00:00 NOTICE abandoned_cart.success :: email: kenyfernandezz@gmail.com :: checkout_url: https://naturalconexion.com/checkout/?mc_cart_id=b8ff79582b467ba1f42527821ff4c325
2022-02-04T12:21:51+00:00 NOTICE action_scheduler.queue_job :: MailChimp_WooCommerce_Cart_Update queued :: obj_id b8ff79582b467ba1f42527821ff4c325
2022-02-04T12:22:06+00:00 NOTICE abandoned_cart.success :: email: kenyfernandezz@gmail.com :: checkout_url: https://naturalconexion.com/checkout/?mc_cart_id=b8ff79582b467ba1f42527821ff4c325
2022-02-04T15:06:25+00:00 NOTICE action_scheduler.queue_job :: MailChimp_WooCommerce_Cart_Update queued :: obj_id c82010c17f5884b7bfa37bfbe2ae907c
2022-02-04T15:06:47+00:00 NOTICE abandoned_cart.success :: email: laurafontecha11@gmail.com :: checkout_url: https://naturalconexion.com/checkout/?mc_cart_id=c82010c17f5884b7bfa37bfbe2ae907c
2022-02-04T15:06:47+00:00 NOTICE cart.member.updated :: Updated laurafontecha11@gmail.com subscriber status to transactional and language to es
2022-02-04T15:08:11+00:00 NOTICE action_scheduler.queue_job :: MailChimp_WooCommerce_Cart_Update queued :: obj_id c82010c17f5884b7bfa37bfbe2ae907c
2022-02-04T15:08:32+00:00 NOTICE abandoned_cart.success :: email: laurafontecha11@gmail.com :: checkout_url: https://naturalconexion.com/checkout/?mc_cart_id=c82010c17f5884b7bfa37bfbe2ae907c
2022-02-04T15:09:39+00:00 NOTICE action_scheduler.queue_job :: MailChimp_WooCommerce_Cart_Update queued :: obj_id c82010c17f5884b7bfa37bfbe2ae907c
2022-02-04T15:09:48+00:00 NOTICE abandoned_cart.success :: email: laurafontecha11@gmail.com :: checkout_url: https://naturalconexion.com/checkout/?mc_cart_id=c82010c17f5884b7bfa37bfbe2ae907c
2022-02-04T15:11:28+00:00 NOTICE action_scheduler.queue_job :: MailChimp_WooCommerce_Cart_Update queued :: obj_id c82010c17f5884b7bfa37bfbe2ae907c
2022-02-04T15:11:45+00:00 NOTICE abandoned_cart.success :: email: laurafontecha11@gmail.com :: checkout_url: https://naturalconexion.com/checkout/?mc_cart_id=c82010c17f5884b7bfa37bfbe2ae907c
2022-02-04T15:11:58+00:00 NOTICE action_scheduler.queue_job :: MailChimp_WooCommerce_Cart_Update queued :: obj_id c82010c17f5884b7bfa37bfbe2ae907c
2022-02-04T15:12:45+00:00 NOTICE abandoned_cart.success :: email: laurafontecha11@gmail.com :: checkout_url: https://naturalconexion.com/checkout/?mc_cart_id=c82010c17f5884b7bfa37bfbe2ae907c
2022-02-04T15:14:00+00:00 NOTICE action_scheduler.queue_job :: MailChimp_WooCommerce_Single_Order starts in 90 seconds :: obj_id 18593
2022-02-04T15:15:56+00:00 NOTICE order_sumbit :: #18593 has a financial status of pending and was skipped.
2022-02-04T15:17:29+00:00 NOTICE action_scheduler.queue_job :: MailChimp_WooCommerce_Single_Order starts in 90 seconds :: obj_id 18593
2022-02-04T15:17:32+00:00 NOTICE debug :: Order ID 18593 was pending and is now processing :: Array
(
    [new_order] => 1
    [tracking] => Array
        (
            [campaign_id] => 
            [landing_site] => https://naturalconexion.com/wp-admin/admin-ajax.php
        )

)

2022-02-04T15:19:13+00:00 NOTICE order.member.updated :: Updated laurafontecha11@gmail.com subscriber status to transactional and language to 
2022-02-04T15:19:13+00:00 NOTICE order_submit.success :: addStoreOrder :: #18593 :: email: laurafontecha11@gmail.com :: landing site https://naturalconexion.com/wp-admin/admin-ajax.php :: abandoned cart deleted [c82010c17f5884b7bfa37bfbe2ae907c]
2022-02-04T15:20:30+00:00 NOTICE action_scheduler.queue_job :: MailChimp_WooCommerce_Single_Order starts in 90 seconds :: obj_id 18570
2022-02-04T15:20:31+00:00 NOTICE debug :: Order ID 18570 was processing and is now completed :: Array
(
    [new_order] => 
    [tracking] => 
)

2022-02-04T15:20:31+00:00 NOTICE action_scheduler.queue_job :: MailChimp_WooCommerce_Single_Order starts in 90 seconds :: obj_id 18571
2022-02-04T15:20:32+00:00 NOTICE debug :: Order ID 18571 was processing and is now completed :: Array
(
    [new_order] => 
    [tracking] => 
)

2022-02-04T15:20:32+00:00 NOTICE action_scheduler.queue_job :: MailChimp_WooCommerce_Single_Order starts in 90 seconds :: obj_id 18572
2022-02-04T15:20:34+00:00 NOTICE debug :: Order ID 18572 was processing and is now completed :: Array
(
    [new_order] => 
    [tracking] => 
)

2022-02-04T15:20:34+00:00 NOTICE action_scheduler.queue_job :: MailChimp_WooCommerce_Single_Order starts in 90 seconds :: obj_id 18573
2022-02-04T15:20:35+00:00 NOTICE debug :: Order ID 18573 was processing and is now completed :: Array
(
    [new_order] => 
    [tracking] => 
)

2022-02-04T15:20:35+00:00 NOTICE action_scheduler.queue_job :: MailChimp_WooCommerce_Single_Order starts in 90 seconds :: obj_id 18574
2022-02-04T15:20:36+00:00 NOTICE debug :: Order ID 18574 was processing and is now completed :: Array
(
    [new_order] => 
    [tracking] => 
)

2022-02-04T15:20:36+00:00 NOTICE action_scheduler.queue_job :: MailChimp_WooCommerce_Single_Order starts in 90 seconds :: obj_id 18575
2022-02-04T15:20:37+00:00 NOTICE debug :: Order ID 18575 was processing and is now completed :: Array
(
    [new_order] => 
    [tracking] => 
)

2022-02-04T15:20:37+00:00 NOTICE action_scheduler.queue_job :: MailChimp_WooCommerce_Single_Order starts in 90 seconds :: obj_id 18576
2022-02-04T15:20:38+00:00 NOTICE debug :: Order ID 18576 was processing and is now completed :: Array
(
    [new_order] => 
    [tracking] => 
)

2022-02-04T15:20:38+00:00 NOTICE action_scheduler.queue_job :: MailChimp_WooCommerce_Single_Order starts in 90 seconds :: obj_id 18587
2022-02-04T15:20:39+00:00 NOTICE debug :: Order ID 18587 was processing and is now completed :: Array
(
    [new_order] => 
    [tracking] => 
)

2022-02-04T15:22:53+00:00 NOTICE order.member.updated :: Updated Doneyipajaro@gmail.com subscriber status to transactional and language to 
2022-02-04T15:22:53+00:00 NOTICE order_submit.success :: updateStoreOrder :: #18570 :: email: Doneyipajaro@gmail.com
2022-02-04T15:22:57+00:00 NOTICE order.member.updated :: Updated lisdery2602@hotmail.com subscriber status to subscribed and language to 
2022-02-04T15:22:57+00:00 NOTICE order_submit.success :: updateStoreOrder :: #18571 :: email: lisdery2602@hotmail.com
2022-02-04T15:23:02+00:00 NOTICE order.member.updated :: Updated yurt_09@outlook.com subscriber status to subscribed and language to 
2022-02-04T15:23:02+00:00 NOTICE order_submit.success :: updateStoreOrder :: #18572 :: email: yurt_09@outlook.com
2022-02-04T15:23:07+00:00 NOTICE order.member.updated :: Updated kerllygutierrez@outlook.com subscriber status to transactional and language to 
2022-02-04T15:23:07+00:00 NOTICE order_submit.success :: updateStoreOrder :: #18573 :: email: kerllygutierrez@outlook.com
2022-02-04T15:24:01+00:00 NOTICE order.member.updated :: Updated camilamariaosorio@gmail.com subscriber status to transactional and language to 
2022-02-04T15:24:01+00:00 NOTICE order_submit.success :: updateStoreOrder :: #18574 :: email: camilamariaosorio@gmail.com
2022-02-04T15:24:04+00:00 NOTICE order.member.updated :: Updated davidfnieto8080@gmail.com subscriber status to subscribed and language to 
2022-02-04T15:24:04+00:00 NOTICE order_submit.success :: updateStoreOrder :: #18575 :: email: davidfnieto8080@gmail.com
2022-02-04T15:24:08+00:00 NOTICE order.member.updated :: Updated madyarelis80@live.com subscriber status to subscribed and language to 
2022-02-04T15:24:08+00:00 NOTICE order_submit.success :: updateStoreOrder :: #18576 :: email: madyarelis80@live.com
2022-02-04T15:24:10+00:00 NOTICE order.member.updated :: Updated carolinaherrera717@hotmail.com subscriber status to subscribed and language to 
2022-02-04T15:24:10+00:00 NOTICE order_submit.success :: updateStoreOrder :: #18587 :: email: carolinaherrera717@hotmail.com
2022-02-04T15:26:13+00:00 NOTICE action_scheduler.queue_job :: MailChimp_WooCommerce_Cart_Update queued :: obj_id c960f72787e8ce97a30cd2addb0d9022
2022-02-04T15:26:28+00:00 NOTICE abandoned_cart.success :: email: pruebacamilo@gmai.com :: checkout_url: https://naturalconexion.com/checkout/?mc_cart_id=c960f72787e8ce97a30cd2addb0d9022
2022-02-04T15:26:29+00:00 NOTICE cart.member.updated :: Updated pruebacamilo@gmai.com subscriber status to transactional and language to es
2022-02-04T15:27:15+00:00 NOTICE action_scheduler.queue_job :: MailChimp_WooCommerce_Cart_Update queued :: obj_id c960f72787e8ce97a30cd2addb0d9022
2022-02-04T15:27:19+00:00 NOTICE action_scheduler.queue_job :: MailChimp_WooCommerce_Single_Order starts in 90 seconds :: obj_id 18594
2022-02-04T15:27:29+00:00 NOTICE abandoned_cart.success :: email: pruebacamilo@gmai.com :: checkout_url: https://naturalconexion.com/checkout/?mc_cart_id=c960f72787e8ce97a30cd2addb0d9022
2022-02-04T15:29:45+00:00 NOTICE order_sumbit :: #18594 has a financial status of pending and was skipped.
2022-02-04T15:46:23+00:00 NOTICE action_scheduler.queue_job :: MailChimp_WooCommerce_Single_Order starts in 90 seconds :: obj_id 18554
2022-02-04T15:46:25+00:00 NOTICE debug :: Order ID 18554 was processing and is now completed :: Array
(
    [new_order] => 
    [tracking] => 
)

2022-02-04T15:46:25+00:00 NOTICE action_scheduler.queue_job :: MailChimp_WooCommerce_Single_Order starts in 90 seconds :: obj_id 18557
2022-02-04T15:46:25+00:00 NOTICE debug :: Order ID 18557 was processing and is now completed :: Array
(
    [new_order] => 
    [tracking] => 
)

2022-02-04T15:46:26+00:00 NOTICE action_scheduler.queue_job :: MailChimp_WooCommerce_Single_Order starts in 90 seconds :: obj_id 18559
2022-02-04T15:46:27+00:00 NOTICE debug :: Order ID 18559 was processing and is now completed :: Array
(
    [new_order] => 
    [tracking] => 
)

2022-02-04T15:46:27+00:00 NOTICE action_scheduler.queue_job :: MailChimp_WooCommerce_Single_Order starts in 90 seconds :: obj_id 18561
2022-02-04T15:46:28+00:00 NOTICE debug :: Order ID 18561 was processing and is now completed :: Array
(
    [new_order] => 
    [tracking] => 
)

2022-02-04T15:46:28+00:00 NOTICE action_scheduler.queue_job :: MailChimp_WooCommerce_Single_Order starts in 90 seconds :: obj_id 18562
2022-02-04T15:46:29+00:00 NOTICE debug :: Order ID 18562 was processing and is now completed :: Array
(
    [new_order] => 
    [tracking] => 
)

2022-02-04T15:46:29+00:00 NOTICE action_scheduler.queue_job :: MailChimp_WooCommerce_Single_Order starts in 90 seconds :: obj_id 18565
2022-02-04T15:46:31+00:00 NOTICE debug :: Order ID 18565 was processing and is now completed :: Array
(
    [new_order] => 
    [tracking] => 
)

2022-02-04T15:46:31+00:00 NOTICE action_scheduler.queue_job :: MailChimp_WooCommerce_Single_Order starts in 90 seconds :: obj_id 18566
2022-02-04T15:46:32+00:00 NOTICE debug :: Order ID 18566 was processing and is now completed :: Array
(
    [new_order] => 
    [tracking] => 
)

2022-02-04T15:48:14+00:00 NOTICE order.member.updated :: Updated andresj1795@gmail.com subscriber status to transactional and language to 
2022-02-04T15:48:14+00:00 NOTICE order_submit.success :: updateStoreOrder :: #18554 :: email: andresj1795@gmail.com
2022-02-04T15:48:17+00:00 NOTICE order.member.updated :: Updated normahtru@gmail.com subscriber status to subscribed and language to 
2022-02-04T15:48:17+00:00 NOTICE order_submit.success :: updateStoreOrder :: #18557 :: email: normahtru@gmail.com
2022-02-04T15:48:19+00:00 NOTICE order.member.updated :: Updated leidylili19@hotmail.com subscriber status to transactional and language to 
2022-02-04T15:48:19+00:00 NOTICE order_submit.success :: updateStoreOrder :: #18559 :: email: leidylili19@hotmail.com
2022-02-04T15:48:23+00:00 NOTICE order.member.updated :: Updated sophie1717@gmail.com subscriber status to subscribed and language to 
2022-02-04T15:48:23+00:00 NOTICE order_submit.success :: updateStoreOrder :: #18561 :: email: sophie1717@gmail.com
2022-02-04T15:48:25+00:00 NOTICE order.member.updated :: Updated ejgb30@gmail.com subscriber status to transactional and language to 
2022-02-04T15:48:25+00:00 NOTICE order_submit.success :: updateStoreOrder :: #18562 :: email: ejgb30@gmail.com
2022-02-04T15:48:30+00:00 NOTICE order.member.updated :: Updated tarrieta28@hotmail.com subscriber status to subscribed and language to 
2022-02-04T15:48:30+00:00 NOTICE order_submit.success :: updateStoreOrder :: #18565 :: email: tarrieta28@hotmail.com
2022-02-04T15:48:39+00:00 NOTICE order.member.updated :: Updated isabelhurtado16@gmail.com subscriber status to subscribed and language to 
2022-02-04T15:48:39+00:00 NOTICE order_submit.success :: updateStoreOrder :: #18566 :: email: isabelhurtado16@gmail.com
2022-02-04T15:58:37+00:00 NOTICE action_scheduler.queue_job :: MailChimp_WooCommerce_Cart_Update queued :: obj_id c960f72787e8ce97a30cd2addb0d9022
2022-02-04T15:58:49+00:00 NOTICE abandoned_cart.success :: email: pruebacamilo@gmai.com :: checkout_url: https://naturalconexion.com/checkout/?mc_cart_id=c960f72787e8ce97a30cd2addb0d9022
2022-02-04T15:59:03+00:00 NOTICE action_scheduler.queue_job :: MailChimp_WooCommerce_Cart_Update queued :: obj_id c960f72787e8ce97a30cd2addb0d9022
2022-02-04T15:59:10+00:00 NOTICE action_scheduler.queue_job :: MailChimp_WooCommerce_Single_Order starts in 90 seconds :: obj_id 18595
2022-02-04T15:59:40+00:00 NOTICE abandoned_cart.success :: email: pruebacamilo@gmai.com :: checkout_url: https://naturalconexion.com/checkout/?mc_cart_id=c960f72787e8ce97a30cd2addb0d9022
2022-02-04T16:00:50+00:00 NOTICE order_sumbit :: #18595 has a financial status of pending and was skipped.
2022-02-04T16:01:19+00:00 NOTICE debug :: Order ID 18568 was processing and is now completed :: Array
(
    [new_order] => 
    [tracking] => 
)

2022-02-04T16:01:20+00:00 NOTICE action_scheduler.queue_job :: MailChimp_WooCommerce_Single_Order starts in 90 seconds :: obj_id 18568
2022-02-04T16:04:01+00:00 NOTICE order.member.updated :: Updated julianamunera@outlook.com subscriber status to subscribed and language to 
2022-02-04T16:04:01+00:00 NOTICE order_submit.success :: updateStoreOrder :: #18568 :: email: julianamunera@outlook.com
2022-02-04T16:15:46+00:00 NOTICE action_scheduler.queue_job :: MailChimp_WooCommerce_Single_Order starts in 90 seconds :: obj_id 18595
2022-02-04T16:15:48+00:00 NOTICE debug :: Order ID 18595 was pending and is now failed :: Array
(
    [new_order] => 
    [tracking] => 
)

2022-02-04T16:18:07+00:00 NOTICE system.debug :: order 18595 is in failed status, and is being skipped for now.
2022-02-04T16:25:04+00:00 NOTICE action_scheduler.queue_job :: MailChimp_WooCommerce_Cart_Update queued :: obj_id acdc639495ad49ad1f92cde259412d0c
2022-02-04T16:25:19+00:00 NOTICE action_scheduler.queue_job :: MailChimp_WooCommerce_Single_Order starts in 90 seconds :: obj_id 18596
2022-02-04T16:25:21+00:00 NOTICE abandoned_cart.success :: email: karlampv@outlook.com :: checkout_url: https://naturalconexion.com/checkout/?mc_cart_id=acdc639495ad49ad1f92cde259412d0c
2022-02-04T16:25:22+00:00 NOTICE cart.member.updated :: Updated karlampv@outlook.com subscriber status to subscribed and language to es
2022-02-04T16:26:52+00:00 NOTICE order_sumbit :: #18596 has a financial status of pending and was skipped.
2022-02-04T16:27:12+00:00 NOTICE action_scheduler.queue_job :: MailChimp_WooCommerce_Single_Order starts in 90 seconds :: obj_id 18596
2022-02-04T16:27:14+00:00 NOTICE debug :: Order ID 18596 was pending and is now processing :: Array
(
    [new_order] => 1
    [tracking] => Array
        (
            [campaign_id] => 
            [landing_site] => https://naturalconexion.com/wp-admin/admin-ajax.php
        )

)

2022-02-04T16:28:47+00:00 NOTICE order.member.updated :: Updated karlampv@outlook.com subscriber status to subscribed and language to 
2022-02-04T16:28:47+00:00 NOTICE order_submit.success :: addStoreOrder :: #18596 :: email: karlampv@outlook.com :: landing site https://naturalconexion.com/wp-admin/admin-ajax.php :: abandoned cart deleted [acdc639495ad49ad1f92cde259412d0c]
2022-02-04T16:45:11+00:00 NOTICE action_scheduler.queue_job :: MailChimp_WooCommerce_Single_Order starts in 90 seconds :: obj_id 18594
2022-02-04T16:45:12+00:00 NOTICE debug :: Order ID 18594 was pending and is now cancelled :: Array
(
    [new_order] => 
    [tracking] => 
)

2022-02-04T16:46:56+00:00 NOTICE order_sumbit :: #18594 has a financial status of cancelled and was skipped.
2022-02-04T16:55:44+00:00 NOTICE action_scheduler.queue_job :: MailChimp_WooCommerce_Single_Order starts in 90 seconds :: obj_id 18597
2022-02-04T16:57:23+00:00 NOTICE order_sumbit :: #18597 has a financial status of pending and was skipped.
2022-02-04T16:57:27+00:00 NOTICE action_scheduler.queue_job :: MailChimp_WooCommerce_Single_Order starts in 90 seconds :: obj_id 18597
2022-02-04T16:57:32+00:00 NOTICE debug :: Order ID 18597 was pending and is now processing :: Array
(
    [new_order] => 1
    [tracking] => Array
        (
            [campaign_id] => 
            [landing_site] => https://naturalconexion.com/wp-admin/admin-ajax.php
        )

)

2022-02-04T16:59:42+00:00 NOTICE order.member.updated :: Updated njgutierrez1015@gmail.com subscriber status to subscribed and language to 
2022-02-04T16:59:42+00:00 NOTICE order_submit.success :: addStoreOrder :: #18597 :: email: njgutierrez1015@gmail.com :: landing site https://naturalconexion.com/wp-admin/admin-ajax.php
2022-02-04T17:33:06+00:00 NOTICE action_scheduler.queue_job :: MailChimp_WooCommerce_Cart_Update queued :: obj_id 1446e8c07d47b6111d5356a1c1867799
2022-02-04T17:33:44+00:00 NOTICE abandoned_cart.success :: email: belne2@icloud.com :: checkout_url: https://naturalconexion.com/checkout/?mc_cart_id=1446e8c07d47b6111d5356a1c1867799
2022-02-04T17:33:45+00:00 NOTICE cart.member.updated :: Updated belne2@icloud.com subscriber status to transactional and language to es
2022-02-04T18:11:35+00:00 NOTICE product.deleted :: deleted product 18067
2022-02-04T18:13:07+00:00 NOTICE product.deleted :: deleted product 17213
2022-02-04T18:14:21+00:00 NOTICE action_scheduler.queue_job :: MailChimp_WooCommerce_Single_Product starts in 5 seconds :: obj_id 13104
2022-02-04T18:14:41+00:00 NOTICE product_submit.success :: updateStoreProduct :: #13104
2022-02-04T18:15:27+00:00 NOTICE action_scheduler.queue_job :: MailChimp_WooCommerce_Single_Product starts in 5 seconds :: obj_id 12596
2022-02-04T18:15:39+00:00 NOTICE product_submit.success :: updateStoreProduct :: #12596
2022-02-04T18:22:13+00:00 NOTICE action_scheduler.queue_job :: MailChimp_WooCommerce_Single_Product starts in 5 seconds :: obj_id 12596
2022-02-04T18:22:36+00:00 NOTICE product_submit.success :: updateStoreProduct :: #12596
2022-02-04T19:47:30+00:00 NOTICE action_scheduler.queue_job :: MailChimp_WooCommerce_Cart_Update queued :: obj_id d13b2407cda9bbe6ddb56ac3b939b67e
2022-02-04T19:47:54+00:00 NOTICE abandoned_cart.success :: email: monigalvis1@gmail.com :: checkout_url: https://naturalconexion.com/checkout/?mc_cart_id=d13b2407cda9bbe6ddb56ac3b939b67e
2022-02-04T19:47:55+00:00 NOTICE cart.member.updated :: Updated monigalvis1@gmail.com subscriber status to transactional and language to es
2022-02-04T19:49:59+00:00 NOTICE action_scheduler.queue_job :: MailChimp_WooCommerce_Single_Product starts in 5 seconds :: obj_id 11825
2022-02-04T19:50:13+00:00 NOTICE product_submit.success :: updateStoreProduct :: #11825
2022-02-04T19:52:11+00:00 NOTICE action_scheduler.queue_job :: MailChimp_WooCommerce_Single_Product starts in 5 seconds :: obj_id 11825
2022-02-04T19:52:33+00:00 NOTICE product_submit.success :: updateStoreProduct :: #11825
2022-02-04T22:58:13+00:00 NOTICE action_scheduler.queue_job :: MailChimp_WooCommerce_Cart_Update queued :: obj_id c7d85dddacfebf300374d2e1a7ff7506
2022-02-04T22:58:51+00:00 NOTICE abandoned_cart.success :: email: lucysindy301@gmail.com :: checkout_url: https://naturalconexion.com/checkout/?mc_cart_id=c7d85dddacfebf300374d2e1a7ff7506
2022-02-04T22:58:52+00:00 NOTICE cart.member.updated :: Updated lucysindy301@gmail.com subscriber status to subscribed and language to es
2022-02-04T22:59:43+00:00 NOTICE action_scheduler.queue_job :: MailChimp_WooCommerce_Single_Order starts in 90 seconds :: obj_id 18599
2022-02-04T23:01:37+00:00 NOTICE order_sumbit :: #18599 has a financial status of pending and was skipped.
2022-02-04T23:02:39+00:00 NOTICE action_scheduler.queue_job :: MailChimp_WooCommerce_Single_Order starts in 90 seconds :: obj_id 18599
2022-02-04T23:02:42+00:00 NOTICE debug :: Order ID 18599 was pending and is now processing :: Array
(
    [new_order] => 1
    [tracking] => Array
        (
            [campaign_id] => 
            [landing_site] => https://naturalconexion.com/wp-admin/admin-ajax.php
        )

)

2022-02-04T23:05:08+00:00 NOTICE order.member.updated :: Updated lucysindy301@gmail.com subscriber status to subscribed and language to 
2022-02-04T23:05:08+00:00 NOTICE order_submit.success :: addStoreOrder :: #18599 :: email: lucysindy301@gmail.com :: landing site https://naturalconexion.com/wp-admin/admin-ajax.php :: abandoned cart deleted [c7d85dddacfebf300374d2e1a7ff7506]
