2023-04-25T01:01:37+00:00 NOTICE action_scheduler.queue_job :: MailChimp_WooCommerce_Cart_Update queued :: obj_id b5a99da33ee5ecef6ee8f7f992576043
2023-04-25T01:02:07+00:00 NOTICE abandoned_cart.success :: email: mrc3306@gmail.com :: checkout_url: https://naturalconexion.com/checkout/?mc_cart_id=b5a99da33ee5ecef6ee8f7f992576043
2023-04-25T01:02:07+00:00 NOTICE cart.member.updated :: Updated mrc3306@gmail.com subscriber status to pending and language to es
2023-04-25T01:02:11+00:00 NOTICE action_scheduler.queue_job :: MailChimp_WooCommerce_Single_Order starts in 90 seconds :: obj_id 24093
2023-04-25T01:04:02+00:00 NOTICE debug :: Order ID 24093 was pending and is now processing :: Array
(
    [new_order] => 1
    [tracking] => Array
        (
            [campaign_id] => 
            [landing_site] => https://naturalconexion.com/wp-content/plugins/woocommerce-payu-latam/confirmation.php
        )

)

2023-04-25T01:05:45+00:00 NOTICE order.member.updated :: Updated mrc3306@gmail.com subscriber status to pending and language to es
2023-04-25T01:05:45+00:00 NOTICE order_submit.success :: addStoreOrder :: #24093 :: email: mrc3306@gmail.com :: landing site https://naturalconexion.com/tienda/?utm_source=Campa%c3%b1as+Doppler&utm_medium=email&utm_campaign=Remarketing+V2&dplrid=6D72633333303640676D61696C2E636F6D :: abandoned cart deleted [b5a99da33ee5ecef6ee8f7f992576043]
2023-04-25T01:19:42+00:00 NOTICE action_scheduler.queue_job :: MailChimp_WooCommerce_Cart_Update queued :: obj_id 7b6a9ed0b4c42b74d7626d7fcee00fe8
2023-04-25T01:20:46+00:00 NOTICE abandoned_cart.success :: email: carolinadiaz.gutierrez@gmail.com :: checkout_url: https://naturalconexion.com/checkout/?mc_cart_id=7b6a9ed0b4c42b74d7626d7fcee00fe8
2023-04-25T01:20:46+00:00 NOTICE cart.member.updated :: Updated carolinadiaz.gutierrez@gmail.com subscriber status to transactional and language to es
2023-04-25T01:21:28+00:00 NOTICE action_scheduler.queue_job :: MailChimp_WooCommerce_Single_Order starts in 90 seconds :: obj_id 24094
2023-04-25T01:23:25+00:00 NOTICE debug :: Order ID 24094 was pending and is now processing :: Array
(
    [new_order] => 1
    [tracking] => Array
        (
            [campaign_id] => 
            [landing_site] => https://naturalconexion.com/wp-content/plugins/woocommerce-payu-latam/confirmation.php
        )

)

2023-04-25T01:25:35+00:00 NOTICE order.member.updated :: Updated Carolinadiaz.gutierrez@gmail.com subscriber status to transactional and language to es
2023-04-25T01:25:35+00:00 NOTICE order_submit.success :: addStoreOrder :: #24094 :: email: Carolinadiaz.gutierrez@gmail.com :: landing site https://naturalconexion.com/product/desodorante-dama/?utm_source=IGShopping&utm_medium=Social :: abandoned cart deleted [7b6a9ed0b4c42b74d7626d7fcee00fe8]
2023-04-25T02:24:56+00:00 NOTICE action_scheduler.queue_job :: MailChimp_WooCommerce_Cart_Update queued :: obj_id 069cea83adc63397b93746421307c501
2023-04-25T02:25:27+00:00 NOTICE abandoned_cart.success :: email: amelie.deiters@gmail.com :: checkout_url: https://naturalconexion.com/checkout/?mc_cart_id=069cea83adc63397b93746421307c501
2023-04-25T02:25:27+00:00 NOTICE cart.member.updated :: Updated amelie.deiters@gmail.com subscriber status to transactional and language to es
2023-04-25T02:25:47+00:00 NOTICE action_scheduler.queue_job :: MailChimp_WooCommerce_Single_Order starts in 90 seconds :: obj_id 24095
2023-04-25T02:27:27+00:00 NOTICE order_submit :: #24095 has a financial status of pending and was skipped.
2023-04-25T02:42:23+00:00 NOTICE action_scheduler.queue_job :: MailChimp_WooCommerce_Cart_Update queued :: obj_id 069cea83adc63397b93746421307c501
2023-04-25T02:43:28+00:00 NOTICE abandoned_cart.success :: email: amelie.deiters@gmail.com :: checkout_url: https://naturalconexion.com/checkout/?mc_cart_id=069cea83adc63397b93746421307c501
2023-04-25T02:43:53+00:00 NOTICE action_scheduler.queue_job :: MailChimp_WooCommerce_Single_Order starts in 90 seconds :: obj_id 24096
2023-04-25T02:45:27+00:00 NOTICE order_submit :: #24096 has a financial status of pending and was skipped.
2023-04-25T03:53:57+00:00 NOTICE action_scheduler.queue_job :: MailChimp_WooCommerce_Single_Order starts in 90 seconds :: obj_id 24095
2023-04-25T03:53:57+00:00 NOTICE debug :: Order ID 24095 was pending and is now cancelled :: Array
(
    [new_order] => 
    [tracking] => 
)

2023-04-25T03:53:57+00:00 NOTICE action_scheduler.queue_job :: MailChimp_WooCommerce_Single_Order starts in 90 seconds :: obj_id 24096
2023-04-25T03:53:57+00:00 NOTICE debug :: Order ID 24096 was pending and is now cancelled :: Array
(
    [new_order] => 
    [tracking] => 
)

2023-04-25T03:55:38+00:00 NOTICE order_submit :: #24095 has a financial status of cancelled and was skipped.
2023-04-25T03:55:39+00:00 NOTICE order_submit :: #24096 has a financial status of cancelled and was skipped.
2023-04-25T12:21:44+00:00 NOTICE action_scheduler.queue_job :: MailChimp_WooCommerce_Single_Order starts in 90 seconds :: obj_id 24090
2023-04-25T12:21:56+00:00 NOTICE debug :: Order ID 24090 was processing and is now completed :: Array
(
    [new_order] => 
    [tracking] => 
)

2023-04-25T12:21:56+00:00 NOTICE action_scheduler.queue_job :: MailChimp_WooCommerce_Single_Order starts in 90 seconds :: obj_id 24092
2023-04-25T12:21:59+00:00 NOTICE debug :: Order ID 24092 was processing and is now completed :: Array
(
    [new_order] => 
    [tracking] => 
)

2023-04-25T12:21:59+00:00 NOTICE action_scheduler.queue_job :: MailChimp_WooCommerce_Single_Order starts in 90 seconds :: obj_id 24093
2023-04-25T12:22:03+00:00 NOTICE debug :: Order ID 24093 was processing and is now completed :: Array
(
    [new_order] => 
    [tracking] => 
)

2023-04-25T12:22:03+00:00 NOTICE action_scheduler.queue_job :: MailChimp_WooCommerce_Single_Order starts in 90 seconds :: obj_id 24094
2023-04-25T12:22:05+00:00 NOTICE debug :: Order ID 24094 was processing and is now completed :: Array
(
    [new_order] => 
    [tracking] => 
)

2023-04-25T12:23:38+00:00 NOTICE order.member.updated :: Updated lopezn6@hotmail.com subscriber status to transactional and language to 
2023-04-25T12:23:38+00:00 NOTICE order_submit.success :: updateStoreOrder :: #24090 :: email: lopezn6@hotmail.com
2023-04-25T12:23:40+00:00 NOTICE order.member.updated :: Updated catalina.hoyos.vasquez@outlook.com subscriber status to subscribed and language to 
2023-04-25T12:23:40+00:00 NOTICE order_submit.success :: updateStoreOrder :: #24092 :: email: catalina.hoyos.vasquez@outlook.com
2023-04-25T12:23:42+00:00 NOTICE order.member.updated :: Updated mrc3306@gmail.com subscriber status to pending and language to 
2023-04-25T12:23:42+00:00 NOTICE order_submit.success :: updateStoreOrder :: #24093 :: email: mrc3306@gmail.com
2023-04-25T12:23:43+00:00 NOTICE order.member.updated :: Updated Carolinadiaz.gutierrez@gmail.com subscriber status to transactional and language to 
2023-04-25T12:23:43+00:00 NOTICE order_submit.success :: updateStoreOrder :: #24094 :: email: Carolinadiaz.gutierrez@gmail.com
2023-04-25T14:28:27+00:00 NOTICE action_scheduler.queue_job :: MailChimp_WooCommerce_User_Submit queued :: obj_id 2012
2023-04-25T14:29:21+00:00 NOTICE member.sync :: Updated Member shadowjuanes@gmail.com :: Array
(
    [status] => subscribed
    [language] => 
    [merge_fields] => Array
        (
            [FNAME] => Juan Esteban
            [LNAME] => Muñoz Mejia
        )

    [gdpr_fields] => 
)

2023-04-25T14:31:17+00:00 NOTICE action_scheduler.queue_job :: MailChimp_WooCommerce_Cart_Update queued :: obj_id 71a1a0d67b54a9b6338bf3879c343b4d
2023-04-25T14:31:32+00:00 NOTICE abandoned_cart.success :: email: shadowjuanes@gmail.com :: checkout_url: https://naturalconexion.com/checkout/?mc_cart_id=71a1a0d67b54a9b6338bf3879c343b4d
2023-04-25T14:31:33+00:00 NOTICE cart.member.updated :: Updated shadowjuanes@gmail.com subscriber status to subscribed and language to es
2023-04-25T14:32:28+00:00 NOTICE action_scheduler.queue_job :: MailChimp_WooCommerce_Cart_Update queued :: obj_id 71a1a0d67b54a9b6338bf3879c343b4d
2023-04-25T14:32:44+00:00 NOTICE action_scheduler.queue_job :: MailChimp_WooCommerce_User_Submit queued :: obj_id 2012
2023-04-25T14:32:44+00:00 NOTICE action_scheduler.queue_job :: MailChimp_WooCommerce_Single_Order starts in 90 seconds :: obj_id 24097
2023-04-25T14:32:46+00:00 NOTICE abandoned_cart.success :: email: shadowjuanes@gmail.com :: checkout_url: https://naturalconexion.com/checkout/?mc_cart_id=71a1a0d67b54a9b6338bf3879c343b4d
2023-04-25T14:32:47+00:00 NOTICE member.sync :: Updated Member shadowjuanes@gmail.com :: Array
(
    [status] => subscribed
    [language] => 
    [merge_fields] => Array
        (
            [FNAME] => Juan Esteban
            [LNAME] => Muñoz Mejia
        )

    [gdpr_fields] => 
)

2023-04-25T14:35:30+00:00 NOTICE order_submit :: #24097 has a financial status of pending and was skipped.
2023-04-25T14:36:24+00:00 NOTICE action_scheduler.queue_job :: MailChimp_WooCommerce_Single_Order starts in 90 seconds :: obj_id 24097
2023-04-25T14:36:27+00:00 NOTICE debug :: Order ID 24097 was pending and is now processing :: Array
(
    [new_order] => 1
    [tracking] => Array
        (
            [campaign_id] => 
            [landing_site] => https://naturalconexion.com/wp-content/plugins/woocommerce-payu-latam/confirmation.php
        )

)

2023-04-25T14:37:58+00:00 NOTICE order.member.updated :: Updated shadowjuanes@gmail.com subscriber status to subscribed and language to 
2023-04-25T14:37:58+00:00 NOTICE order_submit.success :: addStoreOrder :: #24097 :: email: shadowjuanes@gmail.com :: landing site https://naturalconexion.com/wp-content/plugins/woocommerce-payu-latam/confirmation.php :: abandoned cart deleted [71a1a0d67b54a9b6338bf3879c343b4d]
2023-04-25T14:51:56+00:00 NOTICE action_scheduler.queue_job :: MailChimp_WooCommerce_Cart_Update queued :: obj_id 4816f9883a720cb88b881809f7125f79
2023-04-25T14:51:59+00:00 NOTICE abandoned_cart.success :: email: mariaru096@gmail.com :: checkout_url: https://naturalconexion.com/checkout/?mc_cart_id=4816f9883a720cb88b881809f7125f79
2023-04-25T14:51:59+00:00 NOTICE cart.member.updated :: Updated mariaru096@gmail.com subscriber status to subscribed and language to es
2023-04-25T14:52:15+00:00 NOTICE action_scheduler.queue_job :: MailChimp_WooCommerce_Single_Order starts in 90 seconds :: obj_id 24098
2023-04-25T14:53:55+00:00 NOTICE debug :: Order ID 24098 was pending and is now processing :: Array
(
    [new_order] => 1
    [tracking] => Array
        (
            [campaign_id] => 
            [landing_site] => https://naturalconexion.com/wp-content/plugins/woocommerce-payu-latam/confirmation.php
        )

)

2023-04-25T14:57:31+00:00 NOTICE order.member.updated :: Updated mariaru096@gmail.com subscriber status to subscribed and language to es
2023-04-25T14:57:31+00:00 NOTICE order_submit.success :: addStoreOrder :: #24098 :: email: mariaru096@gmail.com :: landing site https://naturalconexion.com/?gclid=CjwKCAjw0ZiiBhBKEiwA4PT9z4ncYRNlQaSV99Qml-xH8i_767lLzcyVaiGVy6DVVdpxLfL4by3iNRoCdlAQAvD_BwE :: abandoned cart deleted [4816f9883a720cb88b881809f7125f79]
2023-04-25T15:13:56+00:00 NOTICE action_scheduler.queue_job :: MailChimp_WooCommerce_Cart_Update queued :: obj_id d5fde079ba3dd1b11cdb5b26045b27d9
2023-04-25T15:14:19+00:00 NOTICE abandoned_cart.success :: email: shipamague@gmail.com :: checkout_url: https://naturalconexion.com/checkout/?mc_cart_id=d5fde079ba3dd1b11cdb5b26045b27d9
2023-04-25T15:14:20+00:00 NOTICE cart.member.updated :: Updated shipamague@gmail.com subscriber status to subscribed and language to es
2023-04-25T15:14:44+00:00 NOTICE action_scheduler.queue_job :: MailChimp_WooCommerce_Cart_Update queued :: obj_id d5fde079ba3dd1b11cdb5b26045b27d9
2023-04-25T15:15:21+00:00 NOTICE abandoned_cart.success :: email: shipamague@gmail.com :: checkout_url: https://naturalconexion.com/checkout/?mc_cart_id=d5fde079ba3dd1b11cdb5b26045b27d9
2023-04-25T15:16:31+00:00 NOTICE action_scheduler.queue_job :: MailChimp_WooCommerce_Cart_Update queued :: obj_id 087968ec3e29ff4f304b7d7541160a0f
2023-04-25T15:16:33+00:00 NOTICE abandoned_cart.success :: email: dianitapatino@gmail.com :: checkout_url: https://naturalconexion.com/checkout/?mc_cart_id=087968ec3e29ff4f304b7d7541160a0f
2023-04-25T15:16:33+00:00 NOTICE cart.member.updated :: Updated dianitapatino@gmail.com subscriber status to transactional and language to es
2023-04-25T15:17:39+00:00 NOTICE action_scheduler.queue_job :: MailChimp_WooCommerce_Single_Order starts in 90 seconds :: obj_id 24099
2023-04-25T15:17:47+00:00 NOTICE action_scheduler.queue_job :: MailChimp_WooCommerce_Cart_Update queued :: obj_id d5fde079ba3dd1b11cdb5b26045b27d9
2023-04-25T15:19:22+00:00 NOTICE abandoned_cart.success :: email: shipamague@gmail.com :: checkout_url: https://naturalconexion.com/checkout/?mc_cart_id=d5fde079ba3dd1b11cdb5b26045b27d9
2023-04-25T15:19:23+00:00 NOTICE order_submit :: #24099 has a financial status of pending and was skipped.
2023-04-25T15:20:51+00:00 NOTICE action_scheduler.queue_job :: MailChimp_WooCommerce_Single_Order starts in 90 seconds :: obj_id 24099
2023-04-25T15:20:55+00:00 NOTICE debug :: Order ID 24099 was pending and is now processing :: Array
(
    [new_order] => 1
    [tracking] => Array
        (
            [campaign_id] => 
            [landing_site] => https://naturalconexion.com/wp-content/plugins/woocommerce-payu-latam/confirmation.php
        )

)

2023-04-25T15:22:25+00:00 NOTICE order.member.updated :: Updated dianitapatino@gmail.com subscriber status to subscribed and language to 
2023-04-25T15:22:25+00:00 NOTICE order_submit.success :: addStoreOrder :: #24099 :: email: dianitapatino@gmail.com :: landing site https://naturalconexion.com/wp-content/plugins/woocommerce-payu-latam/confirmation.php :: abandoned cart deleted [087968ec3e29ff4f304b7d7541160a0f]
2023-04-25T15:28:19+00:00 NOTICE action_scheduler.queue_job :: MailChimp_WooCommerce_Single_Product starts in 5 seconds :: obj_id 24100
2023-04-25T15:28:35+00:00 NOTICE product_submit.success :: addStoreProduct :: #24100
2023-04-25T15:31:14+00:00 NOTICE action_scheduler.queue_job :: MailChimp_WooCommerce_Single_Product starts in 5 seconds :: obj_id 24100
2023-04-25T15:31:30+00:00 NOTICE product_submit.success :: updateStoreProduct :: #24100
2023-04-25T15:33:02+00:00 NOTICE action_scheduler.queue_job :: MailChimp_WooCommerce_Single_Product starts in 5 seconds :: obj_id 15867
2023-04-25T15:33:14+00:00 NOTICE product_submit.success :: updateStoreProduct :: #15867
2023-04-25T15:34:53+00:00 NOTICE action_scheduler.queue_job :: MailChimp_WooCommerce_Single_Product starts in 5 seconds :: obj_id 24103
2023-04-25T15:35:31+00:00 NOTICE product_submit.success :: addStoreProduct :: #24103
2023-04-25T15:38:57+00:00 NOTICE action_scheduler.queue_job :: MailChimp_WooCommerce_Single_Product starts in 5 seconds :: obj_id 24103
2023-04-25T15:39:09+00:00 NOTICE product_submit.success :: updateStoreProduct :: #24103
2023-04-25T15:39:41+00:00 NOTICE action_scheduler.queue_job :: MailChimp_WooCommerce_Single_Product starts in 5 seconds :: obj_id 24105
2023-04-25T15:40:03+00:00 NOTICE product_submit.success :: addStoreProduct :: #24105
2023-04-25T15:44:58+00:00 NOTICE action_scheduler.queue_job :: MailChimp_WooCommerce_Single_Product starts in 5 seconds :: obj_id 24105
2023-04-25T15:45:32+00:00 NOTICE product_submit.success :: updateStoreProduct :: #24105
2023-04-25T15:48:08+00:00 NOTICE action_scheduler.queue_job :: MailChimp_WooCommerce_Single_Product starts in 5 seconds :: obj_id 16039
2023-04-25T15:48:51+00:00 NOTICE product_submit.success :: updateStoreProduct :: #16039
2023-04-25T16:05:30+00:00 NOTICE action_scheduler.queue_job :: MailChimp_WooCommerce_Single_Product starts in 5 seconds :: obj_id 24105
2023-04-25T16:05:36+00:00 NOTICE product_submit.success :: updateStoreProduct :: #24105
2023-04-25T16:11:08+00:00 NOTICE action_scheduler.queue_job :: MailChimp_WooCommerce_Single_Product starts in 5 seconds :: obj_id 24100
2023-04-25T16:11:25+00:00 NOTICE product_submit.success :: updateStoreProduct :: #24100
2023-04-25T16:23:27+00:00 NOTICE action_scheduler.queue_job :: MailChimp_WooCommerce_Single_Product starts in 5 seconds :: obj_id 15867
2023-04-25T16:24:10+00:00 NOTICE product_submit.success :: updateStoreProduct :: #15867
2023-04-25T16:26:58+00:00 NOTICE action_scheduler.queue_job :: MailChimp_WooCommerce_Single_Product starts in 5 seconds :: obj_id 16039
2023-04-25T16:27:28+00:00 NOTICE product_submit.success :: updateStoreProduct :: #16039
2023-04-25T16:28:47+00:00 NOTICE action_scheduler.queue_job :: MailChimp_WooCommerce_Single_Product starts in 5 seconds :: obj_id 7606
2023-04-25T16:29:24+00:00 NOTICE action_scheduler.queue_job :: MailChimp_WooCommerce_Single_Product starts in 5 seconds :: obj_id 7513
2023-04-25T16:29:36+00:00 NOTICE product_submit.success :: updateStoreProduct :: #7606
2023-04-25T16:29:36+00:00 NOTICE product_submit.success :: updateStoreProduct :: #7513
2023-04-25T16:29:37+00:00 NOTICE action_scheduler.queue_job :: MailChimp_WooCommerce_Single_Product starts in 5 seconds :: obj_id 7514
2023-04-25T16:29:55+00:00 NOTICE action_scheduler.queue_job :: MailChimp_WooCommerce_Single_Product starts in 5 seconds :: obj_id 7515
2023-04-25T16:30:08+00:00 NOTICE action_scheduler.queue_job :: MailChimp_WooCommerce_Single_Product starts in 5 seconds :: obj_id 7516
2023-04-25T16:30:51+00:00 NOTICE product_submit.success :: updateStoreProduct :: #7514
2023-04-25T16:30:51+00:00 NOTICE product_submit.success :: updateStoreProduct :: #7515
2023-04-25T16:30:51+00:00 NOTICE product_submit.success :: updateStoreProduct :: #7516
2023-04-25T17:58:45+00:00 NOTICE action_scheduler.queue_job :: MailChimp_WooCommerce_Cart_Update queued :: obj_id f85c9c590e4ab019f057ac9a3a60d536
2023-04-25T17:58:48+00:00 NOTICE abandoned_cart.success :: email: dahiana17cruz@gmail.com :: checkout_url: https://naturalconexion.com/checkout/?mc_cart_id=f85c9c590e4ab019f057ac9a3a60d536
2023-04-25T17:58:48+00:00 NOTICE cart.member.updated :: Updated dahiana17cruz@gmail.com subscriber status to transactional and language to es
2023-04-25T18:01:16+00:00 NOTICE action_scheduler.queue_job :: MailChimp_WooCommerce_Single_Order starts in 90 seconds :: obj_id 24118
2023-04-25T18:03:02+00:00 NOTICE debug :: Order ID 24118 was pending and is now processing :: Array
(
    [new_order] => 1
    [tracking] => Array
        (
            [campaign_id] => 
            [landing_site] => https://naturalconexion.com/wp-content/plugins/woocommerce-payu-latam/confirmation.php
        )

)

2023-04-25T18:05:03+00:00 NOTICE order.member.updated :: Updated dahiana17cruz@gmail.com subscriber status to transactional and language to es
2023-04-25T18:05:03+00:00 NOTICE order_submit.success :: addStoreOrder :: #24118 :: email: dahiana17cruz@gmail.com :: landing site https://naturalconexion.com/eco-nativa/ :: abandoned cart deleted [f85c9c590e4ab019f057ac9a3a60d536]
2023-04-25T23:21:29+00:00 NOTICE action_scheduler.queue_job :: MailChimp_WooCommerce_Cart_Update queued :: obj_id 069cea83adc63397b93746421307c501
2023-04-25T23:23:22+00:00 NOTICE abandoned_cart.success :: email: amelie.deiters@gmail.com :: checkout_url: https://naturalconexion.com/checkout/?mc_cart_id=069cea83adc63397b93746421307c501
2023-04-25T23:23:22+00:00 NOTICE cart.member.updated :: Updated amelie.deiters@gmail.com subscriber status to transactional and language to es
2023-04-25T23:23:44+00:00 NOTICE action_scheduler.queue_job :: MailChimp_WooCommerce_Single_Order starts in 90 seconds :: obj_id 24119
2023-04-25T23:23:49+00:00 NOTICE debug :: Order ID 24119 was pending and is now processing :: Array
(
    [new_order] => 1
    [tracking] => Array
        (
            [campaign_id] => 
            [landing_site] => https://naturalconexion.com/
        )

)

2023-04-25T23:25:40+00:00 NOTICE order.member.updated :: Updated Amelie.Deiters@gmail.com subscriber status to subscribed and language to es
2023-04-25T23:25:40+00:00 NOTICE order_submit.success :: addStoreOrder :: #24119 :: email: Amelie.Deiters@gmail.com :: landing site https://naturalconexion.com/ :: abandoned cart deleted [069cea83adc63397b93746421307c501]
2023-04-25T23:54:42+00:00 NOTICE action_scheduler.queue_job :: MailChimp_WooCommerce_User_Submit queued :: obj_id 2467
2023-04-25T23:56:07+00:00 NOTICE member.sync :: a.l.be.r.t.h.an.s.h.in4.9@gmail.com has signed up to a lot of lists very recently; we're not allowing more signups for now
