2023-08-02T00:19:33+00:00 NOTICE action_scheduler.queue_job :: MailChimp_WooCommerce_Cart_Update queued :: obj_id afb298f4e03d0fb374c1e6b7102329d8
2023-08-02T00:20:09+00:00 NOTICE abandoned_cart.success :: email: claupavipe70@gmail.com :: checkout_url: https://naturalconexion.com/checkout/?mc_cart_id=afb298f4e03d0fb374c1e6b7102329d8
2023-08-02T00:20:09+00:00 NOTICE cart.member.updated :: Updated claupavipe70@gmail.com subscriber status to subscribed and language to es
2023-08-02T00:22:36+00:00 NOTICE action_scheduler.queue_job :: MailChimp_WooCommerce_Cart_Update queued :: obj_id afb298f4e03d0fb374c1e6b7102329d8
2023-08-02T00:23:01+00:00 NOTICE abandoned_cart.success :: email: claupavipe70@gmail.com :: checkout_url: https://naturalconexion.com/checkout/?mc_cart_id=afb298f4e03d0fb374c1e6b7102329d8
2023-08-02T00:23:02+00:00 NOTICE action_scheduler.queue_job :: MailChimp_WooCommerce_Cart_Update queued :: obj_id afb298f4e03d0fb374c1e6b7102329d8
2023-08-02T00:23:38+00:00 NOTICE abandoned_cart.success :: email: claupavipe70@gmail.com :: checkout_url: https://naturalconexion.com/checkout/?mc_cart_id=afb298f4e03d0fb374c1e6b7102329d8
2023-08-02T00:24:18+00:00 NOTICE action_scheduler.queue_job :: MailChimp_WooCommerce_Cart_Update queued :: obj_id afb298f4e03d0fb374c1e6b7102329d8
2023-08-02T00:25:48+00:00 NOTICE abandoned_cart.success :: email: claupavipe70@gmail.com :: checkout_url: https://naturalconexion.com/checkout/?mc_cart_id=afb298f4e03d0fb374c1e6b7102329d8
2023-08-02T00:27:27+00:00 NOTICE action_scheduler.queue_job :: MailChimp_WooCommerce_Cart_Update queued :: obj_id afb298f4e03d0fb374c1e6b7102329d8
2023-08-02T00:28:46+00:00 NOTICE abandoned_cart.success :: email: claupavipe70@gmail.com :: checkout_url: https://naturalconexion.com/checkout/?mc_cart_id=afb298f4e03d0fb374c1e6b7102329d8
2023-08-02T00:29:12+00:00 NOTICE action_scheduler.queue_job :: MailChimp_WooCommerce_Single_Order starts in 90 seconds :: obj_id 25305
2023-08-02T00:31:00+00:00 NOTICE order_submit :: #25305 has a financial status of pending and was skipped.
2023-08-02T00:31:02+00:00 NOTICE action_scheduler.queue_job :: MailChimp_WooCommerce_Single_Order starts in 90 seconds :: obj_id 25305
2023-08-02T00:31:05+00:00 NOTICE debug :: Order ID 25305 was pending and is now processing :: Array
(
    [new_order] => 1
    [tracking] => Array
        (
            [campaign_id] => 
            [landing_site] => https://naturalconexion.com/wc-api/siscredito_confirmation?transactionId=64c9a359b11d2e00011c39ed&orderId=25305
        )

)

2023-08-02T00:34:57+00:00 NOTICE order.member.updated :: Updated claupavipe70@gmail.com subscriber status to subscribed and language to 
2023-08-02T00:34:57+00:00 NOTICE order_submit.success :: addStoreOrder :: #25305 :: email: claupavipe70@gmail.com :: landing site https://naturalconexion.com/wc-api/siscredito_confirmation?transactionId=64c9a359b11d2e00011c39ed&orderId=25305 :: abandoned cart deleted [afb298f4e03d0fb374c1e6b7102329d8]
2023-08-02T01:30:04+00:00 NOTICE action_scheduler.queue_job :: MailChimp_WooCommerce_User_Submit queued :: obj_id 2592
2023-08-02T01:30:09+00:00 NOTICE member.sync :: Please provide a valid email address.
2023-08-02T02:58:35+00:00 NOTICE action_scheduler.queue_job :: MailChimp_WooCommerce_Cart_Update queued :: obj_id 0749a8e44a2ae7637ef965105287dff9
2023-08-02T03:00:14+00:00 NOTICE abandoned_cart.success :: email: jentaraz89@gmail.com :: checkout_url: https://naturalconexion.com/checkout/?mc_cart_id=0749a8e44a2ae7637ef965105287dff9
2023-08-02T03:00:14+00:00 NOTICE cart.member.updated :: Updated jentaraz89@gmail.com subscriber status to transactional and language to es
2023-08-02T03:00:59+00:00 NOTICE action_scheduler.queue_job :: MailChimp_WooCommerce_Single_Order starts in 90 seconds :: obj_id 25306
2023-08-02T03:03:35+00:00 NOTICE order_submit :: #25306 has a financial status of pending and was skipped.
2023-08-02T03:10:22+00:00 NOTICE action_scheduler.queue_job :: MailChimp_WooCommerce_Single_Order starts in 90 seconds :: obj_id 25306
2023-08-02T03:10:26+00:00 NOTICE debug :: Order ID 25306 was pending and is now processing :: Array
(
    [new_order] => 1
    [tracking] => Array
        (
            [campaign_id] => 
            [landing_site] => https://naturalconexion.com/wp-content/plugins/woocommerce-payu-latam/confirmation.php
        )

)

2023-08-02T03:12:28+00:00 NOTICE order.member.updated :: Updated jentaraz89@gmail.com subscriber status to transactional and language to 
2023-08-02T03:12:28+00:00 NOTICE order_submit.success :: addStoreOrder :: #25306 :: email: jentaraz89@gmail.com :: landing site https://naturalconexion.com/wp-content/plugins/woocommerce-payu-latam/confirmation.php :: abandoned cart deleted [0749a8e44a2ae7637ef965105287dff9]
2023-08-02T05:08:53+00:00 NOTICE action_scheduler.queue_job :: MailChimp_WooCommerce_Cart_Update queued :: obj_id 03f8d96fc81f091e49abdf9d86e718af
2023-08-02T05:08:54+00:00 NOTICE abandoned_cart.success :: email: yeskar1803@gmail.com :: checkout_url: https://naturalconexion.com/checkout/?mc_cart_id=03f8d96fc81f091e49abdf9d86e718af
2023-08-02T05:08:54+00:00 NOTICE cart.member.updated :: Updated yeskar1803@gmail.com subscriber status to subscribed and language to es
2023-08-02T05:10:18+00:00 NOTICE ac.cart_swap :: Deleted cart [yeskar1803@gmail.com] :: ID [03f8d96fc81f091e49abdf9d86e718af]
2023-08-02T05:10:18+00:00 NOTICE action_scheduler.queue_job :: MailChimp_WooCommerce_Cart_Update queued :: obj_id 22dac92176388029ca98868bad9dbea6
2023-08-02T05:10:20+00:00 NOTICE abandoned_cart.success :: email: camipizno3@gmail.com :: checkout_url: https://naturalconexion.com/checkout/?mc_cart_id=22dac92176388029ca98868bad9dbea6
2023-08-02T05:10:20+00:00 NOTICE cart.member.updated :: Updated camipizno3@gmail.com subscriber status to transactional and language to es
2023-08-02T05:11:08+00:00 NOTICE action_scheduler.queue_job :: MailChimp_WooCommerce_Single_Order starts in 90 seconds :: obj_id 25307
2023-08-02T05:12:42+00:00 NOTICE action_scheduler.queue_job :: MailChimp_WooCommerce_Cart_Update queued :: obj_id 22dac92176388029ca98868bad9dbea6
2023-08-02T05:12:53+00:00 NOTICE order_submit :: #25307 has a financial status of pending and was skipped.
2023-08-02T05:12:54+00:00 NOTICE abandoned_cart.success :: email: camipizno3@gmail.com :: checkout_url: https://naturalconexion.com/checkout/?mc_cart_id=22dac92176388029ca98868bad9dbea6
2023-08-02T05:13:26+00:00 NOTICE action_scheduler.queue_job :: MailChimp_WooCommerce_Single_Order starts in 90 seconds :: obj_id 25308
2023-08-02T05:13:31+00:00 NOTICE debug :: Order ID 25308 was pending and is now processing :: Array
(
    [new_order] => 1
    [tracking] => Array
        (
            [campaign_id] => 
            [landing_site] => https://naturalconexion.com/checkout/order-pay/25307/?key=wc_order_BxtYjiMwjTENq
        )

)

2023-08-02T05:15:05+00:00 NOTICE order.member.updated :: Updated camipizno3@gmail.com subscriber status to subscribed and language to es
2023-08-02T05:15:05+00:00 NOTICE order_submit.success :: addStoreOrder :: #25308 :: email: camipizno3@gmail.com :: landing site https://naturalconexion.com/checkout/order-pay/25307/?key=wc_order_BxtYjiMwjTENq :: abandoned cart deleted [22dac92176388029ca98868bad9dbea6]
2023-08-02T05:15:20+00:00 NOTICE action_scheduler.queue_job :: MailChimp_WooCommerce_Cart_Update queued :: obj_id 22dac92176388029ca98868bad9dbea6
2023-08-02T05:15:50+00:00 NOTICE action_scheduler.queue_job :: MailChimp_WooCommerce_Single_Order starts in 90 seconds :: obj_id 25309
2023-08-02T05:16:08+00:00 NOTICE abandoned_cart.success :: email: camipizno3@gmail.com :: checkout_url: https://naturalconexion.com/checkout/?mc_cart_id=22dac92176388029ca98868bad9dbea6
2023-08-02T05:19:08+00:00 NOTICE order_submit :: #25309 has a financial status of pending and was skipped.
2023-08-02T05:52:29+00:00 NOTICE action_scheduler.queue_job :: MailChimp_WooCommerce_Cart_Update queued :: obj_id 22dac92176388029ca98868bad9dbea6
2023-08-02T05:52:52+00:00 NOTICE abandoned_cart.success :: email: camipizno3@gmail.com :: checkout_url: https://naturalconexion.com/checkout/?mc_cart_id=22dac92176388029ca98868bad9dbea6
2023-08-02T05:53:18+00:00 NOTICE action_scheduler.queue_job :: MailChimp_WooCommerce_Single_Order starts in 90 seconds :: obj_id 25310
2023-08-02T05:56:31+00:00 NOTICE order_submit :: #25310 has a financial status of pending and was skipped.
2023-08-02T06:13:00+00:00 NOTICE action_scheduler.queue_job :: MailChimp_WooCommerce_Single_Order starts in 90 seconds :: obj_id 25307
2023-08-02T06:13:00+00:00 NOTICE debug :: Order ID 25307 was pending and is now cancelled :: Array
(
    [new_order] => 
    [tracking] => 
)

2023-08-02T06:15:01+00:00 NOTICE order_submit :: #25307 has a financial status of cancelled and was skipped.
2023-08-02T07:13:03+00:00 NOTICE action_scheduler.queue_job :: MailChimp_WooCommerce_Single_Order starts in 90 seconds :: obj_id 25309
2023-08-02T07:13:04+00:00 NOTICE debug :: Order ID 25309 was pending and is now cancelled :: Array
(
    [new_order] => 
    [tracking] => 
)

2023-08-02T07:13:04+00:00 NOTICE action_scheduler.queue_job :: MailChimp_WooCommerce_Single_Order starts in 90 seconds :: obj_id 25310
2023-08-02T07:13:04+00:00 NOTICE debug :: Order ID 25310 was pending and is now cancelled :: Array
(
    [new_order] => 
    [tracking] => 
)

2023-08-02T07:14:36+00:00 NOTICE order_submit :: #25309 has a financial status of cancelled and was skipped.
2023-08-02T07:14:37+00:00 NOTICE order_submit :: #25310 has a financial status of cancelled and was skipped.
2023-08-02T09:23:30+00:00 NOTICE action_scheduler.queue_job :: MailChimp_WooCommerce_Cart_Update queued :: obj_id abefd1ff15ff1e3dfd2df8ce8d8ca234
2023-08-02T09:23:32+00:00 NOTICE abandoned_cart.success :: email: ligieso@hotmail.com :: checkout_url: https://naturalconexion.com/checkout/?mc_cart_id=abefd1ff15ff1e3dfd2df8ce8d8ca234
2023-08-02T09:23:33+00:00 NOTICE cart.member.updated :: Updated ligieso@hotmail.com subscriber status to transactional and language to es
2023-08-02T09:25:06+00:00 NOTICE action_scheduler.queue_job :: MailChimp_WooCommerce_User_Submit queued :: obj_id 2593
2023-08-02T09:25:08+00:00 NOTICE action_scheduler.queue_job :: MailChimp_WooCommerce_Single_Order starts in 90 seconds :: obj_id 25311
2023-08-02T09:26:23+00:00 NOTICE member.sync :: Updated Member ligieso@hotmail.com :: Array
(
    [previous_status] => transactional
    [status] => 1
    [language] => 
    [merge_fields] => Array
        (
            [FNAME] => Liliana
            [LNAME] => Escobar solarte
        )

    [gdpr_fields] => 
)

2023-08-02T09:26:58+00:00 NOTICE order_submit :: #25311 has a financial status of pending and was skipped.
2023-08-02T09:27:06+00:00 NOTICE action_scheduler.queue_job :: MailChimp_WooCommerce_Single_Order starts in 90 seconds :: obj_id 25311
2023-08-02T09:27:13+00:00 NOTICE debug :: Order ID 25311 was pending and is now processing :: Array
(
    [new_order] => 1
    [tracking] => Array
        (
            [campaign_id] => 
            [landing_site] => https://naturalconexion.com/wp-content/plugins/woocommerce-payu-latam/confirmation.php
        )

)

2023-08-02T09:31:50+00:00 NOTICE order.member.updated :: Updated ligieso@hotmail.com subscriber status to subscribed and language to 
2023-08-02T09:31:50+00:00 NOTICE order_submit.success :: addStoreOrder :: #25311 :: email: ligieso@hotmail.com :: landing site https://naturalconexion.com/wp-content/plugins/woocommerce-payu-latam/confirmation.php :: abandoned cart deleted [abefd1ff15ff1e3dfd2df8ce8d8ca234]
2023-08-02T11:37:03+00:00 NOTICE action_scheduler.queue_job :: MailChimp_WooCommerce_User_Submit queued :: obj_id 2594
2023-08-02T11:37:07+00:00 NOTICE member.sync :: nstep.a.n.n.o.w@gmail.com has signed up to a lot of lists very recently; we're not allowing more signups for now
2023-08-02T14:51:12+00:00 NOTICE action_scheduler.queue_job :: MailChimp_WooCommerce_Single_Order starts in 90 seconds :: obj_id 25299
2023-08-02T14:51:13+00:00 NOTICE debug :: Order ID 25299 was processing and is now completed :: Array
(
    [new_order] => 
    [tracking] => 
)

2023-08-02T14:51:14+00:00 NOTICE action_scheduler.queue_job :: MailChimp_WooCommerce_Single_Order starts in 90 seconds :: obj_id 25300
2023-08-02T14:51:15+00:00 NOTICE debug :: Order ID 25300 was processing and is now completed :: Array
(
    [new_order] => 
    [tracking] => 
)

2023-08-02T14:51:15+00:00 NOTICE action_scheduler.queue_job :: MailChimp_WooCommerce_Single_Order starts in 90 seconds :: obj_id 25301
2023-08-02T14:51:16+00:00 NOTICE debug :: Order ID 25301 was processing and is now completed :: Array
(
    [new_order] => 
    [tracking] => 
)

2023-08-02T14:51:16+00:00 NOTICE action_scheduler.queue_job :: MailChimp_WooCommerce_Single_Order starts in 90 seconds :: obj_id 25302
2023-08-02T14:51:18+00:00 NOTICE debug :: Order ID 25302 was processing and is now completed :: Array
(
    [new_order] => 
    [tracking] => 
)

2023-08-02T14:51:18+00:00 NOTICE action_scheduler.queue_job :: MailChimp_WooCommerce_Single_Order starts in 90 seconds :: obj_id 25303
2023-08-02T14:51:19+00:00 NOTICE debug :: Order ID 25303 was processing and is now completed :: Array
(
    [new_order] => 
    [tracking] => 
)

2023-08-02T14:51:19+00:00 NOTICE action_scheduler.queue_job :: MailChimp_WooCommerce_Single_Order starts in 90 seconds :: obj_id 25305
2023-08-02T14:51:20+00:00 NOTICE debug :: Order ID 25305 was processing and is now completed :: Array
(
    [new_order] => 
    [tracking] => 
)

2023-08-02T14:51:20+00:00 NOTICE action_scheduler.queue_job :: MailChimp_WooCommerce_Single_Order starts in 90 seconds :: obj_id 25306
2023-08-02T14:51:21+00:00 NOTICE debug :: Order ID 25306 was processing and is now completed :: Array
(
    [new_order] => 
    [tracking] => 
)

2023-08-02T14:51:21+00:00 NOTICE action_scheduler.queue_job :: MailChimp_WooCommerce_Single_Order starts in 90 seconds :: obj_id 25308
2023-08-02T14:51:23+00:00 NOTICE debug :: Order ID 25308 was processing and is now completed :: Array
(
    [new_order] => 
    [tracking] => 
)

2023-08-02T14:51:23+00:00 NOTICE action_scheduler.queue_job :: MailChimp_WooCommerce_Single_Order starts in 90 seconds :: obj_id 25311
2023-08-02T14:51:25+00:00 NOTICE debug :: Order ID 25311 was processing and is now completed :: Array
(
    [new_order] => 
    [tracking] => 
)

2023-08-02T14:52:51+00:00 NOTICE order.member.updated :: Updated eka1984@hotmail.com subscriber status to subscribed and language to 
2023-08-02T14:52:51+00:00 NOTICE order_submit.success :: updateStoreOrder :: #25299 :: email: eka1984@hotmail.com
2023-08-02T14:52:53+00:00 NOTICE order.member.updated :: Updated marcelablandon88@gmail.com subscriber status to transactional and language to 
2023-08-02T14:52:53+00:00 NOTICE order_submit.success :: updateStoreOrder :: #25300 :: email: marcelablandon88@gmail.com
2023-08-02T14:52:56+00:00 NOTICE order.member.updated :: Updated Pmonsalvegiraldo@gmail.com subscriber status to subscribed and language to 
2023-08-02T14:52:56+00:00 NOTICE order_submit.success :: updateStoreOrder :: #25301 :: email: Pmonsalvegiraldo@gmail.com
2023-08-02T14:52:58+00:00 NOTICE order.member.updated :: Updated aleja589@hotmail.com subscriber status to subscribed and language to 
2023-08-02T14:52:58+00:00 NOTICE order_submit.success :: updateStoreOrder :: #25302 :: email: aleja589@hotmail.com
2023-08-02T14:53:00+00:00 NOTICE order.member.updated :: Updated LMCASTAGO@GMAIL.COM subscriber status to subscribed and language to 
2023-08-02T14:53:00+00:00 NOTICE order_submit.success :: updateStoreOrder :: #25303 :: email: LMCASTAGO@GMAIL.COM
2023-08-02T14:53:03+00:00 NOTICE order.member.updated :: Updated claupavipe70@gmail.com subscriber status to subscribed and language to 
2023-08-02T14:53:03+00:00 NOTICE order_submit.success :: updateStoreOrder :: #25305 :: email: claupavipe70@gmail.com
2023-08-02T14:53:06+00:00 NOTICE order.member.updated :: Updated jentaraz89@gmail.com subscriber status to transactional and language to 
2023-08-02T14:53:06+00:00 NOTICE order_submit.success :: updateStoreOrder :: #25306 :: email: jentaraz89@gmail.com
2023-08-02T14:53:08+00:00 NOTICE order.member.updated :: Updated camipizno3@gmail.com subscriber status to subscribed and language to 
2023-08-02T14:53:08+00:00 NOTICE order_submit.success :: updateStoreOrder :: #25308 :: email: camipizno3@gmail.com
2023-08-02T14:53:10+00:00 NOTICE order.member.updated :: Updated ligieso@hotmail.com subscriber status to subscribed and language to 
2023-08-02T14:53:10+00:00 NOTICE order_submit.success :: updateStoreOrder :: #25311 :: email: ligieso@hotmail.com
2023-08-02T16:29:53+00:00 NOTICE action_scheduler.queue_job :: MailChimp_WooCommerce_Cart_Update queued :: obj_id a6d86b7b964b14164bb16e465a5e70bb
2023-08-02T16:30:35+00:00 NOTICE action_scheduler.queue_job :: MailChimp_WooCommerce_Single_Order starts in 90 seconds :: obj_id 25314
2023-08-02T16:30:40+00:00 NOTICE debug :: Order ID 25314 was pending and is now processing :: Array
(
    [new_order] => 1
    [tracking] => Array
        (
            [campaign_id] => 
            [landing_site] => https://naturalconexion.com/product/desodorante-dama/?utm_source=IGShopping&utm_medium=Social
        )

)

2023-08-02T16:30:48+00:00 NOTICE abandoned_cart.success :: email: martruji97@gmail.com :: checkout_url: https://naturalconexion.com/checkout/?mc_cart_id=a6d86b7b964b14164bb16e465a5e70bb
2023-08-02T16:30:48+00:00 NOTICE cart.member.updated :: Updated martruji97@gmail.com subscriber status to transactional and language to es
2023-08-02T16:33:42+00:00 NOTICE order.member.updated :: Updated martruji97@gmail.com subscriber status to subscribed and language to es
2023-08-02T16:33:42+00:00 NOTICE order_submit.success :: addStoreOrder :: #25314 :: email: martruji97@gmail.com :: landing site https://naturalconexion.com/product/desodorante-dama/?utm_source=IGShopping&utm_medium=Social :: abandoned cart deleted [a6d86b7b964b14164bb16e465a5e70bb]
2023-08-02T17:07:51+00:00 NOTICE action_scheduler.queue_job :: MailChimp_WooCommerce_Single_Order starts in 90 seconds :: obj_id 25315
2023-08-02T17:07:51+00:00 NOTICE action_scheduler.queue_job :: MailChimp_WooCommerce_Cart_Update queued :: obj_id c01904d0e6d1bd1f3eed8fbd4cffbabf
2023-08-02T17:07:53+00:00 NOTICE abandoned_cart.success :: email: deyssihb@gmail.com :: checkout_url: https://naturalconexion.com/checkout/?mc_cart_id=c01904d0e6d1bd1f3eed8fbd4cffbabf
2023-08-02T17:07:54+00:00 NOTICE cart.member.updated :: Updated deyssihb@gmail.com subscriber status to transactional and language to es
2023-08-02T17:09:46+00:00 NOTICE order_submit :: #25315 has a financial status of pending and was skipped.
2023-08-02T17:10:11+00:00 NOTICE action_scheduler.queue_job :: MailChimp_WooCommerce_Single_Order starts in 90 seconds :: obj_id 25315
2023-08-02T17:10:14+00:00 NOTICE debug :: Order ID 25315 was pending and is now processing :: Array
(
    [new_order] => 1
    [tracking] => Array
        (
            [campaign_id] => 
            [landing_site] => https://naturalconexion.com/wp-content/plugins/woocommerce-payu-latam/confirmation.php
        )

)

2023-08-02T17:11:59+00:00 NOTICE order.member.updated :: Updated Deyssihb@gmail.com subscriber status to subscribed and language to 
2023-08-02T17:11:59+00:00 NOTICE order_submit.success :: addStoreOrder :: #25315 :: email: Deyssihb@gmail.com :: landing site https://naturalconexion.com/wp-content/plugins/woocommerce-payu-latam/confirmation.php :: abandoned cart deleted [c01904d0e6d1bd1f3eed8fbd4cffbabf]
2023-08-02T18:14:55+00:00 NOTICE action_scheduler.queue_job :: MailChimp_WooCommerce_Cart_Update queued :: obj_id ac5d67dffc651778c000fca9c0753794
2023-08-02T18:14:56+00:00 NOTICE abandoned_cart.success :: email: c.avillamilramirez@gmail.com :: checkout_url: https://naturalconexion.com/checkout/?mc_cart_id=ac5d67dffc651778c000fca9c0753794
2023-08-02T18:14:57+00:00 NOTICE cart.member.updated :: Updated c.avillamilramirez@gmail.com subscriber status to transactional and language to es
2023-08-02T18:15:03+00:00 NOTICE action_scheduler.queue_job :: MailChimp_WooCommerce_Cart_Update queued :: obj_id ac5d67dffc651778c000fca9c0753794
2023-08-02T18:15:29+00:00 NOTICE abandoned_cart.success :: email: c.avillamilramirez@gmail.com :: checkout_url: https://naturalconexion.com/checkout/?mc_cart_id=ac5d67dffc651778c000fca9c0753794
2023-08-02T18:16:19+00:00 NOTICE action_scheduler.queue_job :: MailChimp_WooCommerce_Cart_Update queued :: obj_id ac5d67dffc651778c000fca9c0753794
2023-08-02T18:16:21+00:00 NOTICE abandoned_cart.success :: email: c.avillamilramirez@gmail.com :: checkout_url: https://naturalconexion.com/checkout/?mc_cart_id=ac5d67dffc651778c000fca9c0753794
2023-08-02T18:16:44+00:00 NOTICE action_scheduler.queue_job :: MailChimp_WooCommerce_Cart_Update queued :: obj_id ac5d67dffc651778c000fca9c0753794
2023-08-02T18:16:54+00:00 NOTICE abandoned_cart.success :: email: c.avillamilramirez@gmail.com :: checkout_url: https://naturalconexion.com/checkout/?mc_cart_id=ac5d67dffc651778c000fca9c0753794
2023-08-02T18:17:53+00:00 NOTICE ac.cart_swap :: Deleted cart [c.avillamilramirez@gmail.com] :: ID [ac5d67dffc651778c000fca9c0753794]
2023-08-02T18:17:53+00:00 NOTICE action_scheduler.queue_job :: MailChimp_WooCommerce_Cart_Update queued :: obj_id 76b040d8cfe6068070f3b6f41fb49bf8
2023-08-02T18:17:54+00:00 NOTICE abandoned_cart.success :: email: c.andreavr63@gmail.com :: checkout_url: https://naturalconexion.com/checkout/?mc_cart_id=76b040d8cfe6068070f3b6f41fb49bf8
2023-08-02T18:17:54+00:00 NOTICE cart.member.updated :: Updated c.andreavr63@gmail.com subscriber status to subscribed and language to es
2023-08-02T18:19:00+00:00 NOTICE ac.cart_swap :: Deleted cart [c.andreavr63@gmail.com] :: ID [76b040d8cfe6068070f3b6f41fb49bf8]
2023-08-02T18:19:00+00:00 NOTICE action_scheduler.queue_job :: MailChimp_WooCommerce_Cart_Update queued :: obj_id ac5d67dffc651778c000fca9c0753794
2023-08-02T18:20:04+00:00 NOTICE action_scheduler.queue_job :: MailChimp_WooCommerce_Single_Order starts in 90 seconds :: obj_id 25316
2023-08-02T18:20:05+00:00 NOTICE abandoned_cart.success :: email: c.avillamilramirez@gmail.com :: checkout_url: https://naturalconexion.com/checkout/?mc_cart_id=ac5d67dffc651778c000fca9c0753794
2023-08-02T18:21:40+00:00 NOTICE debug :: Order ID 25316 was pending and is now failed :: Array
(
    [new_order] => 
    [tracking] => 
)

2023-08-02T19:12:24+00:00 NOTICE action_scheduler.queue_job :: MailChimp_WooCommerce_Single_Order starts in 90 seconds :: obj_id 25317
2023-08-02T19:13:55+00:00 NOTICE order_submit :: #25317 has a financial status of pending and was skipped.
2023-08-02T19:14:00+00:00 NOTICE action_scheduler.queue_job :: MailChimp_WooCommerce_Single_Order starts in 90 seconds :: obj_id 25317
2023-08-02T19:14:04+00:00 NOTICE debug :: Order ID 25317 was pending and is now processing :: Array
(
    [new_order] => 1
    [tracking] => Array
        (
            [campaign_id] => 
            [landing_site] => https://naturalconexion.com/?wc-api=wc_addi_gateway
        )

)

2023-08-02T19:16:19+00:00 NOTICE order.member.updated :: Updated elianagonzalezarenas2088@gmail.com subscriber status to subscribed and language to 
2023-08-02T19:16:19+00:00 NOTICE order_submit.success :: addStoreOrder :: #25317 :: email: elianagonzalezarenas2088@gmail.com :: landing site https://naturalconexion.com/?wc-api=wc_addi_gateway
2023-08-02T20:25:04+00:00 NOTICE action_scheduler.queue_job :: MailChimp_WooCommerce_Cart_Update queued :: obj_id c481e66b210d251ea540165e67fddf86
2023-08-02T20:25:59+00:00 NOTICE abandoned_cart.success :: email: m.isabelcer@hotmail.com :: checkout_url: https://naturalconexion.com/checkout/?mc_cart_id=c481e66b210d251ea540165e67fddf86
2023-08-02T20:26:00+00:00 NOTICE cart.member.updated :: Updated m.isabelcer@hotmail.com subscriber status to transactional and language to es
2023-08-02T21:33:06+00:00 NOTICE action_scheduler.queue_job :: MailChimp_WooCommerce_Cart_Update queued :: obj_id deb12feca0afe70c2cfafe58b8a01232
2023-08-02T21:33:56+00:00 NOTICE abandoned_cart.success :: email: andreitaserna1@gmail.com :: checkout_url: https://naturalconexion.com/checkout/?mc_cart_id=deb12feca0afe70c2cfafe58b8a01232
2023-08-02T21:33:56+00:00 NOTICE cart.member.updated :: Updated andreitaserna1@gmail.com subscriber status to transactional and language to es
2023-08-02T21:35:07+00:00 NOTICE action_scheduler.queue_job :: MailChimp_WooCommerce_Cart_Update queued :: obj_id deb12feca0afe70c2cfafe58b8a01232
2023-08-02T21:35:07+00:00 NOTICE action_scheduler.queue_job :: MailChimp_WooCommerce_Single_Order starts in 90 seconds :: obj_id 25318
2023-08-02T21:35:12+00:00 NOTICE abandoned_cart.success :: email: andreitaserna1@gmail.com :: checkout_url: https://naturalconexion.com/checkout/?mc_cart_id=deb12feca0afe70c2cfafe58b8a01232
2023-08-02T21:36:56+00:00 NOTICE debug :: Order ID 25318 was pending and is now processing :: Array
(
    [new_order] => 1
    [tracking] => Array
        (
            [campaign_id] => 
            [landing_site] => https://naturalconexion.com/wp-content/plugins/woocommerce-payu-latam/confirmation.php
        )

)

2023-08-02T21:38:30+00:00 NOTICE order.member.updated :: Updated andreitaserna1@gmail.com subscriber status to transactional and language to es
2023-08-02T21:38:30+00:00 NOTICE order_submit.success :: addStoreOrder :: #25318 :: email: andreitaserna1@gmail.com :: landing site https://naturalconexion.com/ :: abandoned cart deleted [deb12feca0afe70c2cfafe58b8a01232]
2023-08-02T21:46:00+00:00 NOTICE action_scheduler.queue_job :: MailChimp_WooCommerce_Cart_Update queued :: obj_id 077d7cfcfbd3d23f5ba7370cfc1fc2c9
2023-08-02T21:47:08+00:00 NOTICE abandoned_cart.success :: email: dipo28@gmail.com :: checkout_url: https://naturalconexion.com/checkout/?mc_cart_id=077d7cfcfbd3d23f5ba7370cfc1fc2c9
2023-08-02T21:47:08+00:00 NOTICE cart.member.updated :: Updated dipo28@gmail.com subscriber status to transactional and language to es
2023-08-02T22:25:44+00:00 NOTICE action_scheduler.queue_job :: MailChimp_WooCommerce_Cart_Update queued :: obj_id ac5d67dffc651778c000fca9c0753794
2023-08-02T22:25:55+00:00 NOTICE abandoned_cart.success :: email: c.avillamilramirez@gmail.com :: checkout_url: https://naturalconexion.com/checkout/?mc_cart_id=ac5d67dffc651778c000fca9c0753794
2023-08-02T22:25:55+00:00 NOTICE cart.member.updated :: Updated c.avillamilramirez@gmail.com subscriber status to transactional and language to es
2023-08-02T22:26:10+00:00 NOTICE action_scheduler.queue_job :: MailChimp_WooCommerce_Cart_Update queued :: obj_id ac5d67dffc651778c000fca9c0753794
2023-08-02T22:27:32+00:00 NOTICE abandoned_cart.success :: email: c.avillamilramirez@gmail.com :: checkout_url: https://naturalconexion.com/checkout/?mc_cart_id=ac5d67dffc651778c000fca9c0753794
2023-08-02T23:36:31+00:00 NOTICE action_scheduler.queue_job :: MailChimp_WooCommerce_Cart_Update queued :: obj_id ac5d67dffc651778c000fca9c0753794
2023-08-02T23:36:53+00:00 NOTICE abandoned_cart.success :: email: c.avillamilramirez@gmail.com :: checkout_url: https://naturalconexion.com/checkout/?mc_cart_id=ac5d67dffc651778c000fca9c0753794
2023-08-02T23:36:54+00:00 NOTICE cart.member.updated :: Updated c.avillamilramirez@gmail.com subscriber status to transactional and language to es
2023-08-02T23:37:31+00:00 NOTICE ac.cart_swap :: Deleted cart [c.avillamilramirez@gmail.com] :: ID [ac5d67dffc651778c000fca9c0753794]
2023-08-02T23:37:31+00:00 NOTICE action_scheduler.queue_job :: MailChimp_WooCommerce_Cart_Update queued :: obj_id 76b040d8cfe6068070f3b6f41fb49bf8
2023-08-02T23:37:52+00:00 NOTICE abandoned_cart.success :: email: c.andreavr63@gmail.com :: checkout_url: https://naturalconexion.com/checkout/?mc_cart_id=76b040d8cfe6068070f3b6f41fb49bf8
2023-08-02T23:37:53+00:00 NOTICE cart.member.updated :: Updated c.andreavr63@gmail.com subscriber status to subscribed and language to es
2023-08-02T23:37:59+00:00 NOTICE action_scheduler.queue_job :: MailChimp_WooCommerce_Cart_Update queued :: obj_id 76b040d8cfe6068070f3b6f41fb49bf8
2023-08-02T23:38:33+00:00 NOTICE abandoned_cart.success :: email: c.andreavr63@gmail.com :: checkout_url: https://naturalconexion.com/checkout/?mc_cart_id=76b040d8cfe6068070f3b6f41fb49bf8
2023-08-02T23:38:33+00:00 NOTICE ac.cart_swap :: Deleted cart [c.andreavr63@gmail.com] :: ID [76b040d8cfe6068070f3b6f41fb49bf8]
2023-08-02T23:38:33+00:00 NOTICE action_scheduler.queue_job :: MailChimp_WooCommerce_Cart_Update queued :: obj_id ac5d67dffc651778c000fca9c0753794
2023-08-02T23:38:39+00:00 NOTICE abandoned_cart.success :: email: c.avillamilramirez@gmail.com :: checkout_url: https://naturalconexion.com/checkout/?mc_cart_id=ac5d67dffc651778c000fca9c0753794
2023-08-02T23:40:03+00:00 NOTICE action_scheduler.queue_job :: MailChimp_WooCommerce_Cart_Update queued :: obj_id ac5d67dffc651778c000fca9c0753794
2023-08-02T23:40:05+00:00 NOTICE abandoned_cart.success :: email: c.avillamilramirez@gmail.com :: checkout_url: https://naturalconexion.com/checkout/?mc_cart_id=ac5d67dffc651778c000fca9c0753794
2023-08-02T23:40:49+00:00 NOTICE ac.cart_swap :: Deleted cart [c.avillamilramirez@gmail.com] :: ID [ac5d67dffc651778c000fca9c0753794]
2023-08-02T23:40:49+00:00 NOTICE action_scheduler.queue_job :: MailChimp_WooCommerce_Cart_Update queued :: obj_id 76b040d8cfe6068070f3b6f41fb49bf8
2023-08-02T23:40:56+00:00 NOTICE abandoned_cart.success :: email: c.andreavr63@gmail.com :: checkout_url: https://naturalconexion.com/checkout/?mc_cart_id=76b040d8cfe6068070f3b6f41fb49bf8
2023-08-02T23:40:57+00:00 NOTICE action_scheduler.queue_job :: MailChimp_WooCommerce_Cart_Update queued :: obj_id ac5d67dffc651778c000fca9c0753794
2023-08-02T23:41:12+00:00 NOTICE action_scheduler.queue_job :: MailChimp_WooCommerce_Single_Order starts in 90 seconds :: obj_id 25319
2023-08-02T23:41:54+00:00 NOTICE abandoned_cart.success :: email: c.avillamilramirez@gmail.com :: checkout_url: https://naturalconexion.com/checkout/?mc_cart_id=ac5d67dffc651778c000fca9c0753794
2023-08-02T23:43:07+00:00 NOTICE order_submit :: #25319 has a financial status of pending and was skipped.
