2022-04-03T00:19:28+00:00 NOTICE action_scheduler.queue_job :: MailChimp_WooCommerce_Cart_Update queued :: obj_id b4e74cc7d892a26b10ce3e8c3a9fc001
2022-04-03T00:19:29+00:00 NOTICE abandoned_cart.success :: email: palacio.maritza@hotmail.com :: checkout_url: https://naturalconexion.com/checkout/?mc_cart_id=b4e74cc7d892a26b10ce3e8c3a9fc001
2022-04-03T00:19:29+00:00 NOTICE cart.member.updated :: Updated palacio.maritza@hotmail.com subscriber status to subscribed and language to es
2022-04-03T00:23:24+00:00 NOTICE action_scheduler.queue_job :: MailChimp_WooCommerce_Single_Order starts in 90 seconds :: obj_id 19610
2022-04-03T00:25:32+00:00 NOTICE order_sumbit :: #19610 has a financial status of pending and was skipped.
2022-04-03T00:26:20+00:00 NOTICE action_scheduler.queue_job :: MailChimp_WooCommerce_Single_Order starts in 90 seconds :: obj_id 19610
2022-04-03T00:26:23+00:00 NOTICE debug :: Order ID 19610 was pending and is now processing :: Array
(
    [new_order] => 1
    [tracking] => Array
        (
            [campaign_id] => 
            [landing_site] => https://naturalconexion.com/wp-admin/admin-ajax.php
        )

)

2022-04-03T00:28:41+00:00 NOTICE order.member.updated :: Updated palacio.maritza@hotmail.com subscriber status to subscribed and language to 
2022-04-03T00:28:41+00:00 NOTICE order_submit.success :: addStoreOrder :: #19610 :: email: palacio.maritza@hotmail.com :: landing site https://naturalconexion.com/wp-admin/admin-ajax.php :: abandoned cart deleted [b4e74cc7d892a26b10ce3e8c3a9fc001]
2022-04-03T16:40:49+00:00 NOTICE action_scheduler.queue_job :: MailChimp_WooCommerce_Cart_Update queued :: obj_id fcd4cbe2d312c337d8a783b45f3fb8d2
2022-04-03T16:41:39+00:00 NOTICE abandoned_cart.success :: email: kelitto1307@hotmail.com :: checkout_url: https://naturalconexion.com/checkout/?mc_cart_id=fcd4cbe2d312c337d8a783b45f3fb8d2
2022-04-03T16:41:40+00:00 NOTICE cart.member.updated :: Updated kelitto1307@hotmail.com subscriber status to subscribed and language to es
2022-04-03T19:54:24+00:00 NOTICE action_scheduler.queue_job :: MailChimp_WooCommerce_User_Submit queued :: obj_id 2139
2022-04-03T19:54:28+00:00 NOTICE member.sync :: Subscribed Member boaxecy@newonlinemail.xyz :: Array
(
    [status_if_new] => 1
    [merge_fields] => Array
        (
        )

)

2022-04-03T20:40:58+00:00 NOTICE action_scheduler.queue_job :: MailChimp_WooCommerce_Single_Order starts in 90 seconds :: obj_id 19611
2022-04-03T20:43:25+00:00 NOTICE order_sumbit :: #19611 has a financial status of pending and was skipped.
2022-04-03T21:33:50+00:00 NOTICE action_scheduler.queue_job :: MailChimp_WooCommerce_Single_Order starts in 90 seconds :: obj_id 19611
2022-04-03T21:33:51+00:00 NOTICE debug :: Order ID 19611 was pending and is now processing :: Array
(
    [new_order] => 1
    [tracking] => Array
        (
            [campaign_id] => 
            [landing_site] => https://naturalconexion.com/wp-admin/admin-ajax.php
        )

)

2022-04-03T21:36:02+00:00 NOTICE order.member.updated :: Updated Kelitto1307@hotmail.com subscriber status to subscribed and language to 
2022-04-03T21:36:02+00:00 NOTICE order_submit.success :: addStoreOrder :: #19611 :: email: Kelitto1307@hotmail.com :: landing site https://naturalconexion.com/wp-admin/admin-ajax.php :: abandoned cart deleted [fcd4cbe2d312c337d8a783b45f3fb8d2]
2022-04-03T22:10:54+00:00 NOTICE action_scheduler.queue_job :: MailChimp_WooCommerce_Cart_Update queued :: obj_id 708e5254a374502a23f9193e34eec063
2022-04-03T22:11:44+00:00 NOTICE abandoned_cart.success :: email: lauramasernaca@hotmail.com :: checkout_url: https://naturalconexion.com/checkout/?mc_cart_id=708e5254a374502a23f9193e34eec063
2022-04-03T22:11:44+00:00 NOTICE cart.member.updated :: Updated lauramasernaca@hotmail.com subscriber status to transactional and language to es
2022-04-03T22:11:52+00:00 NOTICE action_scheduler.queue_job :: MailChimp_WooCommerce_Single_Order starts in 90 seconds :: obj_id 19612
2022-04-03T22:13:31+00:00 NOTICE order_sumbit :: #19612 has a financial status of pending and was skipped.
2022-04-03T23:11:39+00:00 NOTICE action_scheduler.queue_job :: MailChimp_WooCommerce_Cart_Update queued :: obj_id 75f78fd12f1a814f04cb557fff76a35c
2022-04-03T23:12:06+00:00 NOTICE abandoned_cart.success :: email: kenyfernandez.od@gmail.com :: checkout_url: https://naturalconexion.com/checkout/?mc_cart_id=75f78fd12f1a814f04cb557fff76a35c
2022-04-03T23:12:06+00:00 NOTICE cart.member.updated :: Updated kenyfernandez.od@gmail.com subscriber status to subscribed and language to es
2022-04-03T23:13:38+00:00 NOTICE action_scheduler.queue_job :: MailChimp_WooCommerce_Cart_Update queued :: obj_id 75f78fd12f1a814f04cb557fff76a35c
2022-04-03T23:14:58+00:00 NOTICE abandoned_cart.success :: email: kenyfernandez.od@gmail.com :: checkout_url: https://naturalconexion.com/checkout/?mc_cart_id=75f78fd12f1a814f04cb557fff76a35c
2022-04-03T23:24:34+00:00 NOTICE action_scheduler.queue_job :: MailChimp_WooCommerce_Cart_Update queued :: obj_id 75f78fd12f1a814f04cb557fff76a35c
2022-04-03T23:24:47+00:00 NOTICE abandoned_cart.success :: email: kenyfernandez.od@gmail.com :: checkout_url: https://naturalconexion.com/checkout/?mc_cart_id=75f78fd12f1a814f04cb557fff76a35c
2022-04-03T23:25:30+00:00 NOTICE action_scheduler.queue_job :: MailChimp_WooCommerce_Cart_Update queued :: obj_id 75f78fd12f1a814f04cb557fff76a35c
2022-04-03T23:25:56+00:00 NOTICE abandoned_cart.success :: email: kenyfernandez.od@gmail.com :: checkout_url: https://naturalconexion.com/checkout/?mc_cart_id=75f78fd12f1a814f04cb557fff76a35c
2022-04-03T23:26:41+00:00 NOTICE action_scheduler.queue_job :: MailChimp_WooCommerce_Cart_Update queued :: obj_id 75f78fd12f1a814f04cb557fff76a35c
2022-04-03T23:27:04+00:00 NOTICE abandoned_cart.success :: email: kenyfernandez.od@gmail.com :: checkout_url: https://naturalconexion.com/checkout/?mc_cart_id=75f78fd12f1a814f04cb557fff76a35c
2022-04-03T23:27:11+00:00 NOTICE action_scheduler.queue_job :: MailChimp_WooCommerce_Cart_Update queued :: obj_id 75f78fd12f1a814f04cb557fff76a35c
2022-04-03T23:27:28+00:00 NOTICE abandoned_cart.success :: email: kenyfernandez.od@gmail.com :: checkout_url: https://naturalconexion.com/checkout/?mc_cart_id=75f78fd12f1a814f04cb557fff76a35c
2022-04-03T23:29:11+00:00 NOTICE action_scheduler.queue_job :: MailChimp_WooCommerce_Cart_Update queued :: obj_id 75f78fd12f1a814f04cb557fff76a35c
2022-04-03T23:29:37+00:00 NOTICE abandoned_cart.success :: email: kenyfernandez.od@gmail.com :: checkout_url: https://naturalconexion.com/checkout/?mc_cart_id=75f78fd12f1a814f04cb557fff76a35c
2022-04-03T23:30:20+00:00 NOTICE action_scheduler.queue_job :: MailChimp_WooCommerce_Cart_Update queued :: obj_id 75f78fd12f1a814f04cb557fff76a35c
2022-04-03T23:30:37+00:00 NOTICE abandoned_cart.success :: email: kenyfernandez.od@gmail.com :: checkout_url: https://naturalconexion.com/checkout/?mc_cart_id=75f78fd12f1a814f04cb557fff76a35c
2022-04-03T23:31:06+00:00 NOTICE action_scheduler.queue_job :: MailChimp_WooCommerce_Cart_Update queued :: obj_id 75f78fd12f1a814f04cb557fff76a35c
2022-04-03T23:31:27+00:00 NOTICE abandoned_cart.success :: email: kenyfernandez.od@gmail.com :: checkout_url: https://naturalconexion.com/checkout/?mc_cart_id=75f78fd12f1a814f04cb557fff76a35c
2022-04-03T23:31:42+00:00 NOTICE action_scheduler.queue_job :: MailChimp_WooCommerce_Cart_Update queued :: obj_id 75f78fd12f1a814f04cb557fff76a35c
2022-04-03T23:32:20+00:00 NOTICE abandoned_cart.success :: email: kenyfernandez.od@gmail.com :: checkout_url: https://naturalconexion.com/checkout/?mc_cart_id=75f78fd12f1a814f04cb557fff76a35c
2022-04-03T23:36:07+00:00 NOTICE action_scheduler.queue_job :: MailChimp_WooCommerce_Single_Order starts in 90 seconds :: obj_id 19612
2022-04-03T23:36:07+00:00 NOTICE debug :: Order ID 19612 was pending and is now cancelled :: Array
(
    [new_order] => 
    [tracking] => 
)

2022-04-03T23:38:31+00:00 NOTICE order_sumbit :: #19612 has a financial status of cancelled and was skipped.
