2022-05-14T01:53:55+00:00 NOTICE action_scheduler.queue_job :: MailChimp_WooCommerce_Cart_Update queued :: obj_id 97a9b4742392b13aaf11cfe1cecab747
2022-05-14T01:54:19+00:00 NOTICE abandoned_cart.success :: email: dimarcela6@gmail.com :: checkout_url: https://naturalconexion.com/checkout/?mc_cart_id=97a9b4742392b13aaf11cfe1cecab747
2022-05-14T01:54:19+00:00 NOTICE cart.member.updated :: Updated dimarcela6@gmail.com subscriber status to subscribed and language to es
2022-05-14T01:54:51+00:00 NOTICE action_scheduler.queue_job :: MailChimp_WooCommerce_Single_Order starts in 90 seconds :: obj_id 20196
2022-05-14T01:56:42+00:00 NOTICE order_sumbit :: #20196 has a financial status of pending and was skipped.
2022-05-14T01:57:00+00:00 NOTICE action_scheduler.queue_job :: MailChimp_WooCommerce_Single_Order starts in 90 seconds :: obj_id 20196
2022-05-14T01:57:01+00:00 NOTICE debug :: Order ID 20196 was pending and is now failed :: Array
(
    [new_order] => 
    [tracking] => 
)

2022-05-14T01:58:44+00:00 NOTICE system.debug :: order 20196 is in failed status, and is being skipped for now.
2022-05-14T02:16:48+00:00 NOTICE action_scheduler.queue_job :: MailChimp_WooCommerce_Cart_Update queued :: obj_id 97a9b4742392b13aaf11cfe1cecab747
2022-05-14T02:17:23+00:00 NOTICE abandoned_cart.success :: email: dimarcela6@gmail.com :: checkout_url: https://naturalconexion.com/checkout/?mc_cart_id=97a9b4742392b13aaf11cfe1cecab747
2022-05-14T02:19:15+00:00 NOTICE action_scheduler.queue_job :: MailChimp_WooCommerce_Cart_Update queued :: obj_id 97a9b4742392b13aaf11cfe1cecab747
2022-05-14T02:19:32+00:00 NOTICE abandoned_cart.success :: email: dimarcela6@gmail.com :: checkout_url: https://naturalconexion.com/checkout/?mc_cart_id=97a9b4742392b13aaf11cfe1cecab747
2022-05-14T02:20:31+00:00 NOTICE action_scheduler.queue_job :: MailChimp_WooCommerce_Single_Order starts in 90 seconds :: obj_id 20197
2022-05-14T02:22:16+00:00 NOTICE order_sumbit :: #20197 has a financial status of pending and was skipped.
2022-05-14T02:24:43+00:00 NOTICE action_scheduler.queue_job :: MailChimp_WooCommerce_Single_Order starts in 90 seconds :: obj_id 20197
2022-05-14T02:24:45+00:00 NOTICE debug :: Order ID 20197 was pending and is now processing :: Array
(
    [new_order] => 1
    [tracking] => Array
        (
            [campaign_id] => 
            [landing_site] => https://naturalconexion.com/wp-admin/admin-ajax.php
        )

)

2022-05-14T02:26:19+00:00 NOTICE order.member.updated :: Updated dimarcela6@gmail.com subscriber status to subscribed and language to 
2022-05-14T02:26:19+00:00 NOTICE order_submit.success :: addStoreOrder :: #20197 :: email: dimarcela6@gmail.com :: landing site https://naturalconexion.com/wp-admin/admin-ajax.php :: abandoned cart deleted [97a9b4742392b13aaf11cfe1cecab747]
2022-05-14T04:02:56+00:00 NOTICE action_scheduler.queue_job :: MailChimp_WooCommerce_SingleCoupon queued :: obj_id 20198
2022-05-14T04:02:58+00:00 NOTICE promo_code_submit.success :: #20198 :: code: 3u9l65d7
2022-05-14T05:20:39+00:00 NOTICE action_scheduler.queue_job :: MailChimp_WooCommerce_User_Submit queued :: obj_id 1820
2022-05-14T05:20:42+00:00 NOTICE member.sync :: Updated Member gomez4stiven@gmail.com ( merge fields only ) :: Array
(
    [merge_fields] => Array
        (
        )

)

2022-05-14T05:22:16+00:00 NOTICE action_scheduler.queue_job :: MailChimp_WooCommerce_User_Submit queued :: obj_id 1820
2022-05-14T05:22:44+00:00 NOTICE member.sync :: Updated Member gomez4stiven@gmail.com ( merge fields only ) :: Array
(
    [merge_fields] => Array
        (
            [FNAME] => STIVEN
            [LNAME] => GOMEZ
        )

)

2022-05-14T05:31:00+00:00 NOTICE action_scheduler.queue_job :: MailChimp_WooCommerce_Cart_Update queued :: obj_id 62af7195320f07efc1fc47ad7e914ba0
2022-05-14T05:31:02+00:00 NOTICE abandoned_cart.success :: email: gomez4stiven@gmail.com :: checkout_url: https://naturalconexion.com/checkout/?mc_cart_id=62af7195320f07efc1fc47ad7e914ba0
2022-05-14T05:31:02+00:00 NOTICE cart.member.updated :: Updated gomez4stiven@gmail.com subscriber status to subscribed and language to es
2022-05-14T05:34:07+00:00 NOTICE action_scheduler.queue_job :: MailChimp_WooCommerce_Cart_Update queued :: obj_id 62af7195320f07efc1fc47ad7e914ba0
2022-05-14T05:34:49+00:00 NOTICE abandoned_cart.success :: email: gomez4stiven@gmail.com :: checkout_url: https://naturalconexion.com/checkout/?mc_cart_id=62af7195320f07efc1fc47ad7e914ba0
2022-05-14T05:39:57+00:00 NOTICE action_scheduler.queue_job :: MailChimp_WooCommerce_Cart_Update queued :: obj_id 62af7195320f07efc1fc47ad7e914ba0
2022-05-14T05:39:59+00:00 NOTICE abandoned_cart.success :: email: gomez4stiven@gmail.com :: checkout_url: https://naturalconexion.com/checkout/?mc_cart_id=62af7195320f07efc1fc47ad7e914ba0
2022-05-14T05:40:35+00:00 NOTICE action_scheduler.queue_job :: MailChimp_WooCommerce_Cart_Update queued :: obj_id 62af7195320f07efc1fc47ad7e914ba0
2022-05-14T05:40:43+00:00 NOTICE abandoned_cart.success :: email: gomez4stiven@gmail.com :: checkout_url: https://naturalconexion.com/checkout/?mc_cart_id=62af7195320f07efc1fc47ad7e914ba0
2022-05-14T05:44:54+00:00 NOTICE action_scheduler.queue_job :: MailChimp_WooCommerce_Cart_Update queued :: obj_id 62af7195320f07efc1fc47ad7e914ba0
2022-05-14T05:44:56+00:00 NOTICE abandoned_cart.success :: email: gomez4stiven@gmail.com :: checkout_url: https://naturalconexion.com/checkout/?mc_cart_id=62af7195320f07efc1fc47ad7e914ba0
2022-05-14T05:45:58+00:00 NOTICE action_scheduler.queue_job :: MailChimp_WooCommerce_Cart_Update queued :: obj_id 62af7195320f07efc1fc47ad7e914ba0
2022-05-14T05:46:00+00:00 NOTICE abandoned_cart.success :: email: gomez4stiven@gmail.com :: checkout_url: https://naturalconexion.com/checkout/?mc_cart_id=62af7195320f07efc1fc47ad7e914ba0
2022-05-14T05:52:16+00:00 NOTICE action_scheduler.queue_job :: MailChimp_WooCommerce_Cart_Update queued :: obj_id 62af7195320f07efc1fc47ad7e914ba0
2022-05-14T05:52:42+00:00 NOTICE abandoned_cart.success :: email: gomez4stiven@gmail.com :: checkout_url: https://naturalconexion.com/checkout/?mc_cart_id=62af7195320f07efc1fc47ad7e914ba0
2022-05-14T06:05:09+00:00 NOTICE action_scheduler.queue_job :: MailChimp_WooCommerce_Cart_Update queued :: obj_id 62af7195320f07efc1fc47ad7e914ba0
2022-05-14T06:05:59+00:00 NOTICE abandoned_cart.success :: email: gomez4stiven@gmail.com :: checkout_url: https://naturalconexion.com/checkout/?mc_cart_id=62af7195320f07efc1fc47ad7e914ba0
2022-05-14T06:05:59+00:00 NOTICE action_scheduler.queue_job :: MailChimp_WooCommerce_SingleCoupon queued :: obj_id 20199
2022-05-14T06:06:06+00:00 NOTICE promo_code_submit.success :: #20199 :: code: 7aylkekn
2022-05-14T06:10:04+00:00 NOTICE action_scheduler.queue_job :: MailChimp_WooCommerce_Cart_Update queued :: obj_id 62af7195320f07efc1fc47ad7e914ba0
2022-05-14T06:10:40+00:00 NOTICE abandoned_cart.success :: email: gomez4stiven@gmail.com :: checkout_url: https://naturalconexion.com/checkout/?mc_cart_id=62af7195320f07efc1fc47ad7e914ba0
2022-05-14T06:13:01+00:00 NOTICE action_scheduler.queue_job :: MailChimp_WooCommerce_Cart_Update queued :: obj_id 62af7195320f07efc1fc47ad7e914ba0
2022-05-14T06:13:44+00:00 NOTICE abandoned_cart.success :: email: gomez4stiven@gmail.com :: checkout_url: https://naturalconexion.com/checkout/?mc_cart_id=62af7195320f07efc1fc47ad7e914ba0
2022-05-14T06:13:46+00:00 NOTICE action_scheduler.queue_job :: MailChimp_WooCommerce_Cart_Update queued :: obj_id 62af7195320f07efc1fc47ad7e914ba0
2022-05-14T06:14:04+00:00 NOTICE abandoned_cart.success :: email: gomez4stiven@gmail.com :: checkout_url: https://naturalconexion.com/checkout/?mc_cart_id=62af7195320f07efc1fc47ad7e914ba0
2022-05-14T06:14:17+00:00 NOTICE action_scheduler.queue_job :: MailChimp_WooCommerce_Cart_Update queued :: obj_id 62af7195320f07efc1fc47ad7e914ba0
2022-05-14T06:14:55+00:00 NOTICE abandoned_cart.success :: email: gomez4stiven@gmail.com :: checkout_url: https://naturalconexion.com/checkout/?mc_cart_id=62af7195320f07efc1fc47ad7e914ba0
2022-05-14T06:16:38+00:00 NOTICE action_scheduler.queue_job :: MailChimp_WooCommerce_User_Submit queued :: obj_id 1820
2022-05-14T06:16:38+00:00 NOTICE action_scheduler.queue_job :: MailChimp_WooCommerce_Single_Order starts in 90 seconds :: obj_id 20200
2022-05-14T06:16:40+00:00 NOTICE member.sync :: Updated Member gomez4stiven@gmail.com ( merge fields only ) :: Array
(
    [merge_fields] => Array
        (
            [FNAME] => STIVEN
            [LNAME] => GOMEZ
        )

)

2022-05-14T06:18:24+00:00 NOTICE order_sumbit :: #20200 has a financial status of pending and was skipped.
2022-05-14T06:36:35+00:00 NOTICE action_scheduler.queue_job :: MailChimp_WooCommerce_Single_Order starts in 90 seconds :: obj_id 20200
2022-05-14T06:36:37+00:00 NOTICE debug :: Order ID 20200 was pending and is now processing :: Array
(
    [new_order] => 1
    [tracking] => Array
        (
            [campaign_id] => 
            [landing_site] => https://naturalconexion.com/wp-admin/admin-ajax.php
        )

)

2022-05-14T06:36:37+00:00 NOTICE action_scheduler.queue_job :: MailChimp_WooCommerce_User_Submit queued :: obj_id 1820
2022-05-14T06:36:44+00:00 NOTICE member.sync :: Updated Member gomez4stiven@gmail.com ( merge fields only ) :: Array
(
    [merge_fields] => Array
        (
            [FNAME] => STIVEN
            [LNAME] => GOMEZ
        )

)

2022-05-14T06:39:10+00:00 NOTICE order.member.updated :: Updated gomez4stiven@gmail.com subscriber status to subscribed and language to 
2022-05-14T06:39:10+00:00 NOTICE order_submit.success :: addStoreOrder :: #20200 :: email: gomez4stiven@gmail.com :: landing site https://naturalconexion.com/wp-admin/admin-ajax.php :: abandoned cart deleted [62af7195320f07efc1fc47ad7e914ba0]
2022-05-14T13:45:43+00:00 NOTICE action_scheduler.queue_job :: MailChimp_WooCommerce_SingleCoupon queued :: obj_id 20201
2022-05-14T13:46:13+00:00 NOTICE promo_code_submit.success :: #20201 :: code: a0nl9fqz
2022-05-14T13:54:22+00:00 NOTICE action_scheduler.queue_job :: MailChimp_WooCommerce_Cart_Update queued :: obj_id 33478ccfb3245af71f547c94949d4d06
2022-05-14T13:54:41+00:00 NOTICE abandoned_cart.success :: email: lcru27@hotmail.com :: checkout_url: https://naturalconexion.com/checkout/?mc_cart_id=33478ccfb3245af71f547c94949d4d06
2022-05-14T13:54:41+00:00 NOTICE cart.member.updated :: Updated lcru27@hotmail.com subscriber status to transactional and language to es
2022-05-14T13:56:45+00:00 NOTICE action_scheduler.queue_job :: MailChimp_WooCommerce_Cart_Update queued :: obj_id 33478ccfb3245af71f547c94949d4d06
2022-05-14T13:57:22+00:00 NOTICE abandoned_cart.success :: email: lcru27@hotmail.com :: checkout_url: https://naturalconexion.com/checkout/?mc_cart_id=33478ccfb3245af71f547c94949d4d06
2022-05-14T13:58:05+00:00 NOTICE action_scheduler.queue_job :: MailChimp_WooCommerce_Cart_Update queued :: obj_id 33478ccfb3245af71f547c94949d4d06
2022-05-14T13:58:29+00:00 NOTICE abandoned_cart.success :: email: lcru27@hotmail.com :: checkout_url: https://naturalconexion.com/checkout/?mc_cart_id=33478ccfb3245af71f547c94949d4d06
2022-05-14T14:49:55+00:00 NOTICE action_scheduler.queue_job :: MailChimp_WooCommerce_Single_Order starts in 90 seconds :: obj_id 20202
2022-05-14T14:49:56+00:00 NOTICE action_scheduler.queue_job :: MailChimp_WooCommerce_Cart_Update queued :: obj_id 4e60a424d77b57b6b6e9b812bd7ccc12
2022-05-14T14:49:58+00:00 NOTICE abandoned_cart.success :: email: alcampos5@misena.edu.co :: checkout_url: https://naturalconexion.com/checkout/?mc_cart_id=4e60a424d77b57b6b6e9b812bd7ccc12
2022-05-14T14:49:58+00:00 NOTICE cart.member.updated :: Updated alcampos5@misena.edu.co subscriber status to subscribed and language to es
2022-05-14T14:51:39+00:00 NOTICE order_sumbit :: #20202 has a financial status of pending and was skipped.
2022-05-14T14:51:49+00:00 NOTICE action_scheduler.queue_job :: MailChimp_WooCommerce_Single_Order starts in 90 seconds :: obj_id 20202
2022-05-14T14:51:52+00:00 NOTICE debug :: Order ID 20202 was pending and is now processing :: Array
(
    [new_order] => 1
    [tracking] => Array
        (
            [campaign_id] => 
            [landing_site] => https://naturalconexion.com/wp-admin/admin-ajax.php
        )

)

2022-05-14T14:53:31+00:00 NOTICE order.member.updated :: Updated alcampos5@misena.edu.co subscriber status to subscribed and language to 
2022-05-14T14:53:31+00:00 NOTICE order_submit.success :: addStoreOrder :: #20202 :: email: alcampos5@misena.edu.co :: landing site https://naturalconexion.com/wp-admin/admin-ajax.php :: abandoned cart deleted [4e60a424d77b57b6b6e9b812bd7ccc12]
2022-05-14T20:01:42+00:00 NOTICE action_scheduler.queue_job :: MailChimp_WooCommerce_SingleCoupon queued :: obj_id 20203
2022-05-14T20:02:34+00:00 NOTICE promo_code_submit.success :: #20203 :: code: cr2amfne
2022-05-14T20:16:07+00:00 NOTICE action_scheduler.queue_job :: MailChimp_WooCommerce_Cart_Update queued :: obj_id 627d6a5a8bab1a948557d5dd9f69e613
2022-05-14T20:16:40+00:00 NOTICE abandoned_cart.success :: email: info.sergioparra@gmail.com :: checkout_url: https://naturalconexion.com/checkout/?mc_cart_id=627d6a5a8bab1a948557d5dd9f69e613
2022-05-14T20:16:41+00:00 NOTICE cart.member.updated :: Updated info.sergioparra@gmail.com subscriber status to transactional and language to es
2022-05-14T20:19:27+00:00 NOTICE action_scheduler.queue_job :: MailChimp_WooCommerce_Single_Order starts in 90 seconds :: obj_id 20204
2022-05-14T20:21:44+00:00 NOTICE order_sumbit :: #20204 has a financial status of pending and was skipped.
2022-05-14T20:22:01+00:00 NOTICE action_scheduler.queue_job :: MailChimp_WooCommerce_Single_Order starts in 90 seconds :: obj_id 20204
2022-05-14T20:22:03+00:00 NOTICE debug :: Order ID 20204 was pending and is now processing :: Array
(
    [new_order] => 1
    [tracking] => Array
        (
            [campaign_id] => 
            [landing_site] => https://naturalconexion.com/
        )

)

2022-05-14T20:23:42+00:00 NOTICE order.member.updated :: Updated info.sergioparra@gmail.com subscriber status to transactional and language to 
2022-05-14T20:23:42+00:00 NOTICE order_submit.success :: addStoreOrder :: #20204 :: email: info.sergioparra@gmail.com :: landing site https://naturalconexion.com/ :: abandoned cart deleted [627d6a5a8bab1a948557d5dd9f69e613]
2022-05-14T23:02:11+00:00 NOTICE action_scheduler.queue_job :: MailChimp_WooCommerce_Cart_Update queued :: obj_id ab742c456e4c572d75e76798d9003ff3
2022-05-14T23:02:22+00:00 NOTICE action_scheduler.queue_job :: MailChimp_WooCommerce_Single_Order starts in 90 seconds :: obj_id 20205
2022-05-14T23:02:35+00:00 NOTICE abandoned_cart.success :: email: valentina.raflo@gmail.com :: checkout_url: https://naturalconexion.com/checkout/?mc_cart_id=ab742c456e4c572d75e76798d9003ff3
2022-05-14T23:02:35+00:00 NOTICE cart.member.updated :: Updated valentina.raflo@gmail.com subscriber status to transactional and language to es
2022-05-14T23:04:33+00:00 NOTICE debug :: Order ID 20205 was pending and is now processing :: Array
(
    [new_order] => 1
    [tracking] => Array
        (
            [campaign_id] => 
            [landing_site] => https://naturalconexion.com/wp-admin/admin-ajax.php
        )

)

2022-05-14T23:06:44+00:00 NOTICE order.member.updated :: Updated valentina.raflo@gmail.com subscriber status to transactional and language to es
2022-05-14T23:06:44+00:00 NOTICE order_submit.success :: addStoreOrder :: #20205 :: email: valentina.raflo@gmail.com :: landing site https://naturalconexion.com/wp-admin/admin-ajax.php :: abandoned cart deleted [ab742c456e4c572d75e76798d9003ff3]
