2022-01-13T00:00:45+00:00 NOTICE action_scheduler.queue_job :: MailChimp_WooCommerce_Single_Order starts in 90 seconds :: obj_id 18257
2022-01-13T00:00:48+00:00 NOTICE debug :: Order ID 18257 was pending and is now processing :: Array
(
    [new_order] => 1
    [tracking] => Array
        (
            [campaign_id] => 
            [landing_site] => https://naturalconexion.com/wp-admin/admin-ajax.php
        )

)

2022-01-13T00:03:28+00:00 NOTICE order.member.updated :: Updated rosarinco@gmail.com subscriber status to subscribed and language to 
2022-01-13T00:03:28+00:00 NOTICE order_submit.success :: addStoreOrder :: #18257 :: email: rosarinco@gmail.com :: landing site https://naturalconexion.com/wp-admin/admin-ajax.php :: abandoned cart deleted [e2aec42b520132f2a2e585bd4b7c1b90]
2022-01-13T00:21:46+00:00 NOTICE action_scheduler.queue_job :: MailChimp_WooCommerce_Cart_Update queued :: obj_id 897297cd72520bf518b8b2bf8343e9cb
2022-01-13T00:21:47+00:00 NOTICE abandoned_cart.success :: email: dianafv207@gmail.com :: checkout_url: https://naturalconexion.com/checkout/?mc_cart_id=897297cd72520bf518b8b2bf8343e9cb
2022-01-13T00:21:47+00:00 NOTICE cart.member.updated :: Updated dianafv207@gmail.com subscriber status to transactional and language to es
2022-01-13T00:22:26+00:00 NOTICE action_scheduler.queue_job :: MailChimp_WooCommerce_Single_Order starts in 90 seconds :: obj_id 18258
2022-01-13T00:24:36+00:00 NOTICE order_sumbit :: #18258 has a financial status of pending and was skipped.
2022-01-13T01:50:00+00:00 NOTICE action_scheduler.queue_job :: MailChimp_WooCommerce_Single_Order starts in 90 seconds :: obj_id 18258
2022-01-13T01:50:00+00:00 NOTICE debug :: Order ID 18258 was pending and is now cancelled :: Array
(
    [new_order] => 
    [tracking] => 
)

2022-01-13T01:52:15+00:00 NOTICE order_sumbit :: #18258 has a financial status of cancelled and was skipped.
2022-01-13T02:36:14+00:00 NOTICE action_scheduler.queue_job :: MailChimp_WooCommerce_Cart_Update queued :: obj_id 643ea450a6da1f945a694ba8131c94a4
2022-01-13T02:36:26+00:00 NOTICE abandoned_cart.success :: email: paulalondo@gmail.com :: checkout_url: https://naturalconexion.com/checkout/?mc_cart_id=643ea450a6da1f945a694ba8131c94a4
2022-01-13T02:36:26+00:00 NOTICE cart.member.updated :: Updated paulalondo@gmail.com subscriber status to subscribed and language to es
2022-01-13T02:37:30+00:00 NOTICE action_scheduler.queue_job :: MailChimp_WooCommerce_Single_Order starts in 90 seconds :: obj_id 18259
2022-01-13T02:39:42+00:00 NOTICE order_sumbit :: #18259 has a financial status of pending and was skipped.
2022-01-13T02:40:58+00:00 NOTICE action_scheduler.queue_job :: MailChimp_WooCommerce_Single_Order starts in 90 seconds :: obj_id 18259
2022-01-13T02:41:01+00:00 NOTICE debug :: Order ID 18259 was pending and is now processing :: Array
(
    [new_order] => 1
    [tracking] => Array
        (
            [campaign_id] => 
            [landing_site] => https://naturalconexion.com/wp-admin/admin-ajax.php
        )

)

2022-01-13T02:43:19+00:00 NOTICE order.member.updated :: Updated paulalondo@gmail.com subscriber status to subscribed and language to 
2022-01-13T02:43:19+00:00 NOTICE order_submit.success :: addStoreOrder :: #18259 :: email: paulalondo@gmail.com :: landing site https://naturalconexion.com/wp-admin/admin-ajax.php :: abandoned cart deleted [643ea450a6da1f945a694ba8131c94a4]
2022-01-13T12:58:39+00:00 NOTICE action_scheduler.queue_job :: MailChimp_WooCommerce_Single_Product starts in 5 seconds :: obj_id 7604
2022-01-13T12:58:50+00:00 NOTICE action_scheduler.queue_job :: MailChimp_WooCommerce_Single_Product starts in 5 seconds :: obj_id 7541
2022-01-13T12:58:58+00:00 NOTICE action_scheduler.queue_job :: MailChimp_WooCommerce_Single_Product starts in 5 seconds :: obj_id 7502
2022-01-13T12:59:11+00:00 NOTICE action_scheduler.queue_job :: MailChimp_WooCommerce_Single_Product starts in 5 seconds :: obj_id 7431
2022-01-13T12:59:23+00:00 NOTICE product_submit.success :: updateStoreProduct :: #7604
2022-01-13T12:59:24+00:00 NOTICE product_submit.success :: updateStoreProduct :: #7541
2022-01-13T12:59:25+00:00 NOTICE product_submit.success :: updateStoreProduct :: #7502
2022-01-13T12:59:25+00:00 NOTICE product_submit.success :: updateStoreProduct :: #7431
2022-01-13T13:00:51+00:00 NOTICE action_scheduler.queue_job :: MailChimp_WooCommerce_Single_Product starts in 5 seconds :: obj_id 7579
2022-01-13T13:01:21+00:00 NOTICE product_submit.success :: updateStoreProduct :: #7579
2022-01-13T13:01:31+00:00 NOTICE action_scheduler.queue_job :: MailChimp_WooCommerce_Single_Product starts in 5 seconds :: obj_id 7431
2022-01-13T13:02:21+00:00 NOTICE product_submit.success :: updateStoreProduct :: #7431
2022-01-13T13:02:29+00:00 NOTICE action_scheduler.queue_job :: MailChimp_WooCommerce_Single_Product starts in 5 seconds :: obj_id 7541
2022-01-13T13:02:40+00:00 NOTICE action_scheduler.queue_job :: MailChimp_WooCommerce_Single_Product starts in 5 seconds :: obj_id 7502
2022-01-13T13:03:07+00:00 NOTICE action_scheduler.queue_job :: MailChimp_WooCommerce_Single_Product starts in 5 seconds :: obj_id 7604
2022-01-13T13:03:19+00:00 NOTICE product_submit.success :: updateStoreProduct :: #7541
2022-01-13T13:03:20+00:00 NOTICE product_submit.success :: updateStoreProduct :: #7502
2022-01-13T13:03:20+00:00 NOTICE product_submit.success :: updateStoreProduct :: #7604
2022-01-13T13:03:36+00:00 NOTICE action_scheduler.queue_job :: MailChimp_WooCommerce_Single_Product starts in 5 seconds :: obj_id 7579
2022-01-13T13:04:19+00:00 NOTICE product_submit.success :: updateStoreProduct :: #7579
2022-01-13T13:06:25+00:00 NOTICE action_scheduler.queue_job :: MailChimp_WooCommerce_Single_Product starts in 5 seconds :: obj_id 7515
2022-01-13T13:06:44+00:00 NOTICE product_submit.success :: updateStoreProduct :: #7515
2022-01-13T13:09:17+00:00 NOTICE action_scheduler.queue_job :: MailChimp_WooCommerce_Single_Order starts in 90 seconds :: obj_id 18261
2022-01-13T13:10:30+00:00 NOTICE action_scheduler.queue_job :: MailChimp_WooCommerce_Single_Product starts in 5 seconds :: obj_id 7486
2022-01-13T13:10:57+00:00 NOTICE product_submit.success :: updateStoreProduct :: #7486
2022-01-13T13:10:58+00:00 NOTICE order_sumbit :: #18261 has a financial status of pending and was skipped.
2022-01-13T13:13:09+00:00 NOTICE action_scheduler.queue_job :: MailChimp_WooCommerce_Single_Product starts in 5 seconds :: obj_id 7488
2022-01-13T13:13:21+00:00 NOTICE product_submit.success :: updateStoreProduct :: #7488
2022-01-13T13:13:40+00:00 NOTICE action_scheduler.queue_job :: MailChimp_WooCommerce_Single_Order starts in 90 seconds :: obj_id 18262
2022-01-13T13:14:38+00:00 NOTICE action_scheduler.queue_job :: MailChimp_WooCommerce_Single_Product starts in 5 seconds :: obj_id 7488
2022-01-13T13:15:13+00:00 NOTICE product_submit.success :: updateStoreProduct :: #7488
2022-01-13T13:15:13+00:00 NOTICE order_sumbit :: #18262 has a financial status of pending and was skipped.
2022-01-13T13:15:56+00:00 NOTICE action_scheduler.queue_job :: MailChimp_WooCommerce_Single_Order starts in 90 seconds :: obj_id 18262
2022-01-13T13:15:58+00:00 NOTICE debug :: Order ID 18262 was pending and is now processing :: Array
(
    [new_order] => 1
    [tracking] => Array
        (
            [campaign_id] => 
            [landing_site] => https://naturalconexion.com/?wc-ajax=get_refreshed_fragments
        )

)

2022-01-13T13:18:34+00:00 NOTICE order.member.updated :: Updated Msanchezh1922@gmail.com subscriber status to subscribed and language to 
2022-01-13T13:18:34+00:00 NOTICE order_submit.success :: addStoreOrder :: #18262 :: email: Msanchezh1922@gmail.com :: landing site https://naturalconexion.com/?wc-ajax=get_refreshed_fragments
2022-01-13T13:41:48+00:00 NOTICE action_scheduler.queue_job :: MailChimp_WooCommerce_Cart_Update queued :: obj_id 9c44f6bedfcac3db170cf1a01e655be0
2022-01-13T13:42:28+00:00 NOTICE abandoned_cart.success :: email: diacar26@hotmail.com :: checkout_url: https://naturalconexion.com/checkout/?mc_cart_id=9c44f6bedfcac3db170cf1a01e655be0
2022-01-13T13:42:29+00:00 NOTICE cart.member.updated :: Updated diacar26@hotmail.com subscriber status to transactional and language to es
2022-01-13T13:45:54+00:00 NOTICE action_scheduler.queue_job :: MailChimp_WooCommerce_Single_Order starts in 90 seconds :: obj_id 18251
2022-01-13T13:45:55+00:00 NOTICE debug :: Order ID 18251 was processing and is now completed :: Array
(
    [new_order] => 
    [tracking] => 
)

2022-01-13T13:45:56+00:00 NOTICE action_scheduler.queue_job :: MailChimp_WooCommerce_Single_Order starts in 90 seconds :: obj_id 18252
2022-01-13T13:45:57+00:00 NOTICE debug :: Order ID 18252 was processing and is now completed :: Array
(
    [new_order] => 
    [tracking] => 
)

2022-01-13T13:45:57+00:00 NOTICE action_scheduler.queue_job :: MailChimp_WooCommerce_Single_Order starts in 90 seconds :: obj_id 18253
2022-01-13T13:45:58+00:00 NOTICE debug :: Order ID 18253 was processing and is now completed :: Array
(
    [new_order] => 
    [tracking] => 
)

2022-01-13T13:45:58+00:00 NOTICE action_scheduler.queue_job :: MailChimp_WooCommerce_Single_Order starts in 90 seconds :: obj_id 18254
2022-01-13T13:45:59+00:00 NOTICE debug :: Order ID 18254 was processing and is now completed :: Array
(
    [new_order] => 
    [tracking] => 
)

2022-01-13T13:45:59+00:00 NOTICE action_scheduler.queue_job :: MailChimp_WooCommerce_Single_Order starts in 90 seconds :: obj_id 18255
2022-01-13T13:45:59+00:00 NOTICE debug :: Order ID 18255 was processing and is now completed :: Array
(
    [new_order] => 
    [tracking] => 
)

2022-01-13T13:45:59+00:00 NOTICE action_scheduler.queue_job :: MailChimp_WooCommerce_Single_Order starts in 90 seconds :: obj_id 18256
2022-01-13T13:46:00+00:00 NOTICE debug :: Order ID 18256 was processing and is now completed :: Array
(
    [new_order] => 
    [tracking] => 
)

2022-01-13T13:46:00+00:00 NOTICE action_scheduler.queue_job :: MailChimp_WooCommerce_Single_Order starts in 90 seconds :: obj_id 18257
2022-01-13T13:46:01+00:00 NOTICE debug :: Order ID 18257 was processing and is now completed :: Array
(
    [new_order] => 
    [tracking] => 
)

2022-01-13T13:46:01+00:00 NOTICE action_scheduler.queue_job :: MailChimp_WooCommerce_Single_Order starts in 90 seconds :: obj_id 18259
2022-01-13T13:46:02+00:00 NOTICE debug :: Order ID 18259 was processing and is now completed :: Array
(
    [new_order] => 
    [tracking] => 
)

2022-01-13T13:46:02+00:00 NOTICE action_scheduler.queue_job :: MailChimp_WooCommerce_Single_Order starts in 90 seconds :: obj_id 18262
2022-01-13T13:46:03+00:00 NOTICE debug :: Order ID 18262 was processing and is now completed :: Array
(
    [new_order] => 
    [tracking] => 
)

2022-01-13T13:48:08+00:00 NOTICE order.member.updated :: Updated verok26942@gmail.com subscriber status to transactional and language to 
2022-01-13T13:48:08+00:00 NOTICE order_submit.success :: updateStoreOrder :: #18251 :: email: verok26942@gmail.com
2022-01-13T13:48:09+00:00 NOTICE order.member.updated :: Updated morobafa@yahoo.es subscriber status to subscribed and language to 
2022-01-13T13:48:09+00:00 NOTICE order_submit.success :: updateStoreOrder :: #18252 :: email: morobafa@yahoo.es
2022-01-13T13:48:10+00:00 NOTICE order.member.updated :: Updated dianapaolamunozc@gmail.com subscriber status to subscribed and language to 
2022-01-13T13:48:10+00:00 NOTICE order_submit.success :: updateStoreOrder :: #18253 :: email: dianapaolamunozc@gmail.com
2022-01-13T13:48:11+00:00 NOTICE order.member.updated :: Updated alixdanelarojasjimenez@gmail.com subscriber status to subscribed and language to 
2022-01-13T13:48:11+00:00 NOTICE order_submit.success :: updateStoreOrder :: #18254 :: email: alixdanelarojasjimenez@gmail.com
2022-01-13T13:48:13+00:00 NOTICE order.member.updated :: Updated leidym10@hotmail.com subscriber status to subscribed and language to 
2022-01-13T13:48:13+00:00 NOTICE order_submit.success :: updateStoreOrder :: #18255 :: email: leidym10@hotmail.com
2022-01-13T13:48:16+00:00 NOTICE order.member.updated :: Updated niniguerrier@gmail.com subscriber status to subscribed and language to 
2022-01-13T13:48:16+00:00 NOTICE order_submit.success :: updateStoreOrder :: #18256 :: email: niniguerrier@gmail.com
2022-01-13T13:48:19+00:00 NOTICE order.member.updated :: Updated rosarinco@gmail.com subscriber status to subscribed and language to 
2022-01-13T13:48:19+00:00 NOTICE order_submit.success :: updateStoreOrder :: #18257 :: email: rosarinco@gmail.com
2022-01-13T13:48:23+00:00 NOTICE order.member.updated :: Updated paulalondo@gmail.com subscriber status to subscribed and language to 
2022-01-13T13:48:23+00:00 NOTICE order_submit.success :: updateStoreOrder :: #18259 :: email: paulalondo@gmail.com
2022-01-13T13:48:27+00:00 NOTICE order.member.updated :: Updated Msanchezh1922@gmail.com subscriber status to subscribed and language to 
2022-01-13T13:48:27+00:00 NOTICE order_submit.success :: updateStoreOrder :: #18262 :: email: Msanchezh1922@gmail.com
2022-01-13T13:49:34+00:00 NOTICE action_scheduler.queue_job :: MailChimp_WooCommerce_Cart_Update queued :: obj_id 9c44f6bedfcac3db170cf1a01e655be0
2022-01-13T13:50:27+00:00 NOTICE abandoned_cart.success :: email: diacar26@hotmail.com :: checkout_url: https://naturalconexion.com/checkout/?mc_cart_id=9c44f6bedfcac3db170cf1a01e655be0
2022-01-13T13:51:53+00:00 NOTICE action_scheduler.queue_job :: MailChimp_WooCommerce_Cart_Update queued :: obj_id 9c44f6bedfcac3db170cf1a01e655be0
2022-01-13T13:52:28+00:00 NOTICE abandoned_cart.success :: email: diacar26@hotmail.com :: checkout_url: https://naturalconexion.com/checkout/?mc_cart_id=9c44f6bedfcac3db170cf1a01e655be0
2022-01-13T13:55:30+00:00 NOTICE action_scheduler.queue_job :: MailChimp_WooCommerce_Cart_Update queued :: obj_id 9c44f6bedfcac3db170cf1a01e655be0
2022-01-13T13:56:10+00:00 NOTICE abandoned_cart.success :: email: diacar26@hotmail.com :: checkout_url: https://naturalconexion.com/checkout/?mc_cart_id=9c44f6bedfcac3db170cf1a01e655be0
2022-01-13T13:56:59+00:00 NOTICE action_scheduler.queue_job :: MailChimp_WooCommerce_Cart_Update queued :: obj_id 9c44f6bedfcac3db170cf1a01e655be0
2022-01-13T13:57:15+00:00 NOTICE abandoned_cart.success :: email: diacar26@hotmail.com :: checkout_url: https://naturalconexion.com/checkout/?mc_cart_id=9c44f6bedfcac3db170cf1a01e655be0
2022-01-13T13:59:07+00:00 NOTICE action_scheduler.queue_job :: MailChimp_WooCommerce_Single_Order starts in 90 seconds :: obj_id 18263
2022-01-13T14:01:23+00:00 NOTICE order_sumbit :: #18263 has a financial status of pending and was skipped.
2022-01-13T15:02:53+00:00 NOTICE action_scheduler.queue_job :: MailChimp_WooCommerce_Single_Order starts in 90 seconds :: obj_id 18261
2022-01-13T15:02:53+00:00 NOTICE debug :: Order ID 18261 was pending and is now cancelled :: Array
(
    [new_order] => 
    [tracking] => 
)

2022-01-13T15:02:53+00:00 NOTICE action_scheduler.queue_job :: MailChimp_WooCommerce_Single_Order starts in 90 seconds :: obj_id 18263
2022-01-13T15:02:53+00:00 NOTICE debug :: Order ID 18263 was pending and is now cancelled :: Array
(
    [new_order] => 
    [tracking] => 
)

2022-01-13T15:05:19+00:00 NOTICE order_sumbit :: #18261 has a financial status of cancelled and was skipped.
2022-01-13T15:05:19+00:00 NOTICE order_sumbit :: #18263 has a financial status of cancelled and was skipped.
2022-01-13T15:27:42+00:00 NOTICE action_scheduler.queue_job :: MailChimp_WooCommerce_Cart_Update queued :: obj_id 2d2e8757414fa711ec9918c7f13fe0d2
2022-01-13T15:27:43+00:00 NOTICE abandoned_cart.success :: email: johanacriolloa@gmail.com :: checkout_url: https://naturalconexion.com/checkout/?mc_cart_id=2d2e8757414fa711ec9918c7f13fe0d2
2022-01-13T15:27:44+00:00 NOTICE cart.member.updated :: Updated johanacriolloa@gmail.com subscriber status to transactional and language to es
2022-01-13T15:30:01+00:00 NOTICE action_scheduler.queue_job :: MailChimp_WooCommerce_Single_Order starts in 90 seconds :: obj_id 18264
2022-01-13T15:32:51+00:00 NOTICE debug :: Order ID 18264 was pending and is now processing :: Array
(
    [new_order] => 1
    [tracking] => Array
        (
            [campaign_id] => 
            [landing_site] => https://naturalconexion.com/wp-admin/admin-ajax.php
        )

)

2022-01-13T15:34:24+00:00 NOTICE order.member.updated :: Updated johanacriolloa@gmail.com subscriber status to subscribed and language to es
2022-01-13T15:34:24+00:00 NOTICE order_submit.success :: addStoreOrder :: #18264 :: email: johanacriolloa@gmail.com :: landing site https://naturalconexion.com/wp-admin/admin-ajax.php :: abandoned cart deleted [2d2e8757414fa711ec9918c7f13fe0d2]
2022-01-13T15:47:26+00:00 NOTICE action_scheduler.queue_job :: MailChimp_WooCommerce_Cart_Update queued :: obj_id 31df626e8d6cf0a042015550ac04f04c
2022-01-13T15:47:45+00:00 NOTICE action_scheduler.queue_job :: MailChimp_WooCommerce_Cart_Update queued :: obj_id 5fbd9a5f387c1d0b9716760f4cf73aea
2022-01-13T15:47:56+00:00 NOTICE action_scheduler.queue_job :: MailChimp_WooCommerce_Single_Order starts in 90 seconds :: obj_id 18265
2022-01-13T15:48:09+00:00 NOTICE abandoned_cart.success :: email: jips56@hotmail.com :: checkout_url: https://naturalconexion.com/checkout/?mc_cart_id=31df626e8d6cf0a042015550ac04f04c
2022-01-13T15:48:10+00:00 NOTICE cart.member.updated :: Updated jips56@hotmail.com subscriber status to transactional and language to es
2022-01-13T15:48:10+00:00 NOTICE abandoned_cart.success :: email: cindypao018@hotmail.com :: checkout_url: https://naturalconexion.com/checkout/?mc_cart_id=5fbd9a5f387c1d0b9716760f4cf73aea
2022-01-13T15:48:11+00:00 NOTICE cart.member.updated :: Updated cindypao018@hotmail.com subscriber status to subscribed and language to es
2022-01-13T15:49:35+00:00 NOTICE order_sumbit :: #18265 has a financial status of pending and was skipped.
2022-01-13T16:19:26+00:00 NOTICE action_scheduler.queue_job :: MailChimp_WooCommerce_Cart_Update queued :: obj_id 83ec1ba2a3af2e11d2694107eee5e136
2022-01-13T16:20:15+00:00 NOTICE action_scheduler.queue_job :: MailChimp_WooCommerce_Single_Order starts in 90 seconds :: obj_id 18266
2022-01-13T16:20:18+00:00 NOTICE abandoned_cart.success :: email: churra.94@hotmail.com :: checkout_url: https://naturalconexion.com/checkout/?mc_cart_id=83ec1ba2a3af2e11d2694107eee5e136
2022-01-13T16:20:18+00:00 NOTICE cart.member.updated :: Updated churra.94@hotmail.com subscriber status to transactional and language to es
2022-01-13T16:20:57+00:00 NOTICE debug :: Order ID 18266 was pending and is now processing :: Array
(
    [new_order] => 1
    [tracking] => Array
        (
            [campaign_id] => 
            [landing_site] => https://naturalconexion.com/wp-admin/admin-ajax.php
        )

)

2022-01-13T16:23:16+00:00 NOTICE order.member.updated :: Updated churra.94@hotmail.com subscriber status to subscribed and language to es
2022-01-13T16:23:16+00:00 NOTICE order_submit.success :: addStoreOrder :: #18266 :: email: churra.94@hotmail.com :: landing site https://naturalconexion.com/wp-admin/admin-ajax.php :: abandoned cart deleted [83ec1ba2a3af2e11d2694107eee5e136]
2022-01-13T16:49:06+00:00 NOTICE action_scheduler.queue_job :: MailChimp_WooCommerce_Cart_Update queued :: obj_id c6e3e0c649dd2dfc83ceb170b73b07f2
2022-01-13T16:49:21+00:00 NOTICE abandoned_cart.success :: email: rdiazs1@gmail.com :: checkout_url: https://naturalconexion.com/checkout/?mc_cart_id=c6e3e0c649dd2dfc83ceb170b73b07f2
2022-01-13T16:49:22+00:00 NOTICE cart.member.updated :: Updated rdiazs1@gmail.com subscriber status to unsubscribed and language to es
2022-01-13T17:02:55+00:00 NOTICE action_scheduler.queue_job :: MailChimp_WooCommerce_Single_Order starts in 90 seconds :: obj_id 18265
2022-01-13T17:02:55+00:00 NOTICE debug :: Order ID 18265 was pending and is now cancelled :: Array
(
    [new_order] => 
    [tracking] => 
)

2022-01-13T17:04:38+00:00 NOTICE order_sumbit :: #18265 has a financial status of cancelled and was skipped.
2022-01-13T17:06:59+00:00 NOTICE action_scheduler.queue_job :: MailChimp_WooCommerce_Cart_Update queued :: obj_id 96b507f9d4c2050716693216ad173aa2
2022-01-13T17:07:01+00:00 NOTICE abandoned_cart.success :: email: alejaparra526@gmail.com :: checkout_url: https://naturalconexion.com/checkout/?mc_cart_id=96b507f9d4c2050716693216ad173aa2
2022-01-13T17:07:02+00:00 NOTICE cart.member.updated :: Updated alejaparra526@gmail.com subscriber status to transactional and language to es
2022-01-13T17:07:23+00:00 NOTICE action_scheduler.queue_job :: MailChimp_WooCommerce_Single_Order starts in 90 seconds :: obj_id 18267
2022-01-13T17:09:22+00:00 NOTICE order_sumbit :: #18267 has a financial status of pending and was skipped.
2022-01-13T17:12:50+00:00 NOTICE action_scheduler.queue_job :: MailChimp_WooCommerce_Single_Order starts in 90 seconds :: obj_id 18265
2022-01-13T17:12:53+00:00 NOTICE debug :: Order ID 18265 was cancelled and is now processing :: Array
(
    [new_order] => 
    [tracking] => 
)

2022-01-13T17:14:28+00:00 NOTICE order.member.updated :: Updated cindypao018@hotmail.com subscriber status to subscribed and language to 
2022-01-13T17:14:28+00:00 NOTICE order_submit.success :: addStoreOrder :: #18265 :: email: cindypao018@hotmail.com :: landing site https://naturalconexion.com/wp-admin/admin-ajax.php
2022-01-13T17:17:10+00:00 NOTICE action_scheduler.queue_job :: MailChimp_WooCommerce_Single_Order starts in 90 seconds :: obj_id 18263
2022-01-13T17:17:15+00:00 NOTICE debug :: Order ID 18263 was cancelled and is now processing :: Array
(
    [new_order] => 
    [tracking] => 
)

2022-01-13T17:17:15+00:00 NOTICE action_scheduler.queue_job :: MailChimp_WooCommerce_User_Submit queued :: obj_id 1963
2022-01-13T17:17:22+00:00 NOTICE member.sync :: Updated Member diacar26@hotmail.com :: Array
(
    [previous_status] => transactional
    [status] => 1
    [merge_fields] => Array
        (
            [FNAME] => Diana Marcela
            [LNAME] => Carreño
        )

)

2022-01-13T17:19:27+00:00 NOTICE order.member.updated :: Updated diacar26@hotmail.com subscriber status to subscribed and language to 
2022-01-13T17:19:27+00:00 NOTICE order_submit.success :: addStoreOrder :: #18263 :: email: diacar26@hotmail.com :: landing site https://naturalconexion.com/wp-admin/admin-ajax.php
2022-01-13T17:20:56+00:00 NOTICE action_scheduler.queue_job :: MailChimp_WooCommerce_Single_Product starts in 5 seconds :: obj_id 7687
2022-01-13T17:21:35+00:00 NOTICE product_submit.success :: updateStoreProduct :: #7687
2022-01-13T17:49:17+00:00 NOTICE action_scheduler.queue_job :: MailChimp_WooCommerce_User_Submit queued :: obj_id 1923
2022-01-13T17:49:21+00:00 NOTICE member.sync :: Updated Member cindymilena.30@hotmail.com ( merge fields only ) :: Array
(
    [merge_fields] => Array
        (
            [FNAME] => Milena
            [LNAME] => Yarce
        )

)

2022-01-13T18:00:54+00:00 NOTICE action_scheduler.queue_job :: MailChimp_WooCommerce_Single_Order starts in 90 seconds :: obj_id 18269
2022-01-13T18:02:10+00:00 NOTICE action_scheduler.queue_job :: MailChimp_WooCommerce_User_Submit queued :: obj_id 1
2022-01-13T18:02:24+00:00 ERROR member.sync :: hola@naturalconexion.com :: Error Code 400 :: hola@naturalconexion.com is in a compliance state due to unsubscribe, bounce, or compliance review and cannot be subscribed. on 1898 in /home/forge/naturalconexion.com/wp-content/plugins/mailchimp-for-woocommerce/includes/api/class-mailchimp-api.php
2022-01-13T18:02:26+00:00 NOTICE order_sumbit :: #18269 has a financial status of pending and was skipped.
2022-01-13T18:02:53+00:00 NOTICE action_scheduler.queue_job :: MailChimp_WooCommerce_Single_Order starts in 90 seconds :: obj_id 18269
2022-01-13T18:02:56+00:00 NOTICE debug :: Order ID 18269 was pending and is now processing :: Array
(
    [new_order] => 1
    [tracking] => Array
        (
            [campaign_id] => 
            [landing_site] => https://naturalconexion.com/wp-admin/admin-ajax.php
        )

)

2022-01-13T18:04:24+00:00 NOTICE order.member.updated :: Updated rdiazs1@gmail.com subscriber status to unsubscribed and language to 
2022-01-13T18:04:24+00:00 NOTICE order_submit.success :: addStoreOrder :: #18269 :: email: rdiazs1@gmail.com :: landing site https://naturalconexion.com/wp-admin/admin-ajax.php :: abandoned cart deleted [c6e3e0c649dd2dfc83ceb170b73b07f2]
2022-01-13T18:14:55+00:00 NOTICE action_scheduler.queue_job :: MailChimp_WooCommerce_Cart_Update queued :: obj_id 897297cd72520bf518b8b2bf8343e9cb
2022-01-13T18:15:32+00:00 NOTICE abandoned_cart.success :: email: dianafv207@gmail.com :: checkout_url: https://naturalconexion.com/checkout/?mc_cart_id=897297cd72520bf518b8b2bf8343e9cb
2022-01-13T18:15:33+00:00 NOTICE cart.member.updated :: Updated dianafv207@gmail.com subscriber status to transactional and language to es
2022-01-13T18:17:02+00:00 NOTICE action_scheduler.queue_job :: MailChimp_WooCommerce_Cart_Update queued :: obj_id 897297cd72520bf518b8b2bf8343e9cb
2022-01-13T18:17:05+00:00 NOTICE abandoned_cart.success :: email: dianafv207@gmail.com :: checkout_url: https://naturalconexion.com/checkout/?mc_cart_id=897297cd72520bf518b8b2bf8343e9cb
2022-01-13T18:17:50+00:00 NOTICE action_scheduler.queue_job :: MailChimp_WooCommerce_Single_Order starts in 90 seconds :: obj_id 18270
2022-01-13T18:18:31+00:00 NOTICE debug :: Order ID 18270 was pending and is now processing :: Array
(
    [new_order] => 1
    [tracking] => Array
        (
            [campaign_id] => 
            [landing_site] => https://naturalconexion.com/wp-admin/admin-ajax.php
        )

)

2022-01-13T18:21:11+00:00 NOTICE order.member.updated :: Updated Dianafv207@gmail.com subscriber status to subscribed and language to es
2022-01-13T18:21:11+00:00 NOTICE order_submit.success :: addStoreOrder :: #18270 :: email: Dianafv207@gmail.com :: landing site https://naturalconexion.com/wp-admin/admin-ajax.php :: abandoned cart deleted [897297cd72520bf518b8b2bf8343e9cb]
2022-01-13T18:30:43+00:00 NOTICE action_scheduler.queue_job :: MailChimp_WooCommerce_Cart_Update queued :: obj_id 029addebac95d81bd420a735e279fc87
2022-01-13T18:30:44+00:00 NOTICE abandoned_cart.success :: email: acleona19@gmail.com :: checkout_url: https://naturalconexion.com/checkout/?mc_cart_id=029addebac95d81bd420a735e279fc87
2022-01-13T18:30:44+00:00 NOTICE cart.member.updated :: Updated acleona19@gmail.com subscriber status to transactional and language to es
2022-01-13T18:31:24+00:00 NOTICE action_scheduler.queue_job :: MailChimp_WooCommerce_User_Submit queued :: obj_id 2006
2022-01-13T18:31:25+00:00 NOTICE action_scheduler.queue_job :: MailChimp_WooCommerce_Single_Order starts in 90 seconds :: obj_id 18271
2022-01-13T18:31:48+00:00 NOTICE member.sync :: Updated Member acleona19@gmail.com :: Array
(
    [previous_status] => transactional
    [status] => 1
    [merge_fields] => Array
        (
            [FNAME] => Andrea
            [LNAME] => Ceballos Marulanda
        )

)

2022-01-13T18:33:24+00:00 NOTICE order_sumbit :: #18271 has a financial status of pending and was skipped.
2022-01-13T18:34:35+00:00 NOTICE action_scheduler.queue_job :: MailChimp_WooCommerce_Single_Order starts in 90 seconds :: obj_id 18271
2022-01-13T18:34:37+00:00 NOTICE debug :: Order ID 18271 was pending and is now processing :: Array
(
    [new_order] => 1
    [tracking] => Array
        (
            [campaign_id] => 
            [landing_site] => https://naturalconexion.com/wp-admin/admin-ajax.php
        )

)

2022-01-13T18:34:37+00:00 NOTICE action_scheduler.queue_job :: MailChimp_WooCommerce_User_Submit queued :: obj_id 2006
2022-01-13T18:34:58+00:00 NOTICE member.sync :: Updated Member acleona19@gmail.com ( merge fields only ) :: Array
(
    [merge_fields] => Array
        (
            [FNAME] => Andrea
            [LNAME] => Ceballos Marulanda
        )

)

2022-01-13T18:36:08+00:00 NOTICE order.member.updated :: Updated acleona19@gmail.com subscriber status to subscribed and language to 
2022-01-13T18:36:08+00:00 NOTICE order_submit.success :: addStoreOrder :: #18271 :: email: acleona19@gmail.com :: landing site https://naturalconexion.com/wp-admin/admin-ajax.php :: abandoned cart deleted [029addebac95d81bd420a735e279fc87]
2022-01-13T19:03:05+00:00 NOTICE action_scheduler.queue_job :: MailChimp_WooCommerce_Single_Order starts in 90 seconds :: obj_id 18267
2022-01-13T19:03:05+00:00 NOTICE debug :: Order ID 18267 was pending and is now cancelled :: Array
(
    [new_order] => 
    [tracking] => 
)

2022-01-13T19:05:07+00:00 NOTICE order_sumbit :: #18267 has a financial status of cancelled and was skipped.
2022-01-13T19:08:17+00:00 NOTICE action_scheduler.queue_job :: MailChimp_WooCommerce_Single_Order starts in 90 seconds :: obj_id 18272
2022-01-13T19:10:21+00:00 NOTICE order_sumbit :: #18272 has a financial status of pending and was skipped.
2022-01-13T20:33:08+00:00 NOTICE action_scheduler.queue_job :: MailChimp_WooCommerce_Cart_Update queued :: obj_id 0d08f7e65f686dd6cd82e775f057f098
2022-01-13T20:33:23+00:00 NOTICE abandoned_cart.success :: email: luz_6315@hotmail.com :: checkout_url: https://naturalconexion.com/checkout/?mc_cart_id=0d08f7e65f686dd6cd82e775f057f098
2022-01-13T20:33:24+00:00 NOTICE cart.member.updated :: Updated luz_6315@hotmail.com subscriber status to subscribed and language to es
2022-01-13T20:34:15+00:00 NOTICE action_scheduler.queue_job :: MailChimp_WooCommerce_Single_Order starts in 90 seconds :: obj_id 18273
2022-01-13T20:36:56+00:00 NOTICE debug :: Order ID 18273 was pending and is now processing :: Array
(
    [new_order] => 1
    [tracking] => Array
        (
            [campaign_id] => 
            [landing_site] => https://naturalconexion.com/wp-admin/admin-ajax.php
        )

)

2022-01-13T20:38:32+00:00 NOTICE order.member.updated :: Updated luz_6315@hotmail.com subscriber status to subscribed and language to es
2022-01-13T20:38:32+00:00 NOTICE order_submit.success :: addStoreOrder :: #18273 :: email: luz_6315@hotmail.com :: landing site https://naturalconexion.com/wp-admin/admin-ajax.php :: abandoned cart deleted [0d08f7e65f686dd6cd82e775f057f098]
2022-01-13T20:59:54+00:00 NOTICE action_scheduler.queue_job :: MailChimp_WooCommerce_User_Submit queued :: obj_id 1
2022-01-13T21:00:00+00:00 ERROR member.sync :: hola@naturalconexion.com :: Error Code 400 :: hola@naturalconexion.com is in a compliance state due to unsubscribe, bounce, or compliance review and cannot be subscribed. on 1898 in /home/forge/naturalconexion.com/wp-content/plugins/mailchimp-for-woocommerce/includes/api/class-mailchimp-api.php
2022-01-13T21:03:22+00:00 NOTICE action_scheduler.queue_job :: MailChimp_WooCommerce_Single_Order starts in 90 seconds :: obj_id 18272
2022-01-13T21:03:23+00:00 NOTICE debug :: Order ID 18272 was pending and is now cancelled :: Array
(
    [new_order] => 
    [tracking] => 
)

2022-01-13T21:05:23+00:00 NOTICE order_sumbit :: #18272 has a financial status of cancelled and was skipped.
2022-01-13T23:00:46+00:00 NOTICE action_scheduler.queue_job :: MailChimp_WooCommerce_Cart_Update queued :: obj_id 0a95b9000c612a5b9d59ad699918c23c
2022-01-13T23:01:28+00:00 NOTICE abandoned_cart.success :: email: jakiraisa@gmail.com :: checkout_url: https://naturalconexion.com/checkout/?mc_cart_id=0a95b9000c612a5b9d59ad699918c23c
2022-01-13T23:01:28+00:00 NOTICE cart.member.updated :: Updated jakiraisa@gmail.com subscriber status to transactional and language to es
