2023-06-22T13:53:46+00:00 NOTICE action_scheduler.queue_job :: MailChimp_WooCommerce_Single_Product starts in 5 seconds :: obj_id 7486
2023-06-22T13:53:52+00:00 NOTICE product_submit.success :: updateStoreProduct :: #7486
2023-06-22T13:54:30+00:00 NOTICE action_scheduler.queue_job :: MailChimp_WooCommerce_Single_Product starts in 5 seconds :: obj_id 7575
2023-06-22T13:54:56+00:00 NOTICE product_submit.success :: updateStoreProduct :: #7575
2023-06-22T13:58:59+00:00 NOTICE action_scheduler.queue_job :: MailChimp_WooCommerce_Single_Product starts in 5 seconds :: obj_id 7674
2023-06-22T14:00:22+00:00 NOTICE product_submit.success :: updateStoreProduct :: #7674
2023-06-22T14:44:46+00:00 NOTICE action_scheduler.queue_job :: MailChimp_WooCommerce_Single_Order starts in 90 seconds :: obj_id 24885
2023-06-22T14:44:48+00:00 NOTICE debug :: Order ID 24885 was processing and is now completed :: Array
(
    [new_order] => 
    [tracking] => 
)

2023-06-22T14:44:48+00:00 NOTICE action_scheduler.queue_job :: MailChimp_WooCommerce_Single_Order starts in 90 seconds :: obj_id 24888
2023-06-22T14:44:49+00:00 NOTICE debug :: Order ID 24888 was processing and is now completed :: Array
(
    [new_order] => 
    [tracking] => 
)

2023-06-22T14:44:49+00:00 NOTICE action_scheduler.queue_job :: MailChimp_WooCommerce_Single_Order starts in 90 seconds :: obj_id 24897
2023-06-22T14:44:50+00:00 NOTICE debug :: Order ID 24897 was processing and is now completed :: Array
(
    [new_order] => 
    [tracking] => 
)

2023-06-22T14:44:50+00:00 NOTICE action_scheduler.queue_job :: MailChimp_WooCommerce_Single_Order starts in 90 seconds :: obj_id 24898
2023-06-22T14:44:51+00:00 NOTICE debug :: Order ID 24898 was processing and is now completed :: Array
(
    [new_order] => 
    [tracking] => 
)

2023-06-22T14:46:54+00:00 NOTICE order.member.updated :: Updated tatiana.lopez.m@gmail.com subscriber status to subscribed and language to 
2023-06-22T14:46:54+00:00 NOTICE order_submit.success :: updateStoreOrder :: #24885 :: email: tatiana.lopez.m@gmail.com
2023-06-22T14:46:56+00:00 NOTICE order.member.updated :: Updated jenifferbalza@yahoo.com subscriber status to subscribed and language to 
2023-06-22T14:46:56+00:00 NOTICE order_submit.success :: updateStoreOrder :: #24888 :: email: jenifferbalza@yahoo.com
2023-06-22T14:47:00+00:00 NOTICE order.member.updated :: Updated Yeseniapuerta1@outlook.com subscriber status to transactional and language to 
2023-06-22T14:47:00+00:00 NOTICE order_submit.success :: updateStoreOrder :: #24897 :: email: Yeseniapuerta1@outlook.com :: abandoned cart deleted [a010f3044ded04993cbe9f42457f22c1]
2023-06-22T14:47:03+00:00 NOTICE order.member.updated :: Updated ingryvilla@hotmail.com subscriber status to subscribed and language to 
2023-06-22T14:47:03+00:00 NOTICE order_submit.success :: updateStoreOrder :: #24898 :: email: ingryvilla@hotmail.com
2023-06-22T15:37:59+00:00 NOTICE action_scheduler.queue_job :: MailChimp_WooCommerce_Cart_Update queued :: obj_id db4fc29c3bede750ce1329d938b1cb4f
2023-06-22T15:38:00+00:00 NOTICE abandoned_cart.success :: email: diana.psico08@gmail.com :: checkout_url: https://naturalconexion.com/checkout/?mc_cart_id=db4fc29c3bede750ce1329d938b1cb4f
2023-06-22T15:38:01+00:00 NOTICE cart.member.updated :: Updated diana.psico08@gmail.com subscriber status to subscribed and language to es
2023-06-22T15:39:55+00:00 NOTICE action_scheduler.queue_job :: MailChimp_WooCommerce_Cart_Update queued :: obj_id db4fc29c3bede750ce1329d938b1cb4f
2023-06-22T15:40:59+00:00 NOTICE abandoned_cart.success :: email: diana.psico08@gmail.com :: checkout_url: https://naturalconexion.com/checkout/?mc_cart_id=db4fc29c3bede750ce1329d938b1cb4f
2023-06-22T18:24:52+00:00 NOTICE action_scheduler.queue_job :: MailChimp_WooCommerce_Single_Product starts in 5 seconds :: obj_id 18696
2023-06-22T18:25:54+00:00 NOTICE product_submit.success :: addStoreProduct :: #18696
2023-06-22T18:28:30+00:00 NOTICE action_scheduler.queue_job :: MailChimp_WooCommerce_Single_Product starts in 5 seconds :: obj_id 7579
2023-06-22T18:29:06+00:00 NOTICE product_submit.success :: updateStoreProduct :: #7579
2023-06-22T21:25:16+00:00 NOTICE action_scheduler.queue_job :: MailChimp_WooCommerce_Cart_Update queued :: obj_id da5845934d9c2f575a93b81c073fbba9
2023-06-22T21:25:17+00:00 NOTICE abandoned_cart.success :: email: alejandra930114@gmail.com :: checkout_url: https://naturalconexion.com/checkout/?mc_cart_id=da5845934d9c2f575a93b81c073fbba9
2023-06-22T21:25:17+00:00 NOTICE cart.member.updated :: Updated alejandra930114@gmail.com subscriber status to subscribed and language to es
