2022-02-07T00:09:32+00:00 NOTICE action_scheduler.queue_job :: MailChimp_WooCommerce_Cart_Update queued :: obj_id 5907cb642c5c76bca66f80eed64a7ba1
2022-02-07T00:09:48+00:00 NOTICE abandoned_cart.success :: email: tatyarangoa@gmail.com :: checkout_url: https://naturalconexion.com/checkout/?mc_cart_id=5907cb642c5c76bca66f80eed64a7ba1
2022-02-07T00:10:04+00:00 NOTICE action_scheduler.queue_job :: MailChimp_WooCommerce_Cart_Update queued :: obj_id 5907cb642c5c76bca66f80eed64a7ba1
2022-02-07T00:10:56+00:00 NOTICE action_scheduler.queue_job :: MailChimp_WooCommerce_Single_Order starts in 90 seconds :: obj_id 18631
2022-02-07T00:10:57+00:00 NOTICE abandoned_cart.success :: email: tatyarangoa@gmail.com :: checkout_url: https://naturalconexion.com/checkout/?mc_cart_id=5907cb642c5c76bca66f80eed64a7ba1
2022-02-07T00:13:35+00:00 NOTICE order_sumbit :: #18631 has a financial status of pending and was skipped.
2022-02-07T00:13:45+00:00 NOTICE action_scheduler.queue_job :: MailChimp_WooCommerce_Single_Order starts in 90 seconds :: obj_id 18631
2022-02-07T00:13:47+00:00 NOTICE debug :: Order ID 18631 was pending and is now failed :: Array
(
    [new_order] => 
    [tracking] => 
)

2022-02-07T00:16:29+00:00 NOTICE system.debug :: order 18631 is in failed status, and is being skipped for now.
2022-02-07T00:17:25+00:00 NOTICE action_scheduler.queue_job :: MailChimp_WooCommerce_Cart_Update queued :: obj_id 639ab5d009c8acf82db7d330ec28e5f7
2022-02-07T00:17:48+00:00 NOTICE abandoned_cart.success :: email: lunita9091@gmail.com :: checkout_url: https://naturalconexion.com/checkout/?mc_cart_id=639ab5d009c8acf82db7d330ec28e5f7
2022-02-07T00:17:49+00:00 NOTICE cart.member.updated :: Updated lunita9091@gmail.com subscriber status to transactional and language to es
2022-02-07T00:18:40+00:00 NOTICE action_scheduler.queue_job :: MailChimp_WooCommerce_Cart_Update queued :: obj_id 639ab5d009c8acf82db7d330ec28e5f7
2022-02-07T00:18:51+00:00 NOTICE abandoned_cart.success :: email: lunita9091@gmail.com :: checkout_url: https://naturalconexion.com/checkout/?mc_cart_id=639ab5d009c8acf82db7d330ec28e5f7
2022-02-07T00:19:32+00:00 NOTICE action_scheduler.queue_job :: MailChimp_WooCommerce_Single_Order starts in 90 seconds :: obj_id 18632
2022-02-07T00:22:42+00:00 NOTICE order_sumbit :: #18632 has a financial status of pending and was skipped.
2022-02-07T00:22:56+00:00 NOTICE action_scheduler.queue_job :: MailChimp_WooCommerce_Single_Order starts in 90 seconds :: obj_id 18632
2022-02-07T00:22:58+00:00 NOTICE debug :: Order ID 18632 was pending and is now processing :: Array
(
    [new_order] => 1
    [tracking] => Array
        (
            [campaign_id] => 
            [landing_site] => https://naturalconexion.com/wp-admin/admin-ajax.php
        )

)

2022-02-07T00:25:29+00:00 NOTICE order.member.updated :: Updated lunita9091@gmail.com subscriber status to subscribed and language to 
2022-02-07T00:25:29+00:00 NOTICE order_submit.success :: addStoreOrder :: #18632 :: email: lunita9091@gmail.com :: landing site https://naturalconexion.com/wp-admin/admin-ajax.php :: abandoned cart deleted [639ab5d009c8acf82db7d330ec28e5f7]
2022-02-07T00:36:24+00:00 NOTICE action_scheduler.queue_job :: MailChimp_WooCommerce_Single_Order starts in 90 seconds :: obj_id 18633
2022-02-07T00:37:55+00:00 NOTICE debug :: Order ID 18633 was pending and is now processing :: Array
(
    [new_order] => 1
    [tracking] => Array
        (
            [campaign_id] => 
            [landing_site] => https://naturalconexion.com/wp-admin/admin-ajax.php
        )

)

2022-02-07T00:39:59+00:00 NOTICE order.member.updated :: Updated julianagp7@yahoo.es subscriber status to transactional and language to es
2022-02-07T00:39:59+00:00 NOTICE order_submit.success :: addStoreOrder :: #18633 :: email: julianagp7@yahoo.es :: landing site https://naturalconexion.com/wp-admin/admin-ajax.php
2022-02-07T01:48:43+00:00 NOTICE action_scheduler.queue_job :: MailChimp_WooCommerce_Single_Order starts in 90 seconds :: obj_id 18634
2022-02-07T01:48:44+00:00 NOTICE action_scheduler.queue_job :: MailChimp_WooCommerce_Cart_Update queued :: obj_id 17cab4f6d3fcdc0dadc4b7396b26ec90
2022-02-07T01:48:45+00:00 NOTICE abandoned_cart.success :: email: clarsax35@hotmail.com :: checkout_url: https://naturalconexion.com/checkout/?mc_cart_id=17cab4f6d3fcdc0dadc4b7396b26ec90
2022-02-07T01:48:46+00:00 NOTICE cart.member.updated :: Updated clarsax35@hotmail.com subscriber status to transactional and language to es
2022-02-07T01:50:45+00:00 NOTICE order_sumbit :: #18634 has a financial status of pending and was skipped.
2022-02-07T01:50:55+00:00 NOTICE action_scheduler.queue_job :: MailChimp_WooCommerce_Cart_Update queued :: obj_id ed5c24dd31018d003d151b89c8aacdb7
2022-02-07T01:51:54+00:00 NOTICE abandoned_cart.success :: email: obanedwin@hotmail.com :: checkout_url: https://naturalconexion.com/checkout/?mc_cart_id=ed5c24dd31018d003d151b89c8aacdb7
2022-02-07T01:51:55+00:00 NOTICE cart.member.updated :: Updated obanedwin@hotmail.com subscriber status to transactional and language to es
2022-02-07T01:52:09+00:00 NOTICE action_scheduler.queue_job :: MailChimp_WooCommerce_Single_Order starts in 90 seconds :: obj_id 18635
2022-02-07T01:53:50+00:00 NOTICE order_sumbit :: #18635 has a financial status of pending and was skipped.
2022-02-07T02:27:28+00:00 NOTICE action_scheduler.queue_job :: MailChimp_WooCommerce_Single_Order starts in 90 seconds :: obj_id 18636
2022-02-07T02:29:28+00:00 NOTICE order_sumbit :: #18636 has a financial status of pending and was skipped.
2022-02-07T02:37:40+00:00 NOTICE action_scheduler.queue_job :: MailChimp_WooCommerce_Single_Order starts in 90 seconds :: obj_id 18636
2022-02-07T02:37:43+00:00 NOTICE debug :: Order ID 18636 was pending and is now processing :: Array
(
    [new_order] => 1
    [tracking] => Array
        (
            [campaign_id] => 
            [landing_site] => https://naturalconexion.com/wp-admin/admin-ajax.php
        )

)

2022-02-07T02:39:45+00:00 NOTICE order.member.updated :: Updated erika.pq11@gmail.com subscriber status to subscribed and language to 
2022-02-07T02:39:45+00:00 NOTICE order_submit.success :: addStoreOrder :: #18636 :: email: erika.pq11@gmail.com :: landing site https://naturalconexion.com/wp-admin/admin-ajax.php
2022-02-07T03:16:49+00:00 NOTICE action_scheduler.queue_job :: MailChimp_WooCommerce_Single_Order starts in 90 seconds :: obj_id 18634
2022-02-07T03:16:49+00:00 NOTICE debug :: Order ID 18634 was pending and is now cancelled :: Array
(
    [new_order] => 
    [tracking] => 
)

2022-02-07T03:16:50+00:00 NOTICE action_scheduler.queue_job :: MailChimp_WooCommerce_Single_Order starts in 90 seconds :: obj_id 18635
2022-02-07T03:16:50+00:00 NOTICE debug :: Order ID 18635 was pending and is now cancelled :: Array
(
    [new_order] => 
    [tracking] => 
)

2022-02-07T03:20:12+00:00 NOTICE order_sumbit :: #18634 has a financial status of cancelled and was skipped.
2022-02-07T03:20:14+00:00 NOTICE order_sumbit :: #18635 has a financial status of cancelled and was skipped.
2022-02-07T03:38:06+00:00 NOTICE action_scheduler.queue_job :: MailChimp_WooCommerce_Cart_Update queued :: obj_id 0d3746c2dc2763550f540e26b101e740
2022-02-07T03:38:55+00:00 NOTICE abandoned_cart.success :: email: maryuri.inis@gmail.com :: checkout_url: https://naturalconexion.com/checkout/?mc_cart_id=0d3746c2dc2763550f540e26b101e740
2022-02-07T03:38:56+00:00 NOTICE cart.member.updated :: Updated maryuri.inis@gmail.com subscriber status to transactional and language to es
2022-02-07T03:38:57+00:00 NOTICE action_scheduler.queue_job :: MailChimp_WooCommerce_Cart_Update queued :: obj_id 0d3746c2dc2763550f540e26b101e740
2022-02-07T03:39:05+00:00 NOTICE abandoned_cart.success :: email: maryuri.inis@gmail.com :: checkout_url: https://naturalconexion.com/checkout/?mc_cart_id=0d3746c2dc2763550f540e26b101e740
2022-02-07T03:46:28+00:00 NOTICE action_scheduler.queue_job :: MailChimp_WooCommerce_Cart_Update queued :: obj_id 0d3746c2dc2763550f540e26b101e740
2022-02-07T03:46:32+00:00 NOTICE abandoned_cart.success :: email: maryuri.inis@gmail.com :: checkout_url: https://naturalconexion.com/checkout/?mc_cart_id=0d3746c2dc2763550f540e26b101e740
2022-02-07T03:49:47+00:00 NOTICE action_scheduler.queue_job :: MailChimp_WooCommerce_Cart_Update queued :: obj_id 0d3746c2dc2763550f540e26b101e740
2022-02-07T03:50:28+00:00 NOTICE abandoned_cart.success :: email: maryuri.inis@gmail.com :: checkout_url: https://naturalconexion.com/checkout/?mc_cart_id=0d3746c2dc2763550f540e26b101e740
2022-02-07T03:50:59+00:00 NOTICE action_scheduler.queue_job :: MailChimp_WooCommerce_Single_Order starts in 90 seconds :: obj_id 18637
2022-02-07T03:52:47+00:00 NOTICE order_sumbit :: #18637 has a financial status of pending and was skipped.
2022-02-07T03:55:40+00:00 NOTICE action_scheduler.queue_job :: MailChimp_WooCommerce_Cart_Update queued :: obj_id 0d3746c2dc2763550f540e26b101e740
2022-02-07T03:55:44+00:00 NOTICE abandoned_cart.success :: email: maryuri.inis@gmail.com :: checkout_url: https://naturalconexion.com/checkout/?mc_cart_id=0d3746c2dc2763550f540e26b101e740
2022-02-07T03:55:52+00:00 NOTICE action_scheduler.queue_job :: MailChimp_WooCommerce_Cart_Update queued :: obj_id 0d3746c2dc2763550f540e26b101e740
2022-02-07T03:56:23+00:00 NOTICE abandoned_cart.success :: email: maryuri.inis@gmail.com :: checkout_url: https://naturalconexion.com/checkout/?mc_cart_id=0d3746c2dc2763550f540e26b101e740
2022-02-07T03:56:47+00:00 NOTICE action_scheduler.queue_job :: MailChimp_WooCommerce_Single_Order starts in 90 seconds :: obj_id 18638
2022-02-07T03:59:21+00:00 NOTICE order_sumbit :: #18638 has a financial status of pending and was skipped.
2022-02-07T03:59:36+00:00 NOTICE action_scheduler.queue_job :: MailChimp_WooCommerce_Single_Order starts in 90 seconds :: obj_id 18638
2022-02-07T03:59:38+00:00 NOTICE debug :: Order ID 18638 was pending and is now failed :: Array
(
    [new_order] => 
    [tracking] => 
)

2022-02-07T04:01:16+00:00 NOTICE action_scheduler.queue_job :: MailChimp_WooCommerce_Cart_Update queued :: obj_id 0d3746c2dc2763550f540e26b101e740
2022-02-07T04:01:48+00:00 NOTICE system.debug :: order 18638 is in failed status, and is being skipped for now.
2022-02-07T04:01:48+00:00 NOTICE abandoned_cart.success :: email: maryuri.inis@gmail.com :: checkout_url: https://naturalconexion.com/checkout/?mc_cart_id=0d3746c2dc2763550f540e26b101e740
2022-02-07T04:03:10+00:00 NOTICE action_scheduler.queue_job :: MailChimp_WooCommerce_Cart_Update queued :: obj_id 0d3746c2dc2763550f540e26b101e740
2022-02-07T04:03:20+00:00 NOTICE abandoned_cart.success :: email: maryuri.inis@gmail.com :: checkout_url: https://naturalconexion.com/checkout/?mc_cart_id=0d3746c2dc2763550f540e26b101e740
2022-02-07T04:03:47+00:00 NOTICE action_scheduler.queue_job :: MailChimp_WooCommerce_Single_Order starts in 90 seconds :: obj_id 18639
2022-02-07T04:05:39+00:00 NOTICE order_sumbit :: #18639 has a financial status of pending and was skipped.
2022-02-07T04:17:17+00:00 NOTICE action_scheduler.queue_job :: MailChimp_WooCommerce_Single_Order starts in 90 seconds :: obj_id 18640
2022-02-07T04:19:00+00:00 NOTICE order_sumbit :: #18640 has a financial status of pending and was skipped.
2022-02-07T04:19:15+00:00 NOTICE action_scheduler.queue_job :: MailChimp_WooCommerce_Single_Order starts in 90 seconds :: obj_id 18640
2022-02-07T04:19:18+00:00 NOTICE debug :: Order ID 18640 was pending and is now processing :: Array
(
    [new_order] => 1
    [tracking] => Array
        (
            [campaign_id] => 
            [landing_site] => https://naturalconexion.com/wp-admin/admin-ajax.php
        )

)

2022-02-07T04:21:23+00:00 NOTICE order.member.updated :: Updated katacaballero@yahoo.com subscriber status to subscribed and language to 
2022-02-07T04:21:23+00:00 NOTICE order_submit.success :: addStoreOrder :: #18640 :: email: katacaballero@yahoo.com :: landing site https://naturalconexion.com/wp-admin/admin-ajax.php
2022-02-07T05:17:41+00:00 NOTICE action_scheduler.queue_job :: MailChimp_WooCommerce_Single_Order starts in 90 seconds :: obj_id 18637
2022-02-07T05:17:41+00:00 NOTICE debug :: Order ID 18637 was pending and is now cancelled :: Array
(
    [new_order] => 
    [tracking] => 
)

2022-02-07T05:17:41+00:00 NOTICE action_scheduler.queue_job :: MailChimp_WooCommerce_Single_Order starts in 90 seconds :: obj_id 18639
2022-02-07T05:17:42+00:00 NOTICE debug :: Order ID 18639 was pending and is now cancelled :: Array
(
    [new_order] => 
    [tracking] => 
)

2022-02-07T05:19:48+00:00 NOTICE order_sumbit :: #18637 has a financial status of cancelled and was skipped.
2022-02-07T05:19:49+00:00 NOTICE order_sumbit :: #18639 has a financial status of cancelled and was skipped.
2022-02-07T08:07:44+00:00 NOTICE action_scheduler.queue_job :: MailChimp_WooCommerce_User_Submit queued :: obj_id 2057
2022-02-07T08:08:50+00:00 NOTICE member.sync :: dimafokin199506780tx+22d3@inbox.ru has signed up to a lot of lists very recently; we're not allowing more signups for now
2022-02-07T12:24:21+00:00 NOTICE debug :: Order ID 18569 was processing and is now completed :: Array
(
    [new_order] => 
    [tracking] => 
)

2022-02-07T12:24:21+00:00 NOTICE action_scheduler.queue_job :: MailChimp_WooCommerce_Single_Order starts in 90 seconds :: obj_id 18569
2022-02-07T12:25:57+00:00 NOTICE order.member.updated :: Updated ledisao43@hotmail.com subscriber status to subscribed and language to 
2022-02-07T12:25:57+00:00 NOTICE order_submit.success :: updateStoreOrder :: #18569 :: email: ledisao43@hotmail.com
2022-02-07T12:26:51+00:00 NOTICE debug :: Order ID 18593 was processing and is now completed :: Array
(
    [new_order] => 
    [tracking] => 
)

2022-02-07T12:26:51+00:00 NOTICE action_scheduler.queue_job :: MailChimp_WooCommerce_Single_Order starts in 90 seconds :: obj_id 18593
2022-02-07T12:28:28+00:00 NOTICE debug :: Order ID 18596 was processing and is now completed :: Array
(
    [new_order] => 
    [tracking] => 
)

2022-02-07T12:28:28+00:00 NOTICE action_scheduler.queue_job :: MailChimp_WooCommerce_Single_Order starts in 90 seconds :: obj_id 18596
2022-02-07T12:28:49+00:00 NOTICE order.member.updated :: Updated laurafontecha11@gmail.com subscriber status to transactional and language to 
2022-02-07T12:28:49+00:00 NOTICE order_submit.success :: updateStoreOrder :: #18593 :: email: laurafontecha11@gmail.com
2022-02-07T12:30:49+00:00 NOTICE order.member.updated :: Updated karlampv@outlook.com subscriber status to subscribed and language to 
2022-02-07T12:30:49+00:00 NOTICE order_submit.success :: updateStoreOrder :: #18596 :: email: karlampv@outlook.com
2022-02-07T13:27:00+00:00 NOTICE action_scheduler.queue_job :: MailChimp_WooCommerce_Cart_Update queued :: obj_id 496926b16d9a93824e98f50583bc5c48
2022-02-07T13:27:22+00:00 NOTICE abandoned_cart.success :: email: laura.4277@hotmail.com :: checkout_url: https://naturalconexion.com/checkout/?mc_cart_id=496926b16d9a93824e98f50583bc5c48
2022-02-07T13:27:22+00:00 NOTICE cart.member.updated :: Updated laura.4277@hotmail.com subscriber status to subscribed and language to es
2022-02-07T13:55:50+00:00 NOTICE action_scheduler.queue_job :: MailChimp_WooCommerce_Single_Order starts in 90 seconds :: obj_id 18597
2022-02-07T13:55:52+00:00 NOTICE debug :: Order ID 18597 was processing and is now completed :: Array
(
    [new_order] => 
    [tracking] => 
)

2022-02-07T13:55:52+00:00 NOTICE action_scheduler.queue_job :: MailChimp_WooCommerce_Single_Order starts in 90 seconds :: obj_id 18599
2022-02-07T13:55:53+00:00 NOTICE debug :: Order ID 18599 was processing and is now completed :: Array
(
    [new_order] => 
    [tracking] => 
)

2022-02-07T13:55:53+00:00 NOTICE action_scheduler.queue_job :: MailChimp_WooCommerce_Single_Order starts in 90 seconds :: obj_id 18600
2022-02-07T13:55:54+00:00 NOTICE debug :: Order ID 18600 was processing and is now completed :: Array
(
    [new_order] => 
    [tracking] => 
)

2022-02-07T13:55:54+00:00 NOTICE action_scheduler.queue_job :: MailChimp_WooCommerce_Single_Order starts in 90 seconds :: obj_id 18601
2022-02-07T13:55:56+00:00 NOTICE debug :: Order ID 18601 was processing and is now completed :: Array
(
    [new_order] => 
    [tracking] => 
)

2022-02-07T13:55:56+00:00 NOTICE action_scheduler.queue_job :: MailChimp_WooCommerce_Single_Order starts in 90 seconds :: obj_id 18605
2022-02-07T13:55:57+00:00 NOTICE debug :: Order ID 18605 was processing and is now completed :: Array
(
    [new_order] => 
    [tracking] => 
)

2022-02-07T13:55:57+00:00 NOTICE action_scheduler.queue_job :: MailChimp_WooCommerce_Single_Order starts in 90 seconds :: obj_id 18608
2022-02-07T13:55:58+00:00 NOTICE debug :: Order ID 18608 was processing and is now completed :: Array
(
    [new_order] => 
    [tracking] => 
)

2022-02-07T13:55:58+00:00 NOTICE action_scheduler.queue_job :: MailChimp_WooCommerce_Single_Order starts in 90 seconds :: obj_id 18609
2022-02-07T13:55:59+00:00 NOTICE debug :: Order ID 18609 was processing and is now completed :: Array
(
    [new_order] => 
    [tracking] => 
)

2022-02-07T13:55:59+00:00 NOTICE action_scheduler.queue_job :: MailChimp_WooCommerce_Single_Order starts in 90 seconds :: obj_id 18610
2022-02-07T13:56:00+00:00 NOTICE debug :: Order ID 18610 was processing and is now completed :: Array
(
    [new_order] => 
    [tracking] => 
)

2022-02-07T13:56:00+00:00 NOTICE action_scheduler.queue_job :: MailChimp_WooCommerce_Single_Order starts in 90 seconds :: obj_id 18615
2022-02-07T13:56:01+00:00 NOTICE debug :: Order ID 18615 was processing and is now completed :: Array
(
    [new_order] => 
    [tracking] => 
)

2022-02-07T13:56:02+00:00 NOTICE action_scheduler.queue_job :: MailChimp_WooCommerce_Single_Order starts in 90 seconds :: obj_id 18618
2022-02-07T13:56:02+00:00 NOTICE action_scheduler.queue_job :: MailChimp_WooCommerce_User_Submit queued :: obj_id 2053
2022-02-07T13:56:04+00:00 NOTICE debug :: Order ID 18618 was processing and is now completed :: Array
(
    [new_order] => 
    [tracking] => 
)

2022-02-07T13:56:04+00:00 NOTICE action_scheduler.queue_job :: MailChimp_WooCommerce_Single_Order starts in 90 seconds :: obj_id 18623
2022-02-07T13:56:05+00:00 NOTICE debug :: Order ID 18623 was processing and is now completed :: Array
(
    [new_order] => 
    [tracking] => 
)

2022-02-07T13:56:05+00:00 NOTICE action_scheduler.queue_job :: MailChimp_WooCommerce_Single_Order starts in 90 seconds :: obj_id 18625
2022-02-07T13:56:07+00:00 NOTICE debug :: Order ID 18625 was processing and is now completed :: Array
(
    [new_order] => 
    [tracking] => 
)

2022-02-07T13:56:07+00:00 NOTICE member.sync :: Updated Member nataliherrera12@gmail.com ( merge fields only ) :: Array
(
    [merge_fields] => Array
        (
            [FNAME] => Natalia
            [LNAME] => Herrera Cortés
        )

)

2022-02-07T13:56:07+00:00 NOTICE action_scheduler.queue_job :: MailChimp_WooCommerce_Single_Order starts in 90 seconds :: obj_id 18629
2022-02-07T13:56:08+00:00 NOTICE debug :: Order ID 18629 was processing and is now completed :: Array
(
    [new_order] => 
    [tracking] => 
)

2022-02-07T13:56:08+00:00 NOTICE action_scheduler.queue_job :: MailChimp_WooCommerce_Single_Order starts in 90 seconds :: obj_id 18632
2022-02-07T13:56:09+00:00 NOTICE debug :: Order ID 18632 was processing and is now completed :: Array
(
    [new_order] => 
    [tracking] => 
)

2022-02-07T13:56:09+00:00 NOTICE action_scheduler.queue_job :: MailChimp_WooCommerce_Single_Order starts in 90 seconds :: obj_id 18633
2022-02-07T13:56:10+00:00 NOTICE debug :: Order ID 18633 was processing and is now completed :: Array
(
    [new_order] => 
    [tracking] => 
)

2022-02-07T13:56:10+00:00 NOTICE action_scheduler.queue_job :: MailChimp_WooCommerce_Single_Order starts in 90 seconds :: obj_id 18636
2022-02-07T13:56:11+00:00 NOTICE debug :: Order ID 18636 was processing and is now completed :: Array
(
    [new_order] => 
    [tracking] => 
)

2022-02-07T13:56:11+00:00 NOTICE action_scheduler.queue_job :: MailChimp_WooCommerce_Single_Order starts in 90 seconds :: obj_id 18640
2022-02-07T13:56:12+00:00 NOTICE debug :: Order ID 18640 was processing and is now completed :: Array
(
    [new_order] => 
    [tracking] => 
)

2022-02-07T13:58:00+00:00 NOTICE order.member.updated :: Updated njgutierrez1015@gmail.com subscriber status to subscribed and language to 
2022-02-07T13:58:00+00:00 NOTICE order_submit.success :: updateStoreOrder :: #18597 :: email: njgutierrez1015@gmail.com
2022-02-07T13:58:04+00:00 NOTICE order.member.updated :: Updated lucysindy301@gmail.com subscriber status to subscribed and language to 
2022-02-07T13:58:04+00:00 NOTICE order_submit.success :: updateStoreOrder :: #18599 :: email: lucysindy301@gmail.com
2022-02-07T13:58:08+00:00 NOTICE order.member.updated :: Updated Juli_130814@hotmail.com subscriber status to transactional and language to 
2022-02-07T13:58:08+00:00 NOTICE order_submit.success :: updateStoreOrder :: #18600 :: email: Juli_130814@hotmail.com
2022-02-07T13:58:11+00:00 NOTICE order.member.updated :: Updated lizalore123@gmail.com subscriber status to subscribed and language to 
2022-02-07T13:58:11+00:00 NOTICE order_submit.success :: updateStoreOrder :: #18601 :: email: lizalore123@gmail.com
2022-02-07T13:58:15+00:00 NOTICE order.member.updated :: Updated paulalarcons9@gmail.com subscriber status to transactional and language to 
2022-02-07T13:58:15+00:00 NOTICE order_submit.success :: updateStoreOrder :: #18605 :: email: paulalarcons9@gmail.com
2022-02-07T13:58:26+00:00 NOTICE order.member.updated :: Updated moniquilla1108@hotmail.com subscriber status to subscribed and language to 
2022-02-07T13:58:26+00:00 NOTICE order_submit.success :: updateStoreOrder :: #18608 :: email: moniquilla1108@hotmail.com
2022-02-07T13:58:29+00:00 NOTICE order.member.updated :: Updated anagalindop@gmail.com subscriber status to transactional and language to 
2022-02-07T13:58:29+00:00 NOTICE order_submit.success :: updateStoreOrder :: #18609 :: email: anagalindop@gmail.com
2022-02-07T13:58:33+00:00 NOTICE order.member.updated :: Updated andreitamedina75@yahoo.es subscriber status to subscribed and language to 
2022-02-07T13:58:33+00:00 NOTICE order_submit.success :: updateStoreOrder :: #18610 :: email: andreitamedina75@yahoo.es
2022-02-07T13:58:36+00:00 NOTICE order.member.updated :: Updated Lissethmargarita18@gmail.com subscriber status to subscribed and language to 
2022-02-07T13:58:36+00:00 NOTICE order_submit.success :: updateStoreOrder :: #18615 :: email: Lissethmargarita18@gmail.com
2022-02-07T13:58:41+00:00 NOTICE order.member.updated :: Updated nataliherrera12@gmail.com subscriber status to subscribed and language to 
2022-02-07T13:58:41+00:00 NOTICE order_submit.success :: updateStoreOrder :: #18618 :: email: nataliherrera12@gmail.com
2022-02-07T13:58:46+00:00 NOTICE order.member.updated :: Updated mariaru096@gmail.com subscriber status to subscribed and language to 
2022-02-07T13:58:46+00:00 NOTICE order_submit.success :: updateStoreOrder :: #18623 :: email: mariaru096@gmail.com
2022-02-07T13:58:58+00:00 NOTICE order.member.updated :: Updated carolinap5618@hotmail.com subscriber status to subscribed and language to 
2022-02-07T13:58:58+00:00 NOTICE order_submit.success :: updateStoreOrder :: #18625 :: email: carolinap5618@hotmail.com
2022-02-07T13:59:02+00:00 NOTICE order.member.updated :: Updated dfdurangov@outlook.com subscriber status to subscribed and language to 
2022-02-07T13:59:02+00:00 NOTICE order_submit.success :: updateStoreOrder :: #18629 :: email: dfdurangov@outlook.com
2022-02-07T13:59:10+00:00 NOTICE order.member.updated :: Updated lunita9091@gmail.com subscriber status to subscribed and language to 
2022-02-07T13:59:10+00:00 NOTICE order_submit.success :: updateStoreOrder :: #18632 :: email: lunita9091@gmail.com
2022-02-07T13:59:20+00:00 NOTICE order.member.updated :: Updated julianagp7@yahoo.es subscriber status to transactional and language to 
2022-02-07T13:59:20+00:00 NOTICE order_submit.success :: updateStoreOrder :: #18633 :: email: julianagp7@yahoo.es
2022-02-07T13:59:25+00:00 NOTICE order.member.updated :: Updated erika.pq11@gmail.com subscriber status to subscribed and language to 
2022-02-07T13:59:25+00:00 NOTICE order_submit.success :: updateStoreOrder :: #18636 :: email: erika.pq11@gmail.com
2022-02-07T13:59:29+00:00 NOTICE order.member.updated :: Updated katacaballero@yahoo.com subscriber status to subscribed and language to 
2022-02-07T13:59:29+00:00 NOTICE order_submit.success :: updateStoreOrder :: #18640 :: email: katacaballero@yahoo.com
2022-02-07T14:53:25+00:00 NOTICE action_scheduler.queue_job :: MailChimp_WooCommerce_Single_Order starts in 90 seconds :: obj_id 18641
2022-02-07T14:53:30+00:00 NOTICE debug :: Order ID 18641 was pending and is now processing :: Array
(
    [new_order] => 1
    [tracking] => Array
        (
            [campaign_id] => 
            [landing_site] => https://naturalconexion.com/wp-admin/admin-ajax.php
        )

)

2022-02-07T14:55:50+00:00 NOTICE order.member.updated :: Updated paulitta.oss@gmail.com subscriber status to subscribed and language to es
2022-02-07T14:55:50+00:00 NOTICE order_submit.success :: addStoreOrder :: #18641 :: email: paulitta.oss@gmail.com :: landing site https://naturalconexion.com/wp-admin/admin-ajax.php :: abandoned cart deleted [f9379dd886d8b57fe5e668e0066f5a1f]
2022-02-07T15:17:01+00:00 NOTICE action_scheduler.queue_job :: MailChimp_WooCommerce_Cart_Update queued :: obj_id 90be017e115b1550609ee4f9898ddf64
2022-02-07T15:17:31+00:00 NOTICE action_scheduler.queue_job :: MailChimp_WooCommerce_Single_Order starts in 90 seconds :: obj_id 18642
2022-02-07T15:17:45+00:00 NOTICE abandoned_cart.success :: email: andreachvega@gmail.com :: checkout_url: https://naturalconexion.com/checkout/?mc_cart_id=90be017e115b1550609ee4f9898ddf64
2022-02-07T15:17:45+00:00 NOTICE cart.member.updated :: Updated andreachvega@gmail.com subscriber status to transactional and language to es
2022-02-07T15:19:52+00:00 NOTICE order_sumbit :: #18642 has a financial status of pending and was skipped.
2022-02-07T15:26:48+00:00 NOTICE action_scheduler.queue_job :: MailChimp_WooCommerce_Single_Order starts in 90 seconds :: obj_id 18642
2022-02-07T15:26:51+00:00 NOTICE debug :: Order ID 18642 was pending and is now processing :: Array
(
    [new_order] => 1
    [tracking] => Array
        (
            [campaign_id] => 
            [landing_site] => https://naturalconexion.com/wp-admin/admin-ajax.php
        )

)

2022-02-07T15:28:51+00:00 NOTICE order.member.updated :: Updated andreachvega@gmail.com subscriber status to subscribed and language to 
2022-02-07T15:28:51+00:00 NOTICE order_submit.success :: addStoreOrder :: #18642 :: email: andreachvega@gmail.com :: landing site https://naturalconexion.com/wp-admin/admin-ajax.php :: abandoned cart deleted [90be017e115b1550609ee4f9898ddf64]
2022-02-07T15:41:55+00:00 NOTICE action_scheduler.queue_job :: MailChimp_WooCommerce_Cart_Update queued :: obj_id 5907cb642c5c76bca66f80eed64a7ba1
2022-02-07T15:42:09+00:00 NOTICE abandoned_cart.success :: email: tatyarangoa@gmail.com :: checkout_url: https://naturalconexion.com/checkout/?mc_cart_id=5907cb642c5c76bca66f80eed64a7ba1
2022-02-07T15:42:10+00:00 NOTICE cart.member.updated :: Updated tatyarangoa@gmail.com subscriber status to transactional and language to es
2022-02-07T15:42:25+00:00 NOTICE action_scheduler.queue_job :: MailChimp_WooCommerce_Cart_Update queued :: obj_id 5907cb642c5c76bca66f80eed64a7ba1
2022-02-07T15:42:47+00:00 NOTICE abandoned_cart.success :: email: tatyarangoa@gmail.com :: checkout_url: https://naturalconexion.com/checkout/?mc_cart_id=5907cb642c5c76bca66f80eed64a7ba1
2022-02-07T15:44:06+00:00 NOTICE action_scheduler.queue_job :: MailChimp_WooCommerce_Single_Order starts in 90 seconds :: obj_id 18643
2022-02-07T15:45:47+00:00 NOTICE order_sumbit :: #18643 has a financial status of pending and was skipped.
2022-02-07T15:46:55+00:00 NOTICE action_scheduler.queue_job :: MailChimp_WooCommerce_Single_Order starts in 90 seconds :: obj_id 18643
2022-02-07T15:46:59+00:00 NOTICE debug :: Order ID 18643 was pending and is now processing :: Array
(
    [new_order] => 1
    [tracking] => Array
        (
            [campaign_id] => 
            [landing_site] => https://naturalconexion.com/wp-admin/admin-ajax.php
        )

)

2022-02-07T15:48:53+00:00 NOTICE order.member.updated :: Updated tatyarangoa@gmail.com subscriber status to transactional and language to 
2022-02-07T15:48:53+00:00 NOTICE order_submit.success :: addStoreOrder :: #18643 :: email: tatyarangoa@gmail.com :: landing site https://naturalconexion.com/wp-admin/admin-ajax.php :: abandoned cart deleted [5907cb642c5c76bca66f80eed64a7ba1]
2022-02-07T16:09:29+00:00 NOTICE action_scheduler.queue_job :: MailChimp_WooCommerce_Cart_Update queued :: obj_id ed5c24dd31018d003d151b89c8aacdb7
2022-02-07T16:09:44+00:00 NOTICE abandoned_cart.success :: email: obanedwin@hotmail.com :: checkout_url: https://naturalconexion.com/checkout/?mc_cart_id=ed5c24dd31018d003d151b89c8aacdb7
2022-02-07T16:09:45+00:00 NOTICE cart.member.updated :: Updated obanedwin@hotmail.com subscriber status to transactional and language to es
2022-02-07T16:11:55+00:00 NOTICE action_scheduler.queue_job :: MailChimp_WooCommerce_Single_Order starts in 90 seconds :: obj_id 18644
2022-02-07T16:12:57+00:00 NOTICE action_scheduler.queue_job :: MailChimp_WooCommerce_Cart_Update queued :: obj_id ed5c24dd31018d003d151b89c8aacdb7
2022-02-07T16:13:10+00:00 NOTICE action_scheduler.queue_job :: MailChimp_WooCommerce_Single_Order starts in 90 seconds :: obj_id 18645
2022-02-07T16:13:41+00:00 NOTICE abandoned_cart.success :: email: obanedwin@hotmail.com :: checkout_url: https://naturalconexion.com/checkout/?mc_cart_id=ed5c24dd31018d003d151b89c8aacdb7
2022-02-07T16:13:42+00:00 NOTICE order_sumbit :: #18644 has a financial status of pending and was skipped.
2022-02-07T16:14:55+00:00 NOTICE order_sumbit :: #18645 has a financial status of pending and was skipped.
2022-02-07T16:16:01+00:00 NOTICE action_scheduler.queue_job :: MailChimp_WooCommerce_Single_Order starts in 90 seconds :: obj_id 18646
2022-02-07T16:17:43+00:00 NOTICE action_scheduler.queue_job :: MailChimp_WooCommerce_Single_Order starts in 90 seconds :: obj_id 18647
2022-02-07T16:17:45+00:00 NOTICE order_sumbit :: #18646 has a financial status of pending and was skipped.
2022-02-07T16:19:33+00:00 NOTICE order_sumbit :: #18647 has a financial status of pending and was skipped.
2022-02-07T16:20:09+00:00 NOTICE action_scheduler.queue_job :: MailChimp_WooCommerce_Single_Order starts in 90 seconds :: obj_id 18648
2022-02-07T16:21:50+00:00 NOTICE order_sumbit :: #18648 has a financial status of pending and was skipped.
2022-02-07T16:21:51+00:00 NOTICE action_scheduler.queue_job :: MailChimp_WooCommerce_Single_Order starts in 90 seconds :: obj_id 18649
2022-02-07T16:23:55+00:00 NOTICE order_sumbit :: #18649 has a financial status of pending and was skipped.
2022-02-07T16:38:29+00:00 NOTICE action_scheduler.queue_job :: MailChimp_WooCommerce_Cart_Update queued :: obj_id 91e48e5eb62cb10132692f62a1f46b53
2022-02-07T16:38:30+00:00 NOTICE action_scheduler.queue_job :: MailChimp_WooCommerce_Single_Order starts in 90 seconds :: obj_id 18650
2022-02-07T16:38:59+00:00 NOTICE abandoned_cart.success :: email: elatoro11@gmail.com :: checkout_url: https://naturalconexion.com/checkout/?mc_cart_id=91e48e5eb62cb10132692f62a1f46b53
2022-02-07T16:39:00+00:00 NOTICE cart.member.updated :: Updated elatoro11@gmail.com subscriber status to transactional and language to es
2022-02-07T16:40:07+00:00 NOTICE order_sumbit :: #18650 has a financial status of pending and was skipped.
2022-02-07T16:41:06+00:00 NOTICE action_scheduler.queue_job :: MailChimp_WooCommerce_Cart_Update queued :: obj_id 91e48e5eb62cb10132692f62a1f46b53
2022-02-07T16:41:24+00:00 NOTICE abandoned_cart.success :: email: elatoro11@gmail.com :: checkout_url: https://naturalconexion.com/checkout/?mc_cart_id=91e48e5eb62cb10132692f62a1f46b53
2022-02-07T16:52:43+00:00 NOTICE action_scheduler.queue_job :: MailChimp_WooCommerce_Cart_Update queued :: obj_id b4e74cc7d892a26b10ce3e8c3a9fc001
2022-02-07T16:52:47+00:00 NOTICE abandoned_cart.success :: email: palacio.maritza@hotmail.com :: checkout_url: https://naturalconexion.com/checkout/?mc_cart_id=b4e74cc7d892a26b10ce3e8c3a9fc001
2022-02-07T16:52:48+00:00 NOTICE cart.member.updated :: Updated palacio.maritza@hotmail.com subscriber status to subscribed and language to es
2022-02-07T16:52:59+00:00 NOTICE action_scheduler.queue_job :: MailChimp_WooCommerce_Single_Order starts in 90 seconds :: obj_id 18651
2022-02-07T16:54:29+00:00 NOTICE action_scheduler.queue_job :: MailChimp_WooCommerce_Single_Order starts in 90 seconds :: obj_id 18652
2022-02-07T16:54:56+00:00 NOTICE order_sumbit :: #18651 has a financial status of pending and was skipped.
2022-02-07T16:56:45+00:00 NOTICE order_sumbit :: #18652 has a financial status of pending and was skipped.
2022-02-07T16:57:43+00:00 NOTICE action_scheduler.queue_job :: MailChimp_WooCommerce_Single_Order starts in 90 seconds :: obj_id 18653
2022-02-07T16:59:09+00:00 NOTICE action_scheduler.queue_job :: MailChimp_WooCommerce_Single_Order starts in 90 seconds :: obj_id 18654
2022-02-07T16:59:45+00:00 NOTICE order_sumbit :: #18653 has a financial status of pending and was skipped.
2022-02-07T17:00:22+00:00 NOTICE action_scheduler.queue_job :: MailChimp_WooCommerce_Cart_Update queued :: obj_id 2cb2776d2e52007aa35cba0ffb134fd1
2022-02-07T17:00:44+00:00 NOTICE abandoned_cart.success :: email: dami220394@gmail.com :: checkout_url: https://naturalconexion.com/checkout/?mc_cart_id=2cb2776d2e52007aa35cba0ffb134fd1
2022-02-07T17:00:45+00:00 NOTICE cart.member.updated :: Updated dami220394@gmail.com subscriber status to transactional and language to es
2022-02-07T17:00:46+00:00 NOTICE order_sumbit :: #18654 has a financial status of pending and was skipped.
2022-02-07T17:01:37+00:00 NOTICE action_scheduler.queue_job :: MailChimp_WooCommerce_Cart_Update queued :: obj_id b4e74cc7d892a26b10ce3e8c3a9fc001
2022-02-07T17:01:39+00:00 NOTICE action_scheduler.queue_job :: MailChimp_WooCommerce_Single_Order starts in 90 seconds :: obj_id 18655
2022-02-07T17:01:45+00:00 NOTICE abandoned_cart.success :: email: palacio.maritza@hotmail.com :: checkout_url: https://naturalconexion.com/checkout/?mc_cart_id=b4e74cc7d892a26b10ce3e8c3a9fc001
2022-02-07T17:03:38+00:00 NOTICE action_scheduler.queue_job :: MailChimp_WooCommerce_Single_Order starts in 90 seconds :: obj_id 18656
2022-02-07T17:03:54+00:00 NOTICE order_sumbit :: #18655 has a financial status of pending and was skipped.
2022-02-07T17:05:23+00:00 NOTICE action_scheduler.queue_job :: MailChimp_WooCommerce_Cart_Update queued :: obj_id b4e74cc7d892a26b10ce3e8c3a9fc001
2022-02-07T17:05:48+00:00 NOTICE order_sumbit :: #18656 has a financial status of pending and was skipped.
2022-02-07T17:05:49+00:00 NOTICE abandoned_cart.success :: email: palacio.maritza@hotmail.com :: checkout_url: https://naturalconexion.com/checkout/?mc_cart_id=b4e74cc7d892a26b10ce3e8c3a9fc001
2022-02-07T17:20:36+00:00 NOTICE action_scheduler.queue_job :: MailChimp_WooCommerce_Single_Order starts in 90 seconds :: obj_id 18644
2022-02-07T17:20:36+00:00 NOTICE debug :: Order ID 18644 was pending and is now cancelled :: Array
(
    [new_order] => 
    [tracking] => 
)

2022-02-07T17:20:36+00:00 NOTICE action_scheduler.queue_job :: MailChimp_WooCommerce_Single_Order starts in 90 seconds :: obj_id 18645
2022-02-07T17:20:36+00:00 NOTICE debug :: Order ID 18645 was pending and is now cancelled :: Array
(
    [new_order] => 
    [tracking] => 
)

2022-02-07T17:20:37+00:00 NOTICE action_scheduler.queue_job :: MailChimp_WooCommerce_Single_Order starts in 90 seconds :: obj_id 18646
2022-02-07T17:20:37+00:00 NOTICE debug :: Order ID 18646 was pending and is now cancelled :: Array
(
    [new_order] => 
    [tracking] => 
)

2022-02-07T17:20:37+00:00 NOTICE action_scheduler.queue_job :: MailChimp_WooCommerce_Single_Order starts in 90 seconds :: obj_id 18647
2022-02-07T17:20:37+00:00 NOTICE debug :: Order ID 18647 was pending and is now cancelled :: Array
(
    [new_order] => 
    [tracking] => 
)

2022-02-07T17:20:37+00:00 NOTICE action_scheduler.queue_job :: MailChimp_WooCommerce_Single_Order starts in 90 seconds :: obj_id 18648
2022-02-07T17:20:37+00:00 NOTICE debug :: Order ID 18648 was pending and is now cancelled :: Array
(
    [new_order] => 
    [tracking] => 
)

2022-02-07T17:22:10+00:00 NOTICE order_sumbit :: #18644 has a financial status of cancelled and was skipped.
2022-02-07T17:22:12+00:00 NOTICE order_sumbit :: #18645 has a financial status of cancelled and was skipped.
2022-02-07T17:22:13+00:00 NOTICE order_sumbit :: #18646 has a financial status of cancelled and was skipped.
2022-02-07T17:22:14+00:00 NOTICE order_sumbit :: #18647 has a financial status of cancelled and was skipped.
2022-02-07T17:22:16+00:00 NOTICE order_sumbit :: #18648 has a financial status of cancelled and was skipped.
2022-02-07T17:24:00+00:00 NOTICE action_scheduler.queue_job :: MailChimp_WooCommerce_Single_Product starts in 5 seconds :: obj_id 17297
2022-02-07T17:24:18+00:00 NOTICE product_submit.success :: updateStoreProduct :: #17297
2022-02-07T17:24:21+00:00 NOTICE action_scheduler.queue_job :: MailChimp_WooCommerce_Single_Product starts in 5 seconds :: obj_id 17809
2022-02-07T17:24:31+00:00 NOTICE product_submit.success :: updateStoreProduct :: #17809
2022-02-07T17:25:05+00:00 NOTICE action_scheduler.queue_job :: MailChimp_WooCommerce_Single_Product starts in 5 seconds :: obj_id 17568
2022-02-07T17:25:16+00:00 NOTICE action_scheduler.queue_job :: MailChimp_WooCommerce_Single_Product starts in 5 seconds :: obj_id 17570
2022-02-07T17:25:20+00:00 NOTICE product_submit.success :: updateStoreProduct :: #17568
2022-02-07T17:25:22+00:00 NOTICE product_submit.success :: updateStoreProduct :: #17570
2022-02-07T17:27:01+00:00 NOTICE action_scheduler.queue_job :: MailChimp_WooCommerce_Cart_Update queued :: obj_id c23a5751bbe7abe4a17c7acebd364366
2022-02-07T17:27:20+00:00 NOTICE action_scheduler.queue_job :: MailChimp_WooCommerce_Single_Order starts in 90 seconds :: obj_id 18657
2022-02-07T17:28:19+00:00 ERROR abandoned_cart.error :: email: alejopineda@gmail.com :: attempting product update :: CURL error :: Operation timed out after 30001 milliseconds with 0 bytes received
2022-02-07T17:28:43+00:00 ERROR abandoned_cart.error :: Error Code 400 :: A cart with the provided ID already exists in the account. on 1898 in /home/forge/naturalconexion.com/wp-content/plugins/mailchimp-for-woocommerce/includes/api/class-mailchimp-api.php
2022-02-07T17:29:37+00:00 ERROR api.list :: Error al recuperar la lista para la verificación double_optin
2022-02-07T17:30:02+00:00 NOTICE order_sumbit :: #18657 has a financial status of pending and was skipped.
2022-02-07T17:30:25+00:00 NOTICE action_scheduler.queue_job :: MailChimp_WooCommerce_Cart_Update queued :: obj_id c23a5751bbe7abe4a17c7acebd364366
2022-02-07T17:30:54+00:00 NOTICE abandoned_cart.success :: email: alejopineda@gmail.com :: checkout_url: https://naturalconexion.com/checkout/?mc_cart_id=c23a5751bbe7abe4a17c7acebd364366
2022-02-07T17:31:09+00:00 NOTICE cart.member.updated :: Updated alejopineda@gmail.com subscriber status to transactional and language to es
2022-02-07T17:32:16+00:00 NOTICE action_scheduler.queue_job :: MailChimp_WooCommerce_Single_Order starts in 90 seconds :: obj_id 18658
2022-02-07T17:33:23+00:00 NOTICE action_scheduler.queue_job :: MailChimp_WooCommerce_Cart_Update queued :: obj_id c23a5751bbe7abe4a17c7acebd364366
2022-02-07T17:33:49+00:00 NOTICE action_scheduler.queue_job :: MailChimp_WooCommerce_Single_Order starts in 90 seconds :: obj_id 18659
2022-02-07T17:34:25+00:00 NOTICE abandoned_cart.success :: email: alejopineda@gmail.com :: checkout_url: https://naturalconexion.com/checkout/?mc_cart_id=c23a5751bbe7abe4a17c7acebd364366
2022-02-07T17:34:35+00:00 NOTICE order_sumbit :: #18658 has a financial status of pending and was skipped.
2022-02-07T17:35:33+00:00 NOTICE order_sumbit :: #18659 has a financial status of pending and was skipped.
2022-02-07T17:35:39+00:00 NOTICE action_scheduler.queue_job :: MailChimp_WooCommerce_Single_Order starts in 90 seconds :: obj_id 18660
2022-02-07T17:37:34+00:00 NOTICE order_sumbit :: #18660 has a financial status of pending and was skipped.
2022-02-07T18:20:45+00:00 NOTICE action_scheduler.queue_job :: MailChimp_WooCommerce_Single_Order starts in 90 seconds :: obj_id 18649
2022-02-07T18:20:46+00:00 NOTICE debug :: Order ID 18649 was pending and is now cancelled :: Array
(
    [new_order] => 
    [tracking] => 
)

2022-02-07T18:20:46+00:00 NOTICE action_scheduler.queue_job :: MailChimp_WooCommerce_Single_Order starts in 90 seconds :: obj_id 18650
2022-02-07T18:20:46+00:00 NOTICE debug :: Order ID 18650 was pending and is now cancelled :: Array
(
    [new_order] => 
    [tracking] => 
)

2022-02-07T18:20:46+00:00 NOTICE action_scheduler.queue_job :: MailChimp_WooCommerce_Single_Order starts in 90 seconds :: obj_id 18651
2022-02-07T18:20:47+00:00 NOTICE debug :: Order ID 18651 was pending and is now cancelled :: Array
(
    [new_order] => 
    [tracking] => 
)

2022-02-07T18:20:47+00:00 NOTICE action_scheduler.queue_job :: MailChimp_WooCommerce_Single_Order starts in 90 seconds :: obj_id 18652
2022-02-07T18:20:47+00:00 NOTICE debug :: Order ID 18652 was pending and is now cancelled :: Array
(
    [new_order] => 
    [tracking] => 
)

2022-02-07T18:20:47+00:00 NOTICE action_scheduler.queue_job :: MailChimp_WooCommerce_Single_Order starts in 90 seconds :: obj_id 18653
2022-02-07T18:20:48+00:00 NOTICE debug :: Order ID 18653 was pending and is now cancelled :: Array
(
    [new_order] => 
    [tracking] => 
)

2022-02-07T18:20:48+00:00 NOTICE action_scheduler.queue_job :: MailChimp_WooCommerce_Single_Order starts in 90 seconds :: obj_id 18654
2022-02-07T18:20:48+00:00 NOTICE debug :: Order ID 18654 was pending and is now cancelled :: Array
(
    [new_order] => 
    [tracking] => 
)

2022-02-07T18:20:48+00:00 NOTICE action_scheduler.queue_job :: MailChimp_WooCommerce_Single_Order starts in 90 seconds :: obj_id 18655
2022-02-07T18:20:48+00:00 NOTICE debug :: Order ID 18655 was pending and is now cancelled :: Array
(
    [new_order] => 
    [tracking] => 
)

2022-02-07T18:20:49+00:00 NOTICE action_scheduler.queue_job :: MailChimp_WooCommerce_Single_Order starts in 90 seconds :: obj_id 18656
2022-02-07T18:20:49+00:00 NOTICE debug :: Order ID 18656 was pending and is now cancelled :: Array
(
    [new_order] => 
    [tracking] => 
)

2022-02-07T18:22:45+00:00 NOTICE order_sumbit :: #18649 has a financial status of cancelled and was skipped.
2022-02-07T18:22:47+00:00 NOTICE order_sumbit :: #18650 has a financial status of cancelled and was skipped.
2022-02-07T18:22:49+00:00 NOTICE order_sumbit :: #18651 has a financial status of cancelled and was skipped.
2022-02-07T18:22:51+00:00 NOTICE order_sumbit :: #18652 has a financial status of cancelled and was skipped.
2022-02-07T18:22:53+00:00 NOTICE order_sumbit :: #18653 has a financial status of cancelled and was skipped.
2022-02-07T18:22:54+00:00 NOTICE order_sumbit :: #18654 has a financial status of cancelled and was skipped.
2022-02-07T18:22:56+00:00 NOTICE order_sumbit :: #18655 has a financial status of cancelled and was skipped.
2022-02-07T18:22:58+00:00 NOTICE order_sumbit :: #18656 has a financial status of cancelled and was skipped.
2022-02-07T18:23:09+00:00 NOTICE action_scheduler.queue_job :: MailChimp_WooCommerce_Cart_Update queued :: obj_id 2f1240c389268e0481ca82f26b86e88c
2022-02-07T18:23:45+00:00 NOTICE abandoned_cart.success :: email: santiagonicolas0803@hotmail.com :: checkout_url: https://naturalconexion.com/checkout/?mc_cart_id=2f1240c389268e0481ca82f26b86e88c
2022-02-07T18:23:46+00:00 NOTICE cart.member.updated :: Updated santiagonicolas0803@hotmail.com subscriber status to subscribed and language to es
2022-02-07T18:24:42+00:00 NOTICE action_scheduler.queue_job :: MailChimp_WooCommerce_User_Submit queued :: obj_id 1709
2022-02-07T18:24:45+00:00 NOTICE member.sync :: Updated Member santiagonicolas0803@hotmail.com ( merge fields only ) :: Array
(
    [merge_fields] => Array
        (
            [FNAME] => santiago
            [LNAME] => diaz delgado
        )

)

2022-02-07T18:25:49+00:00 NOTICE action_scheduler.queue_job :: MailChimp_WooCommerce_Cart_Update queued :: obj_id ed5c24dd31018d003d151b89c8aacdb7
2022-02-07T18:25:53+00:00 NOTICE action_scheduler.queue_job :: MailChimp_WooCommerce_Cart_Update queued :: obj_id 2f1240c389268e0481ca82f26b86e88c
2022-02-07T18:26:27+00:00 NOTICE action_scheduler.queue_job :: MailChimp_WooCommerce_Single_Order starts in 90 seconds :: obj_id 18661
2022-02-07T18:26:27+00:00 NOTICE abandoned_cart.success :: email: obanedwin@hotmail.com :: checkout_url: https://naturalconexion.com/checkout/?mc_cart_id=ed5c24dd31018d003d151b89c8aacdb7
2022-02-07T18:26:29+00:00 NOTICE cart.member.updated :: Updated obanedwin@hotmail.com subscriber status to transactional and language to es
2022-02-07T18:26:30+00:00 NOTICE abandoned_cart.success :: email: santiagonicolas0803@hotmail.com :: checkout_url: https://naturalconexion.com/checkout/?mc_cart_id=2f1240c389268e0481ca82f26b86e88c
2022-02-07T18:26:39+00:00 NOTICE action_scheduler.queue_job :: MailChimp_WooCommerce_Cart_Update queued :: obj_id ed5c24dd31018d003d151b89c8aacdb7
2022-02-07T18:26:43+00:00 NOTICE abandoned_cart.success :: email: obanedwin@hotmail.com :: checkout_url: https://naturalconexion.com/checkout/?mc_cart_id=ed5c24dd31018d003d151b89c8aacdb7
2022-02-07T18:27:19+00:00 NOTICE action_scheduler.queue_job :: MailChimp_WooCommerce_User_Submit queued :: obj_id 1709
2022-02-07T18:27:19+00:00 NOTICE action_scheduler.queue_job :: MailChimp_WooCommerce_Single_Order starts in 90 seconds :: obj_id 18662
2022-02-07T18:27:37+00:00 NOTICE action_scheduler.queue_job :: MailChimp_WooCommerce_Cart_Update queued :: obj_id a35a2a3089dd611aafe315f9517e20d1
2022-02-07T18:27:45+00:00 NOTICE member.sync :: Updated Member santiagonicolas0803@hotmail.com ( merge fields only ) :: Array
(
    [merge_fields] => Array
        (
            [FNAME] => santiago
            [LNAME] => diaz delgado
        )

)

2022-02-07T18:27:47+00:00 NOTICE abandoned_cart.success :: email: suranimendoza24@gmail.com :: checkout_url: https://naturalconexion.com/checkout/?mc_cart_id=a35a2a3089dd611aafe315f9517e20d1
2022-02-07T18:27:48+00:00 NOTICE cart.member.updated :: Updated suranimendoza24@gmail.com subscriber status to subscribed and language to es
2022-02-07T18:28:14+00:00 NOTICE action_scheduler.queue_job :: MailChimp_WooCommerce_Single_Order starts in 90 seconds :: obj_id 18663
2022-02-07T18:28:45+00:00 NOTICE order_sumbit :: #18661 has a financial status of pending and was skipped.
2022-02-07T18:28:54+00:00 NOTICE order_sumbit :: #18662 has a financial status of pending and was skipped.
2022-02-07T18:29:38+00:00 NOTICE action_scheduler.queue_job :: MailChimp_WooCommerce_Single_Order starts in 90 seconds :: obj_id 18664
2022-02-07T18:29:54+00:00 NOTICE order_sumbit :: #18663 has a financial status of pending and was skipped.
2022-02-07T18:30:03+00:00 NOTICE action_scheduler.queue_job :: MailChimp_WooCommerce_Single_Order starts in 90 seconds :: obj_id 18662
2022-02-07T18:30:06+00:00 NOTICE debug :: Order ID 18662 was pending and is now processing :: Array
(
    [new_order] => 1
    [tracking] => Array
        (
            [campaign_id] => 
            [landing_site] => https://naturalconexion.com/wp-admin/admin-ajax.php
        )

)

2022-02-07T18:32:00+00:00 NOTICE order_sumbit :: #18664 has a financial status of pending and was skipped.
2022-02-07T18:32:08+00:00 NOTICE order.member.updated :: Updated santiagonicolas0803@hotmail.com subscriber status to subscribed and language to 
2022-02-07T18:32:08+00:00 NOTICE order_submit.success :: addStoreOrder :: #18662 :: email: santiagonicolas0803@hotmail.com :: landing site https://naturalconexion.com/wp-admin/admin-ajax.php :: abandoned cart deleted [2f1240c389268e0481ca82f26b86e88c]
2022-02-07T18:33:07+00:00 NOTICE action_scheduler.queue_job :: MailChimp_WooCommerce_Cart_Update queued :: obj_id a35a2a3089dd611aafe315f9517e20d1
2022-02-07T18:33:40+00:00 NOTICE action_scheduler.queue_job :: MailChimp_WooCommerce_Single_Order starts in 90 seconds :: obj_id 18665
2022-02-07T18:33:44+00:00 NOTICE abandoned_cart.success :: email: suranimendoza24@gmail.com :: checkout_url: https://naturalconexion.com/checkout/?mc_cart_id=a35a2a3089dd611aafe315f9517e20d1
2022-02-07T18:35:15+00:00 NOTICE action_scheduler.queue_job :: MailChimp_WooCommerce_Single_Order starts in 90 seconds :: obj_id 18666
2022-02-07T18:36:00+00:00 NOTICE order_sumbit :: #18665 has a financial status of pending and was skipped.
2022-02-07T18:37:06+00:00 NOTICE order_sumbit :: #18666 has a financial status of pending and was skipped.
2022-02-07T18:43:10+00:00 NOTICE action_scheduler.queue_job :: MailChimp_WooCommerce_Single_Order starts in 90 seconds :: obj_id 18667
2022-02-07T18:44:17+00:00 NOTICE action_scheduler.queue_job :: MailChimp_WooCommerce_Cart_Update queued :: obj_id a35a2a3089dd611aafe315f9517e20d1
2022-02-07T18:44:25+00:00 NOTICE abandoned_cart.success :: email: suranimendoza24@gmail.com :: checkout_url: https://naturalconexion.com/checkout/?mc_cart_id=a35a2a3089dd611aafe315f9517e20d1
2022-02-07T18:44:45+00:00 NOTICE order_sumbit :: #18667 has a financial status of pending and was skipped.
2022-02-07T19:07:08+00:00 NOTICE action_scheduler.queue_job :: MailChimp_WooCommerce_Cart_Update queued :: obj_id 496926b16d9a93824e98f50583bc5c48
2022-02-07T19:07:09+00:00 NOTICE action_scheduler.queue_job :: MailChimp_WooCommerce_Single_Order starts in 90 seconds :: obj_id 18668
2022-02-07T19:07:43+00:00 NOTICE abandoned_cart.success :: email: laura.4277@hotmail.com :: checkout_url: https://naturalconexion.com/checkout/?mc_cart_id=496926b16d9a93824e98f50583bc5c48
2022-02-07T19:07:44+00:00 NOTICE cart.member.updated :: Updated laura.4277@hotmail.com subscriber status to subscribed and language to es
2022-02-07T19:08:55+00:00 NOTICE order_sumbit :: #18668 has a financial status of pending and was skipped.
2022-02-07T19:09:54+00:00 NOTICE action_scheduler.queue_job :: MailChimp_WooCommerce_Single_Order starts in 90 seconds :: obj_id 18669
2022-02-07T19:11:15+00:00 NOTICE action_scheduler.queue_job :: MailChimp_WooCommerce_Cart_Update queued :: obj_id 5ff35789de75d323aa50abea9516a42d
2022-02-07T19:12:02+00:00 NOTICE abandoned_cart.success :: email: djandresdaza@hotmail.com :: checkout_url: https://naturalconexion.com/checkout/?mc_cart_id=5ff35789de75d323aa50abea9516a42d
2022-02-07T19:12:03+00:00 NOTICE cart.member.updated :: Updated djandresdaza@hotmail.com subscriber status to transactional and language to es
2022-02-07T19:12:04+00:00 NOTICE order_sumbit :: #18669 has a financial status of pending and was skipped.
2022-02-07T19:12:14+00:00 NOTICE action_scheduler.queue_job :: MailChimp_WooCommerce_Single_Order starts in 90 seconds :: obj_id 18670
2022-02-07T19:13:17+00:00 NOTICE ac.cart_swap :: Deleted cart [djandresdaza@hotmail.com] :: ID [5ff35789de75d323aa50abea9516a42d]
2022-02-07T19:13:18+00:00 NOTICE action_scheduler.queue_job :: MailChimp_WooCommerce_Cart_Update queued :: obj_id 496926b16d9a93824e98f50583bc5c48
2022-02-07T19:13:26+00:00 NOTICE action_scheduler.queue_job :: MailChimp_WooCommerce_Single_Order starts in 90 seconds :: obj_id 18671
2022-02-07T19:13:43+00:00 NOTICE abandoned_cart.success :: email: laura.4277@hotmail.com :: checkout_url: https://naturalconexion.com/checkout/?mc_cart_id=496926b16d9a93824e98f50583bc5c48
2022-02-07T19:13:51+00:00 NOTICE order_sumbit :: #18670 has a financial status of pending and was skipped.
2022-02-07T19:14:51+00:00 NOTICE action_scheduler.queue_job :: MailChimp_WooCommerce_Single_Order starts in 90 seconds :: obj_id 18672
2022-02-07T19:15:43+00:00 NOTICE order_sumbit :: #18671 has a financial status of pending and was skipped.
2022-02-07T19:16:44+00:00 NOTICE order_sumbit :: #18672 has a financial status of pending and was skipped.
2022-02-07T19:17:00+00:00 NOTICE action_scheduler.queue_job :: MailChimp_WooCommerce_Single_Order starts in 90 seconds :: obj_id 18673
2022-02-07T19:17:51+00:00 NOTICE action_scheduler.queue_job :: MailChimp_WooCommerce_Cart_Update queued :: obj_id 3006e881318a9f825e980c349599dc80
2022-02-07T19:17:57+00:00 NOTICE abandoned_cart.success :: email: lorena.alvarezg89@gmail.com :: checkout_url: https://naturalconexion.com/checkout/?mc_cart_id=3006e881318a9f825e980c349599dc80
2022-02-07T19:17:58+00:00 NOTICE cart.member.updated :: Updated lorena.alvarezg89@gmail.com subscriber status to subscribed and language to es
2022-02-07T19:18:48+00:00 NOTICE order_sumbit :: #18673 has a financial status of pending and was skipped.
2022-02-07T19:20:48+00:00 NOTICE action_scheduler.queue_job :: MailChimp_WooCommerce_Single_Order starts in 90 seconds :: obj_id 18657
2022-02-07T19:20:48+00:00 NOTICE debug :: Order ID 18657 was pending and is now cancelled :: Array
(
    [new_order] => 
    [tracking] => 
)

2022-02-07T19:20:49+00:00 NOTICE action_scheduler.queue_job :: MailChimp_WooCommerce_Single_Order starts in 90 seconds :: obj_id 18658
2022-02-07T19:20:49+00:00 NOTICE debug :: Order ID 18658 was pending and is now cancelled :: Array
(
    [new_order] => 
    [tracking] => 
)

2022-02-07T19:20:49+00:00 NOTICE action_scheduler.queue_job :: MailChimp_WooCommerce_Single_Order starts in 90 seconds :: obj_id 18659
2022-02-07T19:20:49+00:00 NOTICE debug :: Order ID 18659 was pending and is now cancelled :: Array
(
    [new_order] => 
    [tracking] => 
)

2022-02-07T19:20:50+00:00 NOTICE action_scheduler.queue_job :: MailChimp_WooCommerce_Single_Order starts in 90 seconds :: obj_id 18660
2022-02-07T19:20:50+00:00 NOTICE debug :: Order ID 18660 was pending and is now cancelled :: Array
(
    [new_order] => 
    [tracking] => 
)

2022-02-07T19:22:49+00:00 NOTICE order_sumbit :: #18657 has a financial status of cancelled and was skipped.
2022-02-07T19:22:51+00:00 NOTICE order_sumbit :: #18658 has a financial status of cancelled and was skipped.
2022-02-07T19:22:52+00:00 NOTICE order_sumbit :: #18659 has a financial status of cancelled and was skipped.
2022-02-07T19:22:54+00:00 NOTICE order_sumbit :: #18660 has a financial status of cancelled and was skipped.
2022-02-07T19:56:37+00:00 NOTICE action_scheduler.queue_job :: MailChimp_WooCommerce_Single_Order starts in 90 seconds :: obj_id 18674
2022-02-07T19:57:19+00:00 NOTICE action_scheduler.queue_job :: MailChimp_WooCommerce_Cart_Update queued :: obj_id fad12b2f99ffce1cd8195d77a7541b42
2022-02-07T19:57:34+00:00 NOTICE abandoned_cart.success :: email: katherinp27@hotmail.com :: checkout_url: https://naturalconexion.com/checkout/?mc_cart_id=fad12b2f99ffce1cd8195d77a7541b42
2022-02-07T19:57:35+00:00 NOTICE cart.member.updated :: Updated katherinp27@hotmail.com subscriber status to transactional and language to es
2022-02-07T19:57:43+00:00 NOTICE action_scheduler.queue_job :: MailChimp_WooCommerce_Single_Order starts in 90 seconds :: obj_id 18675
2022-02-07T19:58:56+00:00 NOTICE action_scheduler.queue_job :: MailChimp_WooCommerce_Single_Order starts in 90 seconds :: obj_id 18676
2022-02-07T19:59:07+00:00 NOTICE order_sumbit :: #18674 has a financial status of pending and was skipped.
2022-02-07T19:59:33+00:00 NOTICE action_scheduler.queue_job :: MailChimp_WooCommerce_Single_Order starts in 90 seconds :: obj_id 18677
2022-02-07T19:59:56+00:00 NOTICE order_sumbit :: #18675 has a financial status of pending and was skipped.
2022-02-07T20:00:14+00:00 NOTICE action_scheduler.queue_job :: MailChimp_WooCommerce_Single_Order starts in 90 seconds :: obj_id 18678
2022-02-07T20:00:43+00:00 NOTICE order_sumbit :: #18676 has a financial status of pending and was skipped.
2022-02-07T20:01:22+00:00 NOTICE action_scheduler.queue_job :: MailChimp_WooCommerce_Single_Order starts in 90 seconds :: obj_id 18679
2022-02-07T20:01:41+00:00 NOTICE action_scheduler.queue_job :: MailChimp_WooCommerce_Cart_Update queued :: obj_id 3006e881318a9f825e980c349599dc80
2022-02-07T20:01:55+00:00 NOTICE order_sumbit :: #18677 has a financial status of pending and was skipped.
2022-02-07T20:01:55+00:00 NOTICE abandoned_cart.success :: email: lorena.alvarezg89@gmail.com :: checkout_url: https://naturalconexion.com/checkout/?mc_cart_id=3006e881318a9f825e980c349599dc80
2022-02-07T20:01:56+00:00 NOTICE order_sumbit :: #18678 has a financial status of pending and was skipped.
2022-02-07T20:01:59+00:00 NOTICE action_scheduler.queue_job :: MailChimp_WooCommerce_Single_Order starts in 90 seconds :: obj_id 18680
2022-02-07T20:03:09+00:00 NOTICE order_sumbit :: #18679 has a financial status of pending and was skipped.
2022-02-07T20:03:59+00:00 NOTICE order_sumbit :: #18680 has a financial status of pending and was skipped.
2022-02-07T20:14:01+00:00 NOTICE action_scheduler.queue_job :: MailChimp_WooCommerce_Cart_Update queued :: obj_id dabe6bc34f66af771c098e767c6448bb
2022-02-07T20:14:45+00:00 NOTICE abandoned_cart.success :: email: ypoly11@gmail.com :: checkout_url: https://naturalconexion.com/checkout/?mc_cart_id=dabe6bc34f66af771c098e767c6448bb
2022-02-07T20:14:46+00:00 NOTICE cart.member.updated :: Updated ypoly11@gmail.com subscriber status to transactional and language to es
2022-02-07T20:20:48+00:00 NOTICE action_scheduler.queue_job :: MailChimp_WooCommerce_Single_Order starts in 90 seconds :: obj_id 18661
2022-02-07T20:20:48+00:00 NOTICE debug :: Order ID 18661 was pending and is now cancelled :: Array
(
    [new_order] => 
    [tracking] => 
)

2022-02-07T20:20:49+00:00 NOTICE action_scheduler.queue_job :: MailChimp_WooCommerce_Single_Order starts in 90 seconds :: obj_id 18663
2022-02-07T20:20:49+00:00 NOTICE debug :: Order ID 18663 was pending and is now cancelled :: Array
(
    [new_order] => 
    [tracking] => 
)

2022-02-07T20:20:49+00:00 NOTICE action_scheduler.queue_job :: MailChimp_WooCommerce_Single_Order starts in 90 seconds :: obj_id 18664
2022-02-07T20:20:49+00:00 NOTICE debug :: Order ID 18664 was pending and is now cancelled :: Array
(
    [new_order] => 
    [tracking] => 
)

2022-02-07T20:20:49+00:00 NOTICE action_scheduler.queue_job :: MailChimp_WooCommerce_Single_Order starts in 90 seconds :: obj_id 18665
2022-02-07T20:20:49+00:00 NOTICE debug :: Order ID 18665 was pending and is now cancelled :: Array
(
    [new_order] => 
    [tracking] => 
)

2022-02-07T20:20:49+00:00 NOTICE action_scheduler.queue_job :: MailChimp_WooCommerce_Single_Order starts in 90 seconds :: obj_id 18666
2022-02-07T20:20:49+00:00 NOTICE debug :: Order ID 18666 was pending and is now cancelled :: Array
(
    [new_order] => 
    [tracking] => 
)

2022-02-07T20:20:50+00:00 NOTICE action_scheduler.queue_job :: MailChimp_WooCommerce_Single_Order starts in 90 seconds :: obj_id 18667
2022-02-07T20:20:50+00:00 NOTICE debug :: Order ID 18667 was pending and is now cancelled :: Array
(
    [new_order] => 
    [tracking] => 
)

2022-02-07T20:20:50+00:00 NOTICE action_scheduler.queue_job :: MailChimp_WooCommerce_Single_Order starts in 90 seconds :: obj_id 18668
2022-02-07T20:20:50+00:00 NOTICE debug :: Order ID 18668 was pending and is now cancelled :: Array
(
    [new_order] => 
    [tracking] => 
)

2022-02-07T20:20:50+00:00 NOTICE action_scheduler.queue_job :: MailChimp_WooCommerce_Single_Order starts in 90 seconds :: obj_id 18669
2022-02-07T20:20:50+00:00 NOTICE debug :: Order ID 18669 was pending and is now cancelled :: Array
(
    [new_order] => 
    [tracking] => 
)

2022-02-07T20:20:51+00:00 NOTICE action_scheduler.queue_job :: MailChimp_WooCommerce_Single_Order starts in 90 seconds :: obj_id 18670
2022-02-07T20:20:51+00:00 NOTICE debug :: Order ID 18670 was pending and is now cancelled :: Array
(
    [new_order] => 
    [tracking] => 
)

2022-02-07T20:20:51+00:00 NOTICE action_scheduler.queue_job :: MailChimp_WooCommerce_Single_Order starts in 90 seconds :: obj_id 18671
2022-02-07T20:20:51+00:00 NOTICE debug :: Order ID 18671 was pending and is now cancelled :: Array
(
    [new_order] => 
    [tracking] => 
)

2022-02-07T20:20:51+00:00 NOTICE action_scheduler.queue_job :: MailChimp_WooCommerce_Single_Order starts in 90 seconds :: obj_id 18672
2022-02-07T20:20:51+00:00 NOTICE debug :: Order ID 18672 was pending and is now cancelled :: Array
(
    [new_order] => 
    [tracking] => 
)

2022-02-07T20:20:51+00:00 NOTICE action_scheduler.queue_job :: MailChimp_WooCommerce_Single_Order starts in 90 seconds :: obj_id 18673
2022-02-07T20:20:51+00:00 NOTICE debug :: Order ID 18673 was pending and is now cancelled :: Array
(
    [new_order] => 
    [tracking] => 
)

2022-02-07T20:22:49+00:00 NOTICE order_sumbit :: #18661 has a financial status of cancelled and was skipped.
2022-02-07T20:22:51+00:00 NOTICE order_sumbit :: #18663 has a financial status of cancelled and was skipped.
2022-02-07T20:22:53+00:00 NOTICE order_sumbit :: #18664 has a financial status of cancelled and was skipped.
2022-02-07T20:22:54+00:00 NOTICE order_sumbit :: #18665 has a financial status of cancelled and was skipped.
2022-02-07T20:22:56+00:00 NOTICE order_sumbit :: #18666 has a financial status of cancelled and was skipped.
2022-02-07T20:22:58+00:00 NOTICE order_sumbit :: #18667 has a financial status of cancelled and was skipped.
2022-02-07T20:22:59+00:00 NOTICE order_sumbit :: #18668 has a financial status of cancelled and was skipped.
2022-02-07T20:23:01+00:00 NOTICE order_sumbit :: #18669 has a financial status of cancelled and was skipped.
2022-02-07T20:23:03+00:00 NOTICE order_sumbit :: #18670 has a financial status of cancelled and was skipped.
2022-02-07T20:23:04+00:00 NOTICE order_sumbit :: #18671 has a financial status of cancelled and was skipped.
2022-02-07T20:23:05+00:00 NOTICE order_sumbit :: #18672 has a financial status of cancelled and was skipped.
2022-02-07T20:23:08+00:00 NOTICE order_sumbit :: #18673 has a financial status of cancelled and was skipped.
2022-02-07T20:42:22+00:00 NOTICE action_scheduler.queue_job :: MailChimp_WooCommerce_Cart_Update queued :: obj_id 3006e881318a9f825e980c349599dc80
2022-02-07T20:42:45+00:00 NOTICE action_scheduler.queue_job :: MailChimp_WooCommerce_Single_Order starts in 90 seconds :: obj_id 18681
2022-02-07T20:42:55+00:00 NOTICE abandoned_cart.success :: email: lorena.alvarezg89@gmail.com :: checkout_url: https://naturalconexion.com/checkout/?mc_cart_id=3006e881318a9f825e980c349599dc80
2022-02-07T20:42:56+00:00 NOTICE cart.member.updated :: Updated lorena.alvarezg89@gmail.com subscriber status to subscribed and language to es
2022-02-07T20:44:57+00:00 NOTICE order_sumbit :: #18681 has a financial status of pending and was skipped.
2022-02-07T20:54:07+00:00 NOTICE action_scheduler.queue_job :: MailChimp_WooCommerce_Cart_Update queued :: obj_id 6806733e8c93d4d7b81c0ee199562fd2
2022-02-07T20:54:44+00:00 NOTICE abandoned_cart.success :: email: ledisao43@hotmail.com :: checkout_url: https://naturalconexion.com/checkout/?mc_cart_id=6806733e8c93d4d7b81c0ee199562fd2
2022-02-07T20:54:45+00:00 NOTICE cart.member.updated :: Updated ledisao43@hotmail.com subscriber status to subscribed and language to es
2022-02-07T20:55:07+00:00 NOTICE action_scheduler.queue_job :: MailChimp_WooCommerce_Cart_Update queued :: obj_id 6806733e8c93d4d7b81c0ee199562fd2
2022-02-07T20:55:57+00:00 NOTICE abandoned_cart.success :: email: ledisao43@hotmail.com :: checkout_url: https://naturalconexion.com/checkout/?mc_cart_id=6806733e8c93d4d7b81c0ee199562fd2
2022-02-07T20:56:57+00:00 NOTICE ac.cart_swap :: Deleted cart [ledisao43@hotmail.com] :: ID [6806733e8c93d4d7b81c0ee199562fd2]
2022-02-07T20:56:58+00:00 NOTICE action_scheduler.queue_job :: MailChimp_WooCommerce_Cart_Update queued :: obj_id c5e8a1f528004bb3e05cb15d61c445aa
2022-02-07T20:57:11+00:00 NOTICE action_scheduler.queue_job :: MailChimp_WooCommerce_Single_Order starts in 90 seconds :: obj_id 18682
2022-02-07T20:57:13+00:00 NOTICE abandoned_cart.success :: email: ledisao43@gmail.com :: checkout_url: https://naturalconexion.com/checkout/?mc_cart_id=c5e8a1f528004bb3e05cb15d61c445aa
2022-02-07T20:57:15+00:00 NOTICE cart.member.updated :: Updated ledisao43@gmail.com subscriber status to transactional and language to es
2022-02-07T20:59:11+00:00 NOTICE order_sumbit :: #18682 has a financial status of pending and was skipped.
2022-02-07T21:20:49+00:00 NOTICE action_scheduler.queue_job :: MailChimp_WooCommerce_Single_Order starts in 90 seconds :: obj_id 18674
2022-02-07T21:20:49+00:00 NOTICE debug :: Order ID 18674 was pending and is now cancelled :: Array
(
    [new_order] => 
    [tracking] => 
)

2022-02-07T21:20:49+00:00 NOTICE action_scheduler.queue_job :: MailChimp_WooCommerce_Single_Order starts in 90 seconds :: obj_id 18675
2022-02-07T21:20:49+00:00 NOTICE debug :: Order ID 18675 was pending and is now cancelled :: Array
(
    [new_order] => 
    [tracking] => 
)

2022-02-07T21:20:49+00:00 NOTICE action_scheduler.queue_job :: MailChimp_WooCommerce_Single_Order starts in 90 seconds :: obj_id 18676
2022-02-07T21:20:50+00:00 NOTICE debug :: Order ID 18676 was pending and is now cancelled :: Array
(
    [new_order] => 
    [tracking] => 
)

2022-02-07T21:20:50+00:00 NOTICE action_scheduler.queue_job :: MailChimp_WooCommerce_Single_Order starts in 90 seconds :: obj_id 18677
2022-02-07T21:20:50+00:00 NOTICE debug :: Order ID 18677 was pending and is now cancelled :: Array
(
    [new_order] => 
    [tracking] => 
)

2022-02-07T21:20:50+00:00 NOTICE action_scheduler.queue_job :: MailChimp_WooCommerce_Single_Order starts in 90 seconds :: obj_id 18678
2022-02-07T21:20:50+00:00 NOTICE debug :: Order ID 18678 was pending and is now cancelled :: Array
(
    [new_order] => 
    [tracking] => 
)

2022-02-07T21:20:50+00:00 NOTICE action_scheduler.queue_job :: MailChimp_WooCommerce_Single_Order starts in 90 seconds :: obj_id 18679
2022-02-07T21:20:50+00:00 NOTICE debug :: Order ID 18679 was pending and is now cancelled :: Array
(
    [new_order] => 
    [tracking] => 
)

2022-02-07T21:20:50+00:00 NOTICE action_scheduler.queue_job :: MailChimp_WooCommerce_Single_Order starts in 90 seconds :: obj_id 18680
2022-02-07T21:20:51+00:00 NOTICE debug :: Order ID 18680 was pending and is now cancelled :: Array
(
    [new_order] => 
    [tracking] => 
)

2022-02-07T21:23:15+00:00 NOTICE order_sumbit :: #18674 has a financial status of cancelled and was skipped.
2022-02-07T21:23:16+00:00 NOTICE order_sumbit :: #18675 has a financial status of cancelled and was skipped.
2022-02-07T21:23:17+00:00 NOTICE order_sumbit :: #18676 has a financial status of cancelled and was skipped.
2022-02-07T21:23:19+00:00 NOTICE order_sumbit :: #18677 has a financial status of cancelled and was skipped.
2022-02-07T21:23:20+00:00 NOTICE order_sumbit :: #18678 has a financial status of cancelled and was skipped.
2022-02-07T21:23:21+00:00 NOTICE order_sumbit :: #18679 has a financial status of cancelled and was skipped.
2022-02-07T21:23:23+00:00 NOTICE order_sumbit :: #18680 has a financial status of cancelled and was skipped.
2022-02-07T22:08:33+00:00 NOTICE action_scheduler.queue_job :: MailChimp_WooCommerce_Cart_Update queued :: obj_id b4e74cc7d892a26b10ce3e8c3a9fc001
2022-02-07T22:08:43+00:00 NOTICE abandoned_cart.success :: email: palacio.maritza@hotmail.com :: checkout_url: https://naturalconexion.com/checkout/?mc_cart_id=b4e74cc7d892a26b10ce3e8c3a9fc001
2022-02-07T22:08:45+00:00 NOTICE cart.member.updated :: Updated palacio.maritza@hotmail.com subscriber status to subscribed and language to es
2022-02-07T22:11:46+00:00 NOTICE action_scheduler.queue_job :: MailChimp_WooCommerce_Cart_Update queued :: obj_id b4e74cc7d892a26b10ce3e8c3a9fc001
2022-02-07T22:11:47+00:00 NOTICE action_scheduler.queue_job :: MailChimp_WooCommerce_Single_Order starts in 90 seconds :: obj_id 18684
2022-02-07T22:15:39+00:00 NOTICE abandoned_cart.success :: email: palacio.maritza@hotmail.com :: checkout_url: https://naturalconexion.com/checkout/?mc_cart_id=b4e74cc7d892a26b10ce3e8c3a9fc001
2022-02-07T22:15:40+00:00 NOTICE order_sumbit :: #18684 has a financial status of pending and was skipped.
2022-02-07T22:16:37+00:00 NOTICE action_scheduler.queue_job :: MailChimp_WooCommerce_Single_Order starts in 90 seconds :: obj_id 18684
2022-02-07T22:16:39+00:00 NOTICE debug :: Order ID 18684 was pending and is now processing :: Array
(
    [new_order] => 1
    [tracking] => Array
        (
            [campaign_id] => 
            [landing_site] => https://naturalconexion.com/tienda/
        )

)

2022-02-07T22:19:11+00:00 NOTICE order.member.updated :: Updated palacio.maritza@hotmail.com subscriber status to subscribed and language to 
2022-02-07T22:19:11+00:00 NOTICE order_submit.success :: addStoreOrder :: #18684 :: email: palacio.maritza@hotmail.com :: landing site https://naturalconexion.com/tienda/ :: abandoned cart deleted [b4e74cc7d892a26b10ce3e8c3a9fc001]
2022-02-07T22:20:50+00:00 NOTICE action_scheduler.queue_job :: MailChimp_WooCommerce_Single_Order starts in 90 seconds :: obj_id 18681
2022-02-07T22:20:50+00:00 NOTICE debug :: Order ID 18681 was pending and is now cancelled :: Array
(
    [new_order] => 
    [tracking] => 
)

2022-02-07T22:20:50+00:00 NOTICE action_scheduler.queue_job :: MailChimp_WooCommerce_Single_Order starts in 90 seconds :: obj_id 18682
2022-02-07T22:20:51+00:00 NOTICE debug :: Order ID 18682 was pending and is now cancelled :: Array
(
    [new_order] => 
    [tracking] => 
)

2022-02-07T22:20:51+00:00 NOTICE action_scheduler.queue_job :: MailChimp_WooCommerce_Cart_Update queued :: obj_id ed5c24dd31018d003d151b89c8aacdb7
2022-02-07T22:21:23+00:00 NOTICE abandoned_cart.success :: email: obanedwin@hotmail.com :: checkout_url: https://naturalconexion.com/checkout/?mc_cart_id=ed5c24dd31018d003d151b89c8aacdb7
2022-02-07T22:21:24+00:00 NOTICE cart.member.updated :: Updated obanedwin@hotmail.com subscriber status to transactional and language to es
2022-02-07T22:21:36+00:00 NOTICE action_scheduler.queue_job :: MailChimp_WooCommerce_Cart_Update queued :: obj_id ed5c24dd31018d003d151b89c8aacdb7
2022-02-07T22:21:47+00:00 NOTICE abandoned_cart.success :: email: obanedwin@hotmail.com :: checkout_url: https://naturalconexion.com/checkout/?mc_cart_id=ed5c24dd31018d003d151b89c8aacdb7
2022-02-07T22:22:22+00:00 NOTICE action_scheduler.queue_job :: MailChimp_WooCommerce_Single_Order starts in 90 seconds :: obj_id 18685
2022-02-07T22:22:24+00:00 NOTICE order_sumbit :: #18681 has a financial status of cancelled and was skipped.
2022-02-07T22:22:25+00:00 NOTICE order_sumbit :: #18682 has a financial status of cancelled and was skipped.
2022-02-07T22:24:45+00:00 NOTICE order_sumbit :: #18685 has a financial status of pending and was skipped.
2022-02-07T22:42:37+00:00 NOTICE action_scheduler.queue_job :: MailChimp_WooCommerce_Single_Order starts in 90 seconds :: obj_id 18685
2022-02-07T22:42:38+00:00 NOTICE debug :: Order ID 18685 was pending and is now failed :: Array
(
    [new_order] => 
    [tracking] => 
)

2022-02-07T22:45:18+00:00 NOTICE system.debug :: order 18685 is in failed status, and is being skipped for now.
