2023-08-04T00:00:26+00:00 NOTICE action_scheduler.queue_job :: MailChimp_WooCommerce_Cart_Update queued :: obj_id f24a90487daa281cb073884848e38fb6
2023-08-04T00:00:28+00:00 NOTICE abandoned_cart.success :: email: linas.r@hotmail.com :: checkout_url: https://naturalconexion.com/checkout/?mc_cart_id=f24a90487daa281cb073884848e38fb6
2023-08-04T00:08:03+00:00 NOTICE action_scheduler.queue_job :: MailChimp_WooCommerce_Single_Order starts in 90 seconds :: obj_id 25327
2023-08-04T00:08:07+00:00 NOTICE debug :: Order ID 25327 was pending and is now processing :: Array
(
    [new_order] => 1
    [tracking] => Array
        (
            [campaign_id] => 
            [landing_site] => https://naturalconexion.com/?wc-api=wc_addi_gateway
        )

)

2023-08-04T00:10:02+00:00 NOTICE order.member.updated :: Updated linas.r@hotmail.com subscriber status to subscribed and language to 
2023-08-04T00:10:02+00:00 NOTICE order_submit.success :: addStoreOrder :: #25327 :: email: linas.r@hotmail.com :: landing site https://naturalconexion.com/?wc-api=wc_addi_gateway :: abandoned cart deleted [f24a90487daa281cb073884848e38fb6]
2023-08-04T03:03:20+00:00 NOTICE action_scheduler.queue_job :: MailChimp_WooCommerce_User_Submit queued :: obj_id 2599
2023-08-04T03:04:07+00:00 NOTICE member.sync :: Subscribed Member you4rsss88mgail@gmail.com :: Array
(
    [status_if_new] => 1
    [merge_fields] => Array
        (
        )

)

2023-08-04T03:13:05+00:00 NOTICE action_scheduler.queue_job :: MailChimp_WooCommerce_Cart_Update queued :: obj_id 6a9138afbb7b3ad90a12f9388393866c
2023-08-04T03:13:06+00:00 NOTICE abandoned_cart.success :: email: jhon10ep@gmail.com :: checkout_url: https://naturalconexion.com/checkout/?mc_cart_id=6a9138afbb7b3ad90a12f9388393866c
2023-08-04T03:13:07+00:00 NOTICE cart.member.updated :: Updated jhon10ep@gmail.com subscriber status to transactional and language to es
2023-08-04T03:13:07+00:00 NOTICE action_scheduler.queue_job :: MailChimp_WooCommerce_Cart_Update queued :: obj_id 6a9138afbb7b3ad90a12f9388393866c
2023-08-04T03:13:54+00:00 NOTICE action_scheduler.queue_job :: MailChimp_WooCommerce_Single_Order starts in 90 seconds :: obj_id 25328
2023-08-04T03:13:55+00:00 NOTICE abandoned_cart.success :: email: jhon10ep@gmail.com :: checkout_url: https://naturalconexion.com/checkout/?mc_cart_id=6a9138afbb7b3ad90a12f9388393866c
2023-08-04T03:16:13+00:00 NOTICE order_submit :: #25328 has a financial status of pending and was skipped.
2023-08-04T03:16:42+00:00 NOTICE action_scheduler.queue_job :: MailChimp_WooCommerce_Single_Order starts in 90 seconds :: obj_id 25328
2023-08-04T03:16:46+00:00 NOTICE debug :: Order ID 25328 was pending and is now processing :: Array
(
    [new_order] => 1
    [tracking] => Array
        (
            [campaign_id] => 
            [landing_site] => https://naturalconexion.com/wp-content/plugins/woocommerce-payu-latam/confirmation.php
        )

)

2023-08-04T03:24:29+00:00 NOTICE order.member.updated :: Updated jhon10ep@gmail.com subscriber status to subscribed and language to 
2023-08-04T03:24:29+00:00 NOTICE order_submit.success :: addStoreOrder :: #25328 :: email: jhon10ep@gmail.com :: landing site https://naturalconexion.com/wp-content/plugins/woocommerce-payu-latam/confirmation.php :: abandoned cart deleted [6a9138afbb7b3ad90a12f9388393866c]
2023-08-04T11:30:20+00:00 NOTICE action_scheduler.queue_job :: MailChimp_WooCommerce_Cart_Update queued :: obj_id 197fdc65b828b41c4734e5d4275afff3
2023-08-04T11:31:02+00:00 NOTICE action_scheduler.queue_job :: MailChimp_WooCommerce_Single_Order starts in 90 seconds :: obj_id 25329
2023-08-04T11:31:03+00:00 NOTICE abandoned_cart.success :: email: sandramontoya81@hotmail.com :: checkout_url: https://naturalconexion.com/checkout/?mc_cart_id=197fdc65b828b41c4734e5d4275afff3
2023-08-04T11:31:03+00:00 NOTICE cart.member.updated :: Updated sandramontoya81@hotmail.com subscriber status to subscribed and language to es
2023-08-04T11:31:32+00:00 NOTICE debug :: Order ID 25329 was pending and is now processing :: Array
(
    [new_order] => 1
    [tracking] => Array
        (
            [campaign_id] => 
            [landing_site] => https://naturalconexion.com/wp-content/plugins/woocommerce-payu-latam/confirmation.php
        )

)

2023-08-04T11:32:41+00:00 NOTICE order.member.updated :: Updated sandramontoya81@hotmail.com subscriber status to subscribed and language to es
2023-08-04T11:32:41+00:00 NOTICE order_submit.success :: addStoreOrder :: #25329 :: email: sandramontoya81@hotmail.com :: landing site https://naturalconexion.com/tienda/?utm_source=google&utm_medium=cpc&utm_campaign=marca&gclid=EAIaIQobChMI-rTjjfLCgAMVr65aBR1neApREAAYASAAEgK9UPD_BwE :: abandoned cart deleted [197fdc65b828b41c4734e5d4275afff3]
