2022-01-10T00:17:27+00:00 NOTICE action_scheduler.queue_job :: MailChimp_WooCommerce_Single_Order starts in 90 seconds :: obj_id 18213
2022-01-10T00:19:06+00:00 NOTICE order_sumbit :: #18213 has a financial status of pending and was skipped.
2022-01-10T00:35:45+00:00 NOTICE action_scheduler.queue_job :: MailChimp_WooCommerce_Single_Order starts in 90 seconds :: obj_id 18214
2022-01-10T00:35:45+00:00 NOTICE action_scheduler.queue_job :: MailChimp_WooCommerce_Cart_Update queued :: obj_id e0ed8bd74b379afe926fe78087ec1fe8
2022-01-10T00:36:32+00:00 NOTICE abandoned_cart.success :: email: liliana.1722@gmail.com :: checkout_url: https://naturalconexion.com/checkout/?mc_cart_id=e0ed8bd74b379afe926fe78087ec1fe8
2022-01-10T00:36:32+00:00 NOTICE cart.member.updated :: Updated liliana.1722@gmail.com subscriber status to subscribed and language to es
2022-01-10T00:37:20+00:00 NOTICE order_sumbit :: #18214 has a financial status of pending and was skipped.
2022-01-10T00:38:08+00:00 NOTICE action_scheduler.queue_job :: MailChimp_WooCommerce_Single_Order starts in 90 seconds :: obj_id 18214
2022-01-10T00:38:11+00:00 NOTICE debug :: Order ID 18214 was pending and is now processing :: Array
(
    [new_order] => 1
    [tracking] => Array
        (
            [campaign_id] => 
            [landing_site] => https://naturalconexion.com/wp-admin/admin-ajax.php
        )

)

2022-01-10T00:40:04+00:00 NOTICE order.member.updated :: Updated liliana.1722@gmail.com subscriber status to subscribed and language to 
2022-01-10T00:40:04+00:00 NOTICE order_submit.success :: addStoreOrder :: #18214 :: email: liliana.1722@gmail.com :: landing site https://naturalconexion.com/wp-admin/admin-ajax.php :: abandoned cart deleted [e0ed8bd74b379afe926fe78087ec1fe8]
2022-01-10T01:29:36+00:00 NOTICE action_scheduler.queue_job :: MailChimp_WooCommerce_Cart_Update queued :: obj_id 2888ec1de218531bc92e4c5f7f297b3f
2022-01-10T01:29:38+00:00 NOTICE abandoned_cart.success :: email: cindymilena.30@hotmail.com :: checkout_url: https://naturalconexion.com/checkout/?mc_cart_id=2888ec1de218531bc92e4c5f7f297b3f
2022-01-10T01:29:38+00:00 NOTICE cart.member.updated :: Updated cindymilena.30@hotmail.com subscriber status to subscribed and language to es
2022-01-10T01:34:45+00:00 NOTICE action_scheduler.queue_job :: MailChimp_WooCommerce_User_Submit queued :: obj_id 1923
2022-01-10T01:34:45+00:00 NOTICE action_scheduler.queue_job :: MailChimp_WooCommerce_Single_Order starts in 90 seconds :: obj_id 18215
2022-01-10T01:35:42+00:00 NOTICE member.sync :: Updated Member cindymilena.30@hotmail.com ( merge fields only ) :: Array
(
    [merge_fields] => Array
        (
            [FNAME] => Milena
            [LNAME] => Yarce
        )

)

2022-01-10T01:35:44+00:00 NOTICE debug :: Order ID 18215 was pending and is now processing :: Array
(
    [new_order] => 1
    [tracking] => Array
        (
            [campaign_id] => 
            [landing_site] => https://naturalconexion.com/wp-admin/admin-ajax.php
        )

)

2022-01-10T01:35:44+00:00 NOTICE action_scheduler.queue_job :: MailChimp_WooCommerce_User_Submit queued :: obj_id 1923
2022-01-10T01:36:20+00:00 NOTICE member.sync :: Updated Member cindymilena.30@hotmail.com ( merge fields only ) :: Array
(
    [merge_fields] => Array
        (
            [FNAME] => Milena
            [LNAME] => Yarce
        )

)

2022-01-10T01:37:30+00:00 NOTICE order.member.updated :: Updated cindymilena.30@hotmail.com subscriber status to subscribed and language to es
2022-01-10T01:37:30+00:00 NOTICE order_submit.success :: addStoreOrder :: #18215 :: email: cindymilena.30@hotmail.com :: landing site https://naturalconexion.com/wp-admin/admin-ajax.php :: abandoned cart deleted [2888ec1de218531bc92e4c5f7f297b3f]
2022-01-10T02:10:39+00:00 NOTICE action_scheduler.queue_job :: MailChimp_WooCommerce_Single_Order starts in 90 seconds :: obj_id 18213
2022-01-10T02:10:39+00:00 NOTICE debug :: Order ID 18213 was pending and is now cancelled :: Array
(
    [new_order] => 
    [tracking] => 
)

2022-01-10T02:12:26+00:00 NOTICE order_sumbit :: #18213 has a financial status of cancelled and was skipped.
2022-01-10T02:43:36+00:00 NOTICE action_scheduler.queue_job :: MailChimp_WooCommerce_Cart_Update queued :: obj_id 95e9bad798196e44bf03fd8720a9a668
2022-01-10T02:43:46+00:00 NOTICE abandoned_cart.success :: email: lilianamaldonado0308@gmail.com :: checkout_url: https://naturalconexion.com/checkout/?mc_cart_id=95e9bad798196e44bf03fd8720a9a668
2022-01-10T02:43:46+00:00 NOTICE cart.member.updated :: Updated lilianamaldonado0308@gmail.com subscriber status to transactional and language to es
2022-01-10T02:45:31+00:00 NOTICE action_scheduler.queue_job :: MailChimp_WooCommerce_Single_Order starts in 90 seconds :: obj_id 18216
2022-01-10T02:47:21+00:00 NOTICE order_sumbit :: #18216 has a financial status of pending and was skipped.
2022-01-10T02:49:56+00:00 NOTICE action_scheduler.queue_job :: MailChimp_WooCommerce_Single_Order starts in 90 seconds :: obj_id 18216
2022-01-10T02:49:59+00:00 NOTICE debug :: Order ID 18216 was pending and is now processing :: Array
(
    [new_order] => 1
    [tracking] => Array
        (
            [campaign_id] => 
            [landing_site] => https://naturalconexion.com/wp-admin/admin-ajax.php
        )

)

2022-01-10T02:51:47+00:00 NOTICE order.member.updated :: Updated lilianamaldonado0308@gmail.com subscriber status to subscribed and language to 
2022-01-10T02:51:47+00:00 NOTICE order_submit.success :: addStoreOrder :: #18216 :: email: lilianamaldonado0308@gmail.com :: landing site https://naturalconexion.com/wp-admin/admin-ajax.php :: abandoned cart deleted [95e9bad798196e44bf03fd8720a9a668]
2022-01-10T04:40:10+00:00 NOTICE action_scheduler.queue_job :: MailChimp_WooCommerce_Cart_Update queued :: obj_id 5d3c3b5f4250a3e68469c0a07d9825cf
2022-01-10T04:40:20+00:00 NOTICE abandoned_cart.success :: email: sandrapbm@hotmail.com :: checkout_url: https://naturalconexion.com/checkout/?mc_cart_id=5d3c3b5f4250a3e68469c0a07d9825cf
2022-01-10T04:40:20+00:00 NOTICE cart.member.updated :: Updated sandrapbm@hotmail.com subscriber status to transactional and language to es
2022-01-10T04:40:24+00:00 NOTICE action_scheduler.queue_job :: MailChimp_WooCommerce_Cart_Update queued :: obj_id 5d3c3b5f4250a3e68469c0a07d9825cf
2022-01-10T04:41:20+00:00 NOTICE abandoned_cart.success :: email: sandrapbm@hotmail.com :: checkout_url: https://naturalconexion.com/checkout/?mc_cart_id=5d3c3b5f4250a3e68469c0a07d9825cf
2022-01-10T04:41:21+00:00 NOTICE action_scheduler.queue_job :: MailChimp_WooCommerce_Cart_Update queued :: obj_id 5d3c3b5f4250a3e68469c0a07d9825cf
2022-01-10T04:41:23+00:00 NOTICE abandoned_cart.success :: email: sandrapbm@hotmail.com :: checkout_url: https://naturalconexion.com/checkout/?mc_cart_id=5d3c3b5f4250a3e68469c0a07d9825cf
2022-01-10T04:41:29+00:00 NOTICE action_scheduler.queue_job :: MailChimp_WooCommerce_Single_Order starts in 90 seconds :: obj_id 18217
2022-01-10T04:43:23+00:00 NOTICE order_sumbit :: #18217 has a financial status of pending and was skipped.
2022-01-10T06:11:43+00:00 NOTICE action_scheduler.queue_job :: MailChimp_WooCommerce_Single_Order starts in 90 seconds :: obj_id 18217
2022-01-10T06:11:43+00:00 NOTICE debug :: Order ID 18217 was pending and is now cancelled :: Array
(
    [new_order] => 
    [tracking] => 
)

2022-01-10T06:13:28+00:00 NOTICE order_sumbit :: #18217 has a financial status of cancelled and was skipped.
2022-01-10T12:14:14+00:00 NOTICE action_scheduler.queue_job :: MailChimp_WooCommerce_Cart_Update queued :: obj_id f44e06bbe06db328961571c02665f4a9
2022-01-10T12:14:16+00:00 NOTICE abandoned_cart.success :: email: grandamarcela@gmail.com :: checkout_url: https://naturalconexion.com/checkout/?mc_cart_id=f44e06bbe06db328961571c02665f4a9
2022-01-10T12:14:18+00:00 NOTICE cart.member.updated :: Updated grandamarcela@gmail.com subscriber status to transactional and language to es
2022-01-10T12:14:54+00:00 NOTICE action_scheduler.queue_job :: MailChimp_WooCommerce_Single_Order starts in 90 seconds :: obj_id 18218
2022-01-10T12:16:45+00:00 NOTICE order_sumbit :: #18218 has a financial status of pending and was skipped.
2022-01-10T12:17:46+00:00 NOTICE action_scheduler.queue_job :: MailChimp_WooCommerce_Single_Order starts in 90 seconds :: obj_id 18218
2022-01-10T12:17:48+00:00 NOTICE debug :: Order ID 18218 was pending and is now processing :: Array
(
    [new_order] => 1
    [tracking] => Array
        (
            [campaign_id] => 
            [landing_site] => https://naturalconexion.com/wp-admin/admin-ajax.php
        )

)

2022-01-10T12:19:26+00:00 NOTICE order.member.updated :: Updated grandamarcela@gmail.com subscriber status to subscribed and language to 
2022-01-10T12:19:26+00:00 NOTICE order_submit.success :: addStoreOrder :: #18218 :: email: grandamarcela@gmail.com :: landing site https://naturalconexion.com/wp-admin/admin-ajax.php :: abandoned cart deleted [f44e06bbe06db328961571c02665f4a9]
2022-01-10T12:33:14+00:00 NOTICE action_scheduler.queue_job :: MailChimp_WooCommerce_Cart_Update queued :: obj_id af16db88e093f53ae62de2580b714f60
2022-01-10T12:33:16+00:00 NOTICE abandoned_cart.success :: email: wendyvargas310@gmail.com :: checkout_url: https://naturalconexion.com/checkout/?mc_cart_id=af16db88e093f53ae62de2580b714f60
2022-01-10T12:33:17+00:00 NOTICE cart.member.updated :: Updated wendyvargas310@gmail.com subscriber status to transactional and language to es
2022-01-10T12:33:38+00:00 NOTICE action_scheduler.queue_job :: MailChimp_WooCommerce_Single_Order starts in 90 seconds :: obj_id 18219
2022-01-10T12:36:31+00:00 NOTICE debug :: Order ID 18219 was pending and is now processing :: Array
(
    [new_order] => 1
    [tracking] => Array
        (
            [campaign_id] => 
            [landing_site] => https://naturalconexion.com/wp-admin/admin-ajax.php
        )

)

2022-01-10T12:38:35+00:00 NOTICE order.member.updated :: Updated Wendyvargas310@gmail.com subscriber status to transactional and language to es
2022-01-10T12:38:35+00:00 NOTICE order_submit.success :: addStoreOrder :: #18219 :: email: Wendyvargas310@gmail.com :: landing site https://naturalconexion.com/wp-admin/admin-ajax.php :: abandoned cart deleted [af16db88e093f53ae62de2580b714f60]
2022-01-10T13:38:54+00:00 NOTICE action_scheduler.queue_job :: MailChimp_WooCommerce_Cart_Update queued :: obj_id f350e048ffc54a9209aea0679c5fed5c
2022-01-10T13:38:56+00:00 NOTICE abandoned_cart.success :: email: xiomaragiraldo232@gmail.com :: checkout_url: https://naturalconexion.com/checkout/?mc_cart_id=f350e048ffc54a9209aea0679c5fed5c
2022-01-10T13:38:56+00:00 NOTICE cart.member.updated :: Updated xiomaragiraldo232@gmail.com subscriber status to transactional and language to es
2022-01-10T13:39:12+00:00 NOTICE action_scheduler.queue_job :: MailChimp_WooCommerce_Single_Order starts in 90 seconds :: obj_id 18220
2022-01-10T13:41:08+00:00 NOTICE order_sumbit :: #18220 has a financial status of pending and was skipped.
2022-01-10T13:42:10+00:00 NOTICE action_scheduler.queue_job :: MailChimp_WooCommerce_Single_Order starts in 90 seconds :: obj_id 18220
2022-01-10T13:42:13+00:00 NOTICE debug :: Order ID 18220 was pending and is now processing :: Array
(
    [new_order] => 1
    [tracking] => Array
        (
            [campaign_id] => 
            [landing_site] => https://naturalconexion.com/wp-admin/admin-ajax.php
        )

)

2022-01-10T13:44:26+00:00 NOTICE order.member.updated :: Updated xiomaragiraldo232@gmail.com subscriber status to transactional and language to 
2022-01-10T13:44:26+00:00 NOTICE order_submit.success :: addStoreOrder :: #18220 :: email: xiomaragiraldo232@gmail.com :: landing site https://naturalconexion.com/wp-admin/admin-ajax.php :: abandoned cart deleted [f350e048ffc54a9209aea0679c5fed5c]
2022-01-10T13:54:27+00:00 NOTICE action_scheduler.queue_job :: MailChimp_WooCommerce_Cart_Update queued :: obj_id 0523fe1d4e48fa2fb445b6af5112f665
2022-01-10T13:55:49+00:00 NOTICE abandoned_cart.success :: email: natalyribon32@gmail.com :: checkout_url: https://naturalconexion.com/checkout/?mc_cart_id=0523fe1d4e48fa2fb445b6af5112f665
2022-01-10T13:55:49+00:00 NOTICE cart.member.updated :: Updated natalyribon32@gmail.com subscriber status to transactional and language to es
2022-01-10T13:56:03+00:00 NOTICE action_scheduler.queue_job :: MailChimp_WooCommerce_Cart_Update queued :: obj_id 0523fe1d4e48fa2fb445b6af5112f665
2022-01-10T13:56:20+00:00 NOTICE abandoned_cart.success :: email: natalyribon32@gmail.com :: checkout_url: https://naturalconexion.com/checkout/?mc_cart_id=0523fe1d4e48fa2fb445b6af5112f665
2022-01-10T13:57:06+00:00 NOTICE action_scheduler.queue_job :: MailChimp_WooCommerce_Cart_Update queued :: obj_id 0523fe1d4e48fa2fb445b6af5112f665
2022-01-10T13:57:45+00:00 NOTICE abandoned_cart.success :: email: natalyribon32@gmail.com :: checkout_url: https://naturalconexion.com/checkout/?mc_cart_id=0523fe1d4e48fa2fb445b6af5112f665
2022-01-10T14:02:17+00:00 NOTICE action_scheduler.queue_job :: MailChimp_WooCommerce_Cart_Update queued :: obj_id 99b35faf83f3a647bffade96ab93e99c
2022-01-10T14:02:19+00:00 NOTICE abandoned_cart.success :: email: psico.susanazapata@gmail.com :: checkout_url: https://naturalconexion.com/checkout/?mc_cart_id=99b35faf83f3a647bffade96ab93e99c
2022-01-10T14:02:19+00:00 NOTICE cart.member.updated :: Updated psico.susanazapata@gmail.com subscriber status to transactional and language to es
2022-01-10T14:03:06+00:00 NOTICE action_scheduler.queue_job :: MailChimp_WooCommerce_Single_Order starts in 90 seconds :: obj_id 18221
2022-01-10T14:05:34+00:00 NOTICE debug :: Order ID 18221 was pending and is now processing :: Array
(
    [new_order] => 1
    [tracking] => Array
        (
            [campaign_id] => 
            [landing_site] => https://naturalconexion.com/wp-admin/admin-ajax.php
        )

)

2022-01-10T14:07:28+00:00 NOTICE order.member.updated :: Updated psico.susanazapata@gmail.com subscriber status to transactional and language to es
2022-01-10T14:07:28+00:00 NOTICE order_submit.success :: addStoreOrder :: #18221 :: email: psico.susanazapata@gmail.com :: landing site https://naturalconexion.com/wp-admin/admin-ajax.php :: abandoned cart deleted [99b35faf83f3a647bffade96ab93e99c]
2022-01-10T16:15:00+00:00 NOTICE action_scheduler.queue_job :: MailChimp_WooCommerce_Single_Order starts in 90 seconds :: obj_id 18222
2022-01-10T16:17:51+00:00 NOTICE order_sumbit :: #18222 has a financial status of pending and was skipped.
2022-01-10T16:45:21+00:00 NOTICE action_scheduler.queue_job :: MailChimp_WooCommerce_Cart_Update queued :: obj_id 0c06ed1a06d69d41d01fea9310ca47de
2022-01-10T16:45:25+00:00 NOTICE abandoned_cart.success :: email: sookieyy@gmail.com :: checkout_url: https://naturalconexion.com/checkout/?mc_cart_id=0c06ed1a06d69d41d01fea9310ca47de
2022-01-10T16:45:27+00:00 NOTICE cart.member.updated :: Updated sookieyy@gmail.com subscriber status to transactional and language to es
2022-01-10T16:46:32+00:00 NOTICE action_scheduler.queue_job :: MailChimp_WooCommerce_Cart_Update queued :: obj_id 0c06ed1a06d69d41d01fea9310ca47de
2022-01-10T16:47:36+00:00 NOTICE abandoned_cart.success :: email: sookieyy@gmail.com :: checkout_url: https://naturalconexion.com/checkout/?mc_cart_id=0c06ed1a06d69d41d01fea9310ca47de
2022-01-10T16:47:44+00:00 NOTICE action_scheduler.queue_job :: MailChimp_WooCommerce_Cart_Update queued :: obj_id 0c06ed1a06d69d41d01fea9310ca47de
2022-01-10T16:48:24+00:00 NOTICE abandoned_cart.success :: email: sookieyy@gmail.com :: checkout_url: https://naturalconexion.com/checkout/?mc_cart_id=0c06ed1a06d69d41d01fea9310ca47de
2022-01-10T16:49:58+00:00 NOTICE action_scheduler.queue_job :: MailChimp_WooCommerce_Cart_Update queued :: obj_id 0c06ed1a06d69d41d01fea9310ca47de
2022-01-10T16:50:42+00:00 NOTICE action_scheduler.queue_job :: MailChimp_WooCommerce_Single_Order starts in 90 seconds :: obj_id 18223
2022-01-10T16:50:42+00:00 NOTICE abandoned_cart.success :: email: sookieyy@gmail.com :: checkout_url: https://naturalconexion.com/checkout/?mc_cart_id=0c06ed1a06d69d41d01fea9310ca47de
2022-01-10T16:52:37+00:00 NOTICE order_sumbit :: #18223 has a financial status of pending and was skipped.
2022-01-10T16:55:14+00:00 NOTICE action_scheduler.queue_job :: MailChimp_WooCommerce_Single_Order starts in 90 seconds :: obj_id 18223
2022-01-10T16:55:17+00:00 NOTICE debug :: Order ID 18223 was pending and is now processing :: Array
(
    [new_order] => 1
    [tracking] => Array
        (
            [campaign_id] => 
            [landing_site] => https://naturalconexion.com/wp-admin/admin-ajax.php
        )

)

2022-01-10T16:56:59+00:00 NOTICE order.member.updated :: Updated sookieyy@gmail.com subscriber status to transactional and language to 
2022-01-10T16:56:59+00:00 NOTICE order_submit.success :: addStoreOrder :: #18223 :: email: sookieyy@gmail.com :: landing site https://naturalconexion.com/wp-admin/admin-ajax.php :: abandoned cart deleted [0c06ed1a06d69d41d01fea9310ca47de]
2022-01-10T17:20:03+00:00 NOTICE action_scheduler.queue_job :: MailChimp_WooCommerce_Single_Order starts in 90 seconds :: obj_id 18222
2022-01-10T17:20:04+00:00 NOTICE debug :: Order ID 18222 was pending and is now cancelled :: Array
(
    [new_order] => 
    [tracking] => 
)

2022-01-10T17:22:29+00:00 NOTICE order_sumbit :: #18222 has a financial status of cancelled and was skipped.
2022-01-10T18:08:57+00:00 NOTICE action_scheduler.queue_job :: MailChimp_WooCommerce_Single_Order starts in 90 seconds :: obj_id 18224
2022-01-10T18:10:40+00:00 NOTICE debug :: Order ID 18224 was pending and is now processing :: Array
(
    [new_order] => 1
    [tracking] => Array
        (
            [campaign_id] => 
            [landing_site] => https://naturalconexion.com/wp-admin/admin-ajax.php
        )

)

2022-01-10T18:12:30+00:00 NOTICE order.member.updated :: Updated nata_nya@hotmail.com subscriber status to unsubscribed and language to es
2022-01-10T18:12:30+00:00 NOTICE order_submit.success :: addStoreOrder :: #18224 :: email: nata_nya@hotmail.com :: landing site https://naturalconexion.com/wp-admin/admin-ajax.php
2022-01-10T19:49:36+00:00 NOTICE action_scheduler.queue_job :: MailChimp_WooCommerce_Cart_Update queued :: obj_id 69b9acf1c5e316578af9069ac301c209
2022-01-10T19:49:49+00:00 NOTICE action_scheduler.queue_job :: MailChimp_WooCommerce_Single_Order starts in 90 seconds :: obj_id 18225
2022-01-10T19:50:21+00:00 NOTICE abandoned_cart.success :: email: diana.restrepo93@hotmail.com :: checkout_url: https://naturalconexion.com/checkout/?mc_cart_id=69b9acf1c5e316578af9069ac301c209
2022-01-10T19:50:21+00:00 NOTICE cart.member.updated :: Updated diana.restrepo93@hotmail.com subscriber status to transactional and language to es
2022-01-10T19:51:27+00:00 NOTICE order_sumbit :: #18225 has a financial status of pending and was skipped.
2022-01-10T19:51:45+00:00 NOTICE action_scheduler.queue_job :: MailChimp_WooCommerce_Single_Order starts in 90 seconds :: obj_id 18225
2022-01-10T19:51:48+00:00 NOTICE debug :: Order ID 18225 was pending and is now processing :: Array
(
    [new_order] => 1
    [tracking] => Array
        (
            [campaign_id] => 
            [landing_site] => https://naturalconexion.com/wp-admin/admin-ajax.php
        )

)

2022-01-10T19:53:31+00:00 NOTICE order.member.updated :: Updated diana.restrepo93@hotmail.com subscriber status to transactional and language to 
2022-01-10T19:53:31+00:00 NOTICE order_submit.success :: addStoreOrder :: #18225 :: email: diana.restrepo93@hotmail.com :: landing site https://naturalconexion.com/wp-admin/admin-ajax.php :: abandoned cart deleted [69b9acf1c5e316578af9069ac301c209]
