2021-12-22T02:47:27+00:00 NOTICE action_scheduler.queue_job :: MailChimp_WooCommerce_Cart_Update queued :: obj_id 34d45035365a09ce7880a947b7fd27bd
2021-12-22T02:47:28+00:00 NOTICE abandoned_cart.success :: email: nuevaepsjohana@gmail.com :: checkout_url: https://naturalconexion.com/checkout/?mc_cart_id=34d45035365a09ce7880a947b7fd27bd
2021-12-22T02:47:28+00:00 NOTICE cart.member.updated :: Updated nuevaepsjohana@gmail.com subscriber status to transactional and language to es
2021-12-22T02:47:43+00:00 NOTICE action_scheduler.queue_job :: MailChimp_WooCommerce_Single_Order starts in 90 seconds :: obj_id 17919
2021-12-22T02:50:02+00:00 NOTICE order_sumbit :: #17919 has a financial status of pending and was skipped.
2021-12-22T02:50:31+00:00 NOTICE action_scheduler.queue_job :: MailChimp_WooCommerce_Single_Order starts in 90 seconds :: obj_id 17919
2021-12-22T02:50:34+00:00 NOTICE debug :: Order ID 17919 was pending and is now processing :: Array
(
    [new_order] => 1
    [tracking] => Array
        (
            [campaign_id] => 
            [landing_site] => https://naturalconexion.com/wp-admin/admin-ajax.php
        )

)

2021-12-22T02:53:02+00:00 NOTICE order.member.updated :: Updated nuevaepsjohana@gmail.com subscriber status to subscribed and language to 
2021-12-22T02:53:02+00:00 NOTICE order_submit.success :: addStoreOrder :: #17919 :: email: nuevaepsjohana@gmail.com :: landing site https://naturalconexion.com/wp-admin/admin-ajax.php :: abandoned cart deleted [34d45035365a09ce7880a947b7fd27bd]
2021-12-22T05:36:37+00:00 NOTICE action_scheduler.queue_job :: MailChimp_WooCommerce_Single_Order starts in 90 seconds :: obj_id 17862
2021-12-22T05:36:38+00:00 NOTICE debug :: Order ID 17862 was pending and is now failed :: Array
(
    [new_order] => 
    [tracking] => 
)

2021-12-22T05:40:01+00:00 NOTICE system.debug :: order 17862 is in failed status, and is being skipped for now.
2021-12-22T05:51:09+00:00 NOTICE action_scheduler.queue_job :: MailChimp_WooCommerce_Cart_Update queued :: obj_id 4caf1c0a76ce5e414b6f116c4a1c41a9
2021-12-22T05:51:12+00:00 NOTICE abandoned_cart.success :: email: lilianamezagon@gmail.com :: checkout_url: https://naturalconexion.com/checkout/?mc_cart_id=4caf1c0a76ce5e414b6f116c4a1c41a9
2021-12-22T05:51:12+00:00 NOTICE cart.member.updated :: Updated lilianamezagon@gmail.com subscriber status to transactional and language to es
2021-12-22T05:53:54+00:00 NOTICE action_scheduler.queue_job :: MailChimp_WooCommerce_Single_Order starts in 90 seconds :: obj_id 17920
2021-12-22T05:56:29+00:00 NOTICE order_sumbit :: #17920 has a financial status of pending and was skipped.
2021-12-22T05:59:38+00:00 NOTICE action_scheduler.queue_job :: MailChimp_WooCommerce_Cart_Update queued :: obj_id 4caf1c0a76ce5e414b6f116c4a1c41a9
2021-12-22T05:59:59+00:00 NOTICE abandoned_cart.success :: email: lilianamezagon@gmail.com :: checkout_url: https://naturalconexion.com/checkout/?mc_cart_id=4caf1c0a76ce5e414b6f116c4a1c41a9
2021-12-22T06:01:15+00:00 NOTICE action_scheduler.queue_job :: MailChimp_WooCommerce_Single_Order starts in 90 seconds :: obj_id 17921
2021-12-22T06:02:23+00:00 NOTICE debug :: Order ID 17921 was pending and is now processing :: Array
(
    [new_order] => 1
    [tracking] => Array
        (
            [campaign_id] => 
            [landing_site] => https://naturalconexion.com/?wc-ajax=get_refreshed_fragments
        )

)

2021-12-22T06:03:56+00:00 NOTICE order.member.updated :: Updated lilianamezagon@gmail.com subscriber status to subscribed and language to es
2021-12-22T06:03:56+00:00 NOTICE order_submit.success :: addStoreOrder :: #17921 :: email: lilianamezagon@gmail.com :: landing site https://naturalconexion.com/?wc-ajax=get_refreshed_fragments :: abandoned cart deleted [4caf1c0a76ce5e414b6f116c4a1c41a9]
2021-12-22T11:36:05+00:00 NOTICE action_scheduler.queue_job :: MailChimp_WooCommerce_Cart_Update queued :: obj_id b3d0e75d62619a6c9fb0ebf76ce958ae
2021-12-22T11:36:06+00:00 NOTICE abandoned_cart.success :: email: josuemrsjoshue@gmail.com :: checkout_url: https://naturalconexion.com/checkout/?mc_cart_id=b3d0e75d62619a6c9fb0ebf76ce958ae
2021-12-22T11:36:06+00:00 NOTICE cart.member.updated :: Updated josuemrsjoshue@gmail.com subscriber status to transactional and language to es
2021-12-22T11:42:27+00:00 NOTICE action_scheduler.queue_job :: MailChimp_WooCommerce_Single_Order starts in 90 seconds :: obj_id 17922
2021-12-22T11:44:29+00:00 NOTICE order_sumbit :: #17922 has a financial status of pending and was skipped.
2021-12-22T12:26:58+00:00 NOTICE debug :: Order ID 17844 was processing and is now completed :: Array
(
    [new_order] => 
    [tracking] => 
)

2021-12-22T12:26:58+00:00 NOTICE action_scheduler.queue_job :: MailChimp_WooCommerce_Single_Order starts in 90 seconds :: obj_id 17844
2021-12-22T12:28:56+00:00 NOTICE order.member.updated :: Updated nayiverhs@gmail.com subscriber status to subscribed and language to 
2021-12-22T12:28:56+00:00 NOTICE order_submit.success :: updateStoreOrder :: #17844 :: email: nayiverhs@gmail.com
2021-12-22T13:30:55+00:00 NOTICE action_scheduler.queue_job :: MailChimp_WooCommerce_Cart_Update queued :: obj_id 0338220ff477a73709f448b072bb6fda
2021-12-22T13:30:56+00:00 NOTICE abandoned_cart.success :: email: yericamartinezg@hotmail.com :: checkout_url: https://naturalconexion.com/checkout/?mc_cart_id=0338220ff477a73709f448b072bb6fda
2021-12-22T13:30:56+00:00 NOTICE cart.member.updated :: Updated yericamartinezg@hotmail.com subscriber status to transactional and language to es
2021-12-22T13:31:26+00:00 NOTICE action_scheduler.queue_job :: MailChimp_WooCommerce_Single_Order starts in 90 seconds :: obj_id 17923
2021-12-22T13:33:32+00:00 NOTICE order_sumbit :: #17923 has a financial status of pending and was skipped.
2021-12-22T13:33:45+00:00 NOTICE action_scheduler.queue_job :: MailChimp_WooCommerce_Single_Order starts in 90 seconds :: obj_id 17923
2021-12-22T13:33:47+00:00 NOTICE debug :: Order ID 17923 was pending and is now processing :: Array
(
    [new_order] => 1
    [tracking] => Array
        (
            [campaign_id] => 
            [landing_site] => https://naturalconexion.com/tienda/page/4/
        )

)

2021-12-22T13:36:05+00:00 NOTICE order.member.updated :: Updated Yericamartinezg@hotmail.com subscriber status to subscribed and language to 
2021-12-22T13:36:05+00:00 NOTICE order_submit.success :: addStoreOrder :: #17923 :: email: Yericamartinezg@hotmail.com :: landing site https://naturalconexion.com/tienda/page/4/ :: abandoned cart deleted [0338220ff477a73709f448b072bb6fda]
2021-12-22T14:03:23+00:00 NOTICE action_scheduler.queue_job :: MailChimp_WooCommerce_Single_Order starts in 90 seconds :: obj_id 17797
2021-12-22T14:03:24+00:00 NOTICE debug :: Order ID 17797 was processing and is now completed :: Array
(
    [new_order] => 
    [tracking] => 
)

2021-12-22T14:03:25+00:00 NOTICE action_scheduler.queue_job :: MailChimp_WooCommerce_Single_Order starts in 90 seconds :: obj_id 17905
2021-12-22T14:03:26+00:00 NOTICE debug :: Order ID 17905 was processing and is now completed :: Array
(
    [new_order] => 
    [tracking] => 
)

2021-12-22T14:03:26+00:00 NOTICE action_scheduler.queue_job :: MailChimp_WooCommerce_Single_Order starts in 90 seconds :: obj_id 17906
2021-12-22T14:03:27+00:00 NOTICE debug :: Order ID 17906 was processing and is now completed :: Array
(
    [new_order] => 
    [tracking] => 
)

2021-12-22T14:03:27+00:00 NOTICE action_scheduler.queue_job :: MailChimp_WooCommerce_Single_Order starts in 90 seconds :: obj_id 17913
2021-12-22T14:03:28+00:00 NOTICE debug :: Order ID 17913 was processing and is now completed :: Array
(
    [new_order] => 
    [tracking] => 
)

2021-12-22T14:03:28+00:00 NOTICE action_scheduler.queue_job :: MailChimp_WooCommerce_Single_Order starts in 90 seconds :: obj_id 17914
2021-12-22T14:03:29+00:00 NOTICE debug :: Order ID 17914 was processing and is now completed :: Array
(
    [new_order] => 
    [tracking] => 
)

2021-12-22T14:03:29+00:00 NOTICE action_scheduler.queue_job :: MailChimp_WooCommerce_Single_Order starts in 90 seconds :: obj_id 17916
2021-12-22T14:03:30+00:00 NOTICE debug :: Order ID 17916 was processing and is now completed :: Array
(
    [new_order] => 
    [tracking] => 
)

2021-12-22T14:03:30+00:00 NOTICE action_scheduler.queue_job :: MailChimp_WooCommerce_Single_Order starts in 90 seconds :: obj_id 17917
2021-12-22T14:03:31+00:00 NOTICE debug :: Order ID 17917 was processing and is now completed :: Array
(
    [new_order] => 
    [tracking] => 
)

2021-12-22T14:03:31+00:00 NOTICE action_scheduler.queue_job :: MailChimp_WooCommerce_Single_Order starts in 90 seconds :: obj_id 17918
2021-12-22T14:03:32+00:00 NOTICE debug :: Order ID 17918 was processing and is now completed :: Array
(
    [new_order] => 
    [tracking] => 
)

2021-12-22T14:03:32+00:00 NOTICE action_scheduler.queue_job :: MailChimp_WooCommerce_Single_Order starts in 90 seconds :: obj_id 17919
2021-12-22T14:03:33+00:00 NOTICE debug :: Order ID 17919 was processing and is now completed :: Array
(
    [new_order] => 
    [tracking] => 
)

2021-12-22T14:03:34+00:00 NOTICE action_scheduler.queue_job :: MailChimp_WooCommerce_Single_Order starts in 90 seconds :: obj_id 17921
2021-12-22T14:03:34+00:00 NOTICE debug :: Order ID 17921 was processing and is now completed :: Array
(
    [new_order] => 
    [tracking] => 
)

2021-12-22T14:03:59+00:00 NOTICE action_scheduler.queue_job :: MailChimp_WooCommerce_Single_Order starts in 90 seconds :: obj_id 17863
2021-12-22T14:04:00+00:00 NOTICE debug :: Order ID 17863 was processing and is now completed :: Array
(
    [new_order] => 
    [tracking] => 
)

2021-12-22T14:05:02+00:00 NOTICE order.member.updated :: Updated rocket.440@hotmail.com subscriber status to subscribed and language to 
2021-12-22T14:05:02+00:00 NOTICE order_submit.success :: updateStoreOrder :: #17797 :: email: rocket.440@hotmail.com
2021-12-22T14:05:03+00:00 NOTICE order.member.updated :: Updated mariaru096@gmail.com subscriber status to subscribed and language to 
2021-12-22T14:05:03+00:00 NOTICE order_submit.success :: updateStoreOrder :: #17905 :: email: mariaru096@gmail.com
2021-12-22T14:05:04+00:00 NOTICE order.member.updated :: Updated nanarv13@hotmail.com subscriber status to transactional and language to 
2021-12-22T14:05:04+00:00 NOTICE order_submit.success :: updateStoreOrder :: #17906 :: email: nanarv13@hotmail.com
2021-12-22T14:05:06+00:00 NOTICE order.member.updated :: Updated angiedanieladp@gmail.com subscriber status to unsubscribed and language to 
2021-12-22T14:05:06+00:00 NOTICE order_submit.success :: updateStoreOrder :: #17913 :: email: angiedanieladp@gmail.com
2021-12-22T14:05:08+00:00 NOTICE order.member.updated :: Updated Sara95graciano@hotmail.com subscriber status to transactional and language to 
2021-12-22T14:05:08+00:00 NOTICE order_submit.success :: updateStoreOrder :: #17914 :: email: Sara95graciano@hotmail.com
2021-12-22T14:05:09+00:00 NOTICE order.member.updated :: Updated cindybaquero18@gmail.com subscriber status to subscribed and language to 
2021-12-22T14:05:09+00:00 NOTICE order_submit.success :: updateStoreOrder :: #17916 :: email: cindybaquero18@gmail.com
2021-12-22T14:05:10+00:00 NOTICE order.member.updated :: Updated kelitto1307@hotmail.com subscriber status to subscribed and language to 
2021-12-22T14:05:10+00:00 NOTICE order_submit.success :: updateStoreOrder :: #17917 :: email: kelitto1307@hotmail.com
2021-12-22T14:05:12+00:00 NOTICE order.member.updated :: Updated tizytv@gmail.com subscriber status to subscribed and language to 
2021-12-22T14:05:12+00:00 NOTICE order_submit.success :: updateStoreOrder :: #17918 :: email: tizytv@gmail.com
2021-12-22T14:05:13+00:00 NOTICE order.member.updated :: Updated nuevaepsjohana@gmail.com subscriber status to subscribed and language to 
2021-12-22T14:05:13+00:00 NOTICE order_submit.success :: updateStoreOrder :: #17919 :: email: nuevaepsjohana@gmail.com
2021-12-22T14:05:14+00:00 NOTICE order.member.updated :: Updated lilianamezagon@gmail.com subscriber status to subscribed and language to 
2021-12-22T14:05:14+00:00 NOTICE order_submit.success :: updateStoreOrder :: #17921 :: email: lilianamezagon@gmail.com
2021-12-22T14:06:08+00:00 NOTICE order.member.updated :: Updated yennybotero@hotmail.com subscriber status to subscribed and language to 
2021-12-22T14:06:08+00:00 NOTICE order_submit.success :: updateStoreOrder :: #17863 :: email: yennybotero@hotmail.com
2021-12-22T15:42:54+00:00 NOTICE action_scheduler.queue_job :: MailChimp_WooCommerce_Single_Order starts in 90 seconds :: obj_id 17922
2021-12-22T15:42:56+00:00 NOTICE debug :: Order ID 17922 was pending and is now processing :: Array
(
    [new_order] => 1
    [tracking] => Array
        (
            [campaign_id] => 
            [landing_site] => https://naturalconexion.com/wp-admin/admin-ajax.php
        )

)

2021-12-22T15:45:29+00:00 NOTICE order.member.updated :: Updated josuemrsjoshue@gmail.com subscriber status to subscribed and language to 
2021-12-22T15:45:29+00:00 NOTICE order_submit.success :: addStoreOrder :: #17922 :: email: josuemrsjoshue@gmail.com :: landing site https://naturalconexion.com/wp-admin/admin-ajax.php :: abandoned cart deleted [b3d0e75d62619a6c9fb0ebf76ce958ae]
2021-12-22T15:47:07+00:00 NOTICE action_scheduler.queue_job :: MailChimp_WooCommerce_Cart_Update queued :: obj_id 18e881b0916a9421fc9cf1558200b5c4
2021-12-22T15:47:47+00:00 NOTICE abandoned_cart.success :: email: lili_1106@hotmail.com :: checkout_url: https://naturalconexion.com/checkout/?mc_cart_id=18e881b0916a9421fc9cf1558200b5c4
2021-12-22T15:47:47+00:00 NOTICE cart.member.updated :: Updated lili_1106@hotmail.com subscriber status to subscribed and language to es
2021-12-22T15:47:51+00:00 NOTICE action_scheduler.queue_job :: MailChimp_WooCommerce_Cart_Update queued :: obj_id 18e881b0916a9421fc9cf1558200b5c4
2021-12-22T15:47:55+00:00 NOTICE abandoned_cart.success :: email: lili_1106@hotmail.com :: checkout_url: https://naturalconexion.com/checkout/?mc_cart_id=18e881b0916a9421fc9cf1558200b5c4
2021-12-22T15:48:10+00:00 NOTICE action_scheduler.queue_job :: MailChimp_WooCommerce_Cart_Update queued :: obj_id 18e881b0916a9421fc9cf1558200b5c4
2021-12-22T15:48:53+00:00 NOTICE abandoned_cart.success :: email: lili_1106@hotmail.com :: checkout_url: https://naturalconexion.com/checkout/?mc_cart_id=18e881b0916a9421fc9cf1558200b5c4
2021-12-22T15:49:06+00:00 NOTICE action_scheduler.queue_job :: MailChimp_WooCommerce_Cart_Update queued :: obj_id 18e881b0916a9421fc9cf1558200b5c4
2021-12-22T15:50:07+00:00 NOTICE abandoned_cart.success :: email: lili_1106@hotmail.com :: checkout_url: https://naturalconexion.com/checkout/?mc_cart_id=18e881b0916a9421fc9cf1558200b5c4
2021-12-22T16:23:13+00:00 NOTICE action_scheduler.queue_job :: MailChimp_WooCommerce_Single_Order starts in 90 seconds :: obj_id 17924
2021-12-22T16:24:46+00:00 NOTICE debug :: Order ID 17924 was pending and is now processing :: Array
(
    [new_order] => 1
    [tracking] => Array
        (
            [campaign_id] => 
            [landing_site] => https://naturalconexion.com/?wc-ajax=get_refreshed_fragments
        )

)

2021-12-22T16:26:25+00:00 NOTICE order.member.updated :: Updated naavento21_@hotmail.com subscriber status to transactional and language to es
2021-12-22T16:26:25+00:00 NOTICE order_submit.success :: addStoreOrder :: #17924 :: email: naavento21_@hotmail.com :: landing site https://naturalconexion.com/?wc-ajax=get_refreshed_fragments
2021-12-22T17:13:34+00:00 NOTICE action_scheduler.queue_job :: MailChimp_WooCommerce_Cart_Update queued :: obj_id 3d56c1a8a150279375771ff7916aa071
2021-12-22T17:13:36+00:00 NOTICE abandoned_cart.success :: email: aurismrl@gmail.com :: checkout_url: https://naturalconexion.com/checkout/?mc_cart_id=3d56c1a8a150279375771ff7916aa071
2021-12-22T17:13:36+00:00 NOTICE cart.member.updated :: Updated aurismrl@gmail.com subscriber status to transactional and language to es
2021-12-22T17:33:17+00:00 NOTICE action_scheduler.queue_job :: MailChimp_WooCommerce_User_Submit queued :: obj_id 1959
2021-12-22T17:34:10+00:00 NOTICE member.sync :: Updated Member luzkortizcortezano@outlook.com ( merge fields only ) :: Array
(
    [merge_fields] => Array
        (
            [FNAME] => Luz Karime
            [LNAME] => Ortiz Cortezano
        )

)

2021-12-22T17:36:47+00:00 NOTICE action_scheduler.queue_job :: MailChimp_WooCommerce_Single_Order starts in 90 seconds :: obj_id 17683
2021-12-22T17:36:47+00:00 NOTICE debug :: Order ID 17683 was pending and is now cancelled :: Array
(
    [new_order] => 
    [tracking] => 
)

2021-12-22T17:39:27+00:00 NOTICE order_sumbit :: #17683 has a financial status of cancelled and was skipped.
2021-12-22T18:56:55+00:00 NOTICE action_scheduler.queue_job :: MailChimp_WooCommerce_Cart_Update queued :: obj_id b3351cda4750c0354679567358065e58
2021-12-22T18:56:57+00:00 NOTICE abandoned_cart.success :: email: marlycano12345@gmail.com :: checkout_url: https://naturalconexion.com/checkout/?mc_cart_id=b3351cda4750c0354679567358065e58
2021-12-22T18:56:58+00:00 NOTICE cart.member.updated :: Updated marlycano12345@gmail.com subscriber status to transactional and language to es
2021-12-22T18:58:35+00:00 NOTICE action_scheduler.queue_job :: MailChimp_WooCommerce_Single_Order starts in 90 seconds :: obj_id 17925
2021-12-22T19:01:08+00:00 NOTICE order_sumbit :: #17925 has a financial status of pending and was skipped.
2021-12-22T19:02:07+00:00 NOTICE action_scheduler.queue_job :: MailChimp_WooCommerce_Single_Order starts in 90 seconds :: obj_id 17925
2021-12-22T19:02:10+00:00 NOTICE debug :: Order ID 17925 was pending and is now processing :: Array
(
    [new_order] => 1
    [tracking] => Array
        (
            [campaign_id] => 
            [landing_site] => https://naturalconexion.com/?wc-ajax=get_refreshed_fragments
        )

)

2021-12-22T19:04:12+00:00 NOTICE order.member.updated :: Updated marlycano12345@gmail.com subscriber status to subscribed and language to 
2021-12-22T19:04:12+00:00 NOTICE order_submit.success :: addStoreOrder :: #17925 :: email: marlycano12345@gmail.com :: landing site https://naturalconexion.com/?wc-ajax=get_refreshed_fragments :: abandoned cart deleted [b3351cda4750c0354679567358065e58]
2021-12-22T22:03:17+00:00 NOTICE action_scheduler.queue_job :: MailChimp_WooCommerce_Cart_Update queued :: obj_id 717aaf40fa3860acffd35622275ee29d
2021-12-22T22:03:18+00:00 NOTICE abandoned_cart.success :: email: leonancast@gmail.com :: checkout_url: https://naturalconexion.com/checkout/?mc_cart_id=717aaf40fa3860acffd35622275ee29d
2021-12-22T22:03:18+00:00 NOTICE cart.member.updated :: Updated leonancast@gmail.com subscriber status to subscribed and language to es
2021-12-22T22:03:19+00:00 NOTICE action_scheduler.queue_job :: MailChimp_WooCommerce_Cart_Update queued :: obj_id 717aaf40fa3860acffd35622275ee29d
2021-12-22T22:03:43+00:00 NOTICE abandoned_cart.success :: email: leonancast@gmail.com :: checkout_url: https://naturalconexion.com/checkout/?mc_cart_id=717aaf40fa3860acffd35622275ee29d
2021-12-22T22:04:37+00:00 NOTICE action_scheduler.queue_job :: MailChimp_WooCommerce_Single_Order starts in 90 seconds :: obj_id 17926
2021-12-22T22:07:29+00:00 NOTICE order_sumbit :: #17926 has a financial status of pending and was skipped.
2021-12-22T22:07:38+00:00 NOTICE action_scheduler.queue_job :: MailChimp_WooCommerce_Single_Order starts in 90 seconds :: obj_id 17926
2021-12-22T22:07:41+00:00 NOTICE debug :: Order ID 17926 was pending and is now processing :: Array
(
    [new_order] => 1
    [tracking] => Array
        (
            [campaign_id] => 
            [landing_site] => https://naturalconexion.com/product-category/facial/page/6/
        )

)

2021-12-22T22:09:43+00:00 NOTICE order.member.updated :: Updated leonancast@gmail.com subscriber status to subscribed and language to 
2021-12-22T22:09:43+00:00 NOTICE order_submit.success :: addStoreOrder :: #17926 :: email: leonancast@gmail.com :: landing site https://naturalconexion.com/product-category/facial/page/6/ :: abandoned cart deleted [717aaf40fa3860acffd35622275ee29d]
2021-12-22T23:52:11+00:00 NOTICE action_scheduler.queue_job :: MailChimp_WooCommerce_Cart_Update queued :: obj_id 7f70869a56b7d6e82b84324182ee5c13
2021-12-22T23:52:13+00:00 NOTICE abandoned_cart.success :: email: karitog@hotmail.com :: checkout_url: https://naturalconexion.com/checkout/?mc_cart_id=7f70869a56b7d6e82b84324182ee5c13
2021-12-22T23:52:14+00:00 NOTICE cart.member.updated :: Updated karitog@hotmail.com subscriber status to transactional and language to es
2021-12-22T23:53:10+00:00 NOTICE ac.cart_swap :: Deleted cart [karitog@hotmail.com] :: ID [7f70869a56b7d6e82b84324182ee5c13]
2021-12-22T23:53:10+00:00 NOTICE action_scheduler.queue_job :: MailChimp_WooCommerce_Cart_Update queued :: obj_id 95c22b985a4cd607e71a860516a1c37f
2021-12-22T23:53:33+00:00 NOTICE abandoned_cart.success :: email: guzman.claudia@yahoo.com :: checkout_url: https://naturalconexion.com/checkout/?mc_cart_id=95c22b985a4cd607e71a860516a1c37f
2021-12-22T23:53:33+00:00 NOTICE cart.member.updated :: Updated guzman.claudia@yahoo.com subscriber status to transactional and language to es
2021-12-22T23:54:10+00:00 NOTICE action_scheduler.queue_job :: MailChimp_WooCommerce_Single_Order starts in 90 seconds :: obj_id 17927
2021-12-22T23:55:57+00:00 NOTICE order_sumbit :: #17927 has a financial status of pending and was skipped.
