2022-04-05T01:53:57+00:00 NOTICE action_scheduler.queue_job :: MailChimp_WooCommerce_Cart_Update queued :: obj_id 169827307dabbaebd4cb23048ec07a5b
2022-04-05T01:54:27+00:00 NOTICE abandoned_cart.success :: email: polacarrillo@gmail.com :: checkout_url: https://naturalconexion.com/checkout/?mc_cart_id=169827307dabbaebd4cb23048ec07a5b
2022-04-05T01:54:28+00:00 NOTICE cart.member.updated :: Updated polacarrillo@gmail.com subscriber status to transactional and language to es
2022-04-05T01:57:12+00:00 NOTICE action_scheduler.queue_job :: MailChimp_WooCommerce_Single_Order starts in 90 seconds :: obj_id 19623
2022-04-05T01:58:50+00:00 NOTICE order_sumbit :: #19623 has a financial status of pending and was skipped.
2022-04-05T01:59:40+00:00 NOTICE action_scheduler.queue_job :: MailChimp_WooCommerce_Single_Order starts in 90 seconds :: obj_id 19623
2022-04-05T01:59:43+00:00 NOTICE debug :: Order ID 19623 was pending and is now processing :: Array
(
    [new_order] => 1
    [tracking] => Array
        (
            [campaign_id] => 
            [landing_site] => https://naturalconexion.com/wp-admin/admin-ajax.php
        )

)

2022-04-05T02:01:28+00:00 NOTICE order.member.updated :: Updated polacarrillo@gmail.com subscriber status to subscribed and language to 
2022-04-05T02:01:28+00:00 NOTICE order_submit.success :: addStoreOrder :: #19623 :: email: polacarrillo@gmail.com :: landing site https://naturalconexion.com/wp-admin/admin-ajax.php :: abandoned cart deleted [169827307dabbaebd4cb23048ec07a5b]
2022-04-05T02:10:05+00:00 NOTICE action_scheduler.queue_job :: MailChimp_WooCommerce_SingleCoupon queued :: obj_id 19624
2022-04-05T02:10:29+00:00 NOTICE promo_code_submit.success :: #19624 :: code: x20k5zxo
2022-04-05T03:48:56+00:00 NOTICE action_scheduler.queue_job :: MailChimp_WooCommerce_SingleCoupon queued :: obj_id 19625
2022-04-05T03:49:27+00:00 NOTICE promo_code_submit.success :: #19625 :: code: 5kisigzx
2022-04-05T10:41:40+00:00 NOTICE action_scheduler.queue_job :: MailChimp_WooCommerce_Cart_Update queued :: obj_id ee2b6d2c7e880aa5eb7e0a84d6f2f379
2022-04-05T10:41:41+00:00 NOTICE abandoned_cart.success :: email: monica.romero2911@gmail.com :: checkout_url: https://naturalconexion.com/checkout/?mc_cart_id=ee2b6d2c7e880aa5eb7e0a84d6f2f379
2022-04-05T10:41:41+00:00 NOTICE cart.member.updated :: Updated monica.romero2911@gmail.com subscriber status to transactional and language to es
2022-04-05T10:55:25+00:00 NOTICE action_scheduler.queue_job :: MailChimp_WooCommerce_Single_Order starts in 90 seconds :: obj_id 19626
2022-04-05T10:57:41+00:00 NOTICE order_sumbit :: #19626 has a financial status of pending and was skipped.
2022-04-05T11:00:26+00:00 NOTICE action_scheduler.queue_job :: MailChimp_WooCommerce_Single_Order starts in 90 seconds :: obj_id 19626
2022-04-05T11:00:29+00:00 NOTICE debug :: Order ID 19626 was pending and is now processing :: Array
(
    [new_order] => 1
    [tracking] => Array
        (
            [campaign_id] => 
            [landing_site] => https://naturalconexion.com/wp-admin/admin-ajax.php
        )

)

2022-04-05T11:02:08+00:00 NOTICE order.member.updated :: Updated soficorrea2804@gmail.com subscriber status to subscribed and language to 
2022-04-05T11:02:08+00:00 NOTICE order_submit.success :: addStoreOrder :: #19626 :: email: soficorrea2804@gmail.com :: landing site https://naturalconexion.com/wp-admin/admin-ajax.php
2022-04-05T12:45:58+00:00 NOTICE action_scheduler.queue_job :: MailChimp_WooCommerce_Single_Order starts in 90 seconds :: obj_id 19627
2022-04-05T12:47:58+00:00 NOTICE debug :: Order ID 19627 was pending and is now processing :: Array
(
    [new_order] => 1
    [tracking] => Array
        (
            [campaign_id] => 
            [landing_site] => https://naturalconexion.com/wp-admin/admin-ajax.php
        )

)

2022-04-05T12:49:47+00:00 NOTICE order.member.updated :: Updated zemesab@outlook.com subscriber status to subscribed and language to es
2022-04-05T12:49:47+00:00 NOTICE order_submit.success :: addStoreOrder :: #19627 :: email: zemesab@outlook.com :: landing site https://naturalconexion.com/wp-admin/admin-ajax.php
2022-04-05T13:14:42+00:00 NOTICE action_scheduler.queue_job :: MailChimp_WooCommerce_Cart_Update queued :: obj_id 76b040d8cfe6068070f3b6f41fb49bf8
2022-04-05T13:14:55+00:00 NOTICE abandoned_cart.success :: email: c.andreavr63@gmail.com :: checkout_url: https://naturalconexion.com/checkout/?mc_cart_id=76b040d8cfe6068070f3b6f41fb49bf8
2022-04-05T13:14:56+00:00 NOTICE cart.member.updated :: Updated c.andreavr63@gmail.com subscriber status to subscribed and language to es
2022-04-05T13:18:30+00:00 NOTICE action_scheduler.queue_job :: MailChimp_WooCommerce_Cart_Update queued :: obj_id 76b040d8cfe6068070f3b6f41fb49bf8
2022-04-05T13:18:58+00:00 NOTICE abandoned_cart.success :: email: c.andreavr63@gmail.com :: checkout_url: https://naturalconexion.com/checkout/?mc_cart_id=76b040d8cfe6068070f3b6f41fb49bf8
2022-04-05T13:19:14+00:00 NOTICE action_scheduler.queue_job :: MailChimp_WooCommerce_Single_Order starts in 90 seconds :: obj_id 19628
2022-04-05T13:21:10+00:00 NOTICE action_scheduler.queue_job :: MailChimp_WooCommerce_Cart_Update queued :: obj_id 76b040d8cfe6068070f3b6f41fb49bf8
2022-04-05T13:21:12+00:00 NOTICE order_sumbit :: #19628 has a financial status of pending and was skipped.
2022-04-05T13:21:12+00:00 NOTICE abandoned_cart.success :: email: c.andreavr63@gmail.com :: checkout_url: https://naturalconexion.com/checkout/?mc_cart_id=76b040d8cfe6068070f3b6f41fb49bf8
2022-04-05T13:23:23+00:00 NOTICE action_scheduler.queue_job :: MailChimp_WooCommerce_Single_Order starts in 90 seconds :: obj_id 19629
2022-04-05T13:23:31+00:00 NOTICE action_scheduler.queue_job :: MailChimp_WooCommerce_Cart_Update queued :: obj_id 0641d4a42c73a104bd16230d2e189740
2022-04-05T13:24:27+00:00 NOTICE abandoned_cart.success :: email: nanita8207.df@gmail.com :: checkout_url: https://naturalconexion.com/checkout/?mc_cart_id=0641d4a42c73a104bd16230d2e189740
2022-04-05T13:24:27+00:00 NOTICE cart.member.updated :: Updated nanita8207.df@gmail.com subscriber status to subscribed and language to es
2022-04-05T13:25:05+00:00 NOTICE action_scheduler.queue_job :: MailChimp_WooCommerce_Single_Order starts in 90 seconds :: obj_id 19630
2022-04-05T13:25:38+00:00 NOTICE order_sumbit :: #19629 has a financial status of pending and was skipped.
2022-04-05T13:26:05+00:00 NOTICE debug :: Order ID 19630 was pending and is now processing :: Array
(
    [new_order] => 1
    [tracking] => Array
        (
            [campaign_id] => 
            [landing_site] => https://naturalconexion.com/wp-admin/admin-ajax.php
        )

)

2022-04-05T13:28:07+00:00 NOTICE order.member.updated :: Updated Nanita8207.df@gmail.com subscriber status to subscribed and language to es
2022-04-05T13:28:07+00:00 NOTICE order_submit.success :: addStoreOrder :: #19630 :: email: Nanita8207.df@gmail.com :: landing site https://naturalconexion.com/wp-admin/admin-ajax.php :: abandoned cart deleted [0641d4a42c73a104bd16230d2e189740]
2022-04-05T13:30:44+00:00 NOTICE action_scheduler.queue_job :: MailChimp_WooCommerce_Single_Order starts in 90 seconds :: obj_id 19629
2022-04-05T13:30:45+00:00 NOTICE debug :: Order ID 19629 was pending and is now failed :: Array
(
    [new_order] => 
    [tracking] => 
)

2022-04-05T13:32:18+00:00 NOTICE system.debug :: order 19629 is in failed status, and is being skipped for now.
2022-04-05T15:00:31+00:00 NOTICE action_scheduler.queue_job :: MailChimp_WooCommerce_Single_Order starts in 90 seconds :: obj_id 19628
2022-04-05T15:00:31+00:00 NOTICE debug :: Order ID 19628 was pending and is now cancelled :: Array
(
    [new_order] => 
    [tracking] => 
)

2022-04-05T15:02:42+00:00 NOTICE order_sumbit :: #19628 has a financial status of cancelled and was skipped.
2022-04-05T15:09:48+00:00 NOTICE action_scheduler.queue_job :: MailChimp_WooCommerce_User_Submit queued :: obj_id 2141
2022-04-05T15:09:50+00:00 NOTICE member.sync :: Updated Member leidyburgos.90@gmail.com ( merge fields only ) :: Array
(
    [merge_fields] => Array
        (
        )

)

2022-04-05T15:10:01+00:00 NOTICE action_scheduler.queue_job :: MailChimp_WooCommerce_SingleCoupon queued :: obj_id 19631
2022-04-05T15:10:49+00:00 NOTICE promo_code_submit.success :: #19631 :: code: gpv3st1a
2022-04-05T15:23:18+00:00 NOTICE action_scheduler.queue_job :: MailChimp_WooCommerce_User_Submit queued :: obj_id 2141
2022-04-05T15:23:20+00:00 NOTICE member.sync :: Updated Member leidyburgos.90@gmail.com ( merge fields only ) :: Array
(
    [merge_fields] => Array
        (
            [FNAME] => LEIDY
            [LNAME] => BURGOS
        )

)

2022-04-05T15:26:14+00:00 NOTICE action_scheduler.queue_job :: MailChimp_WooCommerce_User_Submit queued :: obj_id 2141
2022-04-05T15:26:30+00:00 NOTICE member.sync :: Updated Member leidyburgos.90@gmail.com ( merge fields only ) :: Array
(
    [merge_fields] => Array
        (
            [FNAME] => LEIDY
            [LNAME] => BURGOS
        )

)

2022-04-05T16:09:51+00:00 NOTICE action_scheduler.queue_job :: MailChimp_WooCommerce_Single_Product starts in 5 seconds :: obj_id 7430
2022-04-05T16:10:24+00:00 NOTICE product_submit.success :: updateStoreProduct :: #7430
2022-04-05T16:19:35+00:00 NOTICE action_scheduler.queue_job :: MailChimp_WooCommerce_Cart_Update queued :: obj_id 3c1eb7a9621d0d544fb1e357fc8ab57f
2022-04-05T16:20:04+00:00 NOTICE abandoned_cart.success :: email: laukba22@gmail.com :: checkout_url: https://naturalconexion.com/checkout/?mc_cart_id=3c1eb7a9621d0d544fb1e357fc8ab57f
2022-04-05T16:20:05+00:00 NOTICE cart.member.updated :: Updated laukba22@gmail.com subscriber status to subscribed and language to es
2022-04-05T16:20:58+00:00 NOTICE action_scheduler.queue_job :: MailChimp_WooCommerce_Single_Order starts in 90 seconds :: obj_id 19632
2022-04-05T16:22:53+00:00 NOTICE order_sumbit :: #19632 has a financial status of pending and was skipped.
2022-04-05T16:23:49+00:00 NOTICE action_scheduler.queue_job :: MailChimp_WooCommerce_Single_Order starts in 90 seconds :: obj_id 19632
2022-04-05T16:23:50+00:00 NOTICE debug :: Order ID 19632 was pending and is now processing :: Array
(
    [new_order] => 1
    [tracking] => Array
        (
            [campaign_id] => 
            [landing_site] => https://naturalconexion.com/wp-admin/admin-ajax.php
        )

)

2022-04-05T16:25:14+00:00 NOTICE action_scheduler.queue_job :: MailChimp_WooCommerce_Single_Order starts in 90 seconds :: obj_id 19619
2022-04-05T16:25:16+00:00 NOTICE debug :: Order ID 19619 was processing and is now completed :: Array
(
    [new_order] => 
    [tracking] => 
)

2022-04-05T16:25:16+00:00 NOTICE action_scheduler.queue_job :: MailChimp_WooCommerce_Single_Order starts in 90 seconds :: obj_id 19621
2022-04-05T16:25:17+00:00 NOTICE debug :: Order ID 19621 was processing and is now completed :: Array
(
    [new_order] => 
    [tracking] => 
)

2022-04-05T16:25:17+00:00 NOTICE action_scheduler.queue_job :: MailChimp_WooCommerce_Single_Order starts in 90 seconds :: obj_id 19622
2022-04-05T16:25:18+00:00 NOTICE debug :: Order ID 19622 was processing and is now completed :: Array
(
    [new_order] => 
    [tracking] => 
)

2022-04-05T16:25:18+00:00 NOTICE action_scheduler.queue_job :: MailChimp_WooCommerce_Single_Order starts in 90 seconds :: obj_id 19623
2022-04-05T16:25:19+00:00 NOTICE debug :: Order ID 19623 was processing and is now completed :: Array
(
    [new_order] => 
    [tracking] => 
)

2022-04-05T16:25:19+00:00 NOTICE action_scheduler.queue_job :: MailChimp_WooCommerce_Single_Order starts in 90 seconds :: obj_id 19626
2022-04-05T16:25:20+00:00 NOTICE debug :: Order ID 19626 was processing and is now completed :: Array
(
    [new_order] => 
    [tracking] => 
)

2022-04-05T16:25:20+00:00 NOTICE action_scheduler.queue_job :: MailChimp_WooCommerce_Single_Order starts in 90 seconds :: obj_id 19627
2022-04-05T16:25:21+00:00 NOTICE debug :: Order ID 19627 was processing and is now completed :: Array
(
    [new_order] => 
    [tracking] => 
)

2022-04-05T16:25:31+00:00 NOTICE order.member.updated :: Updated laukba22@gmail.com subscriber status to subscribed and language to 
2022-04-05T16:25:31+00:00 NOTICE order_submit.success :: addStoreOrder :: #19632 :: email: laukba22@gmail.com :: landing site https://naturalconexion.com/wp-admin/admin-ajax.php :: abandoned cart deleted [3c1eb7a9621d0d544fb1e357fc8ab57f]
2022-04-05T16:27:15+00:00 NOTICE order.member.updated :: Updated liliana0630@hotmail.com subscriber status to subscribed and language to 
2022-04-05T16:27:15+00:00 NOTICE order_submit.success :: updateStoreOrder :: #19619 :: email: liliana0630@hotmail.com
2022-04-05T16:27:16+00:00 NOTICE order.member.updated :: Updated leidyburgos.90@gmail.com subscriber status to subscribed and language to 
2022-04-05T16:27:16+00:00 NOTICE order_submit.success :: updateStoreOrder :: #19621 :: email: leidyburgos.90@gmail.com
2022-04-05T16:27:17+00:00 NOTICE order.member.updated :: Updated mary-185@hotmail.com subscriber status to subscribed and language to 
2022-04-05T16:27:17+00:00 NOTICE order_submit.success :: updateStoreOrder :: #19622 :: email: mary-185@hotmail.com
2022-04-05T16:27:19+00:00 NOTICE order.member.updated :: Updated polacarrillo@gmail.com subscriber status to subscribed and language to 
2022-04-05T16:27:19+00:00 NOTICE order_submit.success :: updateStoreOrder :: #19623 :: email: polacarrillo@gmail.com
2022-04-05T16:27:20+00:00 NOTICE order.member.updated :: Updated soficorrea2804@gmail.com subscriber status to subscribed and language to 
2022-04-05T16:27:20+00:00 NOTICE order_submit.success :: updateStoreOrder :: #19626 :: email: soficorrea2804@gmail.com
2022-04-05T16:27:21+00:00 NOTICE order.member.updated :: Updated zemesab@outlook.com subscriber status to subscribed and language to 
2022-04-05T16:27:21+00:00 NOTICE order_submit.success :: updateStoreOrder :: #19627 :: email: zemesab@outlook.com
2022-04-05T18:10:06+00:00 NOTICE action_scheduler.queue_job :: MailChimp_WooCommerce_SingleCoupon queued :: obj_id 19633
2022-04-05T18:10:53+00:00 NOTICE promo_code_submit.success :: #19633 :: code: maz20z8t
2022-04-05T22:21:58+00:00 NOTICE action_scheduler.queue_job :: MailChimp_WooCommerce_Cart_Update queued :: obj_id 16b3aca0ca9864e67b08268739839585
2022-04-05T22:22:30+00:00 NOTICE abandoned_cart.success :: email: lufecvillaneda@gmail.com :: checkout_url: https://naturalconexion.com/checkout/?mc_cart_id=16b3aca0ca9864e67b08268739839585
2022-04-05T22:22:30+00:00 NOTICE cart.member.updated :: Updated lufecvillaneda@gmail.com subscriber status to transactional and language to es
2022-04-05T22:22:38+00:00 NOTICE action_scheduler.queue_job :: MailChimp_WooCommerce_User_Submit queued :: obj_id 2142
2022-04-05T22:22:41+00:00 NOTICE member.sync :: Updated Member lufecvillaneda@gmail.com :: Array
(
    [previous_status] => transactional
    [status] => 1
    [merge_fields] => Array
        (
            [FNAME] => LUISA
            [LNAME] => CARREÑO
        )

)

2022-04-05T22:22:41+00:00 NOTICE action_scheduler.queue_job :: MailChimp_WooCommerce_User_Submit queued :: obj_id 2142
2022-04-05T22:22:41+00:00 NOTICE action_scheduler.queue_job :: MailChimp_WooCommerce_Single_Order starts in 90 seconds :: obj_id 19634
2022-04-05T22:23:57+00:00 NOTICE debug :: Order ID 19634 was pending and is now processing :: Array
(
    [new_order] => 1
    [tracking] => Array
        (
            [campaign_id] => 
            [landing_site] => https://naturalconexion.com/wp-admin/admin-ajax.php
        )

)

2022-04-05T22:23:57+00:00 NOTICE action_scheduler.queue_job :: MailChimp_WooCommerce_User_Submit queued :: obj_id 2142
2022-04-05T22:24:30+00:00 NOTICE member.sync :: Updated Member lufecvillaneda@gmail.com ( merge fields only ) :: Array
(
    [merge_fields] => Array
        (
            [FNAME] => LUISA
            [LNAME] => CARREÑO
        )

)

2022-04-05T22:25:31+00:00 NOTICE order.member.updated :: Updated lufecvillaneda@gmail.com subscriber status to subscribed and language to es
2022-04-05T22:25:31+00:00 NOTICE order_submit.success :: addStoreOrder :: #19634 :: email: lufecvillaneda@gmail.com :: landing site https://naturalconexion.com/wp-admin/admin-ajax.php :: abandoned cart deleted [16b3aca0ca9864e67b08268739839585]
2022-04-05T23:13:40+00:00 NOTICE action_scheduler.queue_job :: MailChimp_WooCommerce_Cart_Update queued :: obj_id f4ca80248b7610cdf6e4afd610a04c66
2022-04-05T23:14:13+00:00 NOTICE action_scheduler.queue_job :: MailChimp_WooCommerce_Single_Order starts in 90 seconds :: obj_id 19635
2022-04-05T23:14:14+00:00 NOTICE abandoned_cart.success :: email: saraisabelsanchez123@gmail.com :: checkout_url: https://naturalconexion.com/checkout/?mc_cart_id=f4ca80248b7610cdf6e4afd610a04c66
2022-04-05T23:14:15+00:00 NOTICE cart.member.updated :: Updated saraisabelsanchez123@gmail.com subscriber status to transactional and language to es
2022-04-05T23:16:02+00:00 NOTICE order_sumbit :: #19635 has a financial status of pending and was skipped.
2022-04-05T23:16:05+00:00 NOTICE action_scheduler.queue_job :: MailChimp_WooCommerce_Single_Order starts in 90 seconds :: obj_id 19635
2022-04-05T23:16:07+00:00 NOTICE debug :: Order ID 19635 was pending and is now processing :: Array
(
    [new_order] => 1
    [tracking] => Array
        (
            [campaign_id] => 
            [landing_site] => https://naturalconexion.com/wp-admin/admin-ajax.php
        )

)

2022-04-05T23:18:05+00:00 NOTICE order.member.updated :: Updated Saraisabelsanchez123@gmail.com subscriber status to transactional and language to 
2022-04-05T23:18:05+00:00 NOTICE order_submit.success :: addStoreOrder :: #19635 :: email: Saraisabelsanchez123@gmail.com :: landing site https://naturalconexion.com/wp-admin/admin-ajax.php :: abandoned cart deleted [f4ca80248b7610cdf6e4afd610a04c66]
