2023-07-23T04:44:26+00:00 NOTICE action_scheduler.queue_job :: MailChimp_WooCommerce_User_Submit queued :: obj_id 2570
2023-07-23T04:45:33+00:00 NOTICE member.sync :: Subscribed Member mr.bumbaster81@gmail.com :: Array
(
    [status_if_new] => 1
    [merge_fields] => Array
        (
        )

)

2023-07-23T15:08:20+00:00 NOTICE action_scheduler.queue_job :: MailChimp_WooCommerce_Cart_Update queued :: obj_id d2fc7504a8c6fbcf7fbe5661fe6faf5d
2023-07-23T15:08:51+00:00 NOTICE abandoned_cart.success :: email: mrueda15@gmail.com :: checkout_url: https://naturalconexion.com/checkout/?mc_cart_id=d2fc7504a8c6fbcf7fbe5661fe6faf5d
2023-07-23T15:08:52+00:00 NOTICE cart.member.updated :: Updated mrueda15@gmail.com subscriber status to subscribed and language to es
2023-07-23T15:08:52+00:00 NOTICE action_scheduler.queue_job :: MailChimp_WooCommerce_Cart_Update queued :: obj_id d2fc7504a8c6fbcf7fbe5661fe6faf5d
2023-07-23T15:09:13+00:00 NOTICE abandoned_cart.success :: email: mrueda15@gmail.com :: checkout_url: https://naturalconexion.com/checkout/?mc_cart_id=d2fc7504a8c6fbcf7fbe5661fe6faf5d
2023-07-23T15:09:14+00:00 NOTICE action_scheduler.queue_job :: MailChimp_WooCommerce_Cart_Update queued :: obj_id d2fc7504a8c6fbcf7fbe5661fe6faf5d
2023-07-23T15:09:20+00:00 NOTICE abandoned_cart.success :: email: mrueda15@gmail.com :: checkout_url: https://naturalconexion.com/checkout/?mc_cart_id=d2fc7504a8c6fbcf7fbe5661fe6faf5d
2023-07-23T15:10:25+00:00 NOTICE action_scheduler.queue_job :: MailChimp_WooCommerce_Cart_Update queued :: obj_id d2fc7504a8c6fbcf7fbe5661fe6faf5d
2023-07-23T15:10:53+00:00 NOTICE abandoned_cart.success :: email: mrueda15@gmail.com :: checkout_url: https://naturalconexion.com/checkout/?mc_cart_id=d2fc7504a8c6fbcf7fbe5661fe6faf5d
2023-07-23T15:18:38+00:00 NOTICE action_scheduler.queue_job :: MailChimp_WooCommerce_Cart_Update queued :: obj_id d2fc7504a8c6fbcf7fbe5661fe6faf5d
2023-07-23T15:18:47+00:00 NOTICE abandoned_cart.success :: email: mrueda15@gmail.com :: checkout_url: https://naturalconexion.com/checkout/?mc_cart_id=d2fc7504a8c6fbcf7fbe5661fe6faf5d
2023-07-23T15:20:11+00:00 NOTICE action_scheduler.queue_job :: MailChimp_WooCommerce_Single_Order starts in 90 seconds :: obj_id 25142
2023-07-23T15:22:38+00:00 NOTICE debug :: Order ID 25142 was pending and is now processing :: Array
(
    [new_order] => 1
    [tracking] => Array
        (
            [campaign_id] => 
            [landing_site] => https://naturalconexion.com/wp-content/plugins/woocommerce-payu-latam/confirmation.php
        )

)

2023-07-23T15:24:12+00:00 NOTICE order.member.updated :: Updated mrueda15@gmail.com subscriber status to subscribed and language to es
2023-07-23T15:24:12+00:00 NOTICE order_submit.success :: addStoreOrder :: #25142 :: email: mrueda15@gmail.com :: landing site https://naturalconexion.com/tienda/?gclid=Cj0KCQjwn_OlBhDhARIsAG2y6zN4v1SY7d5TMZj-brDMWTNgbxjOn_mXP35vkHix_69MukFJtqmEhBsaAm0dEALw_wcB :: abandoned cart deleted [d2fc7504a8c6fbcf7fbe5661fe6faf5d]
2023-07-23T22:10:07+00:00 NOTICE action_scheduler.queue_job :: MailChimp_WooCommerce_Cart_Update queued :: obj_id 6c96d4fefb1d7b19cdfe0cca39694a5e
2023-07-23T22:10:34+00:00 NOTICE abandoned_cart.success :: email: cata0218@gmail.com :: checkout_url: https://naturalconexion.com/checkout/?mc_cart_id=6c96d4fefb1d7b19cdfe0cca39694a5e
2023-07-23T22:10:35+00:00 NOTICE cart.member.updated :: Updated cata0218@gmail.com subscriber status to subscribed and language to es
