2022-01-02T00:01:02+00:00 NOTICE order.member.updated :: Updated san93mi7@hotmail.com subscriber status to subscribed and language to es
2022-01-02T00:01:02+00:00 NOTICE order_submit.success :: addStoreOrder :: #18043 :: email: san93mi7@hotmail.com :: landing site https://naturalconexion.com/wp-admin/admin-ajax.php :: abandoned cart deleted [68274ed6516b281065256211934b8bfb]
2022-01-02T14:04:13+00:00 NOTICE action_scheduler.queue_job :: MailChimp_WooCommerce_Cart_Update queued :: obj_id 1c5e30b7af92d43c928ecbb6f5c2de35
2022-01-02T14:04:28+00:00 NOTICE abandoned_cart.success :: email: irinapacheco1206@gmail.com :: checkout_url: https://naturalconexion.com/checkout/?mc_cart_id=1c5e30b7af92d43c928ecbb6f5c2de35
2022-01-02T14:04:28+00:00 NOTICE cart.member.updated :: Updated irinapacheco1206@gmail.com subscriber status to transactional and language to es
2022-01-02T14:05:50+00:00 NOTICE action_scheduler.queue_job :: MailChimp_WooCommerce_Single_Order starts in 90 seconds :: obj_id 18044
2022-01-02T14:07:43+00:00 NOTICE order_sumbit :: #18044 has a financial status of pending and was skipped.
2022-01-02T14:08:44+00:00 NOTICE action_scheduler.queue_job :: MailChimp_WooCommerce_Single_Order starts in 90 seconds :: obj_id 18044
2022-01-02T14:08:45+00:00 NOTICE debug :: Order ID 18044 was pending and is now processing :: Array
(
    [new_order] => 1
    [tracking] => Array
        (
            [campaign_id] => 
            [landing_site] => https://naturalconexion.com/wp-admin/admin-ajax.php
        )

)

2022-01-02T14:11:02+00:00 NOTICE order.member.updated :: Updated irinapacheco1206@gmail.com subscriber status to transactional and language to 
2022-01-02T14:11:02+00:00 NOTICE order_submit.success :: addStoreOrder :: #18044 :: email: irinapacheco1206@gmail.com :: landing site https://naturalconexion.com/wp-admin/admin-ajax.php :: abandoned cart deleted [1c5e30b7af92d43c928ecbb6f5c2de35]
2022-01-02T14:18:47+00:00 NOTICE action_scheduler.queue_job :: MailChimp_WooCommerce_Cart_Update queued :: obj_id 1c5e30b7af92d43c928ecbb6f5c2de35
2022-01-02T14:18:49+00:00 NOTICE abandoned_cart.success :: email: irinapacheco1206@gmail.com :: checkout_url: https://naturalconexion.com/checkout/?mc_cart_id=1c5e30b7af92d43c928ecbb6f5c2de35
2022-01-02T15:05:08+00:00 NOTICE action_scheduler.queue_job :: MailChimp_WooCommerce_Cart_Update queued :: obj_id 8ff226ee1885ff965645e3d5322f422d
2022-01-02T15:05:10+00:00 NOTICE abandoned_cart.success :: email: sairatatis2018@gmail.com :: checkout_url: https://naturalconexion.com/checkout/?mc_cart_id=8ff226ee1885ff965645e3d5322f422d
2022-01-02T15:05:10+00:00 NOTICE cart.member.updated :: Updated sairatatis2018@gmail.com subscriber status to transactional and language to es
2022-01-02T15:05:54+00:00 NOTICE action_scheduler.queue_job :: MailChimp_WooCommerce_Single_Order starts in 90 seconds :: obj_id 18045
2022-01-02T15:10:35+00:00 NOTICE order_sumbit :: #18045 has a financial status of pending and was skipped.
2022-01-02T15:31:55+00:00 NOTICE action_scheduler.queue_job :: MailChimp_WooCommerce_Single_Order starts in 90 seconds :: obj_id 18046
2022-01-02T15:31:55+00:00 NOTICE action_scheduler.queue_job :: MailChimp_WooCommerce_Cart_Update queued :: obj_id b6fd379851b7ba3a611af6e370ffae3e
2022-01-02T15:32:12+00:00 NOTICE abandoned_cart.success :: email: nancyrodrigu@gmail.com :: checkout_url: https://naturalconexion.com/checkout/?mc_cart_id=b6fd379851b7ba3a611af6e370ffae3e
2022-01-02T15:32:12+00:00 NOTICE cart.member.updated :: Updated nancyrodrigu@gmail.com subscriber status to transactional and language to es
2022-01-02T15:33:26+00:00 NOTICE order_sumbit :: #18046 has a financial status of pending and was skipped.
2022-01-02T15:34:37+00:00 NOTICE action_scheduler.queue_job :: MailChimp_WooCommerce_Single_Order starts in 90 seconds :: obj_id 18046
2022-01-02T15:34:38+00:00 NOTICE debug :: Order ID 18046 was pending and is now processing :: Array
(
    [new_order] => 1
    [tracking] => Array
        (
            [campaign_id] => 
            [landing_site] => https://naturalconexion.com/wp-admin/admin-ajax.php
        )

)

2022-01-02T15:36:36+00:00 NOTICE order.member.updated :: Updated nancyrodrigu@gmail.com subscriber status to subscribed and language to 
2022-01-02T15:36:36+00:00 NOTICE order_submit.success :: addStoreOrder :: #18046 :: email: nancyrodrigu@gmail.com :: landing site https://naturalconexion.com/wp-admin/admin-ajax.php :: abandoned cart deleted [b6fd379851b7ba3a611af6e370ffae3e]
2022-01-02T16:42:10+00:00 NOTICE action_scheduler.queue_job :: MailChimp_WooCommerce_Single_Order starts in 90 seconds :: obj_id 18045
2022-01-02T16:42:10+00:00 NOTICE debug :: Order ID 18045 was pending and is now cancelled :: Array
(
    [new_order] => 
    [tracking] => 
)

2022-01-02T16:45:15+00:00 NOTICE order_sumbit :: #18045 has a financial status of cancelled and was skipped.
2022-01-02T18:29:25+00:00 NOTICE action_scheduler.queue_job :: MailChimp_WooCommerce_Cart_Update queued :: obj_id 799e7e8b878073ba79d18d4a56d43529
2022-01-02T18:29:30+00:00 NOTICE action_scheduler.queue_job :: MailChimp_WooCommerce_Single_Order starts in 90 seconds :: obj_id 18047
2022-01-02T18:30:30+00:00 NOTICE abandoned_cart.success :: email: alfe1598@gmail.com :: checkout_url: https://naturalconexion.com/checkout/?mc_cart_id=799e7e8b878073ba79d18d4a56d43529
2022-01-02T18:30:30+00:00 NOTICE cart.member.updated :: Updated alfe1598@gmail.com subscriber status to transactional and language to es
2022-01-02T18:32:16+00:00 NOTICE debug :: Order ID 18047 was pending and is now processing :: Array
(
    [new_order] => 1
    [tracking] => Array
        (
            [campaign_id] => 
            [landing_site] => https://naturalconexion.com/wp-admin/admin-ajax.php
        )

)

2022-01-02T18:34:55+00:00 NOTICE order.member.updated :: Updated alfe1598@gmail.com subscriber status to subscribed and language to es
2022-01-02T18:34:55+00:00 NOTICE order_submit.success :: addStoreOrder :: #18047 :: email: alfe1598@gmail.com :: landing site https://naturalconexion.com/wp-admin/admin-ajax.php :: abandoned cart deleted [799e7e8b878073ba79d18d4a56d43529]
2022-01-02T23:55:32+00:00 NOTICE action_scheduler.queue_job :: MailChimp_WooCommerce_Single_Order starts in 90 seconds :: obj_id 18048
2022-01-02T23:57:49+00:00 NOTICE order_sumbit :: #18048 has a financial status of pending and was skipped.
2022-01-02T23:57:59+00:00 NOTICE action_scheduler.queue_job :: MailChimp_WooCommerce_Single_Order starts in 90 seconds :: obj_id 18048
2022-01-02T23:58:00+00:00 NOTICE debug :: Order ID 18048 was pending and is now processing :: Array
(
    [new_order] => 1
    [tracking] => Array
        (
            [campaign_id] => 
            [landing_site] => https://naturalconexion.com/wp-admin/admin-ajax.php
        )

)

