2022-05-03T01:09:05+00:00 NOTICE action_scheduler.queue_job :: MailChimp_WooCommerce_Single_Order starts in 90 seconds :: obj_id 19993
2022-05-03T01:09:06+00:00 NOTICE action_scheduler.queue_job :: MailChimp_WooCommerce_Cart_Update queued :: obj_id 112be54bf68e378eeac5072300cec531
2022-05-03T01:09:17+00:00 NOTICE abandoned_cart.success :: email: maleja910706@gmail.com :: checkout_url: https://naturalconexion.com/checkout/?mc_cart_id=112be54bf68e378eeac5072300cec531
2022-05-03T01:09:18+00:00 NOTICE cart.member.updated :: Updated maleja910706@gmail.com subscriber status to subscribed and language to es
2022-05-03T01:10:39+00:00 NOTICE debug :: Order ID 19993 was pending and is now processing :: Array
(
    [new_order] => 1
    [tracking] => Array
        (
            [campaign_id] => 
            [landing_site] => https://naturalconexion.com/wp-admin/admin-ajax.php
        )

)

2022-05-03T01:12:27+00:00 NOTICE order.member.updated :: Updated maleja910706@gmail.com subscriber status to subscribed and language to es
2022-05-03T01:12:27+00:00 NOTICE order_submit.success :: addStoreOrder :: #19993 :: email: maleja910706@gmail.com :: landing site https://naturalconexion.com/wp-admin/admin-ajax.php :: abandoned cart deleted [112be54bf68e378eeac5072300cec531]
2022-05-03T01:22:05+00:00 NOTICE action_scheduler.queue_job :: MailChimp_WooCommerce_Single_Order starts in 90 seconds :: obj_id 19994
2022-05-03T01:24:38+00:00 NOTICE order_sumbit :: #19994 has a financial status of pending and was skipped.
2022-05-03T01:25:40+00:00 NOTICE action_scheduler.queue_job :: MailChimp_WooCommerce_Single_Order starts in 90 seconds :: obj_id 19995
2022-05-03T01:27:14+00:00 NOTICE order_sumbit :: #19995 has a financial status of pending and was skipped.
2022-05-03T01:28:34+00:00 NOTICE action_scheduler.queue_job :: MailChimp_WooCommerce_Single_Order starts in 90 seconds :: obj_id 19995
2022-05-03T01:28:36+00:00 NOTICE debug :: Order ID 19995 was pending and is now processing :: Array
(
    [new_order] => 1
    [tracking] => Array
        (
            [campaign_id] => 
            [landing_site] => https://naturalconexion.com/wp-admin/admin-ajax.php
        )

)

2022-05-03T01:30:17+00:00 NOTICE order.member.updated :: Updated caro.loaizac@gmail.com subscriber status to subscribed and language to 
2022-05-03T01:30:17+00:00 NOTICE order_submit.success :: addStoreOrder :: #19995 :: email: caro.loaizac@gmail.com :: landing site https://naturalconexion.com/wp-admin/admin-ajax.php
2022-05-03T02:13:34+00:00 NOTICE action_scheduler.queue_job :: MailChimp_WooCommerce_Cart_Update queued :: obj_id 6d95ef78c509994392c2bcbb466f4f19
2022-05-03T02:14:46+00:00 NOTICE abandoned_cart.success :: email: csolcristy@gmail.com :: checkout_url: https://naturalconexion.com/checkout/?mc_cart_id=6d95ef78c509994392c2bcbb466f4f19
2022-05-03T02:14:46+00:00 NOTICE cart.member.updated :: Updated csolcristy@gmail.com subscriber status to subscribed and language to es
2022-05-03T02:15:18+00:00 NOTICE action_scheduler.queue_job :: MailChimp_WooCommerce_Single_Order starts in 90 seconds :: obj_id 19996
2022-05-03T02:17:08+00:00 NOTICE order_sumbit :: #19996 has a financial status of pending and was skipped.
2022-05-03T02:46:36+00:00 NOTICE action_scheduler.queue_job :: MailChimp_WooCommerce_Cart_Update queued :: obj_id 5e025ea3b58bd3df340d2e7941a6849c
2022-05-03T02:47:15+00:00 NOTICE abandoned_cart.success :: email: erikafranco.gomez@gmail.com :: checkout_url: https://naturalconexion.com/checkout/?mc_cart_id=5e025ea3b58bd3df340d2e7941a6849c
2022-05-03T02:47:15+00:00 NOTICE cart.member.updated :: Updated erikafranco.gomez@gmail.com subscriber status to subscribed and language to es
2022-05-03T02:48:46+00:00 NOTICE action_scheduler.queue_job :: MailChimp_WooCommerce_Single_Order starts in 90 seconds :: obj_id 19997
2022-05-03T02:50:21+00:00 NOTICE order_sumbit :: #19997 has a financial status of pending and was skipped.
2022-05-03T02:53:06+00:00 NOTICE action_scheduler.queue_job :: MailChimp_WooCommerce_Single_Order starts in 90 seconds :: obj_id 19997
2022-05-03T02:53:08+00:00 NOTICE debug :: Order ID 19997 was pending and is now processing :: Array
(
    [new_order] => 1
    [tracking] => Array
        (
            [campaign_id] => 
            [landing_site] => https://naturalconexion.com/wp-admin/admin-ajax.php
        )

)

2022-05-03T02:54:40+00:00 NOTICE order.member.updated :: Updated erikafranco.gomez@gmail.com subscriber status to subscribed and language to 
2022-05-03T02:54:40+00:00 NOTICE order_submit.success :: addStoreOrder :: #19997 :: email: erikafranco.gomez@gmail.com :: landing site https://naturalconexion.com/wp-admin/admin-ajax.php :: abandoned cart deleted [5e025ea3b58bd3df340d2e7941a6849c]
2022-05-03T02:58:00+00:00 NOTICE action_scheduler.queue_job :: MailChimp_WooCommerce_Single_Order starts in 90 seconds :: obj_id 19994
2022-05-03T02:58:00+00:00 NOTICE debug :: Order ID 19994 was pending and is now cancelled :: Array
(
    [new_order] => 
    [tracking] => 
)

2022-05-03T03:00:49+00:00 NOTICE order_sumbit :: #19994 has a financial status of cancelled and was skipped.
2022-05-03T03:58:12+00:00 NOTICE action_scheduler.queue_job :: MailChimp_WooCommerce_Single_Order starts in 90 seconds :: obj_id 19996
2022-05-03T03:58:12+00:00 NOTICE debug :: Order ID 19996 was pending and is now cancelled :: Array
(
    [new_order] => 
    [tracking] => 
)

2022-05-03T04:00:15+00:00 NOTICE order_sumbit :: #19996 has a financial status of cancelled and was skipped.
2022-05-03T07:32:42+00:00 NOTICE action_scheduler.queue_job :: MailChimp_WooCommerce_Single_Order starts in 90 seconds :: obj_id 19896
2022-05-03T07:32:43+00:00 NOTICE debug :: Order ID 19896 was cancelled and is now failed :: Array
(
    [new_order] => 
    [tracking] => 
)

2022-05-03T07:34:51+00:00 NOTICE system.debug :: order 19896 is in failed status, and is being skipped for now.
2022-05-03T13:11:35+00:00 NOTICE action_scheduler.queue_job :: MailChimp_WooCommerce_Cart_Update queued :: obj_id ab62fbcd32db13f5aba8aab0fb75bd0b
2022-05-03T13:12:12+00:00 NOTICE action_scheduler.queue_job :: MailChimp_WooCommerce_Single_Order starts in 90 seconds :: obj_id 19998
2022-05-03T13:12:14+00:00 NOTICE abandoned_cart.success :: email: keylacablan@hotmail.com :: checkout_url: https://naturalconexion.com/checkout/?mc_cart_id=ab62fbcd32db13f5aba8aab0fb75bd0b
2022-05-03T13:12:14+00:00 NOTICE cart.member.updated :: Updated keylacablan@hotmail.com subscriber status to subscribed and language to es
2022-05-03T13:14:17+00:00 NOTICE order_sumbit :: #19998 has a financial status of pending and was skipped.
2022-05-03T13:14:56+00:00 NOTICE action_scheduler.queue_job :: MailChimp_WooCommerce_Single_Order starts in 90 seconds :: obj_id 19998
2022-05-03T13:14:58+00:00 NOTICE debug :: Order ID 19998 was pending and is now processing :: Array
(
    [new_order] => 1
    [tracking] => Array
        (
            [campaign_id] => 
            [landing_site] => https://naturalconexion.com/wp-admin/admin-ajax.php
        )

)

2022-05-03T13:17:40+00:00 NOTICE order.member.updated :: Updated keylacablan@hotmail.com subscriber status to subscribed and language to 
2022-05-03T13:17:40+00:00 NOTICE order_submit.success :: addStoreOrder :: #19998 :: email: keylacablan@hotmail.com :: landing site https://naturalconexion.com/wp-admin/admin-ajax.php :: abandoned cart deleted [ab62fbcd32db13f5aba8aab0fb75bd0b]
2022-05-03T13:22:34+00:00 NOTICE action_scheduler.queue_job :: MailChimp_WooCommerce_Single_Order starts in 90 seconds :: obj_id 19999
2022-05-03T13:24:43+00:00 NOTICE order_sumbit :: #19999 has a financial status of pending and was skipped.
2022-05-03T13:25:31+00:00 NOTICE action_scheduler.queue_job :: MailChimp_WooCommerce_Single_Order starts in 90 seconds :: obj_id 19999
2022-05-03T13:25:34+00:00 NOTICE debug :: Order ID 19999 was pending and is now processing :: Array
(
    [new_order] => 1
    [tracking] => Array
        (
            [campaign_id] => 
            [landing_site] => https://naturalconexion.com/wp-admin/admin-ajax.php
        )

)

2022-05-03T13:27:09+00:00 NOTICE order.member.updated :: Updated luperretro@hotmail.com subscriber status to subscribed and language to 
2022-05-03T13:27:09+00:00 NOTICE order_submit.success :: addStoreOrder :: #19999 :: email: luperretro@hotmail.com :: landing site https://naturalconexion.com/wp-admin/admin-ajax.php
2022-05-03T13:29:12+00:00 NOTICE action_scheduler.queue_job :: MailChimp_WooCommerce_Single_Order starts in 90 seconds :: obj_id 19989
2022-05-03T13:29:13+00:00 NOTICE debug :: Order ID 19989 was processing and is now completed :: Array
(
    [new_order] => 
    [tracking] => 
)

2022-05-03T13:29:13+00:00 NOTICE action_scheduler.queue_job :: MailChimp_WooCommerce_Single_Order starts in 90 seconds :: obj_id 19990
2022-05-03T13:29:14+00:00 NOTICE debug :: Order ID 19990 was processing and is now completed :: Array
(
    [new_order] => 
    [tracking] => 
)

2022-05-03T13:29:14+00:00 NOTICE action_scheduler.queue_job :: MailChimp_WooCommerce_Single_Order starts in 90 seconds :: obj_id 19993
2022-05-03T13:29:15+00:00 NOTICE debug :: Order ID 19993 was processing and is now completed :: Array
(
    [new_order] => 
    [tracking] => 
)

2022-05-03T13:29:15+00:00 NOTICE action_scheduler.queue_job :: MailChimp_WooCommerce_Single_Order starts in 90 seconds :: obj_id 19995
2022-05-03T13:29:16+00:00 NOTICE debug :: Order ID 19995 was processing and is now completed :: Array
(
    [new_order] => 
    [tracking] => 
)

2022-05-03T13:29:17+00:00 NOTICE action_scheduler.queue_job :: MailChimp_WooCommerce_Single_Order starts in 90 seconds :: obj_id 19997
2022-05-03T13:29:18+00:00 NOTICE debug :: Order ID 19997 was processing and is now completed :: Array
(
    [new_order] => 
    [tracking] => 
)

2022-05-03T13:31:06+00:00 NOTICE order.member.updated :: Updated mariaa.londonom@gmail.com subscriber status to subscribed and language to 
2022-05-03T13:31:06+00:00 NOTICE order_submit.success :: updateStoreOrder :: #19989 :: email: mariaa.londonom@gmail.com
2022-05-03T13:31:08+00:00 NOTICE order.member.updated :: Updated dianaferrerosa@yahoo.com subscriber status to subscribed and language to 
2022-05-03T13:31:08+00:00 NOTICE order_submit.success :: updateStoreOrder :: #19990 :: email: dianaferrerosa@yahoo.com
2022-05-03T13:31:09+00:00 NOTICE order.member.updated :: Updated maleja910706@gmail.com subscriber status to subscribed and language to 
2022-05-03T13:31:09+00:00 NOTICE order_submit.success :: updateStoreOrder :: #19993 :: email: maleja910706@gmail.com
2022-05-03T13:31:11+00:00 NOTICE order.member.updated :: Updated caro.loaizac@gmail.com subscriber status to subscribed and language to 
2022-05-03T13:31:11+00:00 NOTICE order_submit.success :: updateStoreOrder :: #19995 :: email: caro.loaizac@gmail.com
2022-05-03T13:31:12+00:00 NOTICE order.member.updated :: Updated erikafranco.gomez@gmail.com subscriber status to subscribed and language to 
2022-05-03T13:31:12+00:00 NOTICE order_submit.success :: updateStoreOrder :: #19997 :: email: erikafranco.gomez@gmail.com
2022-05-03T14:00:48+00:00 NOTICE action_scheduler.queue_job :: MailChimp_WooCommerce_Single_Order starts in 90 seconds :: obj_id 19972
2022-05-03T14:00:50+00:00 NOTICE debug :: Order ID 19972 was processing and is now completed :: Array
(
    [new_order] => 
    [tracking] => 
)

2022-05-03T14:00:50+00:00 NOTICE action_scheduler.queue_job :: MailChimp_WooCommerce_Single_Order starts in 90 seconds :: obj_id 19973
2022-05-03T14:00:51+00:00 NOTICE debug :: Order ID 19973 was processing and is now completed :: Array
(
    [new_order] => 
    [tracking] => 
)

2022-05-03T14:00:51+00:00 NOTICE action_scheduler.queue_job :: MailChimp_WooCommerce_Single_Order starts in 90 seconds :: obj_id 19975
2022-05-03T14:00:52+00:00 NOTICE debug :: Order ID 19975 was processing and is now completed :: Array
(
    [new_order] => 
    [tracking] => 
)

2022-05-03T14:00:52+00:00 NOTICE action_scheduler.queue_job :: MailChimp_WooCommerce_Single_Order starts in 90 seconds :: obj_id 19977
2022-05-03T14:00:53+00:00 NOTICE debug :: Order ID 19977 was processing and is now completed :: Array
(
    [new_order] => 
    [tracking] => 
)

2022-05-03T14:00:53+00:00 NOTICE action_scheduler.queue_job :: MailChimp_WooCommerce_Single_Order starts in 90 seconds :: obj_id 19978
2022-05-03T14:00:54+00:00 NOTICE debug :: Order ID 19978 was processing and is now completed :: Array
(
    [new_order] => 
    [tracking] => 
)

2022-05-03T14:00:54+00:00 NOTICE action_scheduler.queue_job :: MailChimp_WooCommerce_Single_Order starts in 90 seconds :: obj_id 19980
2022-05-03T14:00:55+00:00 NOTICE debug :: Order ID 19980 was processing and is now completed :: Array
(
    [new_order] => 
    [tracking] => 
)

2022-05-03T14:02:22+00:00 NOTICE order.member.updated :: Updated trinhy23@hotmail.com subscriber status to subscribed and language to 
2022-05-03T14:02:22+00:00 NOTICE order_submit.success :: updateStoreOrder :: #19972 :: email: trinhy23@hotmail.com
2022-05-03T14:02:23+00:00 NOTICE order.member.updated :: Updated mariaisabelgallego_86@hotmail.com subscriber status to subscribed and language to 
2022-05-03T14:02:23+00:00 NOTICE order_submit.success :: updateStoreOrder :: #19973 :: email: mariaisabelgallego_86@hotmail.com
2022-05-03T14:02:25+00:00 NOTICE order.member.updated :: Updated Keun10@hotmail.com subscriber status to transactional and language to 
2022-05-03T14:02:25+00:00 NOTICE order_submit.success :: updateStoreOrder :: #19975 :: email: Keun10@hotmail.com
2022-05-03T14:02:26+00:00 NOTICE order.member.updated :: Updated mariaru096@gmail.com subscriber status to subscribed and language to 
2022-05-03T14:02:26+00:00 NOTICE order_submit.success :: updateStoreOrder :: #19977 :: email: mariaru096@gmail.com
2022-05-03T14:02:27+00:00 NOTICE order.member.updated :: Updated daniss_89@hotmail.com subscriber status to subscribed and language to 
2022-05-03T14:02:27+00:00 NOTICE order_submit.success :: updateStoreOrder :: #19978 :: email: daniss_89@hotmail.com
2022-05-03T14:02:29+00:00 NOTICE order.member.updated :: Updated lauramvegag@gmail.com subscriber status to subscribed and language to 
2022-05-03T14:02:29+00:00 NOTICE order_submit.success :: updateStoreOrder :: #19980 :: email: lauramvegag@gmail.com
2022-05-03T14:43:01+00:00 NOTICE action_scheduler.queue_job :: MailChimp_WooCommerce_Cart_Update queued :: obj_id 5d21d4eacb66003934dadfc33bdf6e6a
2022-05-03T14:43:01+00:00 NOTICE action_scheduler.queue_job :: MailChimp_WooCommerce_Single_Order starts in 90 seconds :: obj_id 20000
2022-05-03T14:43:15+00:00 NOTICE abandoned_cart.success :: email: anamarialopezs@gmail.com :: checkout_url: https://naturalconexion.com/checkout/?mc_cart_id=5d21d4eacb66003934dadfc33bdf6e6a
2022-05-03T14:43:15+00:00 NOTICE cart.member.updated :: Updated anamarialopezs@gmail.com subscriber status to subscribed and language to es
2022-05-03T14:45:15+00:00 NOTICE order_sumbit :: #20000 has a financial status of pending and was skipped.
2022-05-03T14:45:24+00:00 NOTICE action_scheduler.queue_job :: MailChimp_WooCommerce_Single_Order starts in 90 seconds :: obj_id 20000
2022-05-03T14:45:26+00:00 NOTICE debug :: Order ID 20000 was pending and is now processing :: Array
(
    [new_order] => 1
    [tracking] => Array
        (
            [campaign_id] => 
            [landing_site] => https://naturalconexion.com/?add-to-cart=7426
        )

)

2022-05-03T14:47:07+00:00 NOTICE order.member.updated :: Updated anamarialopezs@gmail.com subscriber status to subscribed and language to 
2022-05-03T14:47:07+00:00 NOTICE order_submit.success :: addStoreOrder :: #20000 :: email: anamarialopezs@gmail.com :: landing site https://naturalconexion.com/?add-to-cart=7426 :: abandoned cart deleted [5d21d4eacb66003934dadfc33bdf6e6a]
2022-05-03T15:02:58+00:00 NOTICE action_scheduler.queue_job :: MailChimp_WooCommerce_Single_Order starts in 90 seconds :: obj_id 20001
2022-05-03T15:05:15+00:00 NOTICE order_sumbit :: #20001 has a financial status of pending and was skipped.
2022-05-03T15:09:36+00:00 NOTICE action_scheduler.queue_job :: MailChimp_WooCommerce_Single_Order starts in 90 seconds :: obj_id 20001
2022-05-03T15:09:38+00:00 NOTICE debug :: Order ID 20001 was pending and is now processing :: Array
(
    [new_order] => 1
    [tracking] => Array
        (
            [campaign_id] => 
            [landing_site] => https://naturalconexion.com/wp-admin/admin-ajax.php
        )

)

2022-05-03T15:11:22+00:00 NOTICE order.member.updated :: Updated luisa.arias0699@gmail.com subscriber status to unsubscribed and language to 
2022-05-03T15:11:22+00:00 NOTICE order_submit.success :: addStoreOrder :: #20001 :: email: luisa.arias0699@gmail.com :: landing site https://naturalconexion.com/wp-admin/admin-ajax.php
2022-05-03T15:23:10+00:00 NOTICE debug :: Order ID 19972 was completed and is now processing :: Array
(
    [new_order] => 
    [tracking] => 
)

2022-05-03T15:23:10+00:00 NOTICE action_scheduler.queue_job :: MailChimp_WooCommerce_Single_Order starts in 90 seconds :: obj_id 19972
2022-05-03T15:23:54+00:00 NOTICE debug :: Order ID 19973 was completed and is now processing :: Array
(
    [new_order] => 
    [tracking] => 
)

2022-05-03T15:23:54+00:00 NOTICE action_scheduler.queue_job :: MailChimp_WooCommerce_Single_Order starts in 90 seconds :: obj_id 19973
2022-05-03T15:25:05+00:00 NOTICE debug :: Order ID 19977 was completed and is now processing :: Array
(
    [new_order] => 
    [tracking] => 
)

2022-05-03T15:25:05+00:00 NOTICE action_scheduler.queue_job :: MailChimp_WooCommerce_Single_Order starts in 90 seconds :: obj_id 19977
2022-05-03T15:25:09+00:00 NOTICE order.member.updated :: Updated trinhy23@hotmail.com subscriber status to subscribed and language to 
2022-05-03T15:25:09+00:00 NOTICE order_submit.success :: updateStoreOrder :: #19972 :: email: trinhy23@hotmail.com
2022-05-03T15:25:32+00:00 NOTICE debug :: Order ID 19978 was completed and is now processing :: Array
(
    [new_order] => 
    [tracking] => 
)

2022-05-03T15:25:32+00:00 NOTICE action_scheduler.queue_job :: MailChimp_WooCommerce_Single_Order starts in 90 seconds :: obj_id 19978
2022-05-03T15:26:13+00:00 NOTICE order.member.updated :: Updated mariaisabelgallego_86@hotmail.com subscriber status to subscribed and language to 
2022-05-03T15:26:13+00:00 NOTICE order_submit.success :: updateStoreOrder :: #19973 :: email: mariaisabelgallego_86@hotmail.com
2022-05-03T15:26:21+00:00 NOTICE debug :: Order ID 19980 was completed and is now processing :: Array
(
    [new_order] => 
    [tracking] => 
)

2022-05-03T15:26:22+00:00 NOTICE action_scheduler.queue_job :: MailChimp_WooCommerce_Single_Order starts in 90 seconds :: obj_id 19980
2022-05-03T15:27:00+00:00 NOTICE debug :: Order ID 19988 was processing and is now completed :: Array
(
    [new_order] => 
    [tracking] => 
)

2022-05-03T15:27:00+00:00 NOTICE action_scheduler.queue_job :: MailChimp_WooCommerce_Single_Order starts in 90 seconds :: obj_id 19988
2022-05-03T15:27:17+00:00 NOTICE order.member.updated :: Updated mariaru096@gmail.com subscriber status to subscribed and language to 
2022-05-03T15:27:17+00:00 NOTICE order_submit.success :: updateStoreOrder :: #19977 :: email: mariaru096@gmail.com
2022-05-03T15:27:18+00:00 NOTICE order.member.updated :: Updated daniss_89@hotmail.com subscriber status to subscribed and language to 
2022-05-03T15:27:18+00:00 NOTICE order_submit.success :: updateStoreOrder :: #19978 :: email: daniss_89@hotmail.com
2022-05-03T15:27:49+00:00 NOTICE debug :: Order ID 19988 was completed and is now processing :: Array
(
    [new_order] => 
    [tracking] => 
)

2022-05-03T15:28:18+00:00 NOTICE order.member.updated :: Updated lauramvegag@gmail.com subscriber status to subscribed and language to 
2022-05-03T15:28:18+00:00 NOTICE order_submit.success :: updateStoreOrder :: #19980 :: email: lauramvegag@gmail.com
2022-05-03T15:29:12+00:00 NOTICE action_scheduler.queue_job :: MailChimp_WooCommerce_Single_Order starts in 90 seconds :: obj_id 19972
2022-05-03T15:29:13+00:00 NOTICE debug :: Order ID 19972 was processing and is now completed :: Array
(
    [new_order] => 
    [tracking] => 
)

2022-05-03T15:29:13+00:00 NOTICE action_scheduler.queue_job :: MailChimp_WooCommerce_Single_Order starts in 90 seconds :: obj_id 19973
2022-05-03T15:29:14+00:00 NOTICE debug :: Order ID 19973 was processing and is now completed :: Array
(
    [new_order] => 
    [tracking] => 
)

2022-05-03T15:29:14+00:00 NOTICE action_scheduler.queue_job :: MailChimp_WooCommerce_Single_Order starts in 90 seconds :: obj_id 19977
2022-05-03T15:29:15+00:00 NOTICE debug :: Order ID 19977 was processing and is now completed :: Array
(
    [new_order] => 
    [tracking] => 
)

2022-05-03T15:29:15+00:00 NOTICE action_scheduler.queue_job :: MailChimp_WooCommerce_Single_Order starts in 90 seconds :: obj_id 19978
2022-05-03T15:29:16+00:00 NOTICE debug :: Order ID 19978 was processing and is now completed :: Array
(
    [new_order] => 
    [tracking] => 
)

2022-05-03T15:29:16+00:00 NOTICE action_scheduler.queue_job :: MailChimp_WooCommerce_Single_Order starts in 90 seconds :: obj_id 19980
2022-05-03T15:29:17+00:00 NOTICE debug :: Order ID 19980 was processing and is now completed :: Array
(
    [new_order] => 
    [tracking] => 
)

2022-05-03T15:29:18+00:00 NOTICE debug :: Order ID 19988 was processing and is now completed :: Array
(
    [new_order] => 
    [tracking] => 
)

2022-05-03T15:31:20+00:00 NOTICE order.member.updated :: Updated trinhy23@hotmail.com subscriber status to subscribed and language to 
2022-05-03T15:31:20+00:00 NOTICE order_submit.success :: updateStoreOrder :: #19972 :: email: trinhy23@hotmail.com
2022-05-03T15:31:22+00:00 NOTICE order.member.updated :: Updated mariaisabelgallego_86@hotmail.com subscriber status to subscribed and language to 
2022-05-03T15:31:22+00:00 NOTICE order_submit.success :: updateStoreOrder :: #19973 :: email: mariaisabelgallego_86@hotmail.com
2022-05-03T15:31:23+00:00 NOTICE order.member.updated :: Updated mariaru096@gmail.com subscriber status to subscribed and language to 
2022-05-03T15:31:23+00:00 NOTICE order_submit.success :: updateStoreOrder :: #19977 :: email: mariaru096@gmail.com
2022-05-03T15:31:25+00:00 NOTICE order.member.updated :: Updated daniss_89@hotmail.com subscriber status to subscribed and language to 
2022-05-03T15:31:25+00:00 NOTICE order_submit.success :: updateStoreOrder :: #19978 :: email: daniss_89@hotmail.com
2022-05-03T15:31:26+00:00 NOTICE order.member.updated :: Updated lauramvegag@gmail.com subscriber status to subscribed and language to 
2022-05-03T15:31:26+00:00 NOTICE order_submit.success :: updateStoreOrder :: #19980 :: email: lauramvegag@gmail.com
2022-05-03T15:31:28+00:00 NOTICE order.member.updated :: Updated leonancast@gmail.com subscriber status to subscribed and language to 
2022-05-03T15:31:28+00:00 NOTICE order_submit.success :: updateStoreOrder :: #19988 :: email: leonancast@gmail.com
2022-05-03T15:31:33+00:00 NOTICE debug :: Order ID 19975 was completed and is now processing :: Array
(
    [new_order] => 
    [tracking] => 
)

2022-05-03T15:31:33+00:00 NOTICE action_scheduler.queue_job :: MailChimp_WooCommerce_Single_Order starts in 90 seconds :: obj_id 19975
2022-05-03T15:33:19+00:00 NOTICE order.member.updated :: Updated Keun10@hotmail.com subscriber status to transactional and language to 
2022-05-03T15:33:19+00:00 NOTICE order_submit.success :: updateStoreOrder :: #19975 :: email: Keun10@hotmail.com
2022-05-03T15:50:25+00:00 NOTICE action_scheduler.queue_job :: MailChimp_WooCommerce_Single_Product starts in 5 seconds :: obj_id 7516
2022-05-03T15:50:39+00:00 NOTICE action_scheduler.queue_job :: MailChimp_WooCommerce_Single_Product starts in 5 seconds :: obj_id 7515
2022-05-03T15:50:53+00:00 NOTICE product_submit.success :: updateStoreProduct :: #7516
2022-05-03T15:50:53+00:00 NOTICE product_submit.success :: updateStoreProduct :: #7515
2022-05-03T15:51:19+00:00 NOTICE action_scheduler.queue_job :: MailChimp_WooCommerce_Single_Product starts in 5 seconds :: obj_id 16472
2022-05-03T15:51:31+00:00 NOTICE action_scheduler.queue_job :: MailChimp_WooCommerce_Single_Product starts in 5 seconds :: obj_id 7579
2022-05-03T15:51:54+00:00 NOTICE product_submit.success :: updateStoreProduct :: #16472
2022-05-03T15:51:54+00:00 NOTICE product_submit.success :: updateStoreProduct :: #7579
2022-05-03T15:52:04+00:00 NOTICE action_scheduler.queue_job :: MailChimp_WooCommerce_Single_Product starts in 5 seconds :: obj_id 7669
2022-05-03T15:52:16+00:00 NOTICE product_submit.success :: updateStoreProduct :: #7669
2022-05-03T15:52:43+00:00 NOTICE action_scheduler.queue_job :: MailChimp_WooCommerce_Single_Product starts in 5 seconds :: obj_id 17809
2022-05-03T15:52:59+00:00 NOTICE product_submit.success :: updateStoreProduct :: #17809
2022-05-03T15:54:32+00:00 NOTICE action_scheduler.queue_job :: MailChimp_WooCommerce_Single_Product starts in 5 seconds :: obj_id 7429
2022-05-03T15:55:09+00:00 NOTICE product_submit.success :: updateStoreProduct :: #7429
2022-05-03T15:55:13+00:00 NOTICE action_scheduler.queue_job :: MailChimp_WooCommerce_Single_Product starts in 5 seconds :: obj_id 7540
2022-05-03T15:55:23+00:00 NOTICE product_submit.success :: updateStoreProduct :: #7540
2022-05-03T15:56:34+00:00 NOTICE action_scheduler.queue_job :: MailChimp_WooCommerce_Single_Product starts in 5 seconds :: obj_id 7634
2022-05-03T15:57:18+00:00 NOTICE action_scheduler.queue_job :: MailChimp_WooCommerce_Single_Product starts in 5 seconds :: obj_id 7671
2022-05-03T15:57:19+00:00 NOTICE product_submit.success :: updateStoreProduct :: #7634
2022-05-03T15:57:27+00:00 NOTICE product_submit.success :: updateStoreProduct :: #7671
2022-05-03T17:53:26+00:00 NOTICE action_scheduler.queue_job :: MailChimp_WooCommerce_Single_Product starts in 5 seconds :: obj_id 18696
2022-05-03T17:53:35+00:00 NOTICE product_submit.success :: updateStoreProduct :: #18696
2022-05-03T18:07:44+00:00 NOTICE action_scheduler.queue_job :: MailChimp_WooCommerce_Single_Product starts in 5 seconds :: obj_id 7431
2022-05-03T18:08:13+00:00 NOTICE product_submit.success :: updateStoreProduct :: #7431
2022-05-03T19:34:37+00:00 NOTICE action_scheduler.queue_job :: MailChimp_WooCommerce_Cart_Update queued :: obj_id 1681e37d014445bf12c421a50c6f64fa
2022-05-03T19:34:49+00:00 NOTICE abandoned_cart.success :: email: gemelas26@hotmail.com :: checkout_url: https://naturalconexion.com/checkout/?mc_cart_id=1681e37d014445bf12c421a50c6f64fa
2022-05-03T19:34:50+00:00 NOTICE cart.member.updated :: Updated gemelas26@hotmail.com subscriber status to subscribed and language to es
2022-05-03T19:36:07+00:00 NOTICE action_scheduler.queue_job :: MailChimp_WooCommerce_Cart_Update queued :: obj_id 1681e37d014445bf12c421a50c6f64fa
2022-05-03T19:36:15+00:00 NOTICE abandoned_cart.success :: email: gemelas26@hotmail.com :: checkout_url: https://naturalconexion.com/checkout/?mc_cart_id=1681e37d014445bf12c421a50c6f64fa
2022-05-03T19:50:59+00:00 NOTICE action_scheduler.queue_job :: MailChimp_WooCommerce_Cart_Update queued :: obj_id 1681e37d014445bf12c421a50c6f64fa
2022-05-03T19:51:01+00:00 NOTICE abandoned_cart.success :: email: gemelas26@hotmail.com :: checkout_url: https://naturalconexion.com/checkout/?mc_cart_id=1681e37d014445bf12c421a50c6f64fa
2022-05-03T19:52:21+00:00 NOTICE action_scheduler.queue_job :: MailChimp_WooCommerce_Single_Order starts in 90 seconds :: obj_id 20002
2022-05-03T19:54:19+00:00 NOTICE order_sumbit :: #20002 has a financial status of pending and was skipped.
2022-05-03T19:55:22+00:00 NOTICE action_scheduler.queue_job :: MailChimp_WooCommerce_Cart_Update queued :: obj_id 1681e37d014445bf12c421a50c6f64fa
2022-05-03T19:56:17+00:00 NOTICE abandoned_cart.success :: email: gemelas26@hotmail.com :: checkout_url: https://naturalconexion.com/checkout/?mc_cart_id=1681e37d014445bf12c421a50c6f64fa
2022-05-03T19:57:03+00:00 NOTICE action_scheduler.queue_job :: MailChimp_WooCommerce_Cart_Update queued :: obj_id 1681e37d014445bf12c421a50c6f64fa
2022-05-03T19:57:24+00:00 NOTICE abandoned_cart.success :: email: gemelas26@hotmail.com :: checkout_url: https://naturalconexion.com/checkout/?mc_cart_id=1681e37d014445bf12c421a50c6f64fa
2022-05-03T21:06:37+00:00 NOTICE action_scheduler.queue_job :: MailChimp_WooCommerce_Single_Order starts in 90 seconds :: obj_id 20002
2022-05-03T21:06:38+00:00 NOTICE debug :: Order ID 20002 was pending and is now cancelled :: Array
(
    [new_order] => 
    [tracking] => 
)

2022-05-03T21:08:17+00:00 NOTICE order_sumbit :: #20002 has a financial status of cancelled and was skipped.
2022-05-03T22:19:17+00:00 NOTICE action_scheduler.queue_job :: MailChimp_WooCommerce_Single_Product starts in 5 seconds :: obj_id 18696
2022-05-03T22:19:52+00:00 NOTICE product_submit.success :: updateStoreProduct :: #18696
2022-05-03T22:20:41+00:00 NOTICE action_scheduler.queue_job :: MailChimp_WooCommerce_Single_Product starts in 5 seconds :: obj_id 7533
2022-05-03T22:20:53+00:00 NOTICE product_submit.success :: updateStoreProduct :: #7533
2022-05-03T22:20:58+00:00 NOTICE action_scheduler.queue_job :: MailChimp_WooCommerce_Single_Product starts in 5 seconds :: obj_id 7513
2022-05-03T22:21:20+00:00 NOTICE product_submit.success :: updateStoreProduct :: #7513
2022-05-03T22:21:26+00:00 NOTICE action_scheduler.queue_job :: MailChimp_WooCommerce_Single_Product starts in 5 seconds :: obj_id 7431
2022-05-03T22:21:59+00:00 NOTICE product_submit.success :: updateStoreProduct :: #7431
2022-05-03T22:25:24+00:00 NOTICE action_scheduler.queue_job :: MailChimp_WooCommerce_Single_Product starts in 5 seconds :: obj_id 19543
2022-05-03T22:25:37+00:00 NOTICE action_scheduler.queue_job :: MailChimp_WooCommerce_Single_Product starts in 5 seconds :: obj_id 17809
2022-05-03T22:25:50+00:00 NOTICE action_scheduler.queue_job :: MailChimp_WooCommerce_Single_Product starts in 5 seconds :: obj_id 16042
2022-05-03T22:26:05+00:00 NOTICE action_scheduler.queue_job :: MailChimp_WooCommerce_Single_Product starts in 5 seconds :: obj_id 7485
2022-05-03T22:26:22+00:00 NOTICE product_submit.success :: updateStoreProduct :: #19543
2022-05-03T22:26:22+00:00 NOTICE product_submit.success :: updateStoreProduct :: #17809
2022-05-03T22:26:23+00:00 NOTICE product_submit.success :: updateStoreProduct :: #16042
2022-05-03T22:26:23+00:00 NOTICE product_submit.success :: updateStoreProduct :: #7485
2022-05-03T22:39:24+00:00 NOTICE action_scheduler.queue_job :: MailChimp_WooCommerce_Cart_Update queued :: obj_id cd1792bca567e1aa77c95933110dc28a
2022-05-03T22:39:25+00:00 NOTICE abandoned_cart.success :: email: alis0223@hotmail.com :: checkout_url: https://naturalconexion.com/checkout/?mc_cart_id=cd1792bca567e1aa77c95933110dc28a
2022-05-03T22:39:26+00:00 NOTICE cart.member.updated :: Updated alis0223@hotmail.com subscriber status to transactional and language to es
2022-05-03T22:42:16+00:00 NOTICE action_scheduler.queue_job :: MailChimp_WooCommerce_Single_Order starts in 90 seconds :: obj_id 20007
2022-05-03T22:44:10+00:00 NOTICE order_sumbit :: #20007 has a financial status of pending and was skipped.
2022-05-03T22:44:34+00:00 NOTICE action_scheduler.queue_job :: MailChimp_WooCommerce_Single_Order starts in 90 seconds :: obj_id 20007
2022-05-03T22:44:37+00:00 NOTICE debug :: Order ID 20007 was pending and is now processing :: Array
(
    [new_order] => 1
    [tracking] => Array
        (
            [campaign_id] => 
            [landing_site] => https://naturalconexion.com/wp-admin/admin-ajax.php
        )

)

2022-05-03T22:46:50+00:00 NOTICE order.member.updated :: Updated alis0223@hotmail.com subscriber status to transactional and language to 
2022-05-03T22:46:50+00:00 NOTICE order_submit.success :: addStoreOrder :: #20007 :: email: alis0223@hotmail.com :: landing site https://naturalconexion.com/wp-admin/admin-ajax.php :: abandoned cart deleted [cd1792bca567e1aa77c95933110dc28a]
