2022-07-28T00:21:30+00:00 NOTICE action_scheduler.queue_job :: MailChimp_WooCommerce_Cart_Update queued :: obj_id e8bad44c81c587ed524191c8592fe8cb
2022-07-28T00:21:34+00:00 NOTICE abandoned_cart.success :: email: inejamom@gmail.com :: checkout_url: https://naturalconexion.com/checkout/?mc_cart_id=e8bad44c81c587ed524191c8592fe8cb
2022-07-28T00:21:34+00:00 NOTICE cart.member.updated :: Updated inejamom@gmail.com subscriber status to transactional and language to es
2022-07-28T00:22:32+00:00 NOTICE action_scheduler.queue_job :: MailChimp_WooCommerce_Cart_Update queued :: obj_id e8bad44c81c587ed524191c8592fe8cb
2022-07-28T00:22:33+00:00 NOTICE abandoned_cart.success :: email: inejamom@gmail.com :: checkout_url: https://naturalconexion.com/checkout/?mc_cart_id=e8bad44c81c587ed524191c8592fe8cb
2022-07-28T03:34:33+00:00 NOTICE action_scheduler.queue_job :: MailChimp_WooCommerce_Cart_Update queued :: obj_id 8aece9ed650b510baa5db40750e03583
2022-07-28T03:34:36+00:00 NOTICE abandoned_cart.success :: email: chavarriaestefania@gmail.com :: checkout_url: https://naturalconexion.com/checkout/?mc_cart_id=8aece9ed650b510baa5db40750e03583
2022-07-28T03:34:37+00:00 NOTICE cart.member.updated :: Updated chavarriaestefania@gmail.com subscriber status to transactional and language to es
2022-07-28T05:33:06+00:00 NOTICE action_scheduler.queue_job :: MailChimp_WooCommerce_Single_Order starts in 90 seconds :: obj_id 21167
2022-07-28T05:33:08+00:00 NOTICE debug :: Order ID 21167 was pending and is now failed :: Array
(
    [new_order] => 
    [tracking] => 
)

2022-07-28T12:36:26+00:00 NOTICE action_scheduler.queue_job :: MailChimp_WooCommerce_Single_Order starts in 90 seconds :: obj_id 21232
2022-07-28T12:36:31+00:00 NOTICE debug :: Order ID 21232 was processing and is now completed :: Array
(
    [new_order] => 
    [tracking] => 
)

2022-07-28T12:36:31+00:00 NOTICE action_scheduler.queue_job :: MailChimp_WooCommerce_Single_Order starts in 90 seconds :: obj_id 21234
2022-07-28T12:36:34+00:00 NOTICE debug :: Order ID 21234 was processing and is now completed :: Array
(
    [new_order] => 
    [tracking] => 
)

2022-07-28T12:36:34+00:00 NOTICE action_scheduler.queue_job :: MailChimp_WooCommerce_Single_Order starts in 90 seconds :: obj_id 21235
2022-07-28T12:36:37+00:00 NOTICE debug :: Order ID 21235 was processing and is now completed :: Array
(
    [new_order] => 
    [tracking] => 
)

2022-07-28T12:36:37+00:00 NOTICE action_scheduler.queue_job :: MailChimp_WooCommerce_Single_Order starts in 90 seconds :: obj_id 21238
2022-07-28T12:36:40+00:00 NOTICE debug :: Order ID 21238 was processing and is now completed :: Array
(
    [new_order] => 
    [tracking] => 
)

2022-07-28T12:38:35+00:00 NOTICE order.member.updated :: Updated asaenzch80@gmail.com subscriber status to transactional and language to 
2022-07-28T12:38:35+00:00 NOTICE order_submit.success :: updateStoreOrder :: #21232 :: email: asaenzch80@gmail.com
2022-07-28T12:38:37+00:00 NOTICE order.member.updated :: Updated lindavcamposq@yahoo.com.co subscriber status to subscribed and language to 
2022-07-28T12:38:37+00:00 NOTICE order_submit.success :: updateStoreOrder :: #21234 :: email: lindavcamposq@yahoo.com.co
2022-07-28T12:38:40+00:00 NOTICE order.member.updated :: Updated laalebarragan@gmail.com subscriber status to subscribed and language to 
2022-07-28T12:38:40+00:00 NOTICE order_submit.success :: updateStoreOrder :: #21235 :: email: laalebarragan@gmail.com
2022-07-28T12:38:42+00:00 NOTICE order.member.updated :: Updated danna.982011@gmail.com subscriber status to transactional and language to 
2022-07-28T12:38:42+00:00 NOTICE order_submit.success :: updateStoreOrder :: #21238 :: email: danna.982011@gmail.com
2022-07-28T16:04:38+00:00 NOTICE action_scheduler.queue_job :: MailChimp_WooCommerce_Cart_Update queued :: obj_id 4aa30bb0235a92dcb6e37595f9f384f7
2022-07-28T16:05:37+00:00 NOTICE abandoned_cart.success :: email: susana.arango22@gmail.com :: checkout_url: https://naturalconexion.com/checkout/?mc_cart_id=4aa30bb0235a92dcb6e37595f9f384f7
2022-07-28T16:05:37+00:00 NOTICE cart.member.updated :: Updated susana.arango22@gmail.com subscriber status to subscribed and language to es
2022-07-28T16:05:53+00:00 NOTICE action_scheduler.queue_job :: MailChimp_WooCommerce_Single_Order starts in 90 seconds :: obj_id 21243
2022-07-28T16:08:21+00:00 NOTICE order_submit :: #21243 has a financial status of pending and was skipped.
2022-07-28T16:40:11+00:00 NOTICE action_scheduler.queue_job :: MailChimp_WooCommerce_Cart_Update queued :: obj_id 7f230986bb19855b5be34495b522fabb
2022-07-28T16:40:21+00:00 NOTICE abandoned_cart.success :: email: julie162002@gmail.com :: checkout_url: https://naturalconexion.com/checkout/?mc_cart_id=7f230986bb19855b5be34495b522fabb
2022-07-28T16:40:21+00:00 NOTICE cart.member.updated :: Updated julie162002@gmail.com subscriber status to transactional and language to es
2022-07-28T16:41:43+00:00 NOTICE action_scheduler.queue_job :: MailChimp_WooCommerce_Cart_Update queued :: obj_id 7f230986bb19855b5be34495b522fabb
2022-07-28T16:41:47+00:00 NOTICE abandoned_cart.success :: email: julie162002@gmail.com :: checkout_url: https://naturalconexion.com/checkout/?mc_cart_id=7f230986bb19855b5be34495b522fabb
2022-07-28T18:15:19+00:00 NOTICE action_scheduler.queue_job :: MailChimp_WooCommerce_Single_Order starts in 90 seconds :: obj_id 21243
2022-07-28T18:15:24+00:00 NOTICE debug :: Order ID 21243 was pending and is now processing :: Array
(
    [new_order] => 1
    [tracking] => Array
        (
            [campaign_id] => 
            [landing_site] => https://naturalconexion.com/wp-content/plugins/woocommerce-payu-latam/confirmation.php
        )

)

2022-07-28T18:18:01+00:00 NOTICE order.member.updated :: Updated susana.arango22@gmail.com subscriber status to subscribed and language to 
2022-07-28T18:18:01+00:00 NOTICE order_submit.success :: addStoreOrder :: #21243 :: email: susana.arango22@gmail.com :: landing site https://naturalconexion.com/wp-content/plugins/woocommerce-payu-latam/confirmation.php :: abandoned cart deleted [4aa30bb0235a92dcb6e37595f9f384f7]
2022-07-28T19:08:15+00:00 NOTICE action_scheduler.queue_job :: MailChimp_WooCommerce_Cart_Update queued :: obj_id 5a9c3b4acb102c0e71cf323ceb15b09e
2022-07-28T19:08:44+00:00 NOTICE abandoned_cart.success :: email: dannagarces@hotmail.com :: checkout_url: https://naturalconexion.com/checkout/?mc_cart_id=5a9c3b4acb102c0e71cf323ceb15b09e
2022-07-28T19:08:45+00:00 NOTICE cart.member.updated :: Updated dannagarces@hotmail.com subscriber status to transactional and language to es
2022-07-28T19:09:28+00:00 NOTICE action_scheduler.queue_job :: MailChimp_WooCommerce_Cart_Update queued :: obj_id 5a9c3b4acb102c0e71cf323ceb15b09e
2022-07-28T19:09:34+00:00 NOTICE abandoned_cart.success :: email: dannagarces@hotmail.com :: checkout_url: https://naturalconexion.com/checkout/?mc_cart_id=5a9c3b4acb102c0e71cf323ceb15b09e
2022-07-28T19:12:47+00:00 NOTICE action_scheduler.queue_job :: MailChimp_WooCommerce_Single_Order starts in 90 seconds :: obj_id 21244
2022-07-28T19:15:22+00:00 NOTICE order_submit :: #21244 has a financial status of pending and was skipped.
2022-07-28T19:16:52+00:00 NOTICE action_scheduler.queue_job :: MailChimp_WooCommerce_Single_Order starts in 90 seconds :: obj_id 21244
2022-07-28T19:16:56+00:00 NOTICE debug :: Order ID 21244 was pending and is now processing :: Array
(
    [new_order] => 1
    [tracking] => Array
        (
            [campaign_id] => 
            [landing_site] => https://naturalconexion.com/wp-content/plugins/woocommerce-payu-latam/confirmation.php
        )

)

2022-07-28T19:18:34+00:00 NOTICE order.member.updated :: Updated dannagarces@hotmail.com subscriber status to transactional and language to 
2022-07-28T19:18:34+00:00 NOTICE order_submit.success :: addStoreOrder :: #21244 :: email: dannagarces@hotmail.com :: landing site https://naturalconexion.com/wp-content/plugins/woocommerce-payu-latam/confirmation.php :: abandoned cart deleted [5a9c3b4acb102c0e71cf323ceb15b09e]
