2023-06-21T01:07:23+00:00 NOTICE action_scheduler.queue_job :: MailChimp_WooCommerce_Single_Product starts in 5 seconds :: obj_id 23041
2023-06-21T01:07:56+00:00 NOTICE product_submit.success :: updateStoreProduct :: #23041
2023-06-21T01:08:24+00:00 NOTICE product.deleted :: deleted product 18696
2023-06-21T01:12:42+00:00 NOTICE action_scheduler.queue_job :: MailChimp_WooCommerce_Single_Product starts in 5 seconds :: obj_id 16033
2023-06-21T01:12:48+00:00 NOTICE product_submit.success :: updateStoreProduct :: #16033
2023-06-21T01:23:07+00:00 NOTICE action_scheduler.queue_job :: MailChimp_WooCommerce_Cart_Update queued :: obj_id 368dcae0ee89dfbeedc08676d35638dc
2023-06-21T01:23:47+00:00 NOTICE abandoned_cart.success :: email: miguelangelaguirretj@gmail.com :: checkout_url: https://naturalconexion.com/checkout/?mc_cart_id=368dcae0ee89dfbeedc08676d35638dc
2023-06-21T01:23:47+00:00 NOTICE cart.member.updated :: Updated miguelangelaguirretj@gmail.com subscriber status to subscribed and language to es
2023-06-21T01:25:05+00:00 NOTICE action_scheduler.queue_job :: MailChimp_WooCommerce_Cart_Update queued :: obj_id 368dcae0ee89dfbeedc08676d35638dc
2023-06-21T01:25:55+00:00 NOTICE abandoned_cart.success :: email: miguelangelaguirretj@gmail.com :: checkout_url: https://naturalconexion.com/checkout/?mc_cart_id=368dcae0ee89dfbeedc08676d35638dc
2023-06-21T01:28:16+00:00 NOTICE action_scheduler.queue_job :: MailChimp_WooCommerce_Cart_Update queued :: obj_id 368dcae0ee89dfbeedc08676d35638dc
2023-06-21T01:28:53+00:00 NOTICE abandoned_cart.success :: email: miguelangelaguirretj@gmail.com :: checkout_url: https://naturalconexion.com/checkout/?mc_cart_id=368dcae0ee89dfbeedc08676d35638dc
2023-06-21T01:48:20+00:00 NOTICE action_scheduler.queue_job :: MailChimp_WooCommerce_Cart_Update queued :: obj_id 368dcae0ee89dfbeedc08676d35638dc
2023-06-21T01:48:42+00:00 NOTICE abandoned_cart.success :: email: miguelangelaguirretj@gmail.com :: checkout_url: https://naturalconexion.com/checkout/?mc_cart_id=368dcae0ee89dfbeedc08676d35638dc
2023-06-21T01:55:31+00:00 NOTICE action_scheduler.queue_job :: MailChimp_WooCommerce_Cart_Update queued :: obj_id d4ec23b13836aa027ba66c0c02c4d5eb
2023-06-21T01:55:50+00:00 NOTICE abandoned_cart.success :: email: carmogira@gmail.com :: checkout_url: https://naturalconexion.com/checkout/?mc_cart_id=d4ec23b13836aa027ba66c0c02c4d5eb
2023-06-21T01:55:50+00:00 NOTICE cart.member.updated :: Updated carmogira@gmail.com subscriber status to transactional and language to es
2023-06-21T01:56:43+00:00 NOTICE action_scheduler.queue_job :: MailChimp_WooCommerce_Cart_Update queued :: obj_id d4ec23b13836aa027ba66c0c02c4d5eb
2023-06-21T01:56:49+00:00 NOTICE abandoned_cart.success :: email: carmogira@gmail.com :: checkout_url: https://naturalconexion.com/checkout/?mc_cart_id=d4ec23b13836aa027ba66c0c02c4d5eb
2023-06-21T01:57:04+00:00 NOTICE action_scheduler.queue_job :: MailChimp_WooCommerce_Cart_Update queued :: obj_id d4ec23b13836aa027ba66c0c02c4d5eb
2023-06-21T01:57:49+00:00 NOTICE abandoned_cart.success :: email: carmogira@gmail.com :: checkout_url: https://naturalconexion.com/checkout/?mc_cart_id=d4ec23b13836aa027ba66c0c02c4d5eb
2023-06-21T01:58:08+00:00 NOTICE action_scheduler.queue_job :: MailChimp_WooCommerce_Cart_Update queued :: obj_id d4ec23b13836aa027ba66c0c02c4d5eb
2023-06-21T01:58:27+00:00 NOTICE action_scheduler.queue_job :: MailChimp_WooCommerce_Single_Order starts in 90 seconds :: obj_id 24880
2023-06-21T01:58:51+00:00 NOTICE abandoned_cart.success :: email: carmogira@gmail.com :: checkout_url: https://naturalconexion.com/checkout/?mc_cart_id=d4ec23b13836aa027ba66c0c02c4d5eb
2023-06-21T02:00:04+00:00 NOTICE order_submit :: #24880 has a financial status of pending and was skipped.
2023-06-21T02:00:45+00:00 NOTICE action_scheduler.queue_job :: MailChimp_WooCommerce_Cart_Update queued :: obj_id d4ec23b13836aa027ba66c0c02c4d5eb
2023-06-21T02:00:50+00:00 NOTICE abandoned_cart.success :: email: carmogira@gmail.com :: checkout_url: https://naturalconexion.com/checkout/?mc_cart_id=d4ec23b13836aa027ba66c0c02c4d5eb
2023-06-21T02:01:07+00:00 NOTICE action_scheduler.queue_job :: MailChimp_WooCommerce_Cart_Update queued :: obj_id d4ec23b13836aa027ba66c0c02c4d5eb
2023-06-21T02:01:14+00:00 NOTICE action_scheduler.queue_job :: MailChimp_WooCommerce_Single_Order starts in 90 seconds :: obj_id 24881
2023-06-21T02:01:23+00:00 NOTICE action_scheduler.queue_job :: MailChimp_WooCommerce_Cart_Update queued :: obj_id 368dcae0ee89dfbeedc08676d35638dc
2023-06-21T02:01:51+00:00 NOTICE abandoned_cart.success :: email: carmogira@gmail.com :: checkout_url: https://naturalconexion.com/checkout/?mc_cart_id=d4ec23b13836aa027ba66c0c02c4d5eb
2023-06-21T02:01:52+00:00 NOTICE abandoned_cart.success :: email: miguelangelaguirretj@gmail.com :: checkout_url: https://naturalconexion.com/checkout/?mc_cart_id=368dcae0ee89dfbeedc08676d35638dc
2023-06-21T02:02:52+00:00 NOTICE order_submit :: #24881 has a financial status of pending and was skipped.
2023-06-21T02:07:06+00:00 NOTICE action_scheduler.queue_job :: MailChimp_WooCommerce_Cart_Update queued :: obj_id d4ec23b13836aa027ba66c0c02c4d5eb
2023-06-21T02:07:45+00:00 NOTICE action_scheduler.queue_job :: MailChimp_WooCommerce_Single_Order starts in 90 seconds :: obj_id 24882
2023-06-21T02:07:46+00:00 NOTICE abandoned_cart.success :: email: carmogira@gmail.com :: checkout_url: https://naturalconexion.com/checkout/?mc_cart_id=d4ec23b13836aa027ba66c0c02c4d5eb
2023-06-21T02:07:47+00:00 NOTICE action_scheduler.queue_job :: MailChimp_WooCommerce_Cart_Update queued :: obj_id d4ec23b13836aa027ba66c0c02c4d5eb
2023-06-21T02:07:54+00:00 NOTICE abandoned_cart.success :: email: carmogira@gmail.com :: checkout_url: https://naturalconexion.com/checkout/?mc_cart_id=d4ec23b13836aa027ba66c0c02c4d5eb
2023-06-21T02:07:54+00:00 NOTICE action_scheduler.queue_job :: MailChimp_WooCommerce_Single_Order starts in 90 seconds :: obj_id 24883
2023-06-21T02:08:19+00:00 NOTICE action_scheduler.queue_job :: MailChimp_WooCommerce_Cart_Update queued :: obj_id d4ec23b13836aa027ba66c0c02c4d5eb
2023-06-21T02:09:15+00:00 NOTICE abandoned_cart.success :: email: carmogira@gmail.com :: checkout_url: https://naturalconexion.com/checkout/?mc_cart_id=d4ec23b13836aa027ba66c0c02c4d5eb
2023-06-21T02:09:16+00:00 NOTICE order_submit :: #24882 has a financial status of pending and was skipped.
2023-06-21T02:09:56+00:00 NOTICE order_submit :: #24883 has a financial status of pending and was skipped.
2023-06-21T02:12:23+00:00 NOTICE action_scheduler.queue_job :: MailChimp_WooCommerce_Cart_Update queued :: obj_id 368dcae0ee89dfbeedc08676d35638dc
2023-06-21T02:12:52+00:00 NOTICE abandoned_cart.success :: email: miguelangelaguirretj@gmail.com :: checkout_url: https://naturalconexion.com/checkout/?mc_cart_id=368dcae0ee89dfbeedc08676d35638dc
2023-06-21T02:13:05+00:00 NOTICE action_scheduler.queue_job :: MailChimp_WooCommerce_Cart_Update queued :: obj_id 368dcae0ee89dfbeedc08676d35638dc
2023-06-21T02:13:57+00:00 NOTICE abandoned_cart.success :: email: miguelangelaguirretj@gmail.com :: checkout_url: https://naturalconexion.com/checkout/?mc_cart_id=368dcae0ee89dfbeedc08676d35638dc
2023-06-21T02:16:57+00:00 NOTICE action_scheduler.queue_job :: MailChimp_WooCommerce_Cart_Update queued :: obj_id 368dcae0ee89dfbeedc08676d35638dc
2023-06-21T02:16:58+00:00 NOTICE abandoned_cart.success :: email: miguelangelaguirretj@gmail.com :: checkout_url: https://naturalconexion.com/checkout/?mc_cart_id=368dcae0ee89dfbeedc08676d35638dc
2023-06-21T02:18:07+00:00 NOTICE action_scheduler.queue_job :: MailChimp_WooCommerce_Single_Order starts in 90 seconds :: obj_id 24884
2023-06-21T02:19:26+00:00 NOTICE debug :: Order ID 24884 was pending and is now processing :: Array
(
    [new_order] => 1
    [tracking] => Array
        (
            [campaign_id] => 
            [landing_site] => https://naturalconexion.com/?wc-api=wc_addi_gateway
        )

)

2023-06-21T02:21:21+00:00 NOTICE order.member.updated :: Updated miguelangelaguirretj@gmail.com subscriber status to subscribed and language to es
2023-06-21T02:21:21+00:00 NOTICE order_submit.success :: addStoreOrder :: #24884 :: email: miguelangelaguirretj@gmail.com :: landing site https://naturalconexion.com/venta-flash-junio/ :: abandoned cart deleted [368dcae0ee89dfbeedc08676d35638dc]
2023-06-21T03:34:31+00:00 NOTICE action_scheduler.queue_job :: MailChimp_WooCommerce_Single_Order starts in 90 seconds :: obj_id 24880
2023-06-21T03:34:31+00:00 NOTICE debug :: Order ID 24880 was pending and is now cancelled :: Array
(
    [new_order] => 
    [tracking] => 
)

2023-06-21T03:34:31+00:00 NOTICE action_scheduler.queue_job :: MailChimp_WooCommerce_Single_Order starts in 90 seconds :: obj_id 24881
2023-06-21T03:34:31+00:00 NOTICE debug :: Order ID 24881 was pending and is now cancelled :: Array
(
    [new_order] => 
    [tracking] => 
)

2023-06-21T03:34:31+00:00 NOTICE action_scheduler.queue_job :: MailChimp_WooCommerce_Single_Order starts in 90 seconds :: obj_id 24882
2023-06-21T03:34:32+00:00 NOTICE debug :: Order ID 24882 was pending and is now cancelled :: Array
(
    [new_order] => 
    [tracking] => 
)

2023-06-21T03:34:32+00:00 NOTICE action_scheduler.queue_job :: MailChimp_WooCommerce_Single_Order starts in 90 seconds :: obj_id 24883
2023-06-21T03:34:32+00:00 NOTICE debug :: Order ID 24883 was pending and is now cancelled :: Array
(
    [new_order] => 
    [tracking] => 
)

2023-06-21T03:36:42+00:00 NOTICE order_submit :: #24880 has a financial status of cancelled and was skipped.
2023-06-21T03:36:44+00:00 NOTICE order_submit :: #24881 has a financial status of cancelled and was skipped.
2023-06-21T03:36:46+00:00 NOTICE order_submit :: #24882 has a financial status of cancelled and was skipped.
2023-06-21T03:36:48+00:00 NOTICE order_submit :: #24883 has a financial status of cancelled and was skipped.
2023-06-21T09:05:09+00:00 NOTICE member.sync :: user_my_account_opt_in_save 1
2023-06-21T09:05:09+00:00 NOTICE action_scheduler.queue_job :: MailChimp_WooCommerce_User_Submit queued :: obj_id 2424
2023-06-21T09:05:13+00:00 NOTICE member.sync :: Updated Member miguelangelaguirretj@gmail.com :: Array
(
    [status] => subscribed
    [language] => 
    [merge_fields] => Array
        (
            [FNAME] => Miguel Angel
            [LNAME] => Aguirre López
        )

    [gdpr_fields] => 
)

2023-06-21T11:57:48+00:00 NOTICE action_scheduler.queue_job :: MailChimp_WooCommerce_Cart_Update queued :: obj_id 9183ecb86fff3f8775ce272240d55941
2023-06-21T11:57:50+00:00 NOTICE abandoned_cart.success :: email: tatiana.lopez.m@gmail.com :: checkout_url: https://naturalconexion.com/checkout/?mc_cart_id=9183ecb86fff3f8775ce272240d55941
2023-06-21T11:57:51+00:00 NOTICE cart.member.updated :: Updated tatiana.lopez.m@gmail.com subscriber status to transactional and language to es
2023-06-21T11:58:32+00:00 NOTICE action_scheduler.queue_job :: MailChimp_WooCommerce_Cart_Update queued :: obj_id 9183ecb86fff3f8775ce272240d55941
2023-06-21T11:58:50+00:00 NOTICE abandoned_cart.success :: email: tatiana.lopez.m@gmail.com :: checkout_url: https://naturalconexion.com/checkout/?mc_cart_id=9183ecb86fff3f8775ce272240d55941
2023-06-21T12:00:24+00:00 NOTICE action_scheduler.queue_job :: MailChimp_WooCommerce_Single_Order starts in 90 seconds :: obj_id 24885
2023-06-21T12:01:25+00:00 NOTICE debug :: Order ID 24885 was pending and is now processing :: Array
(
    [new_order] => 1
    [tracking] => Array
        (
            [campaign_id] => 
            [landing_site] => https://naturalconexion.com/wp-content/plugins/woocommerce-payu-latam/confirmation.php
        )

)

2023-06-21T12:02:55+00:00 NOTICE order.member.updated :: Updated tatiana.lopez.m@gmail.com subscriber status to subscribed and language to es
2023-06-21T12:02:55+00:00 NOTICE order_submit.success :: addStoreOrder :: #24885 :: email: tatiana.lopez.m@gmail.com :: landing site https://naturalconexion.com/product/protector-solar-con-extractos-botanicos-spf-50-todo-tipo-de-piel-30gr/ :: abandoned cart deleted [9183ecb86fff3f8775ce272240d55941]
2023-06-21T13:19:56+00:00 NOTICE action_scheduler.queue_job :: MailChimp_WooCommerce_Single_Order starts in 90 seconds :: obj_id 24884
2023-06-21T13:19:57+00:00 NOTICE debug :: Order ID 24884 was processing and is now completed :: Array
(
    [new_order] => 
    [tracking] => 
)

2023-06-21T13:21:41+00:00 NOTICE order.member.updated :: Updated miguelangelaguirretj@gmail.com subscriber status to subscribed and language to 
2023-06-21T13:21:41+00:00 NOTICE order_submit.success :: updateStoreOrder :: #24884 :: email: miguelangelaguirretj@gmail.com
2023-06-21T13:43:46+00:00 NOTICE action_scheduler.queue_job :: MailChimp_WooCommerce_Cart_Update queued :: obj_id 7d9e934c99bc3e51a699a215ac6e747a
2023-06-21T13:43:49+00:00 NOTICE abandoned_cart.success :: email: ing.spzambrano@gmail.com :: checkout_url: https://naturalconexion.com/checkout/?mc_cart_id=7d9e934c99bc3e51a699a215ac6e747a
2023-06-21T13:43:50+00:00 NOTICE cart.member.updated :: Updated ing.spzambrano@gmail.com subscriber status to transactional and language to es
2023-06-21T13:47:37+00:00 NOTICE action_scheduler.queue_job :: MailChimp_WooCommerce_Cart_Update queued :: obj_id d84c2fb7df4609f4cb25db59264a6cc2
2023-06-21T13:47:49+00:00 NOTICE action_scheduler.queue_job :: MailChimp_WooCommerce_Single_Order starts in 90 seconds :: obj_id 24886
2023-06-21T13:47:50+00:00 NOTICE abandoned_cart.success :: email: julianarestrepo22@gmail.com :: checkout_url: https://naturalconexion.com/checkout/?mc_cart_id=d84c2fb7df4609f4cb25db59264a6cc2
2023-06-21T13:47:50+00:00 NOTICE cart.member.updated :: Updated julianarestrepo22@gmail.com subscriber status to transactional and language to es
2023-06-21T13:49:40+00:00 NOTICE order_submit :: #24886 has a financial status of pending and was skipped.
2023-06-21T14:42:47+00:00 NOTICE action_scheduler.queue_job :: MailChimp_WooCommerce_Cart_Update queued :: obj_id d4ec23b13836aa027ba66c0c02c4d5eb
2023-06-21T14:42:55+00:00 NOTICE abandoned_cart.success :: email: carmogira@gmail.com :: checkout_url: https://naturalconexion.com/checkout/?mc_cart_id=d4ec23b13836aa027ba66c0c02c4d5eb
2023-06-21T14:42:55+00:00 NOTICE cart.member.updated :: Updated carmogira@gmail.com subscriber status to transactional and language to es
2023-06-21T14:43:14+00:00 NOTICE action_scheduler.queue_job :: MailChimp_WooCommerce_Cart_Update queued :: obj_id d4ec23b13836aa027ba66c0c02c4d5eb
2023-06-21T14:43:37+00:00 NOTICE action_scheduler.queue_job :: MailChimp_WooCommerce_Cart_Update queued :: obj_id d4ec23b13836aa027ba66c0c02c4d5eb
2023-06-21T14:43:39+00:00 NOTICE abandoned_cart.success :: email: carmogira@gmail.com :: checkout_url: https://naturalconexion.com/checkout/?mc_cart_id=d4ec23b13836aa027ba66c0c02c4d5eb
2023-06-21T14:43:40+00:00 NOTICE abandoned_cart.success :: email: carmogira@gmail.com :: checkout_url: https://naturalconexion.com/checkout/?mc_cart_id=d4ec23b13836aa027ba66c0c02c4d5eb
2023-06-21T14:43:51+00:00 NOTICE action_scheduler.queue_job :: MailChimp_WooCommerce_Cart_Update queued :: obj_id d4ec23b13836aa027ba66c0c02c4d5eb
2023-06-21T14:43:57+00:00 NOTICE action_scheduler.queue_job :: MailChimp_WooCommerce_Single_Order starts in 90 seconds :: obj_id 24887
2023-06-21T14:44:44+00:00 NOTICE abandoned_cart.success :: email: carmogira@gmail.com :: checkout_url: https://naturalconexion.com/checkout/?mc_cart_id=d4ec23b13836aa027ba66c0c02c4d5eb
2023-06-21T14:46:30+00:00 NOTICE order_submit :: #24887 has a financial status of pending and was skipped.
2023-06-21T15:02:54+00:00 NOTICE action_scheduler.queue_job :: MailChimp_WooCommerce_Cart_Update queued :: obj_id 22dc75f541cc7cde458f9ac89d3806ee
2023-06-21T15:03:42+00:00 NOTICE abandoned_cart.success :: email: jenifferbalza@yahoo.com :: checkout_url: https://naturalconexion.com/checkout/?mc_cart_id=22dc75f541cc7cde458f9ac89d3806ee
2023-06-21T15:03:43+00:00 NOTICE cart.member.updated :: Updated jenifferbalza@yahoo.com subscriber status to subscribed and language to es
2023-06-21T15:04:36+00:00 NOTICE action_scheduler.queue_job :: MailChimp_WooCommerce_Single_Order starts in 90 seconds :: obj_id 24888
2023-06-21T15:06:23+00:00 NOTICE debug :: Order ID 24888 was pending and is now processing :: Array
(
    [new_order] => 1
    [tracking] => Array
        (
            [campaign_id] => 
            [landing_site] => https://naturalconexion.com/wp-content/plugins/woocommerce-payu-latam/confirmation.php
        )

)

2023-06-21T15:07:57+00:00 NOTICE order.member.updated :: Updated jenifferbalza@yahoo.com subscriber status to subscribed and language to es
2023-06-21T15:07:57+00:00 NOTICE order_submit.success :: addStoreOrder :: #24888 :: email: jenifferbalza@yahoo.com :: landing site https://naturalconexion.com/tienda/?gclid=Cj0KCQjwnMWkBhDLARIsAHBOftommQ3L1kRLmr4oLiej_Z_T686XFOxVdfczZRn_rUJ57lE4aCYgAFMaAvLXEALw_wcB :: abandoned cart deleted [22dc75f541cc7cde458f9ac89d3806ee]
2023-06-21T15:09:23+00:00 NOTICE action_scheduler.queue_job :: MailChimp_WooCommerce_Cart_Update queued :: obj_id 9dfc052221264970738c71b87a880504
2023-06-21T15:09:25+00:00 NOTICE abandoned_cart.success :: email: aline.kelmer-viloria@hp.com :: checkout_url: https://naturalconexion.com/checkout/?mc_cart_id=9dfc052221264970738c71b87a880504
2023-06-21T15:09:26+00:00 NOTICE cart.member.updated :: Updated aline.kelmer-viloria@hp.com subscriber status to transactional and language to es
2023-06-21T15:10:08+00:00 NOTICE ac.cart_swap :: Deleted cart [aline.kelmer-viloria@hp.com] :: ID [9dfc052221264970738c71b87a880504]
2023-06-21T15:10:08+00:00 NOTICE action_scheduler.queue_job :: MailChimp_WooCommerce_Cart_Update queued :: obj_id 7e75e9bb0e12eac01e97584f7bd803f9
2023-06-21T15:10:38+00:00 NOTICE action_scheduler.queue_job :: MailChimp_WooCommerce_Cart_Update queued :: obj_id f5323d6c3437eed1abd86b5da90c6bde
2023-06-21T15:10:41+00:00 NOTICE abandoned_cart.success :: email: alinekelmer@gmail.com :: checkout_url: https://naturalconexion.com/checkout/?mc_cart_id=7e75e9bb0e12eac01e97584f7bd803f9
2023-06-21T15:10:41+00:00 NOTICE cart.member.updated :: Updated alinekelmer@gmail.com subscriber status to transactional and language to es
2023-06-21T15:10:42+00:00 NOTICE abandoned_cart.success :: email: andresjulian4152@hotmail.com :: checkout_url: https://naturalconexion.com/checkout/?mc_cart_id=f5323d6c3437eed1abd86b5da90c6bde
2023-06-21T15:10:42+00:00 NOTICE cart.member.updated :: Updated andresjulian4152@hotmail.com subscriber status to transactional and language to es
2023-06-21T15:10:43+00:00 NOTICE action_scheduler.queue_job :: MailChimp_WooCommerce_User_Submit queued :: obj_id 2536
2023-06-21T15:10:45+00:00 NOTICE action_scheduler.queue_job :: MailChimp_WooCommerce_Single_Order starts in 90 seconds :: obj_id 24889
2023-06-21T15:10:48+00:00 NOTICE member.sync :: Updated Member alinekelmer@gmail.com :: Array
(
    [previous_status] => transactional
    [status] => 1
    [language] => 
    [merge_fields] => Array
        (
            [FNAME] => Aline
            [LNAME] => Kelmer Viloria
        )

    [gdpr_fields] => 
)

2023-06-21T15:12:24+00:00 NOTICE action_scheduler.queue_job :: MailChimp_WooCommerce_Cart_Update queued :: obj_id 7e75e9bb0e12eac01e97584f7bd803f9
2023-06-21T15:12:52+00:00 NOTICE order_submit :: #24889 has a financial status of pending and was skipped.
2023-06-21T15:12:52+00:00 NOTICE abandoned_cart.success :: email: alinekelmer@gmail.com :: checkout_url: https://naturalconexion.com/checkout/?mc_cart_id=7e75e9bb0e12eac01e97584f7bd803f9
2023-06-21T15:13:00+00:00 NOTICE action_scheduler.queue_job :: MailChimp_WooCommerce_Cart_Update queued :: obj_id 7e75e9bb0e12eac01e97584f7bd803f9
2023-06-21T15:13:06+00:00 NOTICE abandoned_cart.success :: email: alinekelmer@gmail.com :: checkout_url: https://naturalconexion.com/checkout/?mc_cart_id=7e75e9bb0e12eac01e97584f7bd803f9
2023-06-21T15:14:34+00:00 NOTICE action_scheduler.queue_job :: MailChimp_WooCommerce_Cart_Update queued :: obj_id 7e75e9bb0e12eac01e97584f7bd803f9
2023-06-21T15:15:11+00:00 NOTICE abandoned_cart.success :: email: alinekelmer@gmail.com :: checkout_url: https://naturalconexion.com/checkout/?mc_cart_id=7e75e9bb0e12eac01e97584f7bd803f9
2023-06-21T15:15:58+00:00 NOTICE action_scheduler.queue_job :: MailChimp_WooCommerce_Single_Order starts in 90 seconds :: obj_id 24890
2023-06-21T15:17:54+00:00 NOTICE order_submit :: #24890 has a financial status of pending and was skipped.
2023-06-21T15:21:04+00:00 NOTICE action_scheduler.queue_job :: MailChimp_WooCommerce_Single_Order starts in 90 seconds :: obj_id 24891
2023-06-21T15:22:36+00:00 NOTICE action_scheduler.queue_job :: MailChimp_WooCommerce_Cart_Update queued :: obj_id f5323d6c3437eed1abd86b5da90c6bde
2023-06-21T15:22:51+00:00 NOTICE order_submit :: #24891 has a financial status of pending and was skipped.
2023-06-21T15:22:52+00:00 NOTICE abandoned_cart.success :: email: andresjulian4152@hotmail.com :: checkout_url: https://naturalconexion.com/checkout/?mc_cart_id=f5323d6c3437eed1abd86b5da90c6bde
2023-06-21T15:46:32+00:00 NOTICE action_scheduler.queue_job :: MailChimp_WooCommerce_Single_Order starts in 90 seconds :: obj_id 24886
2023-06-21T15:46:32+00:00 NOTICE debug :: Order ID 24886 was pending and is now cancelled :: Array
(
    [new_order] => 
    [tracking] => 
)

2023-06-21T15:46:32+00:00 NOTICE action_scheduler.queue_job :: MailChimp_WooCommerce_Single_Order starts in 90 seconds :: obj_id 24887
2023-06-21T15:46:32+00:00 NOTICE debug :: Order ID 24887 was pending and is now cancelled :: Array
(
    [new_order] => 
    [tracking] => 
)

2023-06-21T15:48:19+00:00 NOTICE order_submit :: #24886 has a financial status of cancelled and was skipped.
2023-06-21T15:48:20+00:00 NOTICE order_submit :: #24887 has a financial status of cancelled and was skipped.
2023-06-21T16:46:47+00:00 NOTICE action_scheduler.queue_job :: MailChimp_WooCommerce_Single_Order starts in 90 seconds :: obj_id 24889
2023-06-21T16:46:47+00:00 NOTICE debug :: Order ID 24889 was pending and is now cancelled :: Array
(
    [new_order] => 
    [tracking] => 
)

2023-06-21T16:46:47+00:00 NOTICE action_scheduler.queue_job :: MailChimp_WooCommerce_Single_Order starts in 90 seconds :: obj_id 24890
2023-06-21T16:46:47+00:00 NOTICE debug :: Order ID 24890 was pending and is now cancelled :: Array
(
    [new_order] => 
    [tracking] => 
)

2023-06-21T16:46:47+00:00 NOTICE action_scheduler.queue_job :: MailChimp_WooCommerce_Single_Order starts in 90 seconds :: obj_id 24891
2023-06-21T16:46:48+00:00 NOTICE debug :: Order ID 24891 was pending and is now cancelled :: Array
(
    [new_order] => 
    [tracking] => 
)

2023-06-21T16:48:19+00:00 NOTICE order_submit :: #24889 has a financial status of cancelled and was skipped.
2023-06-21T16:48:20+00:00 NOTICE order_submit :: #24890 has a financial status of cancelled and was skipped.
2023-06-21T16:48:21+00:00 NOTICE order_submit :: #24891 has a financial status of cancelled and was skipped.
2023-06-21T17:35:05+00:00 NOTICE action_scheduler.queue_job :: MailChimp_WooCommerce_Cart_Update queued :: obj_id 10e7bc055f693aaa0e21f34cd624dce1
2023-06-21T17:35:33+00:00 NOTICE abandoned_cart.success :: email: developer.mauricio2310@gmail.com :: checkout_url: https://naturalconexion.com/checkout/?mc_cart_id=10e7bc055f693aaa0e21f34cd624dce1
2023-06-21T17:35:34+00:00 NOTICE cart.member.updated :: Updated developer.mauricio2310@gmail.com subscriber status to transactional and language to es
2023-06-21T17:48:37+00:00 NOTICE action_scheduler.queue_job :: MailChimp_WooCommerce_Single_Order starts in 90 seconds :: obj_id 24892
2023-06-21T17:48:37+00:00 NOTICE action_scheduler.queue_job :: MailChimp_WooCommerce_Cart_Update queued :: obj_id c565d7e914850464e6f940fd7f8df092
2023-06-21T17:48:41+00:00 NOTICE abandoned_cart.success :: email: eidy@gmail.com :: checkout_url: https://naturalconexion.com/checkout/?mc_cart_id=c565d7e914850464e6f940fd7f8df092
2023-06-21T17:48:41+00:00 NOTICE cart.member.updated :: Updated eidy@gmail.com subscriber status to transactional and language to es
2023-06-21T17:48:59+00:00 NOTICE action_scheduler.queue_job :: MailChimp_WooCommerce_Single_Order starts in 90 seconds :: obj_id 24893
2023-06-21T17:51:05+00:00 NOTICE order_submit :: #24892 has a financial status of pending and was skipped.
2023-06-21T17:51:06+00:00 NOTICE order_submit :: #24893 has a financial status of pending and was skipped.
2023-06-21T17:51:17+00:00 NOTICE action_scheduler.queue_job :: MailChimp_WooCommerce_Single_Order starts in 90 seconds :: obj_id 24894
2023-06-21T17:53:06+00:00 NOTICE order_submit :: #24894 has a financial status of pending and was skipped.
2023-06-21T19:11:11+00:00 NOTICE ac.cart_swap :: Deleted cart [developer.mauricio2310@gmail.com] :: ID [10e7bc055f693aaa0e21f34cd624dce1]
2023-06-21T19:11:11+00:00 NOTICE action_scheduler.queue_job :: MailChimp_WooCommerce_Cart_Update queued :: obj_id 5b0623220932caaa0ed273c1fd1afb5e
2023-06-21T19:11:14+00:00 NOTICE abandoned_cart.success :: email: silviotista93@gmail.com :: checkout_url: https://naturalconexion.com/checkout/?mc_cart_id=5b0623220932caaa0ed273c1fd1afb5e
2023-06-21T19:11:14+00:00 NOTICE cart.member.updated :: Updated silviotista93@gmail.com subscriber status to transactional and language to es
2023-06-21T19:11:48+00:00 NOTICE action_scheduler.queue_job :: MailChimp_WooCommerce_Single_Order starts in 90 seconds :: obj_id 24895
2023-06-21T19:12:03+00:00 NOTICE action_scheduler.queue_job :: MailChimp_WooCommerce_Cart_Update queued :: obj_id 5b0623220932caaa0ed273c1fd1afb5e
2023-06-21T19:12:21+00:00 NOTICE abandoned_cart.success :: email: silviotista93@gmail.com :: checkout_url: https://naturalconexion.com/checkout/?mc_cart_id=5b0623220932caaa0ed273c1fd1afb5e
2023-06-21T19:13:23+00:00 NOTICE order_submit :: #24895 has a financial status of pending and was skipped.
2023-06-21T19:18:07+00:00 NOTICE action_scheduler.queue_job :: MailChimp_WooCommerce_Cart_Update queued :: obj_id 5b0623220932caaa0ed273c1fd1afb5e
2023-06-21T19:18:10+00:00 NOTICE abandoned_cart.success :: email: silviotista93@gmail.com :: checkout_url: https://naturalconexion.com/checkout/?mc_cart_id=5b0623220932caaa0ed273c1fd1afb5e
2023-06-21T19:18:12+00:00 NOTICE action_scheduler.queue_job :: MailChimp_WooCommerce_Single_Order starts in 90 seconds :: obj_id 24896
2023-06-21T19:20:29+00:00 NOTICE order_submit :: #24896 has a financial status of pending and was skipped.
2023-06-21T19:47:17+00:00 NOTICE action_scheduler.queue_job :: MailChimp_WooCommerce_Single_Order starts in 90 seconds :: obj_id 24892
2023-06-21T19:47:17+00:00 NOTICE debug :: Order ID 24892 was pending and is now cancelled :: Array
(
    [new_order] => 
    [tracking] => 
)

2023-06-21T19:47:17+00:00 NOTICE action_scheduler.queue_job :: MailChimp_WooCommerce_Single_Order starts in 90 seconds :: obj_id 24893
2023-06-21T19:47:17+00:00 NOTICE debug :: Order ID 24893 was pending and is now cancelled :: Array
(
    [new_order] => 
    [tracking] => 
)

2023-06-21T19:47:18+00:00 NOTICE action_scheduler.queue_job :: MailChimp_WooCommerce_Single_Order starts in 90 seconds :: obj_id 24894
2023-06-21T19:47:18+00:00 NOTICE debug :: Order ID 24894 was pending and is now cancelled :: Array
(
    [new_order] => 
    [tracking] => 
)

2023-06-21T19:49:06+00:00 NOTICE order_submit :: #24892 has a financial status of cancelled and was skipped.
2023-06-21T19:49:07+00:00 NOTICE order_submit :: #24893 has a financial status of cancelled and was skipped.
2023-06-21T19:49:08+00:00 NOTICE order_submit :: #24894 has a financial status of cancelled and was skipped.
2023-06-21T20:40:11+00:00 NOTICE action_scheduler.queue_job :: MailChimp_WooCommerce_Cart_Update queued :: obj_id a010f3044ded04993cbe9f42457f22c1
2023-06-21T20:40:53+00:00 NOTICE abandoned_cart.success :: email: yeseniapuerta1@outlook.com :: checkout_url: https://naturalconexion.com/checkout/?mc_cart_id=a010f3044ded04993cbe9f42457f22c1
2023-06-21T20:40:54+00:00 NOTICE cart.member.updated :: Updated yeseniapuerta1@outlook.com subscriber status to transactional and language to es
2023-06-21T20:42:27+00:00 NOTICE action_scheduler.queue_job :: MailChimp_WooCommerce_Cart_Update queued :: obj_id a010f3044ded04993cbe9f42457f22c1
2023-06-21T20:43:38+00:00 NOTICE abandoned_cart.success :: email: yeseniapuerta1@outlook.com :: checkout_url: https://naturalconexion.com/checkout/?mc_cart_id=a010f3044ded04993cbe9f42457f22c1
2023-06-21T20:43:50+00:00 NOTICE action_scheduler.queue_job :: MailChimp_WooCommerce_Single_Order starts in 90 seconds :: obj_id 24897
2023-06-21T20:45:41+00:00 NOTICE order_submit :: #24897 has a financial status of pending and was skipped.
2023-06-21T20:46:17+00:00 NOTICE action_scheduler.queue_job :: MailChimp_WooCommerce_Single_Order starts in 90 seconds :: obj_id 24897
2023-06-21T20:46:20+00:00 NOTICE debug :: Order ID 24897 was pending and is now processing :: Array
(
    [new_order] => 1
    [tracking] => Array
        (
            [campaign_id] => 
            [landing_site] => https://naturalconexion.com/wc-api/siscredito_confirmation?transactionId=64936109066fce0001b5b35c&orderId=24897
        )

)

2023-06-21T20:47:29+00:00 NOTICE action_scheduler.queue_job :: MailChimp_WooCommerce_Single_Order starts in 90 seconds :: obj_id 24895
2023-06-21T20:47:29+00:00 NOTICE debug :: Order ID 24895 was pending and is now cancelled :: Array
(
    [new_order] => 
    [tracking] => 
)

2023-06-21T20:47:30+00:00 NOTICE action_scheduler.queue_job :: MailChimp_WooCommerce_Single_Order starts in 90 seconds :: obj_id 24896
2023-06-21T20:47:30+00:00 NOTICE debug :: Order ID 24896 was pending and is now cancelled :: Array
(
    [new_order] => 
    [tracking] => 
)

2023-06-21T20:47:53+00:00 NOTICE order.member.updated :: Updated Yeseniapuerta1@outlook.com subscriber status to transactional and language to 
2023-06-21T20:47:53+00:00 NOTICE order_submit.success :: addStoreOrder :: #24897 :: email: Yeseniapuerta1@outlook.com :: landing site https://naturalconexion.com/wc-api/siscredito_confirmation?transactionId=64936109066fce0001b5b35c&orderId=24897 :: abandoned cart deleted [a010f3044ded04993cbe9f42457f22c1]
2023-06-21T20:49:26+00:00 NOTICE order_submit :: #24895 has a financial status of cancelled and was skipped.
2023-06-21T20:49:28+00:00 NOTICE order_submit :: #24896 has a financial status of cancelled and was skipped.
2023-06-21T20:51:38+00:00 NOTICE action_scheduler.queue_job :: MailChimp_WooCommerce_Cart_Update queued :: obj_id a010f3044ded04993cbe9f42457f22c1
2023-06-21T20:51:52+00:00 NOTICE abandoned_cart.success :: email: yeseniapuerta1@outlook.com :: checkout_url: https://naturalconexion.com/checkout/?mc_cart_id=a010f3044ded04993cbe9f42457f22c1
2023-06-21T22:12:53+00:00 NOTICE action_scheduler.queue_job :: MailChimp_WooCommerce_User_Submit queued :: obj_id 2537
2023-06-21T22:13:00+00:00 NOTICE member.sync :: Subscribed Member sirfak@yandex.com :: Array
(
    [status_if_new] => 1
    [merge_fields] => Array
        (
        )

)

2023-06-21T22:38:57+00:00 NOTICE action_scheduler.queue_job :: MailChimp_WooCommerce_Single_Order starts in 90 seconds :: obj_id 24898
2023-06-21T22:40:30+00:00 NOTICE order_submit :: #24898 has a financial status of pending and was skipped.
2023-06-21T22:41:15+00:00 NOTICE action_scheduler.queue_job :: MailChimp_WooCommerce_Single_Order starts in 90 seconds :: obj_id 24898
2023-06-21T22:41:17+00:00 NOTICE debug :: Order ID 24898 was pending and is now processing :: Array
(
    [new_order] => 1
    [tracking] => Array
        (
            [campaign_id] => 
            [landing_site] => https://naturalconexion.com/wp-content/plugins/woocommerce-payu-latam/confirmation.php
        )

)

2023-06-21T22:42:54+00:00 NOTICE order.member.updated :: Updated ingryvilla@hotmail.com subscriber status to subscribed and language to 
2023-06-21T22:42:54+00:00 NOTICE order_submit.success :: addStoreOrder :: #24898 :: email: ingryvilla@hotmail.com :: landing site https://naturalconexion.com/wp-content/plugins/woocommerce-payu-latam/confirmation.php
2023-06-21T23:11:53+00:00 NOTICE action_scheduler.queue_job :: MailChimp_WooCommerce_Cart_Update queued :: obj_id 2ef61fb02ae9d3104e70503be313da54
2023-06-21T23:11:54+00:00 NOTICE abandoned_cart.success :: email: lina131994@gmail.com :: checkout_url: https://naturalconexion.com/checkout/?mc_cart_id=2ef61fb02ae9d3104e70503be313da54
2023-06-21T23:11:54+00:00 NOTICE cart.member.updated :: Updated lina131994@gmail.com subscriber status to transactional and language to es
