2023-09-15T00:40:48+00:00 NOTICE action_scheduler.queue_job :: MailChimp_WooCommerce_Cart_Update queued :: obj_id 8f856486d9f6f3feb1d3c30931a6c94b
2023-09-15T00:40:53+00:00 NOTICE abandoned_cart.success :: email: paorojas-1116@hotmail.com :: checkout_url: https://naturalconexion.com/checkout/?mc_cart_id=8f856486d9f6f3feb1d3c30931a6c94b
2023-09-15T00:40:54+00:00 NOTICE cart.member.updated :: Updated paorojas-1116@hotmail.com subscriber status to subscribed and language to es
2023-09-15T00:40:56+00:00 NOTICE action_scheduler.queue_job :: MailChimp_WooCommerce_Cart_Update queued :: obj_id 8f856486d9f6f3feb1d3c30931a6c94b
2023-09-15T00:41:25+00:00 NOTICE abandoned_cart.success :: email: paorojas-1116@hotmail.com :: checkout_url: https://naturalconexion.com/checkout/?mc_cart_id=8f856486d9f6f3feb1d3c30931a6c94b
2023-09-15T00:46:17+00:00 NOTICE action_scheduler.queue_job :: MailChimp_WooCommerce_Cart_Update queued :: obj_id 8f856486d9f6f3feb1d3c30931a6c94b
2023-09-15T00:46:19+00:00 NOTICE abandoned_cart.success :: email: paorojas-1116@hotmail.com :: checkout_url: https://naturalconexion.com/checkout/?mc_cart_id=8f856486d9f6f3feb1d3c30931a6c94b
2023-09-15T01:43:43+00:00 NOTICE action_scheduler.queue_job :: MailChimp_WooCommerce_Cart_Update queued :: obj_id 72e5b3a3094587dbc492d510522360ff
2023-09-15T01:43:58+00:00 NOTICE action_scheduler.queue_job :: MailChimp_WooCommerce_Cart_Update queued :: obj_id be5c5674ca41770e5eb889ce9fff4b45
2023-09-15T01:44:00+00:00 NOTICE action_scheduler.queue_job :: MailChimp_WooCommerce_Cart_Update queued :: obj_id 72e5b3a3094587dbc492d510522360ff
2023-09-15T01:44:00+00:00 NOTICE abandoned_cart.success :: email: natalia.osorio1987@gmail.com :: checkout_url: https://naturalconexion.com/checkout/?mc_cart_id=72e5b3a3094587dbc492d510522360ff
2023-09-15T01:44:00+00:00 NOTICE cart.member.updated :: Updated natalia.osorio1987@gmail.com subscriber status to transactional and language to es
2023-09-15T01:44:01+00:00 NOTICE abandoned_cart.success :: email: natalia.osorio1987@gmail.com :: checkout_url: https://naturalconexion.com/checkout/?mc_cart_id=72e5b3a3094587dbc492d510522360ff
2023-09-15T01:44:01+00:00 NOTICE abandoned_cart.success :: email: camilocuello56@gmail.com :: checkout_url: https://naturalconexion.com/checkout/?mc_cart_id=be5c5674ca41770e5eb889ce9fff4b45
2023-09-15T01:44:01+00:00 NOTICE cart.member.updated :: Updated camilocuello56@gmail.com subscriber status to transactional and language to es
2023-09-15T01:44:02+00:00 NOTICE action_scheduler.queue_job :: MailChimp_WooCommerce_Single_Order starts in 90 seconds :: obj_id 25605
2023-09-15T01:44:06+00:00 NOTICE debug :: Order ID 25605 was pending and is now processing :: Array
(
    [new_order] => 1
    [tracking] => Array
        (
            [campaign_id] => 
            [landing_site] => https://naturalconexion.com/product/crema-facial-confrey-y-pepino/?fbclid=IwAR3ihPR_-xuoDFjA_uyayfSa76UllooNz0EKdEj_HHg0uommyQ4KRL2OPRU_aem_AUQscy9lk2LWz_LuGSNxhBDHnPnBzoaHhgunW3IB8StyHi2U5ObGZoJu_XDsHC4DVW8Jb1zPTeiwZ6wlSOVrgrSW
        )

)

2023-09-15T01:45:24+00:00 NOTICE action_scheduler.queue_job :: MailChimp_WooCommerce_Single_Order starts in 90 seconds :: obj_id 25606
2023-09-15T01:47:31+00:00 NOTICE order.member.updated :: Updated Camilocuello56@gmail.com subscriber status to subscribed and language to es
2023-09-15T01:47:31+00:00 NOTICE order_submit.success :: addStoreOrder :: #25605 :: email: Camilocuello56@gmail.com :: landing site https://naturalconexion.com/product/crema-facial-confrey-y-pepino/?fbclid=IwAR3ihPR_-xuoDFjA_uyayfSa76UllooNz0EKdEj_HHg0uommyQ4KRL2OPRU_aem_AUQscy9lk2LWz_LuGSNxhBDHnPnBzoaHhgunW3IB8StyHi2U5ObGZoJu_XDsHC4DVW8Jb1zPTeiwZ6wlSOVrgrSW :: abandoned cart deleted [be5c5674ca41770e5eb889ce9fff4b45]
2023-09-15T01:47:31+00:00 NOTICE order_submit :: #25606 has a financial status of pending and was skipped.
2023-09-15T02:10:59+00:00 NOTICE action_scheduler.queue_job :: MailChimp_WooCommerce_Single_Order starts in 90 seconds :: obj_id 25606
2023-09-15T02:11:00+00:00 NOTICE debug :: Order ID 25606 was pending and is now failed :: Array
(
    [new_order] => 
    [tracking] => 
)

2023-09-15T02:54:51+00:00 NOTICE action_scheduler.queue_job :: MailChimp_WooCommerce_Single_Order starts in 90 seconds :: obj_id 25605
2023-09-15T02:54:53+00:00 NOTICE debug :: Order ID 25605 was processing and is now cancelled :: Array
(
    [new_order] => 
    [tracking] => 
)

2023-09-15T02:56:48+00:00 NOTICE order.member.updated :: Updated Camilocuello56@gmail.com subscriber status to subscribed and language to 
2023-09-15T02:56:48+00:00 NOTICE order_submit.success :: updateStoreOrder :: #25605 :: email: Camilocuello56@gmail.com
2023-09-15T06:49:10+00:00 NOTICE action_scheduler.queue_job :: MailChimp_WooCommerce_User_Submit queued :: obj_id 2654
2023-09-15T06:53:16+00:00 NOTICE member.sync :: bob345@posti8.site has signed up to a lot of lists very recently; we're not allowing more signups for now
2023-09-15T07:10:27+00:00 NOTICE action_scheduler.queue_job :: MailChimp_WooCommerce_User_Submit queued :: obj_id 2655
2023-09-15T07:11:27+00:00 NOTICE member.sync :: a.t.remezow@gmail.com has signed up to a lot of lists very recently; we're not allowing more signups for now
2023-09-15T12:08:40+00:00 NOTICE action_scheduler.queue_job :: MailChimp_WooCommerce_Cart_Update queued :: obj_id 72e5b3a3094587dbc492d510522360ff
2023-09-15T12:08:59+00:00 NOTICE abandoned_cart.success :: email: natalia.osorio1987@gmail.com :: checkout_url: https://naturalconexion.com/checkout/?mc_cart_id=72e5b3a3094587dbc492d510522360ff
2023-09-15T12:08:59+00:00 NOTICE cart.member.updated :: Updated natalia.osorio1987@gmail.com subscriber status to transactional and language to es
2023-09-15T12:09:06+00:00 NOTICE action_scheduler.queue_job :: MailChimp_WooCommerce_Single_Order starts in 90 seconds :: obj_id 25608
2023-09-15T12:11:26+00:00 NOTICE order_submit :: #25608 has a financial status of pending and was skipped.
2023-09-15T12:39:49+00:00 NOTICE action_scheduler.queue_job :: MailChimp_WooCommerce_Single_Product starts in 5 seconds :: obj_id 12504
2023-09-15T12:40:00+00:00 NOTICE product_submit.success :: updateStoreProduct :: #12504
2023-09-15T12:40:35+00:00 NOTICE action_scheduler.queue_job :: MailChimp_WooCommerce_Single_Product starts in 5 seconds :: obj_id 7687
2023-09-15T12:40:52+00:00 NOTICE product_submit.success :: updateStoreProduct :: #7687
2023-09-15T12:41:04+00:00 NOTICE action_scheduler.queue_job :: MailChimp_WooCommerce_Single_Product starts in 5 seconds :: obj_id 7680
2023-09-15T12:41:26+00:00 NOTICE action_scheduler.queue_job :: MailChimp_WooCommerce_Single_Product starts in 5 seconds :: obj_id 7618
2023-09-15T12:41:50+00:00 NOTICE action_scheduler.queue_job :: MailChimp_WooCommerce_Single_Product starts in 5 seconds :: obj_id 7575
2023-09-15T12:41:58+00:00 NOTICE product_submit.success :: updateStoreProduct :: #7680
2023-09-15T12:41:58+00:00 NOTICE product_submit.success :: updateStoreProduct :: #7618
2023-09-15T12:41:58+00:00 NOTICE product_submit.success :: updateStoreProduct :: #7575
2023-09-15T12:42:28+00:00 NOTICE action_scheduler.queue_job :: MailChimp_WooCommerce_Single_Product starts in 5 seconds :: obj_id 7485
2023-09-15T12:42:53+00:00 NOTICE product_submit.success :: updateStoreProduct :: #7485
2023-09-15T13:19:28+00:00 NOTICE action_scheduler.queue_job :: MailChimp_WooCommerce_Single_Order starts in 90 seconds :: obj_id 25608
2023-09-15T13:19:28+00:00 NOTICE debug :: Order ID 25608 was pending and is now cancelled :: Array
(
    [new_order] => 
    [tracking] => 
)

2023-09-15T13:21:20+00:00 NOTICE order_submit :: #25608 has a financial status of cancelled and was skipped.
2023-09-15T14:50:05+00:00 NOTICE action_scheduler.queue_job :: MailChimp_WooCommerce_Cart_Update queued :: obj_id b5d3d5edf3d9840abfaf4b84c2f30120
2023-09-15T14:50:08+00:00 NOTICE abandoned_cart.success :: email: angeroav@gmail.com :: checkout_url: https://naturalconexion.com/checkout/?mc_cart_id=b5d3d5edf3d9840abfaf4b84c2f30120
2023-09-15T14:50:08+00:00 NOTICE action_scheduler.queue_job :: MailChimp_WooCommerce_Single_Order starts in 90 seconds :: obj_id 25598
2023-09-15T14:50:08+00:00 NOTICE cart.member.updated :: Updated angeroav@gmail.com subscriber status to subscribed and language to es
2023-09-15T14:50:09+00:00 NOTICE debug :: Order ID 25598 was processing and is now completed :: Array
(
    [new_order] => 
    [tracking] => 
)

2023-09-15T14:50:09+00:00 NOTICE action_scheduler.queue_job :: MailChimp_WooCommerce_Single_Order starts in 90 seconds :: obj_id 25600
2023-09-15T14:50:11+00:00 NOTICE debug :: Order ID 25600 was processing and is now completed :: Array
(
    [new_order] => 
    [tracking] => 
)

2023-09-15T14:50:11+00:00 NOTICE action_scheduler.queue_job :: MailChimp_WooCommerce_Single_Order starts in 90 seconds :: obj_id 25601
2023-09-15T14:50:11+00:00 NOTICE action_scheduler.queue_job :: MailChimp_WooCommerce_Single_Order starts in 90 seconds :: obj_id 25609
2023-09-15T14:50:12+00:00 NOTICE debug :: Order ID 25601 was processing and is now completed :: Array
(
    [new_order] => 
    [tracking] => 
)

2023-09-15T14:50:12+00:00 NOTICE action_scheduler.queue_job :: MailChimp_WooCommerce_Single_Order starts in 90 seconds :: obj_id 25602
2023-09-15T14:50:13+00:00 NOTICE debug :: Order ID 25602 was processing and is now completed :: Array
(
    [new_order] => 
    [tracking] => 
)

2023-09-15T14:50:13+00:00 NOTICE action_scheduler.queue_job :: MailChimp_WooCommerce_Single_Order starts in 90 seconds :: obj_id 25603
2023-09-15T14:50:14+00:00 NOTICE debug :: Order ID 25603 was processing and is now completed :: Array
(
    [new_order] => 
    [tracking] => 
)

2023-09-15T14:50:14+00:00 NOTICE action_scheduler.queue_job :: MailChimp_WooCommerce_Single_Order starts in 90 seconds :: obj_id 25604
2023-09-15T14:50:16+00:00 NOTICE debug :: Order ID 25604 was processing and is now completed :: Array
(
    [new_order] => 
    [tracking] => 
)

2023-09-15T14:53:02+00:00 NOTICE debug :: Order ID 25609 was pending and is now processing :: Array
(
    [new_order] => 1
    [tracking] => Array
        (
            [campaign_id] => 
            [landing_site] => https://naturalconexion.com/wp-content/plugins/woocommerce-payu-latam/confirmation.php
        )

)

2023-09-15T14:53:02+00:00 NOTICE order.member.updated :: Updated madyarelis80@live.com subscriber status to subscribed and language to 
2023-09-15T14:53:02+00:00 NOTICE order_submit.success :: updateStoreOrder :: #25598 :: email: madyarelis80@live.com
2023-09-15T14:53:04+00:00 NOTICE order.member.updated :: Updated tskatherine.bm@gmail.com subscriber status to subscribed and language to 
2023-09-15T14:53:04+00:00 NOTICE order_submit.success :: updateStoreOrder :: #25600 :: email: tskatherine.bm@gmail.com
2023-09-15T14:53:07+00:00 NOTICE order.member.updated :: Updated dianasofi@unicauca.edu.co subscriber status to subscribed and language to 
2023-09-15T14:53:07+00:00 NOTICE order_submit.success :: updateStoreOrder :: #25601 :: email: dianasofi@unicauca.edu.co
2023-09-15T14:53:09+00:00 NOTICE order.member.updated :: Updated jous32@gmail.com subscriber status to transactional and language to 
2023-09-15T14:53:09+00:00 NOTICE order_submit.success :: updateStoreOrder :: #25602 :: email: jous32@gmail.com
2023-09-15T14:53:11+00:00 NOTICE order.member.updated :: Updated valentina.restrepoalva@gmail.com subscriber status to subscribed and language to 
2023-09-15T14:53:11+00:00 NOTICE order_submit.success :: updateStoreOrder :: #25603 :: email: valentina.restrepoalva@gmail.com
2023-09-15T14:53:13+00:00 NOTICE order.member.updated :: Updated silvanacor26@gmail.com subscriber status to subscribed and language to 
2023-09-15T14:53:13+00:00 NOTICE order_submit.success :: updateStoreOrder :: #25604 :: email: silvanacor26@gmail.com
2023-09-15T14:55:20+00:00 NOTICE order.member.updated :: Updated angeroav@gmail.com subscriber status to subscribed and language to es
2023-09-15T14:55:20+00:00 NOTICE order_submit.success :: addStoreOrder :: #25609 :: email: angeroav@gmail.com :: landing site https://naturalconexion.com/tienda/?utm_source=google&utm_medium=cpc&utm_campaign=marca&gclid=CjwKCAjwgZCoBhBnEiwAz35Rwiy_lW3lYLA2tj7OkE7ImboVybEM2SQkvdeteFg4cuudytW12igkCxoCz1EQAvD_BwE :: abandoned cart deleted [b5d3d5edf3d9840abfaf4b84c2f30120]
2023-09-15T16:05:44+00:00 NOTICE action_scheduler.queue_job :: MailChimp_WooCommerce_Cart_Update queued :: obj_id 8f856486d9f6f3feb1d3c30931a6c94b
2023-09-15T16:05:47+00:00 NOTICE abandoned_cart.success :: email: paorojas-1116@hotmail.com :: checkout_url: https://naturalconexion.com/checkout/?mc_cart_id=8f856486d9f6f3feb1d3c30931a6c94b
2023-09-15T16:05:48+00:00 NOTICE cart.member.updated :: Updated paorojas-1116@hotmail.com subscriber status to subscribed and language to es
2023-09-15T16:05:55+00:00 NOTICE action_scheduler.queue_job :: MailChimp_WooCommerce_Single_Order starts in 90 seconds :: obj_id 25610
2023-09-15T16:08:15+00:00 NOTICE debug :: Order ID 25610 was pending and is now processing :: Array
(
    [new_order] => 1
    [tracking] => Array
        (
            [campaign_id] => 
            [landing_site] => https://naturalconexion.com/wp-content/plugins/woocommerce-payu-latam/confirmation.php
        )

)

2023-09-15T16:10:04+00:00 NOTICE order.member.updated :: Updated paorojas-1116@hotmail.com subscriber status to subscribed and language to es
2023-09-15T16:10:04+00:00 NOTICE order_submit.success :: addStoreOrder :: #25610 :: email: paorojas-1116@hotmail.com :: landing site https://naturalconexion.com/my-account/lost-password/?show-reset-form=true&action :: abandoned cart deleted [8f856486d9f6f3feb1d3c30931a6c94b]
