2023-04-15T00:52:18+00:00 NOTICE action_scheduler.queue_job :: MailChimp_WooCommerce_Cart_Update queued :: obj_id 20725012167f433cd5c8904fc887f2ec
2023-04-15T00:53:11+00:00 NOTICE abandoned_cart.success :: email: sara15hd@gmail.com :: checkout_url: https://naturalconexion.com/checkout/?mc_cart_id=20725012167f433cd5c8904fc887f2ec
2023-04-15T00:53:11+00:00 NOTICE cart.member.updated :: Updated sara15hd@gmail.com subscriber status to transactional and language to es
2023-04-15T11:11:17+00:00 NOTICE action_scheduler.queue_job :: MailChimp_WooCommerce_Cart_Update queued :: obj_id 7f17f161b804092dd891146891177807
2023-04-15T11:11:17+00:00 NOTICE action_scheduler.queue_job :: MailChimp_WooCommerce_Single_Order starts in 90 seconds :: obj_id 24007
2023-04-15T11:12:20+00:00 NOTICE abandoned_cart.success :: email: lmvelasquezq@unal.edu.co :: checkout_url: https://naturalconexion.com/checkout/?mc_cart_id=7f17f161b804092dd891146891177807
2023-04-15T11:12:20+00:00 NOTICE cart.member.updated :: Updated lmvelasquezq@unal.edu.co subscriber status to unsubscribed and language to es
2023-04-15T11:12:49+00:00 NOTICE order_submit :: #24007 has a financial status of pending and was skipped.
2023-04-15T11:13:36+00:00 NOTICE action_scheduler.queue_job :: MailChimp_WooCommerce_Single_Order starts in 90 seconds :: obj_id 24007
2023-04-15T11:13:39+00:00 NOTICE debug :: Order ID 24007 was pending and is now processing :: Array
(
    [new_order] => 1
    [tracking] => Array
        (
            [campaign_id] => 
            [landing_site] => https://naturalconexion.com/wp-content/plugins/woocommerce-payu-latam/confirmation.php
        )

)

2023-04-15T11:15:39+00:00 NOTICE api :: Lmvelasquezq@unal.edu.co was in compliance state, sending the double opt in message
2023-04-15T11:15:39+00:00 NOTICE order.member.updated :: Updated Lmvelasquezq@unal.edu.co subscriber status to pending and language to 
2023-04-15T11:15:39+00:00 NOTICE order_submit.success :: addStoreOrder :: #24007 :: email: Lmvelasquezq@unal.edu.co :: landing site https://naturalconexion.com/wp-content/plugins/woocommerce-payu-latam/confirmation.php :: abandoned cart deleted [7f17f161b804092dd891146891177807]
2023-04-15T13:48:19+00:00 NOTICE action_scheduler.queue_job :: MailChimp_WooCommerce_Single_Order starts in 90 seconds :: obj_id 24008
2023-04-15T13:49:54+00:00 NOTICE order_submit :: #24008 has a financial status of pending and was skipped.
2023-04-15T13:51:33+00:00 NOTICE action_scheduler.queue_job :: MailChimp_WooCommerce_Single_Order starts in 90 seconds :: obj_id 24008
2023-04-15T13:51:36+00:00 NOTICE debug :: Order ID 24008 was pending and is now processing :: Array
(
    [new_order] => 1
    [tracking] => Array
        (
            [campaign_id] => 
            [landing_site] => https://naturalconexion.com/wp-content/plugins/woocommerce-payu-latam/confirmation.php
        )

)

2023-04-15T13:53:06+00:00 NOTICE order.member.updated :: Updated adrisa-2007@hotmail.com subscriber status to subscribed and language to 
2023-04-15T13:53:06+00:00 NOTICE order_submit.success :: addStoreOrder :: #24008 :: email: adrisa-2007@hotmail.com :: landing site https://naturalconexion.com/wp-content/plugins/woocommerce-payu-latam/confirmation.php
2023-04-15T17:04:46+00:00 NOTICE action_scheduler.queue_job :: MailChimp_WooCommerce_Cart_Update queued :: obj_id de68b775395264714976108f79194012
2023-04-15T17:05:15+00:00 NOTICE abandoned_cart.success :: email: mhiguita17@gmail.com :: checkout_url: https://naturalconexion.com/checkout/?mc_cart_id=de68b775395264714976108f79194012
2023-04-15T17:05:15+00:00 NOTICE cart.member.updated :: Updated mhiguita17@gmail.com subscriber status to transactional and language to es
2023-04-15T21:02:17+00:00 NOTICE action_scheduler.queue_job :: MailChimp_WooCommerce_Cart_Update queued :: obj_id 4ee604c168a1b309eb95a96df3e1baf4
2023-04-15T21:02:19+00:00 NOTICE abandoned_cart.success :: email: laura-rj@hotmail.com :: checkout_url: https://naturalconexion.com/checkout/?mc_cart_id=4ee604c168a1b309eb95a96df3e1baf4
2023-04-15T21:02:19+00:00 NOTICE cart.member.updated :: Updated laura-rj@hotmail.com subscriber status to subscribed and language to es
2023-04-15T21:05:49+00:00 NOTICE action_scheduler.queue_job :: MailChimp_WooCommerce_Single_Order starts in 90 seconds :: obj_id 24009
2023-04-15T21:05:53+00:00 NOTICE debug :: Order ID 24009 was pending and is now processing :: Array
(
    [new_order] => 1
    [tracking] => Array
        (
            [campaign_id] => 
            [landing_site] => https://naturalconexion.com/politicas-de-privacidad/
        )

)

2023-04-15T21:08:11+00:00 NOTICE order.member.updated :: Updated laura-rj@hotmail.com subscriber status to subscribed and language to es
2023-04-15T21:08:11+00:00 NOTICE order_submit.success :: addStoreOrder :: #24009 :: email: laura-rj@hotmail.com :: landing site https://naturalconexion.com/politicas-de-privacidad/ :: abandoned cart deleted [4ee604c168a1b309eb95a96df3e1baf4]
2023-04-15T22:30:52+00:00 NOTICE action_scheduler.queue_job :: MailChimp_WooCommerce_Cart_Update queued :: obj_id e07f7af3b5dd0cfb7eead4bbcdc906ea
2023-04-15T22:31:27+00:00 NOTICE abandoned_cart.success :: email: matilda589@gmail.com :: checkout_url: https://naturalconexion.com/checkout/?mc_cart_id=e07f7af3b5dd0cfb7eead4bbcdc906ea
2023-04-15T22:31:27+00:00 NOTICE cart.member.updated :: Updated matilda589@gmail.com subscriber status to subscribed and language to es
2023-04-15T22:31:51+00:00 NOTICE action_scheduler.queue_job :: MailChimp_WooCommerce_Single_Order starts in 90 seconds :: obj_id 24010
2023-04-15T22:33:33+00:00 NOTICE debug :: Order ID 24010 was pending and is now processing :: Array
(
    [new_order] => 1
    [tracking] => Array
        (
            [campaign_id] => 
            [landing_site] => https://naturalconexion.com/?wc-api=wc_addi_gateway
        )

)

2023-04-15T22:35:18+00:00 NOTICE order.member.updated :: Updated matilda589@gmail.com subscriber status to subscribed and language to es
2023-04-15T22:35:18+00:00 NOTICE order_submit.success :: addStoreOrder :: #24010 :: email: matilda589@gmail.com :: landing site https://naturalconexion.com/?gclid=EAIaIQobChMI5o_Mwu6s_gIVEh2zAB3EDQrKEAAYASAAEgI64fD_BwE :: abandoned cart deleted [e07f7af3b5dd0cfb7eead4bbcdc906ea]
