2023-09-03T00:39:41+00:00 NOTICE action_scheduler.queue_job :: MailChimp_WooCommerce_Cart_Update queued :: obj_id 5b71650bb01aed6c21a0bef6cb440f3e
2023-09-03T00:40:12+00:00 NOTICE abandoned_cart.success :: email: mary-m-30@hotmail.com :: checkout_url: https://naturalconexion.com/checkout/?mc_cart_id=5b71650bb01aed6c21a0bef6cb440f3e
2023-09-03T00:40:12+00:00 NOTICE cart.member.updated :: Updated mary-m-30@hotmail.com subscriber status to subscribed and language to es
2023-09-03T00:40:20+00:00 NOTICE action_scheduler.queue_job :: MailChimp_WooCommerce_Single_Order starts in 90 seconds :: obj_id 25492
2023-09-03T00:42:07+00:00 NOTICE debug :: Order ID 25492 was pending and is now processing :: Array
(
    [new_order] => 1
    [tracking] => Array
        (
            [campaign_id] => 
            [landing_site] => https://naturalconexion.com/?wc-api=wc_addi_gateway
        )

)

2023-09-03T00:45:59+00:00 NOTICE order.member.updated :: Updated mary-m-30@hotmail.com subscriber status to subscribed and language to es
2023-09-03T00:45:59+00:00 NOTICE order_submit.success :: addStoreOrder :: #25492 :: email: mary-m-30@hotmail.com :: landing site https://naturalconexion.com/ :: abandoned cart deleted [5b71650bb01aed6c21a0bef6cb440f3e]
2023-09-03T03:57:59+00:00 NOTICE action_scheduler.queue_job :: MailChimp_WooCommerce_User_Submit queued :: obj_id 2635
2023-09-03T03:58:05+00:00 NOTICE member.sync :: Subscribed Member kat-service56ru@yandex.ua :: Array
(
    [status_if_new] => 1
    [merge_fields] => Array
        (
        )

)

2023-09-03T05:10:07+00:00 NOTICE action_scheduler.queue_job :: MailChimp_WooCommerce_Cart_Update queued :: obj_id 2c51e37ebcc2de1cc93a0ced1a1c0d2c
2023-09-03T05:10:08+00:00 NOTICE action_scheduler.queue_job :: MailChimp_WooCommerce_Cart_Update queued :: obj_id 2c51e37ebcc2de1cc93a0ced1a1c0d2c
2023-09-03T05:10:10+00:00 NOTICE abandoned_cart.success :: email: mlperalta1993@gmail.com :: checkout_url: https://naturalconexion.com/checkout/?mc_cart_id=2c51e37ebcc2de1cc93a0ced1a1c0d2c
2023-09-03T05:10:10+00:00 ERROR abandoned_cart.error :: email: mlperalta1993@gmail.com :: attempting product update :: A cart with the provided ID already exists in the account.
2023-09-03T05:10:10+00:00 NOTICE cart.member.updated :: Updated mlperalta1993@gmail.com subscriber status to transactional and language to es
2023-09-03T05:10:10+00:00 ERROR abandoned_cart.error :: Error Code 400 :: A cart with the provided ID already exists in the account. on 2447 in /home/forge/naturalconexion.com/wp-content/plugins/mailchimp-for-woocommerce/includes/api/class-mailchimp-api.php
2023-09-03T05:11:13+00:00 NOTICE action_scheduler.queue_job :: MailChimp_WooCommerce_Single_Order starts in 90 seconds :: obj_id 25493
2023-09-03T05:13:14+00:00 NOTICE order_submit :: #25493 has a financial status of pending and was skipped.
2023-09-03T07:05:37+00:00 NOTICE action_scheduler.queue_job :: MailChimp_WooCommerce_Single_Order starts in 90 seconds :: obj_id 25493
2023-09-03T07:05:39+00:00 NOTICE debug :: Order ID 25493 was pending and is now failed :: Array
(
    [new_order] => 
    [tracking] => 
)

2023-09-03T15:40:48+00:00 NOTICE action_scheduler.queue_job :: MailChimp_WooCommerce_Cart_Update queued :: obj_id 3f0895bce3012217931710d2a6aee660
2023-09-03T15:41:03+00:00 NOTICE abandoned_cart.success :: email: ayram.lpzg@gmail.com :: checkout_url: https://naturalconexion.com/checkout/?mc_cart_id=3f0895bce3012217931710d2a6aee660
2023-09-03T15:41:03+00:00 NOTICE cart.member.updated :: Updated ayram.lpzg@gmail.com subscriber status to transactional and language to es
2023-09-03T15:41:09+00:00 NOTICE action_scheduler.queue_job :: MailChimp_WooCommerce_Single_Order starts in 90 seconds :: obj_id 25494
2023-09-03T15:44:09+00:00 NOTICE debug :: Order ID 25494 was pending and is now processing :: Array
(
    [new_order] => 1
    [tracking] => Array
        (
            [campaign_id] => 
            [landing_site] => https://naturalconexion.com/wp-content/plugins/woocommerce-payu-latam/confirmation.php
        )

)

2023-09-03T15:46:38+00:00 NOTICE order.member.updated :: Updated Ayram.lpzg@gmail.com subscriber status to transactional and language to es
2023-09-03T15:46:38+00:00 NOTICE order_submit.success :: addStoreOrder :: #25494 :: email: Ayram.lpzg@gmail.com :: landing site https://naturalconexion.com/ :: abandoned cart deleted [3f0895bce3012217931710d2a6aee660]
2023-09-03T16:37:31+00:00 NOTICE action_scheduler.queue_job :: MailChimp_WooCommerce_Cart_Update queued :: obj_id 2c51e37ebcc2de1cc93a0ced1a1c0d2c
2023-09-03T16:39:05+00:00 NOTICE abandoned_cart.success :: email: mlperalta1993@gmail.com :: checkout_url: https://naturalconexion.com/checkout/?mc_cart_id=2c51e37ebcc2de1cc93a0ced1a1c0d2c
2023-09-03T16:39:06+00:00 NOTICE cart.member.updated :: Updated mlperalta1993@gmail.com subscriber status to transactional and language to es
2023-09-03T16:40:35+00:00 NOTICE action_scheduler.queue_job :: MailChimp_WooCommerce_Cart_Update queued :: obj_id 2c51e37ebcc2de1cc93a0ced1a1c0d2c
2023-09-03T16:40:53+00:00 NOTICE abandoned_cart.success :: email: mlperalta1993@gmail.com :: checkout_url: https://naturalconexion.com/checkout/?mc_cart_id=2c51e37ebcc2de1cc93a0ced1a1c0d2c
2023-09-03T16:41:01+00:00 NOTICE action_scheduler.queue_job :: MailChimp_WooCommerce_Cart_Update queued :: obj_id 2c51e37ebcc2de1cc93a0ced1a1c0d2c
2023-09-03T16:41:14+00:00 NOTICE abandoned_cart.success :: email: mlperalta1993@gmail.com :: checkout_url: https://naturalconexion.com/checkout/?mc_cart_id=2c51e37ebcc2de1cc93a0ced1a1c0d2c
2023-09-03T16:42:39+00:00 NOTICE action_scheduler.queue_job :: MailChimp_WooCommerce_Cart_Update queued :: obj_id 2c51e37ebcc2de1cc93a0ced1a1c0d2c
2023-09-03T16:42:57+00:00 NOTICE action_scheduler.queue_job :: MailChimp_WooCommerce_Single_Order starts in 90 seconds :: obj_id 25495
2023-09-03T16:42:58+00:00 NOTICE abandoned_cart.success :: email: mlperalta1993@gmail.com :: checkout_url: https://naturalconexion.com/checkout/?mc_cart_id=2c51e37ebcc2de1cc93a0ced1a1c0d2c
2023-09-03T16:45:01+00:00 NOTICE order_submit :: #25495 has a financial status of pending and was skipped.
2023-09-03T18:15:22+00:00 NOTICE action_scheduler.queue_job :: MailChimp_WooCommerce_Single_Order starts in 90 seconds :: obj_id 25495
2023-09-03T18:15:25+00:00 NOTICE debug :: Order ID 25495 was pending and is now processing :: Array
(
    [new_order] => 1
    [tracking] => Array
        (
            [campaign_id] => 
            [landing_site] => https://naturalconexion.com/wp-content/plugins/woocommerce-payu-latam/confirmation.php
        )

)

2023-09-03T18:17:40+00:00 NOTICE order.member.updated :: Updated mlperalta1993@gmail.com subscriber status to subscribed and language to 
2023-09-03T18:17:40+00:00 NOTICE order_submit.success :: addStoreOrder :: #25495 :: email: mlperalta1993@gmail.com :: landing site https://naturalconexion.com/wp-content/plugins/woocommerce-payu-latam/confirmation.php :: abandoned cart deleted [2c51e37ebcc2de1cc93a0ced1a1c0d2c]
2023-09-03T22:14:04+00:00 NOTICE action_scheduler.queue_job :: MailChimp_WooCommerce_Cart_Update queued :: obj_id 672929f4007e486d3189723e719eb400
2023-09-03T22:14:08+00:00 NOTICE abandoned_cart.success :: email: angiebeltran258@gmail.com :: checkout_url: https://naturalconexion.com/checkout/?mc_cart_id=672929f4007e486d3189723e719eb400
2023-09-03T22:14:08+00:00 NOTICE cart.member.updated :: Updated angiebeltran258@gmail.com subscriber status to subscribed and language to es
2023-09-03T22:16:31+00:00 NOTICE action_scheduler.queue_job :: MailChimp_WooCommerce_Cart_Update queued :: obj_id 672929f4007e486d3189723e719eb400
2023-09-03T22:16:33+00:00 NOTICE abandoned_cart.success :: email: angiebeltran258@gmail.com :: checkout_url: https://naturalconexion.com/checkout/?mc_cart_id=672929f4007e486d3189723e719eb400
2023-09-03T22:17:06+00:00 NOTICE action_scheduler.queue_job :: MailChimp_WooCommerce_Single_Order starts in 90 seconds :: obj_id 25497
2023-09-03T22:18:45+00:00 NOTICE order_submit :: #25497 has a financial status of pending and was skipped.
2023-09-03T22:19:58+00:00 NOTICE action_scheduler.queue_job :: MailChimp_WooCommerce_Single_Order starts in 90 seconds :: obj_id 25497
2023-09-03T22:20:02+00:00 NOTICE debug :: Order ID 25497 was pending and is now processing :: Array
(
    [new_order] => 1
    [tracking] => Array
        (
            [campaign_id] => 
            [landing_site] => https://naturalconexion.com/wp-content/plugins/woocommerce-payu-latam/confirmation.php
        )

)

2023-09-03T22:21:32+00:00 NOTICE order.member.updated :: Updated angiebeltran258@gmail.com subscriber status to subscribed and language to 
2023-09-03T22:21:32+00:00 NOTICE order_submit.success :: addStoreOrder :: #25497 :: email: angiebeltran258@gmail.com :: landing site https://naturalconexion.com/wp-content/plugins/woocommerce-payu-latam/confirmation.php :: abandoned cart deleted [672929f4007e486d3189723e719eb400]
