2023-06-05T00:04:17+00:00 NOTICE action_scheduler.queue_job :: MailChimp_WooCommerce_Cart_Update queued :: obj_id a2a7f70e93db0b28804fa35efae8208a
2023-06-05T00:05:33+00:00 NOTICE abandoned_cart.success :: email: andrescale07@gmail.com :: checkout_url: https://naturalconexion.com/checkout/?mc_cart_id=a2a7f70e93db0b28804fa35efae8208a
2023-06-05T00:05:34+00:00 NOTICE cart.member.updated :: Updated andrescale07@gmail.com subscriber status to subscribed and language to es
2023-06-05T03:55:55+00:00 NOTICE action_scheduler.queue_job :: MailChimp_WooCommerce_Cart_Update queued :: obj_id 2d1e91f11516b73307674109693a1f8c
2023-06-05T03:55:59+00:00 NOTICE abandoned_cart.success :: email: carohm20@gmail.com :: checkout_url: https://naturalconexion.com/checkout/?mc_cart_id=2d1e91f11516b73307674109693a1f8c
2023-06-05T03:55:59+00:00 NOTICE cart.member.updated :: Updated carohm20@gmail.com subscriber status to unsubscribed and language to es
2023-06-05T03:57:07+00:00 NOTICE action_scheduler.queue_job :: MailChimp_WooCommerce_Single_Order starts in 90 seconds :: obj_id 24572
2023-06-05T03:59:29+00:00 NOTICE debug :: Order ID 24572 was pending and is now processing :: Array
(
    [new_order] => 1
    [tracking] => Array
        (
            [campaign_id] => 
            [landing_site] => https://naturalconexion.com/wp-content/plugins/woocommerce-payu-latam/confirmation.php
        )

)

2023-06-05T04:01:11+00:00 NOTICE order.member.updated :: Updated Carohm20@gmail.com subscriber status to transactional and language to es
2023-06-05T04:01:11+00:00 NOTICE order_submit.success :: addStoreOrder :: #24572 :: email: Carohm20@gmail.com :: landing site https://naturalconexion.com/ :: abandoned cart deleted [2d1e91f11516b73307674109693a1f8c]
2023-06-05T11:36:31+00:00 NOTICE action_scheduler.queue_job :: MailChimp_WooCommerce_Cart_Update queued :: obj_id edf30091a3c99f7b1d60f49511c0b1c2
2023-06-05T11:36:32+00:00 NOTICE abandoned_cart.success :: email: jadriayala@gmail.com :: checkout_url: https://naturalconexion.com/checkout/?mc_cart_id=edf30091a3c99f7b1d60f49511c0b1c2
2023-06-05T11:36:33+00:00 NOTICE cart.member.updated :: Updated jadriayala@gmail.com subscriber status to transactional and language to es
2023-06-05T11:37:35+00:00 NOTICE action_scheduler.queue_job :: MailChimp_WooCommerce_Single_Order starts in 90 seconds :: obj_id 24573
2023-06-05T11:40:08+00:00 NOTICE order_submit :: #24573 has a financial status of pending and was skipped.
2023-06-05T12:02:06+00:00 NOTICE action_scheduler.queue_job :: MailChimp_WooCommerce_Single_Order starts in 90 seconds :: obj_id 24573
2023-06-05T12:02:08+00:00 NOTICE debug :: Order ID 24573 was pending and is now failed :: Array
(
    [new_order] => 
    [tracking] => 
)

2023-06-05T12:51:37+00:00 NOTICE action_scheduler.queue_job :: MailChimp_WooCommerce_Cart_Update queued :: obj_id edf30091a3c99f7b1d60f49511c0b1c2
2023-06-05T12:51:44+00:00 NOTICE action_scheduler.queue_job :: MailChimp_WooCommerce_User_Submit queued :: obj_id 2511
2023-06-05T12:51:47+00:00 NOTICE action_scheduler.queue_job :: MailChimp_WooCommerce_Single_Order starts in 90 seconds :: obj_id 24574
2023-06-05T12:51:55+00:00 NOTICE abandoned_cart.success :: email: jadriayala@gmail.com :: checkout_url: https://naturalconexion.com/checkout/?mc_cart_id=edf30091a3c99f7b1d60f49511c0b1c2
2023-06-05T12:51:56+00:00 NOTICE cart.member.updated :: Updated jadriayala@gmail.com subscriber status to transactional and language to es
2023-06-05T12:51:56+00:00 NOTICE member.sync :: Updated Member JADRIAYALA@GMAIL.COM :: Array
(
    [previous_status] => transactional
    [status] => 1
    [language] => 
    [merge_fields] => Array
        (
            [FNAME] => ADRIANA
            [LNAME] => AYALA
        )

    [gdpr_fields] => 
)

2023-06-05T12:53:17+00:00 NOTICE debug :: Order ID 24574 was pending and is now processing :: Array
(
    [new_order] => 1
    [tracking] => Array
        (
            [campaign_id] => 
            [landing_site] => https://naturalconexion.com/wp-content/plugins/woocommerce-payu-latam/confirmation.php
        )

)

2023-06-05T12:54:55+00:00 NOTICE order.member.updated :: Updated JADRIAYALA@GMAIL.COM subscriber status to subscribed and language to es
2023-06-05T12:54:55+00:00 NOTICE order_submit.success :: addStoreOrder :: #24574 :: email: JADRIAYALA@GMAIL.COM :: landing site https://naturalconexion.com/product/protector-solar-con-extractos-botanicos-spf-50-todo-tipo-de-piel-80-ml/?gclid=EAIaIQobChMIjub1lpSs_wIV0teGCh2MwwDbEAMYAiAAEgI7zvD_BwE :: abandoned cart deleted [edf30091a3c99f7b1d60f49511c0b1c2]
2023-06-05T13:18:48+00:00 NOTICE action_scheduler.queue_job :: MailChimp_WooCommerce_Single_Order starts in 90 seconds :: obj_id 24541
2023-06-05T13:18:50+00:00 NOTICE debug :: Order ID 24541 was processing and is now completed :: Array
(
    [new_order] => 
    [tracking] => 
)

2023-06-05T13:18:50+00:00 NOTICE action_scheduler.queue_job :: MailChimp_WooCommerce_Single_Order starts in 90 seconds :: obj_id 24543
2023-06-05T13:18:51+00:00 NOTICE debug :: Order ID 24543 was processing and is now completed :: Array
(
    [new_order] => 
    [tracking] => 
)

2023-06-05T13:18:51+00:00 NOTICE action_scheduler.queue_job :: MailChimp_WooCommerce_Single_Order starts in 90 seconds :: obj_id 24544
2023-06-05T13:18:52+00:00 NOTICE debug :: Order ID 24544 was processing and is now completed :: Array
(
    [new_order] => 
    [tracking] => 
)

2023-06-05T13:18:52+00:00 NOTICE action_scheduler.queue_job :: MailChimp_WooCommerce_Single_Order starts in 90 seconds :: obj_id 24547
2023-06-05T13:18:53+00:00 NOTICE debug :: Order ID 24547 was processing and is now completed :: Array
(
    [new_order] => 
    [tracking] => 
)

2023-06-05T13:18:53+00:00 NOTICE action_scheduler.queue_job :: MailChimp_WooCommerce_Single_Order starts in 90 seconds :: obj_id 24564
2023-06-05T13:18:54+00:00 NOTICE debug :: Order ID 24564 was processing and is now completed :: Array
(
    [new_order] => 
    [tracking] => 
)

2023-06-05T13:18:54+00:00 NOTICE action_scheduler.queue_job :: MailChimp_WooCommerce_Single_Order starts in 90 seconds :: obj_id 24565
2023-06-05T13:18:55+00:00 NOTICE debug :: Order ID 24565 was processing and is now completed :: Array
(
    [new_order] => 
    [tracking] => 
)

2023-06-05T13:18:55+00:00 NOTICE action_scheduler.queue_job :: MailChimp_WooCommerce_Single_Order starts in 90 seconds :: obj_id 24567
2023-06-05T13:18:56+00:00 NOTICE debug :: Order ID 24567 was processing and is now completed :: Array
(
    [new_order] => 
    [tracking] => 
)

2023-06-05T13:18:56+00:00 NOTICE action_scheduler.queue_job :: MailChimp_WooCommerce_Single_Order starts in 90 seconds :: obj_id 24568
2023-06-05T13:18:58+00:00 NOTICE debug :: Order ID 24568 was processing and is now completed :: Array
(
    [new_order] => 
    [tracking] => 
)

2023-06-05T13:18:58+00:00 NOTICE action_scheduler.queue_job :: MailChimp_WooCommerce_Single_Order starts in 90 seconds :: obj_id 24569
2023-06-05T13:18:59+00:00 NOTICE debug :: Order ID 24569 was processing and is now completed :: Array
(
    [new_order] => 
    [tracking] => 
)

2023-06-05T13:21:16+00:00 NOTICE order.member.updated :: Updated angelica_zuleta@hotmail.com subscriber status to subscribed and language to 
2023-06-05T13:21:16+00:00 NOTICE order_submit.success :: updateStoreOrder :: #24541 :: email: angelica_zuleta@hotmail.com
2023-06-05T13:21:18+00:00 NOTICE order.member.updated :: Updated kaos1703@hotmail.com subscriber status to subscribed and language to 
2023-06-05T13:21:18+00:00 NOTICE order_submit.success :: updateStoreOrder :: #24543 :: email: kaos1703@hotmail.com
2023-06-05T13:21:22+00:00 NOTICE order.member.updated :: Updated carolinaalzate9@hotmail.com subscriber status to transactional and language to 
2023-06-05T13:21:22+00:00 NOTICE order_submit.success :: updateStoreOrder :: #24544 :: email: carolinaalzate9@hotmail.com
2023-06-05T13:21:25+00:00 NOTICE order.member.updated :: Updated julianagiraldotorres@gmail.com subscriber status to transactional and language to 
2023-06-05T13:21:25+00:00 NOTICE order_submit.success :: updateStoreOrder :: #24547 :: email: julianagiraldotorres@gmail.com
2023-06-05T13:21:28+00:00 NOTICE order.member.updated :: Updated pathik_77@yahoo.com subscriber status to subscribed and language to 
2023-06-05T13:21:28+00:00 NOTICE order_submit.success :: updateStoreOrder :: #24564 :: email: pathik_77@yahoo.com
2023-06-05T13:21:31+00:00 NOTICE order.member.updated :: Updated isa_troncoso@hotmail.com subscriber status to subscribed and language to 
2023-06-05T13:21:31+00:00 NOTICE order_submit.success :: updateStoreOrder :: #24565 :: email: isa_troncoso@hotmail.com
2023-06-05T13:21:33+00:00 NOTICE order.member.updated :: Updated lauraropyp@gmail.com subscriber status to subscribed and language to 
2023-06-05T13:21:33+00:00 NOTICE order_submit.success :: updateStoreOrder :: #24567 :: email: lauraropyp@gmail.com
2023-06-05T13:21:42+00:00 NOTICE order.member.updated :: Updated valentina.arenasa@udea.edu.co subscriber status to subscribed and language to 
2023-06-05T13:21:42+00:00 NOTICE order_submit.success :: updateStoreOrder :: #24568 :: email: valentina.arenasa@udea.edu.co
2023-06-05T13:21:44+00:00 NOTICE order.member.updated :: Updated ixcastroc@gmail.com subscriber status to subscribed and language to 
2023-06-05T13:21:44+00:00 NOTICE order_submit.success :: updateStoreOrder :: #24569 :: email: ixcastroc@gmail.com
2023-06-05T16:08:35+00:00 NOTICE action_scheduler.queue_job :: MailChimp_WooCommerce_Cart_Update queued :: obj_id 717a55ed091ec268b6fe2caa94f82801
2023-06-05T16:08:36+00:00 NOTICE abandoned_cart.success :: email: alfisica@hotmail.es :: checkout_url: https://naturalconexion.com/checkout/?mc_cart_id=717a55ed091ec268b6fe2caa94f82801
2023-06-05T16:08:37+00:00 NOTICE cart.member.updated :: Updated alfisica@hotmail.es subscriber status to transactional and language to es
2023-06-05T16:09:46+00:00 NOTICE action_scheduler.queue_job :: MailChimp_WooCommerce_Single_Order starts in 90 seconds :: obj_id 24576
2023-06-05T16:12:58+00:00 NOTICE order_submit :: #24576 has a financial status of pending and was skipped.
2023-06-05T17:12:43+00:00 NOTICE action_scheduler.queue_job :: MailChimp_WooCommerce_Single_Order starts in 90 seconds :: obj_id 24577
2023-06-05T17:15:49+00:00 NOTICE order_submit :: #24577 has a financial status of pending and was skipped.
2023-06-05T17:28:00+00:00 NOTICE action_scheduler.queue_job :: MailChimp_WooCommerce_Cart_Update queued :: obj_id d4e638dacc4a80ad8e97ece2101bf717
2023-06-05T17:28:40+00:00 NOTICE abandoned_cart.success :: email: emiryduque@gmail.com :: checkout_url: https://naturalconexion.com/checkout/?mc_cart_id=d4e638dacc4a80ad8e97ece2101bf717
2023-06-05T17:28:40+00:00 NOTICE cart.member.updated :: Updated emiryduque@gmail.com subscriber status to subscribed and language to es
2023-06-05T17:29:00+00:00 NOTICE action_scheduler.queue_job :: MailChimp_WooCommerce_Single_Order starts in 90 seconds :: obj_id 24578
2023-06-05T17:30:54+00:00 NOTICE order_submit :: #24578 has a financial status of pending and was skipped.
2023-06-05T17:32:32+00:00 NOTICE action_scheduler.queue_job :: MailChimp_WooCommerce_Cart_Update queued :: obj_id d4e638dacc4a80ad8e97ece2101bf717
2023-06-05T17:32:54+00:00 NOTICE abandoned_cart.success :: email: emiryduque@gmail.com :: checkout_url: https://naturalconexion.com/checkout/?mc_cart_id=d4e638dacc4a80ad8e97ece2101bf717
2023-06-05T17:33:24+00:00 NOTICE action_scheduler.queue_job :: MailChimp_WooCommerce_Cart_Update queued :: obj_id d4e638dacc4a80ad8e97ece2101bf717
2023-06-05T17:35:38+00:00 NOTICE abandoned_cart.success :: email: emiryduque@gmail.com :: checkout_url: https://naturalconexion.com/checkout/?mc_cart_id=d4e638dacc4a80ad8e97ece2101bf717
2023-06-05T17:45:46+00:00 NOTICE action_scheduler.queue_job :: MailChimp_WooCommerce_Single_Order starts in 90 seconds :: obj_id 24576
2023-06-05T17:45:46+00:00 NOTICE debug :: Order ID 24576 was pending and is now cancelled :: Array
(
    [new_order] => 
    [tracking] => 
)

2023-06-05T17:47:37+00:00 NOTICE order_submit :: #24576 has a financial status of cancelled and was skipped.
2023-06-05T17:50:28+00:00 NOTICE action_scheduler.queue_job :: MailChimp_WooCommerce_Single_Order starts in 90 seconds :: obj_id 24578
2023-06-05T17:50:30+00:00 NOTICE debug :: Order ID 24578 was pending and is now failed :: Array
(
    [new_order] => 
    [tracking] => 
)

2023-06-05T17:51:01+00:00 NOTICE action_scheduler.queue_job :: MailChimp_WooCommerce_Cart_Update queued :: obj_id d4e638dacc4a80ad8e97ece2101bf717
2023-06-05T17:51:50+00:00 NOTICE abandoned_cart.success :: email: emiryduque@gmail.com :: checkout_url: https://naturalconexion.com/checkout/?mc_cart_id=d4e638dacc4a80ad8e97ece2101bf717
2023-06-05T17:51:56+00:00 NOTICE action_scheduler.queue_job :: MailChimp_WooCommerce_Single_Order starts in 90 seconds :: obj_id 24579
2023-06-05T17:53:37+00:00 NOTICE order_submit :: #24579 has a financial status of pending and was skipped.
2023-06-05T17:55:06+00:00 NOTICE action_scheduler.queue_job :: MailChimp_WooCommerce_Single_Order starts in 90 seconds :: obj_id 24579
2023-06-05T17:55:09+00:00 NOTICE debug :: Order ID 24579 was pending and is now processing :: Array
(
    [new_order] => 1
    [tracking] => Array
        (
            [campaign_id] => 
            [landing_site] => https://naturalconexion.com/wp-content/plugins/woocommerce-payu-latam/confirmation.php
        )

)

2023-06-05T17:59:35+00:00 NOTICE order.member.updated :: Updated emiryduque@gmail.com subscriber status to subscribed and language to 
2023-06-05T17:59:35+00:00 NOTICE order_submit.success :: addStoreOrder :: #24579 :: email: emiryduque@gmail.com :: landing site https://naturalconexion.com/wp-content/plugins/woocommerce-payu-latam/confirmation.php :: abandoned cart deleted [d4e638dacc4a80ad8e97ece2101bf717]
2023-06-05T18:41:52+00:00 NOTICE action_scheduler.queue_job :: MailChimp_WooCommerce_Cart_Update queued :: obj_id 046222af7f69c8ca94254dd024b0fe08
2023-06-05T18:42:33+00:00 NOTICE abandoned_cart.success :: email: dianag406@gmail.com :: checkout_url: https://naturalconexion.com/checkout/?mc_cart_id=046222af7f69c8ca94254dd024b0fe08
2023-06-05T18:42:34+00:00 NOTICE cart.member.updated :: Updated dianag406@gmail.com subscriber status to subscribed and language to es
2023-06-05T18:42:51+00:00 NOTICE action_scheduler.queue_job :: MailChimp_WooCommerce_Cart_Update queued :: obj_id 046222af7f69c8ca94254dd024b0fe08
2023-06-05T18:42:53+00:00 NOTICE abandoned_cart.success :: email: dianag406@gmail.com :: checkout_url: https://naturalconexion.com/checkout/?mc_cart_id=046222af7f69c8ca94254dd024b0fe08
2023-06-05T18:44:01+00:00 NOTICE action_scheduler.queue_job :: MailChimp_WooCommerce_Cart_Update queued :: obj_id 046222af7f69c8ca94254dd024b0fe08
2023-06-05T18:44:58+00:00 NOTICE abandoned_cart.success :: email: dianag406@gmail.com :: checkout_url: https://naturalconexion.com/checkout/?mc_cart_id=046222af7f69c8ca94254dd024b0fe08
2023-06-05T18:45:48+00:00 NOTICE action_scheduler.queue_job :: MailChimp_WooCommerce_Single_Order starts in 90 seconds :: obj_id 24577
2023-06-05T18:45:48+00:00 NOTICE debug :: Order ID 24577 was pending and is now cancelled :: Array
(
    [new_order] => 
    [tracking] => 
)

2023-06-05T18:47:59+00:00 NOTICE order_submit :: #24577 has a financial status of cancelled and was skipped.
2023-06-05T20:18:37+00:00 NOTICE action_scheduler.queue_job :: MailChimp_WooCommerce_Cart_Update queued :: obj_id 0faa68f43ec37173f59beec191e5b4ca
2023-06-05T20:18:40+00:00 NOTICE abandoned_cart.success :: email: valentina.restrepoalva@gmail.com :: checkout_url: https://naturalconexion.com/checkout/?mc_cart_id=0faa68f43ec37173f59beec191e5b4ca
2023-06-05T20:18:41+00:00 NOTICE cart.member.updated :: Updated valentina.restrepoalva@gmail.com subscriber status to transactional and language to es
2023-06-05T20:19:44+00:00 NOTICE action_scheduler.queue_job :: MailChimp_WooCommerce_Single_Order starts in 90 seconds :: obj_id 24580
2023-06-05T20:19:44+00:00 NOTICE action_scheduler.queue_job :: MailChimp_WooCommerce_Cart_Update queued :: obj_id 0faa68f43ec37173f59beec191e5b4ca
2023-06-05T20:19:45+00:00 NOTICE abandoned_cart.success :: email: valentina.restrepoalva@gmail.com :: checkout_url: https://naturalconexion.com/checkout/?mc_cart_id=0faa68f43ec37173f59beec191e5b4ca
2023-06-05T20:22:40+00:00 NOTICE order_submit :: #24580 has a financial status of pending and was skipped.
2023-06-05T20:22:51+00:00 NOTICE action_scheduler.queue_job :: MailChimp_WooCommerce_Cart_Update queued :: obj_id 0faa68f43ec37173f59beec191e5b4ca
2023-06-05T20:23:45+00:00 NOTICE abandoned_cart.success :: email: valentina.restrepoalva@gmail.com :: checkout_url: https://naturalconexion.com/checkout/?mc_cart_id=0faa68f43ec37173f59beec191e5b4ca
2023-06-05T20:26:08+00:00 NOTICE action_scheduler.queue_job :: MailChimp_WooCommerce_Single_Order starts in 90 seconds :: obj_id 24580
2023-06-05T20:26:10+00:00 NOTICE debug :: Order ID 24580 was pending and is now processing :: Array
(
    [new_order] => 1
    [tracking] => Array
        (
            [campaign_id] => 
            [landing_site] => https://naturalconexion.com/wp-content/plugins/woocommerce-payu-latam/confirmation.php
        )

)

2023-06-05T20:27:57+00:00 NOTICE order.member.updated :: Updated valentina.restrepoalva@gmail.com subscriber status to transactional and language to 
2023-06-05T20:27:57+00:00 NOTICE order_submit.success :: addStoreOrder :: #24580 :: email: valentina.restrepoalva@gmail.com :: landing site https://naturalconexion.com/wp-content/plugins/woocommerce-payu-latam/confirmation.php
2023-06-05T21:32:38+00:00 NOTICE action_scheduler.queue_job :: MailChimp_WooCommerce_Cart_Update queued :: obj_id a2a7f70e93db0b28804fa35efae8208a
2023-06-05T21:32:50+00:00 NOTICE abandoned_cart.success :: email: andrescale07@gmail.com :: checkout_url: https://naturalconexion.com/checkout/?mc_cart_id=a2a7f70e93db0b28804fa35efae8208a
2023-06-05T21:32:51+00:00 NOTICE cart.member.updated :: Updated andrescale07@gmail.com subscriber status to subscribed and language to es
2023-06-05T21:33:57+00:00 NOTICE action_scheduler.queue_job :: MailChimp_WooCommerce_Cart_Update queued :: obj_id d2c9b130bae2bd6e382d7e70218c5b89
2023-06-05T21:34:45+00:00 NOTICE abandoned_cart.success :: email: julianhoyos91@gmail.com :: checkout_url: https://naturalconexion.com/checkout/?mc_cart_id=d2c9b130bae2bd6e382d7e70218c5b89
2023-06-05T21:34:45+00:00 NOTICE cart.member.updated :: Updated julianhoyos91@gmail.com subscriber status to transactional and language to es
2023-06-05T21:37:16+00:00 NOTICE ac.cart_swap :: Deleted cart [julianhoyos91@gmail.com] :: ID [d2c9b130bae2bd6e382d7e70218c5b89]
2023-06-05T21:37:16+00:00 NOTICE action_scheduler.queue_job :: MailChimp_WooCommerce_Cart_Update queued :: obj_id 870d51b0768743b0deceae5cf7b1a077
2023-06-05T21:37:54+00:00 NOTICE abandoned_cart.success :: email: julianhoyos94@gmail.com :: checkout_url: https://naturalconexion.com/checkout/?mc_cart_id=870d51b0768743b0deceae5cf7b1a077
2023-06-05T21:37:55+00:00 NOTICE cart.member.updated :: Updated julianhoyos94@gmail.com subscriber status to transactional and language to es
2023-06-05T21:40:07+00:00 NOTICE action_scheduler.queue_job :: MailChimp_WooCommerce_Single_Order starts in 90 seconds :: obj_id 24595
2023-06-05T21:41:58+00:00 NOTICE order_submit :: #24595 has a financial status of pending and was skipped.
2023-06-05T21:42:25+00:00 NOTICE action_scheduler.queue_job :: MailChimp_WooCommerce_Single_Order starts in 90 seconds :: obj_id 24595
2023-06-05T21:42:28+00:00 NOTICE debug :: Order ID 24595 was pending and is now processing :: Array
(
    [new_order] => 1
    [tracking] => Array
        (
            [campaign_id] => 
            [landing_site] => https://naturalconexion.com/wc-api/siscredito_confirmation?transactionId=647e5638e0672a0001fc0994&orderId=24595
        )

)

2023-06-05T21:44:29+00:00 NOTICE order.member.updated :: Updated andrescale07@gmail.com subscriber status to subscribed and language to 
2023-06-05T21:44:29+00:00 NOTICE order_submit.success :: addStoreOrder :: #24595 :: email: andrescale07@gmail.com :: landing site https://naturalconexion.com/wc-api/siscredito_confirmation?transactionId=647e5638e0672a0001fc0994&orderId=24595 :: abandoned cart deleted [a2a7f70e93db0b28804fa35efae8208a]
2023-06-05T21:54:41+00:00 NOTICE action_scheduler.queue_job :: MailChimp_WooCommerce_Cart_Update queued :: obj_id 6ee06bcc306ae1910f1664822e351cd5
2023-06-05T21:54:52+00:00 NOTICE abandoned_cart.success :: email: emeramirezecheverri@gmail.com :: checkout_url: https://naturalconexion.com/checkout/?mc_cart_id=6ee06bcc306ae1910f1664822e351cd5
2023-06-05T21:54:52+00:00 NOTICE cart.member.updated :: Updated emeramirezecheverri@gmail.com subscriber status to transactional and language to es
2023-06-05T21:56:03+00:00 NOTICE action_scheduler.queue_job :: MailChimp_WooCommerce_Single_Order starts in 90 seconds :: obj_id 24597
2023-06-05T21:57:50+00:00 NOTICE order_submit :: #24597 has a financial status of pending and was skipped.
2023-06-05T22:21:58+00:00 NOTICE action_scheduler.queue_job :: MailChimp_WooCommerce_User_Submit queued :: obj_id 2512
2023-06-05T22:22:03+00:00 NOTICE member.sync :: mini.opt@user015.1freehost.site has signed up to a lot of lists very recently; we're not allowing more signups for now
2023-06-05T23:48:21+00:00 NOTICE action_scheduler.queue_job :: MailChimp_WooCommerce_Single_Order starts in 90 seconds :: obj_id 24597
2023-06-05T23:48:22+00:00 NOTICE debug :: Order ID 24597 was pending and is now cancelled :: Array
(
    [new_order] => 
    [tracking] => 
)

2023-06-05T23:50:11+00:00 NOTICE order_submit :: #24597 has a financial status of cancelled and was skipped.
