2023-09-18T00:51:05+00:00 NOTICE action_scheduler.queue_job :: MailChimp_WooCommerce_Cart_Update queued :: obj_id 6761f21b7988218348947d75ea677949
2023-09-18T00:51:08+00:00 NOTICE abandoned_cart.success :: email: angietorresgomez7@gmail.com :: checkout_url: https://naturalconexion.com/checkout/?mc_cart_id=6761f21b7988218348947d75ea677949
2023-09-18T00:51:08+00:00 NOTICE cart.member.updated :: Updated angietorresgomez7@gmail.com subscriber status to subscribed and language to es
2023-09-18T00:51:30+00:00 NOTICE action_scheduler.queue_job :: MailChimp_WooCommerce_Cart_Update queued :: obj_id 6761f21b7988218348947d75ea677949
2023-09-18T00:51:39+00:00 NOTICE action_scheduler.queue_job :: MailChimp_WooCommerce_Cart_Update queued :: obj_id c09eff03c96b6e7ff7965d214986ebcf
2023-09-18T00:51:54+00:00 NOTICE abandoned_cart.success :: email: angietorresgomez7@gmail.com :: checkout_url: https://naturalconexion.com/checkout/?mc_cart_id=6761f21b7988218348947d75ea677949
2023-09-18T00:51:55+00:00 NOTICE abandoned_cart.success :: email: angiie.torres.7@gmail.com :: checkout_url: https://naturalconexion.com/checkout/?mc_cart_id=c09eff03c96b6e7ff7965d214986ebcf
2023-09-18T00:51:55+00:00 NOTICE cart.member.updated :: Updated angiie.torres.7@gmail.com subscriber status to transactional and language to es
2023-09-18T00:52:00+00:00 NOTICE ac.cart_swap :: Deleted cart [angiie.torres.7@gmail.com] :: ID [c09eff03c96b6e7ff7965d214986ebcf]
2023-09-18T00:52:00+00:00 NOTICE action_scheduler.queue_job :: MailChimp_WooCommerce_Cart_Update queued :: obj_id e2f47116ee88d4f4dac7ba0d3b340789
2023-09-18T00:52:09+00:00 NOTICE abandoned_cart.success :: email: angietorresg7@gmail.com :: checkout_url: https://naturalconexion.com/checkout/?mc_cart_id=e2f47116ee88d4f4dac7ba0d3b340789
2023-09-18T00:52:09+00:00 NOTICE cart.member.updated :: Updated angietorresg7@gmail.com subscriber status to transactional and language to es
2023-09-18T00:57:13+00:00 NOTICE action_scheduler.queue_job :: MailChimp_WooCommerce_Cart_Update queued :: obj_id e2f47116ee88d4f4dac7ba0d3b340789
2023-09-18T00:57:15+00:00 NOTICE action_scheduler.queue_job :: MailChimp_WooCommerce_Cart_Update queued :: obj_id 6761f21b7988218348947d75ea677949
2023-09-18T00:58:07+00:00 NOTICE abandoned_cart.success :: email: angietorresg7@gmail.com :: checkout_url: https://naturalconexion.com/checkout/?mc_cart_id=e2f47116ee88d4f4dac7ba0d3b340789
2023-09-18T00:58:07+00:00 NOTICE abandoned_cart.success :: email: angietorresgomez7@gmail.com :: checkout_url: https://naturalconexion.com/checkout/?mc_cart_id=6761f21b7988218348947d75ea677949
2023-09-18T00:59:48+00:00 NOTICE action_scheduler.queue_job :: MailChimp_WooCommerce_Cart_Update queued :: obj_id 6761f21b7988218348947d75ea677949
2023-09-18T00:59:50+00:00 NOTICE abandoned_cart.success :: email: angietorresgomez7@gmail.com :: checkout_url: https://naturalconexion.com/checkout/?mc_cart_id=6761f21b7988218348947d75ea677949
2023-09-18T01:04:10+00:00 NOTICE action_scheduler.queue_job :: MailChimp_WooCommerce_Cart_Update queued :: obj_id 6761f21b7988218348947d75ea677949
2023-09-18T01:05:29+00:00 NOTICE abandoned_cart.success :: email: angietorresgomez7@gmail.com :: checkout_url: https://naturalconexion.com/checkout/?mc_cart_id=6761f21b7988218348947d75ea677949
2023-09-18T01:05:53+00:00 NOTICE action_scheduler.queue_job :: MailChimp_WooCommerce_Cart_Update queued :: obj_id 6761f21b7988218348947d75ea677949
2023-09-18T01:05:54+00:00 NOTICE abandoned_cart.success :: email: angietorresgomez7@gmail.com :: checkout_url: https://naturalconexion.com/checkout/?mc_cart_id=6761f21b7988218348947d75ea677949
2023-09-18T01:09:36+00:00 NOTICE action_scheduler.queue_job :: MailChimp_WooCommerce_Cart_Update queued :: obj_id 6761f21b7988218348947d75ea677949
2023-09-18T01:09:38+00:00 NOTICE abandoned_cart.success :: email: angietorresgomez7@gmail.com :: checkout_url: https://naturalconexion.com/checkout/?mc_cart_id=6761f21b7988218348947d75ea677949
2023-09-18T01:10:32+00:00 NOTICE action_scheduler.queue_job :: MailChimp_WooCommerce_Single_Order starts in 90 seconds :: obj_id 25623
2023-09-18T01:10:35+00:00 NOTICE debug :: Order ID 25623 was pending and is now processing :: Array
(
    [new_order] => 1
    [tracking] => Array
        (
            [campaign_id] => 
            [landing_site] => https://naturalconexion.com/tienda/?utm_source=google&utm_medium=cpc&utm_campaign=marca&gclid=EAIaIQobChMIpJrMqtmygQMVhjjUAR1pRQMpEAAYASAAEgL3ZPD_BwE
        )

)

2023-09-18T01:13:16+00:00 NOTICE order.member.updated :: Updated angietorresgomez7@gmail.com subscriber status to subscribed and language to es
2023-09-18T01:13:16+00:00 NOTICE order_submit.success :: addStoreOrder :: #25623 :: email: angietorresgomez7@gmail.com :: landing site https://naturalconexion.com/tienda/?utm_source=google&utm_medium=cpc&utm_campaign=marca&gclid=EAIaIQobChMIpJrMqtmygQMVhjjUAR1pRQMpEAAYASAAEgL3ZPD_BwE :: abandoned cart deleted [6761f21b7988218348947d75ea677949]
2023-09-18T09:22:10+00:00 NOTICE action_scheduler.queue_job :: MailChimp_WooCommerce_Cart_Update queued :: obj_id 57068974cac9fc88dff97dca594325b4
2023-09-18T09:22:11+00:00 NOTICE abandoned_cart.success :: email: fernanda.lu.mj@gmail.com :: checkout_url: https://naturalconexion.com/checkout/?mc_cart_id=57068974cac9fc88dff97dca594325b4
2023-09-18T09:22:12+00:00 NOTICE cart.member.updated :: Updated fernanda.lu.mj@gmail.com subscriber status to transactional and language to es
2023-09-18T09:23:03+00:00 NOTICE action_scheduler.queue_job :: MailChimp_WooCommerce_Single_Order starts in 90 seconds :: obj_id 25624
2023-09-18T09:24:54+00:00 NOTICE order_submit :: #25624 has a financial status of pending and was skipped.
2023-09-18T09:25:02+00:00 NOTICE action_scheduler.queue_job :: MailChimp_WooCommerce_Cart_Update queued :: obj_id 57068974cac9fc88dff97dca594325b4
2023-09-18T09:25:16+00:00 NOTICE abandoned_cart.success :: email: fernanda.lu.mj@gmail.com :: checkout_url: https://naturalconexion.com/checkout/?mc_cart_id=57068974cac9fc88dff97dca594325b4
2023-09-18T09:25:38+00:00 NOTICE action_scheduler.queue_job :: MailChimp_WooCommerce_Cart_Update queued :: obj_id 57068974cac9fc88dff97dca594325b4
2023-09-18T09:26:27+00:00 NOTICE abandoned_cart.success :: email: fernanda.lu.mj@gmail.com :: checkout_url: https://naturalconexion.com/checkout/?mc_cart_id=57068974cac9fc88dff97dca594325b4
2023-09-18T09:27:05+00:00 NOTICE action_scheduler.queue_job :: MailChimp_WooCommerce_Single_Order starts in 90 seconds :: obj_id 25625
2023-09-18T09:27:42+00:00 NOTICE debug :: Order ID 25625 was pending and is now processing :: Array
(
    [new_order] => 1
    [tracking] => Array
        (
            [campaign_id] => 
            [landing_site] => https://naturalconexion.com/?wc-api=wc_addi_gateway
        )

)

2023-09-18T09:30:45+00:00 NOTICE order.member.updated :: Updated Fernanda.lu.mj@gmail.com subscriber status to subscribed and language to es
2023-09-18T09:30:45+00:00 NOTICE order_submit.success :: addStoreOrder :: #25625 :: email: Fernanda.lu.mj@gmail.com :: landing site https://naturalconexion.com/ :: abandoned cart deleted [57068974cac9fc88dff97dca594325b4]
2023-09-18T11:04:00+00:00 NOTICE action_scheduler.queue_job :: MailChimp_WooCommerce_Cart_Update queued :: obj_id c4762dd61a72aebd7acc9cefbb45813b
2023-09-18T11:05:05+00:00 NOTICE abandoned_cart.success :: email: lauva.29@hotmail.com :: checkout_url: https://naturalconexion.com/checkout/?mc_cart_id=c4762dd61a72aebd7acc9cefbb45813b
2023-09-18T11:05:05+00:00 NOTICE cart.member.updated :: Updated lauva.29@hotmail.com subscriber status to transactional and language to es
2023-09-18T11:05:40+00:00 NOTICE action_scheduler.queue_job :: MailChimp_WooCommerce_Cart_Update queued :: obj_id c4762dd61a72aebd7acc9cefbb45813b
2023-09-18T11:05:53+00:00 NOTICE abandoned_cart.success :: email: lauva.29@hotmail.com :: checkout_url: https://naturalconexion.com/checkout/?mc_cart_id=c4762dd61a72aebd7acc9cefbb45813b
2023-09-18T11:06:37+00:00 NOTICE action_scheduler.queue_job :: MailChimp_WooCommerce_Cart_Update queued :: obj_id c4762dd61a72aebd7acc9cefbb45813b
2023-09-18T11:06:39+00:00 NOTICE abandoned_cart.success :: email: lauva.29@hotmail.com :: checkout_url: https://naturalconexion.com/checkout/?mc_cart_id=c4762dd61a72aebd7acc9cefbb45813b
2023-09-18T11:07:24+00:00 NOTICE action_scheduler.queue_job :: MailChimp_WooCommerce_User_Submit queued :: obj_id 2658
2023-09-18T11:07:26+00:00 NOTICE action_scheduler.queue_job :: MailChimp_WooCommerce_Single_Order starts in 90 seconds :: obj_id 25626
2023-09-18T11:09:47+00:00 NOTICE member.sync :: Updated Member Lauva.29@hotmail.com :: Array
(
    [previous_status] => transactional
    [status] => 1
    [language] => 
    [merge_fields] => Array
        (
            [FNAME] => Laura
            [LNAME] => Sanchez
        )

    [gdpr_fields] => 
)

2023-09-18T11:09:48+00:00 NOTICE order_submit :: #25626 has a financial status of pending and was skipped.
2023-09-18T11:11:39+00:00 NOTICE action_scheduler.queue_job :: MailChimp_WooCommerce_Single_Order starts in 90 seconds :: obj_id 25624
2023-09-18T11:11:39+00:00 NOTICE debug :: Order ID 25624 was pending and is now cancelled :: Array
(
    [new_order] => 
    [tracking] => 
)

2023-09-18T11:13:40+00:00 NOTICE order_submit :: #25624 has a financial status of cancelled and was skipped.
2023-09-18T12:11:40+00:00 NOTICE action_scheduler.queue_job :: MailChimp_WooCommerce_Single_Order starts in 90 seconds :: obj_id 25626
2023-09-18T12:11:40+00:00 NOTICE debug :: Order ID 25626 was pending and is now cancelled :: Array
(
    [new_order] => 
    [tracking] => 
)

2023-09-18T12:15:10+00:00 NOTICE order_submit :: #25626 has a financial status of cancelled and was skipped.
2023-09-18T12:34:14+00:00 NOTICE action_scheduler.queue_job :: MailChimp_WooCommerce_Single_Order starts in 90 seconds :: obj_id 25609
2023-09-18T12:34:15+00:00 NOTICE debug :: Order ID 25609 was processing and is now completed :: Array
(
    [new_order] => 
    [tracking] => 
)

2023-09-18T12:34:15+00:00 NOTICE action_scheduler.queue_job :: MailChimp_WooCommerce_Single_Order starts in 90 seconds :: obj_id 25610
2023-09-18T12:34:17+00:00 NOTICE debug :: Order ID 25610 was processing and is now completed :: Array
(
    [new_order] => 
    [tracking] => 
)

2023-09-18T12:34:17+00:00 NOTICE action_scheduler.queue_job :: MailChimp_WooCommerce_Single_Order starts in 90 seconds :: obj_id 25612
2023-09-18T12:34:18+00:00 NOTICE debug :: Order ID 25612 was processing and is now completed :: Array
(
    [new_order] => 
    [tracking] => 
)

2023-09-18T12:34:18+00:00 NOTICE action_scheduler.queue_job :: MailChimp_WooCommerce_Single_Order starts in 90 seconds :: obj_id 25613
2023-09-18T12:34:19+00:00 NOTICE debug :: Order ID 25613 was processing and is now completed :: Array
(
    [new_order] => 
    [tracking] => 
)

2023-09-18T12:34:19+00:00 NOTICE action_scheduler.queue_job :: MailChimp_WooCommerce_Single_Order starts in 90 seconds :: obj_id 25614
2023-09-18T12:34:20+00:00 NOTICE debug :: Order ID 25614 was processing and is now completed :: Array
(
    [new_order] => 
    [tracking] => 
)

2023-09-18T12:34:20+00:00 NOTICE action_scheduler.queue_job :: MailChimp_WooCommerce_Single_Order starts in 90 seconds :: obj_id 25615
2023-09-18T12:34:22+00:00 NOTICE debug :: Order ID 25615 was processing and is now completed :: Array
(
    [new_order] => 
    [tracking] => 
)

2023-09-18T12:34:22+00:00 NOTICE action_scheduler.queue_job :: MailChimp_WooCommerce_Single_Order starts in 90 seconds :: obj_id 25616
2023-09-18T12:34:23+00:00 NOTICE debug :: Order ID 25616 was processing and is now completed :: Array
(
    [new_order] => 
    [tracking] => 
)

2023-09-18T12:34:23+00:00 NOTICE action_scheduler.queue_job :: MailChimp_WooCommerce_Single_Order starts in 90 seconds :: obj_id 25617
2023-09-18T12:34:24+00:00 NOTICE debug :: Order ID 25617 was processing and is now completed :: Array
(
    [new_order] => 
    [tracking] => 
)

2023-09-18T12:34:24+00:00 NOTICE action_scheduler.queue_job :: MailChimp_WooCommerce_Single_Order starts in 90 seconds :: obj_id 25618
2023-09-18T12:34:25+00:00 NOTICE debug :: Order ID 25618 was processing and is now completed :: Array
(
    [new_order] => 
    [tracking] => 
)

2023-09-18T12:34:25+00:00 NOTICE action_scheduler.queue_job :: MailChimp_WooCommerce_Single_Order starts in 90 seconds :: obj_id 25619
2023-09-18T12:34:27+00:00 NOTICE debug :: Order ID 25619 was processing and is now completed :: Array
(
    [new_order] => 
    [tracking] => 
)

2023-09-18T12:34:27+00:00 NOTICE action_scheduler.queue_job :: MailChimp_WooCommerce_Single_Order starts in 90 seconds :: obj_id 25620
2023-09-18T12:34:28+00:00 NOTICE debug :: Order ID 25620 was processing and is now completed :: Array
(
    [new_order] => 
    [tracking] => 
)

2023-09-18T12:34:28+00:00 NOTICE action_scheduler.queue_job :: MailChimp_WooCommerce_Single_Order starts in 90 seconds :: obj_id 25622
2023-09-18T12:34:29+00:00 NOTICE debug :: Order ID 25622 was processing and is now completed :: Array
(
    [new_order] => 
    [tracking] => 
)

2023-09-18T12:34:29+00:00 NOTICE action_scheduler.queue_job :: MailChimp_WooCommerce_Single_Order starts in 90 seconds :: obj_id 25623
2023-09-18T12:34:29+00:00 NOTICE action_scheduler.queue_job :: MailChimp_WooCommerce_User_Submit queued :: obj_id 2657
2023-09-18T12:34:30+00:00 NOTICE debug :: Order ID 25623 was processing and is now completed :: Array
(
    [new_order] => 
    [tracking] => 
)

2023-09-18T12:34:30+00:00 NOTICE action_scheduler.queue_job :: MailChimp_WooCommerce_Single_Order starts in 90 seconds :: obj_id 25625
2023-09-18T12:34:31+00:00 NOTICE debug :: Order ID 25625 was processing and is now completed :: Array
(
    [new_order] => 
    [tracking] => 
)

2023-09-18T12:35:04+00:00 NOTICE member.sync :: Updated Member angietorresgomez7@gmail.com :: Array
(
    [status] => subscribed
    [language] => 
    [merge_fields] => Array
        (
            [FNAME] => Angie
            [LNAME] => Torres
        )

    [gdpr_fields] => 
)

2023-09-18T12:35:55+00:00 NOTICE order.member.updated :: Updated angeroav@gmail.com subscriber status to subscribed and language to 
2023-09-18T12:35:55+00:00 NOTICE order_submit.success :: updateStoreOrder :: #25609 :: email: angeroav@gmail.com
2023-09-18T12:35:57+00:00 NOTICE order.member.updated :: Updated paorojas-1116@hotmail.com subscriber status to subscribed and language to 
2023-09-18T12:35:57+00:00 NOTICE order_submit.success :: updateStoreOrder :: #25610 :: email: paorojas-1116@hotmail.com
2023-09-18T12:35:59+00:00 NOTICE order.member.updated :: Updated Omy-h86@hotmail.com subscriber status to subscribed and language to 
2023-09-18T12:35:59+00:00 NOTICE order_submit.success :: updateStoreOrder :: #25612 :: email: Omy-h86@hotmail.com
2023-09-18T12:36:01+00:00 NOTICE order.member.updated :: Updated Mpalmonacidb@unal.edu.co subscriber status to subscribed and language to 
2023-09-18T12:36:01+00:00 NOTICE order_submit.success :: updateStoreOrder :: #25613 :: email: Mpalmonacidb@unal.edu.co
2023-09-18T12:36:03+00:00 NOTICE order.member.updated :: Updated Lorenabe1@hotmail.com subscriber status to subscribed and language to 
2023-09-18T12:36:03+00:00 NOTICE order_submit.success :: updateStoreOrder :: #25614 :: email: Lorenabe1@hotmail.com
2023-09-18T12:36:05+00:00 NOTICE order.member.updated :: Updated jessica.rico1103@gmail.com subscriber status to subscribed and language to 
2023-09-18T12:36:05+00:00 NOTICE order_submit.success :: updateStoreOrder :: #25615 :: email: jessica.rico1103@gmail.com
2023-09-18T12:36:07+00:00 NOTICE order.member.updated :: Updated julianamunera@outlook.com subscriber status to subscribed and language to 
2023-09-18T12:36:07+00:00 NOTICE order_submit.success :: updateStoreOrder :: #25616 :: email: julianamunera@outlook.com
2023-09-18T12:36:09+00:00 NOTICE order.member.updated :: Updated nataliada08@gmail.com subscriber status to subscribed and language to 
2023-09-18T12:36:09+00:00 NOTICE order_submit.success :: updateStoreOrder :: #25617 :: email: nataliada08@gmail.com
2023-09-18T12:36:11+00:00 NOTICE order.member.updated :: Updated helenlopezta@hotmail.com subscriber status to subscribed and language to 
2023-09-18T12:36:11+00:00 NOTICE order_submit.success :: updateStoreOrder :: #25618 :: email: helenlopezta@hotmail.com
2023-09-18T12:36:13+00:00 NOTICE order.member.updated :: Updated luzkortizcortezano@outlook.com subscriber status to subscribed and language to 
2023-09-18T12:36:13+00:00 NOTICE order_submit.success :: updateStoreOrder :: #25619 :: email: luzkortizcortezano@outlook.com
2023-09-18T12:36:15+00:00 NOTICE order.member.updated :: Updated Daniel_perz@hotmail.com subscriber status to transactional and language to 
2023-09-18T12:36:15+00:00 NOTICE order_submit.success :: updateStoreOrder :: #25620 :: email: Daniel_perz@hotmail.com
2023-09-18T12:36:17+00:00 NOTICE order.member.updated :: Updated lisset_arango@hotmail.com subscriber status to subscribed and language to 
2023-09-18T12:36:17+00:00 NOTICE order_submit.success :: updateStoreOrder :: #25622 :: email: lisset_arango@hotmail.com
2023-09-18T12:36:35+00:00 NOTICE order.member.updated :: Updated angietorresgomez7@gmail.com subscriber status to subscribed and language to 
2023-09-18T12:36:35+00:00 NOTICE order_submit.success :: updateStoreOrder :: #25623 :: email: angietorresgomez7@gmail.com
2023-09-18T12:36:39+00:00 NOTICE order.member.updated :: Updated Fernanda.lu.mj@gmail.com subscriber status to subscribed and language to 
2023-09-18T12:36:39+00:00 NOTICE order_submit.success :: updateStoreOrder :: #25625 :: email: Fernanda.lu.mj@gmail.com
2023-09-18T13:37:42+00:00 NOTICE action_scheduler.queue_job :: MailChimp_WooCommerce_Single_Product starts in 5 seconds :: obj_id 24122
2023-09-18T13:38:04+00:00 NOTICE product_submit.success :: updateStoreProduct :: #24122
2023-09-18T15:55:28+00:00 NOTICE action_scheduler.queue_job :: MailChimp_WooCommerce_Cart_Update queued :: obj_id c1c7c5b07b4aab56627a8d497fa660b5
2023-09-18T15:55:30+00:00 NOTICE action_scheduler.queue_job :: MailChimp_WooCommerce_Cart_Update queued :: obj_id c1c7c5b07b4aab56627a8d497fa660b5
2023-09-18T15:55:30+00:00 NOTICE abandoned_cart.success :: email: camilav94@hotmail.com :: checkout_url: https://naturalconexion.com/checkout/?mc_cart_id=c1c7c5b07b4aab56627a8d497fa660b5
2023-09-18T15:55:31+00:00 NOTICE cart.member.updated :: Updated camilav94@hotmail.com subscriber status to subscribed and language to es
2023-09-18T15:55:31+00:00 NOTICE abandoned_cart.success :: email: camilav94@hotmail.com :: checkout_url: https://naturalconexion.com/checkout/?mc_cart_id=c1c7c5b07b4aab56627a8d497fa660b5
2023-09-18T15:56:42+00:00 NOTICE action_scheduler.queue_job :: MailChimp_WooCommerce_Single_Order starts in 90 seconds :: obj_id 25627
2023-09-18T15:58:16+00:00 NOTICE order_submit :: #25627 has a financial status of pending and was skipped.
2023-09-18T15:59:08+00:00 NOTICE action_scheduler.queue_job :: MailChimp_WooCommerce_Single_Order starts in 90 seconds :: obj_id 25627
2023-09-18T15:59:11+00:00 NOTICE debug :: Order ID 25627 was pending and is now processing :: Array
(
    [new_order] => 1
    [tracking] => Array
        (
            [campaign_id] => 
            [landing_site] => https://naturalconexion.com/wp-content/plugins/woocommerce-payu-latam/confirmation.php
        )

)

2023-09-18T16:02:21+00:00 NOTICE order.member.updated :: Updated Camilav94@hotmail.com subscriber status to subscribed and language to 
2023-09-18T16:02:21+00:00 NOTICE order_submit.success :: addStoreOrder :: #25627 :: email: Camilav94@hotmail.com :: landing site https://naturalconexion.com/wp-content/plugins/woocommerce-payu-latam/confirmation.php :: abandoned cart deleted [c1c7c5b07b4aab56627a8d497fa660b5]
2023-09-18T16:43:23+00:00 NOTICE action_scheduler.queue_job :: MailChimp_WooCommerce_Cart_Update queued :: obj_id 6e8b68186cc38e70f5754b02274c71cc
2023-09-18T16:44:05+00:00 NOTICE abandoned_cart.success :: email: melisalazar02@gmail.com :: checkout_url: https://naturalconexion.com/checkout/?mc_cart_id=6e8b68186cc38e70f5754b02274c71cc
2023-09-18T16:44:06+00:00 NOTICE cart.member.updated :: Updated melisalazar02@gmail.com subscriber status to transactional and language to es
2023-09-18T16:45:20+00:00 NOTICE action_scheduler.queue_job :: MailChimp_WooCommerce_Single_Order starts in 90 seconds :: obj_id 25628
2023-09-18T16:47:23+00:00 NOTICE order_submit :: #25628 has a financial status of pending and was skipped.
2023-09-18T16:47:28+00:00 NOTICE action_scheduler.queue_job :: MailChimp_WooCommerce_Single_Order starts in 90 seconds :: obj_id 25628
2023-09-18T16:47:31+00:00 NOTICE debug :: Order ID 25628 was pending and is now processing :: Array
(
    [new_order] => 1
    [tracking] => Array
        (
            [campaign_id] => 
            [landing_site] => https://naturalconexion.com/wp-content/plugins/woocommerce-payu-latam/confirmation.php
        )

)

2023-09-18T16:49:07+00:00 NOTICE order.member.updated :: Updated melisalazar02@gmail.com subscriber status to transactional and language to 
2023-09-18T16:49:07+00:00 NOTICE order_submit.success :: addStoreOrder :: #25628 :: email: melisalazar02@gmail.com :: landing site https://naturalconexion.com/wp-content/plugins/woocommerce-payu-latam/confirmation.php :: abandoned cart deleted [6e8b68186cc38e70f5754b02274c71cc]
2023-09-18T19:59:30+00:00 NOTICE action_scheduler.queue_job :: MailChimp_WooCommerce_Cart_Update queued :: obj_id e66169afbf3ddaa3f6130f7d9e0ec9a1
2023-09-18T19:59:33+00:00 NOTICE abandoned_cart.success :: email: superagrotunja.dalia@gmail.com :: checkout_url: https://naturalconexion.com/checkout/?mc_cart_id=e66169afbf3ddaa3f6130f7d9e0ec9a1
2023-09-18T19:59:33+00:00 NOTICE cart.member.updated :: Updated superagrotunja.dalia@gmail.com subscriber status to transactional and language to es
2023-09-18T20:05:21+00:00 NOTICE action_scheduler.queue_job :: MailChimp_WooCommerce_User_Submit queued :: obj_id 2659
2023-09-18T20:05:23+00:00 NOTICE action_scheduler.queue_job :: MailChimp_WooCommerce_Single_Order starts in 90 seconds :: obj_id 25630
2023-09-18T20:07:02+00:00 NOTICE member.sync :: Updated Member Superagrotunja.dalia@gmail.com :: Array
(
    [previous_status] => transactional
    [status] => 1
    [language] => 
    [merge_fields] => Array
        (
            [FNAME] => Dalia Idalid
            [LNAME] => Rodriguez Urbano
        )

    [gdpr_fields] => 
)

2023-09-18T20:07:03+00:00 NOTICE debug :: Order ID 25630 was pending and is now processing :: Array
(
    [new_order] => 1
    [tracking] => Array
        (
            [campaign_id] => 
            [landing_site] => https://naturalconexion.com/?wc-api=wc_addi_gateway
        )

)

2023-09-18T20:09:30+00:00 NOTICE order.member.updated :: Updated Superagrotunja.dalia@gmail.com subscriber status to subscribed and language to es
2023-09-18T20:09:30+00:00 NOTICE order_submit.success :: addStoreOrder :: #25630 :: email: Superagrotunja.dalia@gmail.com :: landing site https://naturalconexion.com/ :: abandoned cart deleted [e66169afbf3ddaa3f6130f7d9e0ec9a1]
2023-09-18T20:29:08+00:00 NOTICE action_scheduler.queue_job :: MailChimp_WooCommerce_Cart_Update queued :: obj_id 996571c296b955e39cfb22c84bc31965
2023-09-18T20:29:59+00:00 NOTICE abandoned_cart.success :: email: natalia.mesa.cuartas@gmail.com :: checkout_url: https://naturalconexion.com/checkout/?mc_cart_id=996571c296b955e39cfb22c84bc31965
2023-09-18T20:29:59+00:00 NOTICE cart.member.updated :: Updated natalia.mesa.cuartas@gmail.com subscriber status to transactional and language to es
2023-09-18T20:50:50+00:00 NOTICE action_scheduler.queue_job :: MailChimp_WooCommerce_Cart_Update queued :: obj_id 996571c296b955e39cfb22c84bc31965
2023-09-18T20:50:57+00:00 NOTICE abandoned_cart.success :: email: natalia.mesa.cuartas@gmail.com :: checkout_url: https://naturalconexion.com/checkout/?mc_cart_id=996571c296b955e39cfb22c84bc31965
2023-09-18T20:51:49+00:00 NOTICE action_scheduler.queue_job :: MailChimp_WooCommerce_Cart_Update queued :: obj_id 996571c296b955e39cfb22c84bc31965
2023-09-18T20:51:54+00:00 NOTICE abandoned_cart.success :: email: natalia.mesa.cuartas@gmail.com :: checkout_url: https://naturalconexion.com/checkout/?mc_cart_id=996571c296b955e39cfb22c84bc31965
2023-09-18T20:54:16+00:00 NOTICE action_scheduler.queue_job :: MailChimp_WooCommerce_Cart_Update queued :: obj_id 996571c296b955e39cfb22c84bc31965
2023-09-18T20:54:51+00:00 NOTICE abandoned_cart.success :: email: natalia.mesa.cuartas@gmail.com :: checkout_url: https://naturalconexion.com/checkout/?mc_cart_id=996571c296b955e39cfb22c84bc31965
2023-09-18T21:00:59+00:00 NOTICE action_scheduler.queue_job :: MailChimp_WooCommerce_Cart_Update queued :: obj_id 996571c296b955e39cfb22c84bc31965
2023-09-18T21:01:45+00:00 NOTICE action_scheduler.queue_job :: MailChimp_WooCommerce_Single_Order starts in 90 seconds :: obj_id 25631
2023-09-18T21:01:47+00:00 NOTICE abandoned_cart.success :: email: natalia.mesa.cuartas@gmail.com :: checkout_url: https://naturalconexion.com/checkout/?mc_cart_id=996571c296b955e39cfb22c84bc31965
2023-09-18T21:03:22+00:00 NOTICE order_submit :: #25631 has a financial status of pending and was skipped.
2023-09-18T21:03:58+00:00 NOTICE action_scheduler.queue_job :: MailChimp_WooCommerce_Single_Order starts in 90 seconds :: obj_id 25631
2023-09-18T21:04:00+00:00 NOTICE debug :: Order ID 25631 was pending and is now processing :: Array
(
    [new_order] => 1
    [tracking] => Array
        (
            [campaign_id] => 
            [landing_site] => https://naturalconexion.com/wp-content/plugins/woocommerce-payu-latam/confirmation.php
        )

)

2023-09-18T21:06:21+00:00 NOTICE order.member.updated :: Updated natalia.mesa.cuartas@gmail.com subscriber status to subscribed and language to 
2023-09-18T21:06:21+00:00 NOTICE order_submit.success :: addStoreOrder :: #25631 :: email: natalia.mesa.cuartas@gmail.com :: landing site https://naturalconexion.com/wp-content/plugins/woocommerce-payu-latam/confirmation.php :: abandoned cart deleted [996571c296b955e39cfb22c84bc31965]
2023-09-18T22:30:06+00:00 NOTICE action_scheduler.queue_job :: MailChimp_WooCommerce_Cart_Update queued :: obj_id c078f15f7f860b8889d36b773639c18a
2023-09-18T22:30:54+00:00 NOTICE abandoned_cart.success :: email: lauravasquezcano@gmail.com :: checkout_url: https://naturalconexion.com/checkout/?mc_cart_id=c078f15f7f860b8889d36b773639c18a
2023-09-18T22:30:54+00:00 NOTICE cart.member.updated :: Updated lauravasquezcano@gmail.com subscriber status to transactional and language to es
2023-09-18T22:32:07+00:00 NOTICE action_scheduler.queue_job :: MailChimp_WooCommerce_Single_Order starts in 90 seconds :: obj_id 25632
2023-09-18T22:32:48+00:00 NOTICE debug :: Order ID 25632 was pending and is now processing :: Array
(
    [new_order] => 1
    [tracking] => Array
        (
            [campaign_id] => 
            [landing_site] => https://naturalconexion.com/wp-content/plugins/woocommerce-payu-latam/confirmation.php
        )

)

2023-09-18T22:35:01+00:00 NOTICE order.member.updated :: Updated lauravasquezcano@gmail.com subscriber status to transactional and language to es
2023-09-18T22:35:01+00:00 NOTICE order_submit.success :: addStoreOrder :: #25632 :: email: lauravasquezcano@gmail.com :: landing site https://naturalconexion.com/product/desodorante-dama/ :: abandoned cart deleted [c078f15f7f860b8889d36b773639c18a]
2023-09-18T22:39:03+00:00 NOTICE action_scheduler.queue_job :: MailChimp_WooCommerce_Cart_Update queued :: obj_id 34d45035365a09ce7880a947b7fd27bd
2023-09-18T22:39:04+00:00 NOTICE abandoned_cart.success :: email: nuevaepsjohana@gmail.com :: checkout_url: https://naturalconexion.com/checkout/?mc_cart_id=34d45035365a09ce7880a947b7fd27bd
2023-09-18T22:39:04+00:00 NOTICE cart.member.updated :: Updated nuevaepsjohana@gmail.com subscriber status to subscribed and language to es
2023-09-18T22:41:11+00:00 NOTICE action_scheduler.queue_job :: MailChimp_WooCommerce_Single_Order starts in 90 seconds :: obj_id 25633
2023-09-18T22:42:25+00:00 NOTICE action_scheduler.queue_job :: MailChimp_WooCommerce_Cart_Update queued :: obj_id 34d45035365a09ce7880a947b7fd27bd
2023-09-18T22:42:52+00:00 NOTICE abandoned_cart.success :: email: nuevaepsjohana@gmail.com :: checkout_url: https://naturalconexion.com/checkout/?mc_cart_id=34d45035365a09ce7880a947b7fd27bd
2023-09-18T22:42:53+00:00 NOTICE order_submit :: #25633 has a financial status of pending and was skipped.
2023-09-18T22:43:14+00:00 NOTICE action_scheduler.queue_job :: MailChimp_WooCommerce_Cart_Update queued :: obj_id 34d45035365a09ce7880a947b7fd27bd
2023-09-18T22:43:17+00:00 NOTICE abandoned_cart.success :: email: nuevaepsjohana@gmail.com :: checkout_url: https://naturalconexion.com/checkout/?mc_cart_id=34d45035365a09ce7880a947b7fd27bd
2023-09-18T22:43:27+00:00 NOTICE action_scheduler.queue_job :: MailChimp_WooCommerce_Cart_Update queued :: obj_id 34d45035365a09ce7880a947b7fd27bd
2023-09-18T22:44:27+00:00 NOTICE abandoned_cart.success :: email: nuevaepsjohana@gmail.com :: checkout_url: https://naturalconexion.com/checkout/?mc_cart_id=34d45035365a09ce7880a947b7fd27bd
2023-09-18T22:45:25+00:00 NOTICE action_scheduler.queue_job :: MailChimp_WooCommerce_Cart_Update queued :: obj_id 34d45035365a09ce7880a947b7fd27bd
2023-09-18T22:45:50+00:00 NOTICE abandoned_cart.success :: email: nuevaepsjohana@gmail.com :: checkout_url: https://naturalconexion.com/checkout/?mc_cart_id=34d45035365a09ce7880a947b7fd27bd
2023-09-18T22:48:49+00:00 NOTICE action_scheduler.queue_job :: MailChimp_WooCommerce_Single_Order starts in 90 seconds :: obj_id 25634
2023-09-18T22:51:00+00:00 NOTICE order_submit :: #25634 has a financial status of pending and was skipped.
2023-09-18T22:52:52+00:00 NOTICE action_scheduler.queue_job :: MailChimp_WooCommerce_Single_Order starts in 90 seconds :: obj_id 25634
2023-09-18T22:52:54+00:00 NOTICE debug :: Order ID 25634 was pending and is now processing :: Array
(
    [new_order] => 1
    [tracking] => Array
        (
            [campaign_id] => 
            [landing_site] => https://naturalconexion.com/wp-content/plugins/woocommerce-payu-latam/confirmation.php
        )

)

2023-09-18T22:56:32+00:00 NOTICE order.member.updated :: Updated nuevaepsjohana@gmail.com subscriber status to subscribed and language to 
2023-09-18T22:56:32+00:00 NOTICE order_submit.success :: addStoreOrder :: #25634 :: email: nuevaepsjohana@gmail.com :: landing site https://naturalconexion.com/wp-content/plugins/woocommerce-payu-latam/confirmation.php :: abandoned cart deleted [34d45035365a09ce7880a947b7fd27bd]
2023-09-18T23:48:34+00:00 NOTICE action_scheduler.queue_job :: MailChimp_WooCommerce_Cart_Update queued :: obj_id 565be45beef8626ef8f7b07cdeec77ac
2023-09-18T23:49:01+00:00 NOTICE action_scheduler.queue_job :: MailChimp_WooCommerce_Single_Order starts in 90 seconds :: obj_id 25635
2023-09-18T23:49:02+00:00 NOTICE abandoned_cart.success :: email: angiebermudez88@hotmail.com :: checkout_url: https://naturalconexion.com/checkout/?mc_cart_id=565be45beef8626ef8f7b07cdeec77ac
2023-09-18T23:49:03+00:00 NOTICE cart.member.updated :: Updated angiebermudez88@hotmail.com subscriber status to transactional and language to es
2023-09-18T23:52:31+00:00 NOTICE order_submit :: #25635 has a financial status of pending and was skipped.
2023-09-18T23:52:51+00:00 NOTICE action_scheduler.queue_job :: MailChimp_WooCommerce_Single_Order starts in 90 seconds :: obj_id 25635
2023-09-18T23:52:54+00:00 NOTICE debug :: Order ID 25635 was pending and is now processing :: Array
(
    [new_order] => 1
    [tracking] => Array
        (
            [campaign_id] => 
            [landing_site] => https://naturalconexion.com/wp-content/plugins/woocommerce-payu-latam/confirmation.php
        )

)

2023-09-18T23:55:49+00:00 NOTICE order.member.updated :: Updated angiebermudez88@hotmail.com subscriber status to subscribed and language to 
2023-09-18T23:55:49+00:00 NOTICE order_submit.success :: addStoreOrder :: #25635 :: email: angiebermudez88@hotmail.com :: landing site https://naturalconexion.com/wp-content/plugins/woocommerce-payu-latam/confirmation.php :: abandoned cart deleted [565be45beef8626ef8f7b07cdeec77ac]
