2023-06-07T01:10:55+00:00 NOTICE action_scheduler.queue_job :: MailChimp_WooCommerce_Cart_Update queued :: obj_id 4c0228903e516f2fb0b00e6bc5519714
2023-06-07T01:10:57+00:00 NOTICE abandoned_cart.success :: email: shcerquera@gmail.com :: checkout_url: https://naturalconexion.com/checkout/?mc_cart_id=4c0228903e516f2fb0b00e6bc5519714
2023-06-07T01:10:58+00:00 NOTICE cart.member.updated :: Updated shcerquera@gmail.com subscriber status to subscribed and language to es
2023-06-07T01:16:32+00:00 NOTICE action_scheduler.queue_job :: MailChimp_WooCommerce_Single_Order starts in 90 seconds :: obj_id 24618
2023-06-07T01:16:35+00:00 NOTICE debug :: Order ID 24618 was pending and is now processing :: Array
(
    [new_order] => 1
    [tracking] => Array
        (
            [campaign_id] => 
            [landing_site] => https://naturalconexion.com/my-account/lost-password/?show-reset-form=true&action
        )

)

2023-06-07T01:18:25+00:00 NOTICE order.member.updated :: Updated shcerquera@gmail.com subscriber status to subscribed and language to es
2023-06-07T01:18:25+00:00 NOTICE order_submit.success :: addStoreOrder :: #24618 :: email: shcerquera@gmail.com :: landing site https://naturalconexion.com/my-account/lost-password/?show-reset-form=true&action :: abandoned cart deleted [4c0228903e516f2fb0b00e6bc5519714]
2023-06-07T01:39:13+00:00 NOTICE action_scheduler.queue_job :: MailChimp_WooCommerce_Single_Order starts in 90 seconds :: obj_id 24618
2023-06-07T01:39:15+00:00 NOTICE debug :: Order ID 24618 was processing and is now cancelled :: Array
(
    [new_order] => 
    [tracking] => 
)

2023-06-07T01:40:07+00:00 NOTICE action_scheduler.queue_job :: MailChimp_WooCommerce_Cart_Update queued :: obj_id 4c0228903e516f2fb0b00e6bc5519714
2023-06-07T01:40:54+00:00 NOTICE abandoned_cart.success :: email: shcerquera@gmail.com :: checkout_url: https://naturalconexion.com/checkout/?mc_cart_id=4c0228903e516f2fb0b00e6bc5519714
2023-06-07T01:40:58+00:00 NOTICE order.member.updated :: Updated shcerquera@gmail.com subscriber status to subscribed and language to 
2023-06-07T01:40:58+00:00 NOTICE order_submit.success :: updateStoreOrder :: #24618 :: email: shcerquera@gmail.com :: abandoned cart deleted [4c0228903e516f2fb0b00e6bc5519714]
2023-06-07T01:42:08+00:00 NOTICE action_scheduler.queue_job :: MailChimp_WooCommerce_Single_Order starts in 90 seconds :: obj_id 24619
2023-06-07T01:44:00+00:00 NOTICE debug :: Order ID 24619 was pending and is now processing :: Array
(
    [new_order] => 1
    [tracking] => Array
        (
            [campaign_id] => 
            [landing_site] => https://naturalconexion.com/wp-content/plugins/woocommerce-payu-latam/confirmation.php
        )

)

2023-06-07T01:46:07+00:00 NOTICE order.member.updated :: Updated shcerquera@gmail.com subscriber status to subscribed and language to es
2023-06-07T01:46:07+00:00 NOTICE order_submit.success :: addStoreOrder :: #24619 :: email: shcerquera@gmail.com :: landing site https://naturalconexion.com/checkout/order-received/24618/?key=wc_order_gxxls49d2Ko4l
2023-06-07T04:08:03+00:00 NOTICE action_scheduler.queue_job :: MailChimp_WooCommerce_Single_Order starts in 90 seconds :: obj_id 24621
2023-06-07T04:08:33+00:00 NOTICE action_scheduler.queue_job :: MailChimp_WooCommerce_Cart_Update queued :: obj_id 7d744cdca1ce8b9277f1a1dd5bed28d7
2023-06-07T04:08:42+00:00 NOTICE abandoned_cart.success :: email: tatywii44@gmail.com :: checkout_url: https://naturalconexion.com/checkout/?mc_cart_id=7d744cdca1ce8b9277f1a1dd5bed28d7
2023-06-07T04:08:43+00:00 NOTICE cart.member.updated :: Updated tatywii44@gmail.com subscriber status to subscribed and language to es
2023-06-07T04:09:49+00:00 NOTICE order_submit :: #24621 has a financial status of pending and was skipped.
2023-06-07T04:10:31+00:00 NOTICE action_scheduler.queue_job :: MailChimp_WooCommerce_Cart_Update queued :: obj_id 7d744cdca1ce8b9277f1a1dd5bed28d7
2023-06-07T04:10:54+00:00 NOTICE abandoned_cart.success :: email: tatywii44@gmail.com :: checkout_url: https://naturalconexion.com/checkout/?mc_cart_id=7d744cdca1ce8b9277f1a1dd5bed28d7
2023-06-07T04:12:12+00:00 NOTICE action_scheduler.queue_job :: MailChimp_WooCommerce_Cart_Update queued :: obj_id 7d744cdca1ce8b9277f1a1dd5bed28d7
2023-06-07T04:12:21+00:00 NOTICE abandoned_cart.success :: email: tatywii44@gmail.com :: checkout_url: https://naturalconexion.com/checkout/?mc_cart_id=7d744cdca1ce8b9277f1a1dd5bed28d7
2023-06-07T04:23:48+00:00 NOTICE action_scheduler.queue_job :: MailChimp_WooCommerce_Single_Order starts in 90 seconds :: obj_id 24622
2023-06-07T04:23:57+00:00 NOTICE action_scheduler.queue_job :: MailChimp_WooCommerce_Cart_Update queued :: obj_id 7d744cdca1ce8b9277f1a1dd5bed28d7
2023-06-07T04:25:25+00:00 NOTICE abandoned_cart.success :: email: tatywii44@gmail.com :: checkout_url: https://naturalconexion.com/checkout/?mc_cart_id=7d744cdca1ce8b9277f1a1dd5bed28d7
2023-06-07T04:25:27+00:00 NOTICE order_submit :: #24622 has a financial status of pending and was skipped.
2023-06-07T04:37:54+00:00 NOTICE action_scheduler.queue_job :: MailChimp_WooCommerce_Cart_Update queued :: obj_id a0d31847c87417371a5dd800765d6ecb
2023-06-07T04:38:23+00:00 NOTICE action_scheduler.queue_job :: MailChimp_WooCommerce_Single_Order starts in 90 seconds :: obj_id 24623
2023-06-07T04:40:24+00:00 NOTICE abandoned_cart.success :: email: rocket.440@hotmail.com :: checkout_url: https://naturalconexion.com/checkout/?mc_cart_id=a0d31847c87417371a5dd800765d6ecb
2023-06-07T04:40:25+00:00 NOTICE cart.member.updated :: Updated rocket.440@hotmail.com subscriber status to subscribed and language to es
2023-06-07T04:40:26+00:00 NOTICE order_submit :: #24623 has a financial status of pending and was skipped.
2023-06-07T05:16:02+00:00 NOTICE action_scheduler.queue_job :: MailChimp_WooCommerce_Single_Order starts in 90 seconds :: obj_id 24621
2023-06-07T05:16:02+00:00 NOTICE debug :: Order ID 24621 was pending and is now cancelled :: Array
(
    [new_order] => 
    [tracking] => 
)

2023-06-07T05:18:49+00:00 NOTICE order_submit :: #24621 has a financial status of cancelled and was skipped.
2023-06-07T06:16:09+00:00 NOTICE action_scheduler.queue_job :: MailChimp_WooCommerce_Single_Order starts in 90 seconds :: obj_id 24622
2023-06-07T06:16:10+00:00 NOTICE debug :: Order ID 24622 was pending and is now cancelled :: Array
(
    [new_order] => 
    [tracking] => 
)

2023-06-07T06:16:10+00:00 NOTICE action_scheduler.queue_job :: MailChimp_WooCommerce_Single_Order starts in 90 seconds :: obj_id 24623
2023-06-07T06:16:10+00:00 NOTICE debug :: Order ID 24623 was pending and is now cancelled :: Array
(
    [new_order] => 
    [tracking] => 
)

2023-06-07T06:18:20+00:00 NOTICE order_submit :: #24622 has a financial status of cancelled and was skipped.
2023-06-07T06:18:21+00:00 NOTICE order_submit :: #24623 has a financial status of cancelled and was skipped.
2023-06-07T11:45:41+00:00 NOTICE action_scheduler.queue_job :: MailChimp_WooCommerce_Cart_Update queued :: obj_id 91682662e2989771a6929f8c39ece2b0
2023-06-07T11:45:44+00:00 NOTICE abandoned_cart.success :: email: ntalyruiz@gmail.com :: checkout_url: https://naturalconexion.com/checkout/?mc_cart_id=91682662e2989771a6929f8c39ece2b0
2023-06-07T11:45:45+00:00 NOTICE cart.member.updated :: Updated ntalyruiz@gmail.com subscriber status to transactional and language to es
2023-06-07T11:48:53+00:00 NOTICE action_scheduler.queue_job :: MailChimp_WooCommerce_Single_Order starts in 90 seconds :: obj_id 24624
2023-06-07T11:50:59+00:00 NOTICE debug :: Order ID 24624 was pending and is now processing :: Array
(
    [new_order] => 1
    [tracking] => Array
        (
            [campaign_id] => 
            [landing_site] => https://naturalconexion.com/wp-content/plugins/woocommerce-payu-latam/confirmation.php
        )

)

2023-06-07T11:52:46+00:00 NOTICE order.member.updated :: Updated ntalyruiz@gmail.com subscriber status to subscribed and language to es
2023-06-07T11:52:46+00:00 NOTICE order_submit.success :: addStoreOrder :: #24624 :: email: ntalyruiz@gmail.com :: landing site https://naturalconexion.com/eco-nativa/ :: abandoned cart deleted [91682662e2989771a6929f8c39ece2b0]
2023-06-07T12:41:13+00:00 NOTICE action_scheduler.queue_job :: MailChimp_WooCommerce_Single_Order starts in 90 seconds :: obj_id 24576
2023-06-07T12:41:15+00:00 NOTICE debug :: Order ID 24576 was processing and is now completed :: Array
(
    [new_order] => 
    [tracking] => 
)

2023-06-07T12:41:15+00:00 NOTICE action_scheduler.queue_job :: MailChimp_WooCommerce_Single_Order starts in 90 seconds :: obj_id 24615
2023-06-07T12:41:16+00:00 NOTICE debug :: Order ID 24615 was processing and is now completed :: Array
(
    [new_order] => 
    [tracking] => 
)

2023-06-07T12:41:16+00:00 NOTICE action_scheduler.queue_job :: MailChimp_WooCommerce_Single_Order starts in 90 seconds :: obj_id 24617
2023-06-07T12:41:17+00:00 NOTICE debug :: Order ID 24617 was processing and is now completed :: Array
(
    [new_order] => 
    [tracking] => 
)

2023-06-07T12:41:17+00:00 NOTICE action_scheduler.queue_job :: MailChimp_WooCommerce_Single_Order starts in 90 seconds :: obj_id 24619
2023-06-07T12:41:19+00:00 NOTICE debug :: Order ID 24619 was processing and is now completed :: Array
(
    [new_order] => 
    [tracking] => 
)

2023-06-07T12:43:09+00:00 NOTICE order.member.updated :: Updated alfisica@hotmail.es subscriber status to subscribed and language to 
2023-06-07T12:43:09+00:00 NOTICE order_submit.success :: updateStoreOrder :: #24576 :: email: alfisica@hotmail.es
2023-06-07T12:43:12+00:00 NOTICE order.member.updated :: Updated Jeny.herrera001@gmail.com subscriber status to subscribed and language to 
2023-06-07T12:43:12+00:00 NOTICE order_submit.success :: updateStoreOrder :: #24615 :: email: Jeny.herrera001@gmail.com
2023-06-07T12:43:15+00:00 NOTICE order.member.updated :: Updated claudiaccallejas@hotmail.com subscriber status to subscribed and language to 
2023-06-07T12:43:15+00:00 NOTICE order_submit.success :: updateStoreOrder :: #24617 :: email: claudiaccallejas@hotmail.com
2023-06-07T12:43:18+00:00 NOTICE order.member.updated :: Updated shcerquera@gmail.com subscriber status to subscribed and language to 
2023-06-07T12:43:18+00:00 NOTICE order_submit.success :: updateStoreOrder :: #24619 :: email: shcerquera@gmail.com
2023-06-07T15:03:29+00:00 NOTICE action_scheduler.queue_job :: MailChimp_WooCommerce_Cart_Update queued :: obj_id e87c50fee11f97b1d915bce672a273ef
2023-06-07T15:03:55+00:00 NOTICE abandoned_cart.success :: email: jrodriguez_580@hotmail.com :: checkout_url: https://naturalconexion.com/checkout/?mc_cart_id=e87c50fee11f97b1d915bce672a273ef
2023-06-07T15:03:55+00:00 NOTICE cart.member.updated :: Updated jrodriguez_580@hotmail.com subscriber status to transactional and language to es
2023-06-07T15:04:02+00:00 NOTICE action_scheduler.queue_job :: MailChimp_WooCommerce_Cart_Update queued :: obj_id e87c50fee11f97b1d915bce672a273ef
2023-06-07T15:04:25+00:00 NOTICE abandoned_cart.success :: email: jrodriguez_580@hotmail.com :: checkout_url: https://naturalconexion.com/checkout/?mc_cart_id=e87c50fee11f97b1d915bce672a273ef
2023-06-07T15:20:24+00:00 NOTICE action_scheduler.queue_job :: MailChimp_WooCommerce_Cart_Update queued :: obj_id 29751543538c4128b1f3e83fdaa9ebd2
2023-06-07T15:20:26+00:00 NOTICE abandoned_cart.success :: email: cristiza0212@hotmail.com :: checkout_url: https://naturalconexion.com/checkout/?mc_cart_id=29751543538c4128b1f3e83fdaa9ebd2
2023-06-07T15:20:26+00:00 NOTICE cart.member.updated :: Updated cristiza0212@hotmail.com subscriber status to transactional and language to es
2023-06-07T15:21:10+00:00 NOTICE action_scheduler.queue_job :: MailChimp_WooCommerce_Single_Order starts in 90 seconds :: obj_id 24626
2023-06-07T15:22:58+00:00 NOTICE debug :: Order ID 24626 was pending and is now processing :: Array
(
    [new_order] => 1
    [tracking] => Array
        (
            [campaign_id] => 
            [landing_site] => https://naturalconexion.com/wp-content/plugins/woocommerce-payu-latam/confirmation.php
        )

)

2023-06-07T15:25:07+00:00 NOTICE order.member.updated :: Updated cristiza0212@hotmail.com subscriber status to transactional and language to es
2023-06-07T15:25:07+00:00 NOTICE order_submit.success :: addStoreOrder :: #24626 :: email: cristiza0212@hotmail.com :: landing site https://naturalconexion.com/tienda/?gclid=CjwKCAjw1YCkBhAOEiwA5aN4AddFt8pNz0HiwRcPeK0n-2LoJgB6U4W4pvEegYAo1EBfrW0ti-rUIxoCbSMQAvD_BwE :: abandoned cart deleted [29751543538c4128b1f3e83fdaa9ebd2]
