2023-02-07T00:48:56+00:00 NOTICE action_scheduler.queue_job :: MailChimp_WooCommerce_Single_Order starts in 90 seconds :: obj_id 23247
2023-02-07T00:48:56+00:00 NOTICE debug :: Order ID 23247 was pending and is now cancelled :: Array
(
    [new_order] => 
    [tracking] => 
)

2023-02-07T00:50:42+00:00 NOTICE order_submit :: #23247 has a financial status of cancelled and was skipped.
2023-02-07T01:24:13+00:00 NOTICE action_scheduler.queue_job :: MailChimp_WooCommerce_Cart_Update queued :: obj_id d4ec23b13836aa027ba66c0c02c4d5eb
2023-02-07T01:24:15+00:00 NOTICE abandoned_cart.success :: email: carmogira@gmail.com :: checkout_url: https://naturalconexion.com/checkout/?mc_cart_id=d4ec23b13836aa027ba66c0c02c4d5eb
2023-02-07T01:24:16+00:00 NOTICE cart.member.updated :: Updated carmogira@gmail.com subscriber status to transactional and language to es
2023-02-07T01:25:03+00:00 NOTICE action_scheduler.queue_job :: MailChimp_WooCommerce_Cart_Update queued :: obj_id d4ec23b13836aa027ba66c0c02c4d5eb
2023-02-07T01:25:39+00:00 NOTICE abandoned_cart.success :: email: carmogira@gmail.com :: checkout_url: https://naturalconexion.com/checkout/?mc_cart_id=d4ec23b13836aa027ba66c0c02c4d5eb
2023-02-07T01:26:05+00:00 NOTICE action_scheduler.queue_job :: MailChimp_WooCommerce_Single_Order starts in 90 seconds :: obj_id 23248
2023-02-07T01:27:37+00:00 NOTICE order_submit :: #23248 has a financial status of pending and was skipped.
2023-02-07T01:28:03+00:00 NOTICE action_scheduler.queue_job :: MailChimp_WooCommerce_Single_Order starts in 90 seconds :: obj_id 23248
2023-02-07T01:28:06+00:00 NOTICE debug :: Order ID 23248 was pending and is now processing :: Array
(
    [new_order] => 1
    [tracking] => Array
        (
            [campaign_id] => 
            [landing_site] => https://naturalconexion.com/wp-content/plugins/woocommerce-payu-latam/confirmation.php
        )

)

2023-02-07T01:30:41+00:00 NOTICE order.member.updated :: Updated carmogira@gmail.com subscriber status to transactional and language to 
2023-02-07T01:30:41+00:00 NOTICE order_submit.success :: addStoreOrder :: #23248 :: email: carmogira@gmail.com :: landing site https://naturalconexion.com/wp-content/plugins/woocommerce-payu-latam/confirmation.php :: abandoned cart deleted [d4ec23b13836aa027ba66c0c02c4d5eb]
2023-02-07T06:26:54+00:00 NOTICE action_scheduler.queue_job :: MailChimp_WooCommerce_Cart_Update queued :: obj_id 271a1d62bf9be2dcbe84f47410d971a7
2023-02-07T06:27:10+00:00 NOTICE action_scheduler.queue_job :: MailChimp_WooCommerce_User_Submit queued :: obj_id 2414
2023-02-07T06:27:11+00:00 NOTICE action_scheduler.queue_job :: MailChimp_WooCommerce_Single_Order starts in 90 seconds :: obj_id 23249
2023-02-07T06:27:36+00:00 NOTICE abandoned_cart.success :: email: juanselop01@gmail.com :: checkout_url: https://naturalconexion.com/checkout/?mc_cart_id=271a1d62bf9be2dcbe84f47410d971a7
2023-02-07T06:27:37+00:00 NOTICE cart.member.updated :: Updated juanselop01@gmail.com subscriber status to subscribed and language to es
2023-02-07T06:27:37+00:00 NOTICE member.sync :: Updated Member juanselop01@gmail.com :: Array
(
    [status] => subscribed
    [language] => 
    [merge_fields] => Array
        (
            [FNAME] => juan sebastian
            [LNAME] => lopez
        )

    [gdpr_fields] => 
)

2023-02-07T06:28:54+00:00 NOTICE debug :: Order ID 23249 was pending and is now processing :: Array
(
    [new_order] => 1
    [tracking] => Array
        (
            [campaign_id] => 
            [landing_site] => https://naturalconexion.com/wp-content/plugins/woocommerce-payu-latam/confirmation.php
        )

)

2023-02-07T06:28:54+00:00 NOTICE action_scheduler.queue_job :: MailChimp_WooCommerce_User_Submit queued :: obj_id 2414
2023-02-07T06:29:28+00:00 NOTICE member.sync :: Updated Member juanselop01@gmail.com :: Array
(
    [status] => subscribed
    [language] => 
    [merge_fields] => Array
        (
            [FNAME] => juan sebastian
            [LNAME] => lopez
        )

    [gdpr_fields] => 
)

2023-02-07T06:31:30+00:00 NOTICE order.member.updated :: Updated juanselop01@gmail.com subscriber status to subscribed and language to es
2023-02-07T06:31:30+00:00 NOTICE order_submit.success :: addStoreOrder :: #23249 :: email: juanselop01@gmail.com :: landing site https://naturalconexion.com/ :: abandoned cart deleted [271a1d62bf9be2dcbe84f47410d971a7]
2023-02-07T11:36:23+00:00 NOTICE action_scheduler.queue_job :: MailChimp_WooCommerce_Single_Order starts in 90 seconds :: obj_id 23250
2023-02-07T11:38:41+00:00 NOTICE order_submit :: #23250 has a financial status of pending and was skipped.
2023-02-07T12:48:51+00:00 NOTICE action_scheduler.queue_job :: MailChimp_WooCommerce_Cart_Update queued :: obj_id 9d60f18ded4a7d6dc93d5f672eb5ade1
2023-02-07T12:49:46+00:00 NOTICE abandoned_cart.success :: email: acrojas47@misena.edu.co :: checkout_url: https://naturalconexion.com/checkout/?mc_cart_id=9d60f18ded4a7d6dc93d5f672eb5ade1
2023-02-07T12:49:46+00:00 NOTICE cart.member.updated :: Updated acrojas47@misena.edu.co subscriber status to transactional and language to es
2023-02-07T12:58:37+00:00 NOTICE action_scheduler.queue_job :: MailChimp_WooCommerce_Single_Order starts in 90 seconds :: obj_id 23250
2023-02-07T12:58:38+00:00 NOTICE debug :: Order ID 23250 was pending and is now cancelled :: Array
(
    [new_order] => 
    [tracking] => 
)

2023-02-07T13:00:28+00:00 NOTICE action_scheduler.queue_job :: MailChimp_WooCommerce_Single_Order starts in 90 seconds :: obj_id 23240
2023-02-07T13:00:31+00:00 NOTICE debug :: Order ID 23240 was processing and is now completed :: Array
(
    [new_order] => 
    [tracking] => 
)

2023-02-07T13:00:31+00:00 NOTICE action_scheduler.queue_job :: MailChimp_WooCommerce_Single_Order starts in 90 seconds :: obj_id 23245
2023-02-07T13:00:34+00:00 NOTICE debug :: Order ID 23245 was processing and is now completed :: Array
(
    [new_order] => 
    [tracking] => 
)

2023-02-07T13:00:34+00:00 NOTICE action_scheduler.queue_job :: MailChimp_WooCommerce_Single_Order starts in 90 seconds :: obj_id 23246
2023-02-07T13:00:37+00:00 NOTICE debug :: Order ID 23246 was processing and is now completed :: Array
(
    [new_order] => 
    [tracking] => 
)

2023-02-07T13:00:37+00:00 NOTICE action_scheduler.queue_job :: MailChimp_WooCommerce_Single_Order starts in 90 seconds :: obj_id 23248
2023-02-07T13:00:39+00:00 NOTICE debug :: Order ID 23248 was processing and is now completed :: Array
(
    [new_order] => 
    [tracking] => 
)

2023-02-07T13:00:39+00:00 NOTICE action_scheduler.queue_job :: MailChimp_WooCommerce_Single_Order starts in 90 seconds :: obj_id 23249
2023-02-07T13:00:41+00:00 NOTICE debug :: Order ID 23249 was processing and is now completed :: Array
(
    [new_order] => 
    [tracking] => 
)

2023-02-07T13:00:48+00:00 NOTICE order_submit :: #23250 has a financial status of cancelled and was skipped.
2023-02-07T13:02:08+00:00 NOTICE order.member.updated :: Updated zulmagarzonr@gmail.com subscriber status to transactional and language to 
2023-02-07T13:02:08+00:00 NOTICE order_submit.success :: updateStoreOrder :: #23240 :: email: zulmagarzonr@gmail.com
2023-02-07T13:02:09+00:00 NOTICE order.member.updated :: Updated carmogira@gmail.com subscriber status to transactional and language to 
2023-02-07T13:02:09+00:00 NOTICE order_submit.success :: updateStoreOrder :: #23248 :: email: carmogira@gmail.com
2023-02-07T13:02:10+00:00 NOTICE order.member.updated :: Updated dianymari82@hotmail.com subscriber status to subscribed and language to 
2023-02-07T13:02:10+00:00 NOTICE order_submit.success :: updateStoreOrder :: #23245 :: email: dianymari82@hotmail.com
2023-02-07T13:02:11+00:00 NOTICE order.member.updated :: Updated juanselop01@gmail.com subscriber status to subscribed and language to 
2023-02-07T13:02:11+00:00 NOTICE order_submit.success :: updateStoreOrder :: #23249 :: email: juanselop01@gmail.com
2023-02-07T13:02:12+00:00 NOTICE order.member.updated :: Updated rubio_r2@hotmail.com subscriber status to transactional and language to 
2023-02-07T13:02:12+00:00 NOTICE order_submit.success :: updateStoreOrder :: #23246 :: email: rubio_r2@hotmail.com
2023-02-07T13:08:27+00:00 NOTICE action_scheduler.queue_job :: MailChimp_WooCommerce_Cart_Update queued :: obj_id f4eb59779f51233d4bd172c1a38e1aba
2023-02-07T13:08:40+00:00 NOTICE action_scheduler.queue_job :: MailChimp_WooCommerce_Single_Order starts in 90 seconds :: obj_id 23251
2023-02-07T13:08:42+00:00 NOTICE abandoned_cart.success :: email: y.gonzalas@gmail.com :: checkout_url: https://naturalconexion.com/checkout/?mc_cart_id=f4eb59779f51233d4bd172c1a38e1aba
2023-02-07T13:08:42+00:00 NOTICE cart.member.updated :: Updated y.gonzalas@gmail.com subscriber status to subscribed and language to es
2023-02-07T13:10:39+00:00 NOTICE order_submit :: #23251 has a financial status of pending and was skipped.
2023-02-07T13:12:10+00:00 NOTICE action_scheduler.queue_job :: MailChimp_WooCommerce_Single_Order starts in 90 seconds :: obj_id 23251
2023-02-07T13:12:13+00:00 NOTICE debug :: Order ID 23251 was pending and is now processing :: Array
(
    [new_order] => 1
    [tracking] => Array
        (
            [campaign_id] => 
            [landing_site] => https://naturalconexion.com/wp-content/plugins/woocommerce-payu-latam/confirmation.php
        )

)

2023-02-07T13:13:54+00:00 NOTICE order.member.updated :: Updated y.gonzalas@gmail.com subscriber status to subscribed and language to 
2023-02-07T13:13:54+00:00 NOTICE order_submit.success :: addStoreOrder :: #23251 :: email: y.gonzalas@gmail.com :: landing site https://naturalconexion.com/wp-content/plugins/woocommerce-payu-latam/confirmation.php :: abandoned cart deleted [f4eb59779f51233d4bd172c1a38e1aba]
2023-02-07T14:32:37+00:00 NOTICE action_scheduler.queue_job :: MailChimp_WooCommerce_Single_Order starts in 90 seconds :: obj_id 23251
2023-02-07T14:32:41+00:00 NOTICE debug :: Order ID 23251 was processing and is now completed :: Array
(
    [new_order] => 
    [tracking] => 
)

2023-02-07T14:34:27+00:00 NOTICE order.member.updated :: Updated y.gonzalas@gmail.com subscriber status to subscribed and language to 
2023-02-07T14:34:27+00:00 NOTICE order_submit.success :: updateStoreOrder :: #23251 :: email: y.gonzalas@gmail.com
2023-02-07T15:03:56+00:00 NOTICE action_scheduler.queue_job :: MailChimp_WooCommerce_Cart_Update queued :: obj_id 9d60f18ded4a7d6dc93d5f672eb5ade1
2023-02-07T15:05:38+00:00 NOTICE abandoned_cart.success :: email: acrojas47@misena.edu.co :: checkout_url: https://naturalconexion.com/checkout/?mc_cart_id=9d60f18ded4a7d6dc93d5f672eb5ade1
2023-02-07T15:05:38+00:00 NOTICE cart.member.updated :: Updated acrojas47@misena.edu.co subscriber status to transactional and language to es
2023-02-07T17:30:23+00:00 NOTICE action_scheduler.queue_job :: MailChimp_WooCommerce_Cart_Update queued :: obj_id b4c657886710031e3a21f62ed38db5ca
2023-02-07T17:31:54+00:00 NOTICE abandoned_cart.success :: email: e.florez@cmillar.co :: checkout_url: https://naturalconexion.com/checkout/?mc_cart_id=b4c657886710031e3a21f62ed38db5ca
2023-02-07T17:31:54+00:00 NOTICE cart.member.updated :: Updated e.florez@cmillar.co subscriber status to transactional and language to es
2023-02-07T18:31:48+00:00 NOTICE action_scheduler.queue_job :: MailChimp_WooCommerce_Cart_Update queued :: obj_id a44ead95de7754f811f20980b2280c71
2023-02-07T18:32:45+00:00 NOTICE abandoned_cart.success :: email: giac_abg@hotmail.com :: checkout_url: https://naturalconexion.com/checkout/?mc_cart_id=a44ead95de7754f811f20980b2280c71
2023-02-07T18:32:46+00:00 NOTICE cart.member.updated :: Updated giac_abg@hotmail.com subscriber status to transactional and language to es
2023-02-07T18:33:15+00:00 NOTICE action_scheduler.queue_job :: MailChimp_WooCommerce_Single_Order starts in 90 seconds :: obj_id 23252
2023-02-07T18:35:28+00:00 NOTICE order_submit :: #23252 has a financial status of pending and was skipped.
2023-02-07T18:36:10+00:00 NOTICE action_scheduler.queue_job :: MailChimp_WooCommerce_Single_Order starts in 90 seconds :: obj_id 23252
2023-02-07T18:36:12+00:00 NOTICE debug :: Order ID 23252 was pending and is now processing :: Array
(
    [new_order] => 1
    [tracking] => Array
        (
            [campaign_id] => 
            [landing_site] => https://naturalconexion.com/wp-content/plugins/woocommerce-payu-latam/confirmation.php
        )

)

2023-02-07T18:38:36+00:00 NOTICE order.member.updated :: Updated giac_abg@hotmail.com subscriber status to subscribed and language to 
2023-02-07T18:38:36+00:00 NOTICE order_submit.success :: addStoreOrder :: #23252 :: email: giac_abg@hotmail.com :: landing site https://naturalconexion.com/wp-content/plugins/woocommerce-payu-latam/confirmation.php :: abandoned cart deleted [a44ead95de7754f811f20980b2280c71]
2023-02-07T21:09:13+00:00 NOTICE action_scheduler.queue_job :: MailChimp_WooCommerce_Single_Order starts in 90 seconds :: obj_id 23243
2023-02-07T21:09:16+00:00 NOTICE debug :: Order ID 23243 was cancelled and is now processing :: Array
(
    [new_order] => 
    [tracking] => 
)

2023-02-07T21:11:51+00:00 NOTICE order.member.updated :: Updated Mauricioperez_vasquez@hotmail.com subscriber status to subscribed and language to 
2023-02-07T21:11:51+00:00 NOTICE order_submit.success :: addStoreOrder :: #23243 :: email: Mauricioperez_vasquez@hotmail.com :: landing site https://naturalconexion.com/wp-content/plugins/woocommerce-payu-latam/confirmation.php
2023-02-07T22:48:42+00:00 NOTICE action_scheduler.queue_job :: MailChimp_WooCommerce_Cart_Update queued :: obj_id 9d60f18ded4a7d6dc93d5f672eb5ade1
2023-02-07T22:48:48+00:00 NOTICE action_scheduler.queue_job :: MailChimp_WooCommerce_Single_Order starts in 90 seconds :: obj_id 23253
2023-02-07T22:49:15+00:00 NOTICE abandoned_cart.success :: email: acrojas47@misena.edu.co :: checkout_url: https://naturalconexion.com/checkout/?mc_cart_id=9d60f18ded4a7d6dc93d5f672eb5ade1
2023-02-07T22:49:15+00:00 NOTICE cart.member.updated :: Updated acrojas47@misena.edu.co subscriber status to transactional and language to es
2023-02-07T22:50:52+00:00 NOTICE order_submit :: #23253 has a financial status of pending and was skipped.
2023-02-07T23:51:19+00:00 NOTICE action_scheduler.queue_job :: MailChimp_WooCommerce_Single_Order starts in 90 seconds :: obj_id 23253
2023-02-07T23:51:21+00:00 NOTICE debug :: Order ID 23253 was pending and is now processing :: Array
(
    [new_order] => 1
    [tracking] => Array
        (
            [campaign_id] => 
            [landing_site] => https://naturalconexion.com/wp-content/plugins/woocommerce-payu-latam/confirmation.php
        )

)

2023-02-07T23:53:30+00:00 NOTICE order.member.updated :: Updated acrojas47@misena.edu.co subscriber status to subscribed and language to 
2023-02-07T23:53:30+00:00 NOTICE order_submit.success :: addStoreOrder :: #23253 :: email: acrojas47@misena.edu.co :: landing site https://naturalconexion.com/wp-content/plugins/woocommerce-payu-latam/confirmation.php :: abandoned cart deleted [9d60f18ded4a7d6dc93d5f672eb5ade1]
2023-02-07T23:56:08+00:00 NOTICE action_scheduler.queue_job :: MailChimp_WooCommerce_Cart_Update queued :: obj_id dc6b2e7947c1dc69cf81b42df9b395e6
2023-02-07T23:56:52+00:00 NOTICE action_scheduler.queue_job :: MailChimp_WooCommerce_Single_Order starts in 90 seconds :: obj_id 23254
2023-02-07T23:57:10+00:00 NOTICE abandoned_cart.success :: email: andrea.velandia17@outlook.com :: checkout_url: https://naturalconexion.com/checkout/?mc_cart_id=dc6b2e7947c1dc69cf81b42df9b395e6
2023-02-07T23:57:10+00:00 NOTICE cart.member.updated :: Updated andrea.velandia17@outlook.com subscriber status to transactional and language to es
2023-02-07T23:57:59+00:00 NOTICE action_scheduler.queue_job :: MailChimp_WooCommerce_Cart_Update queued :: obj_id dc6b2e7947c1dc69cf81b42df9b395e6
2023-02-07T23:58:39+00:00 NOTICE abandoned_cart.success :: email: andrea.velandia17@outlook.com :: checkout_url: https://naturalconexion.com/checkout/?mc_cart_id=dc6b2e7947c1dc69cf81b42df9b395e6
2023-02-07T23:58:40+00:00 NOTICE order_submit :: #23254 has a financial status of pending and was skipped.
