2022-07-19T01:28:04+00:00 NOTICE action_scheduler.queue_job :: MailChimp_WooCommerce_Cart_Update queued :: obj_id d64de22d927982c79339aad6d8ff741e
2022-07-19T01:28:32+00:00 NOTICE abandoned_cart.success :: email: assilem_99@outlook.es :: checkout_url: https://naturalconexion.com/checkout/?mc_cart_id=d64de22d927982c79339aad6d8ff741e
2022-07-19T01:28:32+00:00 NOTICE cart.member.updated :: Updated assilem_99@outlook.es subscriber status to transactional and language to es
2022-07-19T01:29:02+00:00 NOTICE action_scheduler.queue_job :: MailChimp_WooCommerce_Single_Order starts in 90 seconds :: obj_id 21157
2022-07-19T01:30:44+00:00 NOTICE order_submit :: #21157 has a financial status of pending and was skipped.
2022-07-19T01:37:29+00:00 NOTICE action_scheduler.queue_job :: MailChimp_WooCommerce_Cart_Update queued :: obj_id c45aa739b5e0b4a5f76d56bb1f1fb031
2022-07-19T01:37:46+00:00 NOTICE abandoned_cart.success :: email: lauraisabeltamayo@gmail.com :: checkout_url: https://naturalconexion.com/checkout/?mc_cart_id=c45aa739b5e0b4a5f76d56bb1f1fb031
2022-07-19T01:37:47+00:00 NOTICE cart.member.updated :: Updated lauraisabeltamayo@gmail.com subscriber status to subscribed and language to es
2022-07-19T01:37:52+00:00 NOTICE action_scheduler.queue_job :: MailChimp_WooCommerce_Single_Order starts in 90 seconds :: obj_id 21158
2022-07-19T01:39:50+00:00 NOTICE debug :: Order ID 21158 was pending and is now processing :: Array
(
    [new_order] => 1
    [tracking] => Array
        (
            [campaign_id] => 
            [landing_site] => https://naturalconexion.com/wp-content/plugins/woocommerce-payu-latam/confirmation.php
        )

)

2022-07-19T01:41:33+00:00 NOTICE order.member.updated :: Updated lauraisabeltamayo@gmail.com subscriber status to subscribed and language to es
2022-07-19T01:41:33+00:00 NOTICE order_submit.success :: addStoreOrder :: #21158 :: email: lauraisabeltamayo@gmail.com :: landing site https://naturalconexion.com/tienda/?gclid=Cj0KCQjwidSWBhDdARIsAIoTVb3yErXdXMWBj1tol6FVmwX1on53cKudIyrhfqVtZWW81pHJ2i9Ya8QaAhnEEALw_wcB :: abandoned cart deleted [c45aa739b5e0b4a5f76d56bb1f1fb031]
2022-07-19T02:37:55+00:00 NOTICE action_scheduler.queue_job :: MailChimp_WooCommerce_Single_Order starts in 90 seconds :: obj_id 21157
2022-07-19T02:37:59+00:00 NOTICE debug :: Order ID 21157 was pending and is now processing :: Array
(
    [new_order] => 1
    [tracking] => Array
        (
            [campaign_id] => 
            [landing_site] => https://naturalconexion.com/wp-content/plugins/woocommerce-payu-latam/confirmation.php
        )

)

2022-07-19T02:39:57+00:00 NOTICE order.member.updated :: Updated assilem_99@outlook.es subscriber status to transactional and language to 
2022-07-19T02:39:57+00:00 NOTICE order_submit.success :: addStoreOrder :: #21157 :: email: assilem_99@outlook.es :: landing site https://naturalconexion.com/wp-content/plugins/woocommerce-payu-latam/confirmation.php :: abandoned cart deleted [d64de22d927982c79339aad6d8ff741e]
2022-07-19T02:43:44+00:00 NOTICE action_scheduler.queue_job :: MailChimp_WooCommerce_Cart_Update queued :: obj_id 7f8a3595ed2aacb0f6b91f476a11c9ee
2022-07-19T02:43:50+00:00 NOTICE abandoned_cart.success :: email: camila.alba1991@gmail.com :: checkout_url: https://naturalconexion.com/checkout/?mc_cart_id=7f8a3595ed2aacb0f6b91f476a11c9ee
2022-07-19T02:43:50+00:00 NOTICE cart.member.updated :: Updated camila.alba1991@gmail.com subscriber status to transactional and language to es
2022-07-19T02:54:06+00:00 NOTICE action_scheduler.queue_job :: MailChimp_WooCommerce_Cart_Update queued :: obj_id 7f8a3595ed2aacb0f6b91f476a11c9ee
2022-07-19T02:55:09+00:00 NOTICE abandoned_cart.success :: email: camila.alba1991@gmail.com :: checkout_url: https://naturalconexion.com/checkout/?mc_cart_id=7f8a3595ed2aacb0f6b91f476a11c9ee
2022-07-19T02:55:28+00:00 NOTICE action_scheduler.queue_job :: MailChimp_WooCommerce_Cart_Update queued :: obj_id 7f8a3595ed2aacb0f6b91f476a11c9ee
2022-07-19T02:55:45+00:00 NOTICE abandoned_cart.success :: email: camila.alba1991@gmail.com :: checkout_url: https://naturalconexion.com/checkout/?mc_cart_id=7f8a3595ed2aacb0f6b91f476a11c9ee
2022-07-19T02:56:22+00:00 NOTICE action_scheduler.queue_job :: MailChimp_WooCommerce_Single_Order starts in 90 seconds :: obj_id 21159
2022-07-19T02:56:59+00:00 NOTICE debug :: Order ID 21159 was pending and is now processing :: Array
(
    [new_order] => 1
    [tracking] => Array
        (
            [campaign_id] => 
            [landing_site] => https://naturalconexion.com/?wc-api=wc_addi_gateway
        )

)

2022-07-19T02:59:47+00:00 NOTICE order.member.updated :: Updated camila.alba1991@gmail.com subscriber status to subscribed and language to es
2022-07-19T02:59:47+00:00 NOTICE order_submit.success :: addStoreOrder :: #21159 :: email: camila.alba1991@gmail.com :: landing site https://naturalconexion.com/tienda/?gclid=Cj0KCQjwidSWBhDdARIsAIoTVb1Rn-ZTnIYZSIJhP8__sU8bdmj-OUU3mJjWkaV5k55298Ebv8rAsTsaAlH-EALw_wcB :: abandoned cart deleted [7f8a3595ed2aacb0f6b91f476a11c9ee]
2022-07-19T03:15:16+00:00 NOTICE action_scheduler.queue_job :: MailChimp_WooCommerce_User_Submit queued :: obj_id 2268
2022-07-19T03:15:46+00:00 NOTICE member.sync :: Updated Member nikoemozza@gmail.com :: Array
(
    [previous_status] => transactional
    [status] => 
    [language] => 
    [merge_fields] => Array
        (
        )

    [gdpr_fields] => 
)

2022-07-19T04:05:35+00:00 NOTICE action_scheduler.queue_job :: MailChimp_WooCommerce_Cart_Update queued :: obj_id 0ccfed627321fd91ef900a552aa1fe6e
2022-07-19T04:06:37+00:00 NOTICE abandoned_cart.success :: email: nikoemozza@gmail.com :: checkout_url: https://naturalconexion.com/checkout/?mc_cart_id=0ccfed627321fd91ef900a552aa1fe6e
2022-07-19T04:06:38+00:00 NOTICE cart.member.updated :: Updated nikoemozza@gmail.com subscriber status to transactional and language to es
2022-07-19T04:06:41+00:00 NOTICE action_scheduler.queue_job :: MailChimp_WooCommerce_Cart_Update queued :: obj_id 0ccfed627321fd91ef900a552aa1fe6e
2022-07-19T04:06:43+00:00 NOTICE abandoned_cart.success :: email: nikoemozza@gmail.com :: checkout_url: https://naturalconexion.com/checkout/?mc_cart_id=0ccfed627321fd91ef900a552aa1fe6e
2022-07-19T04:07:49+00:00 NOTICE action_scheduler.queue_job :: MailChimp_WooCommerce_Cart_Update queued :: obj_id 0ccfed627321fd91ef900a552aa1fe6e
2022-07-19T04:07:51+00:00 NOTICE abandoned_cart.success :: email: nikoemozza@gmail.com :: checkout_url: https://naturalconexion.com/checkout/?mc_cart_id=0ccfed627321fd91ef900a552aa1fe6e
2022-07-19T04:09:41+00:00 NOTICE action_scheduler.queue_job :: MailChimp_WooCommerce_Cart_Update queued :: obj_id 0ccfed627321fd91ef900a552aa1fe6e
2022-07-19T04:09:53+00:00 NOTICE abandoned_cart.success :: email: nikoemozza@gmail.com :: checkout_url: https://naturalconexion.com/checkout/?mc_cart_id=0ccfed627321fd91ef900a552aa1fe6e
2022-07-19T04:10:08+00:00 NOTICE action_scheduler.queue_job :: MailChimp_WooCommerce_Cart_Update queued :: obj_id 0ccfed627321fd91ef900a552aa1fe6e
2022-07-19T04:10:11+00:00 NOTICE abandoned_cart.success :: email: nikoemozza@gmail.com :: checkout_url: https://naturalconexion.com/checkout/?mc_cart_id=0ccfed627321fd91ef900a552aa1fe6e
2022-07-19T04:12:13+00:00 NOTICE action_scheduler.queue_job :: MailChimp_WooCommerce_Cart_Update queued :: obj_id 0ccfed627321fd91ef900a552aa1fe6e
2022-07-19T04:12:15+00:00 NOTICE abandoned_cart.success :: email: nikoemozza@gmail.com :: checkout_url: https://naturalconexion.com/checkout/?mc_cart_id=0ccfed627321fd91ef900a552aa1fe6e
2022-07-19T04:12:32+00:00 NOTICE action_scheduler.queue_job :: MailChimp_WooCommerce_Cart_Update queued :: obj_id 0ccfed627321fd91ef900a552aa1fe6e
2022-07-19T04:14:47+00:00 NOTICE abandoned_cart.success :: email: nikoemozza@gmail.com :: checkout_url: https://naturalconexion.com/checkout/?mc_cart_id=0ccfed627321fd91ef900a552aa1fe6e
2022-07-19T04:19:44+00:00 NOTICE action_scheduler.queue_job :: MailChimp_WooCommerce_Cart_Update queued :: obj_id 0ccfed627321fd91ef900a552aa1fe6e
2022-07-19T04:19:47+00:00 NOTICE abandoned_cart.success :: email: nikoemozza@gmail.com :: checkout_url: https://naturalconexion.com/checkout/?mc_cart_id=0ccfed627321fd91ef900a552aa1fe6e
2022-07-19T04:28:23+00:00 NOTICE action_scheduler.queue_job :: MailChimp_WooCommerce_Cart_Update queued :: obj_id 0ccfed627321fd91ef900a552aa1fe6e
2022-07-19T04:28:25+00:00 NOTICE abandoned_cart.success :: email: nikoemozza@gmail.com :: checkout_url: https://naturalconexion.com/checkout/?mc_cart_id=0ccfed627321fd91ef900a552aa1fe6e
2022-07-19T12:01:33+00:00 NOTICE action_scheduler.queue_job :: MailChimp_WooCommerce_Cart_Update queued :: obj_id 6b42df0e42b935ddc8aa362ae9cfa8ce
2022-07-19T12:01:56+00:00 NOTICE abandoned_cart.success :: email: milenamachadov@gmail.com :: checkout_url: https://naturalconexion.com/checkout/?mc_cart_id=6b42df0e42b935ddc8aa362ae9cfa8ce
2022-07-19T12:01:57+00:00 NOTICE cart.member.updated :: Updated milenamachadov@gmail.com subscriber status to subscribed and language to es
2022-07-19T12:08:38+00:00 NOTICE action_scheduler.queue_job :: MailChimp_WooCommerce_User_Submit queued :: obj_id 1785
2022-07-19T12:08:38+00:00 NOTICE action_scheduler.queue_job :: MailChimp_WooCommerce_Single_Order starts in 90 seconds :: obj_id 21160
2022-07-19T12:09:27+00:00 NOTICE member.sync :: Updated Member milenamachadov@gmail.com :: Array
(
    [status] => subscribed
    [language] => 
    [merge_fields] => Array
        (
            [FNAME] => Milena
            [LNAME] => Machado Valenzuela
        )

    [gdpr_fields] => 
)

2022-07-19T12:10:33+00:00 NOTICE order_submit :: #21160 has a financial status of pending and was skipped.
2022-07-19T12:12:53+00:00 NOTICE action_scheduler.queue_job :: MailChimp_WooCommerce_Single_Order starts in 90 seconds :: obj_id 21160
2022-07-19T12:12:56+00:00 NOTICE debug :: Order ID 21160 was pending and is now processing :: Array
(
    [new_order] => 1
    [tracking] => Array
        (
            [campaign_id] => 
            [landing_site] => https://naturalconexion.com/wp-content/plugins/woocommerce-payu-latam/confirmation.php
        )

)

2022-07-19T12:15:13+00:00 NOTICE order.member.updated :: Updated milenamachadov@gmail.com subscriber status to subscribed and language to 
2022-07-19T12:15:13+00:00 NOTICE order_submit.success :: addStoreOrder :: #21160 :: email: milenamachadov@gmail.com :: landing site https://naturalconexion.com/wp-content/plugins/woocommerce-payu-latam/confirmation.php :: abandoned cart deleted [6b42df0e42b935ddc8aa362ae9cfa8ce]
2022-07-19T13:41:01+00:00 NOTICE action_scheduler.queue_job :: MailChimp_WooCommerce_Cart_Update queued :: obj_id 98c9ad97f233352e85d74231875b3277
2022-07-19T13:41:03+00:00 NOTICE abandoned_cart.success :: email: marulanda.sara@gmail.com :: checkout_url: https://naturalconexion.com/checkout/?mc_cart_id=98c9ad97f233352e85d74231875b3277
2022-07-19T13:41:03+00:00 NOTICE cart.member.updated :: Updated marulanda.sara@gmail.com subscriber status to subscribed and language to es
2022-07-19T13:41:04+00:00 NOTICE action_scheduler.queue_job :: MailChimp_WooCommerce_Cart_Update queued :: obj_id 98c9ad97f233352e85d74231875b3277
2022-07-19T13:41:15+00:00 NOTICE abandoned_cart.success :: email: marulanda.sara@gmail.com :: checkout_url: https://naturalconexion.com/checkout/?mc_cart_id=98c9ad97f233352e85d74231875b3277
2022-07-19T13:42:02+00:00 NOTICE action_scheduler.queue_job :: MailChimp_WooCommerce_Cart_Update queued :: obj_id 98c9ad97f233352e85d74231875b3277
2022-07-19T13:42:05+00:00 NOTICE abandoned_cart.success :: email: marulanda.sara@gmail.com :: checkout_url: https://naturalconexion.com/checkout/?mc_cart_id=98c9ad97f233352e85d74231875b3277
2022-07-19T14:15:34+00:00 NOTICE action_scheduler.queue_job :: MailChimp_WooCommerce_Cart_Update queued :: obj_id 98c9ad97f233352e85d74231875b3277
2022-07-19T14:18:15+00:00 NOTICE abandoned_cart.success :: email: marulanda.sara@gmail.com :: checkout_url: https://naturalconexion.com/checkout/?mc_cart_id=98c9ad97f233352e85d74231875b3277
2022-07-19T16:15:46+00:00 NOTICE action_scheduler.queue_job :: MailChimp_WooCommerce_Single_Order starts in 90 seconds :: obj_id 21161
2022-07-19T16:16:57+00:00 NOTICE debug :: Order ID 21161 was pending and is now processing :: Array
(
    [new_order] => 1
    [tracking] => Array
        (
            [campaign_id] => 
            [landing_site] => https://naturalconexion.com/wp-content/plugins/woocommerce-payu-latam/confirmation.php
        )

)

2022-07-19T16:19:20+00:00 NOTICE order.member.updated :: Updated marulanda.sara@gmail.com subscriber status to subscribed and language to es
2022-07-19T16:19:20+00:00 NOTICE order_submit.success :: addStoreOrder :: #21161 :: email: marulanda.sara@gmail.com :: landing site https://naturalconexion.com/tienda/?gclid=EAIaIQobChMIpfOJyavi-AIVt_vjBx2rQw9yEAAYASAAEgI8SvD_BwE :: abandoned cart deleted [98c9ad97f233352e85d74231875b3277]
2022-07-19T16:51:27+00:00 NOTICE action_scheduler.queue_job :: MailChimp_WooCommerce_Cart_Update queued :: obj_id b996c7af184588c26ead9f0aea3c155e
2022-07-19T16:51:50+00:00 NOTICE action_scheduler.queue_job :: MailChimp_WooCommerce_Single_Order starts in 90 seconds :: obj_id 21162
2022-07-19T16:51:55+00:00 NOTICE abandoned_cart.success :: email: pipas.sociales-0e@icloud.com :: checkout_url: https://naturalconexion.com/checkout/?mc_cart_id=b996c7af184588c26ead9f0aea3c155e
2022-07-19T16:51:55+00:00 NOTICE cart.member.updated :: Updated pipas.sociales-0e@icloud.com subscriber status to subscribed and language to es
2022-07-19T16:54:08+00:00 NOTICE order_submit :: #21162 has a financial status of pending and was skipped.
2022-07-19T16:55:47+00:00 NOTICE action_scheduler.queue_job :: MailChimp_WooCommerce_Single_Order starts in 90 seconds :: obj_id 21162
2022-07-19T16:55:51+00:00 NOTICE debug :: Order ID 21162 was pending and is now processing :: Array
(
    [new_order] => 1
    [tracking] => Array
        (
            [campaign_id] => 
            [landing_site] => https://naturalconexion.com/wp-content/plugins/woocommerce-payu-latam/confirmation.php
        )

)

2022-07-19T16:58:34+00:00 NOTICE order.member.updated :: Updated pipas.sociales-0e@icloud.com subscriber status to subscribed and language to 
2022-07-19T16:58:34+00:00 NOTICE order_submit.success :: addStoreOrder :: #21162 :: email: pipas.sociales-0e@icloud.com :: landing site https://naturalconexion.com/wp-content/plugins/woocommerce-payu-latam/confirmation.php :: abandoned cart deleted [b996c7af184588c26ead9f0aea3c155e]
2022-07-19T17:42:37+00:00 NOTICE action_scheduler.queue_job :: MailChimp_WooCommerce_Single_Order starts in 90 seconds :: obj_id 21163
2022-07-19T17:45:14+00:00 NOTICE order_submit :: #21163 has a financial status of pending and was skipped.
2022-07-19T17:46:34+00:00 NOTICE action_scheduler.queue_job :: MailChimp_WooCommerce_Single_Order starts in 90 seconds :: obj_id 21163
2022-07-19T17:46:37+00:00 NOTICE debug :: Order ID 21163 was pending and is now processing :: Array
(
    [new_order] => 1
    [tracking] => Array
        (
            [campaign_id] => 
            [landing_site] => https://naturalconexion.com/wp-content/plugins/woocommerce-payu-latam/confirmation.php
        )

)

2022-07-19T17:48:19+00:00 NOTICE order.member.updated :: Updated karenbifi09@hotmail.com subscriber status to subscribed and language to 
2022-07-19T17:48:19+00:00 NOTICE order_submit.success :: addStoreOrder :: #21163 :: email: karenbifi09@hotmail.com :: landing site https://naturalconexion.com/wp-content/plugins/woocommerce-payu-latam/confirmation.php
2022-07-19T23:52:55+00:00 NOTICE action_scheduler.queue_job :: MailChimp_WooCommerce_User_Submit queued :: obj_id 2269
2022-07-19T23:53:29+00:00 NOTICE member.sync :: luzeidy01@gmail.com is Pending Double OptIn
