2023-01-27T01:46:45+00:00 NOTICE action_scheduler.queue_job :: MailChimp_WooCommerce_Cart_Update queued :: obj_id 4b59ed5cc7abccba0a4121fcc78e774e
2023-01-27T01:46:55+00:00 NOTICE abandoned_cart.success :: email: lindavcamposq@yahoo.com.co :: checkout_url: https://naturalconexion.com/checkout/?mc_cart_id=4b59ed5cc7abccba0a4121fcc78e774e
2023-01-27T01:46:55+00:00 NOTICE cart.member.updated :: Updated lindavcamposq@yahoo.com.co subscriber status to subscribed and language to es
2023-01-27T01:47:53+00:00 NOTICE action_scheduler.queue_job :: MailChimp_WooCommerce_Single_Order starts in 90 seconds :: obj_id 23165
2023-01-27T01:50:20+00:00 NOTICE order_submit :: #23165 has a financial status of pending and was skipped.
2023-01-27T01:50:30+00:00 NOTICE action_scheduler.queue_job :: MailChimp_WooCommerce_Single_Order starts in 90 seconds :: obj_id 23165
2023-01-27T01:50:33+00:00 NOTICE debug :: Order ID 23165 was pending and is now processing :: Array
(
    [new_order] => 1
    [tracking] => Array
        (
            [campaign_id] => 
            [landing_site] => https://naturalconexion.com/wp-content/plugins/woocommerce-payu-latam/confirmation.php
        )

)

2023-01-27T01:52:35+00:00 NOTICE order.member.updated :: Updated lindavcamposq@yahoo.com.co subscriber status to subscribed and language to 
2023-01-27T01:52:35+00:00 NOTICE order_submit.success :: addStoreOrder :: #23165 :: email: lindavcamposq@yahoo.com.co :: landing site https://naturalconexion.com/wp-content/plugins/woocommerce-payu-latam/confirmation.php :: abandoned cart deleted [4b59ed5cc7abccba0a4121fcc78e774e]
2023-01-27T04:37:34+00:00 NOTICE action_scheduler.queue_job :: MailChimp_WooCommerce_Cart_Update queued :: obj_id 5d5c184f74c1fd20db2a8ed9ddefafda
2023-01-27T04:37:34+00:00 NOTICE action_scheduler.queue_job :: MailChimp_WooCommerce_Cart_Update queued :: obj_id 5d5c184f74c1fd20db2a8ed9ddefafda
2023-01-27T04:37:35+00:00 NOTICE abandoned_cart.success :: email: mariaeug.214@hotmail.com :: checkout_url: https://naturalconexion.com/checkout/?mc_cart_id=5d5c184f74c1fd20db2a8ed9ddefafda
2023-01-27T04:37:35+00:00 NOTICE cart.member.updated :: Updated mariaeug.214@hotmail.com subscriber status to transactional and language to es
2023-01-27T04:37:35+00:00 NOTICE abandoned_cart.success :: email: mariaeug.214@hotmail.com :: checkout_url: https://naturalconexion.com/checkout/?mc_cart_id=5d5c184f74c1fd20db2a8ed9ddefafda
2023-01-27T04:38:02+00:00 NOTICE action_scheduler.queue_job :: MailChimp_WooCommerce_Single_Order starts in 90 seconds :: obj_id 23166
2023-01-27T04:40:12+00:00 NOTICE debug :: Order ID 23166 was pending and is now processing :: Array
(
    [new_order] => 1
    [tracking] => Array
        (
            [campaign_id] => 
            [landing_site] => https://naturalconexion.com/wp-content/plugins/woocommerce-payu-latam/confirmation.php
        )

)

2023-01-27T04:41:44+00:00 NOTICE order.member.updated :: Updated mariaeug.214@hotmail.com subscriber status to transactional and language to es
2023-01-27T04:41:44+00:00 NOTICE order_submit.success :: addStoreOrder :: #23166 :: email: mariaeug.214@hotmail.com :: landing site https://naturalconexion.com/ :: abandoned cart deleted [5d5c184f74c1fd20db2a8ed9ddefafda]
2023-01-27T13:04:09+00:00 NOTICE action_scheduler.queue_job :: MailChimp_WooCommerce_Single_Order starts in 90 seconds :: obj_id 23163
2023-01-27T13:04:13+00:00 NOTICE debug :: Order ID 23163 was processing and is now completed :: Array
(
    [new_order] => 
    [tracking] => 
)

2023-01-27T13:04:13+00:00 NOTICE action_scheduler.queue_job :: MailChimp_WooCommerce_Single_Order starts in 90 seconds :: obj_id 23164
2023-01-27T13:04:17+00:00 NOTICE debug :: Order ID 23164 was processing and is now completed :: Array
(
    [new_order] => 
    [tracking] => 
)

2023-01-27T13:04:17+00:00 NOTICE action_scheduler.queue_job :: MailChimp_WooCommerce_Single_Order starts in 90 seconds :: obj_id 23165
2023-01-27T13:04:21+00:00 NOTICE debug :: Order ID 23165 was processing and is now completed :: Array
(
    [new_order] => 
    [tracking] => 
)

2023-01-27T13:04:21+00:00 NOTICE action_scheduler.queue_job :: MailChimp_WooCommerce_Single_Order starts in 90 seconds :: obj_id 23166
2023-01-27T13:04:23+00:00 NOTICE debug :: Order ID 23166 was processing and is now completed :: Array
(
    [new_order] => 
    [tracking] => 
)

2023-01-27T13:06:37+00:00 NOTICE order.member.updated :: Updated sara95graciano@hotmail.com subscriber status to transactional and language to 
2023-01-27T13:06:37+00:00 NOTICE order_submit.success :: updateStoreOrder :: #23163 :: email: sara95graciano@hotmail.com
2023-01-27T13:06:39+00:00 NOTICE order.member.updated :: Updated mariajosejardin@gmail.com subscriber status to transactional and language to 
2023-01-27T13:06:39+00:00 NOTICE order_submit.success :: updateStoreOrder :: #23164 :: email: mariajosejardin@gmail.com
2023-01-27T13:06:40+00:00 NOTICE order.member.updated :: Updated lindavcamposq@yahoo.com.co subscriber status to subscribed and language to 
2023-01-27T13:06:40+00:00 NOTICE order_submit.success :: updateStoreOrder :: #23165 :: email: lindavcamposq@yahoo.com.co
2023-01-27T13:06:42+00:00 NOTICE order.member.updated :: Updated mariaeug.214@hotmail.com subscriber status to transactional and language to 
2023-01-27T13:06:42+00:00 NOTICE order_submit.success :: updateStoreOrder :: #23166 :: email: mariaeug.214@hotmail.com
2023-01-27T14:28:58+00:00 NOTICE action_scheduler.queue_job :: MailChimp_WooCommerce_Cart_Update queued :: obj_id 1937570fd347912c1da6ca2d077f871c
2023-01-27T14:29:25+00:00 NOTICE abandoned_cart.success :: email: lina_0331@hotmail.es :: checkout_url: https://naturalconexion.com/checkout/?mc_cart_id=1937570fd347912c1da6ca2d077f871c
2023-01-27T14:29:26+00:00 NOTICE cart.member.updated :: Updated lina_0331@hotmail.es subscriber status to transactional and language to es
2023-01-27T18:15:19+00:00 NOTICE action_scheduler.queue_job :: MailChimp_WooCommerce_Cart_Update queued :: obj_id b7661a6cbc59c59f5891903ac08930b0
2023-01-27T18:18:21+00:00 NOTICE abandoned_cart.success :: email: catherinesalinas2004@gmail.com :: checkout_url: https://naturalconexion.com/checkout/?mc_cart_id=b7661a6cbc59c59f5891903ac08930b0
2023-01-27T18:18:21+00:00 NOTICE cart.member.updated :: Updated catherinesalinas2004@gmail.com subscriber status to transactional and language to es
2023-01-27T20:29:10+00:00 NOTICE action_scheduler.queue_job :: MailChimp_WooCommerce_Single_Order starts in 90 seconds :: obj_id 23167
2023-01-27T20:30:44+00:00 NOTICE order_submit :: #23167 has a financial status of pending and was skipped.
2023-01-27T21:57:10+00:00 NOTICE action_scheduler.queue_job :: MailChimp_WooCommerce_Single_Order starts in 90 seconds :: obj_id 23167
2023-01-27T21:57:11+00:00 NOTICE debug :: Order ID 23167 was pending and is now cancelled :: Array
(
    [new_order] => 
    [tracking] => 
)

2023-01-27T21:58:48+00:00 NOTICE order_submit :: #23167 has a financial status of cancelled and was skipped.
