2022-07-24T01:18:16+00:00 NOTICE action_scheduler.queue_job :: MailChimp_WooCommerce_Cart_Update queued :: obj_id caeecb5085b48f1895e0f01b0c3606ac
2022-07-24T01:18:45+00:00 NOTICE abandoned_cart.success :: email: vivianajerezm@hotmail.es :: checkout_url: https://naturalconexion.com/checkout/?mc_cart_id=caeecb5085b48f1895e0f01b0c3606ac
2022-07-24T01:18:45+00:00 NOTICE cart.member.updated :: Updated vivianajerezm@hotmail.es subscriber status to subscribed and language to es
2022-07-24T01:21:58+00:00 NOTICE action_scheduler.queue_job :: MailChimp_WooCommerce_Cart_Update queued :: obj_id caeecb5085b48f1895e0f01b0c3606ac
2022-07-24T01:22:01+00:00 NOTICE abandoned_cart.success :: email: vivianajerezm@hotmail.es :: checkout_url: https://naturalconexion.com/checkout/?mc_cart_id=caeecb5085b48f1895e0f01b0c3606ac
2022-07-24T01:22:12+00:00 NOTICE action_scheduler.queue_job :: MailChimp_WooCommerce_Cart_Update queued :: obj_id caeecb5085b48f1895e0f01b0c3606ac
2022-07-24T01:22:45+00:00 NOTICE abandoned_cart.success :: email: vivianajerezm@hotmail.es :: checkout_url: https://naturalconexion.com/checkout/?mc_cart_id=caeecb5085b48f1895e0f01b0c3606ac
2022-07-24T03:14:25+00:00 NOTICE action_scheduler.queue_job :: MailChimp_WooCommerce_Cart_Update queued :: obj_id e22a825380c115081ea9d164b76c65ab
2022-07-24T03:14:45+00:00 NOTICE abandoned_cart.success :: email: marcelamariscal@gmail.com :: checkout_url: https://naturalconexion.com/checkout/?mc_cart_id=e22a825380c115081ea9d164b76c65ab
2022-07-24T03:14:46+00:00 NOTICE cart.member.updated :: Updated marcelamariscal@gmail.com subscriber status to transactional and language to es
2022-07-24T03:17:02+00:00 NOTICE action_scheduler.queue_job :: MailChimp_WooCommerce_Single_Order starts in 90 seconds :: obj_id 21212
2022-07-24T03:19:53+00:00 NOTICE order_submit :: #21212 has a financial status of pending and was skipped.
2022-07-24T03:20:36+00:00 NOTICE action_scheduler.queue_job :: MailChimp_WooCommerce_Single_Order starts in 90 seconds :: obj_id 21212
2022-07-24T03:20:41+00:00 NOTICE debug :: Order ID 21212 was pending and is now processing :: Array
(
    [new_order] => 1
    [tracking] => Array
        (
            [campaign_id] => 
            [landing_site] => https://naturalconexion.com/wp-content/plugins/woocommerce-payu-latam/confirmation.php
        )

)

2022-07-24T03:22:11+00:00 NOTICE order.member.updated :: Updated marcelamariscal@gmail.com subscriber status to subscribed and language to 
2022-07-24T03:22:11+00:00 NOTICE order_submit.success :: addStoreOrder :: #21212 :: email: marcelamariscal@gmail.com :: landing site https://naturalconexion.com/wp-content/plugins/woocommerce-payu-latam/confirmation.php :: abandoned cart deleted [e22a825380c115081ea9d164b76c65ab]
2022-07-24T17:43:53+00:00 NOTICE action_scheduler.queue_job :: MailChimp_WooCommerce_Cart_Update queued :: obj_id fcd4cbe2d312c337d8a783b45f3fb8d2
2022-07-24T17:44:00+00:00 NOTICE abandoned_cart.success :: email: kelitto1307@hotmail.com :: checkout_url: https://naturalconexion.com/checkout/?mc_cart_id=fcd4cbe2d312c337d8a783b45f3fb8d2
2022-07-24T17:44:00+00:00 NOTICE cart.member.updated :: Updated kelitto1307@hotmail.com subscriber status to subscribed and language to es
2022-07-24T17:46:08+00:00 NOTICE action_scheduler.queue_job :: MailChimp_WooCommerce_Single_Order starts in 90 seconds :: obj_id 21213
2022-07-24T17:48:04+00:00 NOTICE order_submit :: #21213 has a financial status of pending and was skipped.
2022-07-24T17:50:28+00:00 NOTICE action_scheduler.queue_job :: MailChimp_WooCommerce_Single_Order starts in 90 seconds :: obj_id 21213
2022-07-24T17:50:32+00:00 NOTICE debug :: Order ID 21213 was pending and is now processing :: Array
(
    [new_order] => 1
    [tracking] => Array
        (
            [campaign_id] => 
            [landing_site] => https://naturalconexion.com/wp-content/plugins/woocommerce-payu-latam/confirmation.php
        )

)

2022-07-24T17:52:12+00:00 NOTICE order.member.updated :: Updated Kelitto1307@hotmail.com subscriber status to subscribed and language to 
2022-07-24T17:52:12+00:00 NOTICE order_submit.success :: addStoreOrder :: #21213 :: email: Kelitto1307@hotmail.com :: landing site https://naturalconexion.com/wp-content/plugins/woocommerce-payu-latam/confirmation.php :: abandoned cart deleted [fcd4cbe2d312c337d8a783b45f3fb8d2]
2022-07-24T20:10:14+00:00 NOTICE action_scheduler.queue_job :: MailChimp_WooCommerce_Cart_Update queued :: obj_id 68277a1290c896debd1979acbf4cc5e2
2022-07-24T20:10:31+00:00 NOTICE abandoned_cart.success :: email: angelicarrion@hotmail.com :: checkout_url: https://naturalconexion.com/checkout/?mc_cart_id=68277a1290c896debd1979acbf4cc5e2
2022-07-24T20:10:32+00:00 NOTICE cart.member.updated :: Updated angelicarrion@hotmail.com subscriber status to subscribed and language to es
2022-07-24T20:10:50+00:00 NOTICE action_scheduler.queue_job :: MailChimp_WooCommerce_Cart_Update queued :: obj_id 68277a1290c896debd1979acbf4cc5e2
2022-07-24T20:10:55+00:00 NOTICE abandoned_cart.success :: email: angelicarrion@hotmail.com :: checkout_url: https://naturalconexion.com/checkout/?mc_cart_id=68277a1290c896debd1979acbf4cc5e2
2022-07-24T20:11:08+00:00 NOTICE action_scheduler.queue_job :: MailChimp_WooCommerce_Cart_Update queued :: obj_id 68277a1290c896debd1979acbf4cc5e2
2022-07-24T20:11:59+00:00 NOTICE abandoned_cart.success :: email: angelicarrion@hotmail.com :: checkout_url: https://naturalconexion.com/checkout/?mc_cart_id=68277a1290c896debd1979acbf4cc5e2
2022-07-24T20:41:12+00:00 NOTICE action_scheduler.queue_job :: MailChimp_WooCommerce_Cart_Update queued :: obj_id e531d32e0ed6ee5ca5453311003a7a81
2022-07-24T20:41:19+00:00 NOTICE action_scheduler.queue_job :: MailChimp_WooCommerce_Single_Order starts in 90 seconds :: obj_id 21214
2022-07-24T20:42:29+00:00 NOTICE abandoned_cart.success :: email: meliara27@gmail.com :: checkout_url: https://naturalconexion.com/checkout/?mc_cart_id=e531d32e0ed6ee5ca5453311003a7a81
2022-07-24T20:42:30+00:00 NOTICE cart.member.updated :: Updated meliara27@gmail.com subscriber status to subscribed and language to es
2022-07-24T20:43:09+00:00 NOTICE debug :: Order ID 21214 was pending and is now processing :: Array
(
    [new_order] => 1
    [tracking] => Array
        (
            [campaign_id] => 
            [landing_site] => https://naturalconexion.com/wp-content/plugins/woocommerce-payu-latam/confirmation.php
        )

)

2022-07-24T20:45:14+00:00 NOTICE order.member.updated :: Updated meliara27@gmail.com subscriber status to subscribed and language to es
2022-07-24T20:45:14+00:00 NOTICE order_submit.success :: addStoreOrder :: #21214 :: email: meliara27@gmail.com :: landing site https://naturalconexion.com/tienda/?gclid=Cj0KCQjw2_OWBhDqARIsAAUNTTEbBtA_bguxHxDAtQpJrLF5WYoHVIqFkfA3vUBjKliNunabqkcIAlIaAlJwEALw_wcB :: abandoned cart deleted [e531d32e0ed6ee5ca5453311003a7a81]
2022-07-24T22:48:25+00:00 NOTICE action_scheduler.queue_job :: MailChimp_WooCommerce_Cart_Update queued :: obj_id e0ed8bd74b379afe926fe78087ec1fe8
2022-07-24T22:48:41+00:00 NOTICE abandoned_cart.success :: email: liliana.1722@gmail.com :: checkout_url: https://naturalconexion.com/checkout/?mc_cart_id=e0ed8bd74b379afe926fe78087ec1fe8
2022-07-24T22:48:42+00:00 NOTICE cart.member.updated :: Updated liliana.1722@gmail.com subscriber status to subscribed and language to es
2022-07-24T22:48:59+00:00 NOTICE action_scheduler.queue_job :: MailChimp_WooCommerce_Single_Order starts in 90 seconds :: obj_id 21215
2022-07-24T22:50:32+00:00 NOTICE order_submit :: #21215 has a financial status of pending and was skipped.
2022-07-24T22:50:51+00:00 NOTICE action_scheduler.queue_job :: MailChimp_WooCommerce_Single_Order starts in 90 seconds :: obj_id 21215
2022-07-24T22:50:54+00:00 NOTICE debug :: Order ID 21215 was pending and is now processing :: Array
(
    [new_order] => 1
    [tracking] => Array
        (
            [campaign_id] => 
            [landing_site] => https://naturalconexion.com/wp-content/plugins/woocommerce-payu-latam/confirmation.php
        )

)

2022-07-24T22:52:33+00:00 NOTICE order.member.updated :: Updated liliana.1722@gmail.com subscriber status to subscribed and language to 
2022-07-24T22:52:33+00:00 NOTICE order_submit.success :: addStoreOrder :: #21215 :: email: liliana.1722@gmail.com :: landing site https://naturalconexion.com/wp-content/plugins/woocommerce-payu-latam/confirmation.php :: abandoned cart deleted [e0ed8bd74b379afe926fe78087ec1fe8]
2022-07-24T23:40:02+00:00 NOTICE action_scheduler.queue_job :: MailChimp_WooCommerce_Cart_Update queued :: obj_id 0ccfed627321fd91ef900a552aa1fe6e
2022-07-24T23:41:10+00:00 NOTICE abandoned_cart.success :: email: nikoemozza@gmail.com :: checkout_url: https://naturalconexion.com/checkout/?mc_cart_id=0ccfed627321fd91ef900a552aa1fe6e
2022-07-24T23:41:10+00:00 NOTICE cart.member.updated :: Updated nikoemozza@gmail.com subscriber status to transactional and language to es
2022-07-24T23:49:24+00:00 NOTICE action_scheduler.queue_job :: MailChimp_WooCommerce_Cart_Update queued :: obj_id bb52a56757e95f546798f773918ef5a3
2022-07-24T23:49:25+00:00 NOTICE action_scheduler.queue_job :: MailChimp_WooCommerce_Cart_Update queued :: obj_id 0ccfed627321fd91ef900a552aa1fe6e
2022-07-24T23:49:39+00:00 NOTICE abandoned_cart.success :: email: nikollejimenez99@hotmail.com :: checkout_url: https://naturalconexion.com/checkout/?mc_cart_id=bb52a56757e95f546798f773918ef5a3
2022-07-24T23:49:40+00:00 NOTICE cart.member.updated :: Updated nikollejimenez99@hotmail.com subscriber status to subscribed and language to es
2022-07-24T23:49:41+00:00 NOTICE abandoned_cart.success :: email: nikoemozza@gmail.com :: checkout_url: https://naturalconexion.com/checkout/?mc_cart_id=0ccfed627321fd91ef900a552aa1fe6e
2022-07-24T23:51:15+00:00 NOTICE action_scheduler.queue_job :: MailChimp_WooCommerce_User_Submit queued :: obj_id 2268
2022-07-24T23:51:15+00:00 NOTICE action_scheduler.queue_job :: MailChimp_WooCommerce_Single_Order starts in 90 seconds :: obj_id 21216
2022-07-24T23:51:28+00:00 NOTICE member.sync :: Updated Member nikoemozza@gmail.com :: Array
(
    [previous_status] => transactional
    [status] => 
    [language] => 
    [merge_fields] => Array
        (
            [FNAME] => Nikolle
            [LNAME] => Jimenez
        )

    [gdpr_fields] => 
)

2022-07-24T23:53:02+00:00 NOTICE order_submit :: #21216 has a financial status of pending and was skipped.
