2023-09-16T10:42:05+00:00 NOTICE action_scheduler.queue_job :: MailChimp_WooCommerce_Cart_Update queued :: obj_id 1e68d1572b5e3dd3a5b292c61d6047c2
2023-09-16T10:42:07+00:00 NOTICE abandoned_cart.success :: email: omy-h86@hotmail.com :: checkout_url: https://naturalconexion.com/checkout/?mc_cart_id=1e68d1572b5e3dd3a5b292c61d6047c2
2023-09-16T10:42:07+00:00 NOTICE cart.member.updated :: Updated omy-h86@hotmail.com subscriber status to subscribed and language to es
2023-09-16T10:42:42+00:00 NOTICE action_scheduler.queue_job :: MailChimp_WooCommerce_Single_Order starts in 90 seconds :: obj_id 25612
2023-09-16T10:45:23+00:00 NOTICE order_submit :: #25612 has a financial status of pending and was skipped.
2023-09-16T10:45:33+00:00 NOTICE action_scheduler.queue_job :: MailChimp_WooCommerce_Single_Order starts in 90 seconds :: obj_id 25612
2023-09-16T10:45:35+00:00 NOTICE debug :: Order ID 25612 was pending and is now processing :: Array
(
    [new_order] => 1
    [tracking] => Array
        (
            [campaign_id] => 
            [landing_site] => https://naturalconexion.com/wp-content/plugins/woocommerce-payu-latam/confirmation.php
        )

)

2023-09-16T10:49:24+00:00 NOTICE order.member.updated :: Updated Omy-h86@hotmail.com subscriber status to subscribed and language to 
2023-09-16T10:49:24+00:00 NOTICE order_submit.success :: addStoreOrder :: #25612 :: email: Omy-h86@hotmail.com :: landing site https://naturalconexion.com/wp-content/plugins/woocommerce-payu-latam/confirmation.php :: abandoned cart deleted [1e68d1572b5e3dd3a5b292c61d6047c2]
2023-09-16T11:39:47+00:00 NOTICE action_scheduler.queue_job :: MailChimp_WooCommerce_Cart_Update queued :: obj_id 1cf5d5807644b830314d247e799a825e
2023-09-16T11:40:11+00:00 NOTICE action_scheduler.queue_job :: MailChimp_WooCommerce_Single_Order starts in 90 seconds :: obj_id 25613
2023-09-16T11:40:13+00:00 NOTICE abandoned_cart.success :: email: mpalmonacidb@unal.edu.co :: checkout_url: https://naturalconexion.com/checkout/?mc_cart_id=1cf5d5807644b830314d247e799a825e
2023-09-16T11:40:13+00:00 NOTICE cart.member.updated :: Updated mpalmonacidb@unal.edu.co subscriber status to subscribed and language to es
2023-09-16T11:44:30+00:00 NOTICE order_submit :: #25613 has a financial status of pending and was skipped.
2023-09-16T12:36:25+00:00 NOTICE action_scheduler.queue_job :: MailChimp_WooCommerce_Single_Order starts in 90 seconds :: obj_id 25613
2023-09-16T12:36:28+00:00 NOTICE debug :: Order ID 25613 was pending and is now processing :: Array
(
    [new_order] => 1
    [tracking] => Array
        (
            [campaign_id] => 
            [landing_site] => https://naturalconexion.com/wp-content/plugins/woocommerce-payu-latam/confirmation.php
        )

)

2023-09-16T12:38:02+00:00 NOTICE order.member.updated :: Updated Mpalmonacidb@unal.edu.co subscriber status to subscribed and language to 
2023-09-16T12:38:02+00:00 NOTICE order_submit.success :: addStoreOrder :: #25613 :: email: Mpalmonacidb@unal.edu.co :: landing site https://naturalconexion.com/wp-content/plugins/woocommerce-payu-latam/confirmation.php :: abandoned cart deleted [1cf5d5807644b830314d247e799a825e]
2023-09-16T12:51:04+00:00 NOTICE action_scheduler.queue_job :: MailChimp_WooCommerce_Cart_Update queued :: obj_id cd256578f8b30fe02a260c4e8cb758ce
2023-09-16T12:51:06+00:00 NOTICE abandoned_cart.success :: email: lorenabe1@hotmail.com :: checkout_url: https://naturalconexion.com/checkout/?mc_cart_id=cd256578f8b30fe02a260c4e8cb758ce
2023-09-16T12:51:06+00:00 NOTICE cart.member.updated :: Updated lorenabe1@hotmail.com subscriber status to transactional and language to es
2023-09-16T12:52:50+00:00 NOTICE action_scheduler.queue_job :: MailChimp_WooCommerce_Cart_Update queued :: obj_id cd256578f8b30fe02a260c4e8cb758ce
2023-09-16T12:52:53+00:00 NOTICE abandoned_cart.success :: email: lorenabe1@hotmail.com :: checkout_url: https://naturalconexion.com/checkout/?mc_cart_id=cd256578f8b30fe02a260c4e8cb758ce
2023-09-16T12:53:08+00:00 NOTICE action_scheduler.queue_job :: MailChimp_WooCommerce_Single_Order starts in 90 seconds :: obj_id 25614
2023-09-16T12:53:39+00:00 NOTICE debug :: Order ID 25614 was pending and is now processing :: Array
(
    [new_order] => 1
    [tracking] => Array
        (
            [campaign_id] => 
            [landing_site] => https://naturalconexion.com/?wc-api=wc_addi_gateway
        )

)

2023-09-16T12:58:28+00:00 NOTICE order.member.updated :: Updated Lorenabe1@hotmail.com subscriber status to subscribed and language to es
2023-09-16T12:58:28+00:00 NOTICE order_submit.success :: addStoreOrder :: #25614 :: email: Lorenabe1@hotmail.com :: landing site https://naturalconexion.com/ :: abandoned cart deleted [cd256578f8b30fe02a260c4e8cb758ce]
2023-09-16T16:06:40+00:00 NOTICE action_scheduler.queue_job :: MailChimp_WooCommerce_Cart_Update queued :: obj_id d5efd5f6d057f1006f0b85d5af41460e
2023-09-16T16:06:43+00:00 NOTICE abandoned_cart.success :: email: jessica.rico1103@gmail.com :: checkout_url: https://naturalconexion.com/checkout/?mc_cart_id=d5efd5f6d057f1006f0b85d5af41460e
2023-09-16T16:06:43+00:00 NOTICE cart.member.updated :: Updated jessica.rico1103@gmail.com subscriber status to transactional and language to es
2023-09-16T16:07:00+00:00 NOTICE action_scheduler.queue_job :: MailChimp_WooCommerce_Single_Order starts in 90 seconds :: obj_id 25615
2023-09-16T16:09:30+00:00 NOTICE order_submit :: #25615 has a financial status of pending and was skipped.
2023-09-16T16:12:07+00:00 NOTICE action_scheduler.queue_job :: MailChimp_WooCommerce_Single_Order starts in 90 seconds :: obj_id 25615
2023-09-16T16:12:10+00:00 NOTICE debug :: Order ID 25615 was pending and is now processing :: Array
(
    [new_order] => 1
    [tracking] => Array
        (
            [campaign_id] => 
            [landing_site] => https://naturalconexion.com/wp-content/plugins/woocommerce-payu-latam/confirmation.php
        )

)

2023-09-16T16:13:57+00:00 NOTICE order.member.updated :: Updated jessica.rico1103@gmail.com subscriber status to subscribed and language to 
2023-09-16T16:13:57+00:00 NOTICE order_submit.success :: addStoreOrder :: #25615 :: email: jessica.rico1103@gmail.com :: landing site https://naturalconexion.com/wp-content/plugins/woocommerce-payu-latam/confirmation.php :: abandoned cart deleted [d5efd5f6d057f1006f0b85d5af41460e]
2023-09-16T16:58:36+00:00 NOTICE action_scheduler.queue_job :: MailChimp_WooCommerce_Cart_Update queued :: obj_id 56cdea392391c7ff14602ca051449a3e
2023-09-16T16:59:12+00:00 NOTICE abandoned_cart.success :: email: mariaisabelg.88@gmail.com :: checkout_url: https://naturalconexion.com/checkout/?mc_cart_id=56cdea392391c7ff14602ca051449a3e
2023-09-16T16:59:12+00:00 NOTICE cart.member.updated :: Updated mariaisabelg.88@gmail.com subscriber status to subscribed and language to es
2023-09-16T17:01:13+00:00 NOTICE action_scheduler.queue_job :: MailChimp_WooCommerce_Cart_Update queued :: obj_id 56cdea392391c7ff14602ca051449a3e
2023-09-16T17:01:15+00:00 NOTICE abandoned_cart.success :: email: mariaisabelg.88@gmail.com :: checkout_url: https://naturalconexion.com/checkout/?mc_cart_id=56cdea392391c7ff14602ca051449a3e
2023-09-16T17:02:22+00:00 NOTICE action_scheduler.queue_job :: MailChimp_WooCommerce_Cart_Update queued :: obj_id 56cdea392391c7ff14602ca051449a3e
2023-09-16T17:03:07+00:00 NOTICE abandoned_cart.success :: email: mariaisabelg.88@gmail.com :: checkout_url: https://naturalconexion.com/checkout/?mc_cart_id=56cdea392391c7ff14602ca051449a3e
2023-09-16T17:07:03+00:00 NOTICE action_scheduler.queue_job :: MailChimp_WooCommerce_Cart_Update queued :: obj_id 56cdea392391c7ff14602ca051449a3e
2023-09-16T17:07:54+00:00 NOTICE abandoned_cart.success :: email: mariaisabelg.88@gmail.com :: checkout_url: https://naturalconexion.com/checkout/?mc_cart_id=56cdea392391c7ff14602ca051449a3e
2023-09-16T17:09:45+00:00 NOTICE action_scheduler.queue_job :: MailChimp_WooCommerce_Cart_Update queued :: obj_id 56cdea392391c7ff14602ca051449a3e
2023-09-16T17:10:00+00:00 NOTICE abandoned_cart.success :: email: mariaisabelg.88@gmail.com :: checkout_url: https://naturalconexion.com/checkout/?mc_cart_id=56cdea392391c7ff14602ca051449a3e
2023-09-16T20:02:36+00:00 NOTICE action_scheduler.queue_job :: MailChimp_WooCommerce_Cart_Update queued :: obj_id 1028d8822695622f29b5b7750dfbdbc3
2023-09-16T20:03:10+00:00 NOTICE action_scheduler.queue_job :: MailChimp_WooCommerce_Single_Order starts in 90 seconds :: obj_id 25616
2023-09-16T20:03:12+00:00 NOTICE abandoned_cart.success :: email: julianamunera@outlook.com :: checkout_url: https://naturalconexion.com/checkout/?mc_cart_id=1028d8822695622f29b5b7750dfbdbc3
2023-09-16T20:03:13+00:00 NOTICE cart.member.updated :: Updated julianamunera@outlook.com subscriber status to subscribed and language to es
2023-09-16T20:04:52+00:00 NOTICE order_submit :: #25616 has a financial status of pending and was skipped.
2023-09-16T20:04:58+00:00 NOTICE action_scheduler.queue_job :: MailChimp_WooCommerce_Single_Order starts in 90 seconds :: obj_id 25616
2023-09-16T20:05:02+00:00 NOTICE debug :: Order ID 25616 was pending and is now processing :: Array
(
    [new_order] => 1
    [tracking] => Array
        (
            [campaign_id] => 
            [landing_site] => https://naturalconexion.com/wp-content/plugins/woocommerce-payu-latam/confirmation.php
        )

)

2023-09-16T20:08:11+00:00 NOTICE order.member.updated :: Updated julianamunera@outlook.com subscriber status to subscribed and language to 
2023-09-16T20:08:11+00:00 NOTICE order_submit.success :: addStoreOrder :: #25616 :: email: julianamunera@outlook.com :: landing site https://naturalconexion.com/wp-content/plugins/woocommerce-payu-latam/confirmation.php :: abandoned cart deleted [1028d8822695622f29b5b7750dfbdbc3]
2023-09-16T22:23:41+00:00 NOTICE action_scheduler.queue_job :: MailChimp_WooCommerce_Single_Order starts in 90 seconds :: obj_id 25617
2023-09-16T22:25:47+00:00 NOTICE order_submit :: #25617 has a financial status of pending and was skipped.
2023-09-16T22:44:54+00:00 NOTICE action_scheduler.queue_job :: MailChimp_WooCommerce_Cart_Update queued :: obj_id d6bff5dcfd6489d68e3c67cd61e8968c
2023-09-16T22:44:56+00:00 NOTICE abandoned_cart.success :: email: helenlopezta@hotmail.com :: checkout_url: https://naturalconexion.com/checkout/?mc_cart_id=d6bff5dcfd6489d68e3c67cd61e8968c
2023-09-16T22:44:57+00:00 NOTICE cart.member.updated :: Updated helenlopezta@hotmail.com subscriber status to transactional and language to es
2023-09-16T22:46:39+00:00 NOTICE action_scheduler.queue_job :: MailChimp_WooCommerce_Single_Order starts in 90 seconds :: obj_id 25618
2023-09-16T22:47:38+00:00 NOTICE debug :: Order ID 25618 was pending and is now processing :: Array
(
    [new_order] => 1
    [tracking] => Array
        (
            [campaign_id] => 
            [landing_site] => https://naturalconexion.com/?wc-api=wc_addi_gateway
        )

)

2023-09-16T22:51:18+00:00 NOTICE order.member.updated :: Updated helenlopezta@hotmail.com subscriber status to subscribed and language to es
2023-09-16T22:51:18+00:00 NOTICE order_submit.success :: addStoreOrder :: #25618 :: email: helenlopezta@hotmail.com :: landing site https://naturalconexion.com/ :: abandoned cart deleted [d6bff5dcfd6489d68e3c67cd61e8968c]
2023-09-16T23:48:08+00:00 NOTICE action_scheduler.queue_job :: MailChimp_WooCommerce_Single_Order starts in 90 seconds :: obj_id 25617
2023-09-16T23:48:08+00:00 NOTICE debug :: Order ID 25617 was pending and is now cancelled :: Array
(
    [new_order] => 
    [tracking] => 
)

2023-09-16T23:49:02+00:00 NOTICE debug :: Order ID 25617 was cancelled and is now processing :: Array
(
    [new_order] => 
    [tracking] => 
)

2023-09-16T23:52:36+00:00 NOTICE order.member.updated :: Updated nataliada08@gmail.com subscriber status to subscribed and language to 
2023-09-16T23:52:36+00:00 NOTICE order_submit.success :: addStoreOrder :: #25617 :: email: nataliada08@gmail.com :: landing site https://naturalconexion.com/product/crema-facial-confrey-y-pepino/?fbclid=PAAabdpHT37s0WzNsupmjzeU052Ss3Eul49cauHPA0x1JZT-SASGbszR0Suro_aem_AZ6CgDvexz1E-ixrU4TypfeylELUFab2tNlXnNaMmQuEiiBDbRVM-nTz_ej_-PkMJQs5Zd8xAZOYWRMBhTRtymC2
