2023-04-24T00:26:25+00:00 NOTICE action_scheduler.queue_job :: MailChimp_WooCommerce_Single_Order starts in 90 seconds :: obj_id 24088
2023-04-24T00:26:25+00:00 NOTICE debug :: Order ID 24088 was pending and is now cancelled :: Array
(
    [new_order] => 
    [tracking] => 
)

2023-04-24T00:28:17+00:00 NOTICE order_submit :: #24088 has a financial status of cancelled and was skipped.
2023-04-24T13:06:31+00:00 NOTICE action_scheduler.queue_job :: MailChimp_WooCommerce_Cart_Update queued :: obj_id ee34c16a4558985d2d19cd7aa76bd76e
2023-04-24T13:06:33+00:00 NOTICE abandoned_cart.success :: email: kelly-best_13@hotmail.com :: checkout_url: https://naturalconexion.com/checkout/?mc_cart_id=ee34c16a4558985d2d19cd7aa76bd76e
2023-04-24T13:06:33+00:00 NOTICE cart.member.updated :: Updated kelly-best_13@hotmail.com subscriber status to transactional and language to es
2023-04-24T13:08:10+00:00 NOTICE action_scheduler.queue_job :: MailChimp_WooCommerce_Cart_Update queued :: obj_id ee34c16a4558985d2d19cd7aa76bd76e
2023-04-24T13:08:33+00:00 NOTICE action_scheduler.queue_job :: MailChimp_WooCommerce_Single_Order starts in 90 seconds :: obj_id 24089
2023-04-24T13:09:35+00:00 NOTICE abandoned_cart.success :: email: kelly-best_13@hotmail.com :: checkout_url: https://naturalconexion.com/checkout/?mc_cart_id=ee34c16a4558985d2d19cd7aa76bd76e
2023-04-24T13:12:17+00:00 NOTICE order_submit :: #24089 has a financial status of pending and was skipped.
2023-04-24T13:13:57+00:00 NOTICE action_scheduler.queue_job :: MailChimp_WooCommerce_Single_Order starts in 90 seconds :: obj_id 24089
2023-04-24T13:14:00+00:00 NOTICE debug :: Order ID 24089 was pending and is now processing :: Array
(
    [new_order] => 1
    [tracking] => Array
        (
            [campaign_id] => 
            [landing_site] => https://naturalconexion.com/wp-content/plugins/woocommerce-payu-latam/confirmation.php
        )

)

2023-04-24T13:16:40+00:00 NOTICE order.member.updated :: Updated kelly-best_13@hotmail.com subscriber status to subscribed and language to 
2023-04-24T13:16:40+00:00 NOTICE order_submit.success :: addStoreOrder :: #24089 :: email: kelly-best_13@hotmail.com :: landing site https://naturalconexion.com/wp-content/plugins/woocommerce-payu-latam/confirmation.php :: abandoned cart deleted [ee34c16a4558985d2d19cd7aa76bd76e]
2023-04-24T14:57:17+00:00 NOTICE action_scheduler.queue_job :: MailChimp_WooCommerce_Single_Order starts in 90 seconds :: obj_id 24082
2023-04-24T14:57:21+00:00 NOTICE debug :: Order ID 24082 was processing and is now completed :: Array
(
    [new_order] => 
    [tracking] => 
)

2023-04-24T14:57:21+00:00 NOTICE action_scheduler.queue_job :: MailChimp_WooCommerce_Single_Order starts in 90 seconds :: obj_id 24083
2023-04-24T14:57:28+00:00 NOTICE debug :: Order ID 24083 was processing and is now completed :: Array
(
    [new_order] => 
    [tracking] => 
)

2023-04-24T14:57:28+00:00 NOTICE action_scheduler.queue_job :: MailChimp_WooCommerce_Single_Order starts in 90 seconds :: obj_id 24084
2023-04-24T14:57:34+00:00 NOTICE debug :: Order ID 24084 was processing and is now completed :: Array
(
    [new_order] => 
    [tracking] => 
)

2023-04-24T14:57:34+00:00 NOTICE action_scheduler.queue_job :: MailChimp_WooCommerce_Single_Order starts in 90 seconds :: obj_id 24085
2023-04-24T14:57:38+00:00 NOTICE debug :: Order ID 24085 was processing and is now completed :: Array
(
    [new_order] => 
    [tracking] => 
)

2023-04-24T14:57:38+00:00 NOTICE action_scheduler.queue_job :: MailChimp_WooCommerce_Single_Order starts in 90 seconds :: obj_id 24086
2023-04-24T14:57:41+00:00 NOTICE debug :: Order ID 24086 was processing and is now completed :: Array
(
    [new_order] => 
    [tracking] => 
)

2023-04-24T14:57:41+00:00 NOTICE action_scheduler.queue_job :: MailChimp_WooCommerce_Single_Order starts in 90 seconds :: obj_id 24087
2023-04-24T14:57:44+00:00 NOTICE debug :: Order ID 24087 was processing and is now completed :: Array
(
    [new_order] => 
    [tracking] => 
)

2023-04-24T14:57:44+00:00 NOTICE action_scheduler.queue_job :: MailChimp_WooCommerce_Single_Order starts in 90 seconds :: obj_id 24089
2023-04-24T14:57:47+00:00 NOTICE debug :: Order ID 24089 was processing and is now completed :: Array
(
    [new_order] => 
    [tracking] => 
)

2023-04-24T14:59:00+00:00 NOTICE order.member.updated :: Updated tatywii44@gmail.com subscriber status to subscribed and language to 
2023-04-24T14:59:00+00:00 NOTICE order_submit.success :: updateStoreOrder :: #24082 :: email: tatywii44@gmail.com
2023-04-24T14:59:02+00:00 NOTICE order.member.updated :: Updated soniadelpi22@gmail.com subscriber status to subscribed and language to 
2023-04-24T14:59:02+00:00 NOTICE order_submit.success :: updateStoreOrder :: #24083 :: email: soniadelpi22@gmail.com
2023-04-24T14:59:04+00:00 NOTICE order.member.updated :: Updated marizhabelha@gmail.com subscriber status to subscribed and language to 
2023-04-24T14:59:04+00:00 NOTICE order_submit.success :: updateStoreOrder :: #24084 :: email: marizhabelha@gmail.com
2023-04-24T14:59:07+00:00 NOTICE order.member.updated :: Updated liceth-87@hotmail.com subscriber status to subscribed and language to 
2023-04-24T14:59:07+00:00 NOTICE order_submit.success :: updateStoreOrder :: #24085 :: email: liceth-87@hotmail.com
2023-04-24T14:59:16+00:00 NOTICE order.member.updated :: Updated paulinab1@hotmail.com subscriber status to subscribed and language to 
2023-04-24T14:59:16+00:00 NOTICE order_submit.success :: updateStoreOrder :: #24086 :: email: paulinab1@hotmail.com
2023-04-24T14:59:18+00:00 NOTICE order.member.updated :: Updated ajcuestan@gmail.com subscriber status to transactional and language to 
2023-04-24T14:59:18+00:00 NOTICE order_submit.success :: updateStoreOrder :: #24087 :: email: ajcuestan@gmail.com
2023-04-24T14:59:20+00:00 NOTICE order.member.updated :: Updated kelly-best_13@hotmail.com subscriber status to subscribed and language to 
2023-04-24T14:59:20+00:00 NOTICE order_submit.success :: updateStoreOrder :: #24089 :: email: kelly-best_13@hotmail.com
2023-04-24T15:03:27+00:00 NOTICE action_scheduler.queue_job :: MailChimp_WooCommerce_Cart_Update queued :: obj_id 4816f9883a720cb88b881809f7125f79
2023-04-24T15:03:37+00:00 NOTICE abandoned_cart.success :: email: mariaru096@gmail.com :: checkout_url: https://naturalconexion.com/checkout/?mc_cart_id=4816f9883a720cb88b881809f7125f79
2023-04-24T15:03:38+00:00 NOTICE cart.member.updated :: Updated mariaru096@gmail.com subscriber status to subscribed and language to es
2023-04-24T15:04:05+00:00 NOTICE action_scheduler.queue_job :: MailChimp_WooCommerce_Cart_Update queued :: obj_id 4816f9883a720cb88b881809f7125f79
2023-04-24T15:05:09+00:00 NOTICE abandoned_cart.success :: email: mariaru096@gmail.com :: checkout_url: https://naturalconexion.com/checkout/?mc_cart_id=4816f9883a720cb88b881809f7125f79
2023-04-24T15:06:55+00:00 NOTICE action_scheduler.queue_job :: MailChimp_WooCommerce_Cart_Update queued :: obj_id 4816f9883a720cb88b881809f7125f79
2023-04-24T15:07:25+00:00 NOTICE abandoned_cart.success :: email: mariaru096@gmail.com :: checkout_url: https://naturalconexion.com/checkout/?mc_cart_id=4816f9883a720cb88b881809f7125f79
2023-04-24T15:07:33+00:00 NOTICE action_scheduler.queue_job :: MailChimp_WooCommerce_Cart_Update queued :: obj_id 4816f9883a720cb88b881809f7125f79
2023-04-24T15:08:49+00:00 NOTICE abandoned_cart.success :: email: mariaru096@gmail.com :: checkout_url: https://naturalconexion.com/checkout/?mc_cart_id=4816f9883a720cb88b881809f7125f79
2023-04-24T15:10:20+00:00 NOTICE action_scheduler.queue_job :: MailChimp_WooCommerce_Cart_Update queued :: obj_id 4816f9883a720cb88b881809f7125f79
2023-04-24T15:11:06+00:00 NOTICE abandoned_cart.success :: email: mariaru096@gmail.com :: checkout_url: https://naturalconexion.com/checkout/?mc_cart_id=4816f9883a720cb88b881809f7125f79
2023-04-24T16:39:05+00:00 NOTICE action_scheduler.queue_job :: MailChimp_WooCommerce_Cart_Update queued :: obj_id b06b7f2d0f726c1031bc3160cad1cbfd
2023-04-24T16:39:08+00:00 NOTICE abandoned_cart.success :: email: lopezn6@hotmail.com :: checkout_url: https://naturalconexion.com/checkout/?mc_cart_id=b06b7f2d0f726c1031bc3160cad1cbfd
2023-04-24T16:39:08+00:00 NOTICE cart.member.updated :: Updated lopezn6@hotmail.com subscriber status to transactional and language to es
2023-04-24T16:39:52+00:00 NOTICE action_scheduler.queue_job :: MailChimp_WooCommerce_Single_Order starts in 90 seconds :: obj_id 24090
2023-04-24T16:41:38+00:00 NOTICE order_submit :: #24090 has a financial status of pending and was skipped.
2023-04-24T16:43:25+00:00 NOTICE action_scheduler.queue_job :: MailChimp_WooCommerce_Single_Order starts in 90 seconds :: obj_id 24090
2023-04-24T16:43:29+00:00 NOTICE debug :: Order ID 24090 was pending and is now processing :: Array
(
    [new_order] => 1
    [tracking] => Array
        (
            [campaign_id] => 
            [landing_site] => https://naturalconexion.com/wp-content/plugins/woocommerce-payu-latam/confirmation.php
        )

)

2023-04-24T16:45:44+00:00 NOTICE order.member.updated :: Updated lopezn6@hotmail.com subscriber status to transactional and language to 
2023-04-24T16:45:44+00:00 NOTICE order_submit.success :: addStoreOrder :: #24090 :: email: lopezn6@hotmail.com :: landing site https://naturalconexion.com/wp-content/plugins/woocommerce-payu-latam/confirmation.php :: abandoned cart deleted [b06b7f2d0f726c1031bc3160cad1cbfd]
2023-04-24T19:58:38+00:00 NOTICE action_scheduler.queue_job :: MailChimp_WooCommerce_Cart_Update queued :: obj_id c518fb2779ee6a7aad63aa6c69ce8977
2023-04-24T19:59:30+00:00 NOTICE abandoned_cart.success :: email: vejimenezsalas@gmail.com :: checkout_url: https://naturalconexion.com/checkout/?mc_cart_id=c518fb2779ee6a7aad63aa6c69ce8977
2023-04-24T19:59:30+00:00 NOTICE cart.member.updated :: Updated vejimenezsalas@gmail.com subscriber status to transactional and language to es
2023-04-24T20:01:29+00:00 NOTICE action_scheduler.queue_job :: MailChimp_WooCommerce_User_Submit queued :: obj_id 2101
2023-04-24T20:01:32+00:00 NOTICE member.sync :: Updated Member vejimenezsalas@gmail.com :: Array
(
    [previous_status] => transactional
    [status] => 
    [language] => 
    [merge_fields] => Array
        (
            [FNAME] => VANESSA
            [LNAME] => JIMENEZ SALAS
        )

    [gdpr_fields] => 
)

2023-04-24T20:02:24+00:00 NOTICE action_scheduler.queue_job :: MailChimp_WooCommerce_User_Submit queued :: obj_id 2101
2023-04-24T20:03:27+00:00 NOTICE member.sync :: Updated Member vejimenezsalas@gmail.com :: Array
(
    [previous_status] => transactional
    [status] => 
    [language] => 
    [merge_fields] => Array
        (
            [FNAME] => VANESSA
            [LNAME] => JIMENEZ SALAS
        )

    [gdpr_fields] => 
)

2023-04-24T20:40:47+00:00 NOTICE action_scheduler.queue_job :: MailChimp_WooCommerce_User_Submit queued :: obj_id 2466
2023-04-24T20:41:10+00:00 NOTICE member.sync :: Subscribed Member deisycamu@hotmail.com :: Array
(
    [status_if_new] => 1
    [merge_fields] => Array
        (
        )

)

2023-04-24T20:42:06+00:00 NOTICE action_scheduler.queue_job :: MailChimp_WooCommerce_Cart_Update queued :: obj_id c76e9403990cec4242532bc09b7fe007
2023-04-24T20:42:14+00:00 NOTICE abandoned_cart.success :: email: deisycamu@hotmail.com :: checkout_url: https://naturalconexion.com/checkout/?mc_cart_id=c76e9403990cec4242532bc09b7fe007
2023-04-24T20:42:14+00:00 NOTICE cart.member.updated :: Updated deisycamu@hotmail.com subscriber status to subscribed and language to es
2023-04-24T20:44:27+00:00 NOTICE action_scheduler.queue_job :: MailChimp_WooCommerce_Cart_Update queued :: obj_id c76e9403990cec4242532bc09b7fe007
2023-04-24T20:44:29+00:00 NOTICE abandoned_cart.success :: email: deisycamu@hotmail.com :: checkout_url: https://naturalconexion.com/checkout/?mc_cart_id=c76e9403990cec4242532bc09b7fe007
2023-04-24T20:44:56+00:00 NOTICE action_scheduler.queue_job :: MailChimp_WooCommerce_User_Submit queued :: obj_id 2466
2023-04-24T20:44:56+00:00 NOTICE action_scheduler.queue_job :: MailChimp_WooCommerce_Single_Order starts in 90 seconds :: obj_id 24091
2023-04-24T20:46:15+00:00 NOTICE member.sync :: Updated Member deisycamu@hotmail.com :: Array
(
    [status] => subscribed
    [language] => 
    [merge_fields] => Array
        (
            [FNAME] => daysy carolina
            [LNAME] => muñoz zapata
        )

    [gdpr_fields] => 
)

2023-04-24T20:46:31+00:00 NOTICE order_submit :: #24091 has a financial status of pending and was skipped.
2023-04-24T20:46:42+00:00 NOTICE action_scheduler.queue_job :: MailChimp_WooCommerce_Cart_Update queued :: obj_id c76e9403990cec4242532bc09b7fe007
2023-04-24T20:48:17+00:00 NOTICE abandoned_cart.success :: email: deisycamu@hotmail.com :: checkout_url: https://naturalconexion.com/checkout/?mc_cart_id=c76e9403990cec4242532bc09b7fe007
2023-04-24T21:40:24+00:00 NOTICE action_scheduler.queue_job :: MailChimp_WooCommerce_Cart_Update queued :: obj_id 62ab2d911f999be5893b72cec82dbcc4
2023-04-24T21:40:27+00:00 NOTICE abandoned_cart.success :: email: catalina.hoyos.vasquez@outlook.com :: checkout_url: https://naturalconexion.com/checkout/?mc_cart_id=62ab2d911f999be5893b72cec82dbcc4
2023-04-24T21:40:28+00:00 NOTICE cart.member.updated :: Updated catalina.hoyos.vasquez@outlook.com subscriber status to subscribed and language to es
2023-04-24T21:42:01+00:00 NOTICE action_scheduler.queue_job :: MailChimp_WooCommerce_Cart_Update queued :: obj_id 62ab2d911f999be5893b72cec82dbcc4
2023-04-24T21:42:16+00:00 NOTICE action_scheduler.queue_job :: MailChimp_WooCommerce_Single_Order starts in 90 seconds :: obj_id 24092
2023-04-24T21:42:46+00:00 NOTICE abandoned_cart.success :: email: catalina.hoyos.vasquez@outlook.com :: checkout_url: https://naturalconexion.com/checkout/?mc_cart_id=62ab2d911f999be5893b72cec82dbcc4
2023-04-24T21:44:04+00:00 NOTICE order_submit :: #24092 has a financial status of pending and was skipped.
2023-04-24T21:46:17+00:00 NOTICE action_scheduler.queue_job :: MailChimp_WooCommerce_Single_Order starts in 90 seconds :: obj_id 24091
2023-04-24T21:46:17+00:00 NOTICE debug :: Order ID 24091 was pending and is now cancelled :: Array
(
    [new_order] => 
    [tracking] => 
)

2023-04-24T21:47:53+00:00 NOTICE order_submit :: #24091 has a financial status of cancelled and was skipped.
2023-04-24T21:50:44+00:00 NOTICE action_scheduler.queue_job :: MailChimp_WooCommerce_Single_Order starts in 90 seconds :: obj_id 24092
2023-04-24T21:50:47+00:00 NOTICE debug :: Order ID 24092 was pending and is now processing :: Array
(
    [new_order] => 1
    [tracking] => Array
        (
            [campaign_id] => 
            [landing_site] => https://naturalconexion.com/wp-content/plugins/woocommerce-payu-latam/confirmation.php
        )

)

2023-04-24T21:53:54+00:00 NOTICE order.member.updated :: Updated catalina.hoyos.vasquez@outlook.com subscriber status to subscribed and language to 
2023-04-24T21:53:54+00:00 NOTICE order_submit.success :: addStoreOrder :: #24092 :: email: catalina.hoyos.vasquez@outlook.com :: landing site https://naturalconexion.com/wp-content/plugins/woocommerce-payu-latam/confirmation.php :: abandoned cart deleted [62ab2d911f999be5893b72cec82dbcc4]
