2023-01-30T03:22:17+00:00 NOTICE action_scheduler.queue_job :: MailChimp_WooCommerce_Cart_Update queued :: obj_id 7e4ae01f0b74829998398231a6e07bbd
2023-01-30T03:22:51+00:00 NOTICE abandoned_cart.success :: email: rosa.henao@hotmail.com :: checkout_url: https://naturalconexion.com/checkout/?mc_cart_id=7e4ae01f0b74829998398231a6e07bbd
2023-01-30T03:22:52+00:00 NOTICE cart.member.updated :: Updated rosa.henao@hotmail.com subscriber status to subscribed and language to es
2023-01-30T03:24:44+00:00 NOTICE action_scheduler.queue_job :: MailChimp_WooCommerce_Single_Order starts in 90 seconds :: obj_id 23182
2023-01-30T03:26:50+00:00 NOTICE order_submit :: #23182 has a financial status of pending and was skipped.
2023-01-30T03:28:00+00:00 NOTICE action_scheduler.queue_job :: MailChimp_WooCommerce_Single_Order starts in 90 seconds :: obj_id 23182
2023-01-30T03:28:01+00:00 NOTICE debug :: Order ID 23182 was pending and is now failed :: Array
(
    [new_order] => 
    [tracking] => 
)

2023-01-30T12:36:54+00:00 NOTICE action_scheduler.queue_job :: MailChimp_WooCommerce_Single_Order starts in 90 seconds :: obj_id 23169
2023-01-30T12:37:00+00:00 NOTICE debug :: Order ID 23169 was processing and is now completed :: Array
(
    [new_order] => 
    [tracking] => 
)

2023-01-30T12:37:00+00:00 NOTICE action_scheduler.queue_job :: MailChimp_WooCommerce_Single_Order starts in 90 seconds :: obj_id 23170
2023-01-30T12:37:02+00:00 NOTICE debug :: Order ID 23170 was processing and is now completed :: Array
(
    [new_order] => 
    [tracking] => 
)

2023-01-30T12:37:02+00:00 NOTICE action_scheduler.queue_job :: MailChimp_WooCommerce_Single_Order starts in 90 seconds :: obj_id 23171
2023-01-30T12:37:05+00:00 NOTICE debug :: Order ID 23171 was processing and is now completed :: Array
(
    [new_order] => 
    [tracking] => 
)

2023-01-30T12:37:05+00:00 NOTICE action_scheduler.queue_job :: MailChimp_WooCommerce_Single_Order starts in 90 seconds :: obj_id 23173
2023-01-30T12:37:07+00:00 NOTICE debug :: Order ID 23173 was processing and is now completed :: Array
(
    [new_order] => 
    [tracking] => 
)

2023-01-30T12:37:07+00:00 NOTICE action_scheduler.queue_job :: MailChimp_WooCommerce_Single_Order starts in 90 seconds :: obj_id 23175
2023-01-30T12:37:09+00:00 NOTICE debug :: Order ID 23175 was processing and is now completed :: Array
(
    [new_order] => 
    [tracking] => 
)

2023-01-30T12:37:09+00:00 NOTICE action_scheduler.queue_job :: MailChimp_WooCommerce_Single_Order starts in 90 seconds :: obj_id 23177
2023-01-30T12:37:12+00:00 NOTICE debug :: Order ID 23177 was processing and is now completed :: Array
(
    [new_order] => 
    [tracking] => 
)

2023-01-30T12:37:12+00:00 NOTICE action_scheduler.queue_job :: MailChimp_WooCommerce_Single_Order starts in 90 seconds :: obj_id 23178
2023-01-30T12:37:14+00:00 NOTICE debug :: Order ID 23178 was processing and is now completed :: Array
(
    [new_order] => 
    [tracking] => 
)

2023-01-30T12:37:14+00:00 NOTICE action_scheduler.queue_job :: MailChimp_WooCommerce_Single_Order starts in 90 seconds :: obj_id 23179
2023-01-30T12:37:16+00:00 NOTICE debug :: Order ID 23179 was processing and is now completed :: Array
(
    [new_order] => 
    [tracking] => 
)

2023-01-30T12:37:16+00:00 NOTICE action_scheduler.queue_job :: MailChimp_WooCommerce_Single_Order starts in 90 seconds :: obj_id 23180
2023-01-30T12:37:19+00:00 NOTICE debug :: Order ID 23180 was processing and is now completed :: Array
(
    [new_order] => 
    [tracking] => 
)

2023-01-30T12:39:32+00:00 NOTICE order.member.updated :: Updated liz_9208@hotmail.com subscriber status to subscribed and language to 
2023-01-30T12:39:32+00:00 NOTICE order_submit.success :: updateStoreOrder :: #23169 :: email: liz_9208@hotmail.com
2023-01-30T12:39:33+00:00 NOTICE order.member.updated :: Updated suranimendoza24@gmail.com subscriber status to subscribed and language to 
2023-01-30T12:39:33+00:00 NOTICE order_submit.success :: updateStoreOrder :: #23170 :: email: suranimendoza24@gmail.com
2023-01-30T12:39:35+00:00 NOTICE order.member.updated :: Updated Paulaandre.mb@gmail.com subscriber status to transactional and language to 
2023-01-30T12:39:35+00:00 NOTICE order_submit.success :: updateStoreOrder :: #23171 :: email: Paulaandre.mb@gmail.com
2023-01-30T12:39:37+00:00 NOTICE order.member.updated :: Updated marcelarosasve@gmail.com subscriber status to subscribed and language to 
2023-01-30T12:39:37+00:00 NOTICE order_submit.success :: updateStoreOrder :: #23173 :: email: marcelarosasve@gmail.com
2023-01-30T12:39:38+00:00 NOTICE order.member.updated :: Updated jairocardonaea@outlook.com subscriber status to subscribed and language to 
2023-01-30T12:39:38+00:00 NOTICE order_submit.success :: updateStoreOrder :: #23175 :: email: jairocardonaea@outlook.com
2023-01-30T12:39:40+00:00 NOTICE order.member.updated :: Updated nata_081@hotmail.com subscriber status to subscribed and language to 
2023-01-30T12:39:40+00:00 NOTICE order_submit.success :: updateStoreOrder :: #23177 :: email: nata_081@hotmail.com
2023-01-30T12:39:41+00:00 NOTICE order.member.updated :: Updated tatywii44@gmail.com subscriber status to subscribed and language to 
2023-01-30T12:39:41+00:00 NOTICE order_submit.success :: updateStoreOrder :: #23178 :: email: tatywii44@gmail.com
2023-01-30T12:39:42+00:00 NOTICE order.member.updated :: Updated luisitamaxi@hotmail.es subscriber status to subscribed and language to 
2023-01-30T12:39:42+00:00 NOTICE order_submit.success :: updateStoreOrder :: #23179 :: email: luisitamaxi@hotmail.es
2023-01-30T12:39:44+00:00 NOTICE order.member.updated :: Updated Manuela-salazar@hotmail.com subscriber status to subscribed and language to 
2023-01-30T12:39:44+00:00 NOTICE order_submit.success :: updateStoreOrder :: #23180 :: email: Manuela-salazar@hotmail.com
2023-01-30T12:48:48+00:00 NOTICE action_scheduler.queue_job :: MailChimp_WooCommerce_Single_Order starts in 90 seconds :: obj_id 23181
2023-01-30T12:48:51+00:00 NOTICE debug :: Order ID 23181 was processing and is now completed :: Array
(
    [new_order] => 
    [tracking] => 
)

2023-01-30T12:50:55+00:00 NOTICE order.member.updated :: Updated stegy@hotmail.com subscriber status to subscribed and language to 
2023-01-30T12:50:55+00:00 NOTICE order_submit.success :: updateStoreOrder :: #23181 :: email: stegy@hotmail.com
2023-01-30T14:57:47+00:00 NOTICE action_scheduler.queue_job :: MailChimp_WooCommerce_Single_Order starts in 90 seconds :: obj_id 23185
2023-01-30T14:57:47+00:00 NOTICE action_scheduler.queue_job :: MailChimp_WooCommerce_Cart_Update queued :: obj_id 313241fe457637aae47c7ebfdf24ade4
2023-01-30T14:58:14+00:00 NOTICE abandoned_cart.success :: email: lemgonzalezgo@gmail.com :: checkout_url: https://naturalconexion.com/checkout/?mc_cart_id=313241fe457637aae47c7ebfdf24ade4
2023-01-30T14:58:14+00:00 NOTICE cart.member.updated :: Updated lemgonzalezgo@gmail.com subscriber status to subscribed and language to es
2023-01-30T15:00:25+00:00 NOTICE order_submit :: #23185 has a financial status of pending and was skipped.
2023-01-30T15:04:09+00:00 NOTICE action_scheduler.queue_job :: MailChimp_WooCommerce_Single_Order starts in 90 seconds :: obj_id 23185
2023-01-30T15:04:12+00:00 NOTICE debug :: Order ID 23185 was pending and is now processing :: Array
(
    [new_order] => 1
    [tracking] => Array
        (
            [campaign_id] => 
            [landing_site] => https://naturalconexion.com/wp-content/plugins/woocommerce-payu-latam/confirmation.php
        )

)

2023-01-30T15:06:28+00:00 NOTICE order.member.updated :: Updated lemgonzalezgo@gmail.com subscriber status to subscribed and language to 
2023-01-30T15:06:28+00:00 NOTICE order_submit.success :: addStoreOrder :: #23185 :: email: lemgonzalezgo@gmail.com :: landing site https://naturalconexion.com/wp-content/plugins/woocommerce-payu-latam/confirmation.php :: abandoned cart deleted [313241fe457637aae47c7ebfdf24ade4]
2023-01-30T15:26:59+00:00 NOTICE action_scheduler.queue_job :: MailChimp_WooCommerce_Single_Order starts in 90 seconds :: obj_id 23185
2023-01-30T15:27:03+00:00 NOTICE debug :: Order ID 23185 was processing and is now completed :: Array
(
    [new_order] => 
    [tracking] => 
)

2023-01-30T15:28:43+00:00 NOTICE order.member.updated :: Updated lemgonzalezgo@gmail.com subscriber status to subscribed and language to 
2023-01-30T15:28:43+00:00 NOTICE order_submit.success :: updateStoreOrder :: #23185 :: email: lemgonzalezgo@gmail.com
2023-01-30T15:35:00+00:00 NOTICE action_scheduler.queue_job :: MailChimp_WooCommerce_Cart_Update queued :: obj_id 7ae98d04cfd71e2d9cd818b6547d8921
2023-01-30T15:36:04+00:00 NOTICE abandoned_cart.success :: email: lopez@posteo.de :: checkout_url: https://naturalconexion.com/checkout/?mc_cart_id=7ae98d04cfd71e2d9cd818b6547d8921
2023-01-30T15:36:04+00:00 NOTICE cart.member.updated :: Updated lopez@posteo.de subscriber status to transactional and language to es
2023-01-30T15:36:12+00:00 NOTICE action_scheduler.queue_job :: MailChimp_WooCommerce_Single_Order starts in 90 seconds :: obj_id 23191
2023-01-30T15:38:29+00:00 NOTICE order_submit :: #23191 has a financial status of pending and was skipped.
2023-01-30T17:16:44+00:00 NOTICE action_scheduler.queue_job :: MailChimp_WooCommerce_Single_Order starts in 90 seconds :: obj_id 23191
2023-01-30T17:16:44+00:00 NOTICE debug :: Order ID 23191 was pending and is now cancelled :: Array
(
    [new_order] => 
    [tracking] => 
)

2023-01-30T17:18:45+00:00 NOTICE order_submit :: #23191 has a financial status of cancelled and was skipped.
2023-01-30T17:56:31+00:00 NOTICE action_scheduler.queue_job :: MailChimp_WooCommerce_Cart_Update queued :: obj_id 74ee48a9d084a9c143c3c0a6fcb35d99
2023-01-30T17:56:36+00:00 NOTICE abandoned_cart.success :: email: jescobarf@gmail.com :: checkout_url: https://naturalconexion.com/checkout/?mc_cart_id=74ee48a9d084a9c143c3c0a6fcb35d99
2023-01-30T17:56:37+00:00 NOTICE cart.member.updated :: Updated jescobarf@gmail.com subscriber status to transactional and language to es
2023-01-30T17:56:55+00:00 NOTICE action_scheduler.queue_job :: MailChimp_WooCommerce_Single_Order starts in 90 seconds :: obj_id 23192
2023-01-30T17:59:07+00:00 NOTICE order_submit :: #23192 has a financial status of pending and was skipped.
2023-01-30T18:05:40+00:00 NOTICE action_scheduler.queue_job :: MailChimp_WooCommerce_Single_Order starts in 90 seconds :: obj_id 23192
2023-01-30T18:05:43+00:00 NOTICE debug :: Order ID 23192 was pending and is now processing :: Array
(
    [new_order] => 1
    [tracking] => Array
        (
            [campaign_id] => 
            [landing_site] => https://naturalconexion.com/wp-content/plugins/woocommerce-payu-latam/confirmation.php
        )

)

2023-01-30T18:08:03+00:00 NOTICE order.member.updated :: Updated jescobarf@gmail.com subscriber status to transactional and language to 
2023-01-30T18:08:03+00:00 NOTICE order_submit.success :: addStoreOrder :: #23192 :: email: jescobarf@gmail.com :: landing site https://naturalconexion.com/wp-content/plugins/woocommerce-payu-latam/confirmation.php :: abandoned cart deleted [74ee48a9d084a9c143c3c0a6fcb35d99]
2023-01-30T18:08:14+00:00 NOTICE action_scheduler.queue_job :: MailChimp_WooCommerce_Single_Order starts in 90 seconds :: obj_id 23192
2023-01-30T18:08:17+00:00 NOTICE debug :: Order ID 23192 was processing and is now completed :: Array
(
    [new_order] => 
    [tracking] => 
)

2023-01-30T18:10:00+00:00 NOTICE order.member.updated :: Updated jescobarf@gmail.com subscriber status to transactional and language to 
2023-01-30T18:10:00+00:00 NOTICE order_submit.success :: updateStoreOrder :: #23192 :: email: jescobarf@gmail.com
2023-01-30T19:01:15+00:00 NOTICE action_scheduler.queue_job :: MailChimp_WooCommerce_Single_Product starts in 5 seconds :: obj_id 23041
2023-01-30T19:02:27+00:00 NOTICE product_submit.success :: updateStoreProduct :: #23041
2023-01-30T20:21:16+00:00 NOTICE action_scheduler.queue_job :: MailChimp_WooCommerce_Cart_Update queued :: obj_id 0c06ed1a06d69d41d01fea9310ca47de
2023-01-30T20:22:04+00:00 NOTICE abandoned_cart.success :: email: sookieyy@gmail.com :: checkout_url: https://naturalconexion.com/checkout/?mc_cart_id=0c06ed1a06d69d41d01fea9310ca47de
2023-01-30T20:22:04+00:00 NOTICE cart.member.updated :: Updated sookieyy@gmail.com subscriber status to transactional and language to es
2023-01-30T20:22:45+00:00 NOTICE action_scheduler.queue_job :: MailChimp_WooCommerce_Cart_Update queued :: obj_id 0c06ed1a06d69d41d01fea9310ca47de
2023-01-30T20:23:07+00:00 NOTICE abandoned_cart.success :: email: sookieyy@gmail.com :: checkout_url: https://naturalconexion.com/checkout/?mc_cart_id=0c06ed1a06d69d41d01fea9310ca47de
2023-01-30T20:24:33+00:00 NOTICE action_scheduler.queue_job :: MailChimp_WooCommerce_Cart_Update queued :: obj_id 0c06ed1a06d69d41d01fea9310ca47de
2023-01-30T20:24:40+00:00 NOTICE abandoned_cart.success :: email: sookieyy@gmail.com :: checkout_url: https://naturalconexion.com/checkout/?mc_cart_id=0c06ed1a06d69d41d01fea9310ca47de
2023-01-30T20:25:31+00:00 NOTICE action_scheduler.queue_job :: MailChimp_WooCommerce_Cart_Update queued :: obj_id 0c06ed1a06d69d41d01fea9310ca47de
2023-01-30T20:25:33+00:00 NOTICE abandoned_cart.success :: email: sookieyy@gmail.com :: checkout_url: https://naturalconexion.com/checkout/?mc_cart_id=0c06ed1a06d69d41d01fea9310ca47de
2023-01-30T20:26:23+00:00 NOTICE action_scheduler.queue_job :: MailChimp_WooCommerce_Cart_Update queued :: obj_id 0c06ed1a06d69d41d01fea9310ca47de
2023-01-30T20:26:37+00:00 NOTICE action_scheduler.queue_job :: MailChimp_WooCommerce_Single_Order starts in 90 seconds :: obj_id 23193
2023-01-30T20:26:38+00:00 NOTICE abandoned_cart.success :: email: sookieyy@gmail.com :: checkout_url: https://naturalconexion.com/checkout/?mc_cart_id=0c06ed1a06d69d41d01fea9310ca47de
2023-01-30T20:28:22+00:00 NOTICE order_submit :: #23193 has a financial status of pending and was skipped.
2023-01-30T20:44:27+00:00 NOTICE action_scheduler.queue_job :: MailChimp_WooCommerce_Single_Product starts in 5 seconds :: obj_id 7597
2023-01-30T20:44:40+00:00 NOTICE product_submit.success :: updateStoreProduct :: #7597
2023-01-30T20:50:46+00:00 NOTICE action_scheduler.queue_job :: MailChimp_WooCommerce_Single_Product starts in 5 seconds :: obj_id 7597
2023-01-30T20:50:58+00:00 NOTICE product_submit.success :: updateStoreProduct :: #7597
2023-01-30T20:56:51+00:00 NOTICE action_scheduler.queue_job :: MailChimp_WooCommerce_Single_Order starts in 90 seconds :: obj_id 23195
2023-01-30T20:59:53+00:00 NOTICE order_submit :: #23195 has a financial status of pending and was skipped.
2023-01-30T22:02:51+00:00 NOTICE action_scheduler.queue_job :: MailChimp_WooCommerce_User_Submit queued :: obj_id 1963
2023-01-30T22:02:59+00:00 NOTICE member.sync :: Updated Member diacar26@hotmail.com :: Array
(
    [status] => subscribed
    [language] => 
    [merge_fields] => Array
        (
            [FNAME] => Diana Marcela
            [LNAME] => Carreño
        )

    [gdpr_fields] => 
)

2023-01-30T22:03:15+00:00 NOTICE action_scheduler.queue_job :: MailChimp_WooCommerce_Single_Order starts in 90 seconds :: obj_id 23193
2023-01-30T22:03:18+00:00 NOTICE debug :: Order ID 23193 was pending and is now processing :: Array
(
    [new_order] => 1
    [tracking] => Array
        (
            [campaign_id] => 
            [landing_site] => https://naturalconexion.com/wp-content/plugins/woocommerce-payu-latam/confirmation.php
        )

)

2023-01-30T22:04:55+00:00 NOTICE order.member.updated :: Updated sookieyy@gmail.com subscriber status to transactional and language to 
2023-01-30T22:04:55+00:00 NOTICE order_submit.success :: addStoreOrder :: #23193 :: email: sookieyy@gmail.com :: landing site https://naturalconexion.com/wp-content/plugins/woocommerce-payu-latam/confirmation.php :: abandoned cart deleted [0c06ed1a06d69d41d01fea9310ca47de]
2023-01-30T22:07:24+00:00 NOTICE action_scheduler.queue_job :: MailChimp_WooCommerce_Cart_Update queued :: obj_id 9c44f6bedfcac3db170cf1a01e655be0
2023-01-30T22:08:02+00:00 NOTICE abandoned_cart.success :: email: diacar26@hotmail.com :: checkout_url: https://naturalconexion.com/checkout/?mc_cart_id=9c44f6bedfcac3db170cf1a01e655be0
2023-01-30T22:08:02+00:00 NOTICE cart.member.updated :: Updated diacar26@hotmail.com subscriber status to subscribed and language to es
2023-01-30T22:09:05+00:00 NOTICE action_scheduler.queue_job :: MailChimp_WooCommerce_Cart_Update queued :: obj_id 9c44f6bedfcac3db170cf1a01e655be0
2023-01-30T22:09:06+00:00 NOTICE abandoned_cart.success :: email: diacar26@hotmail.com :: checkout_url: https://naturalconexion.com/checkout/?mc_cart_id=9c44f6bedfcac3db170cf1a01e655be0
2023-01-30T22:14:38+00:00 NOTICE action_scheduler.queue_job :: MailChimp_WooCommerce_Cart_Update queued :: obj_id 9c44f6bedfcac3db170cf1a01e655be0
2023-01-30T22:15:00+00:00 NOTICE abandoned_cart.success :: email: diacar26@hotmail.com :: checkout_url: https://naturalconexion.com/checkout/?mc_cart_id=9c44f6bedfcac3db170cf1a01e655be0
2023-01-30T22:15:26+00:00 NOTICE action_scheduler.queue_job :: MailChimp_WooCommerce_Cart_Update queued :: obj_id 9c44f6bedfcac3db170cf1a01e655be0
2023-01-30T22:15:52+00:00 NOTICE abandoned_cart.success :: email: diacar26@hotmail.com :: checkout_url: https://naturalconexion.com/checkout/?mc_cart_id=9c44f6bedfcac3db170cf1a01e655be0
2023-01-30T22:16:08+00:00 NOTICE action_scheduler.queue_job :: MailChimp_WooCommerce_Cart_Update queued :: obj_id 9c44f6bedfcac3db170cf1a01e655be0
2023-01-30T22:16:53+00:00 NOTICE abandoned_cart.success :: email: diacar26@hotmail.com :: checkout_url: https://naturalconexion.com/checkout/?mc_cart_id=9c44f6bedfcac3db170cf1a01e655be0
2023-01-30T22:19:26+00:00 NOTICE action_scheduler.queue_job :: MailChimp_WooCommerce_Single_Order starts in 90 seconds :: obj_id 23195
2023-01-30T22:19:26+00:00 NOTICE debug :: Order ID 23195 was pending and is now cancelled :: Array
(
    [new_order] => 
    [tracking] => 
)

2023-01-30T22:21:12+00:00 NOTICE order_submit :: #23195 has a financial status of cancelled and was skipped.
2023-01-30T22:21:30+00:00 NOTICE action_scheduler.queue_job :: MailChimp_WooCommerce_Cart_Update queued :: obj_id 9c44f6bedfcac3db170cf1a01e655be0
2023-01-30T22:22:39+00:00 NOTICE action_scheduler.queue_job :: MailChimp_WooCommerce_Single_Order starts in 90 seconds :: obj_id 23195
2023-01-30T22:22:39+00:00 NOTICE debug :: Order ID 23195 was cancelled and is now failed :: Array
(
    [new_order] => 
    [tracking] => 
)

2023-01-30T22:22:40+00:00 NOTICE abandoned_cart.success :: email: diacar26@hotmail.com :: checkout_url: https://naturalconexion.com/checkout/?mc_cart_id=9c44f6bedfcac3db170cf1a01e655be0
2023-01-30T22:23:59+00:00 NOTICE action_scheduler.queue_job :: MailChimp_WooCommerce_User_Submit queued :: obj_id 1963
2023-01-30T22:23:59+00:00 NOTICE action_scheduler.queue_job :: MailChimp_WooCommerce_Single_Order starts in 90 seconds :: obj_id 23196
2023-01-30T22:24:35+00:00 NOTICE member.sync :: Updated Member diacar26@hotmail.com :: Array
(
    [status] => subscribed
    [language] => 
    [merge_fields] => Array
        (
            [FNAME] => Diana Marcela
            [LNAME] => Carreño
        )

    [gdpr_fields] => 
)

2023-01-30T22:26:06+00:00 NOTICE order_submit :: #23196 has a financial status of pending and was skipped.
2023-01-30T22:26:54+00:00 NOTICE action_scheduler.queue_job :: MailChimp_WooCommerce_Cart_Update queued :: obj_id 9c44f6bedfcac3db170cf1a01e655be0
2023-01-30T22:27:28+00:00 NOTICE abandoned_cart.success :: email: diacar26@hotmail.com :: checkout_url: https://naturalconexion.com/checkout/?mc_cart_id=9c44f6bedfcac3db170cf1a01e655be0
2023-01-30T22:28:05+00:00 NOTICE action_scheduler.queue_job :: MailChimp_WooCommerce_Cart_Update queued :: obj_id 9c44f6bedfcac3db170cf1a01e655be0
2023-01-30T22:28:42+00:00 NOTICE abandoned_cart.success :: email: diacar26@hotmail.com :: checkout_url: https://naturalconexion.com/checkout/?mc_cart_id=9c44f6bedfcac3db170cf1a01e655be0
