2023-08-26T00:43:35+00:00 NOTICE action_scheduler.queue_job :: MailChimp_WooCommerce_Single_Order starts in 90 seconds :: obj_id 25445
2023-08-26T00:43:36+00:00 NOTICE debug :: Order ID 25445 was cancelled and is now failed :: Array
(
    [new_order] => 
    [tracking] => 
)

2023-08-26T13:21:25+00:00 NOTICE action_scheduler.queue_job :: MailChimp_WooCommerce_SingleCoupon queued :: obj_id 25447
2023-08-26T13:21:54+00:00 NOTICE promo_code_submit.success :: #25447 :: code: natural15%
2023-08-26T13:23:33+00:00 NOTICE action_scheduler.queue_job :: MailChimp_WooCommerce_SingleCoupon queued :: obj_id 25447
2023-08-26T13:23:54+00:00 NOTICE promo_code_submit.success :: #25447 :: code: natural15%
2023-08-26T13:24:47+00:00 NOTICE action_scheduler.queue_job :: MailChimp_WooCommerce_SingleCoupon queued :: obj_id 25447
2023-08-26T13:24:53+00:00 NOTICE promo_code_submit.success :: #25447 :: code: natural15%
2023-08-26T13:26:57+00:00 NOTICE action_scheduler.queue_job :: MailChimp_WooCommerce_SingleCoupon queued :: obj_id 25447
2023-08-26T13:26:58+00:00 NOTICE promo_code_submit.success :: #25447 :: code: natural15%
2023-08-26T13:27:22+00:00 NOTICE action_scheduler.queue_job :: MailChimp_WooCommerce_SingleCoupon queued :: obj_id 25447
2023-08-26T13:27:44+00:00 NOTICE promo_code_submit.success :: #25447 :: code: natural15%
2023-08-26T13:37:32+00:00 NOTICE action_scheduler.queue_job :: MailChimp_WooCommerce_User_Submit queued :: obj_id 2626
2023-08-26T13:38:00+00:00 NOTICE member.sync :: sozutov.genka@gmail.com has signed up to a lot of lists very recently; we're not allowing more signups for now
2023-08-26T16:17:03+00:00 NOTICE action_scheduler.queue_job :: MailChimp_WooCommerce_Cart_Update queued :: obj_id 4816f9883a720cb88b881809f7125f79
2023-08-26T16:17:05+00:00 NOTICE abandoned_cart.success :: email: mariaru096@gmail.com :: checkout_url: https://naturalconexion.com/checkout/?mc_cart_id=4816f9883a720cb88b881809f7125f79
2023-08-26T16:17:05+00:00 NOTICE cart.member.updated :: Updated mariaru096@gmail.com subscriber status to subscribed and language to es
2023-08-26T16:17:07+00:00 NOTICE action_scheduler.queue_job :: MailChimp_WooCommerce_Cart_Update queued :: obj_id 4816f9883a720cb88b881809f7125f79
2023-08-26T16:17:35+00:00 NOTICE abandoned_cart.success :: email: mariaru096@gmail.com :: checkout_url: https://naturalconexion.com/checkout/?mc_cart_id=4816f9883a720cb88b881809f7125f79
2023-08-26T16:19:07+00:00 NOTICE action_scheduler.queue_job :: MailChimp_WooCommerce_Cart_Update queued :: obj_id 4816f9883a720cb88b881809f7125f79
2023-08-26T16:19:08+00:00 NOTICE abandoned_cart.success :: email: mariaru096@gmail.com :: checkout_url: https://naturalconexion.com/checkout/?mc_cart_id=4816f9883a720cb88b881809f7125f79
2023-08-26T16:19:44+00:00 NOTICE action_scheduler.queue_job :: MailChimp_WooCommerce_Cart_Update queued :: obj_id 4816f9883a720cb88b881809f7125f79
2023-08-26T16:20:07+00:00 NOTICE abandoned_cart.success :: email: mariaru096@gmail.com :: checkout_url: https://naturalconexion.com/checkout/?mc_cart_id=4816f9883a720cb88b881809f7125f79
2023-08-26T16:20:19+00:00 NOTICE action_scheduler.queue_job :: MailChimp_WooCommerce_Cart_Update queued :: obj_id 4816f9883a720cb88b881809f7125f79
2023-08-26T16:21:07+00:00 NOTICE abandoned_cart.success :: email: mariaru096@gmail.com :: checkout_url: https://naturalconexion.com/checkout/?mc_cart_id=4816f9883a720cb88b881809f7125f79
2023-08-26T16:21:48+00:00 NOTICE action_scheduler.queue_job :: MailChimp_WooCommerce_Cart_Update queued :: obj_id 4816f9883a720cb88b881809f7125f79
2023-08-26T16:22:02+00:00 NOTICE abandoned_cart.success :: email: mariaru096@gmail.com :: checkout_url: https://naturalconexion.com/checkout/?mc_cart_id=4816f9883a720cb88b881809f7125f79
2023-08-26T16:22:20+00:00 NOTICE action_scheduler.queue_job :: MailChimp_WooCommerce_Cart_Update queued :: obj_id 4816f9883a720cb88b881809f7125f79
2023-08-26T16:22:41+00:00 NOTICE abandoned_cart.success :: email: mariaru096@gmail.com :: checkout_url: https://naturalconexion.com/checkout/?mc_cart_id=4816f9883a720cb88b881809f7125f79
2023-08-26T17:33:51+00:00 NOTICE action_scheduler.queue_job :: MailChimp_WooCommerce_SingleCoupon queued :: obj_id 25447
2023-08-26T17:33:53+00:00 NOTICE promo_code_submit.success :: #25447 :: code: natural15%
2023-08-26T17:34:35+00:00 NOTICE action_scheduler.queue_job :: MailChimp_WooCommerce_SingleCoupon queued :: obj_id 25447
2023-08-26T17:34:42+00:00 NOTICE promo_code_submit.success :: #25447 :: code: natural15%
2023-08-26T17:36:34+00:00 NOTICE action_scheduler.queue_job :: MailChimp_WooCommerce_SingleCoupon queued :: obj_id 25447
2023-08-26T17:36:46+00:00 NOTICE promo_code_submit.success :: #25447 :: code: natural15%
2023-08-26T17:37:13+00:00 NOTICE action_scheduler.queue_job :: MailChimp_WooCommerce_SingleCoupon queued :: obj_id 25447
2023-08-26T17:38:23+00:00 NOTICE promo_code_submit.success :: #25447 :: code: natural15%
2023-08-26T17:44:56+00:00 NOTICE action_scheduler.queue_job :: MailChimp_WooCommerce_Cart_Update queued :: obj_id ebfcb81ebad068fb8d7c541819038866
2023-08-26T17:44:57+00:00 NOTICE abandoned_cart.success :: email: gabrielacad2@gmail.com :: checkout_url: https://naturalconexion.com/checkout/?mc_cart_id=ebfcb81ebad068fb8d7c541819038866
2023-08-26T17:44:58+00:00 NOTICE cart.member.updated :: Updated gabrielacad2@gmail.com subscriber status to subscribed and language to es
2023-08-26T17:47:02+00:00 NOTICE action_scheduler.queue_job :: MailChimp_WooCommerce_Single_Order starts in 90 seconds :: obj_id 25448
2023-08-26T17:48:43+00:00 NOTICE order_submit :: #25448 has a financial status of pending and was skipped.
2023-08-26T17:55:50+00:00 NOTICE action_scheduler.queue_job :: MailChimp_WooCommerce_Single_Order starts in 90 seconds :: obj_id 25448
2023-08-26T17:55:57+00:00 NOTICE debug :: Order ID 25448 was pending and is now processing :: Array
(
    [new_order] => 1
    [tracking] => Array
        (
            [campaign_id] => 
            [landing_site] => https://naturalconexion.com/wp-content/plugins/woocommerce-payu-latam/confirmation.php
        )

)

2023-08-26T17:58:59+00:00 NOTICE order.member.updated :: Updated gabrielacad2@gmail.com subscriber status to subscribed and language to 
2023-08-26T17:58:59+00:00 NOTICE order_submit.success :: addStoreOrder :: #25448 :: email: gabrielacad2@gmail.com :: landing site https://naturalconexion.com/wp-content/plugins/woocommerce-payu-latam/confirmation.php :: abandoned cart deleted [ebfcb81ebad068fb8d7c541819038866]
2023-08-26T18:50:42+00:00 NOTICE action_scheduler.queue_job :: MailChimp_WooCommerce_Cart_Update queued :: obj_id deb12feca0afe70c2cfafe58b8a01232
2023-08-26T18:51:01+00:00 NOTICE abandoned_cart.success :: email: andreitaserna1@gmail.com :: checkout_url: https://naturalconexion.com/checkout/?mc_cart_id=deb12feca0afe70c2cfafe58b8a01232
2023-08-26T18:51:02+00:00 NOTICE cart.member.updated :: Updated andreitaserna1@gmail.com subscriber status to transactional and language to es
2023-08-26T18:53:59+00:00 NOTICE action_scheduler.queue_job :: MailChimp_WooCommerce_Single_Order starts in 90 seconds :: obj_id 25449
2023-08-26T18:55:48+00:00 NOTICE debug :: Order ID 25449 was pending and is now processing :: Array
(
    [new_order] => 1
    [tracking] => Array
        (
            [campaign_id] => 
            [landing_site] => https://naturalconexion.com/wp-content/plugins/woocommerce-payu-latam/confirmation.php
        )

)

2023-08-26T18:59:02+00:00 NOTICE order.member.updated :: Updated andreitaserna1@gmail.com subscriber status to transactional and language to es
2023-08-26T18:59:02+00:00 NOTICE order_submit.success :: addStoreOrder :: #25449 :: email: andreitaserna1@gmail.com :: landing site https://naturalconexion.com/product/protector-solar-con-extractos-botanicos-spf-50/?utm_source=uac&utm_medium=email&utm_campaign=uac_email_Ntral_COL_EMK2023AgosProtector1_1_250823&utm_content=img&utm_term=Ntral_COL_EMK2023AgosProtector1_1 :: abandoned cart deleted [deb12feca0afe70c2cfafe58b8a01232]
2023-08-26T20:20:38+00:00 NOTICE action_scheduler.queue_job :: MailChimp_WooCommerce_Cart_Update queued :: obj_id 7921fee13f0aea37188734cb5277cced
2023-08-26T20:21:00+00:00 NOTICE abandoned_cart.success :: email: paulaandrea2307@gmail.com :: checkout_url: https://naturalconexion.com/checkout/?mc_cart_id=7921fee13f0aea37188734cb5277cced
2023-08-26T20:21:01+00:00 NOTICE cart.member.updated :: Updated paulaandrea2307@gmail.com subscriber status to subscribed and language to es
2023-08-26T20:21:27+00:00 NOTICE action_scheduler.queue_job :: MailChimp_WooCommerce_Single_Order starts in 90 seconds :: obj_id 25450
2023-08-26T20:23:01+00:00 NOTICE order_submit :: #25450 has a financial status of pending and was skipped.
2023-08-26T20:32:45+00:00 NOTICE action_scheduler.queue_job :: MailChimp_WooCommerce_Single_Order starts in 90 seconds :: obj_id 25450
2023-08-26T20:32:48+00:00 NOTICE debug :: Order ID 25450 was pending and is now processing :: Array
(
    [new_order] => 1
    [tracking] => Array
        (
            [campaign_id] => 
            [landing_site] => https://naturalconexion.com/wp-content/plugins/woocommerce-payu-latam/confirmation.php
        )

)

2023-08-26T20:35:10+00:00 NOTICE order.member.updated :: Updated paulaandrea2307@gmail.com subscriber status to subscribed and language to 
2023-08-26T20:35:10+00:00 NOTICE order_submit.success :: addStoreOrder :: #25450 :: email: paulaandrea2307@gmail.com :: landing site https://naturalconexion.com/wp-content/plugins/woocommerce-payu-latam/confirmation.php :: abandoned cart deleted [7921fee13f0aea37188734cb5277cced]
2023-08-26T20:43:27+00:00 NOTICE action_scheduler.queue_job :: MailChimp_WooCommerce_Cart_Update queued :: obj_id 046789fec267cd2420dfaf0a2ffd9d0b
2023-08-26T20:43:52+00:00 NOTICE abandoned_cart.success :: email: charlum2415@gmail.com :: checkout_url: https://naturalconexion.com/checkout/?mc_cart_id=046789fec267cd2420dfaf0a2ffd9d0b
2023-08-26T20:43:52+00:00 NOTICE cart.member.updated :: Updated charlum2415@gmail.com subscriber status to transactional and language to es
2023-08-26T20:45:53+00:00 NOTICE action_scheduler.queue_job :: MailChimp_WooCommerce_Single_Order starts in 90 seconds :: obj_id 25451
2023-08-26T20:47:17+00:00 NOTICE debug :: Order ID 25451 was pending and is now processing :: Array
(
    [new_order] => 1
    [tracking] => Array
        (
            [campaign_id] => 
            [landing_site] => https://naturalconexion.com/wp-content/plugins/woocommerce-payu-latam/confirmation.php
        )

)

2023-08-26T20:49:19+00:00 NOTICE order.member.updated :: Updated CHARLUM2415@GMAIL.COM subscriber status to transactional and language to es
2023-08-26T20:49:19+00:00 NOTICE order_submit.success :: addStoreOrder :: #25451 :: email: CHARLUM2415@GMAIL.COM :: landing site https://naturalconexion.com/product/jabon-en-barra-de-calendula-y-manzanilla/ :: abandoned cart deleted [046789fec267cd2420dfaf0a2ffd9d0b]
