2023-07-10T00:34:00+00:00 NOTICE action_scheduler.queue_job :: MailChimp_WooCommerce_Cart_Update queued :: obj_id 628bb74b0102d614b3221a4b963f90a2
2023-07-10T00:34:02+00:00 NOTICE abandoned_cart.success :: email: mariselaarristizabal@gmail.com :: checkout_url: https://naturalconexion.com/checkout/?mc_cart_id=628bb74b0102d614b3221a4b963f90a2
2023-07-10T00:34:02+00:00 NOTICE cart.member.updated :: Updated mariselaarristizabal@gmail.com subscriber status to transactional and language to es
2023-07-10T00:43:12+00:00 NOTICE action_scheduler.queue_job :: MailChimp_WooCommerce_Cart_Update queued :: obj_id 628bb74b0102d614b3221a4b963f90a2
2023-07-10T00:43:57+00:00 NOTICE abandoned_cart.success :: email: mariselaarristizabal@gmail.com :: checkout_url: https://naturalconexion.com/checkout/?mc_cart_id=628bb74b0102d614b3221a4b963f90a2
2023-07-10T00:49:25+00:00 NOTICE action_scheduler.queue_job :: MailChimp_WooCommerce_Single_Order starts in 90 seconds :: obj_id 25012
2023-07-10T00:52:34+00:00 NOTICE order_submit :: #25012 has a financial status of pending and was skipped.
2023-07-10T02:19:18+00:00 NOTICE action_scheduler.queue_job :: MailChimp_WooCommerce_Single_Order starts in 90 seconds :: obj_id 25012
2023-07-10T02:19:19+00:00 NOTICE debug :: Order ID 25012 was pending and is now cancelled :: Array
(
    [new_order] => 
    [tracking] => 
)

2023-07-10T02:21:36+00:00 NOTICE order_submit :: #25012 has a financial status of cancelled and was skipped.
2023-07-10T02:50:09+00:00 NOTICE action_scheduler.queue_job :: MailChimp_WooCommerce_Cart_Update queued :: obj_id b762202b4c2612d13e4c3d8cffa8aa71
2023-07-10T02:50:24+00:00 NOTICE abandoned_cart.success :: email: fvr@gmx.com :: checkout_url: https://naturalconexion.com/checkout/?mc_cart_id=b762202b4c2612d13e4c3d8cffa8aa71
2023-07-10T02:50:25+00:00 NOTICE cart.member.updated :: Updated fvr@gmx.com subscriber status to transactional and language to es
2023-07-10T02:50:26+00:00 NOTICE action_scheduler.queue_job :: MailChimp_WooCommerce_Cart_Update queued :: obj_id b762202b4c2612d13e4c3d8cffa8aa71
2023-07-10T02:50:31+00:00 NOTICE abandoned_cart.success :: email: fvr@gmx.com :: checkout_url: https://naturalconexion.com/checkout/?mc_cart_id=b762202b4c2612d13e4c3d8cffa8aa71
2023-07-10T02:50:59+00:00 NOTICE action_scheduler.queue_job :: MailChimp_WooCommerce_Single_Order starts in 90 seconds :: obj_id 25013
2023-07-10T02:52:02+00:00 NOTICE debug :: Order ID 25013 was pending and is now processing :: Array
(
    [new_order] => 1
    [tracking] => Array
        (
            [campaign_id] => 
            [landing_site] => https://naturalconexion.com/?wc-api=wc_addi_gateway
        )

)

2023-07-10T02:53:38+00:00 NOTICE order.member.updated :: Updated fvr@gmx.com subscriber status to transactional and language to es
2023-07-10T02:53:38+00:00 NOTICE order_submit.success :: addStoreOrder :: #25013 :: email: fvr@gmx.com :: landing site https://naturalconexion.com/product/desodorante-hombre/ :: abandoned cart deleted [b762202b4c2612d13e4c3d8cffa8aa71]
2023-07-10T13:39:41+00:00 NOTICE action_scheduler.queue_job :: MailChimp_WooCommerce_Single_Order starts in 90 seconds :: obj_id 24998
2023-07-10T13:39:43+00:00 NOTICE debug :: Order ID 24998 was processing and is now completed :: Array
(
    [new_order] => 
    [tracking] => 
)

2023-07-10T13:39:43+00:00 NOTICE action_scheduler.queue_job :: MailChimp_WooCommerce_Single_Order starts in 90 seconds :: obj_id 25000
2023-07-10T13:39:44+00:00 NOTICE debug :: Order ID 25000 was processing and is now completed :: Array
(
    [new_order] => 
    [tracking] => 
)

2023-07-10T13:39:44+00:00 NOTICE action_scheduler.queue_job :: MailChimp_WooCommerce_Single_Order starts in 90 seconds :: obj_id 25003
2023-07-10T13:39:45+00:00 NOTICE debug :: Order ID 25003 was processing and is now completed :: Array
(
    [new_order] => 
    [tracking] => 
)

2023-07-10T13:39:45+00:00 NOTICE action_scheduler.queue_job :: MailChimp_WooCommerce_Single_Order starts in 90 seconds :: obj_id 25004
2023-07-10T13:39:47+00:00 NOTICE debug :: Order ID 25004 was processing and is now completed :: Array
(
    [new_order] => 
    [tracking] => 
)

2023-07-10T13:39:47+00:00 NOTICE action_scheduler.queue_job :: MailChimp_WooCommerce_Single_Order starts in 90 seconds :: obj_id 25005
2023-07-10T13:39:48+00:00 NOTICE debug :: Order ID 25005 was processing and is now completed :: Array
(
    [new_order] => 
    [tracking] => 
)

2023-07-10T13:39:48+00:00 NOTICE action_scheduler.queue_job :: MailChimp_WooCommerce_Single_Order starts in 90 seconds :: obj_id 25006
2023-07-10T13:39:49+00:00 NOTICE debug :: Order ID 25006 was processing and is now completed :: Array
(
    [new_order] => 
    [tracking] => 
)

2023-07-10T13:39:49+00:00 NOTICE action_scheduler.queue_job :: MailChimp_WooCommerce_Single_Order starts in 90 seconds :: obj_id 25007
2023-07-10T13:39:50+00:00 NOTICE debug :: Order ID 25007 was processing and is now completed :: Array
(
    [new_order] => 
    [tracking] => 
)

2023-07-10T13:39:50+00:00 NOTICE action_scheduler.queue_job :: MailChimp_WooCommerce_Single_Order starts in 90 seconds :: obj_id 25008
2023-07-10T13:39:51+00:00 NOTICE debug :: Order ID 25008 was processing and is now completed :: Array
(
    [new_order] => 
    [tracking] => 
)

2023-07-10T13:39:51+00:00 NOTICE action_scheduler.queue_job :: MailChimp_WooCommerce_Single_Order starts in 90 seconds :: obj_id 25010
2023-07-10T13:39:52+00:00 NOTICE debug :: Order ID 25010 was processing and is now completed :: Array
(
    [new_order] => 
    [tracking] => 
)

2023-07-10T13:39:52+00:00 NOTICE action_scheduler.queue_job :: MailChimp_WooCommerce_Single_Order starts in 90 seconds :: obj_id 25011
2023-07-10T13:39:53+00:00 NOTICE debug :: Order ID 25011 was processing and is now completed :: Array
(
    [new_order] => 
    [tracking] => 
)

2023-07-10T13:39:53+00:00 NOTICE action_scheduler.queue_job :: MailChimp_WooCommerce_Single_Order starts in 90 seconds :: obj_id 25013
2023-07-10T13:39:54+00:00 NOTICE debug :: Order ID 25013 was processing and is now completed :: Array
(
    [new_order] => 
    [tracking] => 
)

2023-07-10T13:41:51+00:00 NOTICE order.member.updated :: Updated danieladiazarroyave@gmail.com subscriber status to subscribed and language to 
2023-07-10T13:41:51+00:00 NOTICE order_submit.success :: updateStoreOrder :: #24998 :: email: danieladiazarroyave@gmail.com
2023-07-10T13:41:53+00:00 NOTICE order.member.updated :: Updated mlozanoc@unal.edu.co subscriber status to subscribed and language to 
2023-07-10T13:41:53+00:00 NOTICE order_submit.success :: updateStoreOrder :: #25000 :: email: mlozanoc@unal.edu.co
2023-07-10T13:41:55+00:00 NOTICE order.member.updated :: Updated aselos28@gmail.com subscriber status to subscribed and language to 
2023-07-10T13:41:55+00:00 NOTICE order_submit.success :: updateStoreOrder :: #25003 :: email: aselos28@gmail.com
2023-07-10T13:41:57+00:00 NOTICE order.member.updated :: Updated lilibethvg14@gmail.com subscriber status to subscribed and language to 
2023-07-10T13:41:57+00:00 NOTICE order_submit.success :: updateStoreOrder :: #25004 :: email: lilibethvg14@gmail.com
2023-07-10T13:41:59+00:00 NOTICE order.member.updated :: Updated madyarelis80@live.com subscriber status to subscribed and language to 
2023-07-10T13:41:59+00:00 NOTICE order_submit.success :: updateStoreOrder :: #25005 :: email: madyarelis80@live.com
2023-07-10T13:42:01+00:00 NOTICE order.member.updated :: Updated valeriagilo@hotmail.com subscriber status to transactional and language to 
2023-07-10T13:42:01+00:00 NOTICE order_submit.success :: updateStoreOrder :: #25006 :: email: valeriagilo@hotmail.com
2023-07-10T13:42:03+00:00 NOTICE order.member.updated :: Updated andreavalenzuelamorales@gmail.com subscriber status to subscribed and language to 
2023-07-10T13:42:03+00:00 NOTICE order_submit.success :: updateStoreOrder :: #25007 :: email: andreavalenzuelamorales@gmail.com
2023-07-10T13:42:05+00:00 NOTICE order.member.updated :: Updated orobioingrid@gmail.com subscriber status to subscribed and language to 
2023-07-10T13:42:05+00:00 NOTICE order_submit.success :: updateStoreOrder :: #25008 :: email: orobioingrid@gmail.com
2023-07-10T13:42:07+00:00 NOTICE order.member.updated :: Updated olilive.lj@gmail.com subscriber status to subscribed and language to 
2023-07-10T13:42:07+00:00 NOTICE order_submit.success :: updateStoreOrder :: #25010 :: email: olilive.lj@gmail.com
2023-07-10T13:42:09+00:00 NOTICE order.member.updated :: Updated montoyac.manuela@gmail.com subscriber status to transactional and language to 
2023-07-10T13:42:09+00:00 NOTICE order_submit.success :: updateStoreOrder :: #25011 :: email: montoyac.manuela@gmail.com
2023-07-10T13:42:11+00:00 NOTICE order.member.updated :: Updated fvr@gmx.com subscriber status to transactional and language to 
2023-07-10T13:42:11+00:00 NOTICE order_submit.success :: updateStoreOrder :: #25013 :: email: fvr@gmx.com
2023-07-10T13:52:21+00:00 NOTICE action_scheduler.queue_job :: MailChimp_WooCommerce_Cart_Update queued :: obj_id ab1cf431ca179c915210903e9e0e4f9a
2023-07-10T13:52:41+00:00 NOTICE abandoned_cart.success :: email: yeimmy4585@gmail.com :: checkout_url: https://naturalconexion.com/checkout/?mc_cart_id=ab1cf431ca179c915210903e9e0e4f9a
2023-07-10T13:52:41+00:00 NOTICE cart.member.updated :: Updated yeimmy4585@gmail.com subscriber status to subscribed and language to es
2023-07-10T13:54:34+00:00 NOTICE action_scheduler.queue_job :: MailChimp_WooCommerce_Cart_Update queued :: obj_id ab1cf431ca179c915210903e9e0e4f9a
2023-07-10T13:55:10+00:00 NOTICE abandoned_cart.success :: email: yeimmy4585@gmail.com :: checkout_url: https://naturalconexion.com/checkout/?mc_cart_id=ab1cf431ca179c915210903e9e0e4f9a
2023-07-10T15:47:55+00:00 NOTICE action_scheduler.queue_job :: MailChimp_WooCommerce_Cart_Update queued :: obj_id c0efdc47a2973209cf52f4a3404a9ccf
2023-07-10T15:47:56+00:00 NOTICE abandoned_cart.success :: email: oscarimedinar@live.com :: checkout_url: https://naturalconexion.com/checkout/?mc_cart_id=c0efdc47a2973209cf52f4a3404a9ccf
2023-07-10T15:47:56+00:00 NOTICE cart.member.updated :: Updated oscarimedinar@live.com subscriber status to subscribed and language to es
2023-07-10T15:48:57+00:00 NOTICE action_scheduler.queue_job :: MailChimp_WooCommerce_Cart_Update queued :: obj_id c0efdc47a2973209cf52f4a3404a9ccf
2023-07-10T15:48:59+00:00 NOTICE abandoned_cart.success :: email: oscarimedinar@live.com :: checkout_url: https://naturalconexion.com/checkout/?mc_cart_id=c0efdc47a2973209cf52f4a3404a9ccf
2023-07-10T15:49:04+00:00 NOTICE action_scheduler.queue_job :: MailChimp_WooCommerce_Single_Order starts in 90 seconds :: obj_id 25014
2023-07-10T15:50:44+00:00 NOTICE debug :: Order ID 25014 was pending and is now processing :: Array
(
    [new_order] => 1
    [tracking] => Array
        (
            [campaign_id] => 
            [landing_site] => https://naturalconexion.com/wp-content/plugins/woocommerce-payu-latam/confirmation.php
        )

)

2023-07-10T15:52:52+00:00 NOTICE order.member.updated :: Updated Oscarimedinar@live.com subscriber status to subscribed and language to es
2023-07-10T15:52:52+00:00 NOTICE order_submit.success :: addStoreOrder :: #25014 :: email: Oscarimedinar@live.com :: landing site https://naturalconexion.com/product-category/ofertas/?utm_source=Campa%c3%b1as+Doppler&utm_medium=email&utm_campaign=(ABR)+Ofertas+generales+-+Sitio+web&dplrid=6F73636172696D6564696E6172406C6976652E636F6D :: abandoned cart deleted [c0efdc47a2973209cf52f4a3404a9ccf]
2023-07-10T19:10:07+00:00 NOTICE action_scheduler.queue_job :: MailChimp_WooCommerce_Cart_Update queued :: obj_id 3506410399680d5ed87b8d426bb61f90
2023-07-10T19:10:53+00:00 NOTICE abandoned_cart.success :: email: arangoflor@hotmail.com :: checkout_url: https://naturalconexion.com/checkout/?mc_cart_id=3506410399680d5ed87b8d426bb61f90
2023-07-10T19:10:53+00:00 NOTICE cart.member.updated :: Updated arangoflor@hotmail.com subscriber status to transactional and language to es
2023-07-10T19:11:54+00:00 NOTICE action_scheduler.queue_job :: MailChimp_WooCommerce_Cart_Update queued :: obj_id 3506410399680d5ed87b8d426bb61f90
2023-07-10T19:11:56+00:00 NOTICE abandoned_cart.success :: email: arangoflor@hotmail.com :: checkout_url: https://naturalconexion.com/checkout/?mc_cart_id=3506410399680d5ed87b8d426bb61f90
2023-07-10T19:15:51+00:00 NOTICE action_scheduler.queue_job :: MailChimp_WooCommerce_Cart_Update queued :: obj_id 3506410399680d5ed87b8d426bb61f90
2023-07-10T19:15:53+00:00 NOTICE abandoned_cart.success :: email: arangoflor@hotmail.com :: checkout_url: https://naturalconexion.com/checkout/?mc_cart_id=3506410399680d5ed87b8d426bb61f90
2023-07-10T19:17:40+00:00 NOTICE action_scheduler.queue_job :: MailChimp_WooCommerce_Cart_Update queued :: obj_id 3506410399680d5ed87b8d426bb61f90
2023-07-10T19:18:01+00:00 NOTICE abandoned_cart.success :: email: arangoflor@hotmail.com :: checkout_url: https://naturalconexion.com/checkout/?mc_cart_id=3506410399680d5ed87b8d426bb61f90
2023-07-10T19:18:38+00:00 NOTICE action_scheduler.queue_job :: MailChimp_WooCommerce_Cart_Update queued :: obj_id 3506410399680d5ed87b8d426bb61f90
2023-07-10T19:18:53+00:00 NOTICE abandoned_cart.success :: email: arangoflor@hotmail.com :: checkout_url: https://naturalconexion.com/checkout/?mc_cart_id=3506410399680d5ed87b8d426bb61f90
2023-07-10T19:20:19+00:00 NOTICE action_scheduler.queue_job :: MailChimp_WooCommerce_Cart_Update queued :: obj_id 3506410399680d5ed87b8d426bb61f90
2023-07-10T19:20:50+00:00 NOTICE abandoned_cart.success :: email: arangoflor@hotmail.com :: checkout_url: https://naturalconexion.com/checkout/?mc_cart_id=3506410399680d5ed87b8d426bb61f90
2023-07-10T19:21:33+00:00 NOTICE action_scheduler.queue_job :: MailChimp_WooCommerce_Cart_Update queued :: obj_id 3506410399680d5ed87b8d426bb61f90
2023-07-10T19:22:28+00:00 NOTICE abandoned_cart.success :: email: arangoflor@hotmail.com :: checkout_url: https://naturalconexion.com/checkout/?mc_cart_id=3506410399680d5ed87b8d426bb61f90
2023-07-10T19:26:38+00:00 NOTICE action_scheduler.queue_job :: MailChimp_WooCommerce_Cart_Update queued :: obj_id 3506410399680d5ed87b8d426bb61f90
2023-07-10T19:26:41+00:00 NOTICE abandoned_cart.success :: email: arangoflor@hotmail.com :: checkout_url: https://naturalconexion.com/checkout/?mc_cart_id=3506410399680d5ed87b8d426bb61f90
2023-07-10T19:28:02+00:00 NOTICE action_scheduler.queue_job :: MailChimp_WooCommerce_Cart_Update queued :: obj_id 3506410399680d5ed87b8d426bb61f90
2023-07-10T19:28:58+00:00 NOTICE abandoned_cart.success :: email: arangoflor@hotmail.com :: checkout_url: https://naturalconexion.com/checkout/?mc_cart_id=3506410399680d5ed87b8d426bb61f90
2023-07-10T19:35:11+00:00 NOTICE action_scheduler.queue_job :: MailChimp_WooCommerce_Cart_Update queued :: obj_id 3506410399680d5ed87b8d426bb61f90
2023-07-10T19:35:40+00:00 NOTICE abandoned_cart.success :: email: arangoflor@hotmail.com :: checkout_url: https://naturalconexion.com/checkout/?mc_cart_id=3506410399680d5ed87b8d426bb61f90
2023-07-10T19:35:56+00:00 NOTICE action_scheduler.queue_job :: MailChimp_WooCommerce_Single_Order starts in 90 seconds :: obj_id 25015
2023-07-10T19:40:25+00:00 NOTICE order_submit :: #25015 has a financial status of pending and was skipped.
2023-07-10T20:50:08+00:00 NOTICE action_scheduler.queue_job :: MailChimp_WooCommerce_Single_Product starts in 5 seconds :: obj_id 7579
2023-07-10T20:51:03+00:00 NOTICE product_submit.success :: updateStoreProduct :: #7579
2023-07-10T21:19:45+00:00 NOTICE action_scheduler.queue_job :: MailChimp_WooCommerce_Single_Order starts in 90 seconds :: obj_id 25001
2023-07-10T21:19:48+00:00 NOTICE debug :: Order ID 25001 was cancelled and is now processing :: Array
(
    [new_order] => 
    [tracking] => 
)

2023-07-10T21:22:09+00:00 NOTICE order.member.updated :: Updated marthaypc4@hotmail.com subscriber status to subscribed and language to 
2023-07-10T21:22:09+00:00 NOTICE order_submit.success :: addStoreOrder :: #25001 :: email: marthaypc4@hotmail.com :: landing site https://naturalconexion.com/wp-content/plugins/woocommerce-payu-latam/confirmation.php
2023-07-10T21:29:03+00:00 NOTICE action_scheduler.queue_job :: MailChimp_WooCommerce_Single_Order starts in 90 seconds :: obj_id 25015
2023-07-10T21:29:03+00:00 NOTICE debug :: Order ID 25015 was pending and is now cancelled :: Array
(
    [new_order] => 
    [tracking] => 
)

2023-07-10T21:32:52+00:00 NOTICE order_submit :: #25015 has a financial status of cancelled and was skipped.
2023-07-10T21:57:05+00:00 NOTICE action_scheduler.queue_job :: MailChimp_WooCommerce_Cart_Update queued :: obj_id 384c3b19ff541d377922e04c9a154d1f
2023-07-10T21:57:09+00:00 NOTICE abandoned_cart.success :: email: danielamonroy98@gmail.com :: checkout_url: https://naturalconexion.com/checkout/?mc_cart_id=384c3b19ff541d377922e04c9a154d1f
2023-07-10T21:57:09+00:00 NOTICE cart.member.updated :: Updated danielamonroy98@gmail.com subscriber status to transactional and language to es
2023-07-10T22:03:23+00:00 NOTICE action_scheduler.queue_job :: MailChimp_WooCommerce_Cart_Update queued :: obj_id 384c3b19ff541d377922e04c9a154d1f
2023-07-10T22:03:25+00:00 NOTICE abandoned_cart.success :: email: danielamonroy98@gmail.com :: checkout_url: https://naturalconexion.com/checkout/?mc_cart_id=384c3b19ff541d377922e04c9a154d1f
2023-07-10T22:05:06+00:00 NOTICE action_scheduler.queue_job :: MailChimp_WooCommerce_Single_Order starts in 90 seconds :: obj_id 25016
2023-07-10T22:06:52+00:00 NOTICE order_submit :: #25016 has a financial status of pending and was skipped.
2023-07-10T22:07:24+00:00 NOTICE action_scheduler.queue_job :: MailChimp_WooCommerce_Single_Order starts in 90 seconds :: obj_id 25016
2023-07-10T22:07:27+00:00 NOTICE debug :: Order ID 25016 was pending and is now processing :: Array
(
    [new_order] => 1
    [tracking] => Array
        (
            [campaign_id] => 
            [landing_site] => https://naturalconexion.com/wp-content/plugins/woocommerce-payu-latam/confirmation.php
        )

)

2023-07-10T22:11:39+00:00 NOTICE order.member.updated :: Updated danielamonroy98@gmail.com subscriber status to transactional and language to 
2023-07-10T22:11:39+00:00 NOTICE order_submit.success :: addStoreOrder :: #25016 :: email: danielamonroy98@gmail.com :: landing site https://naturalconexion.com/wp-content/plugins/woocommerce-payu-latam/confirmation.php :: abandoned cart deleted [384c3b19ff541d377922e04c9a154d1f]
2023-07-10T22:53:44+00:00 NOTICE action_scheduler.queue_job :: MailChimp_WooCommerce_Single_Order starts in 90 seconds :: obj_id 25017
2023-07-10T22:56:04+00:00 NOTICE order_submit :: #25017 has a financial status of pending and was skipped.
2023-07-10T22:57:05+00:00 NOTICE action_scheduler.queue_job :: MailChimp_WooCommerce_Single_Order starts in 90 seconds :: obj_id 25017
2023-07-10T22:57:07+00:00 NOTICE debug :: Order ID 25017 was pending and is now processing :: Array
(
    [new_order] => 1
    [tracking] => Array
        (
            [campaign_id] => 
            [landing_site] => https://naturalconexion.com/wp-content/plugins/woocommerce-payu-latam/confirmation.php
        )

)

2023-07-10T22:59:41+00:00 NOTICE order.member.updated :: Updated moni_herrada@hotmail.com subscriber status to subscribed and language to 
2023-07-10T22:59:41+00:00 NOTICE order_submit.success :: addStoreOrder :: #25017 :: email: moni_herrada@hotmail.com :: landing site https://naturalconexion.com/wp-content/plugins/woocommerce-payu-latam/confirmation.php
2023-07-10T23:40:02+00:00 NOTICE action_scheduler.queue_job :: MailChimp_WooCommerce_Cart_Update queued :: obj_id 1427961cbc3008ff4ac86f2b84959db7
2023-07-10T23:40:58+00:00 NOTICE abandoned_cart.success :: email: ajcardenasg@gmail.com :: checkout_url: https://naturalconexion.com/checkout/?mc_cart_id=1427961cbc3008ff4ac86f2b84959db7
2023-07-10T23:40:58+00:00 NOTICE cart.member.updated :: Updated ajcardenasg@gmail.com subscriber status to subscribed and language to es
2023-07-10T23:41:58+00:00 NOTICE action_scheduler.queue_job :: MailChimp_WooCommerce_Cart_Update queued :: obj_id 1427961cbc3008ff4ac86f2b84959db7
2023-07-10T23:42:00+00:00 NOTICE abandoned_cart.success :: email: ajcardenasg@gmail.com :: checkout_url: https://naturalconexion.com/checkout/?mc_cart_id=1427961cbc3008ff4ac86f2b84959db7
2023-07-10T23:42:35+00:00 NOTICE action_scheduler.queue_job :: MailChimp_WooCommerce_Cart_Update queued :: obj_id 1427961cbc3008ff4ac86f2b84959db7
2023-07-10T23:42:50+00:00 NOTICE abandoned_cart.success :: email: ajcardenasg@gmail.com :: checkout_url: https://naturalconexion.com/checkout/?mc_cart_id=1427961cbc3008ff4ac86f2b84959db7
2023-07-10T23:44:43+00:00 NOTICE action_scheduler.queue_job :: MailChimp_WooCommerce_Cart_Update queued :: obj_id 1427961cbc3008ff4ac86f2b84959db7
2023-07-10T23:45:20+00:00 NOTICE action_scheduler.queue_job :: MailChimp_WooCommerce_Single_Order starts in 90 seconds :: obj_id 25018
2023-07-10T23:45:22+00:00 NOTICE abandoned_cart.success :: email: ajcardenasg@gmail.com :: checkout_url: https://naturalconexion.com/checkout/?mc_cart_id=1427961cbc3008ff4ac86f2b84959db7
2023-07-10T23:47:10+00:00 NOTICE order_submit :: #25018 has a financial status of pending and was skipped.
