2023-01-25T02:09:14+00:00 NOTICE action_scheduler.queue_job :: MailChimp_WooCommerce_Cart_Update queued :: obj_id 774a77862d7041f526a6e356f23f1bdf
2023-01-25T02:09:15+00:00 NOTICE abandoned_cart.success :: email: alexarr.2@hotmail.com :: checkout_url: https://naturalconexion.com/checkout/?mc_cart_id=774a77862d7041f526a6e356f23f1bdf
2023-01-25T02:09:16+00:00 NOTICE cart.member.updated :: Updated alexarr.2@hotmail.com subscriber status to transactional and language to es
2023-01-25T02:11:38+00:00 NOTICE action_scheduler.queue_job :: MailChimp_WooCommerce_Single_Order starts in 90 seconds :: obj_id 23153
2023-01-25T02:13:28+00:00 NOTICE order_submit :: #23153 has a financial status of pending and was skipped.
2023-01-25T02:17:16+00:00 NOTICE action_scheduler.queue_job :: MailChimp_WooCommerce_Single_Order starts in 90 seconds :: obj_id 23153
2023-01-25T02:17:19+00:00 NOTICE debug :: Order ID 23153 was pending and is now processing :: Array
(
    [new_order] => 1
    [tracking] => Array
        (
            [campaign_id] => 
            [landing_site] => https://naturalconexion.com/wp-content/plugins/woocommerce-payu-latam/confirmation.php
        )

)

2023-01-25T02:19:21+00:00 NOTICE order.member.updated :: Updated alexarr.2@hotmail.com subscriber status to transactional and language to 
2023-01-25T02:19:21+00:00 NOTICE order_submit.success :: addStoreOrder :: #23153 :: email: alexarr.2@hotmail.com :: landing site https://naturalconexion.com/wp-content/plugins/woocommerce-payu-latam/confirmation.php :: abandoned cart deleted [774a77862d7041f526a6e356f23f1bdf]
2023-01-25T12:25:43+00:00 NOTICE action_scheduler.queue_job :: MailChimp_WooCommerce_Single_Order starts in 90 seconds :: obj_id 23152
2023-01-25T12:25:43+00:00 NOTICE debug :: Order ID 23152 was processing and is now on-hold :: Array
(
    [new_order] => 
    [tracking] => 
)

2023-01-25T12:25:43+00:00 NOTICE action_scheduler.queue_job :: MailChimp_WooCommerce_Single_Order starts in 90 seconds :: obj_id 23153
2023-01-25T12:25:43+00:00 NOTICE debug :: Order ID 23153 was processing and is now on-hold :: Array
(
    [new_order] => 
    [tracking] => 
)

2023-01-25T12:27:20+00:00 NOTICE order.member.updated :: Updated soniadelpi22@gmail.com subscriber status to subscribed and language to 
2023-01-25T12:27:20+00:00 NOTICE order_submit.success :: updateStoreOrder :: #23152 :: email: soniadelpi22@gmail.com
2023-01-25T12:27:22+00:00 NOTICE order.member.updated :: Updated alexarr.2@hotmail.com subscriber status to transactional and language to 
2023-01-25T12:27:22+00:00 NOTICE order_submit.success :: updateStoreOrder :: #23153 :: email: alexarr.2@hotmail.com
2023-01-25T14:05:36+00:00 NOTICE action_scheduler.queue_job :: MailChimp_WooCommerce_Single_Order starts in 90 seconds :: obj_id 23152
2023-01-25T14:05:39+00:00 NOTICE debug :: Order ID 23152 was on-hold and is now completed :: Array
(
    [new_order] => 
    [tracking] => 
)

2023-01-25T14:05:39+00:00 NOTICE action_scheduler.queue_job :: MailChimp_WooCommerce_Single_Order starts in 90 seconds :: obj_id 23153
2023-01-25T14:05:42+00:00 NOTICE debug :: Order ID 23153 was on-hold and is now completed :: Array
(
    [new_order] => 
    [tracking] => 
)

2023-01-25T14:07:28+00:00 NOTICE order.member.updated :: Updated soniadelpi22@gmail.com subscriber status to subscribed and language to 
2023-01-25T14:07:28+00:00 NOTICE order_submit.success :: updateStoreOrder :: #23152 :: email: soniadelpi22@gmail.com
2023-01-25T14:07:30+00:00 NOTICE order.member.updated :: Updated alexarr.2@hotmail.com subscriber status to transactional and language to 
2023-01-25T14:07:30+00:00 NOTICE order_submit.success :: updateStoreOrder :: #23153 :: email: alexarr.2@hotmail.com
2023-01-25T16:20:34+00:00 NOTICE action_scheduler.queue_job :: MailChimp_WooCommerce_Cart_Update queued :: obj_id cdd7be5617e2a12543730f276d224cee
2023-01-25T16:20:37+00:00 NOTICE abandoned_cart.success :: email: adricastle@hotmail.com :: checkout_url: https://naturalconexion.com/checkout/?mc_cart_id=cdd7be5617e2a12543730f276d224cee
2023-01-25T16:20:37+00:00 NOTICE cart.member.updated :: Updated adricastle@hotmail.com subscriber status to transactional and language to es
2023-01-25T16:21:03+00:00 NOTICE action_scheduler.queue_job :: MailChimp_WooCommerce_Single_Order starts in 90 seconds :: obj_id 23154
2023-01-25T16:22:44+00:00 NOTICE order_submit :: #23154 has a financial status of pending and was skipped.
2023-01-25T16:22:55+00:00 NOTICE action_scheduler.queue_job :: MailChimp_WooCommerce_Single_Order starts in 90 seconds :: obj_id 23154
2023-01-25T16:22:58+00:00 NOTICE debug :: Order ID 23154 was pending and is now processing :: Array
(
    [new_order] => 1
    [tracking] => Array
        (
            [campaign_id] => 
            [landing_site] => https://naturalconexion.com/wp-content/plugins/woocommerce-payu-latam/confirmation.php
        )

)

2023-01-25T16:25:13+00:00 NOTICE order.member.updated :: Updated adricastle@hotmail.com subscriber status to transactional and language to 
2023-01-25T16:25:13+00:00 NOTICE order_submit.success :: addStoreOrder :: #23154 :: email: adricastle@hotmail.com :: landing site https://naturalconexion.com/wp-content/plugins/woocommerce-payu-latam/confirmation.php :: abandoned cart deleted [cdd7be5617e2a12543730f276d224cee]
2023-01-25T17:09:30+00:00 NOTICE action_scheduler.queue_job :: MailChimp_WooCommerce_Single_Order starts in 90 seconds :: obj_id 23154
2023-01-25T17:09:32+00:00 NOTICE debug :: Order ID 23154 was processing and is now completed :: Array
(
    [new_order] => 
    [tracking] => 
)

2023-01-25T17:11:13+00:00 NOTICE order.member.updated :: Updated adricastle@hotmail.com subscriber status to transactional and language to 
2023-01-25T17:11:13+00:00 NOTICE order_submit.success :: updateStoreOrder :: #23154 :: email: adricastle@hotmail.com
2023-01-25T18:42:16+00:00 NOTICE action_scheduler.queue_job :: MailChimp_WooCommerce_Cart_Update queued :: obj_id 5920201fb457ddc254fae3058d57e955
2023-01-25T18:42:53+00:00 NOTICE abandoned_cart.success :: email: ealfonso71@outlook.com :: checkout_url: https://naturalconexion.com/checkout/?mc_cart_id=5920201fb457ddc254fae3058d57e955
2023-01-25T18:42:54+00:00 NOTICE cart.member.updated :: Updated ealfonso71@outlook.com subscriber status to transactional and language to es
2023-01-25T18:44:46+00:00 NOTICE action_scheduler.queue_job :: MailChimp_WooCommerce_User_Submit queued :: obj_id 2403
2023-01-25T18:44:48+00:00 NOTICE member.sync :: Updated Member ealfonso71@outlook.com :: Array
(
    [previous_status] => transactional
    [status] => 1
    [language] => 
    [merge_fields] => Array
        (
            [FNAME] => Enrique
            [LNAME] => Alfonso Vargas
        )

    [gdpr_fields] => 
)

2023-01-25T18:44:48+00:00 NOTICE action_scheduler.queue_job :: MailChimp_WooCommerce_User_Submit queued :: obj_id 2403
2023-01-25T18:44:48+00:00 NOTICE action_scheduler.queue_job :: MailChimp_WooCommerce_Single_Order starts in 90 seconds :: obj_id 23155
2023-01-25T18:46:22+00:00 NOTICE order_submit :: #23155 has a financial status of pending and was skipped.
2023-01-25T18:47:18+00:00 NOTICE action_scheduler.queue_job :: MailChimp_WooCommerce_Single_Order starts in 90 seconds :: obj_id 23155
2023-01-25T18:47:25+00:00 NOTICE debug :: Order ID 23155 was pending and is now processing :: Array
(
    [new_order] => 1
    [tracking] => Array
        (
            [campaign_id] => 
            [landing_site] => https://naturalconexion.com/wp-content/plugins/woocommerce-payu-latam/confirmation.php
        )

)

2023-01-25T18:47:25+00:00 NOTICE action_scheduler.queue_job :: MailChimp_WooCommerce_User_Submit queued :: obj_id 2403
2023-01-25T18:47:58+00:00 NOTICE member.sync :: Updated Member ealfonso71@outlook.com :: Array
(
    [status] => subscribed
    [language] => 
    [merge_fields] => Array
        (
            [FNAME] => Enrique
            [LNAME] => Alfonso Vargas
        )

    [gdpr_fields] => 
)

2023-01-25T18:49:02+00:00 NOTICE order.member.updated :: Updated ealfonso71@outlook.com subscriber status to subscribed and language to 
2023-01-25T18:49:02+00:00 NOTICE order_submit.success :: addStoreOrder :: #23155 :: email: ealfonso71@outlook.com :: landing site https://naturalconexion.com/wp-content/plugins/woocommerce-payu-latam/confirmation.php :: abandoned cart deleted [5920201fb457ddc254fae3058d57e955]
2023-01-25T19:10:06+00:00 NOTICE action_scheduler.queue_job :: MailChimp_WooCommerce_Single_Order starts in 90 seconds :: obj_id 23155
2023-01-25T19:10:10+00:00 NOTICE debug :: Order ID 23155 was processing and is now completed :: Array
(
    [new_order] => 
    [tracking] => 
)

2023-01-25T19:11:58+00:00 NOTICE order.member.updated :: Updated ealfonso71@outlook.com subscriber status to subscribed and language to 
2023-01-25T19:11:58+00:00 NOTICE order_submit.success :: updateStoreOrder :: #23155 :: email: ealfonso71@outlook.com
2023-01-25T19:45:29+00:00 NOTICE action_scheduler.queue_job :: MailChimp_WooCommerce_Single_Product starts in 5 seconds :: obj_id 7446
2023-01-25T19:45:41+00:00 NOTICE action_scheduler.queue_job :: MailChimp_WooCommerce_Single_Product starts in 5 seconds :: obj_id 7443
2023-01-25T19:46:26+00:00 NOTICE product_submit.success :: updateStoreProduct :: #7446
2023-01-25T19:46:26+00:00 NOTICE product_submit.success :: updateStoreProduct :: #7443
2023-01-25T19:46:27+00:00 NOTICE action_scheduler.queue_job :: MailChimp_WooCommerce_Single_Product starts in 5 seconds :: obj_id 7440
2023-01-25T19:46:33+00:00 NOTICE product_submit.success :: updateStoreProduct :: #7440
2023-01-25T19:47:43+00:00 NOTICE action_scheduler.queue_job :: MailChimp_WooCommerce_Single_Product starts in 5 seconds :: obj_id 7596
2023-01-25T19:48:33+00:00 NOTICE product_submit.success :: updateStoreProduct :: #7596
2023-01-25T20:20:15+00:00 NOTICE action_scheduler.queue_job :: MailChimp_WooCommerce_Single_Product starts in 5 seconds :: obj_id 7700
2023-01-25T20:20:28+00:00 NOTICE product_submit.success :: updateStoreProduct :: #7700
2023-01-25T20:20:43+00:00 NOTICE action_scheduler.queue_job :: MailChimp_WooCommerce_Single_Product starts in 5 seconds :: obj_id 7540
2023-01-25T20:21:28+00:00 NOTICE product_submit.success :: updateStoreProduct :: #7540
2023-01-25T20:54:39+00:00 NOTICE action_scheduler.queue_job :: MailChimp_WooCommerce_Cart_Update queued :: obj_id 3f0895bce3012217931710d2a6aee660
2023-01-25T20:55:17+00:00 NOTICE abandoned_cart.success :: email: ayram.lpzg@gmail.com :: checkout_url: https://naturalconexion.com/checkout/?mc_cart_id=3f0895bce3012217931710d2a6aee660
2023-01-25T20:55:18+00:00 NOTICE cart.member.updated :: Updated ayram.lpzg@gmail.com subscriber status to transactional and language to es
2023-01-25T20:56:41+00:00 NOTICE action_scheduler.queue_job :: MailChimp_WooCommerce_Single_Order starts in 90 seconds :: obj_id 23157
2023-01-25T20:59:34+00:00 NOTICE debug :: Order ID 23157 was pending and is now processing :: Array
(
    [new_order] => 1
    [tracking] => Array
        (
            [campaign_id] => 
            [landing_site] => https://naturalconexion.com/wp-content/plugins/woocommerce-payu-latam/confirmation.php
        )

)

2023-01-25T21:01:11+00:00 NOTICE order.member.updated :: Updated Ayram.lpzg@gmail.com subscriber status to transactional and language to es
2023-01-25T21:01:11+00:00 NOTICE order_submit.success :: addStoreOrder :: #23157 :: email: Ayram.lpzg@gmail.com :: landing site https://naturalconexion.com/tienda/?gclid=Cj0KCQiAw8OeBhCeARIsAGxWtUzqnK7aNPCoX3ppHy25sZ_p-qrfQ61yMocV-al3EkCQKSUGnrAlbakaAtEIEALw_wcB :: abandoned cart deleted [3f0895bce3012217931710d2a6aee660]
