2023-07-17T01:15:49+00:00 NOTICE action_scheduler.queue_job :: MailChimp_WooCommerce_Cart_Update queued :: obj_id d2fc7504a8c6fbcf7fbe5661fe6faf5d
2023-07-17T01:15:51+00:00 NOTICE abandoned_cart.success :: email: mrueda15@gmail.com :: checkout_url: https://naturalconexion.com/checkout/?mc_cart_id=d2fc7504a8c6fbcf7fbe5661fe6faf5d
2023-07-17T01:15:51+00:00 NOTICE cart.member.updated :: Updated mrueda15@gmail.com subscriber status to subscribed and language to es
2023-07-17T01:29:00+00:00 NOTICE action_scheduler.queue_job :: MailChimp_WooCommerce_Cart_Update queued :: obj_id d2fc7504a8c6fbcf7fbe5661fe6faf5d
2023-07-17T01:29:02+00:00 NOTICE abandoned_cart.success :: email: mrueda15@gmail.com :: checkout_url: https://naturalconexion.com/checkout/?mc_cart_id=d2fc7504a8c6fbcf7fbe5661fe6faf5d
2023-07-17T01:29:47+00:00 NOTICE action_scheduler.queue_job :: MailChimp_WooCommerce_Cart_Update queued :: obj_id d2fc7504a8c6fbcf7fbe5661fe6faf5d
2023-07-17T01:29:50+00:00 NOTICE abandoned_cart.success :: email: mrueda15@gmail.com :: checkout_url: https://naturalconexion.com/checkout/?mc_cart_id=d2fc7504a8c6fbcf7fbe5661fe6faf5d
2023-07-17T01:31:34+00:00 NOTICE action_scheduler.queue_job :: MailChimp_WooCommerce_Cart_Update queued :: obj_id d2fc7504a8c6fbcf7fbe5661fe6faf5d
2023-07-17T01:31:36+00:00 NOTICE abandoned_cart.success :: email: mrueda15@gmail.com :: checkout_url: https://naturalconexion.com/checkout/?mc_cart_id=d2fc7504a8c6fbcf7fbe5661fe6faf5d
2023-07-17T13:02:19+00:00 NOTICE action_scheduler.queue_job :: MailChimp_WooCommerce_Single_Order starts in 90 seconds :: obj_id 25048
2023-07-17T13:02:20+00:00 NOTICE debug :: Order ID 25048 was processing and is now completed :: Array
(
    [new_order] => 
    [tracking] => 
)

2023-07-17T13:02:20+00:00 NOTICE action_scheduler.queue_job :: MailChimp_WooCommerce_Single_Order starts in 90 seconds :: obj_id 25049
2023-07-17T13:02:21+00:00 NOTICE debug :: Order ID 25049 was processing and is now completed :: Array
(
    [new_order] => 
    [tracking] => 
)

2023-07-17T13:02:22+00:00 NOTICE action_scheduler.queue_job :: MailChimp_WooCommerce_Single_Order starts in 90 seconds :: obj_id 25050
2023-07-17T13:02:23+00:00 NOTICE debug :: Order ID 25050 was processing and is now completed :: Array
(
    [new_order] => 
    [tracking] => 
)

2023-07-17T13:02:23+00:00 NOTICE action_scheduler.queue_job :: MailChimp_WooCommerce_Single_Order starts in 90 seconds :: obj_id 25052
2023-07-17T13:02:24+00:00 NOTICE debug :: Order ID 25052 was processing and is now completed :: Array
(
    [new_order] => 
    [tracking] => 
)

2023-07-17T13:02:24+00:00 NOTICE action_scheduler.queue_job :: MailChimp_WooCommerce_Single_Order starts in 90 seconds :: obj_id 25053
2023-07-17T13:02:26+00:00 NOTICE debug :: Order ID 25053 was processing and is now completed :: Array
(
    [new_order] => 
    [tracking] => 
)

2023-07-17T13:02:26+00:00 NOTICE action_scheduler.queue_job :: MailChimp_WooCommerce_Single_Order starts in 90 seconds :: obj_id 25055
2023-07-17T13:02:28+00:00 NOTICE debug :: Order ID 25055 was processing and is now completed :: Array
(
    [new_order] => 
    [tracking] => 
)

2023-07-17T13:02:28+00:00 NOTICE action_scheduler.queue_job :: MailChimp_WooCommerce_Single_Order starts in 90 seconds :: obj_id 25056
2023-07-17T13:02:29+00:00 NOTICE debug :: Order ID 25056 was processing and is now completed :: Array
(
    [new_order] => 
    [tracking] => 
)

2023-07-17T13:02:29+00:00 NOTICE action_scheduler.queue_job :: MailChimp_WooCommerce_Single_Order starts in 90 seconds :: obj_id 25057
2023-07-17T13:02:30+00:00 NOTICE debug :: Order ID 25057 was processing and is now completed :: Array
(
    [new_order] => 
    [tracking] => 
)

2023-07-17T13:02:30+00:00 NOTICE action_scheduler.queue_job :: MailChimp_WooCommerce_Single_Order starts in 90 seconds :: obj_id 25059
2023-07-17T13:02:31+00:00 NOTICE debug :: Order ID 25059 was processing and is now completed :: Array
(
    [new_order] => 
    [tracking] => 
)

2023-07-17T13:05:26+00:00 NOTICE order.member.updated :: Updated da95burgos@gmail.com subscriber status to subscribed and language to 
2023-07-17T13:05:26+00:00 NOTICE order_submit.success :: updateStoreOrder :: #25048 :: email: da95burgos@gmail.com
2023-07-17T13:05:28+00:00 NOTICE order.member.updated :: Updated guznovoala@gmail.com subscriber status to subscribed and language to 
2023-07-17T13:05:28+00:00 NOTICE order_submit.success :: updateStoreOrder :: #25049 :: email: guznovoala@gmail.com
2023-07-17T13:05:31+00:00 NOTICE order.member.updated :: Updated sergiosym36@hotmail.com subscriber status to subscribed and language to 
2023-07-17T13:05:31+00:00 NOTICE order_submit.success :: updateStoreOrder :: #25050 :: email: sergiosym36@hotmail.com
2023-07-17T13:05:34+00:00 NOTICE order.member.updated :: Updated julianamunera@outlook.com subscriber status to subscribed and language to 
2023-07-17T13:05:34+00:00 NOTICE order_submit.success :: updateStoreOrder :: #25052 :: email: julianamunera@outlook.com
2023-07-17T13:05:37+00:00 NOTICE order.member.updated :: Updated Caromon20@yahoo.es subscriber status to transactional and language to 
2023-07-17T13:05:37+00:00 NOTICE order_submit.success :: updateStoreOrder :: #25053 :: email: Caromon20@yahoo.es
2023-07-17T13:05:39+00:00 NOTICE order.member.updated :: Updated estebanr.24@hotmail.com subscriber status to subscribed and language to 
2023-07-17T13:05:39+00:00 NOTICE order_submit.success :: updateStoreOrder :: #25055 :: email: estebanr.24@hotmail.com
2023-07-17T13:05:41+00:00 NOTICE order.member.updated :: Updated Sarazpt@gmail.com subscriber status to subscribed and language to 
2023-07-17T13:05:41+00:00 NOTICE order_submit.success :: updateStoreOrder :: #25056 :: email: Sarazpt@gmail.com
2023-07-17T13:05:43+00:00 NOTICE order.member.updated :: Updated daniela050@hotmail.com subscriber status to transactional and language to 
2023-07-17T13:05:43+00:00 NOTICE order_submit.success :: updateStoreOrder :: #25057 :: email: daniela050@hotmail.com
2023-07-17T13:05:46+00:00 NOTICE order.member.updated :: Updated andreagabisalazar@hotmail.com subscriber status to subscribed and language to 
2023-07-17T13:05:46+00:00 NOTICE order_submit.success :: updateStoreOrder :: #25059 :: email: andreagabisalazar@hotmail.com
2023-07-17T13:08:55+00:00 NOTICE action_scheduler.queue_job :: MailChimp_WooCommerce_SingleCoupon queued :: obj_id 18953
2023-07-17T13:08:56+00:00 NOTICE promo_code_submit.success :: #18953 :: code: 10%primeracompra
2023-07-17T13:09:08+00:00 NOTICE action_scheduler.queue_job :: MailChimp_WooCommerce_SingleCoupon queued :: obj_id 20191
2023-07-17T13:09:52+00:00 NOTICE promo_code_submit.success :: #20191 :: code: primeracompra10%
2023-07-17T15:52:51+00:00 NOTICE action_scheduler.queue_job :: MailChimp_WooCommerce_Cart_Update queued :: obj_id f3fe23d4c51ae9d53a0d6fe9251ce9aa
2023-07-17T15:52:52+00:00 NOTICE abandoned_cart.success :: email: salidiaz@hotmail.com :: checkout_url: https://naturalconexion.com/checkout/?mc_cart_id=f3fe23d4c51ae9d53a0d6fe9251ce9aa
2023-07-17T15:52:53+00:00 NOTICE cart.member.updated :: Updated salidiaz@hotmail.com subscriber status to transactional and language to es
2023-07-17T16:25:45+00:00 NOTICE action_scheduler.queue_job :: MailChimp_WooCommerce_Cart_Update queued :: obj_id 4816f9883a720cb88b881809f7125f79
2023-07-17T16:25:48+00:00 NOTICE abandoned_cart.success :: email: mariaru096@gmail.com :: checkout_url: https://naturalconexion.com/checkout/?mc_cart_id=4816f9883a720cb88b881809f7125f79
2023-07-17T16:25:49+00:00 NOTICE cart.member.updated :: Updated mariaru096@gmail.com subscriber status to subscribed and language to es
2023-07-17T16:25:56+00:00 NOTICE action_scheduler.queue_job :: MailChimp_WooCommerce_Cart_Update queued :: obj_id 4816f9883a720cb88b881809f7125f79
2023-07-17T16:27:00+00:00 NOTICE abandoned_cart.success :: email: mariaru096@gmail.com :: checkout_url: https://naturalconexion.com/checkout/?mc_cart_id=4816f9883a720cb88b881809f7125f79
2023-07-17T16:58:40+00:00 NOTICE action_scheduler.queue_job :: MailChimp_WooCommerce_Cart_Update queued :: obj_id f3fe23d4c51ae9d53a0d6fe9251ce9aa
2023-07-17T16:59:12+00:00 NOTICE abandoned_cart.success :: email: salidiaz@hotmail.com :: checkout_url: https://naturalconexion.com/checkout/?mc_cart_id=f3fe23d4c51ae9d53a0d6fe9251ce9aa
2023-07-17T16:59:13+00:00 NOTICE cart.member.updated :: Updated salidiaz@hotmail.com subscriber status to transactional and language to es
2023-07-17T17:16:20+00:00 NOTICE action_scheduler.queue_job :: MailChimp_WooCommerce_Cart_Update queued :: obj_id f3fe23d4c51ae9d53a0d6fe9251ce9aa
2023-07-17T17:16:50+00:00 NOTICE abandoned_cart.success :: email: salidiaz@hotmail.com :: checkout_url: https://naturalconexion.com/checkout/?mc_cart_id=f3fe23d4c51ae9d53a0d6fe9251ce9aa
2023-07-17T17:16:54+00:00 NOTICE action_scheduler.queue_job :: MailChimp_WooCommerce_Cart_Update queued :: obj_id f3fe23d4c51ae9d53a0d6fe9251ce9aa
2023-07-17T17:17:06+00:00 NOTICE abandoned_cart.success :: email: salidiaz@hotmail.com :: checkout_url: https://naturalconexion.com/checkout/?mc_cart_id=f3fe23d4c51ae9d53a0d6fe9251ce9aa
2023-07-17T17:17:36+00:00 NOTICE action_scheduler.queue_job :: MailChimp_WooCommerce_Cart_Update queued :: obj_id f3fe23d4c51ae9d53a0d6fe9251ce9aa
2023-07-17T17:17:51+00:00 NOTICE abandoned_cart.success :: email: salidiaz@hotmail.com :: checkout_url: https://naturalconexion.com/checkout/?mc_cart_id=f3fe23d4c51ae9d53a0d6fe9251ce9aa
2023-07-17T17:29:31+00:00 NOTICE profile :: user_update_subscribe_status :: Array
(
    [subscribed] => 1
    [user_id] => 2061
    [gdpr_fields] => 
)

2023-07-17T17:29:32+00:00 NOTICE action_scheduler.queue_job :: MailChimp_WooCommerce_User_Submit queued :: obj_id 2061
2023-07-17T17:29:51+00:00 NOTICE member.sync :: Updated Member jerly_123@hotmail.com :: Array
(
    [status] => subscribed
    [language] => 
    [merge_fields] => Array
        (
            [FNAME] => Jerly
            [LNAME] => Herrera
        )

    [gdpr_fields] => 
)

2023-07-17T17:30:27+00:00 NOTICE profile :: user_update_subscribe_status :: Array
(
    [subscribed] => 1
    [user_id] => 1592
    [gdpr_fields] => 
)

2023-07-17T17:30:28+00:00 NOTICE action_scheduler.queue_job :: MailChimp_WooCommerce_User_Submit queued :: obj_id 1592
2023-07-17T17:30:56+00:00 NOTICE member.sync :: Updated Member valisa2502@gmail.com :: Array
(
    [status] => subscribed
    [language] => 
    [merge_fields] => Array
        (
            [FNAME] => Yuly
            [LNAME] => Revollo
        )

    [gdpr_fields] => 
)

2023-07-17T17:41:56+00:00 NOTICE action_scheduler.queue_job :: MailChimp_WooCommerce_Single_Order starts in 90 seconds :: obj_id 25086
2023-07-17T17:43:33+00:00 NOTICE order_submit :: #25086 has a financial status of pending and was skipped.
2023-07-17T17:46:26+00:00 NOTICE action_scheduler.queue_job :: MailChimp_WooCommerce_Single_Order starts in 90 seconds :: obj_id 25086
2023-07-17T17:46:29+00:00 NOTICE debug :: Order ID 25086 was pending and is now processing :: Array
(
    [new_order] => 1
    [tracking] => Array
        (
            [campaign_id] => 
            [landing_site] => https://naturalconexion.com/wp-content/plugins/woocommerce-payu-latam/confirmation.php
        )

)

2023-07-17T17:48:02+00:00 NOTICE order.member.updated :: Updated salidiaz@hotmail.com subscriber status to subscribed and language to 
2023-07-17T17:48:02+00:00 NOTICE order_submit.success :: addStoreOrder :: #25086 :: email: salidiaz@hotmail.com :: landing site https://naturalconexion.com/wp-content/plugins/woocommerce-payu-latam/confirmation.php :: abandoned cart deleted [f3fe23d4c51ae9d53a0d6fe9251ce9aa]
2023-07-17T18:41:00+00:00 NOTICE action_scheduler.queue_job :: MailChimp_WooCommerce_Cart_Update queued :: obj_id 507ecc925d59cb33a81f6281b834dc41
2023-07-17T18:41:23+00:00 NOTICE abandoned_cart.success :: email: aalexandracs@gmail.com :: checkout_url: https://naturalconexion.com/checkout/?mc_cart_id=507ecc925d59cb33a81f6281b834dc41
2023-07-17T18:41:23+00:00 NOTICE cart.member.updated :: Updated aalexandracs@gmail.com subscriber status to subscribed and language to es
2023-07-17T18:42:33+00:00 NOTICE action_scheduler.queue_job :: MailChimp_WooCommerce_Single_Order starts in 90 seconds :: obj_id 25088
2023-07-17T18:44:52+00:00 NOTICE order_submit :: #25088 has a financial status of pending and was skipped.
2023-07-17T18:47:09+00:00 NOTICE action_scheduler.queue_job :: MailChimp_WooCommerce_Single_Order starts in 90 seconds :: obj_id 25088
2023-07-17T18:47:12+00:00 NOTICE debug :: Order ID 25088 was pending and is now processing :: Array
(
    [new_order] => 1
    [tracking] => Array
        (
            [campaign_id] => 
            [landing_site] => https://naturalconexion.com/wp-content/plugins/woocommerce-payu-latam/confirmation.php
        )

)

2023-07-17T18:48:58+00:00 NOTICE order.member.updated :: Updated aalexandracs@gmail.com subscriber status to subscribed and language to 
2023-07-17T18:48:58+00:00 NOTICE order_submit.success :: addStoreOrder :: #25088 :: email: aalexandracs@gmail.com :: landing site https://naturalconexion.com/wp-content/plugins/woocommerce-payu-latam/confirmation.php :: abandoned cart deleted [507ecc925d59cb33a81f6281b834dc41]
2023-07-17T20:24:48+00:00 NOTICE action_scheduler.queue_job :: MailChimp_WooCommerce_Cart_Update queued :: obj_id 4816f9883a720cb88b881809f7125f79
2023-07-17T20:24:50+00:00 NOTICE abandoned_cart.success :: email: mariaru096@gmail.com :: checkout_url: https://naturalconexion.com/checkout/?mc_cart_id=4816f9883a720cb88b881809f7125f79
2023-07-17T20:24:50+00:00 NOTICE cart.member.updated :: Updated mariaru096@gmail.com subscriber status to subscribed and language to es
2023-07-17T21:31:58+00:00 NOTICE action_scheduler.queue_job :: MailChimp_WooCommerce_Cart_Update queued :: obj_id 0922cca2232eb27977c376cbf71fa90a
2023-07-17T21:32:00+00:00 NOTICE abandoned_cart.success :: email: luisaserna0609@gmail.com :: checkout_url: https://naturalconexion.com/checkout/?mc_cart_id=0922cca2232eb27977c376cbf71fa90a
2023-07-17T21:32:00+00:00 NOTICE cart.member.updated :: Updated luisaserna0609@gmail.com subscriber status to subscribed and language to es
2023-07-17T21:35:39+00:00 NOTICE action_scheduler.queue_job :: MailChimp_WooCommerce_Single_Order starts in 90 seconds :: obj_id 25089
2023-07-17T21:37:10+00:00 NOTICE debug :: Order ID 25089 was pending and is now processing :: Array
(
    [new_order] => 1
    [tracking] => Array
        (
            [campaign_id] => 
            [landing_site] => https://naturalconexion.com/wp-content/plugins/woocommerce-payu-latam/confirmation.php
        )

)

2023-07-17T21:39:18+00:00 NOTICE order.member.updated :: Updated luisaserna0609@gmail.com subscriber status to subscribed and language to es
2023-07-17T21:39:18+00:00 NOTICE order_submit.success :: addStoreOrder :: #25089 :: email: luisaserna0609@gmail.com :: landing site https://naturalconexion.com/ :: abandoned cart deleted [0922cca2232eb27977c376cbf71fa90a]
2023-07-17T21:59:15+00:00 NOTICE action_scheduler.queue_job :: MailChimp_WooCommerce_Cart_Update queued :: obj_id 044b9bd96ef6581298a79d5b65c29f86
2023-07-17T21:59:49+00:00 NOTICE abandoned_cart.success :: email: juancamilo1024@icloud.com :: checkout_url: https://naturalconexion.com/checkout/?mc_cart_id=044b9bd96ef6581298a79d5b65c29f86
2023-07-17T21:59:50+00:00 NOTICE cart.member.updated :: Updated juancamilo1024@icloud.com subscriber status to subscribed and language to es
2023-07-17T22:00:03+00:00 NOTICE action_scheduler.queue_job :: MailChimp_WooCommerce_Cart_Update queued :: obj_id 044b9bd96ef6581298a79d5b65c29f86
2023-07-17T22:00:57+00:00 NOTICE abandoned_cart.success :: email: juancamilo1024@icloud.com :: checkout_url: https://naturalconexion.com/checkout/?mc_cart_id=044b9bd96ef6581298a79d5b65c29f86
