2023-05-30T01:08:18+00:00 NOTICE action_scheduler.queue_job :: MailChimp_WooCommerce_Single_Order starts in 90 seconds :: obj_id 24463
2023-05-30T01:09:07+00:00 NOTICE debug :: Order ID 24463 was pending and is now processing :: Array
(
    [new_order] => 1
    [tracking] => Array
        (
            [campaign_id] => 
            [landing_site] => https://naturalconexion.com/?wc-api=wc_addi_gateway
        )

)

2023-05-30T01:11:54+00:00 NOTICE order.member.updated :: Updated gladisduque@hotmail.com subscriber status to subscribed and language to es
2023-05-30T01:11:54+00:00 NOTICE order_submit.success :: addStoreOrder :: #24463 :: email: gladisduque@hotmail.com :: landing site https://naturalconexion.com/tienda/?gclid=Cj0KCQjwmtGjBhDhARIsAEqfDEea7CfOjOuLOULPmDVT19r-LlpG47ZeZZl0X7LYy8MTcdiy2ittuFUaAmuvEALw_wcB
2023-05-30T01:30:15+00:00 NOTICE action_scheduler.queue_job :: MailChimp_WooCommerce_Cart_Update queued :: obj_id 3fb07ca4e2ce8d3075329c33cd8e78ec
2023-05-30T01:30:53+00:00 NOTICE abandoned_cart.success :: email: lyla16@gmail.com :: checkout_url: https://naturalconexion.com/checkout/?mc_cart_id=3fb07ca4e2ce8d3075329c33cd8e78ec
2023-05-30T01:30:54+00:00 NOTICE cart.member.updated :: Updated lyla16@gmail.com subscriber status to subscribed and language to es
2023-05-30T01:33:28+00:00 NOTICE action_scheduler.queue_job :: MailChimp_WooCommerce_User_Submit queued :: obj_id 2505
2023-05-30T01:33:29+00:00 NOTICE action_scheduler.queue_job :: MailChimp_WooCommerce_Single_Order starts in 90 seconds :: obj_id 24464
2023-05-30T01:33:41+00:00 NOTICE member.sync :: Updated Member lyla16@gmail.com :: Array
(
    [status] => subscribed
    [language] => 
    [merge_fields] => Array
        (
            [FNAME] => Lizeth
            [LNAME] => Lopez
        )

    [gdpr_fields] => 
)

2023-05-30T01:35:18+00:00 NOTICE order_submit :: #24464 has a financial status of pending and was skipped.
2023-05-30T01:36:22+00:00 NOTICE action_scheduler.queue_job :: MailChimp_WooCommerce_Single_Order starts in 90 seconds :: obj_id 24464
2023-05-30T01:36:25+00:00 NOTICE debug :: Order ID 24464 was pending and is now processing :: Array
(
    [new_order] => 1
    [tracking] => Array
        (
            [campaign_id] => 
            [landing_site] => https://naturalconexion.com/wp-content/plugins/woocommerce-payu-latam/confirmation.php
        )

)

2023-05-30T01:38:46+00:00 NOTICE order.member.updated :: Updated lyla16@gmail.com subscriber status to subscribed and language to 
2023-05-30T01:38:46+00:00 NOTICE order_submit.success :: addStoreOrder :: #24464 :: email: lyla16@gmail.com :: landing site https://naturalconexion.com/wp-content/plugins/woocommerce-payu-latam/confirmation.php :: abandoned cart deleted [3fb07ca4e2ce8d3075329c33cd8e78ec]
2023-05-30T02:22:35+00:00 NOTICE action_scheduler.queue_job :: MailChimp_WooCommerce_Cart_Update queued :: obj_id e7e0875c08a23913a79bb255ea878fe9
2023-05-30T02:23:05+00:00 NOTICE abandoned_cart.success :: email: kristin.maichel98@hotmail.com :: checkout_url: https://naturalconexion.com/checkout/?mc_cart_id=e7e0875c08a23913a79bb255ea878fe9
2023-05-30T02:23:06+00:00 NOTICE cart.member.updated :: Updated kristin.maichel98@hotmail.com subscriber status to transactional and language to es
2023-05-30T02:24:06+00:00 NOTICE action_scheduler.queue_job :: MailChimp_WooCommerce_Single_Order starts in 90 seconds :: obj_id 24466
2023-05-30T02:25:19+00:00 NOTICE debug :: Order ID 24466 was pending and is now processing :: Array
(
    [new_order] => 1
    [tracking] => Array
        (
            [campaign_id] => 
            [landing_site] => https://naturalconexion.com/wp-content/plugins/woocommerce-payu-latam/confirmation.php
        )

)

2023-05-30T02:27:54+00:00 NOTICE order.member.updated :: Updated kristin.maichel98@hotmail.com subscriber status to transactional and language to es
2023-05-30T02:27:54+00:00 NOTICE order_submit.success :: addStoreOrder :: #24466 :: email: kristin.maichel98@hotmail.com :: landing site https://naturalconexion.com/product/leche-de-calendula/ :: abandoned cart deleted [e7e0875c08a23913a79bb255ea878fe9]
2023-05-30T03:01:37+00:00 NOTICE action_scheduler.queue_job :: MailChimp_WooCommerce_Single_Order starts in 90 seconds :: obj_id 24467
2023-05-30T03:04:03+00:00 NOTICE order_submit :: #24467 has a financial status of pending and was skipped.
2023-05-30T03:06:38+00:00 NOTICE action_scheduler.queue_job :: MailChimp_WooCommerce_Single_Order starts in 90 seconds :: obj_id 24467
2023-05-30T03:06:41+00:00 NOTICE debug :: Order ID 24467 was pending and is now processing :: Array
(
    [new_order] => 1
    [tracking] => Array
        (
            [campaign_id] => 
            [landing_site] => https://naturalconexion.com/wp-content/plugins/woocommerce-payu-latam/confirmation.php
        )

)

2023-05-30T03:09:43+00:00 NOTICE order.member.updated :: Updated marcelarosasve@gmail.com subscriber status to subscribed and language to 
2023-05-30T03:09:43+00:00 NOTICE order_submit.success :: addStoreOrder :: #24467 :: email: marcelarosasve@gmail.com :: landing site https://naturalconexion.com/wp-content/plugins/woocommerce-payu-latam/confirmation.php
2023-05-30T04:23:45+00:00 NOTICE action_scheduler.queue_job :: MailChimp_WooCommerce_Cart_Update queued :: obj_id 12efa83bebda3ce2b3f29bb0a56ff7dc
2023-05-30T04:23:47+00:00 NOTICE abandoned_cart.success :: email: natalia.posada.p@gmail.com :: checkout_url: https://naturalconexion.com/checkout/?mc_cart_id=12efa83bebda3ce2b3f29bb0a56ff7dc
2023-05-30T04:23:47+00:00 NOTICE cart.member.updated :: Updated natalia.posada.p@gmail.com subscriber status to subscribed and language to es
2023-05-30T04:23:57+00:00 NOTICE action_scheduler.queue_job :: MailChimp_WooCommerce_Single_Order starts in 90 seconds :: obj_id 24468
2023-05-30T04:25:48+00:00 NOTICE order_submit :: #24468 has a financial status of pending and was skipped.
2023-05-30T04:28:54+00:00 NOTICE action_scheduler.queue_job :: MailChimp_WooCommerce_Single_Order starts in 90 seconds :: obj_id 24468
2023-05-30T04:28:57+00:00 NOTICE debug :: Order ID 24468 was pending and is now processing :: Array
(
    [new_order] => 1
    [tracking] => Array
        (
            [campaign_id] => 
            [landing_site] => https://naturalconexion.com/wp-content/plugins/woocommerce-payu-latam/confirmation.php
        )

)

2023-05-30T04:31:56+00:00 NOTICE order.member.updated :: Updated natalia.posada.p@gmail.com subscriber status to subscribed and language to 
2023-05-30T04:31:56+00:00 NOTICE order_submit.success :: addStoreOrder :: #24468 :: email: natalia.posada.p@gmail.com :: landing site https://naturalconexion.com/wp-content/plugins/woocommerce-payu-latam/confirmation.php :: abandoned cart deleted [12efa83bebda3ce2b3f29bb0a56ff7dc]
2023-05-30T12:48:54+00:00 NOTICE action_scheduler.queue_job :: MailChimp_WooCommerce_Cart_Update queued :: obj_id 5f8a586a12ab013e75b756a782f36553
2023-05-30T12:48:56+00:00 NOTICE abandoned_cart.success :: email: laurasaldarriagahdz@gmail.com :: checkout_url: https://naturalconexion.com/checkout/?mc_cart_id=5f8a586a12ab013e75b756a782f36553
2023-05-30T12:48:56+00:00 NOTICE cart.member.updated :: Updated laurasaldarriagahdz@gmail.com subscriber status to transactional and language to es
2023-05-30T12:51:12+00:00 NOTICE action_scheduler.queue_job :: MailChimp_WooCommerce_Single_Order starts in 90 seconds :: obj_id 24469
2023-05-30T12:53:45+00:00 NOTICE debug :: Order ID 24469 was pending and is now processing :: Array
(
    [new_order] => 1
    [tracking] => Array
        (
            [campaign_id] => 
            [landing_site] => https://naturalconexion.com/wp-content/plugins/woocommerce-payu-latam/confirmation.php
        )

)

2023-05-30T12:55:47+00:00 NOTICE order.member.updated :: Updated laurasaldarriagahdz@gmail.com subscriber status to transactional and language to es
2023-05-30T12:55:47+00:00 NOTICE order_submit.success :: addStoreOrder :: #24469 :: email: laurasaldarriagahdz@gmail.com :: landing site https://naturalconexion.com/?fbclid=PAAaZllcX8MBm40YKSy0aBNDT5cGwu50fbEFmlw-p6oJKazNlEHEqDt7TwZL0_aem_th_AdJqaMOcWoCmeBpLmlfaTXjxnrqV0QNGB_ZYgC9TNY11qCjSmUgXVpVdqCMpv2lmoJW8yjluFJ5KrqButKDzRizK :: abandoned cart deleted [5f8a586a12ab013e75b756a782f36553]
2023-05-30T13:22:23+00:00 NOTICE action_scheduler.queue_job :: MailChimp_WooCommerce_Single_Order starts in 90 seconds :: obj_id 24457
2023-05-30T13:22:26+00:00 NOTICE debug :: Order ID 24457 was processing and is now completed :: Array
(
    [new_order] => 
    [tracking] => 
)

2023-05-30T13:22:26+00:00 NOTICE action_scheduler.queue_job :: MailChimp_WooCommerce_Single_Order starts in 90 seconds :: obj_id 24459
2023-05-30T13:22:29+00:00 NOTICE debug :: Order ID 24459 was processing and is now completed :: Array
(
    [new_order] => 
    [tracking] => 
)

2023-05-30T13:22:29+00:00 NOTICE action_scheduler.queue_job :: MailChimp_WooCommerce_Single_Order starts in 90 seconds :: obj_id 24460
2023-05-30T13:22:32+00:00 NOTICE debug :: Order ID 24460 was processing and is now completed :: Array
(
    [new_order] => 
    [tracking] => 
)

2023-05-30T13:22:32+00:00 NOTICE action_scheduler.queue_job :: MailChimp_WooCommerce_Single_Order starts in 90 seconds :: obj_id 24462
2023-05-30T13:22:34+00:00 NOTICE debug :: Order ID 24462 was processing and is now completed :: Array
(
    [new_order] => 
    [tracking] => 
)

2023-05-30T13:22:34+00:00 NOTICE action_scheduler.queue_job :: MailChimp_WooCommerce_Single_Order starts in 90 seconds :: obj_id 24463
2023-05-30T13:22:37+00:00 NOTICE debug :: Order ID 24463 was processing and is now completed :: Array
(
    [new_order] => 
    [tracking] => 
)

2023-05-30T13:22:37+00:00 NOTICE action_scheduler.queue_job :: MailChimp_WooCommerce_Single_Order starts in 90 seconds :: obj_id 24464
2023-05-30T13:22:39+00:00 NOTICE debug :: Order ID 24464 was processing and is now completed :: Array
(
    [new_order] => 
    [tracking] => 
)

2023-05-30T13:22:40+00:00 NOTICE action_scheduler.queue_job :: MailChimp_WooCommerce_Single_Order starts in 90 seconds :: obj_id 24466
2023-05-30T13:22:42+00:00 NOTICE debug :: Order ID 24466 was processing and is now completed :: Array
(
    [new_order] => 
    [tracking] => 
)

2023-05-30T13:22:42+00:00 NOTICE action_scheduler.queue_job :: MailChimp_WooCommerce_Single_Order starts in 90 seconds :: obj_id 24467
2023-05-30T13:22:46+00:00 NOTICE debug :: Order ID 24467 was processing and is now completed :: Array
(
    [new_order] => 
    [tracking] => 
)

2023-05-30T13:22:46+00:00 NOTICE action_scheduler.queue_job :: MailChimp_WooCommerce_Single_Order starts in 90 seconds :: obj_id 24468
2023-05-30T13:22:48+00:00 NOTICE debug :: Order ID 24468 was processing and is now completed :: Array
(
    [new_order] => 
    [tracking] => 
)

2023-05-30T13:23:58+00:00 NOTICE order.member.updated :: Updated arien.navegantedelsol@gmail.com subscriber status to transactional and language to 
2023-05-30T13:23:58+00:00 NOTICE order_submit.success :: updateStoreOrder :: #24457 :: email: arien.navegantedelsol@gmail.com
2023-05-30T13:24:02+00:00 NOTICE order.member.updated :: Updated mariaru096@gmail.com subscriber status to subscribed and language to 
2023-05-30T13:24:02+00:00 NOTICE order_submit.success :: updateStoreOrder :: #24459 :: email: mariaru096@gmail.com
2023-05-30T13:24:05+00:00 NOTICE order.member.updated :: Updated estebanr.24@hotmail.com subscriber status to subscribed and language to 
2023-05-30T13:24:05+00:00 NOTICE order_submit.success :: updateStoreOrder :: #24460 :: email: estebanr.24@hotmail.com
2023-05-30T13:24:08+00:00 NOTICE order.member.updated :: Updated dianaale523@gmail.com subscriber status to subscribed and language to 
2023-05-30T13:24:08+00:00 NOTICE order_submit.success :: updateStoreOrder :: #24462 :: email: dianaale523@gmail.com
2023-05-30T13:24:11+00:00 NOTICE order.member.updated :: Updated gladisduque@hotmail.com subscriber status to subscribed and language to 
2023-05-30T13:24:11+00:00 NOTICE order_submit.success :: updateStoreOrder :: #24463 :: email: gladisduque@hotmail.com
2023-05-30T13:24:14+00:00 NOTICE order.member.updated :: Updated lyla16@gmail.com subscriber status to subscribed and language to 
2023-05-30T13:24:14+00:00 NOTICE order_submit.success :: updateStoreOrder :: #24464 :: email: lyla16@gmail.com
2023-05-30T13:25:10+00:00 NOTICE order.member.updated :: Updated kristin.maichel98@hotmail.com subscriber status to transactional and language to 
2023-05-30T13:25:10+00:00 NOTICE order_submit.success :: updateStoreOrder :: #24466 :: email: kristin.maichel98@hotmail.com
2023-05-30T13:25:13+00:00 NOTICE order.member.updated :: Updated marcelarosasve@gmail.com subscriber status to subscribed and language to 
2023-05-30T13:25:13+00:00 NOTICE order_submit.success :: updateStoreOrder :: #24467 :: email: marcelarosasve@gmail.com
2023-05-30T13:25:16+00:00 NOTICE order.member.updated :: Updated natalia.posada.p@gmail.com subscriber status to subscribed and language to 
2023-05-30T13:25:16+00:00 NOTICE order_submit.success :: updateStoreOrder :: #24468 :: email: natalia.posada.p@gmail.com
2023-05-30T13:54:55+00:00 NOTICE action_scheduler.queue_job :: MailChimp_WooCommerce_Cart_Update queued :: obj_id 3fb07ca4e2ce8d3075329c33cd8e78ec
2023-05-30T13:55:25+00:00 NOTICE abandoned_cart.success :: email: lyla16@gmail.com :: checkout_url: https://naturalconexion.com/checkout/?mc_cart_id=3fb07ca4e2ce8d3075329c33cd8e78ec
2023-05-30T13:55:26+00:00 NOTICE cart.member.updated :: Updated lyla16@gmail.com subscriber status to subscribed and language to es
2023-05-30T13:55:41+00:00 NOTICE action_scheduler.queue_job :: MailChimp_WooCommerce_Cart_Update queued :: obj_id 3fb07ca4e2ce8d3075329c33cd8e78ec
2023-05-30T13:55:51+00:00 NOTICE abandoned_cart.success :: email: lyla16@gmail.com :: checkout_url: https://naturalconexion.com/checkout/?mc_cart_id=3fb07ca4e2ce8d3075329c33cd8e78ec
2023-05-30T20:02:29+00:00 NOTICE action_scheduler.queue_job :: MailChimp_WooCommerce_Single_Order starts in 90 seconds :: obj_id 24470
2023-05-30T20:02:32+00:00 NOTICE debug :: Order ID 24470 was pending and is now processing :: Array
(
    [new_order] => 1
    [tracking] => Array
        (
            [campaign_id] => 
            [landing_site] => https://naturalconexion.com/product/desodorante-dama/
        )

)

2023-05-30T20:04:40+00:00 NOTICE order.member.updated :: Updated Luisaaristizabal@hotmail.Com subscriber status to transactional and language to es
2023-05-30T20:04:40+00:00 NOTICE order_submit.success :: addStoreOrder :: #24470 :: email: Luisaaristizabal@hotmail.Com :: landing site https://naturalconexion.com/product/desodorante-dama/
2023-05-30T21:31:39+00:00 NOTICE action_scheduler.queue_job :: MailChimp_WooCommerce_Cart_Update queued :: obj_id 06be433d02e38fb777254be5046ffe30
2023-05-30T21:31:40+00:00 NOTICE abandoned_cart.success :: email: charles25a30@gmail.com :: checkout_url: https://naturalconexion.com/checkout/?mc_cart_id=06be433d02e38fb777254be5046ffe30
2023-05-30T21:31:40+00:00 NOTICE cart.member.updated :: Updated charles25a30@gmail.com subscriber status to transactional and language to es
2023-05-30T23:56:55+00:00 NOTICE action_scheduler.queue_job :: MailChimp_WooCommerce_Cart_Update queued :: obj_id 0b77a5066b4a13c5f92ab72e860e3eb7
2023-05-30T23:57:02+00:00 NOTICE abandoned_cart.success :: email: libiabotia@hotmail.com :: checkout_url: https://naturalconexion.com/checkout/?mc_cart_id=0b77a5066b4a13c5f92ab72e860e3eb7
2023-05-30T23:57:02+00:00 NOTICE action_scheduler.queue_job :: MailChimp_WooCommerce_Cart_Update queued :: obj_id 0b77a5066b4a13c5f92ab72e860e3eb7
2023-05-30T23:57:03+00:00 NOTICE cart.member.updated :: Updated libiabotia@hotmail.com subscriber status to subscribed and language to es
2023-05-30T23:57:03+00:00 NOTICE abandoned_cart.success :: email: libiabotia@hotmail.com :: checkout_url: https://naturalconexion.com/checkout/?mc_cart_id=0b77a5066b4a13c5f92ab72e860e3eb7
2023-05-30T23:57:11+00:00 NOTICE action_scheduler.queue_job :: MailChimp_WooCommerce_Cart_Update queued :: obj_id 0b77a5066b4a13c5f92ab72e860e3eb7
2023-05-30T23:57:40+00:00 NOTICE abandoned_cart.success :: email: libiabotia@hotmail.com :: checkout_url: https://naturalconexion.com/checkout/?mc_cart_id=0b77a5066b4a13c5f92ab72e860e3eb7
