2022-01-28T00:18:45+00:00 NOTICE action_scheduler.queue_job :: MailChimp_WooCommerce_Single_Order starts in 90 seconds :: obj_id 18492
2022-01-28T00:20:50+00:00 NOTICE debug :: Order ID 18492 was pending and is now processing :: Array
(
    [new_order] => 1
    [tracking] => Array
        (
            [campaign_id] => 
            [landing_site] => https://naturalconexion.com/wp-admin/admin-ajax.php
        )

)

2022-01-28T00:22:34+00:00 NOTICE order.member.updated :: Updated dianiz10.dy@gmail.com subscriber status to subscribed and language to es
2022-01-28T00:22:34+00:00 NOTICE order_submit.success :: addStoreOrder :: #18492 :: email: dianiz10.dy@gmail.com :: landing site https://naturalconexion.com/wp-admin/admin-ajax.php
2022-01-28T04:32:25+00:00 NOTICE action_scheduler.queue_job :: MailChimp_WooCommerce_Cart_Update queued :: obj_id 63386cb7b9b5d9d0c2e7c8615e1186e9
2022-01-28T04:32:27+00:00 NOTICE abandoned_cart.success :: email: hamiladediego@gmail.com :: checkout_url: https://naturalconexion.com/checkout/?mc_cart_id=63386cb7b9b5d9d0c2e7c8615e1186e9
2022-01-28T04:32:27+00:00 NOTICE cart.member.updated :: Updated hamiladediego@gmail.com subscriber status to transactional and language to es
2022-01-28T04:32:49+00:00 NOTICE action_scheduler.queue_job :: MailChimp_WooCommerce_User_Submit queued :: obj_id 2039
2022-01-28T04:32:51+00:00 NOTICE action_scheduler.queue_job :: MailChimp_WooCommerce_Single_Order starts in 90 seconds :: obj_id 18493
2022-01-28T04:32:59+00:00 NOTICE member.sync :: Updated Member hamiladediego@gmail.com :: Array
(
    [previous_status] => transactional
    [status] => 1
    [merge_fields] => Array
        (
            [FNAME] => Hamilam
            [LNAME] => Dediego
        )

)

2022-01-28T04:35:09+00:00 NOTICE order_sumbit :: #18493 has a financial status of pending and was skipped.
2022-01-28T04:39:35+00:00 NOTICE action_scheduler.queue_job :: MailChimp_WooCommerce_Single_Order starts in 90 seconds :: obj_id 18493
2022-01-28T04:39:37+00:00 NOTICE debug :: Order ID 18493 was pending and is now processing :: Array
(
    [new_order] => 1
    [tracking] => Array
        (
            [campaign_id] => 
            [landing_site] => https://naturalconexion.com/wp-admin/admin-ajax.php
        )

)

2022-01-28T04:39:37+00:00 NOTICE action_scheduler.queue_job :: MailChimp_WooCommerce_User_Submit queued :: obj_id 2039
2022-01-28T04:40:35+00:00 NOTICE member.sync :: Updated Member hamiladediego@gmail.com ( merge fields only ) :: Array
(
    [merge_fields] => Array
        (
            [FNAME] => Hamilam
            [LNAME] => Dediego
        )

)

2022-01-28T04:41:26+00:00 NOTICE order.member.updated :: Updated hamiladediego@gmail.com subscriber status to subscribed and language to 
2022-01-28T04:41:26+00:00 NOTICE order_submit.success :: addStoreOrder :: #18493 :: email: hamiladediego@gmail.com :: landing site https://naturalconexion.com/wp-admin/admin-ajax.php :: abandoned cart deleted [63386cb7b9b5d9d0c2e7c8615e1186e9]
2022-01-28T05:36:37+00:00 NOTICE action_scheduler.queue_job :: MailChimp_WooCommerce_Single_Order starts in 90 seconds :: obj_id 18395
2022-01-28T05:36:37+00:00 NOTICE debug :: Order ID 18395 was cancelled and is now failed :: Array
(
    [new_order] => 
    [tracking] => 
)

2022-01-28T05:38:49+00:00 NOTICE system.debug :: order 18395 is in failed status, and is being skipped for now.
2022-01-28T13:12:14+00:00 NOTICE action_scheduler.queue_job :: MailChimp_WooCommerce_Single_Order starts in 90 seconds :: obj_id 18478
2022-01-28T13:12:16+00:00 NOTICE debug :: Order ID 18478 was processing and is now completed :: Array
(
    [new_order] => 
    [tracking] => 
)

2022-01-28T13:12:16+00:00 NOTICE action_scheduler.queue_job :: MailChimp_WooCommerce_Single_Order starts in 90 seconds :: obj_id 18480
2022-01-28T13:12:17+00:00 NOTICE debug :: Order ID 18480 was processing and is now completed :: Array
(
    [new_order] => 
    [tracking] => 
)

2022-01-28T13:12:17+00:00 NOTICE action_scheduler.queue_job :: MailChimp_WooCommerce_Single_Order starts in 90 seconds :: obj_id 18482
2022-01-28T13:12:18+00:00 NOTICE debug :: Order ID 18482 was processing and is now completed :: Array
(
    [new_order] => 
    [tracking] => 
)

2022-01-28T13:12:18+00:00 NOTICE action_scheduler.queue_job :: MailChimp_WooCommerce_Single_Order starts in 90 seconds :: obj_id 18483
2022-01-28T13:12:19+00:00 NOTICE debug :: Order ID 18483 was processing and is now completed :: Array
(
    [new_order] => 
    [tracking] => 
)

2022-01-28T13:12:19+00:00 NOTICE action_scheduler.queue_job :: MailChimp_WooCommerce_Single_Order starts in 90 seconds :: obj_id 18485
2022-01-28T13:12:20+00:00 NOTICE debug :: Order ID 18485 was processing and is now completed :: Array
(
    [new_order] => 
    [tracking] => 
)

2022-01-28T13:12:20+00:00 NOTICE action_scheduler.queue_job :: MailChimp_WooCommerce_Single_Order starts in 90 seconds :: obj_id 18492
2022-01-28T13:12:21+00:00 NOTICE debug :: Order ID 18492 was processing and is now completed :: Array
(
    [new_order] => 
    [tracking] => 
)

2022-01-28T13:12:21+00:00 NOTICE action_scheduler.queue_job :: MailChimp_WooCommerce_Single_Order starts in 90 seconds :: obj_id 18493
2022-01-28T13:12:22+00:00 NOTICE debug :: Order ID 18493 was processing and is now completed :: Array
(
    [new_order] => 
    [tracking] => 
)

2022-01-28T13:13:51+00:00 NOTICE order.member.updated :: Updated annieri31@hotmail.com subscriber status to transactional and language to 
2022-01-28T13:13:51+00:00 NOTICE order_submit.success :: updateStoreOrder :: #18478 :: email: annieri31@hotmail.com
2022-01-28T13:13:54+00:00 NOTICE order.member.updated :: Updated carogiraldo0501@hotmail.com subscriber status to transactional and language to 
2022-01-28T13:13:54+00:00 NOTICE order_submit.success :: updateStoreOrder :: #18480 :: email: carogiraldo0501@hotmail.com
2022-01-28T13:13:57+00:00 NOTICE order.member.updated :: Updated Gabrielalfonso2495@gmail.com subscriber status to transactional and language to 
2022-01-28T13:13:57+00:00 NOTICE order_submit.success :: updateStoreOrder :: #18482 :: email: Gabrielalfonso2495@gmail.com
2022-01-28T13:13:59+00:00 NOTICE order.member.updated :: Updated ingvivianmh@gmail.com subscriber status to subscribed and language to 
2022-01-28T13:13:59+00:00 NOTICE order_submit.success :: updateStoreOrder :: #18483 :: email: ingvivianmh@gmail.com
2022-01-28T13:14:01+00:00 NOTICE order.member.updated :: Updated achumaceror@gmail.com subscriber status to subscribed and language to 
2022-01-28T13:14:01+00:00 NOTICE order_submit.success :: updateStoreOrder :: #18485 :: email: achumaceror@gmail.com
2022-01-28T13:14:03+00:00 NOTICE order.member.updated :: Updated dianiz10.dy@gmail.com subscriber status to subscribed and language to 
2022-01-28T13:14:03+00:00 NOTICE order_submit.success :: updateStoreOrder :: #18492 :: email: dianiz10.dy@gmail.com
2022-01-28T13:14:05+00:00 NOTICE order.member.updated :: Updated hamiladediego@gmail.com subscriber status to subscribed and language to 
2022-01-28T13:14:05+00:00 NOTICE order_submit.success :: updateStoreOrder :: #18493 :: email: hamiladediego@gmail.com
2022-01-28T13:34:02+00:00 NOTICE action_scheduler.queue_job :: MailChimp_WooCommerce_Single_Product starts in 5 seconds :: obj_id 17297
2022-01-28T13:34:28+00:00 NOTICE product_submit.success :: updateStoreProduct :: #17297
2022-01-28T15:33:21+00:00 NOTICE action_scheduler.queue_job :: MailChimp_WooCommerce_Cart_Update queued :: obj_id 57a2431a4033ce44c0684f77bbc9f484
2022-01-28T15:33:23+00:00 NOTICE abandoned_cart.success :: email: fernando-h7@hotmail.com :: checkout_url: https://naturalconexion.com/checkout/?mc_cart_id=57a2431a4033ce44c0684f77bbc9f484
2022-01-28T15:33:25+00:00 NOTICE cart.member.updated :: Updated fernando-h7@hotmail.com subscriber status to subscribed and language to es
2022-01-28T15:33:27+00:00 NOTICE action_scheduler.queue_job :: MailChimp_WooCommerce_Cart_Update queued :: obj_id 57a2431a4033ce44c0684f77bbc9f484
2022-01-28T15:33:57+00:00 NOTICE abandoned_cart.success :: email: fernando-h7@hotmail.com :: checkout_url: https://naturalconexion.com/checkout/?mc_cart_id=57a2431a4033ce44c0684f77bbc9f484
2022-01-28T15:35:00+00:00 NOTICE action_scheduler.queue_job :: MailChimp_WooCommerce_User_Submit queued :: obj_id 176
2022-01-28T15:35:01+00:00 NOTICE action_scheduler.queue_job :: MailChimp_WooCommerce_Single_Order starts in 90 seconds :: obj_id 18494
2022-01-28T15:35:46+00:00 NOTICE member.sync :: Updated Member fernando-h7@hotmail.com ( merge fields only ) :: Array
(
    [merge_fields] => Array
        (
            [FNAME] => Edwin Fernando
            [LNAME] => Herrera
        )

)

2022-01-28T15:37:47+00:00 NOTICE order_sumbit :: #18494 has a financial status of pending and was skipped.
2022-01-28T15:52:15+00:00 NOTICE action_scheduler.queue_job :: MailChimp_WooCommerce_Cart_Update queued :: obj_id 57a2431a4033ce44c0684f77bbc9f484
2022-01-28T15:52:22+00:00 NOTICE abandoned_cart.success :: email: fernando-h7@hotmail.com :: checkout_url: https://naturalconexion.com/checkout/?mc_cart_id=57a2431a4033ce44c0684f77bbc9f484
2022-01-28T15:53:09+00:00 NOTICE action_scheduler.queue_job :: MailChimp_WooCommerce_Cart_Update queued :: obj_id 57a2431a4033ce44c0684f77bbc9f484
2022-01-28T15:53:30+00:00 NOTICE abandoned_cart.success :: email: fernando-h7@hotmail.com :: checkout_url: https://naturalconexion.com/checkout/?mc_cart_id=57a2431a4033ce44c0684f77bbc9f484
2022-01-28T15:53:49+00:00 NOTICE action_scheduler.queue_job :: MailChimp_WooCommerce_User_Submit queued :: obj_id 176
2022-01-28T15:53:49+00:00 NOTICE action_scheduler.queue_job :: MailChimp_WooCommerce_Single_Order starts in 90 seconds :: obj_id 18495
2022-01-28T15:53:52+00:00 NOTICE member.sync :: Updated Member fernando-h7@hotmail.com ( merge fields only ) :: Array
(
    [merge_fields] => Array
        (
            [FNAME] => Edwin Fernando
            [LNAME] => Herrera
        )

)

2022-01-28T15:55:30+00:00 NOTICE order_sumbit :: #18495 has a financial status of pending and was skipped.
2022-01-28T15:56:32+00:00 NOTICE action_scheduler.queue_job :: MailChimp_WooCommerce_Single_Order starts in 90 seconds :: obj_id 18495
2022-01-28T15:56:34+00:00 NOTICE debug :: Order ID 18495 was pending and is now processing :: Array
(
    [new_order] => 1
    [tracking] => Array
        (
            [campaign_id] => 
            [landing_site] => https://naturalconexion.com/?wc-ajax=get_refreshed_fragments
        )

)

2022-01-28T15:58:28+00:00 NOTICE order.member.updated :: Updated fernando-h7@hotmail.com subscriber status to subscribed and language to 
2022-01-28T15:58:28+00:00 NOTICE order_submit.success :: addStoreOrder :: #18495 :: email: fernando-h7@hotmail.com :: landing site https://naturalconexion.com/?wc-ajax=get_refreshed_fragments :: abandoned cart deleted [57a2431a4033ce44c0684f77bbc9f484]
2022-01-28T16:44:26+00:00 NOTICE action_scheduler.queue_job :: MailChimp_WooCommerce_Single_Order starts in 90 seconds :: obj_id 18484
2022-01-28T16:44:28+00:00 NOTICE debug :: Order ID 18484 was cancelled and is now processing :: Array
(
    [new_order] => 
    [tracking] => 
)

2022-01-28T16:45:02+00:00 NOTICE action_scheduler.queue_job :: MailChimp_WooCommerce_Single_Order starts in 90 seconds :: obj_id 18487
2022-01-28T16:45:05+00:00 NOTICE debug :: Order ID 18487 was cancelled and is now processing :: Array
(
    [new_order] => 
    [tracking] => 
)

2022-01-28T16:46:45+00:00 NOTICE order.member.updated :: Updated adielapatriciavalencia@gmail.com subscriber status to subscribed and language to 
2022-01-28T16:46:45+00:00 NOTICE order_submit.success :: addStoreOrder :: #18484 :: email: adielapatriciavalencia@gmail.com :: landing site https://naturalconexion.com/wp-admin/admin-ajax.php
2022-01-28T16:47:40+00:00 NOTICE order.member.updated :: Updated adielapatriciavalencia@gmail.com subscriber status to subscribed and language to 
2022-01-28T16:47:40+00:00 NOTICE order_submit.success :: addStoreOrder :: #18487 :: email: adielapatriciavalencia@gmail.com :: landing site https://naturalconexion.com/wp-admin/admin-ajax.php
2022-01-28T17:17:57+00:00 NOTICE action_scheduler.queue_job :: MailChimp_WooCommerce_Single_Order starts in 90 seconds :: obj_id 18494
2022-01-28T17:17:57+00:00 NOTICE debug :: Order ID 18494 was pending and is now cancelled :: Array
(
    [new_order] => 
    [tracking] => 
)

2022-01-28T17:18:04+00:00 NOTICE action_scheduler.queue_job :: MailChimp_WooCommerce_Single_Order starts in 90 seconds :: obj_id 18495
2022-01-28T17:18:06+00:00 NOTICE debug :: Order ID 18495 was processing and is now completed :: Array
(
    [new_order] => 
    [tracking] => 
)

2022-01-28T17:20:21+00:00 NOTICE order_sumbit :: #18494 has a financial status of cancelled and was skipped.
2022-01-28T17:20:26+00:00 NOTICE order.member.updated :: Updated fernando-h7@hotmail.com subscriber status to subscribed and language to 
2022-01-28T17:20:26+00:00 NOTICE order_submit.success :: updateStoreOrder :: #18495 :: email: fernando-h7@hotmail.com
2022-01-28T18:24:08+00:00 NOTICE action_scheduler.queue_job :: MailChimp_WooCommerce_Single_Order starts in 90 seconds :: obj_id 18487
2022-01-28T18:24:10+00:00 NOTICE debug :: Order ID 18487 was processing and is now completed :: Array
(
    [new_order] => 
    [tracking] => 
)

2022-01-28T18:26:06+00:00 NOTICE order.member.updated :: Updated adielapatriciavalencia@gmail.com subscriber status to subscribed and language to 
2022-01-28T18:26:06+00:00 NOTICE order_submit.success :: updateStoreOrder :: #18487 :: email: adielapatriciavalencia@gmail.com
2022-01-28T20:51:57+00:00 NOTICE action_scheduler.queue_job :: MailChimp_WooCommerce_Cart_Update queued :: obj_id 1901ea9d8db4516d507eb7cc24bdf32e
2022-01-28T20:51:59+00:00 NOTICE abandoned_cart.success :: email: marian88.01@hotmail.com :: checkout_url: https://naturalconexion.com/checkout/?mc_cart_id=1901ea9d8db4516d507eb7cc24bdf32e
2022-01-28T20:52:00+00:00 NOTICE cart.member.updated :: Updated marian88.01@hotmail.com subscriber status to transactional and language to es
2022-01-28T20:52:13+00:00 NOTICE action_scheduler.queue_job :: MailChimp_WooCommerce_Single_Order starts in 90 seconds :: obj_id 18498
2022-01-28T20:55:00+00:00 NOTICE order_sumbit :: #18498 has a financial status of pending and was skipped.
2022-01-28T20:55:32+00:00 NOTICE action_scheduler.queue_job :: MailChimp_WooCommerce_Single_Order starts in 90 seconds :: obj_id 18498
2022-01-28T20:55:34+00:00 NOTICE debug :: Order ID 18498 was pending and is now processing :: Array
(
    [new_order] => 1
    [tracking] => Array
        (
            [campaign_id] => 
            [landing_site] => https://naturalconexion.com/wp-admin/admin-ajax.php
        )

)

2022-01-28T20:57:31+00:00 NOTICE order.member.updated :: Updated marian88.01@hotmail.com subscriber status to subscribed and language to 
2022-01-28T20:57:31+00:00 NOTICE order_submit.success :: addStoreOrder :: #18498 :: email: marian88.01@hotmail.com :: landing site https://naturalconexion.com/wp-admin/admin-ajax.php :: abandoned cart deleted [1901ea9d8db4516d507eb7cc24bdf32e]
2022-01-28T21:19:19+00:00 NOTICE action_scheduler.queue_job :: MailChimp_WooCommerce_Cart_Update queued :: obj_id d6221cf1d00142cad5017df05febe6e8
2022-01-28T21:19:21+00:00 NOTICE abandoned_cart.success :: email: jabonesymas45@gmail.com :: checkout_url: https://naturalconexion.com/checkout/?mc_cart_id=d6221cf1d00142cad5017df05febe6e8
2022-01-28T21:19:21+00:00 NOTICE cart.member.updated :: Updated jabonesymas45@gmail.com subscriber status to transactional and language to es
2022-01-28T21:20:35+00:00 NOTICE action_scheduler.queue_job :: MailChimp_WooCommerce_Single_Order starts in 90 seconds :: obj_id 18499
2022-01-28T21:23:25+00:00 NOTICE debug :: Order ID 18499 was pending and is now processing :: Array
(
    [new_order] => 1
    [tracking] => Array
        (
            [campaign_id] => 
            [landing_site] => https://naturalconexion.com/wp-admin/admin-ajax.php
        )

)

2022-01-28T21:25:46+00:00 NOTICE order.member.updated :: Updated jabonesymas45@gmail.com subscriber status to subscribed and language to es
2022-01-28T21:25:46+00:00 NOTICE order_submit.success :: addStoreOrder :: #18499 :: email: jabonesymas45@gmail.com :: landing site https://naturalconexion.com/wp-admin/admin-ajax.php :: abandoned cart deleted [d6221cf1d00142cad5017df05febe6e8]
2022-01-28T22:32:11+00:00 NOTICE action_scheduler.queue_job :: MailChimp_WooCommerce_Cart_Update queued :: obj_id ac69ec79faf12689cfadf0c2c0df37be
2022-01-28T22:32:14+00:00 NOTICE abandoned_cart.success :: email: subgerencia.mushaisa@gmail.com :: checkout_url: https://naturalconexion.com/checkout/?mc_cart_id=ac69ec79faf12689cfadf0c2c0df37be
2022-01-28T22:32:15+00:00 NOTICE cart.member.updated :: Updated subgerencia.mushaisa@gmail.com subscriber status to transactional and language to es
2022-01-28T22:34:09+00:00 NOTICE action_scheduler.queue_job :: MailChimp_WooCommerce_Single_Order starts in 90 seconds :: obj_id 18500
2022-01-28T22:35:45+00:00 NOTICE order_sumbit :: #18500 has a financial status of pending and was skipped.
2022-01-28T23:36:37+00:00 NOTICE action_scheduler.queue_job :: MailChimp_WooCommerce_Cart_Update queued :: obj_id 9a9a9510225605f22dc0dc71746db841
2022-01-28T23:37:37+00:00 NOTICE abandoned_cart.success :: email: amaveju18@gmail.com :: checkout_url: https://naturalconexion.com/checkout/?mc_cart_id=9a9a9510225605f22dc0dc71746db841
2022-01-28T23:37:37+00:00 NOTICE cart.member.updated :: Updated amaveju18@gmail.com subscriber status to transactional and language to es
2022-01-28T23:38:03+00:00 NOTICE action_scheduler.queue_job :: MailChimp_WooCommerce_Single_Order starts in 90 seconds :: obj_id 18501
2022-01-28T23:39:57+00:00 NOTICE order_sumbit :: #18501 has a financial status of pending and was skipped.
2022-01-28T23:40:00+00:00 NOTICE action_scheduler.queue_job :: MailChimp_WooCommerce_Single_Order starts in 90 seconds :: obj_id 18501
2022-01-28T23:40:03+00:00 NOTICE debug :: Order ID 18501 was pending and is now processing :: Array
(
    [new_order] => 1
    [tracking] => Array
        (
            [campaign_id] => 
            [landing_site] => https://naturalconexion.com/wp-admin/admin-ajax.php
        )

)

2022-01-28T23:41:39+00:00 NOTICE order.member.updated :: Updated amaveju18@gmail.com subscriber status to subscribed and language to 
2022-01-28T23:41:39+00:00 NOTICE order_submit.success :: addStoreOrder :: #18501 :: email: amaveju18@gmail.com :: landing site https://naturalconexion.com/wp-admin/admin-ajax.php :: abandoned cart deleted [9a9a9510225605f22dc0dc71746db841]
2022-01-28T23:54:24+00:00 NOTICE action_scheduler.queue_job :: MailChimp_WooCommerce_Cart_Update queued :: obj_id 48e1f8da4211b01bcd3b6e4891f58f9f
2022-01-28T23:54:59+00:00 NOTICE action_scheduler.queue_job :: MailChimp_WooCommerce_User_Submit queued :: obj_id 2040
2022-01-28T23:55:00+00:00 NOTICE action_scheduler.queue_job :: MailChimp_WooCommerce_Single_Order starts in 90 seconds :: obj_id 18502
2022-01-28T23:55:14+00:00 NOTICE abandoned_cart.success :: email: danielaalg.ing@gmail.com :: checkout_url: https://naturalconexion.com/checkout/?mc_cart_id=48e1f8da4211b01bcd3b6e4891f58f9f
2022-01-28T23:55:16+00:00 NOTICE cart.member.updated :: Updated danielaalg.ing@gmail.com subscriber status to transactional and language to es
2022-01-28T23:55:18+00:00 NOTICE member.sync :: Updated Member danielaalg.ing@gmail.com :: Array
(
    [previous_status] => transactional
    [status] => 1
    [merge_fields] => Array
        (
            [FNAME] => DANIELA
            [LNAME] => GALINDO
        )

)

2022-01-28T23:57:24+00:00 NOTICE debug :: Order ID 18502 was pending and is now processing :: Array
(
    [new_order] => 1
    [tracking] => Array
        (
            [campaign_id] => 
            [landing_site] => https://naturalconexion.com/wp-admin/admin-ajax.php
        )

)

2022-01-28T23:57:24+00:00 NOTICE action_scheduler.queue_job :: MailChimp_WooCommerce_User_Submit queued :: obj_id 2040
2022-01-28T23:57:31+00:00 NOTICE member.sync :: Updated Member danielaalg.ing@gmail.com ( merge fields only ) :: Array
(
    [merge_fields] => Array
        (
            [FNAME] => DANIELA
            [LNAME] => GALINDO
        )

)

2022-01-28T23:59:46+00:00 NOTICE order.member.updated :: Updated danielaalg.ing@gmail.com subscriber status to subscribed and language to es
2022-01-28T23:59:46+00:00 NOTICE order_submit.success :: addStoreOrder :: #18502 :: email: danielaalg.ing@gmail.com :: landing site https://naturalconexion.com/wp-admin/admin-ajax.php :: abandoned cart deleted [48e1f8da4211b01bcd3b6e4891f58f9f]
