2023-06-03T01:41:58+00:00 NOTICE action_scheduler.queue_job :: MailChimp_WooCommerce_Cart_Update queued :: obj_id 4d861f8172412bca876d320fe2782e9f
2023-06-03T01:42:00+00:00 NOTICE abandoned_cart.success :: email: isa_troncoso@hotmail.com :: checkout_url: https://naturalconexion.com/checkout/?mc_cart_id=4d861f8172412bca876d320fe2782e9f
2023-06-03T01:42:01+00:00 NOTICE cart.member.updated :: Updated isa_troncoso@hotmail.com subscriber status to subscribed and language to es
2023-06-03T01:43:21+00:00 NOTICE action_scheduler.queue_job :: MailChimp_WooCommerce_Single_Order starts in 90 seconds :: obj_id 24565
2023-06-03T01:45:39+00:00 NOTICE debug :: Order ID 24565 was pending and is now processing :: Array
(
    [new_order] => 1
    [tracking] => Array
        (
            [campaign_id] => 
            [landing_site] => https://naturalconexion.com/wp-content/plugins/woocommerce-payu-latam/confirmation.php
        )

)

2023-06-03T01:47:50+00:00 NOTICE order.member.updated :: Updated isa_troncoso@hotmail.com subscriber status to subscribed and language to es
2023-06-03T01:47:50+00:00 NOTICE order_submit.success :: addStoreOrder :: #24565 :: email: isa_troncoso@hotmail.com :: landing site https://naturalconexion.com/tienda/?gclid=CjwKCAjwpuajBhBpEiwA_ZtfhcsjaUesTHpFDKwMmtyodv1TVhmlqaYtb2BuFZuZDiMAl_80ajj9LxoCKT0QAvD_BwE :: abandoned cart deleted [4d861f8172412bca876d320fe2782e9f]
2023-06-03T02:46:19+00:00 NOTICE product.deleted :: deleted product 13665
2023-06-03T02:47:25+00:00 NOTICE product.deleted :: deleted product 12596
2023-06-03T02:49:22+00:00 NOTICE product.deleted :: deleted product 11549
2023-06-03T02:50:07+00:00 NOTICE product.deleted :: deleted product 7717
2023-06-03T02:50:45+00:00 NOTICE product.deleted :: deleted product 7719
2023-06-03T02:51:14+00:00 NOTICE product.deleted :: deleted product 7720
2023-06-03T02:51:40+00:00 NOTICE product.deleted :: deleted product 7710
2023-06-03T02:52:06+00:00 NOTICE product.deleted :: deleted product 7716
2023-06-03T02:52:27+00:00 NOTICE product.deleted :: deleted product 7698
2023-06-03T02:52:53+00:00 NOTICE product.deleted :: deleted product 7685
2023-06-03T02:53:12+00:00 NOTICE product.deleted :: deleted product 7706
2023-06-03T02:53:34+00:00 NOTICE product.deleted :: deleted product 7688
2023-06-03T02:53:55+00:00 NOTICE product.deleted :: deleted product 7692
2023-06-03T02:55:01+00:00 NOTICE product.deleted :: deleted product 7683
2023-06-03T02:56:28+00:00 NOTICE product.deleted :: deleted product 7596
2023-06-03T16:22:20+00:00 NOTICE action_scheduler.queue_job :: MailChimp_WooCommerce_Cart_Update queued :: obj_id f8c45d214af8d7b3e45fbe3595f4c47d
2023-06-03T16:23:05+00:00 NOTICE abandoned_cart.success :: email: lauraropyp@gmail.com :: checkout_url: https://naturalconexion.com/checkout/?mc_cart_id=f8c45d214af8d7b3e45fbe3595f4c47d
2023-06-03T16:23:05+00:00 NOTICE cart.member.updated :: Updated lauraropyp@gmail.com subscriber status to subscribed and language to es
2023-06-03T16:25:21+00:00 NOTICE action_scheduler.queue_job :: MailChimp_WooCommerce_Single_Order starts in 90 seconds :: obj_id 24566
2023-06-03T16:27:38+00:00 NOTICE order_submit :: #24566 has a financial status of pending and was skipped.
2023-06-03T16:28:37+00:00 NOTICE action_scheduler.queue_job :: MailChimp_WooCommerce_Cart_Update queued :: obj_id f8c45d214af8d7b3e45fbe3595f4c47d
2023-06-03T16:28:40+00:00 NOTICE abandoned_cart.success :: email: lauraropyp@gmail.com :: checkout_url: https://naturalconexion.com/checkout/?mc_cart_id=f8c45d214af8d7b3e45fbe3595f4c47d
2023-06-03T16:28:44+00:00 NOTICE action_scheduler.queue_job :: MailChimp_WooCommerce_Cart_Update queued :: obj_id f8c45d214af8d7b3e45fbe3595f4c47d
2023-06-03T16:28:47+00:00 NOTICE abandoned_cart.success :: email: lauraropyp@gmail.com :: checkout_url: https://naturalconexion.com/checkout/?mc_cart_id=f8c45d214af8d7b3e45fbe3595f4c47d
2023-06-03T16:28:49+00:00 NOTICE action_scheduler.queue_job :: MailChimp_WooCommerce_Cart_Update queued :: obj_id f8c45d214af8d7b3e45fbe3595f4c47d
2023-06-03T16:28:53+00:00 NOTICE abandoned_cart.success :: email: lauraropyp@gmail.com :: checkout_url: https://naturalconexion.com/checkout/?mc_cart_id=f8c45d214af8d7b3e45fbe3595f4c47d
2023-06-03T16:30:10+00:00 NOTICE action_scheduler.queue_job :: MailChimp_WooCommerce_Cart_Update queued :: obj_id f8c45d214af8d7b3e45fbe3595f4c47d
2023-06-03T16:31:25+00:00 NOTICE abandoned_cart.success :: email: lauraropyp@gmail.com :: checkout_url: https://naturalconexion.com/checkout/?mc_cart_id=f8c45d214af8d7b3e45fbe3595f4c47d
2023-06-03T16:32:32+00:00 NOTICE action_scheduler.queue_job :: MailChimp_WooCommerce_Single_Order starts in 90 seconds :: obj_id 24567
2023-06-03T16:34:34+00:00 NOTICE debug :: Order ID 24567 was pending and is now processing :: Array
(
    [new_order] => 1
    [tracking] => Array
        (
            [campaign_id] => 
            [landing_site] => https://naturalconexion.com/wp-content/plugins/woocommerce-payu-latam/confirmation.php
        )

)

2023-06-03T16:36:24+00:00 NOTICE order.member.updated :: Updated lauraropyp@gmail.com subscriber status to subscribed and language to es
2023-06-03T16:36:24+00:00 NOTICE order_submit.success :: addStoreOrder :: #24567 :: email: lauraropyp@gmail.com :: landing site https://naturalconexion.com/checkout/order-pay/24566/?key=wc_order_piNti4AuIC9cv :: abandoned cart deleted [f8c45d214af8d7b3e45fbe3595f4c47d]
2023-06-03T17:31:43+00:00 NOTICE action_scheduler.queue_job :: MailChimp_WooCommerce_Single_Order starts in 90 seconds :: obj_id 24566
2023-06-03T17:31:44+00:00 NOTICE debug :: Order ID 24566 was pending and is now cancelled :: Array
(
    [new_order] => 
    [tracking] => 
)

2023-06-03T17:33:24+00:00 NOTICE order_submit :: #24566 has a financial status of cancelled and was skipped.
2023-06-03T22:05:34+00:00 NOTICE action_scheduler.queue_job :: MailChimp_WooCommerce_Cart_Update queued :: obj_id 4b4a467b71c46fc9c52f7c89c258b45a
2023-06-03T22:05:52+00:00 NOTICE abandoned_cart.success :: email: valentina.arenasa@udea.edu.co :: checkout_url: https://naturalconexion.com/checkout/?mc_cart_id=4b4a467b71c46fc9c52f7c89c258b45a
2023-06-03T22:05:53+00:00 NOTICE cart.member.updated :: Updated valentina.arenasa@udea.edu.co subscriber status to transactional and language to es
2023-06-03T22:07:16+00:00 NOTICE action_scheduler.queue_job :: MailChimp_WooCommerce_Single_Order starts in 90 seconds :: obj_id 24568
2023-06-03T22:10:18+00:00 NOTICE debug :: Order ID 24568 was pending and is now processing :: Array
(
    [new_order] => 1
    [tracking] => Array
        (
            [campaign_id] => 
            [landing_site] => https://naturalconexion.com/wp-content/plugins/woocommerce-payu-latam/confirmation.php
        )

)

2023-06-03T22:11:56+00:00 NOTICE order.member.updated :: Updated valentina.arenasa@udea.edu.co subscriber status to subscribed and language to es
2023-06-03T22:11:56+00:00 NOTICE order_submit.success :: addStoreOrder :: #24568 :: email: valentina.arenasa@udea.edu.co :: landing site https://naturalconexion.com/tienda/?gclid=CjwKCAjwyeujBhA5EiwA5WD7_TP3ysmJ0joM3AozvtRiETqaXucEjWMKZ4CES7uJy6ThWaEnE6l5CBoCq-YQAvD_BwE :: abandoned cart deleted [4b4a467b71c46fc9c52f7c89c258b45a]
