2022-03-11T00:09:59+00:00 NOTICE action_scheduler.queue_job :: MailChimp_WooCommerce_Cart_Update queued :: obj_id 5db0b92388f9baf9aeffb50dcb7ac4ed
2022-03-11T00:10:24+00:00 NOTICE abandoned_cart.success :: email: lucivalen.lb@gmail.com :: checkout_url: https://naturalconexion.com/checkout/?mc_cart_id=5db0b92388f9baf9aeffb50dcb7ac4ed
2022-03-11T00:10:25+00:00 NOTICE cart.member.updated :: Updated lucivalen.lb@gmail.com subscriber status to subscribed and language to es
2022-03-11T00:11:21+00:00 NOTICE action_scheduler.queue_job :: MailChimp_WooCommerce_Single_Order starts in 90 seconds :: obj_id 19191
2022-03-11T00:14:00+00:00 NOTICE order_sumbit :: #19191 has a financial status of pending and was skipped.
2022-03-11T00:14:38+00:00 NOTICE action_scheduler.queue_job :: MailChimp_WooCommerce_Single_Order starts in 90 seconds :: obj_id 19191
2022-03-11T00:14:40+00:00 NOTICE debug :: Order ID 19191 was pending and is now processing :: Array
(
    [new_order] => 1
    [tracking] => Array
        (
            [campaign_id] => 
            [landing_site] => https://naturalconexion.com/wp-admin/admin-ajax.php
        )

)

2022-03-11T00:17:21+00:00 NOTICE order.member.updated :: Updated Lucivalen.lb@gmail.com subscriber status to subscribed and language to 
2022-03-11T00:17:21+00:00 NOTICE order_submit.success :: addStoreOrder :: #19191 :: email: Lucivalen.lb@gmail.com :: landing site https://naturalconexion.com/wp-admin/admin-ajax.php :: abandoned cart deleted [5db0b92388f9baf9aeffb50dcb7ac4ed]
2022-03-11T12:43:50+00:00 NOTICE action_scheduler.queue_job :: MailChimp_WooCommerce_Cart_Update queued :: obj_id af054ce93b77c1d3a2a88ee02bf7f8b2
2022-03-11T12:44:11+00:00 NOTICE abandoned_cart.success :: email: catamo7810@gmail.com :: checkout_url: https://naturalconexion.com/checkout/?mc_cart_id=af054ce93b77c1d3a2a88ee02bf7f8b2
2022-03-11T12:44:11+00:00 NOTICE cart.member.updated :: Updated catamo7810@gmail.com subscriber status to subscribed and language to es
2022-03-11T12:45:26+00:00 NOTICE action_scheduler.queue_job :: MailChimp_WooCommerce_Single_Order starts in 90 seconds :: obj_id 19192
2022-03-11T12:46:59+00:00 NOTICE order_sumbit :: #19192 has a financial status of pending and was skipped.
2022-03-11T12:49:41+00:00 NOTICE action_scheduler.queue_job :: MailChimp_WooCommerce_Single_Order starts in 90 seconds :: obj_id 19192
2022-03-11T12:49:45+00:00 NOTICE debug :: Order ID 19192 was pending and is now processing :: Array
(
    [new_order] => 1
    [tracking] => Array
        (
            [campaign_id] => 
            [landing_site] => https://naturalconexion.com/wp-admin/admin-ajax.php
        )

)

2022-03-11T12:52:15+00:00 NOTICE order.member.updated :: Updated catamo7810@gmail.com subscriber status to subscribed and language to 
2022-03-11T12:52:15+00:00 NOTICE order_submit.success :: addStoreOrder :: #19192 :: email: catamo7810@gmail.com :: landing site https://naturalconexion.com/wp-admin/admin-ajax.php :: abandoned cart deleted [af054ce93b77c1d3a2a88ee02bf7f8b2]
2022-03-11T13:13:08+00:00 NOTICE action_scheduler.queue_job :: MailChimp_WooCommerce_Single_Product starts in 5 seconds :: obj_id 15495
2022-03-11T13:13:42+00:00 NOTICE product_submit.success :: updateStoreProduct :: #15495
2022-03-11T13:13:45+00:00 NOTICE action_scheduler.queue_job :: MailChimp_WooCommerce_Single_Product starts in 5 seconds :: obj_id 17294
2022-03-11T13:14:10+00:00 NOTICE product_submit.success :: updateStoreProduct :: #17294
2022-03-11T13:33:57+00:00 NOTICE action_scheduler.queue_job :: MailChimp_WooCommerce_Single_Product starts in 5 seconds :: obj_id 7606
2022-03-11T13:34:07+00:00 NOTICE product_submit.success :: updateStoreProduct :: #7606
2022-03-11T13:34:58+00:00 NOTICE action_scheduler.queue_job :: MailChimp_WooCommerce_Single_Product starts in 5 seconds :: obj_id 7514
2022-03-11T13:35:12+00:00 NOTICE product_submit.success :: updateStoreProduct :: #7514
2022-03-11T13:35:46+00:00 NOTICE action_scheduler.queue_job :: MailChimp_WooCommerce_Single_Product starts in 5 seconds :: obj_id 7515
2022-03-11T13:35:55+00:00 NOTICE action_scheduler.queue_job :: MailChimp_WooCommerce_Single_Product starts in 5 seconds :: obj_id 7606
2022-03-11T13:36:04+00:00 NOTICE action_scheduler.queue_job :: MailChimp_WooCommerce_Single_Product starts in 5 seconds :: obj_id 7514
2022-03-11T13:36:13+00:00 NOTICE product_submit.success :: updateStoreProduct :: #7515
2022-03-11T13:36:13+00:00 NOTICE product_submit.success :: updateStoreProduct :: #7606
2022-03-11T13:36:13+00:00 NOTICE product_submit.success :: updateStoreProduct :: #7514
2022-03-11T13:36:17+00:00 NOTICE action_scheduler.queue_job :: MailChimp_WooCommerce_Single_Product starts in 5 seconds :: obj_id 7515
2022-03-11T13:36:21+00:00 NOTICE action_scheduler.queue_job :: MailChimp_WooCommerce_Cart_Update queued :: obj_id 2525de62a7a1a259f17c2ad0cfc480db
2022-03-11T13:37:10+00:00 NOTICE abandoned_cart.success :: email: andrewsala38@gmail.com :: checkout_url: https://naturalconexion.com/checkout/?mc_cart_id=2525de62a7a1a259f17c2ad0cfc480db
2022-03-11T13:37:10+00:00 NOTICE cart.member.updated :: Updated andrewsala38@gmail.com subscriber status to subscribed and language to es
2022-03-11T13:37:11+00:00 NOTICE product_submit.success :: updateStoreProduct :: #7515
2022-03-11T13:38:34+00:00 NOTICE action_scheduler.queue_job :: MailChimp_WooCommerce_Single_Order starts in 90 seconds :: obj_id 19199
2022-03-11T13:40:15+00:00 NOTICE order_sumbit :: #19199 has a financial status of pending and was skipped.
2022-03-11T13:42:01+00:00 NOTICE action_scheduler.queue_job :: MailChimp_WooCommerce_Single_Order starts in 90 seconds :: obj_id 19199
2022-03-11T13:42:04+00:00 NOTICE debug :: Order ID 19199 was pending and is now processing :: Array
(
    [new_order] => 1
    [tracking] => Array
        (
            [campaign_id] => 
            [landing_site] => https://naturalconexion.com/wp-admin/admin-ajax.php
        )

)

2022-03-11T13:44:14+00:00 NOTICE order.member.updated :: Updated andrewsala38@gmail.com subscriber status to subscribed and language to 
2022-03-11T13:44:14+00:00 NOTICE order_submit.success :: addStoreOrder :: #19199 :: email: andrewsala38@gmail.com :: landing site https://naturalconexion.com/wp-admin/admin-ajax.php :: abandoned cart deleted [2525de62a7a1a259f17c2ad0cfc480db]
2022-03-11T13:51:53+00:00 NOTICE action_scheduler.queue_job :: MailChimp_WooCommerce_Single_Order starts in 90 seconds :: obj_id 19200
2022-03-11T13:52:23+00:00 NOTICE action_scheduler.queue_job :: MailChimp_WooCommerce_Single_Product starts in 5 seconds :: obj_id 7606
2022-03-11T13:52:41+00:00 NOTICE action_scheduler.queue_job :: MailChimp_WooCommerce_Single_Product starts in 5 seconds :: obj_id 7514
2022-03-11T13:52:55+00:00 NOTICE action_scheduler.queue_job :: MailChimp_WooCommerce_Single_Product starts in 5 seconds :: obj_id 7515
2022-03-11T13:53:13+00:00 NOTICE product_submit.success :: updateStoreProduct :: #7606
2022-03-11T13:53:13+00:00 NOTICE product_submit.success :: updateStoreProduct :: #7514
2022-03-11T13:53:13+00:00 NOTICE product_submit.success :: updateStoreProduct :: #7515
2022-03-11T13:53:56+00:00 NOTICE debug :: Order ID 19200 was pending and is now processing :: Array
(
    [new_order] => 1
    [tracking] => Array
        (
            [campaign_id] => 
            [landing_site] => https://naturalconexion.com/wp-admin/admin-ajax.php
        )

)

2022-03-11T13:55:09+00:00 NOTICE action_scheduler.queue_job :: MailChimp_WooCommerce_Single_Product starts in 5 seconds :: obj_id 7606
2022-03-11T13:55:18+00:00 NOTICE action_scheduler.queue_job :: MailChimp_WooCommerce_Single_Product starts in 5 seconds :: obj_id 7513
2022-03-11T13:55:27+00:00 NOTICE action_scheduler.queue_job :: MailChimp_WooCommerce_Single_Product starts in 5 seconds :: obj_id 7514
2022-03-11T13:55:29+00:00 NOTICE product_submit.success :: updateStoreProduct :: #7606
2022-03-11T13:55:31+00:00 NOTICE order.member.updated :: Updated catarodeng@gmail.com subscriber status to subscribed and language to es
2022-03-11T13:55:31+00:00 NOTICE order_submit.success :: addStoreOrder :: #19200 :: email: catarodeng@gmail.com :: landing site https://naturalconexion.com/wp-admin/admin-ajax.php
2022-03-11T13:55:31+00:00 NOTICE product_submit.success :: updateStoreProduct :: #7513
2022-03-11T13:55:38+00:00 NOTICE product_submit.success :: updateStoreProduct :: #7514
2022-03-11T13:55:40+00:00 NOTICE action_scheduler.queue_job :: MailChimp_WooCommerce_Single_Product starts in 5 seconds :: obj_id 7515
2022-03-11T13:55:51+00:00 NOTICE product_submit.success :: updateStoreProduct :: #7515
2022-03-11T14:21:11+00:00 NOTICE action_scheduler.queue_job :: MailChimp_WooCommerce_Single_Product starts in 5 seconds :: obj_id 7431
2022-03-11T14:21:14+00:00 NOTICE product.deleted :: deleted product 13110
2022-03-11T14:21:31+00:00 NOTICE product.delete_fail :: Unable to deleted product 18598
2022-03-11T14:21:43+00:00 NOTICE product_submit.success :: updateStoreProduct :: #7431
2022-03-11T14:22:01+00:00 NOTICE action_scheduler.queue_job :: MailChimp_WooCommerce_Single_Product starts in 5 seconds :: obj_id 13104
2022-03-11T14:22:10+00:00 NOTICE product_submit.success :: updateStoreProduct :: #13104
2022-03-11T14:27:02+00:00 NOTICE action_scheduler.queue_job :: MailChimp_WooCommerce_Single_Product starts in 5 seconds :: obj_id 13104
2022-03-11T14:27:21+00:00 NOTICE product_submit.success :: updateStoreProduct :: #13104
2022-03-11T14:28:24+00:00 NOTICE action_scheduler.queue_job :: MailChimp_WooCommerce_Single_Product starts in 5 seconds :: obj_id 7431
2022-03-11T14:28:47+00:00 NOTICE product_submit.success :: updateStoreProduct :: #7431
2022-03-11T15:33:08+00:00 NOTICE action_scheduler.queue_job :: MailChimp_WooCommerce_Cart_Update queued :: obj_id fe2913e043c7f6ce711d29b621538928
2022-03-11T15:33:09+00:00 NOTICE abandoned_cart.success :: email: clasico.h@hotmail.com :: checkout_url: https://naturalconexion.com/checkout/?mc_cart_id=fe2913e043c7f6ce711d29b621538928
2022-03-11T15:33:09+00:00 NOTICE cart.member.updated :: Updated clasico.h@hotmail.com subscriber status to transactional and language to es
2022-03-11T15:33:18+00:00 NOTICE action_scheduler.queue_job :: MailChimp_WooCommerce_Cart_Update queued :: obj_id fe2913e043c7f6ce711d29b621538928
2022-03-11T15:34:12+00:00 NOTICE abandoned_cart.success :: email: clasico.h@hotmail.com :: checkout_url: https://naturalconexion.com/checkout/?mc_cart_id=fe2913e043c7f6ce711d29b621538928
2022-03-11T15:34:28+00:00 NOTICE action_scheduler.queue_job :: MailChimp_WooCommerce_Cart_Update queued :: obj_id fe2913e043c7f6ce711d29b621538928
2022-03-11T15:34:32+00:00 NOTICE abandoned_cart.success :: email: clasico.h@hotmail.com :: checkout_url: https://naturalconexion.com/checkout/?mc_cart_id=fe2913e043c7f6ce711d29b621538928
2022-03-11T15:35:24+00:00 NOTICE action_scheduler.queue_job :: MailChimp_WooCommerce_Single_Order starts in 90 seconds :: obj_id 19204
2022-03-11T15:37:09+00:00 NOTICE order_sumbit :: #19204 has a financial status of pending and was skipped.
2022-03-11T15:57:14+00:00 NOTICE action_scheduler.queue_job :: MailChimp_WooCommerce_Single_Order starts in 90 seconds :: obj_id 19205
2022-03-11T15:57:15+00:00 NOTICE action_scheduler.queue_job :: MailChimp_WooCommerce_Cart_Update queued :: obj_id 4e60a424d77b57b6b6e9b812bd7ccc12
2022-03-11T15:57:17+00:00 NOTICE abandoned_cart.success :: email: alcampos5@misena.edu.co :: checkout_url: https://naturalconexion.com/checkout/?mc_cart_id=4e60a424d77b57b6b6e9b812bd7ccc12
2022-03-11T15:57:17+00:00 NOTICE cart.member.updated :: Updated alcampos5@misena.edu.co subscriber status to subscribed and language to es
2022-03-11T15:59:13+00:00 NOTICE order_sumbit :: #19205 has a financial status of pending and was skipped.
2022-03-11T15:59:43+00:00 NOTICE action_scheduler.queue_job :: MailChimp_WooCommerce_Single_Order starts in 90 seconds :: obj_id 19205
2022-03-11T15:59:45+00:00 NOTICE debug :: Order ID 19205 was pending and is now processing :: Array
(
    [new_order] => 1
    [tracking] => Array
        (
            [campaign_id] => 
            [landing_site] => https://naturalconexion.com/wp-admin/admin-ajax.php
        )

)

2022-03-11T16:01:24+00:00 NOTICE order.member.updated :: Updated alcampos5@misena.edu.co subscriber status to subscribed and language to 
2022-03-11T16:01:24+00:00 NOTICE order_submit.success :: addStoreOrder :: #19205 :: email: alcampos5@misena.edu.co :: landing site https://naturalconexion.com/wp-admin/admin-ajax.php :: abandoned cart deleted [4e60a424d77b57b6b6e9b812bd7ccc12]
2022-03-11T16:57:32+00:00 NOTICE action_scheduler.queue_job :: MailChimp_WooCommerce_Single_Order starts in 90 seconds :: obj_id 19204
2022-03-11T16:57:32+00:00 NOTICE debug :: Order ID 19204 was pending and is now cancelled :: Array
(
    [new_order] => 
    [tracking] => 
)

2022-03-11T16:59:19+00:00 NOTICE order_sumbit :: #19204 has a financial status of cancelled and was skipped.
2022-03-11T16:59:48+00:00 NOTICE action_scheduler.queue_job :: MailChimp_WooCommerce_Single_Order starts in 90 seconds :: obj_id 19206
2022-03-11T17:02:10+00:00 NOTICE order_sumbit :: #19206 has a financial status of pending and was skipped.
2022-03-11T17:10:40+00:00 NOTICE action_scheduler.queue_job :: MailChimp_WooCommerce_Cart_Update queued :: obj_id fe2913e043c7f6ce711d29b621538928
2022-03-11T17:11:17+00:00 NOTICE abandoned_cart.success :: email: clasico.h@hotmail.com :: checkout_url: https://naturalconexion.com/checkout/?mc_cart_id=fe2913e043c7f6ce711d29b621538928
2022-03-11T17:11:17+00:00 NOTICE cart.member.updated :: Updated clasico.h@hotmail.com subscriber status to transactional and language to es
2022-03-11T17:13:15+00:00 NOTICE action_scheduler.queue_job :: MailChimp_WooCommerce_Cart_Update queued :: obj_id fe2913e043c7f6ce711d29b621538928
2022-03-11T17:14:21+00:00 NOTICE abandoned_cart.success :: email: clasico.h@hotmail.com :: checkout_url: https://naturalconexion.com/checkout/?mc_cart_id=fe2913e043c7f6ce711d29b621538928
2022-03-11T17:38:01+00:00 NOTICE action_scheduler.queue_job :: MailChimp_WooCommerce_Single_Order starts in 90 seconds :: obj_id 19207
2022-03-11T17:39:40+00:00 NOTICE debug :: Order ID 19207 was pending and is now processing :: Array
(
    [new_order] => 1
    [tracking] => Array
        (
            [campaign_id] => 
            [landing_site] => https://naturalconexion.com/wp-admin/admin-ajax.php
        )

)

2022-03-11T17:41:18+00:00 NOTICE order.member.updated :: Updated agmontanaf@gmail.com subscriber status to subscribed and language to es
2022-03-11T17:41:18+00:00 NOTICE order_submit.success :: addStoreOrder :: #19207 :: email: agmontanaf@gmail.com :: landing site https://naturalconexion.com/wp-admin/admin-ajax.php
2022-03-11T17:53:03+00:00 NOTICE action_scheduler.queue_job :: MailChimp_WooCommerce_SingleCoupon queued :: obj_id 19208
2022-03-11T17:53:15+00:00 NOTICE promo_code_submit.success :: #19208 :: code: tkp7ql0g
2022-03-11T18:04:42+00:00 NOTICE action_scheduler.queue_job :: MailChimp_WooCommerce_Cart_Update queued :: obj_id 2c0666bd3952e28f9419b671cf81c08e
2022-03-11T18:05:03+00:00 NOTICE action_scheduler.queue_job :: MailChimp_WooCommerce_Single_Order starts in 90 seconds :: obj_id 19209
2022-03-11T18:05:09+00:00 NOTICE abandoned_cart.success :: email: ana.flo-var@outlook.com :: checkout_url: https://naturalconexion.com/checkout/?mc_cart_id=2c0666bd3952e28f9419b671cf81c08e
2022-03-11T18:05:10+00:00 NOTICE cart.member.updated :: Updated ana.flo-var@outlook.com subscriber status to transactional and language to es
2022-03-11T18:07:31+00:00 NOTICE order_sumbit :: #19209 has a financial status of pending and was skipped.
2022-03-11T18:28:30+00:00 NOTICE action_scheduler.queue_job :: MailChimp_WooCommerce_Cart_Update queued :: obj_id 73ab7d5d954cc19bdcf88f6fd586c401
2022-03-11T18:28:55+00:00 NOTICE action_scheduler.queue_job :: MailChimp_WooCommerce_Single_Order starts in 90 seconds :: obj_id 19210
2022-03-11T18:29:09+00:00 NOTICE abandoned_cart.success :: email: marcela.c.cardona@gmail.com :: checkout_url: https://naturalconexion.com/checkout/?mc_cart_id=73ab7d5d954cc19bdcf88f6fd586c401
2022-03-11T18:29:10+00:00 NOTICE cart.member.updated :: Updated marcela.c.cardona@gmail.com subscriber status to transactional and language to es
2022-03-11T18:30:37+00:00 NOTICE debug :: Order ID 19210 was pending and is now processing :: Array
(
    [new_order] => 1
    [tracking] => Array
        (
            [campaign_id] => 
            [landing_site] => https://naturalconexion.com/?s=Desodorante&post_type=product
        )

)

2022-03-11T18:32:29+00:00 NOTICE order.member.updated :: Updated Marcela.c.cardona@gmail.com subscriber status to transactional and language to es
2022-03-11T18:32:29+00:00 NOTICE order_submit.success :: addStoreOrder :: #19210 :: email: Marcela.c.cardona@gmail.com :: landing site https://naturalconexion.com/?s=Desodorante&post_type=product :: abandoned cart deleted [73ab7d5d954cc19bdcf88f6fd586c401]
2022-03-11T18:45:37+00:00 NOTICE action_scheduler.queue_job :: MailChimp_WooCommerce_Cart_Update queued :: obj_id da6ebda7fcd29215fb6cede3181d2231
2022-03-11T18:46:05+00:00 NOTICE action_scheduler.queue_job :: MailChimp_WooCommerce_Single_Order starts in 90 seconds :: obj_id 19211
2022-03-11T18:46:09+00:00 NOTICE abandoned_cart.success :: email: deysinossa@gmail.com :: checkout_url: https://naturalconexion.com/checkout/?mc_cart_id=da6ebda7fcd29215fb6cede3181d2231
2022-03-11T18:46:09+00:00 NOTICE cart.member.updated :: Updated deysinossa@gmail.com subscriber status to subscribed and language to es
2022-03-11T18:47:59+00:00 NOTICE order_sumbit :: #19211 has a financial status of pending and was skipped.
2022-03-11T18:49:44+00:00 NOTICE action_scheduler.queue_job :: MailChimp_WooCommerce_Cart_Update queued :: obj_id da6ebda7fcd29215fb6cede3181d2231
2022-03-11T18:50:09+00:00 NOTICE abandoned_cart.success :: email: deysinossa@gmail.com :: checkout_url: https://naturalconexion.com/checkout/?mc_cart_id=da6ebda7fcd29215fb6cede3181d2231
2022-03-11T18:50:14+00:00 NOTICE action_scheduler.queue_job :: MailChimp_WooCommerce_Cart_Update queued :: obj_id da6ebda7fcd29215fb6cede3181d2231
2022-03-11T18:50:17+00:00 NOTICE abandoned_cart.success :: email: deysinossa@gmail.com :: checkout_url: https://naturalconexion.com/checkout/?mc_cart_id=da6ebda7fcd29215fb6cede3181d2231
2022-03-11T18:52:06+00:00 NOTICE action_scheduler.queue_job :: MailChimp_WooCommerce_User_Submit queued :: obj_id 2111
2022-03-11T18:52:06+00:00 NOTICE action_scheduler.queue_job :: MailChimp_WooCommerce_Single_Order starts in 90 seconds :: obj_id 19212
2022-03-11T18:52:11+00:00 NOTICE member.sync :: Updated Member deysinossa@gmail.com ( merge fields only ) :: Array
(
    [merge_fields] => Array
        (
            [FNAME] => Deysi
            [LNAME] => Nossa Sierra
        )

)

2022-03-11T18:53:37+00:00 NOTICE order_sumbit :: #19212 has a financial status of pending and was skipped.
2022-03-11T18:57:50+00:00 NOTICE action_scheduler.queue_job :: MailChimp_WooCommerce_Single_Order starts in 90 seconds :: obj_id 19206
2022-03-11T18:57:50+00:00 NOTICE debug :: Order ID 19206 was pending and is now cancelled :: Array
(
    [new_order] => 
    [tracking] => 
)

2022-03-11T18:59:56+00:00 NOTICE order_sumbit :: #19206 has a financial status of cancelled and was skipped.
2022-03-11T19:00:43+00:00 NOTICE action_scheduler.queue_job :: MailChimp_WooCommerce_Single_Order starts in 90 seconds :: obj_id 19213
2022-03-11T19:00:49+00:00 NOTICE action_scheduler.queue_job :: MailChimp_WooCommerce_Single_Order starts in 90 seconds :: obj_id 19211
2022-03-11T19:00:50+00:00 NOTICE debug :: Order ID 19211 was pending and is now cancelled :: Array
(
    [new_order] => 
    [tracking] => 
)

2022-03-11T19:02:20+00:00 NOTICE order_sumbit :: #19213 has a financial status of pending and was skipped.
2022-03-11T19:02:21+00:00 NOTICE order_sumbit :: #19211 has a financial status of cancelled and was skipped.
2022-03-11T19:12:41+00:00 NOTICE action_scheduler.queue_job :: MailChimp_WooCommerce_Single_Order starts in 90 seconds :: obj_id 19214
2022-03-11T19:12:41+00:00 NOTICE action_scheduler.queue_job :: MailChimp_WooCommerce_Cart_Update queued :: obj_id aedba7c7f4c0fb9c976b855cb1524912
2022-03-11T19:14:09+00:00 NOTICE abandoned_cart.success :: email: ingridkatherinevargas01@gmail.com :: checkout_url: https://naturalconexion.com/checkout/?mc_cart_id=aedba7c7f4c0fb9c976b855cb1524912
2022-03-11T19:14:10+00:00 NOTICE cart.member.updated :: Updated ingridkatherinevargas01@gmail.com subscriber status to subscribed and language to es
2022-03-11T19:14:17+00:00 NOTICE order_sumbit :: #19214 has a financial status of pending and was skipped.
2022-03-11T19:18:26+00:00 NOTICE action_scheduler.queue_job :: MailChimp_WooCommerce_Single_Order starts in 90 seconds :: obj_id 19212
2022-03-11T19:18:27+00:00 NOTICE debug :: Order ID 19212 was pending and is now failed :: Array
(
    [new_order] => 
    [tracking] => 
)

2022-03-11T19:20:17+00:00 NOTICE system.debug :: order 19212 is in failed status, and is being skipped for now.
2022-03-11T19:58:16+00:00 NOTICE action_scheduler.queue_job :: MailChimp_WooCommerce_Single_Order starts in 90 seconds :: obj_id 19209
2022-03-11T19:58:16+00:00 NOTICE debug :: Order ID 19209 was pending and is now cancelled :: Array
(
    [new_order] => 
    [tracking] => 
)

2022-03-11T20:00:03+00:00 NOTICE order_sumbit :: #19209 has a financial status of cancelled and was skipped.
2022-03-11T20:04:31+00:00 NOTICE action_scheduler.queue_job :: MailChimp_WooCommerce_Cart_Update queued :: obj_id aedba7c7f4c0fb9c976b855cb1524912
2022-03-11T20:04:33+00:00 NOTICE abandoned_cart.success :: email: ingridkatherinevargas01@gmail.com :: checkout_url: https://naturalconexion.com/checkout/?mc_cart_id=aedba7c7f4c0fb9c976b855cb1524912
2022-03-11T20:05:27+00:00 NOTICE action_scheduler.queue_job :: MailChimp_WooCommerce_Single_Order starts in 90 seconds :: obj_id 19215
2022-03-11T20:07:47+00:00 NOTICE order_sumbit :: #19215 has a financial status of pending and was skipped.
2022-03-11T20:58:25+00:00 NOTICE action_scheduler.queue_job :: MailChimp_WooCommerce_Single_Order starts in 90 seconds :: obj_id 19213
2022-03-11T20:58:26+00:00 NOTICE debug :: Order ID 19213 was pending and is now cancelled :: Array
(
    [new_order] => 
    [tracking] => 
)

2022-03-11T20:58:26+00:00 NOTICE action_scheduler.queue_job :: MailChimp_WooCommerce_Single_Order starts in 90 seconds :: obj_id 19214
2022-03-11T20:58:26+00:00 NOTICE debug :: Order ID 19214 was pending and is now cancelled :: Array
(
    [new_order] => 
    [tracking] => 
)

2022-03-11T21:00:11+00:00 NOTICE order_sumbit :: #19213 has a financial status of cancelled and was skipped.
2022-03-11T21:00:12+00:00 NOTICE order_sumbit :: #19214 has a financial status of cancelled and was skipped.
2022-03-11T21:07:11+00:00 NOTICE action_scheduler.queue_job :: MailChimp_WooCommerce_Cart_Update queued :: obj_id 821ca1263f209afb1f2d33fa01735ef4
2022-03-11T21:07:30+00:00 NOTICE action_scheduler.queue_job :: MailChimp_WooCommerce_Single_Order starts in 90 seconds :: obj_id 19216
2022-03-11T21:07:54+00:00 NOTICE abandoned_cart.success :: email: malesuape18@gmail.com :: checkout_url: https://naturalconexion.com/checkout/?mc_cart_id=821ca1263f209afb1f2d33fa01735ef4
2022-03-11T21:07:54+00:00 NOTICE cart.member.updated :: Updated malesuape18@gmail.com subscriber status to transactional and language to es
2022-03-11T21:09:10+00:00 NOTICE order_sumbit :: #19216 has a financial status of pending and was skipped.
2022-03-11T21:19:43+00:00 NOTICE action_scheduler.queue_job :: MailChimp_WooCommerce_Cart_Update queued :: obj_id 73f01760cf17a0ad266882071b5164ea
2022-03-11T21:20:10+00:00 NOTICE abandoned_cart.success :: email: dranovoag@gmail.com :: checkout_url: https://naturalconexion.com/checkout/?mc_cart_id=73f01760cf17a0ad266882071b5164ea
2022-03-11T21:20:11+00:00 NOTICE cart.member.updated :: Updated dranovoag@gmail.com subscriber status to transactional and language to es
2022-03-11T21:58:29+00:00 NOTICE action_scheduler.queue_job :: MailChimp_WooCommerce_Single_Order starts in 90 seconds :: obj_id 19215
2022-03-11T21:58:29+00:00 NOTICE debug :: Order ID 19215 was pending and is now cancelled :: Array
(
    [new_order] => 
    [tracking] => 
)

2022-03-11T22:00:08+00:00 NOTICE order_sumbit :: #19215 has a financial status of cancelled and was skipped.
2022-03-11T22:59:07+00:00 NOTICE action_scheduler.queue_job :: MailChimp_WooCommerce_Single_Order starts in 90 seconds :: obj_id 19216
2022-03-11T22:59:07+00:00 NOTICE debug :: Order ID 19216 was pending and is now cancelled :: Array
(
    [new_order] => 
    [tracking] => 
)

2022-03-11T23:01:12+00:00 NOTICE order_sumbit :: #19216 has a financial status of cancelled and was skipped.
2022-03-11T23:01:40+00:00 NOTICE action_scheduler.queue_job :: MailChimp_WooCommerce_Single_Order starts in 90 seconds :: obj_id 19217
2022-03-11T23:05:20+00:00 NOTICE order_sumbit :: #19217 has a financial status of pending and was skipped.
