2022-02-06T00:30:31+00:00 NOTICE action_scheduler.queue_job :: MailChimp_WooCommerce_Single_Order starts in 90 seconds :: obj_id 18615
2022-02-06T00:32:04+00:00 NOTICE order_sumbit :: #18615 has a financial status of pending and was skipped.
2022-02-06T00:32:45+00:00 NOTICE action_scheduler.queue_job :: MailChimp_WooCommerce_Single_Order starts in 90 seconds :: obj_id 18615
2022-02-06T00:32:48+00:00 NOTICE debug :: Order ID 18615 was pending and is now processing :: Array
(
    [new_order] => 1
    [tracking] => Array
        (
            [campaign_id] => 
            [landing_site] => https://naturalconexion.com/wp-admin/admin-ajax.php
        )

)

2022-02-06T00:34:23+00:00 NOTICE order.member.updated :: Updated Lissethmargarita18@gmail.com subscriber status to subscribed and language to 
2022-02-06T00:34:23+00:00 NOTICE order_submit.success :: addStoreOrder :: #18615 :: email: Lissethmargarita18@gmail.com :: landing site https://naturalconexion.com/wp-admin/admin-ajax.php
2022-02-06T00:54:54+00:00 NOTICE action_scheduler.queue_job :: MailChimp_WooCommerce_Single_Order starts in 90 seconds :: obj_id 18616
2022-02-06T00:56:49+00:00 NOTICE order_sumbit :: #18616 has a financial status of pending and was skipped.
2022-02-06T01:42:27+00:00 NOTICE action_scheduler.queue_job :: MailChimp_WooCommerce_Cart_Update queued :: obj_id f9379dd886d8b57fe5e668e0066f5a1f
2022-02-06T01:42:49+00:00 NOTICE abandoned_cart.success :: email: paulitta.oss@gmail.com :: checkout_url: https://naturalconexion.com/checkout/?mc_cart_id=f9379dd886d8b57fe5e668e0066f5a1f
2022-02-06T01:42:49+00:00 NOTICE cart.member.updated :: Updated paulitta.oss@gmail.com subscriber status to transactional and language to es
2022-02-06T01:43:14+00:00 NOTICE action_scheduler.queue_job :: MailChimp_WooCommerce_Single_Order starts in 90 seconds :: obj_id 18617
2022-02-06T01:44:51+00:00 NOTICE order_sumbit :: #18617 has a financial status of pending and was skipped.
2022-02-06T01:54:38+00:00 NOTICE action_scheduler.queue_job :: MailChimp_WooCommerce_Single_Order starts in 90 seconds :: obj_id 18617
2022-02-06T01:54:39+00:00 NOTICE debug :: Order ID 18617 was pending and is now failed :: Array
(
    [new_order] => 
    [tracking] => 
)

2022-02-06T01:57:19+00:00 NOTICE system.debug :: order 18617 is in failed status, and is being skipped for now.
2022-02-06T02:06:29+00:00 NOTICE action_scheduler.queue_job :: MailChimp_WooCommerce_Single_Order starts in 90 seconds :: obj_id 18616
2022-02-06T02:06:29+00:00 NOTICE debug :: Order ID 18616 was pending and is now cancelled :: Array
(
    [new_order] => 
    [tracking] => 
)

2022-02-06T02:08:03+00:00 NOTICE order_sumbit :: #18616 has a financial status of cancelled and was skipped.
2022-02-06T02:30:51+00:00 NOTICE action_scheduler.queue_job :: MailChimp_WooCommerce_User_Submit queued :: obj_id 2053
2022-02-06T02:30:53+00:00 NOTICE action_scheduler.queue_job :: MailChimp_WooCommerce_Single_Order starts in 90 seconds :: obj_id 18618
2022-02-06T02:30:55+00:00 NOTICE debug :: Order ID 18618 was pending and is now processing :: Array
(
    [new_order] => 1
    [tracking] => Array
        (
            [campaign_id] => 
            [landing_site] => https://naturalconexion.com/wp-admin/admin-ajax.php
        )

)

2022-02-06T02:31:25+00:00 NOTICE member.sync :: Subscribed Member nataliherrera12@gmail.com :: Array
(
    [status_if_new] => 1
    [merge_fields] => Array
        (
            [FNAME] => Natalia
            [LNAME] => Herrera Cortés
        )

)

2022-02-06T02:32:28+00:00 NOTICE order.member.updated :: Updated nataliherrera12@gmail.com subscriber status to subscribed and language to es
2022-02-06T02:32:28+00:00 NOTICE order_submit.success :: addStoreOrder :: #18618 :: email: nataliherrera12@gmail.com :: landing site https://naturalconexion.com/wp-admin/admin-ajax.php
2022-02-06T02:38:15+00:00 NOTICE action_scheduler.queue_job :: MailChimp_WooCommerce_Cart_Update queued :: obj_id 639ab5d009c8acf82db7d330ec28e5f7
2022-02-06T02:38:43+00:00 NOTICE abandoned_cart.success :: email: lunita9091@gmail.com :: checkout_url: https://naturalconexion.com/checkout/?mc_cart_id=639ab5d009c8acf82db7d330ec28e5f7
2022-02-06T02:38:43+00:00 NOTICE cart.member.updated :: Updated lunita9091@gmail.com subscriber status to transactional and language to es
2022-02-06T02:39:14+00:00 NOTICE action_scheduler.queue_job :: MailChimp_WooCommerce_Single_Order starts in 90 seconds :: obj_id 18619
2022-02-06T02:40:51+00:00 NOTICE order_sumbit :: #18619 has a financial status of pending and was skipped.
2022-02-06T02:48:38+00:00 NOTICE action_scheduler.queue_job :: MailChimp_WooCommerce_Cart_Update queued :: obj_id 639ab5d009c8acf82db7d330ec28e5f7
2022-02-06T02:48:47+00:00 NOTICE abandoned_cart.success :: email: lunita9091@gmail.com :: checkout_url: https://naturalconexion.com/checkout/?mc_cart_id=639ab5d009c8acf82db7d330ec28e5f7
2022-02-06T02:49:42+00:00 NOTICE action_scheduler.queue_job :: MailChimp_WooCommerce_Single_Order starts in 90 seconds :: obj_id 18620
2022-02-06T02:51:52+00:00 NOTICE order_sumbit :: #18620 has a financial status of pending and was skipped.
2022-02-06T02:52:36+00:00 NOTICE action_scheduler.queue_job :: MailChimp_WooCommerce_Cart_Update queued :: obj_id 639ab5d009c8acf82db7d330ec28e5f7
2022-02-06T02:53:05+00:00 NOTICE abandoned_cart.success :: email: lunita9091@gmail.com :: checkout_url: https://naturalconexion.com/checkout/?mc_cart_id=639ab5d009c8acf82db7d330ec28e5f7
2022-02-06T02:53:12+00:00 NOTICE action_scheduler.queue_job :: MailChimp_WooCommerce_Cart_Update queued :: obj_id 639ab5d009c8acf82db7d330ec28e5f7
2022-02-06T02:53:21+00:00 NOTICE abandoned_cart.success :: email: lunita9091@gmail.com :: checkout_url: https://naturalconexion.com/checkout/?mc_cart_id=639ab5d009c8acf82db7d330ec28e5f7
2022-02-06T02:54:33+00:00 NOTICE action_scheduler.queue_job :: MailChimp_WooCommerce_Cart_Update queued :: obj_id 639ab5d009c8acf82db7d330ec28e5f7
2022-02-06T02:54:35+00:00 NOTICE abandoned_cart.success :: email: lunita9091@gmail.com :: checkout_url: https://naturalconexion.com/checkout/?mc_cart_id=639ab5d009c8acf82db7d330ec28e5f7
2022-02-06T02:55:22+00:00 NOTICE action_scheduler.queue_job :: MailChimp_WooCommerce_Single_Order starts in 90 seconds :: obj_id 18621
2022-02-06T02:57:40+00:00 NOTICE order_sumbit :: #18621 has a financial status of pending and was skipped.
2022-02-06T02:58:15+00:00 NOTICE action_scheduler.queue_job :: MailChimp_WooCommerce_Single_Order starts in 90 seconds :: obj_id 18619
2022-02-06T02:58:17+00:00 NOTICE debug :: Order ID 18619 was pending and is now failed :: Array
(
    [new_order] => 
    [tracking] => 
)

2022-02-06T02:59:47+00:00 NOTICE system.debug :: order 18619 is in failed status, and is being skipped for now.
2022-02-06T04:06:34+00:00 NOTICE action_scheduler.queue_job :: MailChimp_WooCommerce_Single_Order starts in 90 seconds :: obj_id 18620
2022-02-06T04:06:34+00:00 NOTICE debug :: Order ID 18620 was pending and is now cancelled :: Array
(
    [new_order] => 
    [tracking] => 
)

2022-02-06T04:06:34+00:00 NOTICE action_scheduler.queue_job :: MailChimp_WooCommerce_Single_Order starts in 90 seconds :: obj_id 18621
2022-02-06T04:06:34+00:00 NOTICE debug :: Order ID 18621 was pending and is now cancelled :: Array
(
    [new_order] => 
    [tracking] => 
)

2022-02-06T04:08:23+00:00 NOTICE order_sumbit :: #18620 has a financial status of cancelled and was skipped.
2022-02-06T04:08:24+00:00 NOTICE order_sumbit :: #18621 has a financial status of cancelled and was skipped.
2022-02-06T04:18:14+00:00 NOTICE action_scheduler.queue_job :: MailChimp_WooCommerce_Cart_Update queued :: obj_id de3d45f0dfb39be9c7f3ba5e733524de
2022-02-06T04:18:16+00:00 NOTICE abandoned_cart.success :: email: linaotalora@outlook.com :: checkout_url: https://naturalconexion.com/checkout/?mc_cart_id=de3d45f0dfb39be9c7f3ba5e733524de
2022-02-06T04:18:17+00:00 NOTICE cart.member.updated :: Updated linaotalora@outlook.com subscriber status to transactional and language to es
2022-02-06T04:19:32+00:00 NOTICE action_scheduler.queue_job :: MailChimp_WooCommerce_Single_Order starts in 90 seconds :: obj_id 18622
2022-02-06T04:20:17+00:00 NOTICE debug :: Order ID 18622 was pending and is now failed :: Array
(
    [new_order] => 
    [tracking] => 
)

2022-02-06T04:21:47+00:00 NOTICE system.debug :: order 18622 is in failed status, and is being skipped for now.
2022-02-06T05:55:10+00:00 NOTICE action_scheduler.queue_job :: MailChimp_WooCommerce_User_Submit queued :: obj_id 2054
2022-02-06T05:55:15+00:00 NOTICE member.sync :: Subscribed Member VALERY.MARULANDA@UTP.EDU.CO :: Array
(
    [status_if_new] => 1
    [merge_fields] => Array
        (
        )

)

2022-02-06T05:58:07+00:00 NOTICE action_scheduler.queue_job :: MailChimp_WooCommerce_Cart_Update queued :: obj_id 646ba88aaa9b305be37d46df7a35ff45
2022-02-06T05:58:44+00:00 NOTICE abandoned_cart.success :: email: valery.marulanda@utp.edu.co :: checkout_url: https://naturalconexion.com/checkout/?mc_cart_id=646ba88aaa9b305be37d46df7a35ff45
2022-02-06T05:58:45+00:00 NOTICE cart.member.updated :: Updated valery.marulanda@utp.edu.co subscriber status to subscribed and language to es
2022-02-06T12:51:54+00:00 NOTICE action_scheduler.queue_job :: MailChimp_WooCommerce_Cart_Update queued :: obj_id c844cb0f94efcd7f69edf00eb757d4c1
2022-02-06T12:51:55+00:00 NOTICE abandoned_cart.success :: email: angelicavf8@gmail.com :: checkout_url: https://naturalconexion.com/checkout/?mc_cart_id=c844cb0f94efcd7f69edf00eb757d4c1
2022-02-06T12:51:55+00:00 NOTICE cart.member.updated :: Updated angelicavf8@gmail.com subscriber status to subscribed and language to es
2022-02-06T13:09:19+00:00 NOTICE action_scheduler.queue_job :: MailChimp_WooCommerce_Cart_Update queued :: obj_id c844cb0f94efcd7f69edf00eb757d4c1
2022-02-06T13:09:21+00:00 NOTICE abandoned_cart.success :: email: angelicavf8@gmail.com :: checkout_url: https://naturalconexion.com/checkout/?mc_cart_id=c844cb0f94efcd7f69edf00eb757d4c1
2022-02-06T13:09:33+00:00 NOTICE action_scheduler.queue_job :: MailChimp_WooCommerce_Cart_Update queued :: obj_id c844cb0f94efcd7f69edf00eb757d4c1
2022-02-06T13:09:43+00:00 NOTICE abandoned_cart.success :: email: angelicavf8@gmail.com :: checkout_url: https://naturalconexion.com/checkout/?mc_cart_id=c844cb0f94efcd7f69edf00eb757d4c1
2022-02-06T14:28:49+00:00 NOTICE action_scheduler.queue_job :: MailChimp_WooCommerce_Cart_Update queued :: obj_id 4816f9883a720cb88b881809f7125f79
2022-02-06T14:29:25+00:00 NOTICE abandoned_cart.success :: email: mariaru096@gmail.com :: checkout_url: https://naturalconexion.com/checkout/?mc_cart_id=4816f9883a720cb88b881809f7125f79
2022-02-06T14:29:27+00:00 NOTICE cart.member.updated :: Updated mariaru096@gmail.com subscriber status to subscribed and language to es
2022-02-06T14:30:30+00:00 NOTICE action_scheduler.queue_job :: MailChimp_WooCommerce_Cart_Update queued :: obj_id 4816f9883a720cb88b881809f7125f79
2022-02-06T14:30:43+00:00 NOTICE abandoned_cart.success :: email: mariaru096@gmail.com :: checkout_url: https://naturalconexion.com/checkout/?mc_cart_id=4816f9883a720cb88b881809f7125f79
2022-02-06T14:30:58+00:00 NOTICE action_scheduler.queue_job :: MailChimp_WooCommerce_Cart_Update queued :: obj_id 4816f9883a720cb88b881809f7125f79
2022-02-06T14:32:07+00:00 NOTICE abandoned_cart.success :: email: mariaru096@gmail.com :: checkout_url: https://naturalconexion.com/checkout/?mc_cart_id=4816f9883a720cb88b881809f7125f79
2022-02-06T14:39:06+00:00 NOTICE action_scheduler.queue_job :: MailChimp_WooCommerce_Cart_Update queued :: obj_id 4816f9883a720cb88b881809f7125f79
2022-02-06T14:39:25+00:00 NOTICE abandoned_cart.success :: email: mariaru096@gmail.com :: checkout_url: https://naturalconexion.com/checkout/?mc_cart_id=4816f9883a720cb88b881809f7125f79
2022-02-06T14:41:34+00:00 NOTICE action_scheduler.queue_job :: MailChimp_WooCommerce_Cart_Update queued :: obj_id 4816f9883a720cb88b881809f7125f79
2022-02-06T14:41:45+00:00 NOTICE abandoned_cart.success :: email: mariaru096@gmail.com :: checkout_url: https://naturalconexion.com/checkout/?mc_cart_id=4816f9883a720cb88b881809f7125f79
2022-02-06T14:42:11+00:00 NOTICE action_scheduler.queue_job :: MailChimp_WooCommerce_Cart_Update queued :: obj_id 4816f9883a720cb88b881809f7125f79
2022-02-06T14:42:52+00:00 NOTICE abandoned_cart.success :: email: mariaru096@gmail.com :: checkout_url: https://naturalconexion.com/checkout/?mc_cart_id=4816f9883a720cb88b881809f7125f79
2022-02-06T14:42:55+00:00 NOTICE action_scheduler.queue_job :: MailChimp_WooCommerce_Single_Order starts in 90 seconds :: obj_id 18623
2022-02-06T14:44:47+00:00 NOTICE order_sumbit :: #18623 has a financial status of pending and was skipped.
2022-02-06T14:45:52+00:00 NOTICE action_scheduler.queue_job :: MailChimp_WooCommerce_Single_Order starts in 90 seconds :: obj_id 18623
2022-02-06T14:45:56+00:00 NOTICE debug :: Order ID 18623 was pending and is now processing :: Array
(
    [new_order] => 1
    [tracking] => Array
        (
            [campaign_id] => 
            [landing_site] => https://naturalconexion.com/wp-admin/admin-ajax.php
        )

)

2022-02-06T14:48:00+00:00 NOTICE order.member.updated :: Updated mariaru096@gmail.com subscriber status to subscribed and language to 
2022-02-06T14:48:00+00:00 NOTICE order_submit.success :: addStoreOrder :: #18623 :: email: mariaru096@gmail.com :: landing site https://naturalconexion.com/wp-admin/admin-ajax.php :: abandoned cart deleted [4816f9883a720cb88b881809f7125f79]
2022-02-06T14:53:44+00:00 NOTICE action_scheduler.queue_job :: MailChimp_WooCommerce_Single_Order starts in 90 seconds :: obj_id 18624
2022-02-06T14:56:07+00:00 NOTICE order_sumbit :: #18624 has a financial status of pending and was skipped.
2022-02-06T15:18:18+00:00 NOTICE action_scheduler.queue_job :: MailChimp_WooCommerce_Single_Order starts in 90 seconds :: obj_id 18624
2022-02-06T15:18:19+00:00 NOTICE debug :: Order ID 18624 was pending and is now failed :: Array
(
    [new_order] => 
    [tracking] => 
)

2022-02-06T15:20:05+00:00 NOTICE system.debug :: order 18624 is in failed status, and is being skipped for now.
2022-02-06T18:27:59+00:00 NOTICE action_scheduler.queue_job :: MailChimp_WooCommerce_Cart_Update queued :: obj_id 9d5a5642fec248b1b40dedf15949dc73
2022-02-06T18:28:49+00:00 NOTICE abandoned_cart.success :: email: carolinap5618@hotmail.com :: checkout_url: https://naturalconexion.com/checkout/?mc_cart_id=9d5a5642fec248b1b40dedf15949dc73
2022-02-06T18:28:50+00:00 NOTICE cart.member.updated :: Updated carolinap5618@hotmail.com subscriber status to transactional and language to es
2022-02-06T18:28:57+00:00 NOTICE action_scheduler.queue_job :: MailChimp_WooCommerce_Single_Order starts in 90 seconds :: obj_id 18625
2022-02-06T18:31:08+00:00 NOTICE order_sumbit :: #18625 has a financial status of pending and was skipped.
2022-02-06T19:16:53+00:00 NOTICE action_scheduler.queue_job :: MailChimp_WooCommerce_Single_Order starts in 90 seconds :: obj_id 18625
2022-02-06T19:16:56+00:00 NOTICE debug :: Order ID 18625 was pending and is now processing :: Array
(
    [new_order] => 1
    [tracking] => Array
        (
            [campaign_id] => 
            [landing_site] => https://naturalconexion.com/wp-admin/admin-ajax.php
        )

)

2022-02-06T19:19:49+00:00 NOTICE order.member.updated :: Updated carolinap5618@hotmail.com subscriber status to subscribed and language to 
2022-02-06T19:19:49+00:00 NOTICE order_submit.success :: addStoreOrder :: #18625 :: email: carolinap5618@hotmail.com :: landing site https://naturalconexion.com/wp-admin/admin-ajax.php :: abandoned cart deleted [9d5a5642fec248b1b40dedf15949dc73]
2022-02-06T20:25:47+00:00 NOTICE action_scheduler.queue_job :: MailChimp_WooCommerce_Cart_Update queued :: obj_id 0d3746c2dc2763550f540e26b101e740
2022-02-06T20:25:49+00:00 NOTICE abandoned_cart.success :: email: maryuri.inis@gmail.com :: checkout_url: https://naturalconexion.com/checkout/?mc_cart_id=0d3746c2dc2763550f540e26b101e740
2022-02-06T20:25:49+00:00 NOTICE cart.member.updated :: Updated maryuri.inis@gmail.com subscriber status to transactional and language to es
2022-02-06T20:26:21+00:00 NOTICE action_scheduler.queue_job :: MailChimp_WooCommerce_Single_Order starts in 90 seconds :: obj_id 18626
2022-02-06T20:28:37+00:00 NOTICE action_scheduler.queue_job :: MailChimp_WooCommerce_Cart_Update queued :: obj_id 0d3746c2dc2763550f540e26b101e740
2022-02-06T20:28:49+00:00 NOTICE order_sumbit :: #18626 has a financial status of pending and was skipped.
2022-02-06T20:28:49+00:00 NOTICE abandoned_cart.success :: email: maryuri.inis@gmail.com :: checkout_url: https://naturalconexion.com/checkout/?mc_cart_id=0d3746c2dc2763550f540e26b101e740
2022-02-06T20:29:13+00:00 NOTICE action_scheduler.queue_job :: MailChimp_WooCommerce_Cart_Update queued :: obj_id 0d3746c2dc2763550f540e26b101e740
2022-02-06T20:29:44+00:00 NOTICE abandoned_cart.success :: email: maryuri.inis@gmail.com :: checkout_url: https://naturalconexion.com/checkout/?mc_cart_id=0d3746c2dc2763550f540e26b101e740
2022-02-06T20:30:38+00:00 NOTICE action_scheduler.queue_job :: MailChimp_WooCommerce_Cart_Update queued :: obj_id 0d3746c2dc2763550f540e26b101e740
2022-02-06T20:30:49+00:00 NOTICE abandoned_cart.success :: email: maryuri.inis@gmail.com :: checkout_url: https://naturalconexion.com/checkout/?mc_cart_id=0d3746c2dc2763550f540e26b101e740
2022-02-06T20:31:25+00:00 NOTICE action_scheduler.queue_job :: MailChimp_WooCommerce_Single_Order starts in 90 seconds :: obj_id 18627
2022-02-06T20:32:57+00:00 NOTICE order_sumbit :: #18627 has a financial status of pending and was skipped.
2022-02-06T20:35:35+00:00 NOTICE action_scheduler.queue_job :: MailChimp_WooCommerce_Single_Order starts in 90 seconds :: obj_id 18627
2022-02-06T20:35:37+00:00 NOTICE debug :: Order ID 18627 was pending and is now failed :: Array
(
    [new_order] => 
    [tracking] => 
)

2022-02-06T20:38:17+00:00 NOTICE system.debug :: order 18627 is in failed status, and is being skipped for now.
2022-02-06T21:22:55+00:00 NOTICE action_scheduler.queue_job :: MailChimp_WooCommerce_Cart_Update queued :: obj_id 3397f3d0c98b861e68032f3158799320
2022-02-06T21:23:21+00:00 NOTICE abandoned_cart.success :: email: dfdurangov@outlook.com :: checkout_url: https://naturalconexion.com/checkout/?mc_cart_id=3397f3d0c98b861e68032f3158799320
2022-02-06T21:23:23+00:00 NOTICE cart.member.updated :: Updated dfdurangov@outlook.com subscriber status to transactional and language to es
2022-02-06T21:23:39+00:00 NOTICE action_scheduler.queue_job :: MailChimp_WooCommerce_Single_Order starts in 90 seconds :: obj_id 18628
2022-02-06T21:25:55+00:00 NOTICE order_sumbit :: #18628 has a financial status of pending and was skipped.
2022-02-06T21:26:34+00:00 NOTICE action_scheduler.queue_job :: MailChimp_WooCommerce_Single_Order starts in 90 seconds :: obj_id 18628
2022-02-06T21:26:36+00:00 NOTICE debug :: Order ID 18628 was pending and is now failed :: Array
(
    [new_order] => 
    [tracking] => 
)

2022-02-06T21:27:45+00:00 NOTICE action_scheduler.queue_job :: MailChimp_WooCommerce_Cart_Update queued :: obj_id 3397f3d0c98b861e68032f3158799320
2022-02-06T21:27:47+00:00 NOTICE abandoned_cart.success :: email: dfdurangov@outlook.com :: checkout_url: https://naturalconexion.com/checkout/?mc_cart_id=3397f3d0c98b861e68032f3158799320
2022-02-06T21:27:52+00:00 NOTICE action_scheduler.queue_job :: MailChimp_WooCommerce_Cart_Update queued :: obj_id 3397f3d0c98b861e68032f3158799320
2022-02-06T21:28:22+00:00 NOTICE abandoned_cart.success :: email: dfdurangov@outlook.com :: checkout_url: https://naturalconexion.com/checkout/?mc_cart_id=3397f3d0c98b861e68032f3158799320
2022-02-06T21:28:24+00:00 NOTICE system.debug :: order 18628 is in failed status, and is being skipped for now.
2022-02-06T21:28:39+00:00 NOTICE action_scheduler.queue_job :: MailChimp_WooCommerce_Single_Order starts in 90 seconds :: obj_id 18629
2022-02-06T21:30:44+00:00 NOTICE debug :: Order ID 18629 was pending and is now processing :: Array
(
    [new_order] => 1
    [tracking] => Array
        (
            [campaign_id] => 
            [landing_site] => https://naturalconexion.com/wp-admin/admin-ajax.php
        )

)

2022-02-06T21:32:27+00:00 NOTICE order.member.updated :: Updated dfdurangov@outlook.com subscriber status to subscribed and language to es
2022-02-06T21:32:27+00:00 NOTICE order_submit.success :: addStoreOrder :: #18629 :: email: dfdurangov@outlook.com :: landing site https://naturalconexion.com/wp-admin/admin-ajax.php :: abandoned cart deleted [3397f3d0c98b861e68032f3158799320]
2022-02-06T22:15:32+00:00 NOTICE action_scheduler.queue_job :: MailChimp_WooCommerce_Single_Order starts in 90 seconds :: obj_id 18626
2022-02-06T22:15:33+00:00 NOTICE debug :: Order ID 18626 was pending and is now cancelled :: Array
(
    [new_order] => 
    [tracking] => 
)

2022-02-06T22:18:21+00:00 NOTICE order_sumbit :: #18626 has a financial status of cancelled and was skipped.
2022-02-06T23:18:18+00:00 NOTICE action_scheduler.queue_job :: MailChimp_WooCommerce_Cart_Update queued :: obj_id 5907cb642c5c76bca66f80eed64a7ba1
2022-02-06T23:18:46+00:00 NOTICE abandoned_cart.success :: email: tatyarangoa@gmail.com :: checkout_url: https://naturalconexion.com/checkout/?mc_cart_id=5907cb642c5c76bca66f80eed64a7ba1
2022-02-06T23:18:48+00:00 NOTICE cart.member.updated :: Updated tatyarangoa@gmail.com subscriber status to transactional and language to es
2022-02-06T23:19:59+00:00 NOTICE action_scheduler.queue_job :: MailChimp_WooCommerce_Single_Order starts in 90 seconds :: obj_id 18630
2022-02-06T23:21:49+00:00 NOTICE order_sumbit :: #18630 has a financial status of pending and was skipped.
2022-02-06T23:33:25+00:00 NOTICE action_scheduler.queue_job :: MailChimp_WooCommerce_Single_Order starts in 90 seconds :: obj_id 18630
2022-02-06T23:33:26+00:00 NOTICE debug :: Order ID 18630 was pending and is now failed :: Array
(
    [new_order] => 
    [tracking] => 
)

2022-02-06T23:35:03+00:00 NOTICE system.debug :: order 18630 is in failed status, and is being skipped for now.
