2022-06-14T00:37:05+00:00 NOTICE action_scheduler.queue_job :: MailChimp_WooCommerce_Cart_Update queued :: obj_id 672929f4007e486d3189723e719eb400
2022-06-14T00:37:54+00:00 NOTICE abandoned_cart.success :: email: angiebeltran258@gmail.com :: checkout_url: https://naturalconexion.com/checkout/?mc_cart_id=672929f4007e486d3189723e719eb400
2022-06-14T00:37:55+00:00 NOTICE cart.member.updated :: Updated angiebeltran258@gmail.com subscriber status to subscribed and language to es
2022-06-14T00:39:14+00:00 NOTICE action_scheduler.queue_job :: MailChimp_WooCommerce_Cart_Update queued :: obj_id 672929f4007e486d3189723e719eb400
2022-06-14T00:39:59+00:00 NOTICE abandoned_cart.success :: email: angiebeltran258@gmail.com :: checkout_url: https://naturalconexion.com/checkout/?mc_cart_id=672929f4007e486d3189723e719eb400
2022-06-14T00:40:10+00:00 NOTICE action_scheduler.queue_job :: MailChimp_WooCommerce_Cart_Update queued :: obj_id 672929f4007e486d3189723e719eb400
2022-06-14T00:40:36+00:00 NOTICE action_scheduler.queue_job :: MailChimp_WooCommerce_Single_Order starts in 90 seconds :: obj_id 20622
2022-06-14T00:40:39+00:00 NOTICE abandoned_cart.success :: email: angiebeltran258@gmail.com :: checkout_url: https://naturalconexion.com/checkout/?mc_cart_id=672929f4007e486d3189723e719eb400
2022-06-14T00:42:15+00:00 NOTICE order_sumbit :: #20622 has a financial status of pending and was skipped.
2022-06-14T00:42:29+00:00 NOTICE action_scheduler.queue_job :: MailChimp_WooCommerce_Single_Order starts in 90 seconds :: obj_id 20622
2022-06-14T00:42:31+00:00 NOTICE debug :: Order ID 20622 was pending and is now processing :: Array
(
    [new_order] => 1
    [tracking] => Array
        (
            [campaign_id] => 
            [landing_site] => https://naturalconexion.com/wp-content/plugins/woocommerce-payu-latam/confirmation.php
        )

)

2022-06-14T00:44:53+00:00 NOTICE order.member.updated :: Updated angiebeltran258@gmail.com subscriber status to subscribed and language to 
2022-06-14T00:44:53+00:00 NOTICE order_submit.success :: addStoreOrder :: #20622 :: email: angiebeltran258@gmail.com :: landing site https://naturalconexion.com/wp-content/plugins/woocommerce-payu-latam/confirmation.php :: abandoned cart deleted [672929f4007e486d3189723e719eb400]
2022-06-14T02:09:05+00:00 NOTICE action_scheduler.queue_job :: MailChimp_WooCommerce_Cart_Update queued :: obj_id f4eb59779f51233d4bd172c1a38e1aba
2022-06-14T02:09:07+00:00 NOTICE abandoned_cart.success :: email: y.gonzalas@gmail.com :: checkout_url: https://naturalconexion.com/checkout/?mc_cart_id=f4eb59779f51233d4bd172c1a38e1aba
2022-06-14T02:09:07+00:00 NOTICE cart.member.updated :: Updated y.gonzalas@gmail.com subscriber status to subscribed and language to es
2022-06-14T02:12:00+00:00 NOTICE action_scheduler.queue_job :: MailChimp_WooCommerce_Single_Order starts in 90 seconds :: obj_id 20623
2022-06-14T02:13:59+00:00 NOTICE order_sumbit :: #20623 has a financial status of pending and was skipped.
2022-06-14T02:14:53+00:00 NOTICE action_scheduler.queue_job :: MailChimp_WooCommerce_Single_Order starts in 90 seconds :: obj_id 20623
2022-06-14T02:14:55+00:00 NOTICE debug :: Order ID 20623 was pending and is now processing :: Array
(
    [new_order] => 1
    [tracking] => Array
        (
            [campaign_id] => 
            [landing_site] => https://naturalconexion.com/wp-content/plugins/woocommerce-payu-latam/confirmation.php
        )

)

2022-06-14T02:16:29+00:00 NOTICE order.member.updated :: Updated y.gonzalas@gmail.com subscriber status to subscribed and language to 
2022-06-14T02:16:29+00:00 NOTICE order_submit.success :: addStoreOrder :: #20623 :: email: y.gonzalas@gmail.com :: landing site https://naturalconexion.com/wp-content/plugins/woocommerce-payu-latam/confirmation.php :: abandoned cart deleted [f4eb59779f51233d4bd172c1a38e1aba]
2022-06-14T02:25:40+00:00 NOTICE action_scheduler.queue_job :: MailChimp_WooCommerce_Cart_Update queued :: obj_id 9afc07787d8a1a92f51e88e242fdd8a5
2022-06-14T02:26:28+00:00 NOTICE action_scheduler.queue_job :: MailChimp_WooCommerce_Single_Order starts in 90 seconds :: obj_id 20624
2022-06-14T02:26:35+00:00 NOTICE abandoned_cart.success :: email: oliva3gp@gmail.com :: checkout_url: https://naturalconexion.com/checkout/?mc_cart_id=9afc07787d8a1a92f51e88e242fdd8a5
2022-06-14T02:26:35+00:00 NOTICE cart.member.updated :: Updated oliva3gp@gmail.com subscriber status to subscribed and language to es
2022-06-14T02:28:46+00:00 NOTICE order_sumbit :: #20624 has a financial status of pending and was skipped.
2022-06-14T02:30:02+00:00 NOTICE action_scheduler.queue_job :: MailChimp_WooCommerce_Single_Order starts in 90 seconds :: obj_id 20624
2022-06-14T02:30:05+00:00 NOTICE debug :: Order ID 20624 was pending and is now processing :: Array
(
    [new_order] => 1
    [tracking] => Array
        (
            [campaign_id] => 
            [landing_site] => https://naturalconexion.com/wp-content/plugins/woocommerce-payu-latam/confirmation.php
        )

)

2022-06-14T02:31:34+00:00 NOTICE order.member.updated :: Updated oliva3gp@gmail.com subscriber status to subscribed and language to 
2022-06-14T02:31:34+00:00 NOTICE order_submit.success :: addStoreOrder :: #20624 :: email: oliva3gp@gmail.com :: landing site https://naturalconexion.com/wp-content/plugins/woocommerce-payu-latam/confirmation.php :: abandoned cart deleted [9afc07787d8a1a92f51e88e242fdd8a5]
2022-06-14T05:10:06+00:00 NOTICE action_scheduler.queue_job :: MailChimp_WooCommerce_SingleCoupon queued :: obj_id 20625
2022-06-14T05:11:24+00:00 NOTICE promo_code_submit.success :: #20625 :: code: ntzqv9pv
2022-06-14T05:33:54+00:00 NOTICE action_scheduler.queue_job :: MailChimp_WooCommerce_Single_Order starts in 90 seconds :: obj_id 20511
2022-06-14T05:33:54+00:00 NOTICE debug :: Order ID 20511 was cancelled and is now failed :: Array
(
    [new_order] => 
    [tracking] => 
)

2022-06-14T13:00:02+00:00 NOTICE action_scheduler.queue_job :: MailChimp_WooCommerce_Single_Order starts in 90 seconds :: obj_id 20570
2022-06-14T13:00:05+00:00 NOTICE debug :: Order ID 20570 was processing and is now completed :: Array
(
    [new_order] => 
    [tracking] => 
)

2022-06-14T13:00:05+00:00 NOTICE action_scheduler.queue_job :: MailChimp_WooCommerce_Single_Order starts in 90 seconds :: obj_id 20571
2022-06-14T13:00:07+00:00 NOTICE debug :: Order ID 20571 was processing and is now completed :: Array
(
    [new_order] => 
    [tracking] => 
)

2022-06-14T13:00:07+00:00 NOTICE action_scheduler.queue_job :: MailChimp_WooCommerce_Single_Order starts in 90 seconds :: obj_id 20572
2022-06-14T13:00:08+00:00 NOTICE debug :: Order ID 20572 was processing and is now completed :: Array
(
    [new_order] => 
    [tracking] => 
)

2022-06-14T13:00:08+00:00 NOTICE action_scheduler.queue_job :: MailChimp_WooCommerce_Single_Order starts in 90 seconds :: obj_id 20573
2022-06-14T13:00:10+00:00 NOTICE debug :: Order ID 20573 was processing and is now completed :: Array
(
    [new_order] => 
    [tracking] => 
)

2022-06-14T13:00:11+00:00 NOTICE action_scheduler.queue_job :: MailChimp_WooCommerce_Single_Order starts in 90 seconds :: obj_id 20574
2022-06-14T13:00:12+00:00 NOTICE debug :: Order ID 20574 was processing and is now completed :: Array
(
    [new_order] => 
    [tracking] => 
)

2022-06-14T13:00:12+00:00 NOTICE action_scheduler.queue_job :: MailChimp_WooCommerce_Single_Order starts in 90 seconds :: obj_id 20575
2022-06-14T13:00:14+00:00 NOTICE debug :: Order ID 20575 was processing and is now completed :: Array
(
    [new_order] => 
    [tracking] => 
)

2022-06-14T13:00:14+00:00 NOTICE action_scheduler.queue_job :: MailChimp_WooCommerce_Single_Order starts in 90 seconds :: obj_id 20577
2022-06-14T13:00:16+00:00 NOTICE debug :: Order ID 20577 was processing and is now completed :: Array
(
    [new_order] => 
    [tracking] => 
)

2022-06-14T13:00:16+00:00 NOTICE action_scheduler.queue_job :: MailChimp_WooCommerce_Single_Order starts in 90 seconds :: obj_id 20578
2022-06-14T13:00:18+00:00 NOTICE debug :: Order ID 20578 was processing and is now completed :: Array
(
    [new_order] => 
    [tracking] => 
)

2022-06-14T13:00:18+00:00 NOTICE action_scheduler.queue_job :: MailChimp_WooCommerce_Single_Order starts in 90 seconds :: obj_id 20579
2022-06-14T13:00:19+00:00 NOTICE debug :: Order ID 20579 was processing and is now completed :: Array
(
    [new_order] => 
    [tracking] => 
)

2022-06-14T13:00:19+00:00 NOTICE action_scheduler.queue_job :: MailChimp_WooCommerce_Single_Order starts in 90 seconds :: obj_id 20581
2022-06-14T13:00:22+00:00 NOTICE debug :: Order ID 20581 was processing and is now completed :: Array
(
    [new_order] => 
    [tracking] => 
)

2022-06-14T13:00:22+00:00 NOTICE action_scheduler.queue_job :: MailChimp_WooCommerce_Single_Order starts in 90 seconds :: obj_id 20584
2022-06-14T13:00:24+00:00 NOTICE debug :: Order ID 20584 was processing and is now completed :: Array
(
    [new_order] => 
    [tracking] => 
)

2022-06-14T13:00:24+00:00 NOTICE action_scheduler.queue_job :: MailChimp_WooCommerce_Single_Order starts in 90 seconds :: obj_id 20587
2022-06-14T13:00:26+00:00 NOTICE debug :: Order ID 20587 was processing and is now completed :: Array
(
    [new_order] => 
    [tracking] => 
)

2022-06-14T13:00:26+00:00 NOTICE action_scheduler.queue_job :: MailChimp_WooCommerce_Single_Order starts in 90 seconds :: obj_id 20588
2022-06-14T13:00:28+00:00 NOTICE debug :: Order ID 20588 was processing and is now completed :: Array
(
    [new_order] => 
    [tracking] => 
)

2022-06-14T13:00:29+00:00 NOTICE action_scheduler.queue_job :: MailChimp_WooCommerce_Single_Order starts in 90 seconds :: obj_id 20589
2022-06-14T13:00:30+00:00 NOTICE debug :: Order ID 20589 was processing and is now completed :: Array
(
    [new_order] => 
    [tracking] => 
)

2022-06-14T13:00:30+00:00 NOTICE action_scheduler.queue_job :: MailChimp_WooCommerce_Single_Order starts in 90 seconds :: obj_id 20593
2022-06-14T13:00:32+00:00 NOTICE debug :: Order ID 20593 was processing and is now completed :: Array
(
    [new_order] => 
    [tracking] => 
)

2022-06-14T13:02:04+00:00 NOTICE order.member.updated :: Updated vanefernandezs97@hotmail.com subscriber status to subscribed and language to 
2022-06-14T13:02:04+00:00 NOTICE order_submit.success :: updateStoreOrder :: #20570 :: email: vanefernandezs97@hotmail.com
2022-06-14T13:02:06+00:00 NOTICE order.member.updated :: Updated erienar29@gmail.com subscriber status to subscribed and language to 
2022-06-14T13:02:06+00:00 NOTICE order_submit.success :: updateStoreOrder :: #20571 :: email: erienar29@gmail.com
2022-06-14T13:02:08+00:00 NOTICE order.member.updated :: Updated namzugi@gmail.com subscriber status to subscribed and language to 
2022-06-14T13:02:08+00:00 NOTICE order_submit.success :: updateStoreOrder :: #20572 :: email: namzugi@gmail.com
2022-06-14T13:02:09+00:00 NOTICE order.member.updated :: Updated nathaliandrea_14@hotmail.com subscriber status to subscribed and language to 
2022-06-14T13:02:09+00:00 NOTICE order_submit.success :: updateStoreOrder :: #20573 :: email: nathaliandrea_14@hotmail.com
2022-06-14T13:02:11+00:00 NOTICE order.member.updated :: Updated soniadelpi22@gmail.com subscriber status to subscribed and language to 
2022-06-14T13:02:11+00:00 NOTICE order_submit.success :: updateStoreOrder :: #20574 :: email: soniadelpi22@gmail.com
2022-06-14T13:02:13+00:00 NOTICE order.member.updated :: Updated julyllalo@hotmail.com subscriber status to subscribed and language to 
2022-06-14T13:02:13+00:00 NOTICE order_submit.success :: updateStoreOrder :: #20575 :: email: julyllalo@hotmail.com
2022-06-14T13:02:14+00:00 NOTICE order.member.updated :: Updated angelicasopo7@gmail.com subscriber status to subscribed and language to 
2022-06-14T13:02:14+00:00 NOTICE order_submit.success :: updateStoreOrder :: #20577 :: email: angelicasopo7@gmail.com
2022-06-14T13:02:15+00:00 NOTICE order.member.updated :: Updated sandrawilches@gmail.com subscriber status to subscribed and language to 
2022-06-14T13:02:15+00:00 NOTICE order_submit.success :: updateStoreOrder :: #20578 :: email: sandrawilches@gmail.com
2022-06-14T13:02:17+00:00 NOTICE order.member.updated :: Updated danielagiraldo619@hotmail.com subscriber status to subscribed and language to 
2022-06-14T13:02:17+00:00 NOTICE order_submit.success :: updateStoreOrder :: #20579 :: email: danielagiraldo619@hotmail.com
2022-06-14T13:02:19+00:00 NOTICE order.member.updated :: Updated claupavipe70@gmail.com subscriber status to subscribed and language to 
2022-06-14T13:02:19+00:00 NOTICE order_submit.success :: updateStoreOrder :: #20581 :: email: claupavipe70@gmail.com
2022-06-14T13:02:20+00:00 NOTICE order.member.updated :: Updated laura.ramirezza@gmail.com subscriber status to subscribed and language to 
2022-06-14T13:02:20+00:00 NOTICE order_submit.success :: updateStoreOrder :: #20584 :: email: laura.ramirezza@gmail.com
2022-06-14T13:02:21+00:00 NOTICE order.member.updated :: Updated linita1266@gmail.com subscriber status to subscribed and language to 
2022-06-14T13:02:21+00:00 NOTICE order_submit.success :: updateStoreOrder :: #20587 :: email: linita1266@gmail.com
2022-06-14T13:02:23+00:00 NOTICE order.member.updated :: Updated Johacj@hotmail.com subscriber status to subscribed and language to 
2022-06-14T13:02:23+00:00 NOTICE order_submit.success :: updateStoreOrder :: #20588 :: email: Johacj@hotmail.com
2022-06-14T13:02:25+00:00 NOTICE order.member.updated :: Updated apereiram2@gmail.com subscriber status to subscribed and language to 
2022-06-14T13:02:25+00:00 NOTICE order_submit.success :: updateStoreOrder :: #20589 :: email: apereiram2@gmail.com
2022-06-14T13:02:26+00:00 NOTICE order.member.updated :: Updated namesa@gmail.com subscriber status to subscribed and language to 
2022-06-14T13:02:26+00:00 NOTICE order_submit.success :: updateStoreOrder :: #20593 :: email: namesa@gmail.com
2022-06-14T13:06:18+00:00 NOTICE action_scheduler.queue_job :: MailChimp_WooCommerce_Cart_Update queued :: obj_id b247ce5e3f4257d1efbfbd869e8ce900
2022-06-14T13:06:53+00:00 NOTICE abandoned_cart.success :: email: psalgado80@msn.com :: checkout_url: https://naturalconexion.com/checkout/?mc_cart_id=b247ce5e3f4257d1efbfbd869e8ce900
2022-06-14T13:06:53+00:00 NOTICE cart.member.updated :: Updated psalgado80@msn.com subscriber status to transactional and language to es
2022-06-14T13:29:14+00:00 NOTICE action_scheduler.queue_job :: MailChimp_WooCommerce_Cart_Update queued :: obj_id d4be772d5bd839a2836fee293181eebf
2022-06-14T13:29:20+00:00 NOTICE abandoned_cart.success :: email: silvia.chacon@grace.com :: checkout_url: https://naturalconexion.com/checkout/?mc_cart_id=d4be772d5bd839a2836fee293181eebf
2022-06-14T13:29:21+00:00 NOTICE cart.member.updated :: Updated silvia.chacon@grace.com subscriber status to transactional and language to es
2022-06-14T13:29:37+00:00 NOTICE action_scheduler.queue_job :: MailChimp_WooCommerce_Cart_Update queued :: obj_id d4be772d5bd839a2836fee293181eebf
2022-06-14T13:29:39+00:00 NOTICE action_scheduler.queue_job :: MailChimp_WooCommerce_Cart_Update queued :: obj_id e0ae195881f4480f8b89929b6e8d8558
2022-06-14T13:30:17+00:00 NOTICE abandoned_cart.success :: email: silvia.chacon@grace.com :: checkout_url: https://naturalconexion.com/checkout/?mc_cart_id=d4be772d5bd839a2836fee293181eebf
2022-06-14T13:30:23+00:00 NOTICE action_scheduler.queue_job :: MailChimp_WooCommerce_Single_Order starts in 90 seconds :: obj_id 20627
2022-06-14T13:30:24+00:00 NOTICE abandoned_cart.success :: email: silviaj.chaconr@gmail.com :: checkout_url: https://naturalconexion.com/checkout/?mc_cart_id=e0ae195881f4480f8b89929b6e8d8558
2022-06-14T13:30:25+00:00 NOTICE cart.member.updated :: Updated silviaj.chaconr@gmail.com subscriber status to transactional and language to es
2022-06-14T13:32:18+00:00 NOTICE order_sumbit :: #20627 has a financial status of pending and was skipped.
2022-06-14T13:33:02+00:00 NOTICE action_scheduler.queue_job :: MailChimp_WooCommerce_User_Submit queued :: obj_id 1
2022-06-14T13:33:02+00:00 NOTICE action_scheduler.queue_job :: MailChimp_WooCommerce_Single_Order starts in 90 seconds :: obj_id 20628
2022-06-14T13:33:04+00:00 NOTICE api :: hola@naturalconexion.com was in compliance state, sending the double opt in message
2022-06-14T13:33:04+00:00 NOTICE member.sync :: Updated Member hola@naturalconexion.com :: Array
(
    [previous_status] => cleaned
    [status] => 1
    [merge_fields] => Array
        (
            [FNAME] => Natural Conexion
            [LNAME] => CONEXION
        )

)

2022-06-14T13:35:02+00:00 NOTICE action_scheduler.queue_job :: MailChimp_WooCommerce_Single_Order starts in 90 seconds :: obj_id 20627
2022-06-14T13:35:04+00:00 NOTICE order_sumbit :: #20628 has a financial status of pending and was skipped.
2022-06-14T13:35:04+00:00 NOTICE debug :: Order ID 20627 was pending and is now processing :: Array
(
    [new_order] => 1
    [tracking] => Array
        (
            [campaign_id] => 
            [landing_site] => https://naturalconexion.com/wp-content/plugins/woocommerce-payu-latam/confirmation.php
        )

)

2022-06-14T13:37:05+00:00 NOTICE order.member.updated :: Updated silvia.chacon@grace.com subscriber status to transactional and language to 
2022-06-14T13:37:05+00:00 NOTICE order_submit.success :: addStoreOrder :: #20627 :: email: silvia.chacon@grace.com :: landing site https://naturalconexion.com/wp-content/plugins/woocommerce-payu-latam/confirmation.php :: abandoned cart deleted [d4be772d5bd839a2836fee293181eebf]
2022-06-14T13:42:13+00:00 NOTICE action_scheduler.queue_job :: MailChimp_WooCommerce_Single_Order starts in 90 seconds :: obj_id 20618
2022-06-14T13:42:16+00:00 NOTICE debug :: Order ID 20618 was processing and is now completed :: Array
(
    [new_order] => 
    [tracking] => 
)

2022-06-14T13:42:16+00:00 NOTICE action_scheduler.queue_job :: MailChimp_WooCommerce_Single_Order starts in 90 seconds :: obj_id 20620
2022-06-14T13:42:17+00:00 NOTICE debug :: Order ID 20620 was processing and is now completed :: Array
(
    [new_order] => 
    [tracking] => 
)

2022-06-14T13:42:18+00:00 NOTICE action_scheduler.queue_job :: MailChimp_WooCommerce_Single_Order starts in 90 seconds :: obj_id 20622
2022-06-14T13:42:19+00:00 NOTICE debug :: Order ID 20622 was processing and is now completed :: Array
(
    [new_order] => 
    [tracking] => 
)

2022-06-14T13:42:20+00:00 NOTICE action_scheduler.queue_job :: MailChimp_WooCommerce_Single_Order starts in 90 seconds :: obj_id 20623
2022-06-14T13:42:25+00:00 NOTICE debug :: Order ID 20623 was processing and is now completed :: Array
(
    [new_order] => 
    [tracking] => 
)

2022-06-14T13:42:25+00:00 NOTICE action_scheduler.queue_job :: MailChimp_WooCommerce_Single_Order starts in 90 seconds :: obj_id 20624
2022-06-14T13:42:28+00:00 NOTICE debug :: Order ID 20624 was processing and is now completed :: Array
(
    [new_order] => 
    [tracking] => 
)

2022-06-14T13:44:07+00:00 NOTICE order.member.updated :: Updated danielasuescun@yahoo.com subscriber status to subscribed and language to 
2022-06-14T13:44:07+00:00 NOTICE order_submit.success :: updateStoreOrder :: #20618 :: email: danielasuescun@yahoo.com
2022-06-14T13:44:09+00:00 NOTICE order.member.updated :: Updated estefan80ortiz@gmail.com subscriber status to subscribed and language to 
2022-06-14T13:44:09+00:00 NOTICE order_submit.success :: updateStoreOrder :: #20620 :: email: estefan80ortiz@gmail.com
2022-06-14T13:44:11+00:00 NOTICE order.member.updated :: Updated angiebeltran258@gmail.com subscriber status to subscribed and language to 
2022-06-14T13:44:11+00:00 NOTICE order_submit.success :: updateStoreOrder :: #20622 :: email: angiebeltran258@gmail.com
2022-06-14T13:44:14+00:00 NOTICE order.member.updated :: Updated y.gonzalas@gmail.com subscriber status to subscribed and language to 
2022-06-14T13:44:14+00:00 NOTICE order_submit.success :: updateStoreOrder :: #20623 :: email: y.gonzalas@gmail.com
2022-06-14T13:44:17+00:00 NOTICE order.member.updated :: Updated oliva3gp@gmail.com subscriber status to subscribed and language to 
2022-06-14T13:44:17+00:00 NOTICE order_submit.success :: updateStoreOrder :: #20624 :: email: oliva3gp@gmail.com
2022-06-14T13:44:50+00:00 NOTICE debug :: Order ID 20628 was pending and is now cancelled :: Array
(
    [new_order] => 
    [tracking] => 
)

2022-06-14T13:44:50+00:00 NOTICE action_scheduler.queue_job :: MailChimp_WooCommerce_Single_Order starts in 90 seconds :: obj_id 20628
2022-06-14T13:46:45+00:00 NOTICE order_sumbit :: #20628 has a financial status of cancelled and was skipped.
2022-06-14T15:29:50+00:00 NOTICE action_scheduler.queue_job :: MailChimp_WooCommerce_Single_Product starts in 5 seconds :: obj_id 7597
2022-06-14T15:30:08+00:00 NOTICE product_submit.success :: updateStoreProduct :: #7597
2022-06-14T15:30:09+00:00 NOTICE action_scheduler.queue_job :: MailChimp_WooCommerce_Single_Product starts in 5 seconds :: obj_id 7684
2022-06-14T15:30:29+00:00 NOTICE action_scheduler.queue_job :: MailChimp_WooCommerce_Single_Product starts in 5 seconds :: obj_id 20085
2022-06-14T15:32:50+00:00 NOTICE product_submit.success :: updateStoreProduct :: #7684
2022-06-14T15:32:50+00:00 NOTICE product_submit.success :: updateStoreProduct :: #20085
2022-06-14T16:00:49+00:00 NOTICE action_scheduler.queue_job :: MailChimp_WooCommerce_Cart_Update queued :: obj_id 34882d6d8faf9742ab4a103fa2c6fd9f
2022-06-14T16:00:53+00:00 NOTICE action_scheduler.queue_job :: MailChimp_WooCommerce_Single_Order starts in 90 seconds :: obj_id 20629
2022-06-14T16:01:22+00:00 NOTICE abandoned_cart.success :: email: letagilo@hotmail.com :: checkout_url: https://naturalconexion.com/checkout/?mc_cart_id=34882d6d8faf9742ab4a103fa2c6fd9f
2022-06-14T16:01:22+00:00 NOTICE cart.member.updated :: Updated letagilo@hotmail.com subscriber status to subscribed and language to es
2022-06-14T16:02:29+00:00 NOTICE order_sumbit :: #20629 has a financial status of pending and was skipped.
2022-06-14T16:05:20+00:00 NOTICE action_scheduler.queue_job :: MailChimp_WooCommerce_Single_Order starts in 90 seconds :: obj_id 20629
2022-06-14T16:05:23+00:00 NOTICE debug :: Order ID 20629 was pending and is now processing :: Array
(
    [new_order] => 1
    [tracking] => Array
        (
            [campaign_id] => 
            [landing_site] => https://naturalconexion.com/wp-content/plugins/woocommerce-payu-latam/confirmation.php
        )

)

2022-06-14T16:06:47+00:00 NOTICE action_scheduler.queue_job :: MailChimp_WooCommerce_Single_Order starts in 90 seconds :: obj_id 20630
2022-06-14T16:06:47+00:00 NOTICE action_scheduler.queue_job :: MailChimp_WooCommerce_Cart_Update queued :: obj_id 84eff3f99cbbcc81f7c3c7030db34ea3
2022-06-14T16:06:50+00:00 NOTICE abandoned_cart.success :: email: lalamartinezpas@gmail.com :: checkout_url: https://naturalconexion.com/checkout/?mc_cart_id=84eff3f99cbbcc81f7c3c7030db34ea3
2022-06-14T16:06:51+00:00 NOTICE cart.member.updated :: Updated lalamartinezpas@gmail.com subscriber status to subscribed and language to es
2022-06-14T16:06:53+00:00 NOTICE order.member.updated :: Updated letagilo@hotmail.com subscriber status to subscribed and language to 
2022-06-14T16:06:53+00:00 NOTICE order_submit.success :: addStoreOrder :: #20629 :: email: letagilo@hotmail.com :: landing site https://naturalconexion.com/wp-content/plugins/woocommerce-payu-latam/confirmation.php :: abandoned cart deleted [34882d6d8faf9742ab4a103fa2c6fd9f]
2022-06-14T16:08:49+00:00 NOTICE order_sumbit :: #20630 has a financial status of pending and was skipped.
2022-06-14T16:10:16+00:00 NOTICE action_scheduler.queue_job :: MailChimp_WooCommerce_Single_Order starts in 90 seconds :: obj_id 20630
2022-06-14T16:10:19+00:00 NOTICE debug :: Order ID 20630 was pending and is now processing :: Array
(
    [new_order] => 1
    [tracking] => Array
        (
            [campaign_id] => 
            [landing_site] => https://naturalconexion.com/wp-content/plugins/woocommerce-payu-latam/confirmation.php
        )

)

2022-06-14T16:11:54+00:00 NOTICE order.member.updated :: Updated lalamartinezpas@gmail.com subscriber status to subscribed and language to 
2022-06-14T16:11:54+00:00 NOTICE order_submit.success :: addStoreOrder :: #20630 :: email: lalamartinezpas@gmail.com :: landing site https://naturalconexion.com/wp-content/plugins/woocommerce-payu-latam/confirmation.php :: abandoned cart deleted [84eff3f99cbbcc81f7c3c7030db34ea3]
2022-06-14T17:16:03+00:00 NOTICE action_scheduler.queue_job :: MailChimp_WooCommerce_Cart_Update queued :: obj_id b247ce5e3f4257d1efbfbd869e8ce900
2022-06-14T17:16:21+00:00 NOTICE abandoned_cart.success :: email: psalgado80@msn.com :: checkout_url: https://naturalconexion.com/checkout/?mc_cart_id=b247ce5e3f4257d1efbfbd869e8ce900
2022-06-14T17:16:21+00:00 NOTICE cart.member.updated :: Updated psalgado80@msn.com subscriber status to transactional and language to es
2022-06-14T17:17:25+00:00 NOTICE action_scheduler.queue_job :: MailChimp_WooCommerce_Cart_Update queued :: obj_id b247ce5e3f4257d1efbfbd869e8ce900
2022-06-14T17:26:42+00:00 NOTICE abandoned_cart.success :: email: psalgado80@msn.com :: checkout_url: https://naturalconexion.com/checkout/?mc_cart_id=b247ce5e3f4257d1efbfbd869e8ce900
2022-06-14T17:46:09+00:00 NOTICE debug :: Order ID 20569 was processing and is now completed :: Array
(
    [new_order] => 
    [tracking] => 
)

2022-06-14T17:46:09+00:00 NOTICE action_scheduler.queue_job :: MailChimp_WooCommerce_Single_Order starts in 90 seconds :: obj_id 20569
2022-06-14T17:48:37+00:00 NOTICE order.member.updated :: Updated hellen.riverap@gmail.com subscriber status to subscribed and language to 
2022-06-14T17:48:37+00:00 NOTICE order_submit.success :: updateStoreOrder :: #20569 :: email: hellen.riverap@gmail.com
2022-06-14T18:19:34+00:00 NOTICE action_scheduler.queue_job :: MailChimp_WooCommerce_SingleCoupon queued :: obj_id 20636
2022-06-14T18:19:40+00:00 NOTICE promo_code_submit.success :: #20636 :: code: 4qrhj5z0
2022-06-14T18:56:49+00:00 NOTICE action_scheduler.queue_job :: MailChimp_WooCommerce_Cart_Update queued :: obj_id 14b68c353dfadabe625c8122cc1088cf
2022-06-14T18:57:29+00:00 NOTICE abandoned_cart.success :: email: carohenao0823@gmail.com :: checkout_url: https://naturalconexion.com/checkout/?mc_cart_id=14b68c353dfadabe625c8122cc1088cf
2022-06-14T18:57:29+00:00 NOTICE cart.member.updated :: Updated carohenao0823@gmail.com subscriber status to transactional and language to es
2022-06-14T19:07:08+00:00 NOTICE action_scheduler.queue_job :: MailChimp_WooCommerce_Single_Order starts in 90 seconds :: obj_id 20637
2022-06-14T19:09:04+00:00 NOTICE order_sumbit :: #20637 has a financial status of pending and was skipped.
2022-06-14T19:48:57+00:00 NOTICE action_scheduler.queue_job :: MailChimp_WooCommerce_Cart_Update queued :: obj_id fe6b985288c8fe9526d0d87a092f657c
2022-06-14T19:49:32+00:00 NOTICE abandoned_cart.success :: email: caroposadaosorio20@gmail.com :: checkout_url: https://naturalconexion.com/checkout/?mc_cart_id=fe6b985288c8fe9526d0d87a092f657c
2022-06-14T19:49:33+00:00 NOTICE cart.member.updated :: Updated caroposadaosorio20@gmail.com subscriber status to subscribed and language to es
2022-06-14T19:52:11+00:00 NOTICE action_scheduler.queue_job :: MailChimp_WooCommerce_Cart_Update queued :: obj_id fe6b985288c8fe9526d0d87a092f657c
2022-06-14T19:52:48+00:00 NOTICE abandoned_cart.success :: email: caroposadaosorio20@gmail.com :: checkout_url: https://naturalconexion.com/checkout/?mc_cart_id=fe6b985288c8fe9526d0d87a092f657c
2022-06-14T19:53:12+00:00 NOTICE action_scheduler.queue_job :: MailChimp_WooCommerce_Single_Order starts in 90 seconds :: obj_id 20638
2022-06-14T19:54:46+00:00 NOTICE debug :: Order ID 20638 was pending and is now processing :: Array
(
    [new_order] => 1
    [tracking] => Array
        (
            [campaign_id] => 
            [landing_site] => https://naturalconexion.com/?wc-api=wc_addi_gateway
        )

)

2022-06-14T19:57:44+00:00 NOTICE order.member.updated :: Updated caroposadaosorio20@gmail.com subscriber status to subscribed and language to es
2022-06-14T19:57:44+00:00 NOTICE order_submit.success :: addStoreOrder :: #20638 :: email: caroposadaosorio20@gmail.com :: landing site https://naturalconexion.com/tienda/ :: abandoned cart deleted [fe6b985288c8fe9526d0d87a092f657c]
2022-06-14T20:11:58+00:00 NOTICE action_scheduler.queue_job :: MailChimp_WooCommerce_Single_Order starts in 90 seconds :: obj_id 20637
2022-06-14T20:12:01+00:00 NOTICE debug :: Order ID 20637 was pending and is now processing :: Array
(
    [new_order] => 1
    [tracking] => Array
        (
            [campaign_id] => 
            [landing_site] => https://naturalconexion.com/wp-content/plugins/woocommerce-payu-latam/confirmation.php
        )

)

2022-06-14T20:14:55+00:00 NOTICE order.member.updated :: Updated kren93hh@gmail.com subscriber status to subscribed and language to 
2022-06-14T20:14:55+00:00 NOTICE order_submit.success :: addStoreOrder :: #20637 :: email: kren93hh@gmail.com :: landing site https://naturalconexion.com/wp-content/plugins/woocommerce-payu-latam/confirmation.php
2022-06-14T20:51:42+00:00 NOTICE action_scheduler.queue_job :: MailChimp_WooCommerce_Single_Order starts in 90 seconds :: obj_id 20639
2022-06-14T20:53:16+00:00 NOTICE order_sumbit :: #20639 has a financial status of pending and was skipped.
2022-06-14T20:57:35+00:00 NOTICE action_scheduler.queue_job :: MailChimp_WooCommerce_Single_Order starts in 90 seconds :: obj_id 20639
2022-06-14T20:57:38+00:00 NOTICE debug :: Order ID 20639 was pending and is now processing :: Array
(
    [new_order] => 1
    [tracking] => Array
        (
            [campaign_id] => 
            [landing_site] => https://naturalconexion.com/wp-content/plugins/woocommerce-payu-latam/confirmation.php
        )

)

2022-06-14T20:59:19+00:00 NOTICE order.member.updated :: Updated leonilarincon@hotmail.com subscriber status to subscribed and language to 
2022-06-14T20:59:19+00:00 NOTICE order_submit.success :: addStoreOrder :: #20639 :: email: leonilarincon@hotmail.com :: landing site https://naturalconexion.com/wp-content/plugins/woocommerce-payu-latam/confirmation.php
2022-06-14T21:10:12+00:00 NOTICE action_scheduler.queue_job :: MailChimp_WooCommerce_SingleCoupon queued :: obj_id 20640
2022-06-14T21:10:31+00:00 NOTICE promo_code_submit.success :: #20640 :: code: 7a3swvex
2022-06-14T22:30:52+00:00 NOTICE action_scheduler.queue_job :: MailChimp_WooCommerce_Cart_Update queued :: obj_id b247ce5e3f4257d1efbfbd869e8ce900
2022-06-14T22:31:22+00:00 NOTICE abandoned_cart.success :: email: psalgado80@msn.com :: checkout_url: https://naturalconexion.com/checkout/?mc_cart_id=b247ce5e3f4257d1efbfbd869e8ce900
2022-06-14T22:31:22+00:00 NOTICE cart.member.updated :: Updated psalgado80@msn.com subscriber status to transactional and language to es
2022-06-14T22:35:51+00:00 NOTICE action_scheduler.queue_job :: MailChimp_WooCommerce_Single_Order starts in 90 seconds :: obj_id 20641
2022-06-14T22:38:29+00:00 NOTICE order_sumbit :: #20641 has a financial status of pending and was skipped.
2022-06-14T22:51:36+00:00 NOTICE action_scheduler.queue_job :: MailChimp_WooCommerce_Single_Order starts in 90 seconds :: obj_id 20641
2022-06-14T22:51:38+00:00 NOTICE debug :: Order ID 20641 was pending and is now processing :: Array
(
    [new_order] => 1
    [tracking] => Array
        (
            [campaign_id] => 
            [landing_site] => https://naturalconexion.com/wp-content/plugins/woocommerce-payu-latam/confirmation.php
        )

)

2022-06-14T22:54:22+00:00 NOTICE order.member.updated :: Updated psalgado80@msn.com subscriber status to subscribed and language to 
2022-06-14T22:54:22+00:00 NOTICE order_submit.success :: addStoreOrder :: #20641 :: email: psalgado80@msn.com :: landing site https://naturalconexion.com/wp-content/plugins/woocommerce-payu-latam/confirmation.php :: abandoned cart deleted [b247ce5e3f4257d1efbfbd869e8ce900]
