2023-07-15T00:15:00+00:00 NOTICE action_scheduler.queue_job :: MailChimp_WooCommerce_Cart_Update queued :: obj_id 1028d8822695622f29b5b7750dfbdbc3
2023-07-15T00:15:17+00:00 NOTICE abandoned_cart.success :: email: julianamunera@outlook.com :: checkout_url: https://naturalconexion.com/checkout/?mc_cart_id=1028d8822695622f29b5b7750dfbdbc3
2023-07-15T00:15:17+00:00 NOTICE cart.member.updated :: Updated julianamunera@outlook.com subscriber status to subscribed and language to es
2023-07-15T00:20:04+00:00 NOTICE action_scheduler.queue_job :: MailChimp_WooCommerce_Single_Order starts in 90 seconds :: obj_id 25052
2023-07-15T00:21:40+00:00 NOTICE debug :: Order ID 25052 was pending and is now processing :: Array
(
    [new_order] => 1
    [tracking] => Array
        (
            [campaign_id] => 
            [landing_site] => https://naturalconexion.com/wp-content/plugins/woocommerce-payu-latam/confirmation.php
        )

)

2023-07-15T00:23:32+00:00 NOTICE order.member.updated :: Updated julianamunera@outlook.com subscriber status to subscribed and language to es
2023-07-15T00:23:32+00:00 NOTICE order_submit.success :: addStoreOrder :: #25052 :: email: julianamunera@outlook.com :: landing site https://naturalconexion.com/tienda/?gclid=EAIaIQobChMI-a_XsbGPgAMVBJ9aBR1IJQw_EAAYASAAEgLlv_D_BwE :: abandoned cart deleted [1028d8822695622f29b5b7750dfbdbc3]
2023-07-15T02:47:04+00:00 NOTICE action_scheduler.queue_job :: MailChimp_WooCommerce_Cart_Update queued :: obj_id e50f5bc7d12440856c429c804b597f01
2023-07-15T02:48:00+00:00 NOTICE action_scheduler.queue_job :: MailChimp_WooCommerce_Single_Order starts in 90 seconds :: obj_id 25053
2023-07-15T02:48:01+00:00 NOTICE abandoned_cart.success :: email: caromon20@yahoo.es :: checkout_url: https://naturalconexion.com/checkout/?mc_cart_id=e50f5bc7d12440856c429c804b597f01
2023-07-15T02:48:01+00:00 NOTICE cart.member.updated :: Updated caromon20@yahoo.es subscriber status to transactional and language to es
2023-07-15T02:49:56+00:00 NOTICE order_submit :: #25053 has a financial status of pending and was skipped.
2023-07-15T02:56:14+00:00 NOTICE action_scheduler.queue_job :: MailChimp_WooCommerce_Single_Order starts in 90 seconds :: obj_id 25053
2023-07-15T02:56:16+00:00 NOTICE debug :: Order ID 25053 was pending and is now processing :: Array
(
    [new_order] => 1
    [tracking] => Array
        (
            [campaign_id] => 
            [landing_site] => https://naturalconexion.com/wp-content/plugins/woocommerce-payu-latam/confirmation.php
        )

)

2023-07-15T02:57:56+00:00 NOTICE order.member.updated :: Updated Caromon20@yahoo.es subscriber status to transactional and language to 
2023-07-15T02:57:56+00:00 NOTICE order_submit.success :: addStoreOrder :: #25053 :: email: Caromon20@yahoo.es :: landing site https://naturalconexion.com/wp-content/plugins/woocommerce-payu-latam/confirmation.php :: abandoned cart deleted [e50f5bc7d12440856c429c804b597f01]
2023-07-15T03:34:31+00:00 NOTICE action_scheduler.queue_job :: MailChimp_WooCommerce_Cart_Update queued :: obj_id 173560642153c6363edf4290ae88b646
2023-07-15T03:35:10+00:00 NOTICE abandoned_cart.success :: email: afrutafresca.contacto@gmail.com :: checkout_url: https://naturalconexion.com/checkout/?mc_cart_id=173560642153c6363edf4290ae88b646
2023-07-15T03:35:10+00:00 NOTICE cart.member.updated :: Updated afrutafresca.contacto@gmail.com subscriber status to transactional and language to es
2023-07-15T03:36:19+00:00 NOTICE action_scheduler.queue_job :: MailChimp_WooCommerce_Single_Order starts in 90 seconds :: obj_id 25054
2023-07-15T03:37:49+00:00 NOTICE order_submit :: #25054 has a financial status of pending and was skipped.
2023-07-15T04:30:34+00:00 NOTICE action_scheduler.queue_job :: MailChimp_WooCommerce_Cart_Update queued :: obj_id 656ac67b1d3365beeb61f1274930015a
2023-07-15T04:30:35+00:00 NOTICE abandoned_cart.success :: email: estebanr.24@hotmail.com :: checkout_url: https://naturalconexion.com/checkout/?mc_cart_id=656ac67b1d3365beeb61f1274930015a
2023-07-15T04:30:35+00:00 NOTICE cart.member.updated :: Updated estebanr.24@hotmail.com subscriber status to subscribed and language to es
2023-07-15T04:30:58+00:00 NOTICE action_scheduler.queue_job :: MailChimp_WooCommerce_Single_Order starts in 90 seconds :: obj_id 25055
2023-07-15T04:32:58+00:00 NOTICE order_submit :: #25055 has a financial status of pending and was skipped.
2023-07-15T04:33:12+00:00 NOTICE action_scheduler.queue_job :: MailChimp_WooCommerce_Single_Order starts in 90 seconds :: obj_id 25055
2023-07-15T04:33:15+00:00 NOTICE debug :: Order ID 25055 was pending and is now processing :: Array
(
    [new_order] => 1
    [tracking] => Array
        (
            [campaign_id] => 
            [landing_site] => https://naturalconexion.com/wp-content/plugins/woocommerce-payu-latam/confirmation.php
        )

)

2023-07-15T04:36:41+00:00 NOTICE order.member.updated :: Updated estebanr.24@hotmail.com subscriber status to subscribed and language to 
2023-07-15T04:36:41+00:00 NOTICE order_submit.success :: addStoreOrder :: #25055 :: email: estebanr.24@hotmail.com :: landing site https://naturalconexion.com/wp-content/plugins/woocommerce-payu-latam/confirmation.php :: abandoned cart deleted [656ac67b1d3365beeb61f1274930015a]
2023-07-15T05:05:09+00:00 NOTICE action_scheduler.queue_job :: MailChimp_WooCommerce_Single_Order starts in 90 seconds :: obj_id 25054
2023-07-15T05:05:09+00:00 NOTICE debug :: Order ID 25054 was pending and is now cancelled :: Array
(
    [new_order] => 
    [tracking] => 
)

2023-07-15T05:07:26+00:00 NOTICE order_submit :: #25054 has a financial status of cancelled and was skipped.
2023-07-15T11:08:12+00:00 NOTICE action_scheduler.queue_job :: MailChimp_WooCommerce_Cart_Update queued :: obj_id f76f65dc622e7963fc95f4a87896b06e
2023-07-15T11:08:12+00:00 NOTICE action_scheduler.queue_job :: MailChimp_WooCommerce_Single_Order starts in 90 seconds :: obj_id 25056
2023-07-15T11:08:15+00:00 NOTICE abandoned_cart.success :: email: sarazpt@gmail.com :: checkout_url: https://naturalconexion.com/checkout/?mc_cart_id=f76f65dc622e7963fc95f4a87896b06e
2023-07-15T11:08:15+00:00 NOTICE cart.member.updated :: Updated sarazpt@gmail.com subscriber status to subscribed and language to es
2023-07-15T11:10:41+00:00 NOTICE debug :: Order ID 25056 was pending and is now processing :: Array
(
    [new_order] => 1
    [tracking] => Array
        (
            [campaign_id] => 
            [landing_site] => https://naturalconexion.com/wp-content/plugins/woocommerce-payu-latam/confirmation.php
        )

)

2023-07-15T11:12:10+00:00 NOTICE order.member.updated :: Updated Sarazpt@gmail.com subscriber status to subscribed and language to es
2023-07-15T11:12:10+00:00 NOTICE order_submit.success :: addStoreOrder :: #25056 :: email: Sarazpt@gmail.com :: landing site https://naturalconexion.com/product/desodorante-dama/?utm_source=IGShopping&utm_medium=Social :: abandoned cart deleted [f76f65dc622e7963fc95f4a87896b06e]
2023-07-15T12:09:48+00:00 NOTICE action_scheduler.queue_job :: MailChimp_WooCommerce_Cart_Update queued :: obj_id a1c315af234c9a865e13783e14267737
2023-07-15T12:09:50+00:00 NOTICE abandoned_cart.success :: email: daniela050@hotmail.com :: checkout_url: https://naturalconexion.com/checkout/?mc_cart_id=a1c315af234c9a865e13783e14267737
2023-07-15T12:09:51+00:00 NOTICE cart.member.updated :: Updated daniela050@hotmail.com subscriber status to transactional and language to es
2023-07-15T12:10:08+00:00 NOTICE action_scheduler.queue_job :: MailChimp_WooCommerce_Single_Order starts in 90 seconds :: obj_id 25057
2023-07-15T12:11:09+00:00 NOTICE debug :: Order ID 25057 was pending and is now processing :: Array
(
    [new_order] => 1
    [tracking] => Array
        (
            [campaign_id] => 
            [landing_site] => https://naturalconexion.com/?wc-api=wc_addi_gateway
        )

)

2023-07-15T12:12:52+00:00 NOTICE order.member.updated :: Updated daniela050@hotmail.com subscriber status to transactional and language to es
2023-07-15T12:12:52+00:00 NOTICE order_submit.success :: addStoreOrder :: #25057 :: email: daniela050@hotmail.com :: landing site https://naturalconexion.com/ :: abandoned cart deleted [a1c315af234c9a865e13783e14267737]
2023-07-15T14:44:06+00:00 NOTICE action_scheduler.queue_job :: MailChimp_WooCommerce_User_Submit queued :: obj_id 2558
2023-07-15T14:45:05+00:00 NOTICE member.sync :: Subscribed Member lhrunli@yandex.com :: Array
(
    [status_if_new] => 1
    [merge_fields] => Array
        (
        )

)

2023-07-15T15:42:08+00:00 NOTICE action_scheduler.queue_job :: MailChimp_WooCommerce_Single_Order starts in 90 seconds :: obj_id 25058
2023-07-15T15:44:59+00:00 NOTICE debug :: Order ID 25058 was pending and is now failed :: Array
(
    [new_order] => 
    [tracking] => 
)

2023-07-15T16:12:24+00:00 NOTICE action_scheduler.queue_job :: MailChimp_WooCommerce_Cart_Update queued :: obj_id fa7ccdfee0b262752ee3c81ddbabbbd5
2023-07-15T16:12:54+00:00 NOTICE action_scheduler.queue_job :: MailChimp_WooCommerce_Single_Order starts in 90 seconds :: obj_id 25059
2023-07-15T16:12:55+00:00 NOTICE abandoned_cart.success :: email: andreagabisalazar@hotmail.com :: checkout_url: https://naturalconexion.com/checkout/?mc_cart_id=fa7ccdfee0b262752ee3c81ddbabbbd5
2023-07-15T16:12:55+00:00 NOTICE cart.member.updated :: Updated andreagabisalazar@hotmail.com subscriber status to transactional and language to es
2023-07-15T16:12:57+00:00 NOTICE debug :: Order ID 25059 was pending and is now processing :: Array
(
    [new_order] => 1
    [tracking] => Array
        (
            [campaign_id] => 
            [landing_site] => https://naturalconexion.com/tienda/?gclid=CjwKCAjwh8mlBhB_EiwAsztdBJk1Ay_7gElOIWxNzFU2QmvdY477LtSqHTWUfz2w2jI7YFi2DsJXtRoCBMgQAvD_BwE
        )

)

2023-07-15T16:14:57+00:00 NOTICE order.member.updated :: Updated andreagabisalazar@hotmail.com subscriber status to subscribed and language to es
2023-07-15T16:14:57+00:00 NOTICE order_submit.success :: addStoreOrder :: #25059 :: email: andreagabisalazar@hotmail.com :: landing site https://naturalconexion.com/tienda/?gclid=CjwKCAjwh8mlBhB_EiwAsztdBJk1Ay_7gElOIWxNzFU2QmvdY477LtSqHTWUfz2w2jI7YFi2DsJXtRoCBMgQAvD_BwE :: abandoned cart deleted [fa7ccdfee0b262752ee3c81ddbabbbd5]
2023-07-15T16:44:51+00:00 NOTICE action_scheduler.queue_job :: MailChimp_WooCommerce_Cart_Update queued :: obj_id 748af4a79d6e495ede5f83d94522dc9e
2023-07-15T16:44:52+00:00 NOTICE abandoned_cart.success :: email: danikitafer1011@gmail.com :: checkout_url: https://naturalconexion.com/checkout/?mc_cart_id=748af4a79d6e495ede5f83d94522dc9e
2023-07-15T16:44:52+00:00 NOTICE cart.member.updated :: Updated danikitafer1011@gmail.com subscriber status to subscribed and language to es
2023-07-15T16:44:56+00:00 NOTICE action_scheduler.queue_job :: MailChimp_WooCommerce_Cart_Update queued :: obj_id 748af4a79d6e495ede5f83d94522dc9e
2023-07-15T16:45:38+00:00 NOTICE abandoned_cart.success :: email: danikitafer1011@gmail.com :: checkout_url: https://naturalconexion.com/checkout/?mc_cart_id=748af4a79d6e495ede5f83d94522dc9e
