2022-01-12T00:17:49+00:00 NOTICE action_scheduler.queue_job :: MailChimp_WooCommerce_Cart_Update queued :: obj_id fcb8f0594888499ee7966e895b653710
2022-01-12T00:17:51+00:00 NOTICE abandoned_cart.success :: email: carocato20@gmail.com :: checkout_url: https://naturalconexion.com/checkout/?mc_cart_id=fcb8f0594888499ee7966e895b653710
2022-01-12T00:17:51+00:00 NOTICE cart.member.updated :: Updated carocato20@gmail.com subscriber status to transactional and language to es
2022-01-12T00:18:04+00:00 NOTICE action_scheduler.queue_job :: MailChimp_WooCommerce_Single_Order starts in 90 seconds :: obj_id 18245
2022-01-12T00:18:50+00:00 NOTICE action_scheduler.queue_job :: MailChimp_WooCommerce_Cart_Update queued :: obj_id fcb8f0594888499ee7966e895b653710
2022-01-12T00:18:53+00:00 NOTICE abandoned_cart.success :: email: carocato20@gmail.com :: checkout_url: https://naturalconexion.com/checkout/?mc_cart_id=fcb8f0594888499ee7966e895b653710
2022-01-12T00:19:54+00:00 NOTICE order_sumbit :: #18245 has a financial status of pending and was skipped.
2022-01-12T00:24:38+00:00 NOTICE action_scheduler.queue_job :: MailChimp_WooCommerce_Cart_Update queued :: obj_id 3c1b022e9b4873c148b4d1e16f61571e
2022-01-12T00:24:39+00:00 NOTICE abandoned_cart.success :: email: martact1960@gmail.com :: checkout_url: https://naturalconexion.com/checkout/?mc_cart_id=3c1b022e9b4873c148b4d1e16f61571e
2022-01-12T00:24:40+00:00 NOTICE cart.member.updated :: Updated martact1960@gmail.com subscriber status to transactional and language to es
2022-01-12T00:25:56+00:00 NOTICE action_scheduler.queue_job :: MailChimp_WooCommerce_Single_Order starts in 90 seconds :: obj_id 18246
2022-01-12T00:28:34+00:00 NOTICE order_sumbit :: #18246 has a financial status of pending and was skipped.
2022-01-12T01:20:54+00:00 NOTICE action_scheduler.queue_job :: MailChimp_WooCommerce_Cart_Update queued :: obj_id fcb8f0594888499ee7966e895b653710
2022-01-12T01:21:30+00:00 NOTICE abandoned_cart.success :: email: carocato20@gmail.com :: checkout_url: https://naturalconexion.com/checkout/?mc_cart_id=fcb8f0594888499ee7966e895b653710
2022-01-12T01:21:30+00:00 NOTICE cart.member.updated :: Updated carocato20@gmail.com subscriber status to transactional and language to es
2022-01-12T01:25:03+00:00 NOTICE action_scheduler.queue_job :: MailChimp_WooCommerce_Single_Order starts in 90 seconds :: obj_id 18247
2022-01-12T01:27:35+00:00 NOTICE order_sumbit :: #18247 has a financial status of pending and was skipped.
2022-01-12T01:28:17+00:00 NOTICE action_scheduler.queue_job :: MailChimp_WooCommerce_Single_Order starts in 90 seconds :: obj_id 18247
2022-01-12T01:28:19+00:00 NOTICE debug :: Order ID 18247 was pending and is now processing :: Array
(
    [new_order] => 1
    [tracking] => Array
        (
            [campaign_id] => 
            [landing_site] => https://naturalconexion.com/wp-admin/admin-ajax.php
        )

)

2022-01-12T01:30:26+00:00 NOTICE order.member.updated :: Updated Carocato20@gmail.com subscriber status to transactional and language to 
2022-01-12T01:30:26+00:00 NOTICE order_submit.success :: addStoreOrder :: #18247 :: email: Carocato20@gmail.com :: landing site https://naturalconexion.com/wp-admin/admin-ajax.php :: abandoned cart deleted [fcb8f0594888499ee7966e895b653710]
2022-01-12T01:38:16+00:00 NOTICE action_scheduler.queue_job :: MailChimp_WooCommerce_Single_Order starts in 90 seconds :: obj_id 18245
2022-01-12T01:38:16+00:00 NOTICE debug :: Order ID 18245 was pending and is now cancelled :: Array
(
    [new_order] => 
    [tracking] => 
)

2022-01-12T01:38:16+00:00 NOTICE action_scheduler.queue_job :: MailChimp_WooCommerce_Single_Order starts in 90 seconds :: obj_id 18246
2022-01-12T01:38:16+00:00 NOTICE debug :: Order ID 18246 was pending and is now cancelled :: Array
(
    [new_order] => 
    [tracking] => 
)

2022-01-12T01:40:36+00:00 NOTICE order_sumbit :: #18245 has a financial status of cancelled and was skipped.
2022-01-12T01:40:37+00:00 NOTICE order_sumbit :: #18246 has a financial status of cancelled and was skipped.
2022-01-12T01:50:10+00:00 NOTICE action_scheduler.queue_job :: MailChimp_WooCommerce_Cart_Update queued :: obj_id 162cedc7280195ab6b798bdf58d4cc03
2022-01-12T01:50:26+00:00 NOTICE abandoned_cart.success :: email: mmonsalve454@gmail.com :: checkout_url: https://naturalconexion.com/checkout/?mc_cart_id=162cedc7280195ab6b798bdf58d4cc03
2022-01-12T01:50:26+00:00 NOTICE cart.member.updated :: Updated mmonsalve454@gmail.com subscriber status to transactional and language to es
2022-01-12T01:51:02+00:00 NOTICE action_scheduler.queue_job :: MailChimp_WooCommerce_Single_Order starts in 90 seconds :: obj_id 18248
2022-01-12T01:52:50+00:00 NOTICE debug :: Order ID 18248 was pending and is now failed :: Array
(
    [new_order] => 
    [tracking] => 
)

2022-01-12T01:54:19+00:00 NOTICE system.debug :: order 18248 is in failed status, and is being skipped for now.
2022-01-12T02:59:09+00:00 NOTICE action_scheduler.queue_job :: MailChimp_WooCommerce_Cart_Update queued :: obj_id 5838658b5f05dba12518991bbaac31d7
2022-01-12T02:59:30+00:00 NOTICE abandoned_cart.success :: email: luzadrisa31@yahoo.es :: checkout_url: https://naturalconexion.com/checkout/?mc_cart_id=5838658b5f05dba12518991bbaac31d7
2022-01-12T02:59:31+00:00 NOTICE cart.member.updated :: Updated luzadrisa31@yahoo.es subscriber status to transactional and language to es
2022-01-12T03:01:54+00:00 NOTICE action_scheduler.queue_job :: MailChimp_WooCommerce_Cart_Update queued :: obj_id 5838658b5f05dba12518991bbaac31d7
2022-01-12T03:01:56+00:00 NOTICE abandoned_cart.success :: email: luzadrisa31@yahoo.es :: checkout_url: https://naturalconexion.com/checkout/?mc_cart_id=5838658b5f05dba12518991bbaac31d7
2022-01-12T03:04:34+00:00 NOTICE action_scheduler.queue_job :: MailChimp_WooCommerce_Cart_Update queued :: obj_id 5838658b5f05dba12518991bbaac31d7
2022-01-12T03:05:09+00:00 NOTICE abandoned_cart.success :: email: luzadrisa31@yahoo.es :: checkout_url: https://naturalconexion.com/checkout/?mc_cart_id=5838658b5f05dba12518991bbaac31d7
2022-01-12T12:44:12+00:00 NOTICE action_scheduler.queue_job :: MailChimp_WooCommerce_User_Submit queued :: obj_id 1
2022-01-12T12:44:23+00:00 ERROR member.sync :: hola@naturalconexion.com :: Error Code 400 :: hola@naturalconexion.com is in a compliance state due to unsubscribe, bounce, or compliance review and cannot be subscribed. on 1898 in /home/forge/naturalconexion.com/wp-content/plugins/mailchimp-for-woocommerce/includes/api/class-mailchimp-api.php
2022-01-12T12:58:01+00:00 NOTICE action_scheduler.queue_job :: MailChimp_WooCommerce_Single_Order starts in 90 seconds :: obj_id 18220
2022-01-12T12:58:02+00:00 NOTICE debug :: Order ID 18220 was processing and is now completed :: Array
(
    [new_order] => 
    [tracking] => 
)

2022-01-12T12:58:19+00:00 NOTICE action_scheduler.queue_job :: MailChimp_WooCommerce_Single_Order starts in 90 seconds :: obj_id 18229
2022-01-12T12:58:21+00:00 NOTICE debug :: Order ID 18229 was processing and is now completed :: Array
(
    [new_order] => 
    [tracking] => 
)

2022-01-12T12:58:43+00:00 NOTICE action_scheduler.queue_job :: MailChimp_WooCommerce_Single_Order starts in 90 seconds :: obj_id 18187
2022-01-12T12:58:44+00:00 NOTICE debug :: Order ID 18187 was processing and is now completed :: Array
(
    [new_order] => 
    [tracking] => 
)

2022-01-12T12:58:58+00:00 NOTICE action_scheduler.queue_job :: MailChimp_WooCommerce_Single_Order starts in 90 seconds :: obj_id 18203
2022-01-12T12:58:59+00:00 NOTICE debug :: Order ID 18203 was processing and is now completed :: Array
(
    [new_order] => 
    [tracking] => 
)

2022-01-12T12:59:33+00:00 NOTICE action_scheduler.queue_job :: MailChimp_WooCommerce_Single_Order starts in 90 seconds :: obj_id 18204
2022-01-12T12:59:34+00:00 NOTICE debug :: Order ID 18204 was processing and is now completed :: Array
(
    [new_order] => 
    [tracking] => 
)

2022-01-12T13:00:08+00:00 NOTICE debug :: Order ID 18207 was processing and is now completed :: Array
(
    [new_order] => 
    [tracking] => 
)

2022-01-12T13:00:08+00:00 NOTICE action_scheduler.queue_job :: MailChimp_WooCommerce_Single_Order starts in 90 seconds :: obj_id 18207
2022-01-12T13:00:09+00:00 NOTICE order.member.updated :: Updated xiomaragiraldo232@gmail.com subscriber status to transactional and language to 
2022-01-12T13:00:09+00:00 NOTICE order_submit.success :: updateStoreOrder :: #18220 :: email: xiomaragiraldo232@gmail.com
2022-01-12T13:00:11+00:00 NOTICE order.member.updated :: Updated lailesanchez01@gmail.com subscriber status to subscribed and language to 
2022-01-12T13:00:11+00:00 NOTICE order_submit.success :: updateStoreOrder :: #18229 :: email: lailesanchez01@gmail.com
2022-01-12T13:00:16+00:00 NOTICE order.member.updated :: Updated deisyjana@hotmail.com subscriber status to subscribed and language to 
2022-01-12T13:00:16+00:00 NOTICE order_submit.success :: updateStoreOrder :: #18187 :: email: deisyjana@hotmail.com
2022-01-12T13:00:36+00:00 NOTICE action_scheduler.queue_job :: MailChimp_WooCommerce_Single_Order starts in 90 seconds :: obj_id 18208
2022-01-12T13:00:37+00:00 NOTICE debug :: Order ID 18208 was processing and is now completed :: Array
(
    [new_order] => 
    [tracking] => 
)

2022-01-12T13:00:37+00:00 NOTICE action_scheduler.queue_job :: MailChimp_WooCommerce_Single_Order starts in 90 seconds :: obj_id 18210
2022-01-12T13:00:41+00:00 NOTICE debug :: Order ID 18210 was processing and is now completed :: Array
(
    [new_order] => 
    [tracking] => 
)

2022-01-12T13:00:41+00:00 NOTICE action_scheduler.queue_job :: MailChimp_WooCommerce_Single_Order starts in 90 seconds :: obj_id 18211
2022-01-12T13:00:42+00:00 NOTICE debug :: Order ID 18211 was processing and is now completed :: Array
(
    [new_order] => 
    [tracking] => 
)

2022-01-12T13:00:42+00:00 NOTICE action_scheduler.queue_job :: MailChimp_WooCommerce_Single_Order starts in 90 seconds :: obj_id 18212
2022-01-12T13:00:43+00:00 NOTICE debug :: Order ID 18212 was processing and is now completed :: Array
(
    [new_order] => 
    [tracking] => 
)

2022-01-12T13:00:43+00:00 NOTICE action_scheduler.queue_job :: MailChimp_WooCommerce_Single_Order starts in 90 seconds :: obj_id 18214
2022-01-12T13:00:44+00:00 NOTICE debug :: Order ID 18214 was processing and is now completed :: Array
(
    [new_order] => 
    [tracking] => 
)

2022-01-12T13:01:13+00:00 NOTICE order.member.updated :: Updated garciakelly084@gmail.com subscriber status to subscribed and language to 
2022-01-12T13:01:13+00:00 NOTICE order_submit.success :: updateStoreOrder :: #18203 :: email: garciakelly084@gmail.com
2022-01-12T13:01:14+00:00 NOTICE order.member.updated :: Updated wendytatianabenitezmejia@gmail.com subscriber status to transactional and language to 
2022-01-12T13:01:14+00:00 NOTICE order_submit.success :: updateStoreOrder :: #18204 :: email: wendytatianabenitezmejia@gmail.com
2022-01-12T13:01:15+00:00 NOTICE action_scheduler.queue_job :: MailChimp_WooCommerce_Single_Order starts in 90 seconds :: obj_id 18221
2022-01-12T13:01:16+00:00 NOTICE debug :: Order ID 18221 was processing and is now completed :: Array
(
    [new_order] => 
    [tracking] => 
)

2022-01-12T13:01:17+00:00 NOTICE action_scheduler.queue_job :: MailChimp_WooCommerce_Single_Order starts in 90 seconds :: obj_id 18223
2022-01-12T13:01:17+00:00 NOTICE debug :: Order ID 18223 was processing and is now completed :: Array
(
    [new_order] => 
    [tracking] => 
)

2022-01-12T13:01:17+00:00 NOTICE action_scheduler.queue_job :: MailChimp_WooCommerce_Single_Order starts in 90 seconds :: obj_id 18224
2022-01-12T13:01:18+00:00 NOTICE debug :: Order ID 18224 was processing and is now completed :: Array
(
    [new_order] => 
    [tracking] => 
)

2022-01-12T13:01:18+00:00 NOTICE action_scheduler.queue_job :: MailChimp_WooCommerce_Single_Order starts in 90 seconds :: obj_id 18225
2022-01-12T13:01:19+00:00 NOTICE debug :: Order ID 18225 was processing and is now completed :: Array
(
    [new_order] => 
    [tracking] => 
)

2022-01-12T13:01:19+00:00 NOTICE action_scheduler.queue_job :: MailChimp_WooCommerce_Single_Order starts in 90 seconds :: obj_id 18226
2022-01-12T13:01:20+00:00 NOTICE debug :: Order ID 18226 was processing and is now completed :: Array
(
    [new_order] => 
    [tracking] => 
)

2022-01-12T13:01:20+00:00 NOTICE action_scheduler.queue_job :: MailChimp_WooCommerce_Single_Order starts in 90 seconds :: obj_id 18227
2022-01-12T13:01:21+00:00 NOTICE debug :: Order ID 18227 was processing and is now completed :: Array
(
    [new_order] => 
    [tracking] => 
)

2022-01-12T13:01:21+00:00 NOTICE action_scheduler.queue_job :: MailChimp_WooCommerce_Single_Order starts in 90 seconds :: obj_id 18228
2022-01-12T13:01:22+00:00 NOTICE debug :: Order ID 18228 was processing and is now completed :: Array
(
    [new_order] => 
    [tracking] => 
)

2022-01-12T13:02:18+00:00 NOTICE order.member.updated :: Updated paholita79@gmail.com subscriber status to subscribed and language to 
2022-01-12T13:02:18+00:00 NOTICE order_submit.success :: updateStoreOrder :: #18207 :: email: paholita79@gmail.com
2022-01-12T13:02:22+00:00 NOTICE order.member.updated :: Updated erika_cruz0211@hotmail.com subscriber status to unsubscribed and language to 
2022-01-12T13:02:22+00:00 NOTICE order_submit.success :: updateStoreOrder :: #18208 :: email: erika_cruz0211@hotmail.com
2022-01-12T13:02:27+00:00 NOTICE order.member.updated :: Updated marcelagvelez3@gmail.com subscriber status to archived and language to 
2022-01-12T13:02:27+00:00 NOTICE order_submit.success :: updateStoreOrder :: #18210 :: email: marcelagvelez3@gmail.com
2022-01-12T13:02:31+00:00 NOTICE order.member.updated :: Updated aselos28@gmail.com subscriber status to transactional and language to 
2022-01-12T13:02:31+00:00 NOTICE order_submit.success :: updateStoreOrder :: #18211 :: email: aselos28@gmail.com
2022-01-12T13:02:33+00:00 NOTICE order.member.updated :: Updated johananarod20@gmail.com subscriber status to subscribed and language to 
2022-01-12T13:02:33+00:00 NOTICE order_submit.success :: updateStoreOrder :: #18212 :: email: johananarod20@gmail.com
2022-01-12T13:02:34+00:00 NOTICE order.member.updated :: Updated liliana.1722@gmail.com subscriber status to subscribed and language to 
2022-01-12T13:02:34+00:00 NOTICE order_submit.success :: updateStoreOrder :: #18214 :: email: liliana.1722@gmail.com
2022-01-12T13:03:18+00:00 NOTICE order.member.updated :: Updated psico.susanazapata@gmail.com subscriber status to transactional and language to 
2022-01-12T13:03:18+00:00 NOTICE order_submit.success :: updateStoreOrder :: #18221 :: email: psico.susanazapata@gmail.com
2022-01-12T13:03:19+00:00 NOTICE order.member.updated :: Updated sookieyy@gmail.com subscriber status to transactional and language to 
2022-01-12T13:03:19+00:00 NOTICE order_submit.success :: updateStoreOrder :: #18223 :: email: sookieyy@gmail.com
2022-01-12T13:03:20+00:00 NOTICE order.member.updated :: Updated nata_nya@hotmail.com subscriber status to unsubscribed and language to 
2022-01-12T13:03:20+00:00 NOTICE order_submit.success :: updateStoreOrder :: #18224 :: email: nata_nya@hotmail.com
2022-01-12T13:03:22+00:00 NOTICE order.member.updated :: Updated diana.restrepo93@hotmail.com subscriber status to transactional and language to 
2022-01-12T13:03:22+00:00 NOTICE order_submit.success :: updateStoreOrder :: #18225 :: email: diana.restrepo93@hotmail.com
2022-01-12T13:03:23+00:00 NOTICE order.member.updated :: Updated Triana61@hotmail.com subscriber status to subscribed and language to 
2022-01-12T13:03:23+00:00 NOTICE order_submit.success :: updateStoreOrder :: #18226 :: email: Triana61@hotmail.com
2022-01-12T13:03:24+00:00 NOTICE order.member.updated :: Updated leilope1510@gmail.com subscriber status to subscribed and language to 
2022-01-12T13:03:24+00:00 NOTICE order_submit.success :: updateStoreOrder :: #18227 :: email: leilope1510@gmail.com
2022-01-12T13:03:25+00:00 NOTICE order.member.updated :: Updated carolinasabogal2011@gmail.com subscriber status to subscribed and language to 
2022-01-12T13:03:25+00:00 NOTICE order_submit.success :: updateStoreOrder :: #18228 :: email: carolinasabogal2011@gmail.com
2022-01-12T13:05:38+00:00 NOTICE action_scheduler.queue_job :: MailChimp_WooCommerce_Cart_Update queued :: obj_id 197fdc65b828b41c4734e5d4275afff3
2022-01-12T13:06:19+00:00 NOTICE abandoned_cart.success :: email: sandramontoya81@hotmail.com :: checkout_url: https://naturalconexion.com/checkout/?mc_cart_id=197fdc65b828b41c4734e5d4275afff3
2022-01-12T13:06:20+00:00 NOTICE cart.member.updated :: Updated sandramontoya81@hotmail.com subscriber status to subscribed and language to es
2022-01-12T13:07:07+00:00 NOTICE action_scheduler.queue_job :: MailChimp_WooCommerce_Single_Order starts in 90 seconds :: obj_id 18249
2022-01-12T13:09:24+00:00 NOTICE order_sumbit :: #18249 has a financial status of pending and was skipped.
2022-01-12T13:09:44+00:00 NOTICE action_scheduler.queue_job :: MailChimp_WooCommerce_Single_Order starts in 90 seconds :: obj_id 18249
2022-01-12T13:09:46+00:00 NOTICE debug :: Order ID 18249 was pending and is now processing :: Array
(
    [new_order] => 1
    [tracking] => Array
        (
            [campaign_id] => 
            [landing_site] => https://naturalconexion.com/wp-admin/admin-ajax.php
        )

)

2022-01-12T13:11:29+00:00 NOTICE order.member.updated :: Updated sandramontoya81@hotmail.com subscriber status to subscribed and language to 
2022-01-12T13:11:29+00:00 NOTICE order_submit.success :: addStoreOrder :: #18249 :: email: sandramontoya81@hotmail.com :: landing site https://naturalconexion.com/wp-admin/admin-ajax.php :: abandoned cart deleted [197fdc65b828b41c4734e5d4275afff3]
2022-01-12T13:17:18+00:00 NOTICE action_scheduler.queue_job :: MailChimp_WooCommerce_Cart_Update queued :: obj_id 4e1656beb030e99998afc2999c7c6c1c
2022-01-12T13:17:19+00:00 NOTICE abandoned_cart.success :: email: danielaortizgil@gmail.com :: checkout_url: https://naturalconexion.com/checkout/?mc_cart_id=4e1656beb030e99998afc2999c7c6c1c
2022-01-12T13:17:19+00:00 NOTICE cart.member.updated :: Updated danielaortizgil@gmail.com subscriber status to transactional and language to es
2022-01-12T13:22:12+00:00 NOTICE action_scheduler.queue_job :: MailChimp_WooCommerce_Single_Order starts in 90 seconds :: obj_id 18250
2022-01-12T13:23:45+00:00 NOTICE order_sumbit :: #18250 has a financial status of pending and was skipped.
2022-01-12T13:25:45+00:00 NOTICE action_scheduler.queue_job :: MailChimp_WooCommerce_Single_Order starts in 90 seconds :: obj_id 18250
2022-01-12T13:25:47+00:00 NOTICE debug :: Order ID 18250 was pending and is now processing :: Array
(
    [new_order] => 1
    [tracking] => Array
        (
            [campaign_id] => 
            [landing_site] => https://naturalconexion.com/wp-admin/admin-ajax.php
        )

)

2022-01-12T13:27:31+00:00 NOTICE order.member.updated :: Updated danielaortizgil@gmail.com subscriber status to transactional and language to 
2022-01-12T13:27:31+00:00 NOTICE order_submit.success :: addStoreOrder :: #18250 :: email: danielaortizgil@gmail.com :: landing site https://naturalconexion.com/wp-admin/admin-ajax.php :: abandoned cart deleted [4e1656beb030e99998afc2999c7c6c1c]
2022-01-12T14:32:13+00:00 NOTICE action_scheduler.queue_job :: MailChimp_WooCommerce_Cart_Update queued :: obj_id b7e69f95eff68eb45de379586cec835f
2022-01-12T14:32:53+00:00 NOTICE abandoned_cart.success :: email: nataliacuestas@gmail.com :: checkout_url: https://naturalconexion.com/checkout/?mc_cart_id=b7e69f95eff68eb45de379586cec835f
2022-01-12T14:32:54+00:00 NOTICE cart.member.updated :: Updated nataliacuestas@gmail.com subscriber status to transactional and language to es
2022-01-12T14:44:14+00:00 NOTICE action_scheduler.queue_job :: MailChimp_WooCommerce_Single_Order starts in 90 seconds :: obj_id 18231
2022-01-12T14:44:14+00:00 NOTICE action_scheduler.queue_job :: MailChimp_WooCommerce_User_Submit queued :: obj_id 2002
2022-01-12T14:44:15+00:00 NOTICE debug :: Order ID 18231 was processing and is now completed :: Array
(
    [new_order] => 
    [tracking] => 
)

2022-01-12T14:44:15+00:00 NOTICE action_scheduler.queue_job :: MailChimp_WooCommerce_Single_Order starts in 90 seconds :: obj_id 18233
2022-01-12T14:44:17+00:00 NOTICE debug :: Order ID 18233 was processing and is now completed :: Array
(
    [new_order] => 
    [tracking] => 
)

2022-01-12T14:44:17+00:00 NOTICE action_scheduler.queue_job :: MailChimp_WooCommerce_Single_Order starts in 90 seconds :: obj_id 18236
2022-01-12T14:44:17+00:00 NOTICE debug :: Order ID 18236 was processing and is now completed :: Array
(
    [new_order] => 
    [tracking] => 
)

2022-01-12T14:44:18+00:00 NOTICE action_scheduler.queue_job :: MailChimp_WooCommerce_Single_Order starts in 90 seconds :: obj_id 18238
2022-01-12T14:44:19+00:00 NOTICE debug :: Order ID 18238 was processing and is now completed :: Array
(
    [new_order] => 
    [tracking] => 
)

2022-01-12T14:44:19+00:00 NOTICE action_scheduler.queue_job :: MailChimp_WooCommerce_Single_Order starts in 90 seconds :: obj_id 18239
2022-01-12T14:44:19+00:00 NOTICE debug :: Order ID 18239 was processing and is now completed :: Array
(
    [new_order] => 
    [tracking] => 
)

2022-01-12T14:44:20+00:00 NOTICE action_scheduler.queue_job :: MailChimp_WooCommerce_Single_Order starts in 90 seconds :: obj_id 18241
2022-01-12T14:44:20+00:00 NOTICE debug :: Order ID 18241 was processing and is now completed :: Array
(
    [new_order] => 
    [tracking] => 
)

2022-01-12T14:44:21+00:00 NOTICE action_scheduler.queue_job :: MailChimp_WooCommerce_Single_Order starts in 90 seconds :: obj_id 18242
2022-01-12T14:44:22+00:00 NOTICE debug :: Order ID 18242 was processing and is now completed :: Array
(
    [new_order] => 
    [tracking] => 
)

2022-01-12T14:44:22+00:00 NOTICE action_scheduler.queue_job :: MailChimp_WooCommerce_Single_Order starts in 90 seconds :: obj_id 18243
2022-01-12T14:44:22+00:00 NOTICE debug :: Order ID 18243 was processing and is now completed :: Array
(
    [new_order] => 
    [tracking] => 
)

2022-01-12T14:44:22+00:00 NOTICE action_scheduler.queue_job :: MailChimp_WooCommerce_Single_Order starts in 90 seconds :: obj_id 18244
2022-01-12T14:44:24+00:00 NOTICE debug :: Order ID 18244 was processing and is now completed :: Array
(
    [new_order] => 
    [tracking] => 
)

2022-01-12T14:44:24+00:00 NOTICE action_scheduler.queue_job :: MailChimp_WooCommerce_Single_Order starts in 90 seconds :: obj_id 18247
2022-01-12T14:44:25+00:00 NOTICE debug :: Order ID 18247 was processing and is now completed :: Array
(
    [new_order] => 
    [tracking] => 
)

2022-01-12T14:44:28+00:00 NOTICE member.sync :: Updated Member camilo9020@gmail.com ( merge fields only ) :: Array
(
    [merge_fields] => Array
        (
            [FNAME] => Juan Camilo Hdz
            [LNAME] => Hernandez
        )

)

2022-01-12T14:46:24+00:00 NOTICE order.member.updated :: Updated camilo9020@gmail.com subscriber status to subscribed and language to 
2022-01-12T14:46:24+00:00 NOTICE order_submit.success :: updateStoreOrder :: #18231 :: email: camilo9020@gmail.com
2022-01-12T14:46:28+00:00 NOTICE order.member.updated :: Updated linamarce157@hotmail.com subscriber status to subscribed and language to 
2022-01-12T14:46:28+00:00 NOTICE order_submit.success :: updateStoreOrder :: #18233 :: email: linamarce157@hotmail.com
2022-01-12T14:46:32+00:00 NOTICE order.member.updated :: Updated melisalazar02@gmail.com subscriber status to transactional and language to 
2022-01-12T14:46:32+00:00 NOTICE order_submit.success :: updateStoreOrder :: #18236 :: email: melisalazar02@gmail.com
2022-01-12T14:46:36+00:00 NOTICE order.member.updated :: Updated rodriguez.karenn2001@gmail.com subscriber status to subscribed and language to 
2022-01-12T14:46:36+00:00 NOTICE order_submit.success :: updateStoreOrder :: #18238 :: email: rodriguez.karenn2001@gmail.com
2022-01-12T14:46:40+00:00 NOTICE order.member.updated :: Updated salovc96@gmail.com subscriber status to transactional and language to 
2022-01-12T14:46:40+00:00 NOTICE order_submit.success :: updateStoreOrder :: #18239 :: email: salovc96@gmail.com
2022-01-12T14:47:21+00:00 NOTICE order.member.updated :: Updated danyzapata@hotmail.com subscriber status to subscribed and language to 
2022-01-12T14:47:21+00:00 NOTICE order_submit.success :: updateStoreOrder :: #18241 :: email: danyzapata@hotmail.com
2022-01-12T14:47:23+00:00 NOTICE order.member.updated :: Updated Rmarymes@gmail.com subscriber status to subscribed and language to 
2022-01-12T14:47:23+00:00 NOTICE order_submit.success :: updateStoreOrder :: #18242 :: email: Rmarymes@gmail.com
2022-01-12T14:47:24+00:00 NOTICE order.member.updated :: Updated nuvia_bohorquez@hotmail.com subscriber status to subscribed and language to 
2022-01-12T14:47:24+00:00 NOTICE order_submit.success :: updateStoreOrder :: #18243 :: email: nuvia_bohorquez@hotmail.com
2022-01-12T14:47:26+00:00 NOTICE order.member.updated :: Updated neny198@gmail.com subscriber status to transactional and language to 
2022-01-12T14:47:26+00:00 NOTICE order_submit.success :: updateStoreOrder :: #18244 :: email: neny198@gmail.com
2022-01-12T14:47:27+00:00 NOTICE order.member.updated :: Updated Carocato20@gmail.com subscriber status to transactional and language to 
2022-01-12T14:47:27+00:00 NOTICE order_submit.success :: updateStoreOrder :: #18247 :: email: Carocato20@gmail.com
2022-01-12T15:24:38+00:00 NOTICE action_scheduler.queue_job :: MailChimp_WooCommerce_Single_Order starts in 90 seconds :: obj_id 18235
2022-01-12T15:24:39+00:00 NOTICE debug :: Order ID 18235 was processing and is now completed :: Array
(
    [new_order] => 
    [tracking] => 
)

2022-01-12T15:24:39+00:00 NOTICE action_scheduler.queue_job :: MailChimp_WooCommerce_Single_Order starts in 90 seconds :: obj_id 18249
2022-01-12T15:24:40+00:00 NOTICE debug :: Order ID 18249 was processing and is now completed :: Array
(
    [new_order] => 
    [tracking] => 
)

2022-01-12T15:24:40+00:00 NOTICE action_scheduler.queue_job :: MailChimp_WooCommerce_Single_Order starts in 90 seconds :: obj_id 18250
2022-01-12T15:24:41+00:00 NOTICE debug :: Order ID 18250 was processing and is now completed :: Array
(
    [new_order] => 
    [tracking] => 
)

2022-01-12T15:26:16+00:00 NOTICE order.member.updated :: Updated ceda1124@hotmail.com subscriber status to transactional and language to 
2022-01-12T15:26:16+00:00 NOTICE order_submit.success :: updateStoreOrder :: #18235 :: email: ceda1124@hotmail.com
2022-01-12T15:26:18+00:00 NOTICE order.member.updated :: Updated sandramontoya81@hotmail.com subscriber status to subscribed and language to 
2022-01-12T15:26:18+00:00 NOTICE order_submit.success :: updateStoreOrder :: #18249 :: email: sandramontoya81@hotmail.com
2022-01-12T15:26:19+00:00 NOTICE order.member.updated :: Updated danielaortizgil@gmail.com subscriber status to transactional and language to 
2022-01-12T15:26:19+00:00 NOTICE order_submit.success :: updateStoreOrder :: #18250 :: email: danielaortizgil@gmail.com
2022-01-12T16:01:01+00:00 NOTICE action_scheduler.queue_job :: MailChimp_WooCommerce_Cart_Update queued :: obj_id 75885eeeedde15d08e7e0c9b570f137b
2022-01-12T16:01:33+00:00 NOTICE abandoned_cart.success :: email: verok26942@gmail.com :: checkout_url: https://naturalconexion.com/checkout/?mc_cart_id=75885eeeedde15d08e7e0c9b570f137b
2022-01-12T16:01:33+00:00 NOTICE cart.member.updated :: Updated verok26942@gmail.com subscriber status to transactional and language to es
2022-01-12T16:01:37+00:00 NOTICE action_scheduler.queue_job :: MailChimp_WooCommerce_Single_Order starts in 90 seconds :: obj_id 18251
2022-01-12T16:03:22+00:00 NOTICE order_sumbit :: #18251 has a financial status of pending and was skipped.
2022-01-12T16:03:22+00:00 NOTICE action_scheduler.queue_job :: MailChimp_WooCommerce_Single_Order starts in 90 seconds :: obj_id 18251
2022-01-12T16:03:24+00:00 NOTICE debug :: Order ID 18251 was pending and is now processing :: Array
(
    [new_order] => 1
    [tracking] => Array
        (
            [campaign_id] => 
            [landing_site] => https://naturalconexion.com/wp-admin/admin-ajax.php
        )

)

2022-01-12T16:05:09+00:00 NOTICE order.member.updated :: Updated verok26942@gmail.com subscriber status to transactional and language to 
2022-01-12T16:05:09+00:00 NOTICE order_submit.success :: addStoreOrder :: #18251 :: email: verok26942@gmail.com :: landing site https://naturalconexion.com/wp-admin/admin-ajax.php :: abandoned cart deleted [75885eeeedde15d08e7e0c9b570f137b]
2022-01-12T17:31:02+00:00 NOTICE action_scheduler.queue_job :: MailChimp_WooCommerce_Cart_Update queued :: obj_id 255d2fe1122660766e2921a4798327cc
2022-01-12T17:31:20+00:00 NOTICE abandoned_cart.success :: email: morobafa@yahoo.es :: checkout_url: https://naturalconexion.com/checkout/?mc_cart_id=255d2fe1122660766e2921a4798327cc
2022-01-12T17:31:21+00:00 NOTICE cart.member.updated :: Updated morobafa@yahoo.es subscriber status to transactional and language to es
2022-01-12T17:31:40+00:00 NOTICE action_scheduler.queue_job :: MailChimp_WooCommerce_Single_Order starts in 90 seconds :: obj_id 18252
2022-01-12T17:33:21+00:00 NOTICE order_sumbit :: #18252 has a financial status of pending and was skipped.
2022-01-12T17:34:39+00:00 NOTICE action_scheduler.queue_job :: MailChimp_WooCommerce_Single_Order starts in 90 seconds :: obj_id 18252
2022-01-12T17:34:42+00:00 NOTICE debug :: Order ID 18252 was pending and is now processing :: Array
(
    [new_order] => 1
    [tracking] => Array
        (
            [campaign_id] => 
            [landing_site] => https://naturalconexion.com/wp-admin/admin-ajax.php
        )

)

2022-01-12T17:36:32+00:00 NOTICE order.member.updated :: Updated morobafa@yahoo.es subscriber status to subscribed and language to 
2022-01-12T17:36:32+00:00 NOTICE order_submit.success :: addStoreOrder :: #18252 :: email: morobafa@yahoo.es :: landing site https://naturalconexion.com/wp-admin/admin-ajax.php :: abandoned cart deleted [255d2fe1122660766e2921a4798327cc]
2022-01-12T17:50:26+00:00 NOTICE action_scheduler.queue_job :: MailChimp_WooCommerce_Cart_Update queued :: obj_id 31df626e8d6cf0a042015550ac04f04c
2022-01-12T17:51:20+00:00 NOTICE abandoned_cart.success :: email: jips56@hotmail.com :: checkout_url: https://naturalconexion.com/checkout/?mc_cart_id=31df626e8d6cf0a042015550ac04f04c
2022-01-12T17:51:21+00:00 NOTICE cart.member.updated :: Updated jips56@hotmail.com subscriber status to transactional and language to es
2022-01-12T19:38:52+00:00 NOTICE action_scheduler.queue_job :: MailChimp_WooCommerce_Cart_Update queued :: obj_id 854838b4778f41186f20d400ef246799
2022-01-12T19:39:19+00:00 NOTICE abandoned_cart.success :: email: dianapaolamunozc@gmail.com :: checkout_url: https://naturalconexion.com/checkout/?mc_cart_id=854838b4778f41186f20d400ef246799
2022-01-12T19:39:20+00:00 NOTICE cart.member.updated :: Updated dianapaolamunozc@gmail.com subscriber status to transactional and language to es
2022-01-12T19:40:36+00:00 NOTICE action_scheduler.queue_job :: MailChimp_WooCommerce_Single_Order starts in 90 seconds :: obj_id 18253
2022-01-12T19:42:42+00:00 NOTICE order_sumbit :: #18253 has a financial status of pending and was skipped.
2022-01-12T19:43:10+00:00 NOTICE action_scheduler.queue_job :: MailChimp_WooCommerce_Single_Order starts in 90 seconds :: obj_id 18253
2022-01-12T19:43:12+00:00 NOTICE debug :: Order ID 18253 was pending and is now processing :: Array
(
    [new_order] => 1
    [tracking] => Array
        (
            [campaign_id] => 
            [landing_site] => https://naturalconexion.com/wp-admin/admin-ajax.php
        )

)

2022-01-12T19:45:28+00:00 NOTICE order.member.updated :: Updated dianapaolamunozc@gmail.com subscriber status to subscribed and language to 
2022-01-12T19:45:28+00:00 NOTICE order_submit.success :: addStoreOrder :: #18253 :: email: dianapaolamunozc@gmail.com :: landing site https://naturalconexion.com/wp-admin/admin-ajax.php :: abandoned cart deleted [854838b4778f41186f20d400ef246799]
2022-01-12T19:51:44+00:00 NOTICE action_scheduler.queue_job :: MailChimp_WooCommerce_Cart_Update queued :: obj_id 31df626e8d6cf0a042015550ac04f04c
2022-01-12T19:52:16+00:00 NOTICE abandoned_cart.success :: email: jips56@hotmail.com :: checkout_url: https://naturalconexion.com/checkout/?mc_cart_id=31df626e8d6cf0a042015550ac04f04c
2022-01-12T19:52:17+00:00 NOTICE cart.member.updated :: Updated jips56@hotmail.com subscriber status to transactional and language to es
2022-01-12T19:52:32+00:00 NOTICE action_scheduler.queue_job :: MailChimp_WooCommerce_Cart_Update queued :: obj_id 31df626e8d6cf0a042015550ac04f04c
2022-01-12T19:53:17+00:00 NOTICE abandoned_cart.success :: email: jips56@hotmail.com :: checkout_url: https://naturalconexion.com/checkout/?mc_cart_id=31df626e8d6cf0a042015550ac04f04c
2022-01-12T20:34:51+00:00 NOTICE action_scheduler.queue_job :: MailChimp_WooCommerce_Cart_Update queued :: obj_id c3b09800f2a0ff9fa25a811185377574
2022-01-12T20:35:21+00:00 NOTICE abandoned_cart.success :: email: alixdanelarojasjimenez@gmail.com :: checkout_url: https://naturalconexion.com/checkout/?mc_cart_id=c3b09800f2a0ff9fa25a811185377574
2022-01-12T20:35:22+00:00 NOTICE cart.member.updated :: Updated alixdanelarojasjimenez@gmail.com subscriber status to transactional and language to es
2022-01-12T20:35:42+00:00 NOTICE action_scheduler.queue_job :: MailChimp_WooCommerce_Cart_Update queued :: obj_id c3b09800f2a0ff9fa25a811185377574
2022-01-12T20:36:21+00:00 NOTICE abandoned_cart.success :: email: alixdanelarojasjimenez@gmail.com :: checkout_url: https://naturalconexion.com/checkout/?mc_cart_id=c3b09800f2a0ff9fa25a811185377574
2022-01-12T20:36:35+00:00 NOTICE action_scheduler.queue_job :: MailChimp_WooCommerce_Cart_Update queued :: obj_id c3b09800f2a0ff9fa25a811185377574
2022-01-12T20:36:49+00:00 NOTICE action_scheduler.queue_job :: MailChimp_WooCommerce_Single_Order starts in 90 seconds :: obj_id 18254
2022-01-12T20:37:22+00:00 NOTICE abandoned_cart.success :: email: alixdanelarojasjimenez@gmail.com :: checkout_url: https://naturalconexion.com/checkout/?mc_cart_id=c3b09800f2a0ff9fa25a811185377574
2022-01-12T20:38:23+00:00 NOTICE order_sumbit :: #18254 has a financial status of pending and was skipped.
2022-01-12T20:40:54+00:00 NOTICE action_scheduler.queue_job :: MailChimp_WooCommerce_Cart_Update queued :: obj_id 122652cde26daa59d4c2cfa5e9bc30d1
2022-01-12T20:41:35+00:00 NOTICE abandoned_cart.success :: email: estefan80ortiz@gmail.com :: checkout_url: https://naturalconexion.com/checkout/?mc_cart_id=122652cde26daa59d4c2cfa5e9bc30d1
2022-01-12T20:41:36+00:00 NOTICE cart.member.updated :: Updated estefan80ortiz@gmail.com subscriber status to transactional and language to es
2022-01-12T20:42:44+00:00 NOTICE action_scheduler.queue_job :: MailChimp_WooCommerce_Cart_Update queued :: obj_id 122652cde26daa59d4c2cfa5e9bc30d1
2022-01-12T20:43:09+00:00 NOTICE abandoned_cart.success :: email: estefan80ortiz@gmail.com :: checkout_url: https://naturalconexion.com/checkout/?mc_cart_id=122652cde26daa59d4c2cfa5e9bc30d1
2022-01-12T20:45:01+00:00 NOTICE action_scheduler.queue_job :: MailChimp_WooCommerce_Single_Order starts in 90 seconds :: obj_id 18254
2022-01-12T20:45:04+00:00 NOTICE debug :: Order ID 18254 was pending and is now processing :: Array
(
    [new_order] => 1
    [tracking] => Array
        (
            [campaign_id] => 
            [landing_site] => https://naturalconexion.com/wp-admin/admin-ajax.php
        )

)

2022-01-12T20:46:48+00:00 NOTICE order.member.updated :: Updated alixdanelarojasjimenez@gmail.com subscriber status to subscribed and language to 
2022-01-12T20:46:48+00:00 NOTICE order_submit.success :: addStoreOrder :: #18254 :: email: alixdanelarojasjimenez@gmail.com :: landing site https://naturalconexion.com/wp-admin/admin-ajax.php :: abandoned cart deleted [c3b09800f2a0ff9fa25a811185377574]
2022-01-12T20:49:30+00:00 NOTICE action_scheduler.queue_job :: MailChimp_WooCommerce_Single_Order starts in 90 seconds :: obj_id 18255
2022-01-12T20:49:30+00:00 NOTICE action_scheduler.queue_job :: MailChimp_WooCommerce_Cart_Update queued :: obj_id 1990326e1ef271e84bea799c75b07d37
2022-01-12T20:49:33+00:00 NOTICE abandoned_cart.success :: email: leidym10@hotmail.com :: checkout_url: https://naturalconexion.com/checkout/?mc_cart_id=1990326e1ef271e84bea799c75b07d37
2022-01-12T20:49:34+00:00 NOTICE cart.member.updated :: Updated leidym10@hotmail.com subscriber status to transactional and language to es
2022-01-12T20:50:20+00:00 NOTICE debug :: Order ID 18255 was pending and is now processing :: Array
(
    [new_order] => 1
    [tracking] => Array
        (
            [campaign_id] => 
            [landing_site] => https://naturalconexion.com/wp-admin/admin-ajax.php
        )

)

2022-01-12T20:52:30+00:00 NOTICE order.member.updated :: Updated leidym10@hotmail.com subscriber status to subscribed and language to es
2022-01-12T20:52:30+00:00 NOTICE order_submit.success :: addStoreOrder :: #18255 :: email: leidym10@hotmail.com :: landing site https://naturalconexion.com/wp-admin/admin-ajax.php :: abandoned cart deleted [1990326e1ef271e84bea799c75b07d37]
2022-01-12T21:55:49+00:00 NOTICE action_scheduler.queue_job :: MailChimp_WooCommerce_Cart_Update queued :: obj_id 122652cde26daa59d4c2cfa5e9bc30d1
2022-01-12T21:56:16+00:00 NOTICE action_scheduler.queue_job :: MailChimp_WooCommerce_User_Submit queued :: obj_id 2005
2022-01-12T21:56:20+00:00 NOTICE abandoned_cart.success :: email: estefan80ortiz@gmail.com :: checkout_url: https://naturalconexion.com/checkout/?mc_cart_id=122652cde26daa59d4c2cfa5e9bc30d1
2022-01-12T21:56:21+00:00 NOTICE cart.member.updated :: Updated estefan80ortiz@gmail.com subscriber status to transactional and language to es
2022-01-12T21:56:23+00:00 NOTICE member.sync :: Updated Member lilianahincapie7@gmail.com ( merge fields only ) :: Array
(
    [merge_fields] => Array
        (
        )

)

2022-01-12T22:06:11+00:00 NOTICE action_scheduler.queue_job :: MailChimp_WooCommerce_User_Submit queued :: obj_id 1
2022-01-12T22:06:20+00:00 ERROR member.sync :: hola@naturalconexion.com :: Error Code 400 :: hola@naturalconexion.com is in a compliance state due to unsubscribe, bounce, or compliance review and cannot be subscribed. on 1898 in /home/forge/naturalconexion.com/wp-content/plugins/mailchimp-for-woocommerce/includes/api/class-mailchimp-api.php
2022-01-12T22:51:56+00:00 NOTICE action_scheduler.queue_job :: MailChimp_WooCommerce_Cart_Update queued :: obj_id 897297cd72520bf518b8b2bf8343e9cb
2022-01-12T22:51:59+00:00 NOTICE abandoned_cart.success :: email: dianafv207@gmail.com :: checkout_url: https://naturalconexion.com/checkout/?mc_cart_id=897297cd72520bf518b8b2bf8343e9cb
2022-01-12T22:51:59+00:00 NOTICE cart.member.updated :: Updated dianafv207@gmail.com subscriber status to transactional and language to es
2022-01-12T23:22:43+00:00 NOTICE action_scheduler.queue_job :: MailChimp_WooCommerce_Cart_Update queued :: obj_id 3ab1a1a2204279dc56c15163ede60ece
2022-01-12T23:22:54+00:00 NOTICE action_scheduler.queue_job :: MailChimp_WooCommerce_Single_Order starts in 90 seconds :: obj_id 18256
2022-01-12T23:23:20+00:00 NOTICE abandoned_cart.success :: email: niniguerrier@gmail.com :: checkout_url: https://naturalconexion.com/checkout/?mc_cart_id=3ab1a1a2204279dc56c15163ede60ece
2022-01-12T23:23:21+00:00 NOTICE cart.member.updated :: Updated niniguerrier@gmail.com subscriber status to subscribed and language to es
2022-01-12T23:24:26+00:00 NOTICE debug :: Order ID 18256 was pending and is now processing :: Array
(
    [new_order] => 1
    [tracking] => Array
        (
            [campaign_id] => 
            [landing_site] => https://naturalconexion.com/wp-admin/admin-ajax.php
        )

)

2022-01-12T23:26:16+00:00 NOTICE order.member.updated :: Updated niniguerrier@gmail.com subscriber status to subscribed and language to es
2022-01-12T23:26:16+00:00 NOTICE order_submit.success :: addStoreOrder :: #18256 :: email: niniguerrier@gmail.com :: landing site https://naturalconexion.com/wp-admin/admin-ajax.php :: abandoned cart deleted [3ab1a1a2204279dc56c15163ede60ece]
2022-01-12T23:57:28+00:00 NOTICE action_scheduler.queue_job :: MailChimp_WooCommerce_Single_Order starts in 90 seconds :: obj_id 18257
2022-01-12T23:57:29+00:00 NOTICE action_scheduler.queue_job :: MailChimp_WooCommerce_Cart_Update queued :: obj_id e2aec42b520132f2a2e585bd4b7c1b90
2022-01-12T23:57:30+00:00 NOTICE abandoned_cart.success :: email: rosarinco@gmail.com :: checkout_url: https://naturalconexion.com/checkout/?mc_cart_id=e2aec42b520132f2a2e585bd4b7c1b90
2022-01-12T23:57:30+00:00 NOTICE cart.member.updated :: Updated rosarinco@gmail.com subscriber status to transactional and language to es
2022-01-12T23:59:19+00:00 NOTICE order_sumbit :: #18257 has a financial status of pending and was skipped.
