2022-03-17T00:39:59+00:00 NOTICE action_scheduler.queue_job :: MailChimp_WooCommerce_SingleCoupon queued :: obj_id 19267
2022-03-17T00:40:02+00:00 NOTICE promo_code_submit.success :: #19267 :: code: 8jd1c7en
2022-03-17T01:56:39+00:00 NOTICE action_scheduler.queue_job :: MailChimp_WooCommerce_Cart_Update queued :: obj_id c403062f8f55b60694f15bdab68de6aa
2022-03-17T01:56:40+00:00 ERROR abandoned_cart.error :: email: marcebentezgu@hotmail.om :: attempting product update :: marcebentezgu@hotmail.om is an invalid email address and cannot be imported.
2022-03-17T01:56:40+00:00 ERROR abandoned_cart.error :: Error Code 400 :: marcebentezgu@hotmail.om is an invalid email address and cannot be imported. on 1898 in /home/forge/naturalconexion.com/wp-content/plugins/mailchimp-for-woocommerce/includes/api/class-mailchimp-api.php
2022-03-17T01:59:15+00:00 NOTICE action_scheduler.queue_job :: MailChimp_WooCommerce_Single_Order starts in 90 seconds :: obj_id 19268
2022-03-17T02:01:10+00:00 NOTICE order_sumbit :: #19268 has a financial status of pending and was skipped.
2022-03-17T02:30:54+00:00 NOTICE action_scheduler.queue_job :: MailChimp_WooCommerce_SingleCoupon queued :: obj_id 19269
2022-03-17T02:31:09+00:00 NOTICE promo_code_submit.success :: #19269 :: code: xnekviao
2022-03-17T02:53:30+00:00 NOTICE action_scheduler.queue_job :: MailChimp_WooCommerce_Cart_Update queued :: obj_id 3f0895bce3012217931710d2a6aee660
2022-03-17T02:54:04+00:00 NOTICE abandoned_cart.success :: email: ayram.lpzg@gmail.com :: checkout_url: https://naturalconexion.com/checkout/?mc_cart_id=3f0895bce3012217931710d2a6aee660
2022-03-17T02:54:05+00:00 NOTICE cart.member.updated :: Updated ayram.lpzg@gmail.com subscriber status to transactional and language to es
2022-03-17T02:54:46+00:00 NOTICE action_scheduler.queue_job :: MailChimp_WooCommerce_Single_Order starts in 90 seconds :: obj_id 19270
2022-03-17T02:56:34+00:00 NOTICE order_sumbit :: #19270 has a financial status of pending and was skipped.
2022-03-17T03:46:36+00:00 NOTICE action_scheduler.queue_job :: MailChimp_WooCommerce_Single_Order starts in 90 seconds :: obj_id 19268
2022-03-17T03:46:36+00:00 NOTICE debug :: Order ID 19268 was pending and is now cancelled :: Array
(
    [new_order] => 
    [tracking] => 
)

2022-03-17T03:48:13+00:00 NOTICE order_sumbit :: #19268 has a financial status of cancelled and was skipped.
2022-03-17T04:46:48+00:00 NOTICE action_scheduler.queue_job :: MailChimp_WooCommerce_Single_Order starts in 90 seconds :: obj_id 19270
2022-03-17T04:46:48+00:00 NOTICE debug :: Order ID 19270 was pending and is now cancelled :: Array
(
    [new_order] => 
    [tracking] => 
)

2022-03-17T04:48:53+00:00 NOTICE order_sumbit :: #19270 has a financial status of cancelled and was skipped.
2022-03-17T11:53:31+00:00 NOTICE action_scheduler.queue_job :: MailChimp_WooCommerce_Cart_Update queued :: obj_id 0c2b798ec57bdb8f84a124ff990b84ea
2022-03-17T11:54:15+00:00 NOTICE abandoned_cart.success :: email: ana.julia50@hotmail.com :: checkout_url: https://naturalconexion.com/checkout/?mc_cart_id=0c2b798ec57bdb8f84a124ff990b84ea
2022-03-17T11:54:15+00:00 NOTICE cart.member.updated :: Updated ana.julia50@hotmail.com subscriber status to transactional and language to es
2022-03-17T11:56:23+00:00 NOTICE action_scheduler.queue_job :: MailChimp_WooCommerce_Single_Order starts in 90 seconds :: obj_id 19271
2022-03-17T11:58:25+00:00 NOTICE order_sumbit :: #19271 has a financial status of pending and was skipped.
2022-03-17T12:12:24+00:00 NOTICE action_scheduler.queue_job :: MailChimp_WooCommerce_Single_Order starts in 90 seconds :: obj_id 19271
2022-03-17T12:12:25+00:00 NOTICE debug :: Order ID 19271 was pending and is now failed :: Array
(
    [new_order] => 
    [tracking] => 
)

2022-03-17T12:13:45+00:00 NOTICE action_scheduler.queue_job :: MailChimp_WooCommerce_Cart_Update queued :: obj_id 0c2b798ec57bdb8f84a124ff990b84ea
2022-03-17T12:14:08+00:00 NOTICE abandoned_cart.success :: email: ana.julia50@hotmail.com :: checkout_url: https://naturalconexion.com/checkout/?mc_cart_id=0c2b798ec57bdb8f84a124ff990b84ea
2022-03-17T12:14:09+00:00 NOTICE system.debug :: order 19271 is in failed status, and is being skipped for now.
2022-03-17T12:14:45+00:00 NOTICE action_scheduler.queue_job :: MailChimp_WooCommerce_Cart_Update queued :: obj_id 0c2b798ec57bdb8f84a124ff990b84ea
2022-03-17T12:15:09+00:00 NOTICE abandoned_cart.success :: email: ana.julia50@hotmail.com :: checkout_url: https://naturalconexion.com/checkout/?mc_cart_id=0c2b798ec57bdb8f84a124ff990b84ea
2022-03-17T12:15:45+00:00 NOTICE action_scheduler.queue_job :: MailChimp_WooCommerce_Single_Order starts in 90 seconds :: obj_id 19272
2022-03-17T12:17:34+00:00 NOTICE order_sumbit :: #19272 has a financial status of pending and was skipped.
2022-03-17T12:19:08+00:00 NOTICE action_scheduler.queue_job :: MailChimp_WooCommerce_Single_Order starts in 90 seconds :: obj_id 19272
2022-03-17T12:19:10+00:00 NOTICE debug :: Order ID 19272 was pending and is now processing :: Array
(
    [new_order] => 1
    [tracking] => Array
        (
            [campaign_id] => 
            [landing_site] => https://naturalconexion.com/wp-admin/admin-ajax.php
        )

)

2022-03-17T12:20:57+00:00 NOTICE order.member.updated :: Updated ana.julia50@hotmail.com subscriber status to transactional and language to 
2022-03-17T12:20:57+00:00 NOTICE order_submit.success :: addStoreOrder :: #19272 :: email: ana.julia50@hotmail.com :: landing site https://naturalconexion.com/wp-admin/admin-ajax.php :: abandoned cart deleted [0c2b798ec57bdb8f84a124ff990b84ea]
2022-03-17T18:02:15+00:00 NOTICE action_scheduler.queue_job :: MailChimp_WooCommerce_Cart_Update queued :: obj_id 1990326e1ef271e84bea799c75b07d37
2022-03-17T18:02:16+00:00 NOTICE abandoned_cart.success :: email: leidym10@hotmail.com :: checkout_url: https://naturalconexion.com/checkout/?mc_cart_id=1990326e1ef271e84bea799c75b07d37
2022-03-17T18:02:16+00:00 NOTICE cart.member.updated :: Updated leidym10@hotmail.com subscriber status to subscribed and language to es
2022-03-17T18:05:16+00:00 NOTICE action_scheduler.queue_job :: MailChimp_WooCommerce_Single_Order starts in 90 seconds :: obj_id 19273
2022-03-17T18:06:26+00:00 NOTICE debug :: Order ID 19273 was pending and is now processing :: Array
(
    [new_order] => 1
    [tracking] => Array
        (
            [campaign_id] => 
            [landing_site] => https://naturalconexion.com/wp-admin/admin-ajax.php
        )

)

2022-03-17T18:09:14+00:00 NOTICE order.member.updated :: Updated leidym10@hotmail.com subscriber status to subscribed and language to es
2022-03-17T18:09:14+00:00 NOTICE order_submit.success :: addStoreOrder :: #19273 :: email: leidym10@hotmail.com :: landing site https://naturalconexion.com/wp-admin/admin-ajax.php :: abandoned cart deleted [1990326e1ef271e84bea799c75b07d37]
2022-03-17T19:42:14+00:00 NOTICE action_scheduler.queue_job :: MailChimp_WooCommerce_Single_Order starts in 90 seconds :: obj_id 19274
2022-03-17T19:44:19+00:00 NOTICE order_sumbit :: #19274 has a financial status of pending and was skipped.
2022-03-17T20:11:54+00:00 NOTICE action_scheduler.queue_job :: MailChimp_WooCommerce_SingleCoupon queued :: obj_id 19275
2022-03-17T20:12:15+00:00 NOTICE promo_code_submit.success :: #19275 :: code: 5r2u871e
2022-03-17T20:35:56+00:00 NOTICE action_scheduler.queue_job :: MailChimp_WooCommerce_User_Submit queued :: obj_id 1
2022-03-17T20:35:56+00:00 NOTICE action_scheduler.queue_job :: MailChimp_WooCommerce_Single_Order starts in 90 seconds :: obj_id 19276
2022-03-17T20:36:10+00:00 ERROR member.sync :: hola@naturalconexion.com :: Error Code 400 :: hola@naturalconexion.com is in a compliance state due to unsubscribe, bounce, or compliance review and cannot be subscribed. on 1898 in /home/forge/naturalconexion.com/wp-content/plugins/mailchimp-for-woocommerce/includes/api/class-mailchimp-api.php
2022-03-17T20:38:08+00:00 NOTICE order_sumbit :: #19276 has a financial status of pending and was skipped.
2022-03-17T20:50:51+00:00 NOTICE action_scheduler.queue_job :: MailChimp_WooCommerce_Single_Order starts in 90 seconds :: obj_id 19274
2022-03-17T20:50:51+00:00 NOTICE debug :: Order ID 19274 was pending and is now cancelled :: Array
(
    [new_order] => 
    [tracking] => 
)

2022-03-17T20:52:49+00:00 NOTICE order_sumbit :: #19274 has a financial status of cancelled and was skipped.
2022-03-17T21:16:21+00:00 NOTICE action_scheduler.queue_job :: MailChimp_WooCommerce_Cart_Update queued :: obj_id d37c8b6576615486d628e114cb5d669d
2022-03-17T21:17:14+00:00 NOTICE abandoned_cart.success :: email: vanepgonza17@gmail.com :: checkout_url: https://naturalconexion.com/checkout/?mc_cart_id=d37c8b6576615486d628e114cb5d669d
2022-03-17T21:17:15+00:00 NOTICE cart.member.updated :: Updated vanepgonza17@gmail.com subscriber status to transactional and language to es
2022-03-17T21:19:25+00:00 NOTICE action_scheduler.queue_job :: MailChimp_WooCommerce_Cart_Update queued :: obj_id d37c8b6576615486d628e114cb5d669d
2022-03-17T21:19:58+00:00 NOTICE action_scheduler.queue_job :: MailChimp_WooCommerce_Single_Order starts in 90 seconds :: obj_id 19277
2022-03-17T21:20:17+00:00 NOTICE abandoned_cart.success :: email: vanepgonza17@gmail.com :: checkout_url: https://naturalconexion.com/checkout/?mc_cart_id=d37c8b6576615486d628e114cb5d669d
2022-03-17T21:23:08+00:00 NOTICE order_sumbit :: #19277 has a financial status of pending and was skipped.
2022-03-17T21:37:21+00:00 NOTICE action_scheduler.queue_job :: MailChimp_WooCommerce_Single_Order starts in 90 seconds :: obj_id 19278
2022-03-17T21:39:18+00:00 NOTICE order_sumbit :: #19278 has a financial status of pending and was skipped.
2022-03-17T21:40:13+00:00 NOTICE action_scheduler.queue_job :: MailChimp_WooCommerce_Single_Order starts in 90 seconds :: obj_id 19278
2022-03-17T21:40:15+00:00 NOTICE debug :: Order ID 19278 was pending and is now processing :: Array
(
    [new_order] => 1
    [tracking] => Array
        (
            [campaign_id] => 
            [landing_site] => https://naturalconexion.com/wp-admin/admin-ajax.php
        )

)

2022-03-17T21:42:22+00:00 NOTICE order.member.updated :: Updated malari08@hotmail.com subscriber status to subscribed and language to 
2022-03-17T21:42:22+00:00 NOTICE order_submit.success :: addStoreOrder :: #19278 :: email: malari08@hotmail.com :: landing site https://naturalconexion.com/wp-admin/admin-ajax.php
2022-03-17T21:51:02+00:00 NOTICE action_scheduler.queue_job :: MailChimp_WooCommerce_Single_Order starts in 90 seconds :: obj_id 19276
2022-03-17T21:51:02+00:00 NOTICE debug :: Order ID 19276 was pending and is now cancelled :: Array
(
    [new_order] => 
    [tracking] => 
)

2022-03-17T21:52:33+00:00 NOTICE order_sumbit :: #19276 has a financial status of cancelled and was skipped.
2022-03-17T21:59:21+00:00 NOTICE action_scheduler.queue_job :: MailChimp_WooCommerce_Cart_Update queued :: obj_id 1e32ed2be22cd68dfe35e65577ef395b
2022-03-17T21:59:33+00:00 NOTICE abandoned_cart.success :: email: karumen6@gmail.com :: checkout_url: https://naturalconexion.com/checkout/?mc_cart_id=1e32ed2be22cd68dfe35e65577ef395b
2022-03-17T21:59:34+00:00 NOTICE cart.member.updated :: Updated karumen6@gmail.com subscriber status to subscribed and language to es
2022-03-17T22:00:00+00:00 NOTICE action_scheduler.queue_job :: MailChimp_WooCommerce_Cart_Update queued :: obj_id 1e32ed2be22cd68dfe35e65577ef395b
2022-03-17T22:00:11+00:00 NOTICE abandoned_cart.success :: email: karumen6@gmail.com :: checkout_url: https://naturalconexion.com/checkout/?mc_cart_id=1e32ed2be22cd68dfe35e65577ef395b
2022-03-17T22:01:29+00:00 NOTICE action_scheduler.queue_job :: MailChimp_WooCommerce_User_Submit queued :: obj_id 1680
2022-03-17T22:01:29+00:00 NOTICE action_scheduler.queue_job :: MailChimp_WooCommerce_Single_Order starts in 90 seconds :: obj_id 19279
2022-03-17T22:02:03+00:00 NOTICE member.sync :: Updated Member karumen6@gmail.com ( merge fields only ) :: Array
(
    [merge_fields] => Array
        (
            [FNAME] => Maria del Carmen
            [LNAME] => Zapata Castañeda
        )

)

2022-03-17T22:03:06+00:00 NOTICE order_sumbit :: #19279 has a financial status of pending and was skipped.
2022-03-17T22:04:27+00:00 NOTICE action_scheduler.queue_job :: MailChimp_WooCommerce_Cart_Update queued :: obj_id e34b3a5611255bcab1bfda3af41a3829
2022-03-17T22:04:44+00:00 NOTICE action_scheduler.queue_job :: MailChimp_WooCommerce_Single_Order starts in 90 seconds :: obj_id 19280
2022-03-17T22:04:51+00:00 NOTICE action_scheduler.queue_job :: MailChimp_WooCommerce_Single_Order starts in 90 seconds :: obj_id 19279
2022-03-17T22:04:53+00:00 NOTICE debug :: Order ID 19279 was pending and is now processing :: Array
(
    [new_order] => 1
    [tracking] => Array
        (
            [campaign_id] => 
            [landing_site] => https://naturalconexion.com/wp-admin/admin-ajax.php
        )

)

2022-03-17T22:05:09+00:00 NOTICE abandoned_cart.success :: email: camanhenjar@gmail.com :: checkout_url: https://naturalconexion.com/checkout/?mc_cart_id=e34b3a5611255bcab1bfda3af41a3829
2022-03-17T22:05:10+00:00 NOTICE cart.member.updated :: Updated camanhenjar@gmail.com subscriber status to subscribed and language to es
2022-03-17T22:07:00+00:00 NOTICE order_sumbit :: #19280 has a financial status of pending and was skipped.
2022-03-17T22:07:04+00:00 NOTICE order.member.updated :: Updated karumen6@gmail.com subscriber status to subscribed and language to 
2022-03-17T22:07:04+00:00 NOTICE order_submit.success :: addStoreOrder :: #19279 :: email: karumen6@gmail.com :: landing site https://naturalconexion.com/wp-admin/admin-ajax.php :: abandoned cart deleted [1e32ed2be22cd68dfe35e65577ef395b]
2022-03-17T22:08:09+00:00 NOTICE action_scheduler.queue_job :: MailChimp_WooCommerce_Cart_Update queued :: obj_id e34b3a5611255bcab1bfda3af41a3829
2022-03-17T22:08:30+00:00 NOTICE abandoned_cart.success :: email: camanhenjar@gmail.com :: checkout_url: https://naturalconexion.com/checkout/?mc_cart_id=e34b3a5611255bcab1bfda3af41a3829
2022-03-17T22:19:31+00:00 NOTICE action_scheduler.queue_job :: MailChimp_WooCommerce_Cart_Update queued :: obj_id e34b3a5611255bcab1bfda3af41a3829
2022-03-17T22:20:09+00:00 NOTICE action_scheduler.queue_job :: MailChimp_WooCommerce_Single_Order starts in 90 seconds :: obj_id 19281
2022-03-17T22:20:11+00:00 NOTICE abandoned_cart.success :: email: camanhenjar@gmail.com :: checkout_url: https://naturalconexion.com/checkout/?mc_cart_id=e34b3a5611255bcab1bfda3af41a3829
2022-03-17T22:22:25+00:00 NOTICE debug :: Order ID 19281 was pending and is now processing :: Array
(
    [new_order] => 1
    [tracking] => Array
        (
            [campaign_id] => 
            [landing_site] => https://naturalconexion.com/wp-admin/admin-ajax.php
        )

)

2022-03-17T22:24:30+00:00 NOTICE order.member.updated :: Updated camanhenjar@gmail.com subscriber status to subscribed and language to es
2022-03-17T22:24:30+00:00 NOTICE order_submit.success :: addStoreOrder :: #19281 :: email: camanhenjar@gmail.com :: landing site https://naturalconexion.com/wp-admin/admin-ajax.php :: abandoned cart deleted [e34b3a5611255bcab1bfda3af41a3829]
2022-03-17T22:51:07+00:00 NOTICE action_scheduler.queue_job :: MailChimp_WooCommerce_Single_Order starts in 90 seconds :: obj_id 19277
2022-03-17T22:51:07+00:00 NOTICE debug :: Order ID 19277 was pending and is now cancelled :: Array
(
    [new_order] => 
    [tracking] => 
)

2022-03-17T22:52:44+00:00 NOTICE order_sumbit :: #19277 has a financial status of cancelled and was skipped.
2022-03-17T23:02:49+00:00 NOTICE action_scheduler.queue_job :: MailChimp_WooCommerce_Cart_Update queued :: obj_id f76f65dc622e7963fc95f4a87896b06e
2022-03-17T23:02:56+00:00 NOTICE action_scheduler.queue_job :: MailChimp_WooCommerce_Single_Order starts in 90 seconds :: obj_id 19282
2022-03-17T23:03:08+00:00 NOTICE abandoned_cart.success :: email: sarazpt@gmail.com :: checkout_url: https://naturalconexion.com/checkout/?mc_cart_id=f76f65dc622e7963fc95f4a87896b06e
2022-03-17T23:03:08+00:00 NOTICE cart.member.updated :: Updated sarazpt@gmail.com subscriber status to transactional and language to es
2022-03-17T23:05:13+00:00 NOTICE order_sumbit :: #19282 has a financial status of pending and was skipped.
2022-03-17T23:06:05+00:00 NOTICE action_scheduler.queue_job :: MailChimp_WooCommerce_Single_Order starts in 90 seconds :: obj_id 19282
2022-03-17T23:06:06+00:00 NOTICE debug :: Order ID 19282 was pending and is now processing :: Array
(
    [new_order] => 1
    [tracking] => Array
        (
            [campaign_id] => 
            [landing_site] => https://naturalconexion.com/wp-admin/admin-ajax.php
        )

)

2022-03-17T23:08:46+00:00 NOTICE order.member.updated :: Updated sarazpt@gmail.com subscriber status to subscribed and language to 
2022-03-17T23:08:46+00:00 NOTICE order_submit.success :: addStoreOrder :: #19282 :: email: sarazpt@gmail.com :: landing site https://naturalconexion.com/wp-admin/admin-ajax.php :: abandoned cart deleted [f76f65dc622e7963fc95f4a87896b06e]
2022-03-17T23:51:23+00:00 NOTICE action_scheduler.queue_job :: MailChimp_WooCommerce_Single_Order starts in 90 seconds :: obj_id 19280
2022-03-17T23:51:23+00:00 NOTICE debug :: Order ID 19280 was pending and is now cancelled :: Array
(
    [new_order] => 
    [tracking] => 
)

2022-03-17T23:54:19+00:00 NOTICE order_sumbit :: #19280 has a financial status of cancelled and was skipped.
