2022-07-21T00:04:35+00:00 NOTICE action_scheduler.queue_job :: MailChimp_WooCommerce_Cart_Update queued :: obj_id a2587422624497feeeb0d8a3d2f609fb
2022-07-21T00:04:37+00:00 NOTICE abandoned_cart.success :: email: leidylili19@hotmail.com :: checkout_url: https://naturalconexion.com/checkout/?mc_cart_id=a2587422624497feeeb0d8a3d2f609fb
2022-07-21T00:04:37+00:00 NOTICE cart.member.updated :: Updated leidylili19@hotmail.com subscriber status to transactional and language to es
2022-07-21T00:36:43+00:00 NOTICE action_scheduler.queue_job :: MailChimp_WooCommerce_Cart_Update queued :: obj_id f217afaf869fe95d99ac1fa23d17ddc9
2022-07-21T00:36:43+00:00 NOTICE action_scheduler.queue_job :: MailChimp_WooCommerce_Cart_Update queued :: obj_id f217afaf869fe95d99ac1fa23d17ddc9
2022-07-21T00:37:03+00:00 NOTICE abandoned_cart.success :: email: aidebarriospadilla@gmail.com :: checkout_url: https://naturalconexion.com/checkout/?mc_cart_id=f217afaf869fe95d99ac1fa23d17ddc9
2022-07-21T00:37:03+00:00 NOTICE cart.member.updated :: Updated aidebarriospadilla@gmail.com subscriber status to transactional and language to es
2022-07-21T00:37:04+00:00 NOTICE abandoned_cart.success :: email: aidebarriospadilla@gmail.com :: checkout_url: https://naturalconexion.com/checkout/?mc_cart_id=f217afaf869fe95d99ac1fa23d17ddc9
2022-07-21T01:42:48+00:00 NOTICE action_scheduler.queue_job :: MailChimp_WooCommerce_User_Submit queued :: obj_id 1718
2022-07-21T01:43:46+00:00 NOTICE member.sync :: Updated Member satagu2006@hotmail.com :: Array
(
    [status] => subscribed
    [language] => 
    [merge_fields] => Array
        (
        )

    [gdpr_fields] => 
)

2022-07-21T01:46:54+00:00 NOTICE action_scheduler.queue_job :: MailChimp_WooCommerce_Cart_Update queued :: obj_id 2f108dce07ccf3554ed913632d3303c0
2022-07-21T01:47:27+00:00 NOTICE abandoned_cart.success :: email: satagu2006@hotmail.com :: checkout_url: https://naturalconexion.com/checkout/?mc_cart_id=2f108dce07ccf3554ed913632d3303c0
2022-07-21T01:47:27+00:00 NOTICE cart.member.updated :: Updated satagu2006@hotmail.com subscriber status to subscribed and language to es
2022-07-21T01:48:36+00:00 NOTICE action_scheduler.queue_job :: MailChimp_WooCommerce_Cart_Update queued :: obj_id 2f108dce07ccf3554ed913632d3303c0
2022-07-21T01:50:03+00:00 NOTICE abandoned_cart.success :: email: satagu2006@hotmail.com :: checkout_url: https://naturalconexion.com/checkout/?mc_cart_id=2f108dce07ccf3554ed913632d3303c0
2022-07-21T01:51:05+00:00 NOTICE action_scheduler.queue_job :: MailChimp_WooCommerce_Cart_Update queued :: obj_id 2f108dce07ccf3554ed913632d3303c0
2022-07-21T01:51:07+00:00 NOTICE abandoned_cart.success :: email: satagu2006@hotmail.com :: checkout_url: https://naturalconexion.com/checkout/?mc_cart_id=2f108dce07ccf3554ed913632d3303c0
2022-07-21T01:51:35+00:00 NOTICE action_scheduler.queue_job :: MailChimp_WooCommerce_Cart_Update queued :: obj_id 2f108dce07ccf3554ed913632d3303c0
2022-07-21T01:52:53+00:00 NOTICE abandoned_cart.success :: email: satagu2006@hotmail.com :: checkout_url: https://naturalconexion.com/checkout/?mc_cart_id=2f108dce07ccf3554ed913632d3303c0
2022-07-21T04:46:41+00:00 NOTICE action_scheduler.queue_job :: MailChimp_WooCommerce_Cart_Update queued :: obj_id 7f230986bb19855b5be34495b522fabb
2022-07-21T04:47:58+00:00 NOTICE abandoned_cart.success :: email: julie162002@gmail.com :: checkout_url: https://naturalconexion.com/checkout/?mc_cart_id=7f230986bb19855b5be34495b522fabb
2022-07-21T04:47:58+00:00 NOTICE cart.member.updated :: Updated julie162002@gmail.com subscriber status to transactional and language to es
2022-07-21T12:26:27+00:00 NOTICE action_scheduler.queue_job :: MailChimp_WooCommerce_Single_Order starts in 90 seconds :: obj_id 21147
2022-07-21T12:26:30+00:00 NOTICE debug :: Order ID 21147 was processing and is now completed :: Array
(
    [new_order] => 
    [tracking] => 
)

2022-07-21T12:26:30+00:00 NOTICE action_scheduler.queue_job :: MailChimp_WooCommerce_Single_Order starts in 90 seconds :: obj_id 21155
2022-07-21T12:26:33+00:00 NOTICE debug :: Order ID 21155 was processing and is now completed :: Array
(
    [new_order] => 
    [tracking] => 
)

2022-07-21T12:26:33+00:00 NOTICE action_scheduler.queue_job :: MailChimp_WooCommerce_Single_Order starts in 90 seconds :: obj_id 21156
2022-07-21T12:26:36+00:00 NOTICE debug :: Order ID 21156 was processing and is now completed :: Array
(
    [new_order] => 
    [tracking] => 
)

2022-07-21T12:26:36+00:00 NOTICE action_scheduler.queue_job :: MailChimp_WooCommerce_Single_Order starts in 90 seconds :: obj_id 21157
2022-07-21T12:26:39+00:00 NOTICE debug :: Order ID 21157 was processing and is now completed :: Array
(
    [new_order] => 
    [tracking] => 
)

2022-07-21T12:26:39+00:00 NOTICE action_scheduler.queue_job :: MailChimp_WooCommerce_Single_Order starts in 90 seconds :: obj_id 21158
2022-07-21T12:26:41+00:00 NOTICE debug :: Order ID 21158 was processing and is now completed :: Array
(
    [new_order] => 
    [tracking] => 
)

2022-07-21T12:26:41+00:00 NOTICE action_scheduler.queue_job :: MailChimp_WooCommerce_Single_Order starts in 90 seconds :: obj_id 21159
2022-07-21T12:26:43+00:00 NOTICE debug :: Order ID 21159 was processing and is now completed :: Array
(
    [new_order] => 
    [tracking] => 
)

2022-07-21T12:26:43+00:00 NOTICE action_scheduler.queue_job :: MailChimp_WooCommerce_Single_Order starts in 90 seconds :: obj_id 21160
2022-07-21T12:26:46+00:00 NOTICE debug :: Order ID 21160 was processing and is now completed :: Array
(
    [new_order] => 
    [tracking] => 
)

2022-07-21T12:28:15+00:00 NOTICE order.member.updated :: Updated carohenao0823@gmail.com subscriber status to transactional and language to 
2022-07-21T12:28:15+00:00 NOTICE order_submit.success :: updateStoreOrder :: #21147 :: email: carohenao0823@gmail.com
2022-07-21T12:28:16+00:00 NOTICE order.member.updated :: Updated dcquinche@gmail.com subscriber status to transactional and language to 
2022-07-21T12:28:16+00:00 NOTICE order_submit.success :: updateStoreOrder :: #21155 :: email: dcquinche@gmail.com
2022-07-21T12:28:18+00:00 NOTICE order.member.updated :: Updated vaneza.montoya@gmail.com subscriber status to transactional and language to 
2022-07-21T12:28:18+00:00 NOTICE order_submit.success :: updateStoreOrder :: #21156 :: email: vaneza.montoya@gmail.com
2022-07-21T12:28:19+00:00 NOTICE order.member.updated :: Updated assilem_99@outlook.es subscriber status to transactional and language to 
2022-07-21T12:28:19+00:00 NOTICE order_submit.success :: updateStoreOrder :: #21157 :: email: assilem_99@outlook.es
2022-07-21T12:28:21+00:00 NOTICE order.member.updated :: Updated lauraisabeltamayo@gmail.com subscriber status to subscribed and language to 
2022-07-21T12:28:21+00:00 NOTICE order_submit.success :: updateStoreOrder :: #21158 :: email: lauraisabeltamayo@gmail.com
2022-07-21T12:28:22+00:00 NOTICE order.member.updated :: Updated camila.alba1991@gmail.com subscriber status to subscribed and language to 
2022-07-21T12:28:22+00:00 NOTICE order_submit.success :: updateStoreOrder :: #21159 :: email: camila.alba1991@gmail.com
2022-07-21T12:28:23+00:00 NOTICE order.member.updated :: Updated milenamachadov@gmail.com subscriber status to subscribed and language to 
2022-07-21T12:28:23+00:00 NOTICE order_submit.success :: updateStoreOrder :: #21160 :: email: milenamachadov@gmail.com
2022-07-21T14:08:30+00:00 NOTICE product.deleted :: deleted product 14633
2022-07-21T14:27:05+00:00 NOTICE action_scheduler.queue_job :: MailChimp_WooCommerce_Cart_Update queued :: obj_id 8299da4d5ddd5a26343a9aac7cd5c8e4
2022-07-21T14:27:10+00:00 NOTICE action_scheduler.queue_job :: MailChimp_WooCommerce_Cart_Update queued :: obj_id e36aaa738e4cafb800409cc32399ead2
2022-07-21T14:27:54+00:00 NOTICE abandoned_cart.success :: email: dmromeroc1@yahoo.es :: checkout_url: https://naturalconexion.com/checkout/?mc_cart_id=8299da4d5ddd5a26343a9aac7cd5c8e4
2022-07-21T14:27:54+00:00 NOTICE cart.member.updated :: Updated dmromeroc1@yahoo.es subscriber status to transactional and language to es
2022-07-21T14:27:55+00:00 NOTICE abandoned_cart.success :: email: tatolady@hotmail.com :: checkout_url: https://naturalconexion.com/checkout/?mc_cart_id=e36aaa738e4cafb800409cc32399ead2
2022-07-21T14:27:55+00:00 NOTICE cart.member.updated :: Updated tatolady@hotmail.com subscriber status to subscribed and language to es
2022-07-21T14:28:12+00:00 NOTICE action_scheduler.queue_job :: MailChimp_WooCommerce_Single_Order starts in 90 seconds :: obj_id 21174
2022-07-21T14:29:19+00:00 NOTICE action_scheduler.queue_job :: MailChimp_WooCommerce_Cart_Update queued :: obj_id e36aaa738e4cafb800409cc32399ead2
2022-07-21T14:29:56+00:00 NOTICE abandoned_cart.success :: email: tatolady@hotmail.com :: checkout_url: https://naturalconexion.com/checkout/?mc_cart_id=e36aaa738e4cafb800409cc32399ead2
2022-07-21T14:29:56+00:00 NOTICE order_submit :: #21174 has a financial status of pending and was skipped.
2022-07-21T14:29:58+00:00 NOTICE action_scheduler.queue_job :: MailChimp_WooCommerce_Cart_Update queued :: obj_id e36aaa738e4cafb800409cc32399ead2
2022-07-21T14:30:00+00:00 NOTICE abandoned_cart.success :: email: tatolady@hotmail.com :: checkout_url: https://naturalconexion.com/checkout/?mc_cart_id=e36aaa738e4cafb800409cc32399ead2
2022-07-21T14:30:12+00:00 NOTICE action_scheduler.queue_job :: MailChimp_WooCommerce_Single_Order starts in 90 seconds :: obj_id 21174
2022-07-21T14:30:16+00:00 NOTICE debug :: Order ID 21174 was pending and is now processing :: Array
(
    [new_order] => 1
    [tracking] => Array
        (
            [campaign_id] => 
            [landing_site] => https://naturalconexion.com/wp-content/plugins/woocommerce-payu-latam/confirmation.php
        )

)

2022-07-21T14:30:33+00:00 NOTICE action_scheduler.queue_job :: MailChimp_WooCommerce_Cart_Update queued :: obj_id e36aaa738e4cafb800409cc32399ead2
2022-07-21T14:30:58+00:00 NOTICE abandoned_cart.success :: email: tatolady@hotmail.com :: checkout_url: https://naturalconexion.com/checkout/?mc_cart_id=e36aaa738e4cafb800409cc32399ead2
2022-07-21T14:31:50+00:00 NOTICE action_scheduler.queue_job :: MailChimp_WooCommerce_Cart_Update queued :: obj_id e36aaa738e4cafb800409cc32399ead2
2022-07-21T14:32:05+00:00 NOTICE order.member.updated :: Updated dmromeroc1@gmail.com subscriber status to subscribed and language to 
2022-07-21T14:32:05+00:00 NOTICE order_submit.success :: addStoreOrder :: #21174 :: email: dmromeroc1@gmail.com :: landing site https://naturalconexion.com/wp-content/plugins/woocommerce-payu-latam/confirmation.php
2022-07-21T14:32:06+00:00 NOTICE abandoned_cart.success :: email: tatolady@hotmail.com :: checkout_url: https://naturalconexion.com/checkout/?mc_cart_id=e36aaa738e4cafb800409cc32399ead2
2022-07-21T14:34:55+00:00 NOTICE action_scheduler.queue_job :: MailChimp_WooCommerce_Single_Product starts in 5 seconds :: obj_id 18385
2022-07-21T14:35:25+00:00 NOTICE product_submit.success :: updateStoreProduct :: #18385
2022-07-21T14:35:51+00:00 NOTICE action_scheduler.queue_job :: MailChimp_WooCommerce_Cart_Update queued :: obj_id e36aaa738e4cafb800409cc32399ead2
2022-07-21T14:36:03+00:00 NOTICE abandoned_cart.success :: email: tatolady@hotmail.com :: checkout_url: https://naturalconexion.com/checkout/?mc_cart_id=e36aaa738e4cafb800409cc32399ead2
2022-07-21T14:36:08+00:00 NOTICE action_scheduler.queue_job :: MailChimp_WooCommerce_Single_Product starts in 5 seconds :: obj_id 18385
2022-07-21T14:36:26+00:00 NOTICE action_scheduler.queue_job :: MailChimp_WooCommerce_Cart_Update queued :: obj_id e36aaa738e4cafb800409cc32399ead2
2022-07-21T14:36:27+00:00 NOTICE product_submit.success :: updateStoreProduct :: #18385
2022-07-21T14:36:27+00:00 NOTICE abandoned_cart.success :: email: tatolady@hotmail.com :: checkout_url: https://naturalconexion.com/checkout/?mc_cart_id=e36aaa738e4cafb800409cc32399ead2
2022-07-21T14:38:39+00:00 NOTICE action_scheduler.queue_job :: MailChimp_WooCommerce_User_Submit queued :: obj_id 1948
2022-07-21T14:38:39+00:00 NOTICE action_scheduler.queue_job :: MailChimp_WooCommerce_Single_Order starts in 90 seconds :: obj_id 21176
2022-07-21T14:40:09+00:00 NOTICE member.sync :: Updated Member Tatolady@hotmail.com :: Array
(
    [status] => subscribed
    [language] => 
    [merge_fields] => Array
        (
            [FNAME] => Leidy tatiana
            [LNAME] => Ortiz penagos
        )

    [gdpr_fields] => 
)

2022-07-21T14:40:10+00:00 NOTICE order_submit :: #21176 has a financial status of pending and was skipped.
2022-07-21T14:41:05+00:00 NOTICE action_scheduler.queue_job :: MailChimp_WooCommerce_Single_Order starts in 90 seconds :: obj_id 21176
2022-07-21T14:41:08+00:00 NOTICE debug :: Order ID 21176 was pending and is now processing :: Array
(
    [new_order] => 1
    [tracking] => Array
        (
            [campaign_id] => 
            [landing_site] => https://naturalconexion.com/wp-content/plugins/woocommerce-payu-latam/confirmation.php
        )

)

2022-07-21T14:43:11+00:00 NOTICE order.member.updated :: Updated Tatolady@hotmail.com subscriber status to subscribed and language to 
2022-07-21T14:43:11+00:00 NOTICE order_submit.success :: addStoreOrder :: #21176 :: email: Tatolady@hotmail.com :: landing site https://naturalconexion.com/wp-content/plugins/woocommerce-payu-latam/confirmation.php :: abandoned cart deleted [e36aaa738e4cafb800409cc32399ead2]
2022-07-21T14:45:43+00:00 NOTICE action_scheduler.queue_job :: MailChimp_WooCommerce_Single_Product starts in 5 seconds :: obj_id 18385
2022-07-21T14:46:00+00:00 NOTICE product_submit.success :: updateStoreProduct :: #18385
2022-07-21T15:54:28+00:00 NOTICE action_scheduler.queue_job :: MailChimp_WooCommerce_Single_Order starts in 90 seconds :: obj_id 21161
2022-07-21T15:54:31+00:00 NOTICE debug :: Order ID 21161 was processing and is now completed :: Array
(
    [new_order] => 
    [tracking] => 
)

2022-07-21T15:54:31+00:00 NOTICE action_scheduler.queue_job :: MailChimp_WooCommerce_Single_Order starts in 90 seconds :: obj_id 21162
2022-07-21T15:54:33+00:00 NOTICE debug :: Order ID 21162 was processing and is now completed :: Array
(
    [new_order] => 
    [tracking] => 
)

2022-07-21T15:54:33+00:00 NOTICE action_scheduler.queue_job :: MailChimp_WooCommerce_Single_Order starts in 90 seconds :: obj_id 21163
2022-07-21T15:54:36+00:00 NOTICE debug :: Order ID 21163 was processing and is now completed :: Array
(
    [new_order] => 
    [tracking] => 
)

2022-07-21T15:54:36+00:00 NOTICE action_scheduler.queue_job :: MailChimp_WooCommerce_Single_Order starts in 90 seconds :: obj_id 21164
2022-07-21T15:54:39+00:00 NOTICE debug :: Order ID 21164 was processing and is now completed :: Array
(
    [new_order] => 
    [tracking] => 
)

2022-07-21T15:54:39+00:00 NOTICE action_scheduler.queue_job :: MailChimp_WooCommerce_Single_Order starts in 90 seconds :: obj_id 21165
2022-07-21T15:54:43+00:00 NOTICE debug :: Order ID 21165 was processing and is now completed :: Array
(
    [new_order] => 
    [tracking] => 
)

2022-07-21T15:54:43+00:00 NOTICE action_scheduler.queue_job :: MailChimp_WooCommerce_Single_Order starts in 90 seconds :: obj_id 21166
2022-07-21T15:54:49+00:00 NOTICE debug :: Order ID 21166 was processing and is now completed :: Array
(
    [new_order] => 
    [tracking] => 
)

2022-07-21T15:54:49+00:00 NOTICE action_scheduler.queue_job :: MailChimp_WooCommerce_Single_Order starts in 90 seconds :: obj_id 21168
2022-07-21T15:54:52+00:00 NOTICE debug :: Order ID 21168 was processing and is now completed :: Array
(
    [new_order] => 
    [tracking] => 
)

2022-07-21T15:54:52+00:00 NOTICE action_scheduler.queue_job :: MailChimp_WooCommerce_Single_Order starts in 90 seconds :: obj_id 21170
2022-07-21T15:54:56+00:00 NOTICE debug :: Order ID 21170 was processing and is now completed :: Array
(
    [new_order] => 
    [tracking] => 
)

2022-07-21T15:54:56+00:00 NOTICE action_scheduler.queue_job :: MailChimp_WooCommerce_Single_Order starts in 90 seconds :: obj_id 21171
2022-07-21T15:54:58+00:00 NOTICE debug :: Order ID 21171 was processing and is now completed :: Array
(
    [new_order] => 
    [tracking] => 
)

2022-07-21T15:54:58+00:00 NOTICE action_scheduler.queue_job :: MailChimp_WooCommerce_Single_Order starts in 90 seconds :: obj_id 21172
2022-07-21T15:55:01+00:00 NOTICE debug :: Order ID 21172 was processing and is now completed :: Array
(
    [new_order] => 
    [tracking] => 
)

2022-07-21T15:55:01+00:00 NOTICE action_scheduler.queue_job :: MailChimp_WooCommerce_Single_Order starts in 90 seconds :: obj_id 21173
2022-07-21T15:55:06+00:00 NOTICE debug :: Order ID 21173 was processing and is now completed :: Array
(
    [new_order] => 
    [tracking] => 
)

2022-07-21T15:56:21+00:00 NOTICE order.member.updated :: Updated marulanda.sara@gmail.com subscriber status to subscribed and language to 
2022-07-21T15:56:21+00:00 NOTICE order_submit.success :: updateStoreOrder :: #21161 :: email: marulanda.sara@gmail.com
2022-07-21T15:56:22+00:00 NOTICE order.member.updated :: Updated pipas.sociales-0e@icloud.com subscriber status to subscribed and language to 
2022-07-21T15:56:22+00:00 NOTICE order_submit.success :: updateStoreOrder :: #21162 :: email: pipas.sociales-0e@icloud.com
2022-07-21T15:56:23+00:00 NOTICE order.member.updated :: Updated karenbifi09@hotmail.com subscriber status to subscribed and language to 
2022-07-21T15:56:23+00:00 NOTICE order_submit.success :: updateStoreOrder :: #21163 :: email: karenbifi09@hotmail.com
2022-07-21T15:56:25+00:00 NOTICE order.member.updated :: Updated mariaatoscano135@hotmail.com subscriber status to subscribed and language to 
2022-07-21T15:56:25+00:00 NOTICE order_submit.success :: updateStoreOrder :: #21164 :: email: mariaatoscano135@hotmail.com
2022-07-21T15:56:26+00:00 NOTICE order.member.updated :: Updated natimendezgomez@gmail.com subscriber status to transactional and language to 
2022-07-21T15:56:26+00:00 NOTICE order_submit.success :: updateStoreOrder :: #21165 :: email: natimendezgomez@gmail.com
2022-07-21T15:56:28+00:00 NOTICE order.member.updated :: Updated susi_9330@hotmail.com subscriber status to transactional and language to 
2022-07-21T15:56:28+00:00 NOTICE order_submit.success :: updateStoreOrder :: #21166 :: email: susi_9330@hotmail.com
2022-07-21T15:56:29+00:00 NOTICE order.member.updated :: Updated marianagiraldo148@gmail.com subscriber status to subscribed and language to 
2022-07-21T15:56:29+00:00 NOTICE order_submit.success :: updateStoreOrder :: #21168 :: email: marianagiraldo148@gmail.com
2022-07-21T15:56:31+00:00 NOTICE order.member.updated :: Updated Jeny.herrera001@gmail.com subscriber status to subscribed and language to 
2022-07-21T15:56:31+00:00 NOTICE order_submit.success :: updateStoreOrder :: #21170 :: email: Jeny.herrera001@gmail.com
2022-07-21T15:56:33+00:00 NOTICE order.member.updated :: Updated alejandra_vergara17@outlook.es subscriber status to transactional and language to 
2022-07-21T15:56:33+00:00 NOTICE order_submit.success :: updateStoreOrder :: #21171 :: email: alejandra_vergara17@outlook.es
2022-07-21T15:56:34+00:00 NOTICE order.member.updated :: Updated melissaechandia@gmail.com subscriber status to subscribed and language to 
2022-07-21T15:56:34+00:00 NOTICE order_submit.success :: updateStoreOrder :: #21172 :: email: melissaechandia@gmail.com
2022-07-21T15:56:36+00:00 NOTICE order.member.updated :: Updated nataliamalandinez@gmail.com subscriber status to subscribed and language to 
2022-07-21T15:56:36+00:00 NOTICE order_submit.success :: updateStoreOrder :: #21173 :: email: nataliamalandinez@gmail.com
2022-07-21T16:31:04+00:00 NOTICE action_scheduler.queue_job :: MailChimp_WooCommerce_Single_Product starts in 5 seconds :: obj_id 7518
2022-07-21T16:31:24+00:00 NOTICE product_submit.success :: updateStoreProduct :: #7518
2022-07-21T16:34:14+00:00 NOTICE action_scheduler.queue_job :: MailChimp_WooCommerce_User_Submit queued :: obj_id 1849
2022-07-21T16:34:17+00:00 NOTICE member.sync :: Updated Member marulanda.sara@gmail.com :: Array
(
    [status] => subscribed
    [language] => 
    [merge_fields] => Array
        (
            [FNAME] => Sara
            [LNAME] => Marulanda
        )

    [gdpr_fields] => 
)

2022-07-21T16:35:10+00:00 NOTICE action_scheduler.queue_job :: MailChimp_WooCommerce_Single_Product starts in 5 seconds :: obj_id 18449
2022-07-21T16:35:58+00:00 NOTICE product_submit.success :: updateStoreProduct :: #18449
2022-07-21T18:18:32+00:00 NOTICE action_scheduler.queue_job :: MailChimp_WooCommerce_Cart_Update queued :: obj_id 0887ea11e753c40a1ab859d2dbf8810d
2022-07-21T18:19:25+00:00 NOTICE abandoned_cart.success :: email: yece.torres@gmail.com :: checkout_url: https://naturalconexion.com/checkout/?mc_cart_id=0887ea11e753c40a1ab859d2dbf8810d
2022-07-21T18:19:26+00:00 NOTICE cart.member.updated :: Updated yece.torres@gmail.com subscriber status to transactional and language to es
2022-07-21T18:20:05+00:00 NOTICE action_scheduler.queue_job :: MailChimp_WooCommerce_Single_Order starts in 90 seconds :: obj_id 21178
2022-07-21T18:22:16+00:00 NOTICE debug :: Order ID 21178 was pending and is now processing :: Array
(
    [new_order] => 1
    [tracking] => Array
        (
            [campaign_id] => 
            [landing_site] => https://naturalconexion.com/wp-content/plugins/woocommerce-payu-latam/confirmation.php
        )

)

2022-07-21T18:24:06+00:00 NOTICE order.member.updated :: Updated yece.torres@gmail.com subscriber status to transactional and language to es
2022-07-21T18:24:06+00:00 NOTICE order_submit.success :: addStoreOrder :: #21178 :: email: yece.torres@gmail.com :: landing site https://naturalconexion.com/ :: abandoned cart deleted [0887ea11e753c40a1ab859d2dbf8810d]
2022-07-21T21:11:08+00:00 NOTICE action_scheduler.queue_job :: MailChimp_WooCommerce_Single_Order starts in 90 seconds :: obj_id 21179
2022-07-21T21:13:22+00:00 NOTICE order_submit :: #21179 has a financial status of pending and was skipped.
2022-07-21T21:16:57+00:00 NOTICE action_scheduler.queue_job :: MailChimp_WooCommerce_Single_Order starts in 90 seconds :: obj_id 21179
2022-07-21T21:16:59+00:00 NOTICE debug :: Order ID 21179 was pending and is now processing :: Array
(
    [new_order] => 1
    [tracking] => Array
        (
            [campaign_id] => 
            [landing_site] => https://naturalconexion.com/wp-content/plugins/woocommerce-payu-latam/confirmation.php
        )

)

2022-07-21T21:19:42+00:00 NOTICE order.member.updated :: Updated laura_catteau@hotmail.com subscriber status to subscribed and language to 
2022-07-21T21:19:42+00:00 NOTICE order_submit.success :: addStoreOrder :: #21179 :: email: laura_catteau@hotmail.com :: landing site https://naturalconexion.com/wp-content/plugins/woocommerce-payu-latam/confirmation.php
