2022-03-18T04:35:48+00:00 NOTICE action_scheduler.queue_job :: MailChimp_WooCommerce_User_Submit queued :: obj_id 1994
2022-03-18T04:36:14+00:00 NOTICE member.sync :: Updated Member davidfnieto8080@gmail.com ( merge fields only ) :: Array
(
    [merge_fields] => Array
        (
        )

)

2022-03-18T04:43:35+00:00 NOTICE action_scheduler.queue_job :: MailChimp_WooCommerce_Cart_Update queued :: obj_id 1381499c02bb16ccb84f7b96f37cbfd7
2022-03-18T04:43:36+00:00 NOTICE abandoned_cart.success :: email: davidfnieto8080@gmail.com :: checkout_url: https://naturalconexion.com/checkout/?mc_cart_id=1381499c02bb16ccb84f7b96f37cbfd7
2022-03-18T04:43:37+00:00 NOTICE cart.member.updated :: Updated davidfnieto8080@gmail.com subscriber status to subscribed and language to es
2022-03-18T05:14:46+00:00 NOTICE action_scheduler.queue_job :: MailChimp_WooCommerce_Cart_Update queued :: obj_id 1381499c02bb16ccb84f7b96f37cbfd7
2022-03-18T05:15:25+00:00 NOTICE abandoned_cart.success :: email: davidfnieto8080@gmail.com :: checkout_url: https://naturalconexion.com/checkout/?mc_cart_id=1381499c02bb16ccb84f7b96f37cbfd7
2022-03-18T12:53:16+00:00 NOTICE action_scheduler.queue_job :: MailChimp_WooCommerce_User_Submit queued :: obj_id 1999
2022-03-18T12:53:17+00:00 NOTICE member.sync :: Updated Member paholita79@gmail.com ( merge fields only ) :: Array
(
    [merge_fields] => Array
        (
            [FNAME] => Paola
            [LNAME] => Baquero
        )

)

2022-03-18T23:26:44+00:00 NOTICE action_scheduler.queue_job :: MailChimp_WooCommerce_User_Submit queued :: obj_id 1999
2022-03-18T23:27:26+00:00 NOTICE member.sync :: Updated Member paholita79@gmail.com ( merge fields only ) :: Array
(
    [merge_fields] => Array
        (
            [FNAME] => Paola
            [LNAME] => Baquero
        )

)

2022-03-18T23:29:29+00:00 NOTICE action_scheduler.queue_job :: MailChimp_WooCommerce_Cart_Update queued :: obj_id 6064bd646f3c3b85c7bf27b744aed602
2022-03-18T23:29:39+00:00 NOTICE abandoned_cart.success :: email: paholita79@gmail.com :: checkout_url: https://naturalconexion.com/checkout/?mc_cart_id=6064bd646f3c3b85c7bf27b744aed602
2022-03-18T23:29:39+00:00 NOTICE cart.member.updated :: Updated paholita79@gmail.com subscriber status to subscribed and language to es
2022-03-18T23:30:30+00:00 NOTICE action_scheduler.queue_job :: MailChimp_WooCommerce_Cart_Update queued :: obj_id 6064bd646f3c3b85c7bf27b744aed602
2022-03-18T23:30:49+00:00 NOTICE abandoned_cart.success :: email: paholita79@gmail.com :: checkout_url: https://naturalconexion.com/checkout/?mc_cart_id=6064bd646f3c3b85c7bf27b744aed602
2022-03-18T23:32:54+00:00 NOTICE action_scheduler.queue_job :: MailChimp_WooCommerce_Cart_Update queued :: obj_id 6064bd646f3c3b85c7bf27b744aed602
2022-03-18T23:33:12+00:00 NOTICE abandoned_cart.success :: email: paholita79@gmail.com :: checkout_url: https://naturalconexion.com/checkout/?mc_cart_id=6064bd646f3c3b85c7bf27b744aed602
2022-03-18T23:40:57+00:00 NOTICE action_scheduler.queue_job :: MailChimp_WooCommerce_Cart_Update queued :: obj_id 6064bd646f3c3b85c7bf27b744aed602
2022-03-18T23:41:25+00:00 NOTICE abandoned_cart.success :: email: paholita79@gmail.com :: checkout_url: https://naturalconexion.com/checkout/?mc_cart_id=6064bd646f3c3b85c7bf27b744aed602
2022-03-18T23:45:13+00:00 NOTICE action_scheduler.queue_job :: MailChimp_WooCommerce_User_Submit queued :: obj_id 1999
2022-03-18T23:45:13+00:00 NOTICE action_scheduler.queue_job :: MailChimp_WooCommerce_Single_Order starts in 90 seconds :: obj_id 19283
2022-03-18T23:45:16+00:00 NOTICE member.sync :: Updated Member paholita79@gmail.com ( merge fields only ) :: Array
(
    [merge_fields] => Array
        (
            [FNAME] => Paola
            [LNAME] => Baquero
        )

)

2022-03-18T23:47:11+00:00 NOTICE order_sumbit :: #19283 has a financial status of pending and was skipped.
2022-03-18T23:47:51+00:00 NOTICE action_scheduler.queue_job :: MailChimp_WooCommerce_Single_Order starts in 90 seconds :: obj_id 19283
2022-03-18T23:47:53+00:00 NOTICE debug :: Order ID 19283 was pending and is now processing :: Array
(
    [new_order] => 1
    [tracking] => Array
        (
            [campaign_id] => 
            [landing_site] => https://naturalconexion.com/wp-admin/admin-ajax.php
        )

)

2022-03-18T23:49:29+00:00 NOTICE order.member.updated :: Updated paholita79@gmail.com subscriber status to subscribed and language to 
2022-03-18T23:49:29+00:00 NOTICE order_submit.success :: addStoreOrder :: #19283 :: email: paholita79@gmail.com :: landing site https://naturalconexion.com/wp-admin/admin-ajax.php :: abandoned cart deleted [6064bd646f3c3b85c7bf27b744aed602]
