2022-06-15T01:35:16+00:00 NOTICE action_scheduler.queue_job :: MailChimp_WooCommerce_Cart_Update queued :: obj_id bbd208c5c281efd00985f6f577c1d293
2022-06-15T01:35:47+00:00 NOTICE abandoned_cart.success :: email: delosangeles1101@gmail.com :: checkout_url: https://naturalconexion.com/checkout/?mc_cart_id=bbd208c5c281efd00985f6f577c1d293
2022-06-15T01:35:47+00:00 NOTICE cart.member.updated :: Updated delosangeles1101@gmail.com subscriber status to subscribed and language to es
2022-06-15T01:37:18+00:00 NOTICE action_scheduler.queue_job :: MailChimp_WooCommerce_Single_Order starts in 90 seconds :: obj_id 20642
2022-06-15T01:39:35+00:00 NOTICE order_sumbit :: #20642 has a financial status of pending and was skipped.
2022-06-15T01:40:08+00:00 NOTICE action_scheduler.queue_job :: MailChimp_WooCommerce_Single_Order starts in 90 seconds :: obj_id 20642
2022-06-15T01:40:11+00:00 NOTICE debug :: Order ID 20642 was pending and is now processing :: Array
(
    [new_order] => 1
    [tracking] => Array
        (
            [campaign_id] => 
            [landing_site] => https://naturalconexion.com/wp-content/plugins/woocommerce-payu-latam/confirmation.php
        )

)

2022-06-15T01:41:56+00:00 NOTICE order.member.updated :: Updated delosangeles1101@gmail.com subscriber status to subscribed and language to 
2022-06-15T01:41:56+00:00 NOTICE order_submit.success :: addStoreOrder :: #20642 :: email: delosangeles1101@gmail.com :: landing site https://naturalconexion.com/wp-content/plugins/woocommerce-payu-latam/confirmation.php :: abandoned cart deleted [bbd208c5c281efd00985f6f577c1d293]
2022-06-15T01:50:31+00:00 NOTICE action_scheduler.queue_job :: MailChimp_WooCommerce_Cart_Update queued :: obj_id a7caae331601bfc9caec783bdc7dd5e5
2022-06-15T01:50:33+00:00 NOTICE action_scheduler.queue_job :: MailChimp_WooCommerce_Single_Order starts in 90 seconds :: obj_id 20643
2022-06-15T01:50:39+00:00 NOTICE abandoned_cart.success :: email: paola.diaz9704@gmail.com :: checkout_url: https://naturalconexion.com/checkout/?mc_cart_id=a7caae331601bfc9caec783bdc7dd5e5
2022-06-15T01:50:40+00:00 NOTICE cart.member.updated :: Updated paola.diaz9704@gmail.com subscriber status to transactional and language to es
2022-06-15T01:52:19+00:00 NOTICE order_sumbit :: #20643 has a financial status of pending and was skipped.
2022-06-15T01:52:42+00:00 NOTICE action_scheduler.queue_job :: MailChimp_WooCommerce_Single_Order starts in 90 seconds :: obj_id 20643
2022-06-15T01:52:45+00:00 NOTICE debug :: Order ID 20643 was pending and is now processing :: Array
(
    [new_order] => 1
    [tracking] => Array
        (
            [campaign_id] => 
            [landing_site] => https://naturalconexion.com/wp-content/plugins/woocommerce-payu-latam/confirmation.php
        )

)

2022-06-15T01:54:45+00:00 NOTICE order.member.updated :: Updated paola.diaz9704@gmail.com subscriber status to transactional and language to 
2022-06-15T01:54:45+00:00 NOTICE order_submit.success :: addStoreOrder :: #20643 :: email: paola.diaz9704@gmail.com :: landing site https://naturalconexion.com/wp-content/plugins/woocommerce-payu-latam/confirmation.php :: abandoned cart deleted [a7caae331601bfc9caec783bdc7dd5e5]
2022-06-15T02:00:51+00:00 NOTICE action_scheduler.queue_job :: MailChimp_WooCommerce_Cart_Update queued :: obj_id 0d2edd816a44fcc03dd213a1955a45c9
2022-06-15T02:01:13+00:00 NOTICE abandoned_cart.success :: email: emilyyo2002@gmail.com :: checkout_url: https://naturalconexion.com/checkout/?mc_cart_id=0d2edd816a44fcc03dd213a1955a45c9
2022-06-15T02:01:13+00:00 NOTICE cart.member.updated :: Updated emilyyo2002@gmail.com subscriber status to subscribed and language to es
2022-06-15T02:02:36+00:00 NOTICE ac.cart_swap :: Deleted cart [emilyyo2002@gmail.com] :: ID [0d2edd816a44fcc03dd213a1955a45c9]
2022-06-15T02:02:36+00:00 NOTICE action_scheduler.queue_job :: MailChimp_WooCommerce_Cart_Update queued :: obj_id 5f6d888d6ec27de045fd530e99afff05
2022-06-15T02:02:37+00:00 NOTICE abandoned_cart.success :: email: papeleriametropolitano@gmail.com :: checkout_url: https://naturalconexion.com/checkout/?mc_cart_id=5f6d888d6ec27de045fd530e99afff05
2022-06-15T02:02:37+00:00 NOTICE cart.member.updated :: Updated papeleriametropolitano@gmail.com subscriber status to subscribed and language to es
2022-06-15T02:03:43+00:00 NOTICE action_scheduler.queue_job :: MailChimp_WooCommerce_Cart_Update queued :: obj_id f9981567e0765d2f0e83c40b2757e257
2022-06-15T02:04:31+00:00 NOTICE abandoned_cart.success :: email: janitagn@hotmail.com :: checkout_url: https://naturalconexion.com/checkout/?mc_cart_id=f9981567e0765d2f0e83c40b2757e257
2022-06-15T02:04:31+00:00 NOTICE cart.member.updated :: Updated janitagn@hotmail.com subscriber status to subscribed and language to es
2022-06-15T02:17:38+00:00 NOTICE action_scheduler.queue_job :: MailChimp_WooCommerce_Single_Order starts in 90 seconds :: obj_id 20644
2022-06-15T02:19:35+00:00 NOTICE order_sumbit :: #20644 has a financial status of pending and was skipped.
2022-06-15T02:21:26+00:00 NOTICE action_scheduler.queue_job :: MailChimp_WooCommerce_Single_Order starts in 90 seconds :: obj_id 20645
2022-06-15T02:23:52+00:00 NOTICE order_sumbit :: #20645 has a financial status of pending and was skipped.
2022-06-15T02:32:54+00:00 NOTICE action_scheduler.queue_job :: MailChimp_WooCommerce_Single_Order starts in 90 seconds :: obj_id 20644
2022-06-15T02:32:57+00:00 NOTICE debug :: Order ID 20644 was pending and is now processing :: Array
(
    [new_order] => 1
    [tracking] => Array
        (
            [campaign_id] => 
            [landing_site] => https://naturalconexion.com/wp-content/plugins/woocommerce-payu-latam/confirmation.php
        )

)

2022-06-15T02:35:36+00:00 NOTICE order.member.updated :: Updated janitagn@hotmail.com subscriber status to subscribed and language to 
2022-06-15T02:35:36+00:00 NOTICE order_submit.success :: addStoreOrder :: #20644 :: email: janitagn@hotmail.com :: landing site https://naturalconexion.com/wp-content/plugins/woocommerce-payu-latam/confirmation.php :: abandoned cart deleted [f9981567e0765d2f0e83c40b2757e257]
2022-06-15T03:05:32+00:00 NOTICE action_scheduler.queue_job :: MailChimp_WooCommerce_Cart_Update queued :: obj_id c3ff0c8e0c9739cb1a0304a8cac45667
2022-06-15T03:05:34+00:00 NOTICE abandoned_cart.success :: email: lirofo@gmail.com :: checkout_url: https://naturalconexion.com/checkout/?mc_cart_id=c3ff0c8e0c9739cb1a0304a8cac45667
2022-06-15T03:05:35+00:00 NOTICE cart.member.updated :: Updated lirofo@gmail.com subscriber status to subscribed and language to es
2022-06-15T03:06:13+00:00 NOTICE action_scheduler.queue_job :: MailChimp_WooCommerce_Single_Order starts in 90 seconds :: obj_id 20646
2022-06-15T03:07:46+00:00 NOTICE order_sumbit :: #20646 has a financial status of pending and was skipped.
2022-06-15T03:08:22+00:00 NOTICE action_scheduler.queue_job :: MailChimp_WooCommerce_Single_Order starts in 90 seconds :: obj_id 20646
2022-06-15T03:08:24+00:00 NOTICE debug :: Order ID 20646 was pending and is now processing :: Array
(
    [new_order] => 1
    [tracking] => Array
        (
            [campaign_id] => 
            [landing_site] => https://naturalconexion.com/wp-content/plugins/woocommerce-payu-latam/confirmation.php
        )

)

2022-06-15T03:11:08+00:00 NOTICE order.member.updated :: Updated lirofo@gmail.com subscriber status to subscribed and language to 
2022-06-15T03:11:08+00:00 NOTICE order_submit.success :: addStoreOrder :: #20646 :: email: lirofo@gmail.com :: landing site https://naturalconexion.com/wp-content/plugins/woocommerce-payu-latam/confirmation.php :: abandoned cart deleted [c3ff0c8e0c9739cb1a0304a8cac45667]
2022-06-15T03:37:19+00:00 NOTICE action_scheduler.queue_job :: MailChimp_WooCommerce_Single_Order starts in 90 seconds :: obj_id 20645
2022-06-15T03:37:19+00:00 NOTICE debug :: Order ID 20645 was pending and is now cancelled :: Array
(
    [new_order] => 
    [tracking] => 
)

2022-06-15T03:40:15+00:00 NOTICE order_sumbit :: #20645 has a financial status of cancelled and was skipped.
2022-06-15T13:58:37+00:00 NOTICE action_scheduler.queue_job :: MailChimp_WooCommerce_Single_Order starts in 90 seconds :: obj_id 20647
2022-06-15T14:00:40+00:00 NOTICE order_sumbit :: #20647 has a financial status of pending and was skipped.
2022-06-15T14:00:45+00:00 NOTICE action_scheduler.queue_job :: MailChimp_WooCommerce_Single_Order starts in 90 seconds :: obj_id 20647
2022-06-15T14:00:48+00:00 NOTICE debug :: Order ID 20647 was pending and is now processing :: Array
(
    [new_order] => 1
    [tracking] => Array
        (
            [campaign_id] => 
            [landing_site] => https://naturalconexion.com/wp-content/plugins/woocommerce-payu-latam/confirmation.php
        )

)

2022-06-15T14:02:33+00:00 NOTICE order.member.updated :: Updated Lissethmargarita18@gmail.com subscriber status to subscribed and language to 
2022-06-15T14:02:33+00:00 NOTICE order_submit.success :: addStoreOrder :: #20647 :: email: Lissethmargarita18@gmail.com :: landing site https://naturalconexion.com/wp-content/plugins/woocommerce-payu-latam/confirmation.php
2022-06-15T14:06:03+00:00 NOTICE action_scheduler.queue_job :: MailChimp_WooCommerce_Cart_Update queued :: obj_id e4eeb875b3ea5c5a34e3c3c817452c5e
2022-06-15T14:08:07+00:00 NOTICE abandoned_cart.success :: email: estefa96422@hotmail.com :: checkout_url: https://naturalconexion.com/checkout/?mc_cart_id=e4eeb875b3ea5c5a34e3c3c817452c5e
2022-06-15T14:08:07+00:00 NOTICE cart.member.updated :: Updated estefa96422@hotmail.com subscriber status to transactional and language to es
2022-06-15T14:12:05+00:00 NOTICE action_scheduler.queue_job :: MailChimp_WooCommerce_Single_Order starts in 90 seconds :: obj_id 20648
2022-06-15T14:14:26+00:00 NOTICE order_sumbit :: #20648 has a financial status of pending and was skipped.
2022-06-15T14:17:01+00:00 NOTICE action_scheduler.queue_job :: MailChimp_WooCommerce_Cart_Update queued :: obj_id e4eeb875b3ea5c5a34e3c3c817452c5e
2022-06-15T14:17:55+00:00 NOTICE abandoned_cart.success :: email: estefa96422@hotmail.com :: checkout_url: https://naturalconexion.com/checkout/?mc_cart_id=e4eeb875b3ea5c5a34e3c3c817452c5e
2022-06-15T14:33:52+00:00 NOTICE action_scheduler.queue_job :: MailChimp_WooCommerce_Single_Product starts in 5 seconds :: obj_id 17297
2022-06-15T14:34:27+00:00 NOTICE product_submit.success :: updateStoreProduct :: #17297
2022-06-15T15:18:23+00:00 NOTICE action_scheduler.queue_job :: MailChimp_WooCommerce_SingleCoupon queued :: obj_id 20649
2022-06-15T15:18:33+00:00 NOTICE promo_code_submit.success :: #20649 :: code: 1lp58d8d
2022-06-15T15:26:24+00:00 NOTICE action_scheduler.queue_job :: MailChimp_WooCommerce_Cart_Update queued :: obj_id e4eeb875b3ea5c5a34e3c3c817452c5e
2022-06-15T15:26:47+00:00 NOTICE abandoned_cart.success :: email: estefa96422@hotmail.com :: checkout_url: https://naturalconexion.com/checkout/?mc_cart_id=e4eeb875b3ea5c5a34e3c3c817452c5e
2022-06-15T15:26:47+00:00 NOTICE cart.member.updated :: Updated estefa96422@hotmail.com subscriber status to transactional and language to es
2022-06-15T15:32:56+00:00 NOTICE action_scheduler.queue_job :: MailChimp_WooCommerce_Cart_Update queued :: obj_id e4eeb875b3ea5c5a34e3c3c817452c5e
2022-06-15T15:33:30+00:00 NOTICE abandoned_cart.success :: email: estefa96422@hotmail.com :: checkout_url: https://naturalconexion.com/checkout/?mc_cart_id=e4eeb875b3ea5c5a34e3c3c817452c5e
2022-06-15T15:33:41+00:00 NOTICE action_scheduler.queue_job :: MailChimp_WooCommerce_Single_Order starts in 90 seconds :: obj_id 20650
2022-06-15T15:35:28+00:00 NOTICE debug :: Order ID 20650 was pending and is now processing :: Array
(
    [new_order] => 1
    [tracking] => Array
        (
            [campaign_id] => 
            [landing_site] => https://naturalconexion.com/?wc-api=wc_addi_gateway
        )

)

2022-06-15T15:37:06+00:00 NOTICE order.member.updated :: Updated estefa96422@hotmail.com subscriber status to subscribed and language to es
2022-06-15T15:37:06+00:00 NOTICE order_submit.success :: addStoreOrder :: #20650 :: email: estefa96422@hotmail.com :: landing site https://naturalconexion.com/ :: abandoned cart deleted [e4eeb875b3ea5c5a34e3c3c817452c5e]
2022-06-15T15:49:57+00:00 NOTICE action_scheduler.queue_job :: MailChimp_WooCommerce_Single_Order starts in 90 seconds :: obj_id 20648
2022-06-15T15:49:57+00:00 NOTICE debug :: Order ID 20648 was pending and is now cancelled :: Array
(
    [new_order] => 
    [tracking] => 
)

2022-06-15T15:51:46+00:00 NOTICE order_sumbit :: #20648 has a financial status of cancelled and was skipped.
2022-06-15T16:49:33+00:00 NOTICE action_scheduler.queue_job :: MailChimp_WooCommerce_Single_Order starts in 90 seconds :: obj_id 20627
2022-06-15T16:49:36+00:00 NOTICE debug :: Order ID 20627 was processing and is now completed :: Array
(
    [new_order] => 
    [tracking] => 
)

2022-06-15T16:49:36+00:00 NOTICE action_scheduler.queue_job :: MailChimp_WooCommerce_Single_Order starts in 90 seconds :: obj_id 20629
2022-06-15T16:49:38+00:00 NOTICE debug :: Order ID 20629 was processing and is now completed :: Array
(
    [new_order] => 
    [tracking] => 
)

2022-06-15T16:49:38+00:00 NOTICE action_scheduler.queue_job :: MailChimp_WooCommerce_Single_Order starts in 90 seconds :: obj_id 20630
2022-06-15T16:49:40+00:00 NOTICE debug :: Order ID 20630 was processing and is now completed :: Array
(
    [new_order] => 
    [tracking] => 
)

2022-06-15T16:49:40+00:00 NOTICE action_scheduler.queue_job :: MailChimp_WooCommerce_Single_Order starts in 90 seconds :: obj_id 20637
2022-06-15T16:49:41+00:00 NOTICE debug :: Order ID 20637 was processing and is now completed :: Array
(
    [new_order] => 
    [tracking] => 
)

2022-06-15T16:49:42+00:00 NOTICE action_scheduler.queue_job :: MailChimp_WooCommerce_Single_Order starts in 90 seconds :: obj_id 20638
2022-06-15T16:49:43+00:00 NOTICE debug :: Order ID 20638 was processing and is now completed :: Array
(
    [new_order] => 
    [tracking] => 
)

2022-06-15T16:49:43+00:00 NOTICE action_scheduler.queue_job :: MailChimp_WooCommerce_Single_Order starts in 90 seconds :: obj_id 20639
2022-06-15T16:49:45+00:00 NOTICE debug :: Order ID 20639 was processing and is now completed :: Array
(
    [new_order] => 
    [tracking] => 
)

2022-06-15T16:49:45+00:00 NOTICE action_scheduler.queue_job :: MailChimp_WooCommerce_Single_Order starts in 90 seconds :: obj_id 20641
2022-06-15T16:49:47+00:00 NOTICE debug :: Order ID 20641 was processing and is now completed :: Array
(
    [new_order] => 
    [tracking] => 
)

2022-06-15T16:49:47+00:00 NOTICE action_scheduler.queue_job :: MailChimp_WooCommerce_Single_Order starts in 90 seconds :: obj_id 20642
2022-06-15T16:49:48+00:00 NOTICE debug :: Order ID 20642 was processing and is now completed :: Array
(
    [new_order] => 
    [tracking] => 
)

2022-06-15T16:49:48+00:00 NOTICE action_scheduler.queue_job :: MailChimp_WooCommerce_Single_Order starts in 90 seconds :: obj_id 20643
2022-06-15T16:49:50+00:00 NOTICE debug :: Order ID 20643 was processing and is now completed :: Array
(
    [new_order] => 
    [tracking] => 
)

2022-06-15T16:49:51+00:00 NOTICE action_scheduler.queue_job :: MailChimp_WooCommerce_Single_Order starts in 90 seconds :: obj_id 20644
2022-06-15T16:49:52+00:00 NOTICE debug :: Order ID 20644 was processing and is now completed :: Array
(
    [new_order] => 
    [tracking] => 
)

2022-06-15T16:49:52+00:00 NOTICE action_scheduler.queue_job :: MailChimp_WooCommerce_Single_Order starts in 90 seconds :: obj_id 20646
2022-06-15T16:49:54+00:00 NOTICE debug :: Order ID 20646 was processing and is now completed :: Array
(
    [new_order] => 
    [tracking] => 
)

2022-06-15T16:51:10+00:00 NOTICE order.member.updated :: Updated silvia.chacon@grace.com subscriber status to transactional and language to 
2022-06-15T16:51:10+00:00 NOTICE order_submit.success :: updateStoreOrder :: #20627 :: email: silvia.chacon@grace.com
2022-06-15T16:51:11+00:00 NOTICE order.member.updated :: Updated letagilo@hotmail.com subscriber status to subscribed and language to 
2022-06-15T16:51:11+00:00 NOTICE order_submit.success :: updateStoreOrder :: #20629 :: email: letagilo@hotmail.com
2022-06-15T16:51:13+00:00 NOTICE order.member.updated :: Updated lalamartinezpas@gmail.com subscriber status to subscribed and language to 
2022-06-15T16:51:13+00:00 NOTICE order_submit.success :: updateStoreOrder :: #20630 :: email: lalamartinezpas@gmail.com
2022-06-15T16:51:14+00:00 NOTICE order.member.updated :: Updated kren93hh@gmail.com subscriber status to subscribed and language to 
2022-06-15T16:51:14+00:00 NOTICE order_submit.success :: updateStoreOrder :: #20637 :: email: kren93hh@gmail.com
2022-06-15T16:51:15+00:00 NOTICE order.member.updated :: Updated caroposadaosorio20@gmail.com subscriber status to subscribed and language to 
2022-06-15T16:51:15+00:00 NOTICE order_submit.success :: updateStoreOrder :: #20638 :: email: caroposadaosorio20@gmail.com
2022-06-15T16:51:17+00:00 NOTICE order.member.updated :: Updated leonilarincon@hotmail.com subscriber status to subscribed and language to 
2022-06-15T16:51:17+00:00 NOTICE order_submit.success :: updateStoreOrder :: #20639 :: email: leonilarincon@hotmail.com
2022-06-15T16:51:18+00:00 NOTICE order.member.updated :: Updated psalgado80@msn.com subscriber status to subscribed and language to 
2022-06-15T16:51:18+00:00 NOTICE order_submit.success :: updateStoreOrder :: #20641 :: email: psalgado80@msn.com
2022-06-15T16:51:20+00:00 NOTICE order.member.updated :: Updated delosangeles1101@gmail.com subscriber status to subscribed and language to 
2022-06-15T16:51:20+00:00 NOTICE order_submit.success :: updateStoreOrder :: #20642 :: email: delosangeles1101@gmail.com
2022-06-15T16:51:22+00:00 NOTICE order.member.updated :: Updated paola.diaz9704@gmail.com subscriber status to transactional and language to 
2022-06-15T16:51:22+00:00 NOTICE order_submit.success :: updateStoreOrder :: #20643 :: email: paola.diaz9704@gmail.com
2022-06-15T16:51:23+00:00 NOTICE order.member.updated :: Updated janitagn@hotmail.com subscriber status to subscribed and language to 
2022-06-15T16:51:23+00:00 NOTICE order_submit.success :: updateStoreOrder :: #20644 :: email: janitagn@hotmail.com
2022-06-15T16:51:25+00:00 NOTICE order.member.updated :: Updated lirofo@gmail.com subscriber status to subscribed and language to 
2022-06-15T16:51:25+00:00 NOTICE order_submit.success :: updateStoreOrder :: #20646 :: email: lirofo@gmail.com
2022-06-15T17:09:57+00:00 NOTICE action_scheduler.queue_job :: MailChimp_WooCommerce_Single_Product starts in 5 seconds :: obj_id 7470
2022-06-15T17:10:30+00:00 NOTICE product_submit.success :: updateStoreProduct :: #7470
2022-06-15T17:13:54+00:00 NOTICE action_scheduler.queue_job :: MailChimp_WooCommerce_Cart_Update queued :: obj_id 91ca77b241b97b9b48c1faec56a752dd
2022-06-15T17:14:32+00:00 NOTICE abandoned_cart.success :: email: ango.brangus1@gmail.com :: checkout_url: https://naturalconexion.com/checkout/?mc_cart_id=91ca77b241b97b9b48c1faec56a752dd
2022-06-15T17:14:32+00:00 NOTICE cart.member.updated :: Updated ango.brangus1@gmail.com subscriber status to subscribed and language to es
2022-06-15T17:14:59+00:00 NOTICE action_scheduler.queue_job :: MailChimp_WooCommerce_Single_Order starts in 90 seconds :: obj_id 20657
2022-06-15T17:16:33+00:00 NOTICE order_sumbit :: #20657 has a financial status of pending and was skipped.
2022-06-15T17:19:47+00:00 NOTICE action_scheduler.queue_job :: MailChimp_WooCommerce_Single_Order starts in 90 seconds :: obj_id 20657
2022-06-15T17:19:49+00:00 NOTICE debug :: Order ID 20657 was pending and is now processing :: Array
(
    [new_order] => 1
    [tracking] => Array
        (
            [campaign_id] => 
            [landing_site] => https://naturalconexion.com/wp-content/plugins/woocommerce-payu-latam/confirmation.php
        )

)

2022-06-15T17:21:38+00:00 NOTICE order.member.updated :: Updated ango.brangus1@gmail.com subscriber status to subscribed and language to 
2022-06-15T17:21:38+00:00 NOTICE order_submit.success :: addStoreOrder :: #20657 :: email: ango.brangus1@gmail.com :: landing site https://naturalconexion.com/wp-content/plugins/woocommerce-payu-latam/confirmation.php :: abandoned cart deleted [91ca77b241b97b9b48c1faec56a752dd]
2022-06-15T17:34:34+00:00 NOTICE action_scheduler.queue_job :: MailChimp_WooCommerce_Single_Product starts in 5 seconds :: obj_id 7680
2022-06-15T17:35:31+00:00 NOTICE product_submit.success :: updateStoreProduct :: #7680
2022-06-15T17:35:37+00:00 NOTICE action_scheduler.queue_job :: MailChimp_WooCommerce_Single_Product starts in 5 seconds :: obj_id 7618
2022-06-15T17:36:36+00:00 NOTICE product_submit.success :: updateStoreProduct :: #7618
2022-06-15T17:38:06+00:00 NOTICE action_scheduler.queue_job :: MailChimp_WooCommerce_Single_Product starts in 5 seconds :: obj_id 7430
2022-06-15T17:38:31+00:00 NOTICE product_submit.success :: updateStoreProduct :: #7430
2022-06-15T17:38:59+00:00 NOTICE action_scheduler.queue_job :: MailChimp_WooCommerce_Single_Product starts in 5 seconds :: obj_id 7479
2022-06-15T17:39:35+00:00 NOTICE product_submit.success :: updateStoreProduct :: #7479
2022-06-15T17:40:02+00:00 NOTICE action_scheduler.queue_job :: MailChimp_WooCommerce_Single_Product starts in 5 seconds :: obj_id 7566
2022-06-15T17:40:37+00:00 NOTICE product_submit.success :: updateStoreProduct :: #7566
2022-06-15T17:41:33+00:00 NOTICE action_scheduler.queue_job :: MailChimp_WooCommerce_Single_Product starts in 5 seconds :: obj_id 16855
2022-06-15T17:42:00+00:00 NOTICE product_submit.success :: updateStoreProduct :: #16855
2022-06-15T17:42:31+00:00 NOTICE action_scheduler.queue_job :: MailChimp_WooCommerce_Single_Product starts in 5 seconds :: obj_id 15567
2022-06-15T17:43:04+00:00 NOTICE product_submit.success :: updateStoreProduct :: #15567
2022-06-15T17:43:17+00:00 NOTICE action_scheduler.queue_job :: MailChimp_WooCommerce_Single_Product starts in 5 seconds :: obj_id 15495
2022-06-15T17:43:30+00:00 NOTICE product_submit.success :: updateStoreProduct :: #15495
2022-06-15T17:44:03+00:00 NOTICE action_scheduler.queue_job :: MailChimp_WooCommerce_Single_Product starts in 5 seconds :: obj_id 7477
2022-06-15T17:44:35+00:00 NOTICE product_submit.success :: updateStoreProduct :: #7477
2022-06-15T17:44:51+00:00 NOTICE action_scheduler.queue_job :: MailChimp_WooCommerce_Single_Product starts in 5 seconds :: obj_id 7480
2022-06-15T17:45:17+00:00 NOTICE product_submit.success :: updateStoreProduct :: #7480
2022-06-15T17:46:12+00:00 NOTICE action_scheduler.queue_job :: MailChimp_WooCommerce_Single_Product starts in 5 seconds :: obj_id 7514
2022-06-15T17:46:33+00:00 NOTICE product_submit.success :: updateStoreProduct :: #7514
2022-06-15T17:46:58+00:00 NOTICE action_scheduler.queue_job :: MailChimp_WooCommerce_Single_Product starts in 5 seconds :: obj_id 7516
2022-06-15T17:47:23+00:00 NOTICE product_submit.success :: updateStoreProduct :: #7516
2022-06-15T17:48:13+00:00 NOTICE action_scheduler.queue_job :: MailChimp_WooCommerce_Single_Product starts in 5 seconds :: obj_id 14953
2022-06-15T17:48:31+00:00 NOTICE product_submit.success :: updateStoreProduct :: #14953
2022-06-15T17:48:41+00:00 NOTICE action_scheduler.queue_job :: MailChimp_WooCommerce_Single_Product starts in 5 seconds :: obj_id 7612
2022-06-15T17:49:41+00:00 NOTICE product_submit.success :: updateStoreProduct :: #7612
2022-06-15T17:50:06+00:00 NOTICE action_scheduler.queue_job :: MailChimp_WooCommerce_Single_Product starts in 5 seconds :: obj_id 7502
2022-06-15T17:50:34+00:00 NOTICE product_submit.success :: updateStoreProduct :: #7502
2022-06-15T17:50:54+00:00 NOTICE action_scheduler.queue_job :: MailChimp_WooCommerce_Single_Product starts in 5 seconds :: obj_id 16340
2022-06-15T17:51:27+00:00 NOTICE action_scheduler.queue_job :: MailChimp_WooCommerce_Single_Product starts in 5 seconds :: obj_id 16033
2022-06-15T17:51:34+00:00 NOTICE product_submit.success :: updateStoreProduct :: #16340
2022-06-15T17:51:34+00:00 NOTICE product_submit.success :: updateStoreProduct :: #16033
2022-06-15T17:52:03+00:00 NOTICE action_scheduler.queue_job :: MailChimp_WooCommerce_Single_Product starts in 5 seconds :: obj_id 7611
2022-06-15T17:52:30+00:00 NOTICE action_scheduler.queue_job :: MailChimp_WooCommerce_Single_Product starts in 5 seconds :: obj_id 16036
2022-06-15T17:52:34+00:00 NOTICE product_submit.success :: updateStoreProduct :: #7611
2022-06-15T17:53:14+00:00 NOTICE product_submit.success :: updateStoreProduct :: #16036
2022-06-15T17:58:24+00:00 NOTICE action_scheduler.queue_job :: MailChimp_WooCommerce_Single_Product starts in 5 seconds :: obj_id 7606
2022-06-15T17:58:32+00:00 NOTICE product_submit.success :: updateStoreProduct :: #7606
2022-06-15T17:58:57+00:00 NOTICE action_scheduler.queue_job :: MailChimp_WooCommerce_Single_Product starts in 5 seconds :: obj_id 7513
2022-06-15T17:59:45+00:00 NOTICE product_submit.success :: updateStoreProduct :: #7513
2022-06-15T17:59:55+00:00 NOTICE action_scheduler.queue_job :: MailChimp_WooCommerce_Single_Product starts in 5 seconds :: obj_id 7604
2022-06-15T18:00:18+00:00 NOTICE product_submit.success :: updateStoreProduct :: #7604
2022-06-15T18:00:20+00:00 NOTICE action_scheduler.queue_job :: MailChimp_WooCommerce_Single_Product starts in 5 seconds :: obj_id 7533
2022-06-15T18:00:31+00:00 NOTICE product_submit.success :: updateStoreProduct :: #7533
2022-06-15T18:00:44+00:00 NOTICE action_scheduler.queue_job :: MailChimp_WooCommerce_Single_Product starts in 5 seconds :: obj_id 7485
2022-06-15T18:01:32+00:00 NOTICE product_submit.success :: updateStoreProduct :: #7485
2022-06-15T18:01:59+00:00 NOTICE action_scheduler.queue_job :: MailChimp_WooCommerce_Single_Product starts in 5 seconds :: obj_id 7634
2022-06-15T18:02:32+00:00 NOTICE product_submit.success :: updateStoreProduct :: #7634
2022-06-15T18:02:50+00:00 NOTICE action_scheduler.queue_job :: MailChimp_WooCommerce_Single_Product starts in 5 seconds :: obj_id 7606
2022-06-15T18:03:42+00:00 NOTICE product_submit.success :: updateStoreProduct :: #7606
2022-06-15T21:12:49+00:00 NOTICE action_scheduler.queue_job :: MailChimp_WooCommerce_Single_Order starts in 90 seconds :: obj_id 20659
2022-06-15T21:14:40+00:00 NOTICE order_sumbit :: #20659 has a financial status of pending and was skipped.
2022-06-15T21:20:03+00:00 NOTICE action_scheduler.queue_job :: MailChimp_WooCommerce_Cart_Update queued :: obj_id da5845934d9c2f575a93b81c073fbba9
2022-06-15T21:20:20+00:00 NOTICE abandoned_cart.success :: email: alejandra930114@gmail.com :: checkout_url: https://naturalconexion.com/checkout/?mc_cart_id=da5845934d9c2f575a93b81c073fbba9
2022-06-15T21:20:20+00:00 NOTICE cart.member.updated :: Updated alejandra930114@gmail.com subscriber status to subscribed and language to es
2022-06-15T21:27:25+00:00 NOTICE action_scheduler.queue_job :: MailChimp_WooCommerce_Cart_Update queued :: obj_id da5845934d9c2f575a93b81c073fbba9
2022-06-15T21:27:31+00:00 NOTICE abandoned_cart.success :: email: alejandra930114@gmail.com :: checkout_url: https://naturalconexion.com/checkout/?mc_cart_id=da5845934d9c2f575a93b81c073fbba9
2022-06-15T21:33:05+00:00 NOTICE action_scheduler.queue_job :: MailChimp_WooCommerce_Cart_Update queued :: obj_id da5845934d9c2f575a93b81c073fbba9
2022-06-15T21:33:34+00:00 NOTICE abandoned_cart.success :: email: alejandra930114@gmail.com :: checkout_url: https://naturalconexion.com/checkout/?mc_cart_id=da5845934d9c2f575a93b81c073fbba9
2022-06-15T21:42:14+00:00 NOTICE action_scheduler.queue_job :: MailChimp_WooCommerce_SingleCoupon queued :: obj_id 20660
2022-06-15T21:43:03+00:00 NOTICE promo_code_submit.success :: #20660 :: code: 2fhx3ini
2022-06-15T22:37:11+00:00 NOTICE action_scheduler.queue_job :: MailChimp_WooCommerce_SingleCoupon queued :: obj_id 20661
2022-06-15T22:37:32+00:00 NOTICE promo_code_submit.success :: #20661 :: code: 8p4nif0l
2022-06-15T22:44:17+00:00 NOTICE action_scheduler.queue_job :: MailChimp_WooCommerce_Cart_Update queued :: obj_id 26ff9615159293502cf61f1ca214137f
2022-06-15T22:44:31+00:00 NOTICE abandoned_cart.success :: email: rosa1994dhn@hotmail.com :: checkout_url: https://naturalconexion.com/checkout/?mc_cart_id=26ff9615159293502cf61f1ca214137f
2022-06-15T22:44:32+00:00 NOTICE cart.member.updated :: Updated rosa1994dhn@hotmail.com subscriber status to transactional and language to es
2022-06-15T22:47:26+00:00 NOTICE action_scheduler.queue_job :: MailChimp_WooCommerce_Single_Order starts in 90 seconds :: obj_id 20662
2022-06-15T22:47:37+00:00 NOTICE debug :: Order ID 20662 was pending and is now processing :: Array
(
    [new_order] => 1
    [tracking] => Array
        (
            [campaign_id] => 
            [landing_site] => https://naturalconexion.com/?gclid=Cj0KCQjwhqaVBhCxARIsAHK1tiPlIdS6WvHMEHrOb4Bb2QRX_HJdImy5007b9wyxjuWj9Y_RnZGgvhwaAq5oEALw_wcB
        )

)

2022-06-15T22:49:34+00:00 NOTICE order.member.updated :: Updated rosa1994dhn@hotmail.com subscriber status to subscribed and language to es
2022-06-15T22:49:34+00:00 NOTICE order_submit.success :: addStoreOrder :: #20662 :: email: rosa1994dhn@hotmail.com :: landing site https://naturalconexion.com/?gclid=Cj0KCQjwhqaVBhCxARIsAHK1tiPlIdS6WvHMEHrOb4Bb2QRX_HJdImy5007b9wyxjuWj9Y_RnZGgvhwaAq5oEALw_wcB :: abandoned cart deleted [26ff9615159293502cf61f1ca214137f]
2022-06-15T22:51:11+00:00 NOTICE action_scheduler.queue_job :: MailChimp_WooCommerce_Single_Order starts in 90 seconds :: obj_id 20659
2022-06-15T22:51:11+00:00 NOTICE debug :: Order ID 20659 was pending and is now cancelled :: Array
(
    [new_order] => 
    [tracking] => 
)

2022-06-15T22:53:28+00:00 NOTICE order_sumbit :: #20659 has a financial status of cancelled and was skipped.
2022-06-15T23:44:51+00:00 NOTICE action_scheduler.queue_job :: MailChimp_WooCommerce_User_Submit queued :: obj_id 1373
2022-06-15T23:45:40+00:00 NOTICE member.sync :: Updated Member melylop0725@gmail.com ( merge fields only ) :: Array
(
    [merge_fields] => Array
        (
            [FNAME] => Diana Melisa
            [LNAME] => López Cely
        )

)

2022-06-15T23:48:35+00:00 NOTICE action_scheduler.queue_job :: MailChimp_WooCommerce_Cart_Update queued :: obj_id 766576c8b9f8ce90782dedcfa5678f7c
2022-06-15T23:48:37+00:00 NOTICE abandoned_cart.success :: email: melylop0725@gmail.com :: checkout_url: https://naturalconexion.com/checkout/?mc_cart_id=766576c8b9f8ce90782dedcfa5678f7c
2022-06-15T23:48:37+00:00 NOTICE cart.member.updated :: Updated melylop0725@gmail.com subscriber status to subscribed and language to es
2022-06-15T23:50:12+00:00 NOTICE action_scheduler.queue_job :: MailChimp_WooCommerce_Cart_Update queued :: obj_id 766576c8b9f8ce90782dedcfa5678f7c
2022-06-15T23:50:42+00:00 NOTICE abandoned_cart.success :: email: melylop0725@gmail.com :: checkout_url: https://naturalconexion.com/checkout/?mc_cart_id=766576c8b9f8ce90782dedcfa5678f7c
2022-06-15T23:51:10+00:00 NOTICE action_scheduler.queue_job :: MailChimp_WooCommerce_Cart_Update queued :: obj_id 766576c8b9f8ce90782dedcfa5678f7c
2022-06-15T23:51:34+00:00 NOTICE abandoned_cart.success :: email: melylop0725@gmail.com :: checkout_url: https://naturalconexion.com/checkout/?mc_cart_id=766576c8b9f8ce90782dedcfa5678f7c
2022-06-15T23:51:53+00:00 NOTICE action_scheduler.queue_job :: MailChimp_WooCommerce_Cart_Update queued :: obj_id 766576c8b9f8ce90782dedcfa5678f7c
2022-06-15T23:52:41+00:00 NOTICE abandoned_cart.success :: email: melylop0725@gmail.com :: checkout_url: https://naturalconexion.com/checkout/?mc_cart_id=766576c8b9f8ce90782dedcfa5678f7c
2022-06-15T23:58:28+00:00 NOTICE action_scheduler.queue_job :: MailChimp_WooCommerce_Cart_Update queued :: obj_id 766576c8b9f8ce90782dedcfa5678f7c
2022-06-15T23:58:44+00:00 NOTICE abandoned_cart.success :: email: melylop0725@gmail.com :: checkout_url: https://naturalconexion.com/checkout/?mc_cart_id=766576c8b9f8ce90782dedcfa5678f7c
