2023-05-02T00:42:13+00:00 NOTICE action_scheduler.queue_job :: MailChimp_WooCommerce_Cart_Update queued :: obj_id 0922cca2232eb27977c376cbf71fa90a
2023-05-02T00:42:41+00:00 NOTICE abandoned_cart.success :: email: luisaserna0609@gmail.com :: checkout_url: https://naturalconexion.com/checkout/?mc_cart_id=0922cca2232eb27977c376cbf71fa90a
2023-05-02T00:42:42+00:00 NOTICE cart.member.updated :: Updated luisaserna0609@gmail.com subscriber status to subscribed and language to es
2023-05-02T00:43:29+00:00 NOTICE action_scheduler.queue_job :: MailChimp_WooCommerce_Single_Order starts in 90 seconds :: obj_id 24155
2023-05-02T00:44:20+00:00 NOTICE action_scheduler.queue_job :: MailChimp_WooCommerce_Cart_Update queued :: obj_id 230fe8e448d1809af3558e6d34df13f1
2023-05-02T00:44:20+00:00 NOTICE action_scheduler.queue_job :: MailChimp_WooCommerce_User_Submit queued :: obj_id 2473
2023-05-02T00:44:22+00:00 NOTICE action_scheduler.queue_job :: MailChimp_WooCommerce_Single_Order starts in 90 seconds :: obj_id 24156
2023-05-02T00:45:08+00:00 NOTICE abandoned_cart.success :: email: valenn282000@gmail.com :: checkout_url: https://naturalconexion.com/checkout/?mc_cart_id=230fe8e448d1809af3558e6d34df13f1
2023-05-02T00:45:08+00:00 NOTICE cart.member.updated :: Updated valenn282000@gmail.com subscriber status to transactional and language to es
2023-05-02T00:45:09+00:00 NOTICE member.sync :: Updated Member Valenn282000@gmail.com :: Array
(
    [previous_status] => transactional
    [status] => 1
    [language] => 
    [merge_fields] => Array
        (
            [FNAME] => Valentina
            [LNAME] => Gómez Cortes
        )

    [gdpr_fields] => 
)

2023-05-02T00:45:11+00:00 NOTICE order_submit :: #24155 has a financial status of pending and was skipped.
2023-05-02T00:45:20+00:00 NOTICE action_scheduler.queue_job :: MailChimp_WooCommerce_Single_Order starts in 90 seconds :: obj_id 24155
2023-05-02T00:45:24+00:00 NOTICE debug :: Order ID 24155 was pending and is now processing :: Array
(
    [new_order] => 1
    [tracking] => Array
        (
            [campaign_id] => 
            [landing_site] => https://naturalconexion.com/?wc-api=wc_addi_gateway
        )

)

2023-05-02T00:46:21+00:00 NOTICE order_submit :: #24156 has a financial status of pending and was skipped.
2023-05-02T00:47:31+00:00 NOTICE order.member.updated :: Updated luisaserna0609@gmail.com subscriber status to subscribed and language to 
2023-05-02T00:47:31+00:00 NOTICE order_submit.success :: addStoreOrder :: #24155 :: email: luisaserna0609@gmail.com :: landing site https://naturalconexion.com/?wc-api=wc_addi_gateway :: abandoned cart deleted [0922cca2232eb27977c376cbf71fa90a]
2023-05-02T00:49:30+00:00 NOTICE action_scheduler.queue_job :: MailChimp_WooCommerce_Single_Order starts in 90 seconds :: obj_id 24156
2023-05-02T00:49:32+00:00 NOTICE debug :: Order ID 24156 was pending and is now failed :: Array
(
    [new_order] => 
    [tracking] => 
)

2023-05-02T00:53:37+00:00 NOTICE action_scheduler.queue_job :: MailChimp_WooCommerce_Cart_Update queued :: obj_id 201ea7ca27f1e750fee4cb5b6b7d35cf
2023-05-02T00:53:39+00:00 NOTICE abandoned_cart.success :: email: lilianafanadoralvarez@gmail.com :: checkout_url: https://naturalconexion.com/checkout/?mc_cart_id=201ea7ca27f1e750fee4cb5b6b7d35cf
2023-05-02T00:53:39+00:00 NOTICE cart.member.updated :: Updated lilianafanadoralvarez@gmail.com subscriber status to subscribed and language to es
2023-05-02T01:05:57+00:00 NOTICE action_scheduler.queue_job :: MailChimp_WooCommerce_Single_Order starts in 90 seconds :: obj_id 24157
2023-05-02T01:08:39+00:00 NOTICE order_submit :: #24157 has a financial status of pending and was skipped.
2023-05-02T01:09:11+00:00 NOTICE action_scheduler.queue_job :: MailChimp_WooCommerce_Single_Order starts in 90 seconds :: obj_id 24157
2023-05-02T01:09:14+00:00 NOTICE debug :: Order ID 24157 was pending and is now processing :: Array
(
    [new_order] => 1
    [tracking] => Array
        (
            [campaign_id] => 
            [landing_site] => https://naturalconexion.com/wp-content/plugins/woocommerce-payu-latam/confirmation.php
        )

)

2023-05-02T01:11:38+00:00 NOTICE order.member.updated :: Updated lilianafanadoralvarez@gmail.com subscriber status to subscribed and language to 
2023-05-02T01:11:38+00:00 NOTICE order_submit.success :: addStoreOrder :: #24157 :: email: lilianafanadoralvarez@gmail.com :: landing site https://naturalconexion.com/wp-content/plugins/woocommerce-payu-latam/confirmation.php :: abandoned cart deleted [201ea7ca27f1e750fee4cb5b6b7d35cf]
2023-05-02T01:12:20+00:00 NOTICE action_scheduler.queue_job :: MailChimp_WooCommerce_Single_Order starts in 90 seconds :: obj_id 24158
2023-05-02T01:15:03+00:00 NOTICE order_submit :: #24158 has a financial status of pending and was skipped.
2023-05-02T01:16:12+00:00 NOTICE action_scheduler.queue_job :: MailChimp_WooCommerce_Single_Order starts in 90 seconds :: obj_id 24158
2023-05-02T01:16:16+00:00 NOTICE debug :: Order ID 24158 was pending and is now processing :: Array
(
    [new_order] => 1
    [tracking] => Array
        (
            [campaign_id] => 
            [landing_site] => https://naturalconexion.com/wp-content/plugins/woocommerce-payu-latam/confirmation.php
        )

)

2023-05-02T01:17:47+00:00 NOTICE order.member.updated :: Updated camila135@yahoo.com subscriber status to subscribed and language to 
2023-05-02T01:17:47+00:00 NOTICE order_submit.success :: addStoreOrder :: #24158 :: email: camila135@yahoo.com :: landing site https://naturalconexion.com/wp-content/plugins/woocommerce-payu-latam/confirmation.php
2023-05-02T02:10:03+00:00 NOTICE action_scheduler.queue_job :: MailChimp_WooCommerce_Cart_Update queued :: obj_id 8b9e064ff06961025cd59317a3ba6c07
2023-05-02T02:10:30+00:00 NOTICE abandoned_cart.success :: email: natatm1996@gmail.com :: checkout_url: https://naturalconexion.com/checkout/?mc_cart_id=8b9e064ff06961025cd59317a3ba6c07
2023-05-02T02:10:30+00:00 NOTICE cart.member.updated :: Updated natatm1996@gmail.com subscriber status to subscribed and language to es
2023-05-02T02:10:40+00:00 NOTICE action_scheduler.queue_job :: MailChimp_WooCommerce_Single_Order starts in 90 seconds :: obj_id 24159
2023-05-02T02:12:02+00:00 NOTICE debug :: Order ID 24159 was pending and is now processing :: Array
(
    [new_order] => 1
    [tracking] => Array
        (
            [campaign_id] => 
            [landing_site] => https://naturalconexion.com/wp-content/plugins/woocommerce-payu-latam/confirmation.php
        )

)

2023-05-02T02:14:04+00:00 NOTICE order.member.updated :: Updated natatm1996@gmail.com subscriber status to subscribed and language to es
2023-05-02T02:14:04+00:00 NOTICE order_submit.success :: addStoreOrder :: #24159 :: email: natatm1996@gmail.com :: landing site https://naturalconexion.com/ :: abandoned cart deleted [8b9e064ff06961025cd59317a3ba6c07]
2023-05-02T02:45:22+00:00 NOTICE action_scheduler.queue_job :: MailChimp_WooCommerce_Single_Product starts in 5 seconds :: obj_id 7604
2023-05-02T02:45:40+00:00 NOTICE product_submit.success :: updateStoreProduct :: #7604
2023-05-02T02:47:14+00:00 NOTICE action_scheduler.queue_job :: MailChimp_WooCommerce_Single_Product starts in 5 seconds :: obj_id 7499
2023-05-02T02:47:27+00:00 NOTICE product_submit.success :: updateStoreProduct :: #7499
2023-05-02T02:49:53+00:00 NOTICE action_scheduler.queue_job :: MailChimp_WooCommerce_Single_Product starts in 5 seconds :: obj_id 7488
2023-05-02T02:50:33+00:00 NOTICE product_submit.success :: updateStoreProduct :: #7488
2023-05-02T02:54:08+00:00 NOTICE action_scheduler.queue_job :: MailChimp_WooCommerce_Single_Product starts in 5 seconds :: obj_id 7486
2023-05-02T02:54:37+00:00 NOTICE product_submit.success :: updateStoreProduct :: #7486
2023-05-02T02:55:53+00:00 NOTICE action_scheduler.queue_job :: MailChimp_WooCommerce_Single_Order starts in 90 seconds :: obj_id 24164
2023-05-02T02:56:52+00:00 NOTICE action_scheduler.queue_job :: MailChimp_WooCommerce_Single_Product starts in 5 seconds :: obj_id 17809
2023-05-02T02:57:05+00:00 NOTICE product_submit.success :: updateStoreProduct :: #17809
2023-05-02T02:57:34+00:00 NOTICE order_submit :: #24164 has a financial status of pending and was skipped.
2023-05-02T02:58:34+00:00 NOTICE action_scheduler.queue_job :: MailChimp_WooCommerce_Single_Order starts in 90 seconds :: obj_id 24164
2023-05-02T02:58:38+00:00 NOTICE debug :: Order ID 24164 was pending and is now processing :: Array
(
    [new_order] => 1
    [tracking] => Array
        (
            [campaign_id] => 
            [landing_site] => https://naturalconexion.com/wp-content/plugins/woocommerce-payu-latam/confirmation.php
        )

)

2023-05-02T03:00:30+00:00 NOTICE order.member.updated :: Updated lauracatteaucano@gmail.com subscriber status to subscribed and language to 
2023-05-02T03:00:30+00:00 NOTICE order_submit.success :: addStoreOrder :: #24164 :: email: lauracatteaucano@gmail.com :: landing site https://naturalconexion.com/wp-content/plugins/woocommerce-payu-latam/confirmation.php :: abandoned cart deleted [da6faf7cf2360b0b30efad5b3b78b454]
2023-05-02T04:12:26+00:00 NOTICE action_scheduler.queue_job :: MailChimp_WooCommerce_Single_Order starts in 90 seconds :: obj_id 24165
2023-05-02T04:14:00+00:00 NOTICE order_submit :: #24165 has a financial status of pending and was skipped.
2023-05-02T04:14:55+00:00 NOTICE action_scheduler.queue_job :: MailChimp_WooCommerce_Single_Order starts in 90 seconds :: obj_id 24165
2023-05-02T04:14:58+00:00 NOTICE debug :: Order ID 24165 was pending and is now processing :: Array
(
    [new_order] => 1
    [tracking] => Array
        (
            [campaign_id] => 
            [landing_site] => https://naturalconexion.com/wp-content/plugins/woocommerce-payu-latam/confirmation.php
        )

)

2023-05-02T04:17:07+00:00 NOTICE action_scheduler.queue_job :: MailChimp_WooCommerce_Cart_Update queued :: obj_id 9e6d4e3b8a2f9d9221507fa9b25d9113
2023-05-02T04:17:22+00:00 NOTICE order.member.updated :: Updated johannitahidalgoflorez@gmail.com subscriber status to subscribed and language to 
2023-05-02T04:17:22+00:00 NOTICE order_submit.success :: addStoreOrder :: #24165 :: email: johannitahidalgoflorez@gmail.com :: landing site https://naturalconexion.com/wp-content/plugins/woocommerce-payu-latam/confirmation.php
2023-05-02T04:17:22+00:00 NOTICE abandoned_cart.success :: email: alejahidalgo1801@gmail.com :: checkout_url: https://naturalconexion.com/checkout/?mc_cart_id=9e6d4e3b8a2f9d9221507fa9b25d9113
2023-05-02T04:17:23+00:00 NOTICE cart.member.updated :: Updated alejahidalgo1801@gmail.com subscriber status to transactional and language to es
2023-05-02T04:18:00+00:00 NOTICE action_scheduler.queue_job :: MailChimp_WooCommerce_Single_Order starts in 90 seconds :: obj_id 24166
2023-05-02T04:19:51+00:00 NOTICE order_submit :: #24166 has a financial status of pending and was skipped.
2023-05-02T04:20:50+00:00 NOTICE action_scheduler.queue_job :: MailChimp_WooCommerce_Single_Order starts in 90 seconds :: obj_id 24166
2023-05-02T04:20:54+00:00 NOTICE debug :: Order ID 24166 was pending and is now processing :: Array
(
    [new_order] => 1
    [tracking] => Array
        (
            [campaign_id] => 
            [landing_site] => https://naturalconexion.com/wp-content/plugins/woocommerce-payu-latam/confirmation.php
        )

)

2023-05-02T04:23:55+00:00 NOTICE order.member.updated :: Updated alejahidalgo1801@gmail.com subscriber status to transactional and language to 
2023-05-02T04:23:55+00:00 NOTICE order_submit.success :: addStoreOrder :: #24166 :: email: alejahidalgo1801@gmail.com :: landing site https://naturalconexion.com/wp-content/plugins/woocommerce-payu-latam/confirmation.php :: abandoned cart deleted [9e6d4e3b8a2f9d9221507fa9b25d9113]
2023-05-02T07:04:30+00:00 NOTICE action_scheduler.queue_job :: MailChimp_WooCommerce_Cart_Update queued :: obj_id d381cef249984b26aff19b12968f3a12
2023-05-02T07:04:34+00:00 NOTICE abandoned_cart.success :: email: susanacuadrostuberquia@gmail.com :: checkout_url: https://naturalconexion.com/checkout/?mc_cart_id=d381cef249984b26aff19b12968f3a12
2023-05-02T07:04:34+00:00 NOTICE cart.member.updated :: Updated susanacuadrostuberquia@gmail.com subscriber status to subscribed and language to es
2023-05-02T07:05:00+00:00 NOTICE action_scheduler.queue_job :: MailChimp_WooCommerce_Cart_Update queued :: obj_id d381cef249984b26aff19b12968f3a12
2023-05-02T07:05:58+00:00 NOTICE abandoned_cart.success :: email: susanacuadrostuberquia@gmail.com :: checkout_url: https://naturalconexion.com/checkout/?mc_cart_id=d381cef249984b26aff19b12968f3a12
2023-05-02T07:06:08+00:00 NOTICE action_scheduler.queue_job :: MailChimp_WooCommerce_Cart_Update queued :: obj_id d381cef249984b26aff19b12968f3a12
2023-05-02T07:06:12+00:00 NOTICE abandoned_cart.success :: email: susanacuadrostuberquia@gmail.com :: checkout_url: https://naturalconexion.com/checkout/?mc_cart_id=d381cef249984b26aff19b12968f3a12
2023-05-02T07:07:00+00:00 NOTICE action_scheduler.queue_job :: MailChimp_WooCommerce_Single_Order starts in 90 seconds :: obj_id 24167
2023-05-02T07:07:52+00:00 NOTICE debug :: Order ID 24167 was pending and is now processing :: Array
(
    [new_order] => 1
    [tracking] => Array
        (
            [campaign_id] => 
            [landing_site] => https://naturalconexion.com/?wc-api=wc_addi_gateway
        )

)

2023-05-02T07:12:33+00:00 NOTICE order.member.updated :: Updated susanacuadrostuberquia@gmail.com subscriber status to subscribed and language to es
2023-05-02T07:12:33+00:00 NOTICE order_submit.success :: addStoreOrder :: #24167 :: email: susanacuadrostuberquia@gmail.com :: landing site https://naturalconexion.com/product-category/ofertas/?utm_source=Campa%c3%b1as+Doppler&utm_medium=email&utm_campaign=(ABR)+Ofertas+generales+-+Sitio+web&dplrid=737573616E6163756164726F7374756265727175696140676D61696C2E636F6D :: abandoned cart deleted [d381cef249984b26aff19b12968f3a12]
2023-05-02T13:11:39+00:00 NOTICE action_scheduler.queue_job :: MailChimp_WooCommerce_Single_Order starts in 90 seconds :: obj_id 24132
2023-05-02T13:11:42+00:00 NOTICE debug :: Order ID 24132 was processing and is now completed :: Array
(
    [new_order] => 
    [tracking] => 
)

2023-05-02T13:11:42+00:00 NOTICE action_scheduler.queue_job :: MailChimp_WooCommerce_Single_Order starts in 90 seconds :: obj_id 24133
2023-05-02T13:11:45+00:00 NOTICE debug :: Order ID 24133 was processing and is now completed :: Array
(
    [new_order] => 
    [tracking] => 
)

2023-05-02T13:11:45+00:00 NOTICE action_scheduler.queue_job :: MailChimp_WooCommerce_Single_Order starts in 90 seconds :: obj_id 24134
2023-05-02T13:11:48+00:00 NOTICE debug :: Order ID 24134 was processing and is now completed :: Array
(
    [new_order] => 
    [tracking] => 
)

2023-05-02T13:11:48+00:00 NOTICE action_scheduler.queue_job :: MailChimp_WooCommerce_Single_Order starts in 90 seconds :: obj_id 24135
2023-05-02T13:11:52+00:00 NOTICE debug :: Order ID 24135 was processing and is now completed :: Array
(
    [new_order] => 
    [tracking] => 
)

2023-05-02T13:11:52+00:00 NOTICE action_scheduler.queue_job :: MailChimp_WooCommerce_Single_Order starts in 90 seconds :: obj_id 24136
2023-05-02T13:11:56+00:00 NOTICE debug :: Order ID 24136 was processing and is now completed :: Array
(
    [new_order] => 
    [tracking] => 
)

2023-05-02T13:13:30+00:00 NOTICE order.member.updated :: Updated Ifinyu97@gmail.com subscriber status to transactional and language to 
2023-05-02T13:13:30+00:00 NOTICE order_submit.success :: updateStoreOrder :: #24132 :: email: Ifinyu97@gmail.com
2023-05-02T13:13:32+00:00 NOTICE order.member.updated :: Updated andruluna22@hotmail.com subscriber status to subscribed and language to 
2023-05-02T13:13:32+00:00 NOTICE order_submit.success :: updateStoreOrder :: #24133 :: email: andruluna22@hotmail.com
2023-05-02T13:13:34+00:00 NOTICE order.member.updated :: Updated vale_4859@outlook.es subscriber status to subscribed and language to 
2023-05-02T13:13:34+00:00 NOTICE order_submit.success :: updateStoreOrder :: #24134 :: email: vale_4859@outlook.es
2023-05-02T13:13:36+00:00 NOTICE order.member.updated :: Updated julianamunera@outlook.com subscriber status to subscribed and language to 
2023-05-02T13:13:36+00:00 NOTICE order_submit.success :: updateStoreOrder :: #24135 :: email: julianamunera@outlook.com
2023-05-02T13:13:38+00:00 NOTICE order.member.updated :: Updated yuliandreapena@gmail.com subscriber status to subscribed and language to 
2023-05-02T13:13:38+00:00 NOTICE order_submit.success :: updateStoreOrder :: #24136 :: email: yuliandreapena@gmail.com
2023-05-02T13:16:21+00:00 NOTICE action_scheduler.queue_job :: MailChimp_WooCommerce_Single_Order starts in 90 seconds :: obj_id 24138
2023-05-02T13:16:24+00:00 NOTICE debug :: Order ID 24138 was processing and is now completed :: Array
(
    [new_order] => 
    [tracking] => 
)

2023-05-02T13:16:24+00:00 NOTICE action_scheduler.queue_job :: MailChimp_WooCommerce_Single_Order starts in 90 seconds :: obj_id 24139
2023-05-02T13:16:27+00:00 NOTICE debug :: Order ID 24139 was processing and is now completed :: Array
(
    [new_order] => 
    [tracking] => 
)

2023-05-02T13:20:26+00:00 NOTICE order.member.updated :: Updated elycano84@gmail.com subscriber status to transactional and language to 
2023-05-02T13:20:26+00:00 NOTICE order_submit.success :: updateStoreOrder :: #24138 :: email: elycano84@gmail.com
2023-05-02T13:20:29+00:00 NOTICE order.member.updated :: Updated raskolnicov14@gmail.com subscriber status to subscribed and language to 
2023-05-02T13:20:29+00:00 NOTICE order_submit.success :: updateStoreOrder :: #24139 :: email: raskolnicov14@gmail.com
2023-05-02T13:56:42+00:00 NOTICE action_scheduler.queue_job :: MailChimp_WooCommerce_Single_Order starts in 90 seconds :: obj_id 24144
2023-05-02T13:56:46+00:00 NOTICE debug :: Order ID 24144 was processing and is now completed :: Array
(
    [new_order] => 
    [tracking] => 
)

2023-05-02T13:59:07+00:00 NOTICE order.member.updated :: Updated Camilav94@hotmail.com subscriber status to subscribed and language to 
2023-05-02T13:59:07+00:00 NOTICE order_submit.success :: updateStoreOrder :: #24144 :: email: Camilav94@hotmail.com
2023-05-02T14:08:34+00:00 NOTICE action_scheduler.queue_job :: MailChimp_WooCommerce_Single_Order starts in 90 seconds :: obj_id 24147
2023-05-02T14:08:39+00:00 NOTICE debug :: Order ID 24147 was processing and is now completed :: Array
(
    [new_order] => 
    [tracking] => 
)

2023-05-02T14:08:40+00:00 NOTICE action_scheduler.queue_job :: MailChimp_WooCommerce_Single_Order starts in 90 seconds :: obj_id 24148
2023-05-02T14:08:43+00:00 NOTICE debug :: Order ID 24148 was processing and is now completed :: Array
(
    [new_order] => 
    [tracking] => 
)

2023-05-02T14:08:43+00:00 NOTICE action_scheduler.queue_job :: MailChimp_WooCommerce_Single_Order starts in 90 seconds :: obj_id 24149
2023-05-02T14:08:46+00:00 NOTICE debug :: Order ID 24149 was processing and is now completed :: Array
(
    [new_order] => 
    [tracking] => 
)

2023-05-02T14:08:46+00:00 NOTICE action_scheduler.queue_job :: MailChimp_WooCommerce_Single_Order starts in 90 seconds :: obj_id 24150
2023-05-02T14:08:49+00:00 NOTICE debug :: Order ID 24150 was processing and is now completed :: Array
(
    [new_order] => 
    [tracking] => 
)

2023-05-02T14:08:49+00:00 NOTICE action_scheduler.queue_job :: MailChimp_WooCommerce_Single_Order starts in 90 seconds :: obj_id 24151
2023-05-02T14:08:52+00:00 NOTICE debug :: Order ID 24151 was processing and is now completed :: Array
(
    [new_order] => 
    [tracking] => 
)

2023-05-02T14:08:52+00:00 NOTICE action_scheduler.queue_job :: MailChimp_WooCommerce_Single_Order starts in 90 seconds :: obj_id 24152
2023-05-02T14:08:55+00:00 NOTICE debug :: Order ID 24152 was processing and is now completed :: Array
(
    [new_order] => 
    [tracking] => 
)

2023-05-02T14:08:55+00:00 NOTICE action_scheduler.queue_job :: MailChimp_WooCommerce_Single_Order starts in 90 seconds :: obj_id 24153
2023-05-02T14:08:59+00:00 NOTICE debug :: Order ID 24153 was processing and is now completed :: Array
(
    [new_order] => 
    [tracking] => 
)

2023-05-02T14:10:54+00:00 NOTICE order.member.updated :: Updated patriciaceroshop@gmail.com subscriber status to subscribed and language to 
2023-05-02T14:10:54+00:00 NOTICE order_submit.success :: updateStoreOrder :: #24147 :: email: patriciaceroshop@gmail.com
2023-05-02T14:11:03+00:00 NOTICE order.member.updated :: Updated gbonolis@yahoo.com subscriber status to subscribed and language to 
2023-05-02T14:11:03+00:00 NOTICE order_submit.success :: updateStoreOrder :: #24148 :: email: gbonolis@yahoo.com
2023-05-02T14:11:08+00:00 NOTICE order.member.updated :: Updated russ.cann2@gmail.com subscriber status to transactional and language to 
2023-05-02T14:11:08+00:00 NOTICE order_submit.success :: updateStoreOrder :: #24149 :: email: russ.cann2@gmail.com
2023-05-02T14:11:14+00:00 NOTICE order.member.updated :: Updated ana.c.alcala@hotmail.com subscriber status to subscribed and language to 
2023-05-02T14:11:14+00:00 NOTICE order_submit.success :: updateStoreOrder :: #24150 :: email: ana.c.alcala@hotmail.com
2023-05-02T14:11:16+00:00 NOTICE order.member.updated :: Updated limon907@gmail.com subscriber status to subscribed and language to 
2023-05-02T14:11:16+00:00 NOTICE order_submit.success :: updateStoreOrder :: #24151 :: email: limon907@gmail.com
2023-05-02T14:11:18+00:00 NOTICE order.member.updated :: Updated alejita2012.AF@gmail.com subscriber status to subscribed and language to 
2023-05-02T14:11:18+00:00 NOTICE order_submit.success :: updateStoreOrder :: #24152 :: email: alejita2012.AF@gmail.com
2023-05-02T14:11:20+00:00 NOTICE order.member.updated :: Updated mariacatalina1902@gmail.com subscriber status to subscribed and language to 
2023-05-02T14:11:20+00:00 NOTICE order_submit.success :: updateStoreOrder :: #24153 :: email: mariacatalina1902@gmail.com
2023-05-02T14:24:38+00:00 NOTICE action_scheduler.queue_job :: MailChimp_WooCommerce_Cart_Update queued :: obj_id 235a1d91bcb0fdd40ad0b191ebac33b5
2023-05-02T14:25:26+00:00 NOTICE abandoned_cart.success :: email: anrojasariza@gmail.com :: checkout_url: https://naturalconexion.com/checkout/?mc_cart_id=235a1d91bcb0fdd40ad0b191ebac33b5
2023-05-02T14:25:26+00:00 NOTICE cart.member.updated :: Updated anrojasariza@gmail.com subscriber status to subscribed and language to es
2023-05-02T14:26:02+00:00 NOTICE action_scheduler.queue_job :: MailChimp_WooCommerce_Single_Order starts in 90 seconds :: obj_id 24168
2023-05-02T14:27:38+00:00 NOTICE order_submit :: #24168 has a financial status of pending and was skipped.
2023-05-02T14:28:51+00:00 NOTICE action_scheduler.queue_job :: MailChimp_WooCommerce_Single_Order starts in 90 seconds :: obj_id 24168
2023-05-02T14:28:54+00:00 NOTICE debug :: Order ID 24168 was pending and is now processing :: Array
(
    [new_order] => 1
    [tracking] => Array
        (
            [campaign_id] => 
            [landing_site] => https://naturalconexion.com/wp-content/plugins/woocommerce-payu-latam/confirmation.php
        )

)

2023-05-02T14:30:38+00:00 NOTICE order.member.updated :: Updated anrojasariza@gmail.com subscriber status to subscribed and language to 
2023-05-02T14:30:38+00:00 NOTICE order_submit.success :: addStoreOrder :: #24168 :: email: anrojasariza@gmail.com :: landing site https://naturalconexion.com/wp-content/plugins/woocommerce-payu-latam/confirmation.php :: abandoned cart deleted [235a1d91bcb0fdd40ad0b191ebac33b5]
2023-05-02T14:31:09+00:00 NOTICE action_scheduler.queue_job :: MailChimp_WooCommerce_Cart_Update queued :: obj_id 5907cb642c5c76bca66f80eed64a7ba1
2023-05-02T14:31:39+00:00 NOTICE abandoned_cart.success :: email: tatyarangoa@gmail.com :: checkout_url: https://naturalconexion.com/checkout/?mc_cart_id=5907cb642c5c76bca66f80eed64a7ba1
2023-05-02T14:31:39+00:00 NOTICE cart.member.updated :: Updated tatyarangoa@gmail.com subscriber status to subscribed and language to es
2023-05-02T14:32:04+00:00 NOTICE action_scheduler.queue_job :: MailChimp_WooCommerce_Cart_Update queued :: obj_id 5907cb642c5c76bca66f80eed64a7ba1
2023-05-02T14:33:19+00:00 NOTICE abandoned_cart.success :: email: tatyarangoa@gmail.com :: checkout_url: https://naturalconexion.com/checkout/?mc_cart_id=5907cb642c5c76bca66f80eed64a7ba1
2023-05-02T14:49:17+00:00 NOTICE action_scheduler.queue_job :: MailChimp_WooCommerce_Single_Order starts in 90 seconds :: obj_id 24146
2023-05-02T14:49:20+00:00 NOTICE debug :: Order ID 24146 was processing and is now completed :: Array
(
    [new_order] => 
    [tracking] => 
)

2023-05-02T14:49:20+00:00 NOTICE action_scheduler.queue_job :: MailChimp_WooCommerce_Single_Order starts in 90 seconds :: obj_id 24154
2023-05-02T14:49:23+00:00 NOTICE debug :: Order ID 24154 was processing and is now completed :: Array
(
    [new_order] => 
    [tracking] => 
)

2023-05-02T14:49:23+00:00 NOTICE action_scheduler.queue_job :: MailChimp_WooCommerce_Single_Order starts in 90 seconds :: obj_id 24155
2023-05-02T14:49:26+00:00 NOTICE debug :: Order ID 24155 was processing and is now completed :: Array
(
    [new_order] => 
    [tracking] => 
)

2023-05-02T14:49:26+00:00 NOTICE action_scheduler.queue_job :: MailChimp_WooCommerce_Single_Order starts in 90 seconds :: obj_id 24157
2023-05-02T14:49:29+00:00 NOTICE debug :: Order ID 24157 was processing and is now completed :: Array
(
    [new_order] => 
    [tracking] => 
)

2023-05-02T14:49:29+00:00 NOTICE action_scheduler.queue_job :: MailChimp_WooCommerce_Single_Order starts in 90 seconds :: obj_id 24158
2023-05-02T14:49:32+00:00 NOTICE debug :: Order ID 24158 was processing and is now completed :: Array
(
    [new_order] => 
    [tracking] => 
)

2023-05-02T14:49:32+00:00 NOTICE action_scheduler.queue_job :: MailChimp_WooCommerce_Single_Order starts in 90 seconds :: obj_id 24159
2023-05-02T14:49:35+00:00 NOTICE debug :: Order ID 24159 was processing and is now completed :: Array
(
    [new_order] => 
    [tracking] => 
)

2023-05-02T14:49:35+00:00 NOTICE action_scheduler.queue_job :: MailChimp_WooCommerce_Single_Order starts in 90 seconds :: obj_id 24164
2023-05-02T14:49:39+00:00 NOTICE debug :: Order ID 24164 was processing and is now completed :: Array
(
    [new_order] => 
    [tracking] => 
)

2023-05-02T14:49:39+00:00 NOTICE action_scheduler.queue_job :: MailChimp_WooCommerce_Single_Order starts in 90 seconds :: obj_id 24165
2023-05-02T14:49:42+00:00 NOTICE debug :: Order ID 24165 was processing and is now completed :: Array
(
    [new_order] => 
    [tracking] => 
)

2023-05-02T14:49:42+00:00 NOTICE action_scheduler.queue_job :: MailChimp_WooCommerce_Single_Order starts in 90 seconds :: obj_id 24166
2023-05-02T14:49:44+00:00 NOTICE debug :: Order ID 24166 was processing and is now completed :: Array
(
    [new_order] => 
    [tracking] => 
)

2023-05-02T14:50:40+00:00 NOTICE action_scheduler.queue_job :: MailChimp_WooCommerce_Single_Order starts in 90 seconds :: obj_id 24141
2023-05-02T14:50:45+00:00 NOTICE debug :: Order ID 24141 was processing and is now completed :: Array
(
    [new_order] => 
    [tracking] => 
)

2023-05-02T14:50:45+00:00 NOTICE action_scheduler.queue_job :: MailChimp_WooCommerce_Single_Order starts in 90 seconds :: obj_id 24145
2023-05-02T14:50:48+00:00 NOTICE debug :: Order ID 24145 was processing and is now completed :: Array
(
    [new_order] => 
    [tracking] => 
)

2023-05-02T14:50:53+00:00 NOTICE order.member.updated :: Updated libnysimeyarevalo16@gmail.com subscriber status to subscribed and language to 
2023-05-02T14:50:53+00:00 NOTICE order_submit.success :: updateStoreOrder :: #24146 :: email: libnysimeyarevalo16@gmail.com
2023-05-02T14:50:55+00:00 NOTICE order.member.updated :: Updated doracharicha@gmail.com subscriber status to subscribed and language to 
2023-05-02T14:50:55+00:00 NOTICE order_submit.success :: updateStoreOrder :: #24154 :: email: doracharicha@gmail.com
2023-05-02T14:50:57+00:00 NOTICE order.member.updated :: Updated luisaserna0609@gmail.com subscriber status to subscribed and language to 
2023-05-02T14:50:57+00:00 NOTICE order_submit.success :: updateStoreOrder :: #24155 :: email: luisaserna0609@gmail.com
2023-05-02T14:50:58+00:00 NOTICE order.member.updated :: Updated lilianafanadoralvarez@gmail.com subscriber status to subscribed and language to 
2023-05-02T14:50:58+00:00 NOTICE order_submit.success :: updateStoreOrder :: #24157 :: email: lilianafanadoralvarez@gmail.com
2023-05-02T14:51:10+00:00 NOTICE order.member.updated :: Updated camila135@yahoo.com subscriber status to subscribed and language to 
2023-05-02T14:51:10+00:00 NOTICE order_submit.success :: updateStoreOrder :: #24158 :: email: camila135@yahoo.com
2023-05-02T14:51:15+00:00 NOTICE order.member.updated :: Updated natatm1996@gmail.com subscriber status to subscribed and language to 
2023-05-02T14:51:15+00:00 NOTICE order_submit.success :: updateStoreOrder :: #24159 :: email: natatm1996@gmail.com
2023-05-02T14:51:16+00:00 NOTICE order.member.updated :: Updated lauracatteaucano@gmail.com subscriber status to subscribed and language to 
2023-05-02T14:51:16+00:00 NOTICE order_submit.success :: updateStoreOrder :: #24164 :: email: lauracatteaucano@gmail.com
2023-05-02T14:51:18+00:00 NOTICE order.member.updated :: Updated johannitahidalgoflorez@gmail.com subscriber status to subscribed and language to 
2023-05-02T14:51:18+00:00 NOTICE order_submit.success :: updateStoreOrder :: #24165 :: email: johannitahidalgoflorez@gmail.com
2023-05-02T14:51:20+00:00 NOTICE order.member.updated :: Updated alejahidalgo1801@gmail.com subscriber status to transactional and language to 
2023-05-02T14:51:20+00:00 NOTICE order_submit.success :: updateStoreOrder :: #24166 :: email: alejahidalgo1801@gmail.com
2023-05-02T14:53:22+00:00 NOTICE order.member.updated :: Updated claudiagualdron8@gmail.com subscriber status to transactional and language to 
2023-05-02T14:53:22+00:00 NOTICE order_submit.success :: updateStoreOrder :: #24141 :: email: claudiagualdron8@gmail.com
2023-05-02T14:53:25+00:00 NOTICE order.member.updated :: Updated aselos28@gmail.com subscriber status to subscribed and language to 
2023-05-02T14:53:25+00:00 NOTICE order_submit.success :: updateStoreOrder :: #24145 :: email: aselos28@gmail.com
2023-05-02T14:58:10+00:00 NOTICE action_scheduler.queue_job :: MailChimp_WooCommerce_Cart_Update queued :: obj_id 477b710be498f457c11c8521610d3c40
2023-05-02T14:58:29+00:00 NOTICE action_scheduler.queue_job :: MailChimp_WooCommerce_Single_Order starts in 90 seconds :: obj_id 24169
2023-05-02T14:58:43+00:00 NOTICE abandoned_cart.success :: email: hasiveth@hotmail.com :: checkout_url: https://naturalconexion.com/checkout/?mc_cart_id=477b710be498f457c11c8521610d3c40
2023-05-02T14:58:44+00:00 NOTICE cart.member.updated :: Updated hasiveth@hotmail.com subscriber status to subscribed and language to es
2023-05-02T15:00:14+00:00 NOTICE order_submit :: #24169 has a financial status of pending and was skipped.
2023-05-02T15:00:40+00:00 NOTICE action_scheduler.queue_job :: MailChimp_WooCommerce_Single_Order starts in 90 seconds :: obj_id 24169
2023-05-02T15:00:48+00:00 NOTICE debug :: Order ID 24169 was pending and is now processing :: Array
(
    [new_order] => 1
    [tracking] => Array
        (
            [campaign_id] => 
            [landing_site] => https://naturalconexion.com/wp-content/plugins/woocommerce-payu-latam/confirmation.php
        )

)

2023-05-02T15:02:42+00:00 NOTICE order.member.updated :: Updated hasiveth@hotmail.com subscriber status to subscribed and language to 
2023-05-02T15:02:42+00:00 NOTICE order_submit.success :: addStoreOrder :: #24169 :: email: hasiveth@hotmail.com :: landing site https://naturalconexion.com/wp-content/plugins/woocommerce-payu-latam/confirmation.php :: abandoned cart deleted [477b710be498f457c11c8521610d3c40]
2023-05-02T15:13:05+00:00 NOTICE action_scheduler.queue_job :: MailChimp_WooCommerce_User_Submit queued :: obj_id 2474
2023-05-02T15:13:38+00:00 NOTICE member.sync :: Subscribed Member mcantilloperez4@hotmail.com :: Array
(
    [status_if_new] => 1
    [merge_fields] => Array
        (
        )

)

2023-05-02T15:26:47+00:00 NOTICE action_scheduler.queue_job :: MailChimp_WooCommerce_Cart_Update queued :: obj_id 5907cb642c5c76bca66f80eed64a7ba1
2023-05-02T15:27:13+00:00 NOTICE abandoned_cart.success :: email: tatyarangoa@gmail.com :: checkout_url: https://naturalconexion.com/checkout/?mc_cart_id=5907cb642c5c76bca66f80eed64a7ba1
2023-05-02T15:28:43+00:00 NOTICE action_scheduler.queue_job :: MailChimp_WooCommerce_Cart_Update queued :: obj_id 5907cb642c5c76bca66f80eed64a7ba1
2023-05-02T15:30:38+00:00 NOTICE abandoned_cart.success :: email: tatyarangoa@gmail.com :: checkout_url: https://naturalconexion.com/checkout/?mc_cart_id=5907cb642c5c76bca66f80eed64a7ba1
2023-05-02T15:34:43+00:00 NOTICE action_scheduler.queue_job :: MailChimp_WooCommerce_Single_Order starts in 90 seconds :: obj_id 24170
2023-05-02T15:35:53+00:00 NOTICE debug :: Order ID 24170 was pending and is now processing :: Array
(
    [new_order] => 1
    [tracking] => Array
        (
            [campaign_id] => 
            [landing_site] => https://naturalconexion.com/wp-content/plugins/woocommerce-payu-latam/confirmation.php
        )

)

2023-05-02T15:37:44+00:00 NOTICE order.member.updated :: Updated tatyarangoa@gmail.com subscriber status to subscribed and language to es
2023-05-02T15:37:44+00:00 NOTICE order_submit.success :: addStoreOrder :: #24170 :: email: tatyarangoa@gmail.com :: landing site https://naturalconexion.com/?gclid=Cj0KCQjw6cKiBhD5ARIsAKXUdyZG87VT-nSP69ysXrmWYCdYG2qx-tTwqzYhSIdMHQ26Tu5zmL3s_jsaAtOFEALw_wcB :: abandoned cart deleted [5907cb642c5c76bca66f80eed64a7ba1]
2023-05-02T17:02:23+00:00 NOTICE action_scheduler.queue_job :: MailChimp_WooCommerce_Single_Product starts in 5 seconds :: obj_id 24122
2023-05-02T17:02:41+00:00 NOTICE product_submit.success :: updateStoreProduct :: #24122
2023-05-02T17:06:24+00:00 NOTICE action_scheduler.queue_job :: MailChimp_WooCommerce_Single_Order starts in 90 seconds :: obj_id 24171
2023-05-02T17:08:38+00:00 NOTICE order_submit :: #24171 has a financial status of pending and was skipped.
2023-05-02T17:11:39+00:00 NOTICE action_scheduler.queue_job :: MailChimp_WooCommerce_Single_Order starts in 90 seconds :: obj_id 24171
2023-05-02T17:11:43+00:00 NOTICE debug :: Order ID 24171 was pending and is now processing :: Array
(
    [new_order] => 1
    [tracking] => Array
        (
            [campaign_id] => 
            [landing_site] => https://naturalconexion.com/wp-content/plugins/woocommerce-payu-latam/confirmation.php
        )

)

2023-05-02T17:13:55+00:00 NOTICE order.member.updated :: Updated ingryvilla@hotmail.com subscriber status to subscribed and language to 
2023-05-02T17:13:55+00:00 NOTICE order_submit.success :: addStoreOrder :: #24171 :: email: ingryvilla@hotmail.com :: landing site https://naturalconexion.com/wp-content/plugins/woocommerce-payu-latam/confirmation.php
2023-05-02T23:13:44+00:00 NOTICE action_scheduler.queue_job :: MailChimp_WooCommerce_Cart_Update queued :: obj_id b9b15fa4b5e8889c10c52f44282ba332
2023-05-02T23:13:45+00:00 NOTICE abandoned_cart.success :: email: krn181061@hotmail.com :: checkout_url: https://naturalconexion.com/checkout/?mc_cart_id=b9b15fa4b5e8889c10c52f44282ba332
2023-05-02T23:13:45+00:00 NOTICE cart.member.updated :: Updated krn181061@hotmail.com subscriber status to transactional and language to es
2023-05-02T23:14:11+00:00 NOTICE action_scheduler.queue_job :: MailChimp_WooCommerce_Single_Order starts in 90 seconds :: obj_id 24172
2023-05-02T23:15:15+00:00 NOTICE debug :: Order ID 24172 was pending and is now processing :: Array
(
    [new_order] => 1
    [tracking] => Array
        (
            [campaign_id] => 
            [landing_site] => https://naturalconexion.com/?wc-api=wc_addi_gateway
        )

)

2023-05-02T23:17:39+00:00 NOTICE order.member.updated :: Updated krn181061@hotmail.com subscriber status to subscribed and language to es
2023-05-02T23:17:39+00:00 NOTICE order_submit.success :: addStoreOrder :: #24172 :: email: krn181061@hotmail.com :: landing site https://naturalconexion.com/ :: abandoned cart deleted [b9b15fa4b5e8889c10c52f44282ba332]
