2022-01-26T00:18:44+00:00 NOTICE action_scheduler.queue_job :: MailChimp_WooCommerce_Single_Order starts in 90 seconds :: obj_id 18462
2022-01-26T00:21:23+00:00 NOTICE order_sumbit :: #18462 has a financial status of pending and was skipped.
2022-01-26T00:21:28+00:00 NOTICE action_scheduler.queue_job :: MailChimp_WooCommerce_Single_Order starts in 90 seconds :: obj_id 18462
2022-01-26T00:21:32+00:00 NOTICE debug :: Order ID 18462 was pending and is now processing :: Array
(
    [new_order] => 1
    [tracking] => Array
        (
            [campaign_id] => 
            [landing_site] => https://naturalconexion.com/wp-admin/admin-ajax.php
        )

)

2022-01-26T00:23:28+00:00 NOTICE order.member.updated :: Updated auriss_0615@hotmail.com subscriber status to transactional and language to 
2022-01-26T00:23:28+00:00 NOTICE order_submit.success :: addStoreOrder :: #18462 :: email: auriss_0615@hotmail.com :: landing site https://naturalconexion.com/wp-admin/admin-ajax.php
2022-01-26T00:51:22+00:00 NOTICE action_scheduler.queue_job :: MailChimp_WooCommerce_Cart_Update queued :: obj_id 761ce99d0cc9a7ba34bf4a29701fff0d
2022-01-26T00:51:24+00:00 NOTICE abandoned_cart.success :: email: mtorresr_1@uqvirtual.edu.co :: checkout_url: https://naturalconexion.com/checkout/?mc_cart_id=761ce99d0cc9a7ba34bf4a29701fff0d
2022-01-26T00:51:25+00:00 NOTICE cart.member.updated :: Updated mtorresr_1@uqvirtual.edu.co subscriber status to transactional and language to es
2022-01-26T00:51:42+00:00 NOTICE action_scheduler.queue_job :: MailChimp_WooCommerce_Single_Order starts in 90 seconds :: obj_id 18463
2022-01-26T00:54:10+00:00 NOTICE debug :: Order ID 18463 was pending and is now processing :: Array
(
    [new_order] => 1
    [tracking] => Array
        (
            [campaign_id] => 
            [landing_site] => https://naturalconexion.com/wp-admin/admin-ajax.php
        )

)

2022-01-26T00:56:54+00:00 NOTICE order.member.updated :: Updated mtorresr_1@uqvirtual.edu.co subscriber status to subscribed and language to es
2022-01-26T00:56:54+00:00 NOTICE order_submit.success :: addStoreOrder :: #18463 :: email: mtorresr_1@uqvirtual.edu.co :: landing site https://naturalconexion.com/wp-admin/admin-ajax.php :: abandoned cart deleted [761ce99d0cc9a7ba34bf4a29701fff0d]
2022-01-26T01:30:02+00:00 NOTICE action_scheduler.queue_job :: MailChimp_WooCommerce_Cart_Update queued :: obj_id acb01ab421d12dce747f42719ad4786c
2022-01-26T01:30:05+00:00 NOTICE abandoned_cart.success :: email: castellanoslau@icloud.com :: checkout_url: https://naturalconexion.com/checkout/?mc_cart_id=acb01ab421d12dce747f42719ad4786c
2022-01-26T01:30:06+00:00 NOTICE cart.member.updated :: Updated castellanoslau@icloud.com subscriber status to transactional and language to es
2022-01-26T01:31:02+00:00 NOTICE action_scheduler.queue_job :: MailChimp_WooCommerce_Single_Order starts in 90 seconds :: obj_id 18464
2022-01-26T01:32:33+00:00 NOTICE debug :: Order ID 18464 was pending and is now processing :: Array
(
    [new_order] => 1
    [tracking] => Array
        (
            [campaign_id] => 
            [landing_site] => https://naturalconexion.com/wp-admin/admin-ajax.php
        )

)

2022-01-26T01:35:11+00:00 NOTICE order.member.updated :: Updated castellanoslau@icloud.com subscriber status to transactional and language to es
2022-01-26T01:35:11+00:00 NOTICE order_submit.success :: addStoreOrder :: #18464 :: email: castellanoslau@icloud.com :: landing site https://naturalconexion.com/wp-admin/admin-ajax.php :: abandoned cart deleted [acb01ab421d12dce747f42719ad4786c]
2022-01-26T02:01:26+00:00 NOTICE action_scheduler.queue_job :: MailChimp_WooCommerce_Cart_Update queued :: obj_id a6f9fc15c4b15537f0784e85008fb11a
2022-01-26T02:01:28+00:00 NOTICE abandoned_cart.success :: email: j.lorenaandrade@gmail.com :: checkout_url: https://naturalconexion.com/checkout/?mc_cart_id=a6f9fc15c4b15537f0784e85008fb11a
2022-01-26T02:01:29+00:00 NOTICE cart.member.updated :: Updated j.lorenaandrade@gmail.com subscriber status to transactional and language to es
2022-01-26T02:02:04+00:00 NOTICE action_scheduler.queue_job :: MailChimp_WooCommerce_Single_Order starts in 90 seconds :: obj_id 18465
2022-01-26T02:04:29+00:00 NOTICE order_sumbit :: #18465 has a financial status of pending and was skipped.
2022-01-26T02:05:09+00:00 NOTICE action_scheduler.queue_job :: MailChimp_WooCommerce_Single_Order starts in 90 seconds :: obj_id 18465
2022-01-26T02:05:12+00:00 NOTICE debug :: Order ID 18465 was pending and is now processing :: Array
(
    [new_order] => 1
    [tracking] => Array
        (
            [campaign_id] => 
            [landing_site] => https://naturalconexion.com/wp-admin/admin-ajax.php
        )

)

2022-01-26T02:07:00+00:00 NOTICE order.member.updated :: Updated j.lorenaandrade@gmail.com subscriber status to transactional and language to 
2022-01-26T02:07:00+00:00 NOTICE order_submit.success :: addStoreOrder :: #18465 :: email: j.lorenaandrade@gmail.com :: landing site https://naturalconexion.com/wp-admin/admin-ajax.php :: abandoned cart deleted [a6f9fc15c4b15537f0784e85008fb11a]
2022-01-26T02:29:59+00:00 NOTICE action_scheduler.queue_job :: MailChimp_WooCommerce_Cart_Update queued :: obj_id d32ff5e0e4ae2cbeb7730e4ed3c57c22
2022-01-26T02:30:38+00:00 NOTICE action_scheduler.queue_job :: MailChimp_WooCommerce_Single_Order starts in 90 seconds :: obj_id 18466
2022-01-26T02:30:40+00:00 NOTICE abandoned_cart.success :: email: dianiz10.dt@gmail.com :: checkout_url: https://naturalconexion.com/checkout/?mc_cart_id=d32ff5e0e4ae2cbeb7730e4ed3c57c22
2022-01-26T02:30:42+00:00 NOTICE cart.member.updated :: Updated dianiz10.dt@gmail.com subscriber status to transactional and language to es
2022-01-26T02:32:27+00:00 NOTICE debug :: Order ID 18466 was pending and is now failed :: Array
(
    [new_order] => 
    [tracking] => 
)

2022-01-26T02:34:43+00:00 NOTICE system.debug :: order 18466 is in failed status, and is being skipped for now.
2022-01-26T04:34:19+00:00 NOTICE action_scheduler.queue_job :: MailChimp_WooCommerce_Cart_Update queued :: obj_id 632fc63400632bec43ea58ff5ddb8c1d
2022-01-26T04:34:21+00:00 NOTICE abandoned_cart.success :: email: sthevens85@yahoo.es :: checkout_url: https://naturalconexion.com/checkout/?mc_cart_id=632fc63400632bec43ea58ff5ddb8c1d
2022-01-26T04:34:23+00:00 NOTICE cart.member.updated :: Updated sthevens85@yahoo.es subscriber status to transactional and language to es
2022-01-26T04:34:41+00:00 NOTICE action_scheduler.queue_job :: MailChimp_WooCommerce_Cart_Update queued :: obj_id 632fc63400632bec43ea58ff5ddb8c1d
2022-01-26T04:35:30+00:00 NOTICE abandoned_cart.success :: email: sthevens85@yahoo.es :: checkout_url: https://naturalconexion.com/checkout/?mc_cart_id=632fc63400632bec43ea58ff5ddb8c1d
2022-01-26T04:35:37+00:00 NOTICE action_scheduler.queue_job :: MailChimp_WooCommerce_Single_Order starts in 90 seconds :: obj_id 18467
2022-01-26T04:37:30+00:00 NOTICE order_sumbit :: #18467 has a financial status of pending and was skipped.
2022-01-26T05:36:38+00:00 NOTICE action_scheduler.queue_job :: MailChimp_WooCommerce_Single_Order starts in 90 seconds :: obj_id 18370
2022-01-26T05:36:38+00:00 NOTICE debug :: Order ID 18370 was cancelled and is now failed :: Array
(
    [new_order] => 
    [tracking] => 
)

2022-01-26T05:37:20+00:00 NOTICE action_scheduler.queue_job :: MailChimp_WooCommerce_Single_Order starts in 90 seconds :: obj_id 18367
2022-01-26T05:37:20+00:00 NOTICE debug :: Order ID 18367 was cancelled and is now failed :: Array
(
    [new_order] => 
    [tracking] => 
)

2022-01-26T05:37:58+00:00 NOTICE action_scheduler.queue_job :: MailChimp_WooCommerce_Single_Order starts in 90 seconds :: obj_id 18373
2022-01-26T05:37:58+00:00 NOTICE debug :: Order ID 18373 was cancelled and is now failed :: Array
(
    [new_order] => 
    [tracking] => 
)

2022-01-26T05:38:34+00:00 NOTICE system.debug :: order 18370 is in failed status, and is being skipped for now.
2022-01-26T05:39:23+00:00 NOTICE system.debug :: order 18367 is in failed status, and is being skipped for now.
2022-01-26T05:40:39+00:00 NOTICE system.debug :: order 18373 is in failed status, and is being skipped for now.
2022-01-26T05:58:21+00:00 NOTICE action_scheduler.queue_job :: MailChimp_WooCommerce_Single_Order starts in 90 seconds :: obj_id 18467
2022-01-26T05:58:21+00:00 NOTICE debug :: Order ID 18467 was pending and is now cancelled :: Array
(
    [new_order] => 
    [tracking] => 
)

2022-01-26T05:59:57+00:00 NOTICE order_sumbit :: #18467 has a financial status of cancelled and was skipped.
2022-01-26T06:54:25+00:00 NOTICE action_scheduler.queue_job :: MailChimp_WooCommerce_User_Submit queued :: obj_id 2037
2022-01-26T06:55:27+00:00 NOTICE member.sync :: Subscribed Member curtba.lc.h2.022@gmail.com :: Array
(
    [status_if_new] => 1
    [merge_fields] => Array
        (
        )

)

2022-01-26T07:07:59+00:00 NOTICE action_scheduler.queue_job :: MailChimp_WooCommerce_Single_Order starts in 90 seconds :: obj_id 18467
2022-01-26T07:08:01+00:00 NOTICE debug :: Order ID 18467 was cancelled and is now processing :: Array
(
    [new_order] => 
    [tracking] => 
)

2022-01-26T07:09:46+00:00 NOTICE order.member.updated :: Updated sthevens85@yahoo.es subscriber status to subscribed and language to 
2022-01-26T07:09:46+00:00 NOTICE order_submit.success :: addStoreOrder :: #18467 :: email: sthevens85@yahoo.es :: landing site https://naturalconexion.com/wp-admin/admin-ajax.php
2022-01-26T12:18:30+00:00 NOTICE action_scheduler.queue_job :: MailChimp_WooCommerce_Single_Order starts in 90 seconds :: obj_id 18448
2022-01-26T12:18:32+00:00 NOTICE debug :: Order ID 18448 was processing and is now completed :: Array
(
    [new_order] => 
    [tracking] => 
)

2022-01-26T12:18:32+00:00 NOTICE action_scheduler.queue_job :: MailChimp_WooCommerce_Single_Order starts in 90 seconds :: obj_id 18451
2022-01-26T12:18:33+00:00 NOTICE debug :: Order ID 18451 was processing and is now completed :: Array
(
    [new_order] => 
    [tracking] => 
)

2022-01-26T12:18:33+00:00 NOTICE action_scheduler.queue_job :: MailChimp_WooCommerce_Single_Order starts in 90 seconds :: obj_id 18452
2022-01-26T12:18:35+00:00 NOTICE debug :: Order ID 18452 was processing and is now completed :: Array
(
    [new_order] => 
    [tracking] => 
)

2022-01-26T12:18:35+00:00 NOTICE action_scheduler.queue_job :: MailChimp_WooCommerce_Single_Order starts in 90 seconds :: obj_id 18453
2022-01-26T12:18:36+00:00 NOTICE debug :: Order ID 18453 was processing and is now completed :: Array
(
    [new_order] => 
    [tracking] => 
)

2022-01-26T12:18:36+00:00 NOTICE action_scheduler.queue_job :: MailChimp_WooCommerce_Single_Order starts in 90 seconds :: obj_id 18454
2022-01-26T12:18:37+00:00 NOTICE debug :: Order ID 18454 was processing and is now completed :: Array
(
    [new_order] => 
    [tracking] => 
)

2022-01-26T12:20:30+00:00 NOTICE order.member.updated :: Updated caritoyepez2014@hotmail.com subscriber status to transactional and language to 
2022-01-26T12:20:30+00:00 NOTICE order_submit.success :: updateStoreOrder :: #18448 :: email: caritoyepez2014@hotmail.com
2022-01-26T12:20:36+00:00 NOTICE order.member.updated :: Updated carohenao0823@gmail.com subscriber status to transactional and language to 
2022-01-26T12:20:36+00:00 NOTICE order_submit.success :: updateStoreOrder :: #18451 :: email: carohenao0823@gmail.com
2022-01-26T12:20:41+00:00 NOTICE order.member.updated :: Updated carolftm@hotmail.com subscriber status to transactional and language to 
2022-01-26T12:20:41+00:00 NOTICE order_submit.success :: updateStoreOrder :: #18452 :: email: carolftm@hotmail.com
2022-01-26T12:20:59+00:00 NOTICE order.member.updated :: Updated ana4130@hotmail.com subscriber status to subscribed and language to 
2022-01-26T12:20:59+00:00 NOTICE order_submit.success :: updateStoreOrder :: #18453 :: email: ana4130@hotmail.com
2022-01-26T12:21:02+00:00 NOTICE order.member.updated :: Updated karla.chaparro88@gmail.com subscriber status to subscribed and language to 
2022-01-26T12:21:02+00:00 NOTICE order_submit.success :: updateStoreOrder :: #18454 :: email: karla.chaparro88@gmail.com
2022-01-26T12:33:45+00:00 NOTICE action_scheduler.queue_job :: MailChimp_WooCommerce_Single_Product starts in 5 seconds :: obj_id 18449
2022-01-26T12:34:31+00:00 NOTICE product_submit.success :: updateStoreProduct :: #18449
2022-01-26T13:02:25+00:00 NOTICE action_scheduler.queue_job :: MailChimp_WooCommerce_Single_Product starts in 5 seconds :: obj_id 7685
2022-01-26T13:02:36+00:00 NOTICE product_submit.success :: updateStoreProduct :: #7685
2022-01-26T13:03:13+00:00 NOTICE product.deleted :: deleted product 7670
2022-01-26T13:28:59+00:00 NOTICE action_scheduler.queue_job :: MailChimp_WooCommerce_Single_Order starts in 90 seconds :: obj_id 18455
2022-01-26T13:29:01+00:00 NOTICE debug :: Order ID 18455 was processing and is now completed :: Array
(
    [new_order] => 
    [tracking] => 
)

2022-01-26T13:29:01+00:00 NOTICE action_scheduler.queue_job :: MailChimp_WooCommerce_Single_Order starts in 90 seconds :: obj_id 18456
2022-01-26T13:29:02+00:00 NOTICE debug :: Order ID 18456 was processing and is now completed :: Array
(
    [new_order] => 
    [tracking] => 
)

2022-01-26T13:29:03+00:00 NOTICE action_scheduler.queue_job :: MailChimp_WooCommerce_Single_Order starts in 90 seconds :: obj_id 18457
2022-01-26T13:29:04+00:00 NOTICE debug :: Order ID 18457 was processing and is now completed :: Array
(
    [new_order] => 
    [tracking] => 
)

2022-01-26T13:29:04+00:00 NOTICE action_scheduler.queue_job :: MailChimp_WooCommerce_Single_Order starts in 90 seconds :: obj_id 18458
2022-01-26T13:29:05+00:00 NOTICE debug :: Order ID 18458 was processing and is now completed :: Array
(
    [new_order] => 
    [tracking] => 
)

2022-01-26T13:29:05+00:00 NOTICE action_scheduler.queue_job :: MailChimp_WooCommerce_Single_Order starts in 90 seconds :: obj_id 18459
2022-01-26T13:29:07+00:00 NOTICE debug :: Order ID 18459 was processing and is now completed :: Array
(
    [new_order] => 
    [tracking] => 
)

2022-01-26T13:29:07+00:00 NOTICE action_scheduler.queue_job :: MailChimp_WooCommerce_Single_Order starts in 90 seconds :: obj_id 18461
2022-01-26T13:29:08+00:00 NOTICE debug :: Order ID 18461 was processing and is now completed :: Array
(
    [new_order] => 
    [tracking] => 
)

2022-01-26T13:29:08+00:00 NOTICE action_scheduler.queue_job :: MailChimp_WooCommerce_Single_Order starts in 90 seconds :: obj_id 18462
2022-01-26T13:29:09+00:00 NOTICE debug :: Order ID 18462 was processing and is now completed :: Array
(
    [new_order] => 
    [tracking] => 
)

2022-01-26T13:29:09+00:00 NOTICE action_scheduler.queue_job :: MailChimp_WooCommerce_Single_Order starts in 90 seconds :: obj_id 18463
2022-01-26T13:29:11+00:00 NOTICE debug :: Order ID 18463 was processing and is now completed :: Array
(
    [new_order] => 
    [tracking] => 
)

2022-01-26T13:29:11+00:00 NOTICE action_scheduler.queue_job :: MailChimp_WooCommerce_Single_Order starts in 90 seconds :: obj_id 18464
2022-01-26T13:29:13+00:00 NOTICE debug :: Order ID 18464 was processing and is now completed :: Array
(
    [new_order] => 
    [tracking] => 
)

2022-01-26T13:29:13+00:00 NOTICE action_scheduler.queue_job :: MailChimp_WooCommerce_Single_Order starts in 90 seconds :: obj_id 18465
2022-01-26T13:29:14+00:00 NOTICE debug :: Order ID 18465 was processing and is now completed :: Array
(
    [new_order] => 
    [tracking] => 
)

2022-01-26T13:29:15+00:00 NOTICE action_scheduler.queue_job :: MailChimp_WooCommerce_Single_Order starts in 90 seconds :: obj_id 18467
2022-01-26T13:29:16+00:00 NOTICE debug :: Order ID 18467 was processing and is now completed :: Array
(
    [new_order] => 
    [tracking] => 
)

2022-01-26T13:31:34+00:00 NOTICE order.member.updated :: Updated juanispiretas@gmail.com subscriber status to transactional and language to 
2022-01-26T13:31:34+00:00 NOTICE order_submit.success :: updateStoreOrder :: #18455 :: email: juanispiretas@gmail.com
2022-01-26T13:31:46+00:00 NOTICE order.member.updated :: Updated alejo.otalvaro@yahoo.es subscriber status to subscribed and language to 
2022-01-26T13:31:46+00:00 NOTICE order_submit.success :: updateStoreOrder :: #18456 :: email: alejo.otalvaro@yahoo.es
2022-01-26T13:31:49+00:00 NOTICE order.member.updated :: Updated torresfrancotatiana@gmail.com subscriber status to transactional and language to 
2022-01-26T13:31:49+00:00 NOTICE order_submit.success :: updateStoreOrder :: #18457 :: email: torresfrancotatiana@gmail.com
2022-01-26T13:31:51+00:00 NOTICE order.member.updated :: Updated angela.cortesc@gmail.com subscriber status to subscribed and language to 
2022-01-26T13:31:51+00:00 NOTICE order_submit.success :: updateStoreOrder :: #18458 :: email: angela.cortesc@gmail.com
2022-01-26T13:31:53+00:00 NOTICE order.member.updated :: Updated carolinacoronadof@gmail.com subscriber status to subscribed and language to 
2022-01-26T13:31:53+00:00 NOTICE order_submit.success :: updateStoreOrder :: #18459 :: email: carolinacoronadof@gmail.com
2022-01-26T13:31:55+00:00 NOTICE order.member.updated :: Updated marianariveraochoa30@gmail.com subscriber status to subscribed and language to 
2022-01-26T13:31:55+00:00 NOTICE order_submit.success :: updateStoreOrder :: #18461 :: email: marianariveraochoa30@gmail.com
2022-01-26T13:31:56+00:00 NOTICE order.member.updated :: Updated auriss_0615@hotmail.com subscriber status to transactional and language to 
2022-01-26T13:31:56+00:00 NOTICE order_submit.success :: updateStoreOrder :: #18462 :: email: auriss_0615@hotmail.com
2022-01-26T13:31:58+00:00 NOTICE order.member.updated :: Updated mtorresr_1@uqvirtual.edu.co subscriber status to subscribed and language to 
2022-01-26T13:31:58+00:00 NOTICE order_submit.success :: updateStoreOrder :: #18463 :: email: mtorresr_1@uqvirtual.edu.co
2022-01-26T13:32:02+00:00 NOTICE order.member.updated :: Updated castellanoslau@icloud.com subscriber status to transactional and language to 
2022-01-26T13:32:02+00:00 NOTICE order_submit.success :: updateStoreOrder :: #18464 :: email: castellanoslau@icloud.com
2022-01-26T13:32:07+00:00 NOTICE order.member.updated :: Updated j.lorenaandrade@gmail.com subscriber status to transactional and language to 
2022-01-26T13:32:07+00:00 NOTICE order_submit.success :: updateStoreOrder :: #18465 :: email: j.lorenaandrade@gmail.com
2022-01-26T13:32:19+00:00 NOTICE order.member.updated :: Updated sthevens85@yahoo.es subscriber status to subscribed and language to 
2022-01-26T13:32:19+00:00 NOTICE order_submit.success :: updateStoreOrder :: #18467 :: email: sthevens85@yahoo.es
2022-01-26T13:51:05+00:00 NOTICE action_scheduler.queue_job :: MailChimp_WooCommerce_Cart_Update queued :: obj_id c29f7370c976563d38685dd4397f85f1
2022-01-26T13:51:26+00:00 NOTICE abandoned_cart.success :: email: dima1865@hotmail.com :: checkout_url: https://naturalconexion.com/checkout/?mc_cart_id=c29f7370c976563d38685dd4397f85f1
2022-01-26T13:51:27+00:00 NOTICE cart.member.updated :: Updated dima1865@hotmail.com subscriber status to subscribed and language to es
2022-01-26T13:51:52+00:00 NOTICE action_scheduler.queue_job :: MailChimp_WooCommerce_Single_Order starts in 90 seconds :: obj_id 18468
2022-01-26T13:52:25+00:00 NOTICE action_scheduler.queue_job :: MailChimp_WooCommerce_Cart_Update queued :: obj_id 873b3cbd174ce62a6070ff2f6ca6ebd6
2022-01-26T13:52:26+00:00 NOTICE abandoned_cart.success :: email: julianaochoa764@gmail.com :: checkout_url: https://naturalconexion.com/checkout/?mc_cart_id=873b3cbd174ce62a6070ff2f6ca6ebd6
2022-01-26T13:52:27+00:00 NOTICE cart.member.updated :: Updated julianaochoa764@gmail.com subscriber status to subscribed and language to es
2022-01-26T13:52:37+00:00 NOTICE action_scheduler.queue_job :: MailChimp_WooCommerce_Single_Order starts in 90 seconds :: obj_id 18469
2022-01-26T13:53:29+00:00 NOTICE order_sumbit :: #18468 has a financial status of pending and was skipped.
2022-01-26T13:53:33+00:00 NOTICE action_scheduler.queue_job :: MailChimp_WooCommerce_Single_Order starts in 90 seconds :: obj_id 18468
2022-01-26T13:53:36+00:00 NOTICE debug :: Order ID 18468 was pending and is now processing :: Array
(
    [new_order] => 1
    [tracking] => Array
        (
            [campaign_id] => 
            [landing_site] => https://naturalconexion.com/wp-admin/admin-ajax.php
        )

)

2022-01-26T13:54:13+00:00 NOTICE order_sumbit :: #18469 has a financial status of pending and was skipped.
2022-01-26T13:55:17+00:00 NOTICE action_scheduler.queue_job :: MailChimp_WooCommerce_Single_Order starts in 90 seconds :: obj_id 18469
2022-01-26T13:55:19+00:00 NOTICE debug :: Order ID 18469 was pending and is now processing :: Array
(
    [new_order] => 1
    [tracking] => Array
        (
            [campaign_id] => 
            [landing_site] => https://naturalconexion.com/wp-admin/admin-ajax.php
        )

)

2022-01-26T13:55:24+00:00 NOTICE order.member.updated :: Updated dima1865@hotmail.com subscriber status to subscribed and language to 
2022-01-26T13:55:24+00:00 NOTICE order_submit.success :: addStoreOrder :: #18468 :: email: dima1865@hotmail.com :: landing site https://naturalconexion.com/wp-admin/admin-ajax.php :: abandoned cart deleted [c29f7370c976563d38685dd4397f85f1]
2022-01-26T13:58:01+00:00 NOTICE order.member.updated :: Updated julianaochoa764@gmail.com subscriber status to subscribed and language to 
2022-01-26T13:58:01+00:00 NOTICE order_submit.success :: addStoreOrder :: #18469 :: email: julianaochoa764@gmail.com :: landing site https://naturalconexion.com/wp-admin/admin-ajax.php :: abandoned cart deleted [873b3cbd174ce62a6070ff2f6ca6ebd6]
2022-01-26T14:17:04+00:00 NOTICE action_scheduler.queue_job :: MailChimp_WooCommerce_Cart_Update queued :: obj_id b8ff79582b467ba1f42527821ff4c325
2022-01-26T14:17:51+00:00 NOTICE abandoned_cart.success :: email: kenyfernandezz@gmail.com :: checkout_url: https://naturalconexion.com/checkout/?mc_cart_id=b8ff79582b467ba1f42527821ff4c325
2022-01-26T14:17:53+00:00 NOTICE cart.member.updated :: Updated kenyfernandezz@gmail.com subscriber status to subscribed and language to es
2022-01-26T15:25:35+00:00 NOTICE action_scheduler.queue_job :: MailChimp_WooCommerce_Single_Order starts in 90 seconds :: obj_id 18468
2022-01-26T15:25:37+00:00 NOTICE debug :: Order ID 18468 was processing and is now completed :: Array
(
    [new_order] => 
    [tracking] => 
)

2022-01-26T15:25:37+00:00 NOTICE action_scheduler.queue_job :: MailChimp_WooCommerce_Single_Order starts in 90 seconds :: obj_id 18469
2022-01-26T15:25:39+00:00 NOTICE debug :: Order ID 18469 was processing and is now completed :: Array
(
    [new_order] => 
    [tracking] => 
)

2022-01-26T15:27:55+00:00 NOTICE order.member.updated :: Updated dima1865@hotmail.com subscriber status to subscribed and language to 
2022-01-26T15:27:55+00:00 NOTICE order_submit.success :: updateStoreOrder :: #18468 :: email: dima1865@hotmail.com
2022-01-26T15:28:00+00:00 NOTICE order.member.updated :: Updated julianaochoa764@gmail.com subscriber status to subscribed and language to 
2022-01-26T15:28:00+00:00 NOTICE order_submit.success :: updateStoreOrder :: #18469 :: email: julianaochoa764@gmail.com
2022-01-26T16:26:09+00:00 NOTICE action_scheduler.queue_job :: MailChimp_WooCommerce_Single_Product starts in 5 seconds :: obj_id 7675
2022-01-26T16:26:20+00:00 NOTICE product_submit.success :: updateStoreProduct :: #7675
2022-01-26T16:26:43+00:00 NOTICE action_scheduler.queue_job :: MailChimp_WooCommerce_Single_Product starts in 5 seconds :: obj_id 7674
2022-01-26T16:27:10+00:00 NOTICE action_scheduler.queue_job :: MailChimp_WooCommerce_Single_Product starts in 5 seconds :: obj_id 7669
2022-01-26T16:27:14+00:00 NOTICE product_submit.success :: updateStoreProduct :: #7674
2022-01-26T16:27:22+00:00 NOTICE product_submit.success :: updateStoreProduct :: #7669
2022-01-26T16:27:31+00:00 NOTICE action_scheduler.queue_job :: MailChimp_WooCommerce_Single_Product starts in 5 seconds :: obj_id 7654
2022-01-26T16:27:52+00:00 NOTICE action_scheduler.queue_job :: MailChimp_WooCommerce_Single_Product starts in 5 seconds :: obj_id 7668
2022-01-26T16:28:17+00:00 NOTICE product_submit.success :: updateStoreProduct :: #7654
2022-01-26T16:28:18+00:00 NOTICE product_submit.success :: updateStoreProduct :: #7668
2022-01-26T18:14:23+00:00 NOTICE action_scheduler.queue_job :: MailChimp_WooCommerce_Cart_Update queued :: obj_id f4719162b495d10c359e685f88b5d070
2022-01-26T18:14:58+00:00 NOTICE abandoned_cart.success :: email: eunelcy77@gmail.com :: checkout_url: https://naturalconexion.com/checkout/?mc_cart_id=f4719162b495d10c359e685f88b5d070
2022-01-26T18:14:59+00:00 NOTICE cart.member.updated :: Updated eunelcy77@gmail.com subscriber status to transactional and language to es
2022-01-26T20:06:09+00:00 NOTICE action_scheduler.queue_job :: MailChimp_WooCommerce_Cart_Update queued :: obj_id 1fcd0508fcf5b54bb1779421e3472f0c
2022-01-26T20:06:37+00:00 NOTICE abandoned_cart.success :: email: edgarvasquezmartinez@gmail.com :: checkout_url: https://naturalconexion.com/checkout/?mc_cart_id=1fcd0508fcf5b54bb1779421e3472f0c
2022-01-26T20:06:38+00:00 NOTICE cart.member.updated :: Updated edgarvasquezmartinez@gmail.com subscriber status to transactional and language to es
2022-01-26T20:08:54+00:00 NOTICE action_scheduler.queue_job :: MailChimp_WooCommerce_Single_Order starts in 90 seconds :: obj_id 18472
2022-01-26T20:10:26+00:00 NOTICE order_sumbit :: #18472 has a financial status of pending and was skipped.
2022-01-26T20:13:40+00:00 NOTICE action_scheduler.queue_job :: MailChimp_WooCommerce_Single_Order starts in 90 seconds :: obj_id 18472
2022-01-26T20:13:59+00:00 NOTICE debug :: Order ID 18472 was pending and is now processing :: Array
(
    [new_order] => 1
    [tracking] => Array
        (
            [campaign_id] => 
            [landing_site] => https://naturalconexion.com/product/kit-reparador/
        )

)

2022-01-26T20:15:36+00:00 NOTICE order.member.updated :: Updated edgarvasquezmartinez@gmail.com subscriber status to subscribed and language to 
2022-01-26T20:15:36+00:00 NOTICE order_submit.success :: addStoreOrder :: #18472 :: email: edgarvasquezmartinez@gmail.com :: landing site https://naturalconexion.com/product/kit-reparador/ :: abandoned cart deleted [1fcd0508fcf5b54bb1779421e3472f0c]
2022-01-26T21:43:22+00:00 NOTICE action_scheduler.queue_job :: MailChimp_WooCommerce_Cart_Update queued :: obj_id acdc343b48c39f1feb722b6117d53105
2022-01-26T21:43:24+00:00 NOTICE abandoned_cart.success :: email: juanfer.agudelo@gmail.com :: checkout_url: https://naturalconexion.com/checkout/?mc_cart_id=acdc343b48c39f1feb722b6117d53105
2022-01-26T21:43:25+00:00 NOTICE cart.member.updated :: Updated juanfer.agudelo@gmail.com subscriber status to transactional and language to es
2022-01-26T21:44:23+00:00 NOTICE action_scheduler.queue_job :: MailChimp_WooCommerce_Single_Order starts in 90 seconds :: obj_id 18473
2022-01-26T21:46:07+00:00 NOTICE action_scheduler.queue_job :: MailChimp_WooCommerce_Cart_Update queued :: obj_id c7de7ae90ac571fffe52e8c5a7252ef1
2022-01-26T21:46:07+00:00 NOTICE action_scheduler.queue_job :: MailChimp_WooCommerce_Cart_Update queued :: obj_id c7de7ae90ac571fffe52e8c5a7252ef1
2022-01-26T21:46:23+00:00 NOTICE order_sumbit :: #18473 has a financial status of pending and was skipped.
2022-01-26T21:46:24+00:00 NOTICE abandoned_cart.success :: email: achumaceror@gmail.com :: checkout_url: https://naturalconexion.com/checkout/?mc_cart_id=c7de7ae90ac571fffe52e8c5a7252ef1
2022-01-26T21:46:26+00:00 NOTICE cart.member.updated :: Updated achumaceror@gmail.com subscriber status to transactional and language to es
2022-01-26T21:46:27+00:00 NOTICE abandoned_cart.success :: email: achumaceror@gmail.com :: checkout_url: https://naturalconexion.com/checkout/?mc_cart_id=c7de7ae90ac571fffe52e8c5a7252ef1
2022-01-26T21:49:59+00:00 NOTICE action_scheduler.queue_job :: MailChimp_WooCommerce_Single_Order starts in 90 seconds :: obj_id 18473
2022-01-26T21:50:03+00:00 NOTICE debug :: Order ID 18473 was pending and is now processing :: Array
(
    [new_order] => 1
    [tracking] => Array
        (
            [campaign_id] => 
            [landing_site] => https://naturalconexion.com/wp-admin/admin-ajax.php
        )

)

2022-01-26T21:51:58+00:00 NOTICE order.member.updated :: Updated juanfer.agudelo@gmail.com subscriber status to transactional and language to 
2022-01-26T21:51:58+00:00 NOTICE order_submit.success :: addStoreOrder :: #18473 :: email: juanfer.agudelo@gmail.com :: landing site https://naturalconexion.com/wp-admin/admin-ajax.php :: abandoned cart deleted [acdc343b48c39f1feb722b6117d53105]
2022-01-26T23:21:12+00:00 NOTICE action_scheduler.queue_job :: MailChimp_WooCommerce_Cart_Update queued :: obj_id fc4d03fb3abc7ace7a17c84b9afbbf4e
2022-01-26T23:21:22+00:00 NOTICE abandoned_cart.success :: email: linamariafd@gmail.com :: checkout_url: https://naturalconexion.com/checkout/?mc_cart_id=fc4d03fb3abc7ace7a17c84b9afbbf4e
2022-01-26T23:21:24+00:00 NOTICE cart.member.updated :: Updated linamariafd@gmail.com subscriber status to subscribed and language to es
2022-01-26T23:26:19+00:00 NOTICE action_scheduler.queue_job :: MailChimp_WooCommerce_Single_Order starts in 90 seconds :: obj_id 18474
2022-01-26T23:28:28+00:00 NOTICE order_sumbit :: #18474 has a financial status of pending and was skipped.
2022-01-26T23:28:52+00:00 NOTICE action_scheduler.queue_job :: MailChimp_WooCommerce_Single_Order starts in 90 seconds :: obj_id 18474
2022-01-26T23:28:56+00:00 NOTICE debug :: Order ID 18474 was pending and is now processing :: Array
(
    [new_order] => 1
    [tracking] => Array
        (
            [campaign_id] => 
            [landing_site] => https://naturalconexion.com/wp-admin/admin-ajax.php
        )

)

2022-01-26T23:30:30+00:00 NOTICE order.member.updated :: Updated linamariafd@gmail.com subscriber status to subscribed and language to 
2022-01-26T23:30:30+00:00 NOTICE order_submit.success :: addStoreOrder :: #18474 :: email: linamariafd@gmail.com :: landing site https://naturalconexion.com/wp-admin/admin-ajax.php :: abandoned cart deleted [fc4d03fb3abc7ace7a17c84b9afbbf4e]
2022-01-26T23:41:21+00:00 NOTICE action_scheduler.queue_job :: MailChimp_WooCommerce_Single_Order starts in 90 seconds :: obj_id 18475
2022-01-26T23:41:22+00:00 NOTICE action_scheduler.queue_job :: MailChimp_WooCommerce_Cart_Update queued :: obj_id b217b275aa3bd642a4f3745ed2230e97
2022-01-26T23:41:24+00:00 NOTICE abandoned_cart.success :: email: claudiaccallejas@hotmail.com :: checkout_url: https://naturalconexion.com/checkout/?mc_cart_id=b217b275aa3bd642a4f3745ed2230e97
2022-01-26T23:41:26+00:00 NOTICE cart.member.updated :: Updated claudiaccallejas@hotmail.com subscriber status to subscribed and language to es
2022-01-26T23:43:34+00:00 NOTICE order_sumbit :: #18475 has a financial status of pending and was skipped.
2022-01-26T23:43:52+00:00 NOTICE action_scheduler.queue_job :: MailChimp_WooCommerce_Single_Order starts in 90 seconds :: obj_id 18475
2022-01-26T23:43:57+00:00 NOTICE debug :: Order ID 18475 was pending and is now processing :: Array
(
    [new_order] => 1
    [tracking] => Array
        (
            [campaign_id] => 
            [landing_site] => https://naturalconexion.com/wp-admin/admin-ajax.php
        )

)

2022-01-26T23:45:50+00:00 NOTICE order.member.updated :: Updated claudiaccallejas@hotmail.com subscriber status to subscribed and language to 
2022-01-26T23:45:50+00:00 NOTICE order_submit.success :: addStoreOrder :: #18475 :: email: claudiaccallejas@hotmail.com :: landing site https://naturalconexion.com/wp-admin/admin-ajax.php :: abandoned cart deleted [b217b275aa3bd642a4f3745ed2230e97]
