2023-02-10T00:35:58+00:00 NOTICE action_scheduler.queue_job :: MailChimp_WooCommerce_Cart_Update queued :: obj_id 9351c60ff5d6ba003244ad204323424e
2023-02-10T00:36:00+00:00 NOTICE abandoned_cart.success :: email: luuuamarilla@gmail.com :: checkout_url: https://naturalconexion.com/checkout/?mc_cart_id=9351c60ff5d6ba003244ad204323424e
2023-02-10T00:36:01+00:00 NOTICE cart.member.updated :: Updated luuuamarilla@gmail.com subscriber status to transactional and language to es
2023-02-10T00:36:11+00:00 NOTICE action_scheduler.queue_job :: MailChimp_WooCommerce_Single_Order starts in 90 seconds :: obj_id 23271
2023-02-10T00:37:47+00:00 NOTICE order_submit :: #23271 has a financial status of pending and was skipped.
2023-02-10T00:39:38+00:00 NOTICE action_scheduler.queue_job :: MailChimp_WooCommerce_Single_Order starts in 90 seconds :: obj_id 23271
2023-02-10T00:39:40+00:00 NOTICE debug :: Order ID 23271 was pending and is now processing :: Array
(
    [new_order] => 1
    [tracking] => Array
        (
            [campaign_id] => 
            [landing_site] => https://naturalconexion.com/wp-content/plugins/woocommerce-payu-latam/confirmation.php
        )

)

2023-02-10T00:42:08+00:00 NOTICE order.member.updated :: Updated luuuamarilla@gmail.com subscriber status to subscribed and language to 
2023-02-10T00:42:08+00:00 NOTICE order_submit.success :: addStoreOrder :: #23271 :: email: luuuamarilla@gmail.com :: landing site https://naturalconexion.com/wp-content/plugins/woocommerce-payu-latam/confirmation.php :: abandoned cart deleted [9351c60ff5d6ba003244ad204323424e]
2023-02-10T05:30:17+00:00 NOTICE action_scheduler.queue_job :: MailChimp_WooCommerce_Cart_Update queued :: obj_id d3b9892b28614545da93c17d97ee6896
2023-02-10T05:30:50+00:00 NOTICE abandoned_cart.success :: email: edujasr@gmail.com :: checkout_url: https://naturalconexion.com/checkout/?mc_cart_id=d3b9892b28614545da93c17d97ee6896
2023-02-10T05:30:51+00:00 NOTICE cart.member.updated :: Updated edujasr@gmail.com subscriber status to transactional and language to es
2023-02-10T12:41:54+00:00 NOTICE action_scheduler.queue_job :: MailChimp_WooCommerce_Single_Order starts in 90 seconds :: obj_id 23267
2023-02-10T12:41:57+00:00 NOTICE debug :: Order ID 23267 was processing and is now completed :: Array
(
    [new_order] => 
    [tracking] => 
)

2023-02-10T12:41:57+00:00 NOTICE action_scheduler.queue_job :: MailChimp_WooCommerce_Single_Order starts in 90 seconds :: obj_id 23268
2023-02-10T12:42:00+00:00 NOTICE debug :: Order ID 23268 was processing and is now completed :: Array
(
    [new_order] => 
    [tracking] => 
)

2023-02-10T12:42:00+00:00 NOTICE action_scheduler.queue_job :: MailChimp_WooCommerce_Single_Order starts in 90 seconds :: obj_id 23269
2023-02-10T12:42:02+00:00 NOTICE debug :: Order ID 23269 was processing and is now completed :: Array
(
    [new_order] => 
    [tracking] => 
)

2023-02-10T12:42:02+00:00 NOTICE action_scheduler.queue_job :: MailChimp_WooCommerce_Single_Order starts in 90 seconds :: obj_id 23270
2023-02-10T12:42:05+00:00 NOTICE debug :: Order ID 23270 was processing and is now completed :: Array
(
    [new_order] => 
    [tracking] => 
)

2023-02-10T12:42:05+00:00 NOTICE action_scheduler.queue_job :: MailChimp_WooCommerce_Single_Order starts in 90 seconds :: obj_id 23271
2023-02-10T12:42:08+00:00 NOTICE debug :: Order ID 23271 was processing and is now completed :: Array
(
    [new_order] => 
    [tracking] => 
)

2023-02-10T12:43:52+00:00 NOTICE order.member.updated :: Updated terepiedrahitag@hotmail.com subscriber status to subscribed and language to 
2023-02-10T12:43:52+00:00 NOTICE order_submit.success :: updateStoreOrder :: #23267 :: email: terepiedrahitag@hotmail.com
2023-02-10T12:43:54+00:00 NOTICE order.member.updated :: Updated juandavidsan-74@hotmail.com subscriber status to transactional and language to 
2023-02-10T12:43:54+00:00 NOTICE order_submit.success :: updateStoreOrder :: #23268 :: email: juandavidsan-74@hotmail.com
2023-02-10T12:43:55+00:00 NOTICE order.member.updated :: Updated paola.diaz9704@gmail.com subscriber status to transactional and language to 
2023-02-10T12:43:55+00:00 NOTICE order_submit.success :: updateStoreOrder :: #23269 :: email: paola.diaz9704@gmail.com
2023-02-10T12:43:57+00:00 NOTICE order.member.updated :: Updated dianamguerreroo@hotmail.com subscriber status to subscribed and language to 
2023-02-10T12:43:57+00:00 NOTICE order_submit.success :: updateStoreOrder :: #23270 :: email: dianamguerreroo@hotmail.com
2023-02-10T12:43:58+00:00 NOTICE order.member.updated :: Updated luuuamarilla@gmail.com subscriber status to subscribed and language to 
2023-02-10T12:43:58+00:00 NOTICE order_submit.success :: updateStoreOrder :: #23271 :: email: luuuamarilla@gmail.com
2023-02-10T13:30:18+00:00 NOTICE action_scheduler.queue_job :: MailChimp_WooCommerce_Cart_Update queued :: obj_id 7aa4f184b426b7834ad13193095fa745
2023-02-10T13:30:29+00:00 NOTICE abandoned_cart.success :: email: acouleau@eafit.edu.co :: checkout_url: https://naturalconexion.com/checkout/?mc_cart_id=7aa4f184b426b7834ad13193095fa745
2023-02-10T13:30:29+00:00 NOTICE cart.member.updated :: Updated acouleau@eafit.edu.co subscriber status to transactional and language to es
2023-02-10T13:30:51+00:00 NOTICE ac.cart_swap :: Deleted cart [acouleau@eafit.edu.co] :: ID [7aa4f184b426b7834ad13193095fa745]
2023-02-10T13:30:51+00:00 NOTICE action_scheduler.queue_job :: MailChimp_WooCommerce_Cart_Update queued :: obj_id 0316bc9cac91f43507bd258110a47f5a
2023-02-10T13:31:10+00:00 NOTICE action_scheduler.queue_job :: MailChimp_WooCommerce_Single_Order starts in 90 seconds :: obj_id 23272
2023-02-10T13:31:11+00:00 NOTICE abandoned_cart.success :: email: anabelle.couleau@gmail.com :: checkout_url: https://naturalconexion.com/checkout/?mc_cart_id=0316bc9cac91f43507bd258110a47f5a
2023-02-10T13:31:12+00:00 NOTICE cart.member.updated :: Updated anabelle.couleau@gmail.com subscriber status to transactional and language to es
2023-02-10T13:33:18+00:00 NOTICE order_submit :: #23272 has a financial status of pending and was skipped.
2023-02-10T13:34:24+00:00 NOTICE action_scheduler.queue_job :: MailChimp_WooCommerce_Single_Order starts in 90 seconds :: obj_id 23272
2023-02-10T13:34:28+00:00 NOTICE debug :: Order ID 23272 was pending and is now processing :: Array
(
    [new_order] => 1
    [tracking] => Array
        (
            [campaign_id] => 
            [landing_site] => https://naturalconexion.com/wp-content/plugins/woocommerce-payu-latam/confirmation.php
        )

)

2023-02-10T13:37:08+00:00 NOTICE order.member.updated :: Updated anabelle.couleau@gmail.com subscriber status to transactional and language to 
2023-02-10T13:37:08+00:00 NOTICE order_submit.success :: addStoreOrder :: #23272 :: email: anabelle.couleau@gmail.com :: landing site https://naturalconexion.com/wp-content/plugins/woocommerce-payu-latam/confirmation.php :: abandoned cart deleted [0316bc9cac91f43507bd258110a47f5a]
2023-02-10T14:01:49+00:00 NOTICE action_scheduler.queue_job :: MailChimp_WooCommerce_Single_Order starts in 90 seconds :: obj_id 23272
2023-02-10T14:01:52+00:00 NOTICE debug :: Order ID 23272 was processing and is now completed :: Array
(
    [new_order] => 
    [tracking] => 
)

2023-02-10T14:03:34+00:00 NOTICE order.member.updated :: Updated anabelle.couleau@gmail.com subscriber status to transactional and language to 
2023-02-10T14:03:34+00:00 NOTICE order_submit.success :: updateStoreOrder :: #23272 :: email: anabelle.couleau@gmail.com
2023-02-10T15:53:21+00:00 NOTICE action_scheduler.queue_job :: MailChimp_WooCommerce_Single_Order starts in 90 seconds :: obj_id 23273
2023-02-10T15:53:25+00:00 NOTICE debug :: Order ID 23273 was pending and is now processing :: Array
(
    [new_order] => 1
    [tracking] => Array
        (
            [campaign_id] => 
            [landing_site] => https://naturalconexion.com/?fbclid=IwAR19EQVg_FTzcpQ-Gq_c0TNVdRW9qK-GkmkU75CgsJwasl4jw94KLMgyB1I
        )

)

2023-02-10T15:55:34+00:00 NOTICE order.member.updated :: Updated natalia@gmail.com subscriber status to subscribed and language to es
2023-02-10T15:55:34+00:00 NOTICE order_submit.success :: addStoreOrder :: #23273 :: email: natalia@gmail.com :: landing site https://naturalconexion.com/?fbclid=IwAR19EQVg_FTzcpQ-Gq_c0TNVdRW9qK-GkmkU75CgsJwasl4jw94KLMgyB1I
2023-02-10T19:20:56+00:00 NOTICE action_scheduler.queue_job :: MailChimp_WooCommerce_Cart_Update queued :: obj_id 63de7820881ebdc537880f03e9d9b646
2023-02-10T19:20:58+00:00 NOTICE abandoned_cart.success :: email: disamed3@gmail.com :: checkout_url: https://naturalconexion.com/checkout/?mc_cart_id=63de7820881ebdc537880f03e9d9b646
2023-02-10T19:20:58+00:00 NOTICE cart.member.updated :: Updated disamed3@gmail.com subscriber status to transactional and language to es
2023-02-10T19:21:43+00:00 NOTICE action_scheduler.queue_job :: MailChimp_WooCommerce_Single_Order starts in 90 seconds :: obj_id 23274
2023-02-10T19:24:16+00:00 NOTICE order_submit :: #23274 has a financial status of pending and was skipped.
2023-02-10T19:51:00+00:00 NOTICE action_scheduler.queue_job :: MailChimp_WooCommerce_Single_Order starts in 90 seconds :: obj_id 23274
2023-02-10T19:51:03+00:00 NOTICE debug :: Order ID 23274 was pending and is now processing :: Array
(
    [new_order] => 1
    [tracking] => Array
        (
            [campaign_id] => 
            [landing_site] => https://naturalconexion.com/wp-content/plugins/woocommerce-payu-latam/confirmation.php
        )

)

2023-02-10T19:52:49+00:00 NOTICE order.member.updated :: Updated disamed3@gmail.com subscriber status to transactional and language to 
2023-02-10T19:52:49+00:00 NOTICE order_submit.success :: addStoreOrder :: #23274 :: email: disamed3@gmail.com :: landing site https://naturalconexion.com/wp-content/plugins/woocommerce-payu-latam/confirmation.php :: abandoned cart deleted [63de7820881ebdc537880f03e9d9b646]
2023-02-10T21:23:30+00:00 NOTICE action_scheduler.queue_job :: MailChimp_WooCommerce_Single_Order starts in 90 seconds :: obj_id 23275
2023-02-10T21:25:52+00:00 NOTICE order_submit :: #23275 has a financial status of pending and was skipped.
2023-02-10T21:25:52+00:00 NOTICE action_scheduler.queue_job :: MailChimp_WooCommerce_Single_Order starts in 90 seconds :: obj_id 23275
2023-02-10T21:25:55+00:00 NOTICE debug :: Order ID 23275 was pending and is now processing :: Array
(
    [new_order] => 1
    [tracking] => Array
        (
            [campaign_id] => 
            [landing_site] => https://naturalconexion.com/wp-content/plugins/woocommerce-payu-latam/confirmation.php
        )

)

2023-02-10T21:28:28+00:00 NOTICE order.member.updated :: Updated lulufe@gmail.com subscriber status to subscribed and language to 
2023-02-10T21:28:28+00:00 NOTICE order_submit.success :: addStoreOrder :: #23275 :: email: lulufe@gmail.com :: landing site https://naturalconexion.com/wp-content/plugins/woocommerce-payu-latam/confirmation.php
