2022-01-09T00:47:48+00:00 NOTICE action_scheduler.queue_job :: MailChimp_WooCommerce_Cart_Update queued :: obj_id 1ac0d2587d4360a52a53eb63ebd383a7
2022-01-09T00:48:26+00:00 NOTICE abandoned_cart.success :: email: dannamoli@hotmail.com :: checkout_url: https://naturalconexion.com/checkout/?mc_cart_id=1ac0d2587d4360a52a53eb63ebd383a7
2022-01-09T00:48:26+00:00 NOTICE cart.member.updated :: Updated dannamoli@hotmail.com subscriber status to transactional and language to es
2022-01-09T00:49:27+00:00 NOTICE action_scheduler.queue_job :: MailChimp_WooCommerce_Single_Order starts in 90 seconds :: obj_id 18205
2022-01-09T00:51:21+00:00 NOTICE order_sumbit :: #18205 has a financial status of pending and was skipped.
2022-01-09T01:04:57+00:00 NOTICE action_scheduler.queue_job :: MailChimp_WooCommerce_Cart_Update queued :: obj_id 3d54285b6982989f6f175bc1bf5c6310
2022-01-09T01:05:25+00:00 NOTICE abandoned_cart.success :: email: claudiampardod@gmail.com :: checkout_url: https://naturalconexion.com/checkout/?mc_cart_id=3d54285b6982989f6f175bc1bf5c6310
2022-01-09T01:05:25+00:00 NOTICE cart.member.updated :: Updated claudiampardod@gmail.com subscriber status to transactional and language to es
2022-01-09T01:05:33+00:00 NOTICE action_scheduler.queue_job :: MailChimp_WooCommerce_Single_Order starts in 90 seconds :: obj_id 18206
2022-01-09T01:07:23+00:00 NOTICE order_sumbit :: #18206 has a financial status of pending and was skipped.
2022-01-09T01:10:04+00:00 NOTICE action_scheduler.queue_job :: MailChimp_WooCommerce_Single_Order starts in 90 seconds :: obj_id 18206
2022-01-09T01:10:06+00:00 NOTICE debug :: Order ID 18206 was pending and is now processing :: Array
(
    [new_order] => 1
    [tracking] => Array
        (
            [campaign_id] => 
            [landing_site] => https://naturalconexion.com/wp-admin/admin-ajax.php
        )

)

2022-01-09T01:12:24+00:00 NOTICE order.member.updated :: Updated claudiampardod@gmail.com subscriber status to transactional and language to 
2022-01-09T01:12:24+00:00 NOTICE order_submit.success :: addStoreOrder :: #18206 :: email: claudiampardod@gmail.com :: landing site https://naturalconexion.com/wp-admin/admin-ajax.php :: abandoned cart deleted [3d54285b6982989f6f175bc1bf5c6310]
2022-01-09T01:20:42+00:00 NOTICE action_scheduler.queue_job :: MailChimp_WooCommerce_Cart_Update queued :: obj_id 6064bd646f3c3b85c7bf27b744aed602
2022-01-09T01:21:34+00:00 NOTICE abandoned_cart.success :: email: paholita79@gmail.com :: checkout_url: https://naturalconexion.com/checkout/?mc_cart_id=6064bd646f3c3b85c7bf27b744aed602
2022-01-09T01:21:35+00:00 NOTICE cart.member.updated :: Updated paholita79@gmail.com subscriber status to transactional and language to es
2022-01-09T01:23:11+00:00 NOTICE action_scheduler.queue_job :: MailChimp_WooCommerce_User_Submit queued :: obj_id 1999
2022-01-09T01:23:12+00:00 NOTICE action_scheduler.queue_job :: MailChimp_WooCommerce_Single_Order starts in 90 seconds :: obj_id 18207
2022-01-09T01:23:20+00:00 NOTICE member.sync :: Updated Member paholita79@gmail.com :: Array
(
    [previous_status] => transactional
    [status] => 1
    [merge_fields] => Array
        (
            [FNAME] => Paola
            [LNAME] => Baquero
        )

)

2022-01-09T01:25:14+00:00 NOTICE order_sumbit :: #18207 has a financial status of pending and was skipped.
2022-01-09T01:27:37+00:00 NOTICE action_scheduler.queue_job :: MailChimp_WooCommerce_Single_Order starts in 90 seconds :: obj_id 18207
2022-01-09T01:27:40+00:00 NOTICE debug :: Order ID 18207 was pending and is now processing :: Array
(
    [new_order] => 1
    [tracking] => Array
        (
            [campaign_id] => 
            [landing_site] => https://naturalconexion.com/wp-admin/admin-ajax.php
        )

)

2022-01-09T01:27:40+00:00 NOTICE action_scheduler.queue_job :: MailChimp_WooCommerce_User_Submit queued :: obj_id 1999
2022-01-09T01:28:35+00:00 NOTICE member.sync :: Updated Member paholita79@gmail.com ( merge fields only ) :: Array
(
    [merge_fields] => Array
        (
            [FNAME] => Paola
            [LNAME] => Baquero
        )

)

2022-01-09T01:29:32+00:00 NOTICE order.member.updated :: Updated paholita79@gmail.com subscriber status to subscribed and language to 
2022-01-09T01:29:32+00:00 NOTICE order_submit.success :: addStoreOrder :: #18207 :: email: paholita79@gmail.com :: landing site https://naturalconexion.com/wp-admin/admin-ajax.php :: abandoned cart deleted [6064bd646f3c3b85c7bf27b744aed602]
2022-01-09T01:55:46+00:00 NOTICE action_scheduler.queue_job :: MailChimp_WooCommerce_Single_Order starts in 90 seconds :: obj_id 18205
2022-01-09T01:55:46+00:00 NOTICE debug :: Order ID 18205 was pending and is now cancelled :: Array
(
    [new_order] => 
    [tracking] => 
)

2022-01-09T01:57:25+00:00 NOTICE order_sumbit :: #18205 has a financial status of cancelled and was skipped.
2022-01-09T02:17:38+00:00 NOTICE action_scheduler.queue_job :: MailChimp_WooCommerce_Cart_Update queued :: obj_id e0271d3cc08fa616d7a92b4ed9883433
2022-01-09T02:18:37+00:00 NOTICE abandoned_cart.success :: email: amill_22@hotmail.com :: checkout_url: https://naturalconexion.com/checkout/?mc_cart_id=e0271d3cc08fa616d7a92b4ed9883433
2022-01-09T02:18:37+00:00 NOTICE cart.member.updated :: Updated amill_22@hotmail.com subscriber status to transactional and language to es
2022-01-09T03:03:09+00:00 NOTICE action_scheduler.queue_job :: MailChimp_WooCommerce_Single_Order starts in 90 seconds :: obj_id 18208
2022-01-09T03:04:42+00:00 NOTICE order_sumbit :: #18208 has a financial status of pending and was skipped.
2022-01-09T03:06:03+00:00 NOTICE action_scheduler.queue_job :: MailChimp_WooCommerce_Single_Order starts in 90 seconds :: obj_id 18208
2022-01-09T03:06:06+00:00 NOTICE debug :: Order ID 18208 was pending and is now processing :: Array
(
    [new_order] => 1
    [tracking] => Array
        (
            [campaign_id] => 
            [landing_site] => https://naturalconexion.com/wp-admin/admin-ajax.php
        )

)

2022-01-09T03:08:09+00:00 NOTICE order.member.updated :: Updated erika_cruz0211@hotmail.com subscriber status to unsubscribed and language to 
2022-01-09T03:08:09+00:00 NOTICE order_submit.success :: addStoreOrder :: #18208 :: email: erika_cruz0211@hotmail.com :: landing site https://naturalconexion.com/wp-admin/admin-ajax.php
2022-01-09T13:15:23+00:00 NOTICE action_scheduler.queue_job :: MailChimp_WooCommerce_Single_Order starts in 90 seconds :: obj_id 18209
2022-01-09T13:17:23+00:00 NOTICE order_sumbit :: #18209 has a financial status of pending and was skipped.
2022-01-09T13:19:08+00:00 NOTICE action_scheduler.queue_job :: MailChimp_WooCommerce_Single_Order starts in 90 seconds :: obj_id 18209
2022-01-09T13:19:09+00:00 NOTICE debug :: Order ID 18209 was pending and is now failed :: Array
(
    [new_order] => 
    [tracking] => 
)

2022-01-09T13:21:20+00:00 NOTICE system.debug :: order 18209 is in failed status, and is being skipped for now.
2022-01-09T13:50:24+00:00 NOTICE action_scheduler.queue_job :: MailChimp_WooCommerce_Cart_Update queued :: obj_id 2df9bf0d42e3f48e09b06f0eb939463c
2022-01-09T13:51:09+00:00 NOTICE action_scheduler.queue_job :: MailChimp_WooCommerce_Single_Order starts in 90 seconds :: obj_id 18210
2022-01-09T13:51:10+00:00 NOTICE abandoned_cart.success :: email: aselos28@gmail.com :: checkout_url: https://naturalconexion.com/checkout/?mc_cart_id=2df9bf0d42e3f48e09b06f0eb939463c
2022-01-09T13:51:11+00:00 NOTICE cart.member.updated :: Updated aselos28@gmail.com subscriber status to transactional and language to es
2022-01-09T13:52:22+00:00 NOTICE action_scheduler.queue_job :: MailChimp_WooCommerce_Single_Order starts in 90 seconds :: obj_id 18211
2022-01-09T13:53:43+00:00 NOTICE order_sumbit :: #18210 has a financial status of pending and was skipped.
2022-01-09T13:54:02+00:00 NOTICE action_scheduler.queue_job :: MailChimp_WooCommerce_Single_Order starts in 90 seconds :: obj_id 18210
2022-01-09T13:54:05+00:00 NOTICE debug :: Order ID 18210 was pending and is now processing :: Array
(
    [new_order] => 1
    [tracking] => Array
        (
            [campaign_id] => 
            [landing_site] => https://naturalconexion.com/wp-admin/admin-ajax.php
        )

)

2022-01-09T13:54:25+00:00 NOTICE order_sumbit :: #18211 has a financial status of pending and was skipped.
2022-01-09T13:55:14+00:00 NOTICE action_scheduler.queue_job :: MailChimp_WooCommerce_Single_Order starts in 90 seconds :: obj_id 18211
2022-01-09T13:55:17+00:00 NOTICE debug :: Order ID 18211 was pending and is now processing :: Array
(
    [new_order] => 1
    [tracking] => Array
        (
            [campaign_id] => 
            [landing_site] => https://naturalconexion.com/wp-admin/admin-ajax.php
        )

)

2022-01-09T13:56:24+00:00 NOTICE order.member.updated :: Updated marcelagvelez3@gmail.com subscriber status to archived and language to 
2022-01-09T13:56:24+00:00 NOTICE order_submit.success :: addStoreOrder :: #18210 :: email: marcelagvelez3@gmail.com :: landing site https://naturalconexion.com/wp-admin/admin-ajax.php
2022-01-09T13:57:28+00:00 NOTICE order.member.updated :: Updated aselos28@gmail.com subscriber status to transactional and language to 
2022-01-09T13:57:28+00:00 NOTICE order_submit.success :: addStoreOrder :: #18211 :: email: aselos28@gmail.com :: landing site https://naturalconexion.com/wp-admin/admin-ajax.php :: abandoned cart deleted [2df9bf0d42e3f48e09b06f0eb939463c]
2022-01-09T14:23:37+00:00 NOTICE action_scheduler.queue_job :: MailChimp_WooCommerce_Cart_Update queued :: obj_id 8ef3f135bf4191c6ac20c7ba2a2719f1
2022-01-09T14:23:59+00:00 NOTICE abandoned_cart.success :: email: johananarod20@gmail.com :: checkout_url: https://naturalconexion.com/checkout/?mc_cart_id=8ef3f135bf4191c6ac20c7ba2a2719f1
2022-01-09T14:23:59+00:00 NOTICE cart.member.updated :: Updated johananarod20@gmail.com subscriber status to transactional and language to es
2022-01-09T14:24:31+00:00 NOTICE action_scheduler.queue_job :: MailChimp_WooCommerce_Single_Order starts in 90 seconds :: obj_id 18212
2022-01-09T14:26:54+00:00 NOTICE debug :: Order ID 18212 was pending and is now processing :: Array
(
    [new_order] => 1
    [tracking] => Array
        (
            [campaign_id] => 
            [landing_site] => https://naturalconexion.com/wp-admin/admin-ajax.php
        )

)

2022-01-09T14:28:25+00:00 NOTICE order.member.updated :: Updated johananarod20@gmail.com subscriber status to subscribed and language to es
2022-01-09T14:28:25+00:00 NOTICE order_submit.success :: addStoreOrder :: #18212 :: email: johananarod20@gmail.com :: landing site https://naturalconexion.com/wp-admin/admin-ajax.php :: abandoned cart deleted [8ef3f135bf4191c6ac20c7ba2a2719f1]
2022-01-09T23:58:06+00:00 NOTICE action_scheduler.queue_job :: MailChimp_WooCommerce_Cart_Update queued :: obj_id 1681e37d014445bf12c421a50c6f64fa
2022-01-09T23:58:20+00:00 NOTICE abandoned_cart.success :: email: gemelas26@hotmail.com :: checkout_url: https://naturalconexion.com/checkout/?mc_cart_id=1681e37d014445bf12c421a50c6f64fa
2022-01-09T23:58:22+00:00 NOTICE cart.member.updated :: Updated gemelas26@hotmail.com subscriber status to transactional and language to es
