2022-07-30T02:19:12+00:00 NOTICE action_scheduler.queue_job :: MailChimp_WooCommerce_Cart_Update queued :: obj_id b9169ad41f6bc05fa33d6cef5485a721
2022-07-30T02:19:19+00:00 NOTICE abandoned_cart.success :: email: eloisabetancur.eb@gmail.com :: checkout_url: https://naturalconexion.com/checkout/?mc_cart_id=b9169ad41f6bc05fa33d6cef5485a721
2022-07-30T02:19:20+00:00 NOTICE cart.member.updated :: Updated eloisabetancur.eb@gmail.com subscriber status to transactional and language to es
2022-07-30T02:20:10+00:00 NOTICE action_scheduler.queue_job :: MailChimp_WooCommerce_Single_Order starts in 90 seconds :: obj_id 21249
2022-07-30T02:22:29+00:00 NOTICE order_submit :: #21249 has a financial status of pending and was skipped.
2022-07-30T02:24:18+00:00 NOTICE action_scheduler.queue_job :: MailChimp_WooCommerce_Single_Order starts in 90 seconds :: obj_id 21249
2022-07-30T02:24:22+00:00 NOTICE debug :: Order ID 21249 was pending and is now processing :: Array
(
    [new_order] => 1
    [tracking] => Array
        (
            [campaign_id] => 
            [landing_site] => https://naturalconexion.com/?wc-api=wc_addi_gateway
        )

)

2022-07-30T02:26:54+00:00 NOTICE order.member.updated :: Updated eloisabetancur.eb@gmail.com subscriber status to subscribed and language to 
2022-07-30T02:26:54+00:00 NOTICE order_submit.success :: addStoreOrder :: #21249 :: email: eloisabetancur.eb@gmail.com :: landing site https://naturalconexion.com/?wc-api=wc_addi_gateway :: abandoned cart deleted [b9169ad41f6bc05fa33d6cef5485a721]
2022-07-30T02:29:43+00:00 NOTICE action_scheduler.queue_job :: MailChimp_WooCommerce_Cart_Update queued :: obj_id 77a134734a03aa2d50ef61a3c57e5164
2022-07-30T02:30:22+00:00 NOTICE abandoned_cart.success :: email: alejandraolarte7@gmail.com :: checkout_url: https://naturalconexion.com/checkout/?mc_cart_id=77a134734a03aa2d50ef61a3c57e5164
2022-07-30T02:30:23+00:00 NOTICE cart.member.updated :: Updated alejandraolarte7@gmail.com subscriber status to subscribed and language to es
2022-07-30T02:34:12+00:00 NOTICE action_scheduler.queue_job :: MailChimp_WooCommerce_Single_Order starts in 90 seconds :: obj_id 21250
2022-07-30T02:36:33+00:00 NOTICE order_submit :: #21250 has a financial status of pending and was skipped.
2022-07-30T02:38:38+00:00 NOTICE action_scheduler.queue_job :: MailChimp_WooCommerce_Single_Order starts in 90 seconds :: obj_id 21250
2022-07-30T02:38:41+00:00 NOTICE debug :: Order ID 21250 was pending and is now processing :: Array
(
    [new_order] => 1
    [tracking] => Array
        (
            [campaign_id] => 
            [landing_site] => https://naturalconexion.com/wp-content/plugins/woocommerce-payu-latam/confirmation.php
        )

)

2022-07-30T02:40:30+00:00 NOTICE order.member.updated :: Updated Alejandraolarte7@gmail.com subscriber status to subscribed and language to 
2022-07-30T02:40:30+00:00 NOTICE order_submit.success :: addStoreOrder :: #21250 :: email: Alejandraolarte7@gmail.com :: landing site https://naturalconexion.com/wp-content/plugins/woocommerce-payu-latam/confirmation.php :: abandoned cart deleted [77a134734a03aa2d50ef61a3c57e5164]
2022-07-30T11:54:15+00:00 NOTICE action_scheduler.queue_job :: MailChimp_WooCommerce_Single_Order starts in 90 seconds :: obj_id 21251
2022-07-30T11:57:20+00:00 NOTICE debug :: Order ID 21251 was pending and is now processing :: Array
(
    [new_order] => 1
    [tracking] => Array
        (
            [campaign_id] => 
            [landing_site] => https://naturalconexion.com/wp-content/plugins/woocommerce-payu-latam/confirmation.php
        )

)

2022-07-30T11:58:54+00:00 NOTICE order.member.updated :: Updated maria_altamar18@hotmail.com subscriber status to subscribed and language to es
2022-07-30T11:58:54+00:00 NOTICE order_submit.success :: addStoreOrder :: #21251 :: email: maria_altamar18@hotmail.com :: landing site https://naturalconexion.com/
2022-07-30T16:14:14+00:00 NOTICE action_scheduler.queue_job :: MailChimp_WooCommerce_Single_Order starts in 90 seconds :: obj_id 21252
2022-07-30T16:16:00+00:00 NOTICE debug :: Order ID 21252 was pending and is now processing :: Array
(
    [new_order] => 1
    [tracking] => Array
        (
            [campaign_id] => 
            [landing_site] => https://naturalconexion.com/?wc-api=wc_addi_gateway
        )

)

2022-07-30T16:18:29+00:00 NOTICE order.member.updated :: Updated Yuli.rkon.kts@gmail.com subscriber status to transactional and language to es
2022-07-30T16:18:29+00:00 NOTICE order_submit.success :: addStoreOrder :: #21252 :: email: Yuli.rkon.kts@gmail.com :: landing site https://naturalconexion.com/
2022-07-30T16:20:57+00:00 NOTICE action_scheduler.queue_job :: MailChimp_WooCommerce_Cart_Update queued :: obj_id d4e638dacc4a80ad8e97ece2101bf717
2022-07-30T16:21:08+00:00 NOTICE abandoned_cart.success :: email: emiryduque@gmail.com :: checkout_url: https://naturalconexion.com/checkout/?mc_cart_id=d4e638dacc4a80ad8e97ece2101bf717
2022-07-30T16:21:09+00:00 NOTICE cart.member.updated :: Updated emiryduque@gmail.com subscriber status to transactional and language to es
2022-07-30T16:21:36+00:00 NOTICE action_scheduler.queue_job :: MailChimp_WooCommerce_Cart_Update queued :: obj_id d4e638dacc4a80ad8e97ece2101bf717
2022-07-30T16:21:55+00:00 NOTICE abandoned_cart.success :: email: emiryduque@gmail.com :: checkout_url: https://naturalconexion.com/checkout/?mc_cart_id=d4e638dacc4a80ad8e97ece2101bf717
2022-07-30T16:22:48+00:00 NOTICE action_scheduler.queue_job :: MailChimp_WooCommerce_Single_Order starts in 90 seconds :: obj_id 21253
2022-07-30T16:25:10+00:00 NOTICE order_submit :: #21253 has a financial status of pending and was skipped.
2022-07-30T16:29:16+00:00 NOTICE action_scheduler.queue_job :: MailChimp_WooCommerce_Single_Order starts in 90 seconds :: obj_id 21253
2022-07-30T16:29:19+00:00 NOTICE debug :: Order ID 21253 was pending and is now processing :: Array
(
    [new_order] => 1
    [tracking] => Array
        (
            [campaign_id] => 
            [landing_site] => https://naturalconexion.com/wp-content/plugins/woocommerce-payu-latam/confirmation.php
        )

)

2022-07-30T16:31:23+00:00 NOTICE order.member.updated :: Updated emiryduque@gmail.com subscriber status to transactional and language to 
2022-07-30T16:31:23+00:00 NOTICE order_submit.success :: addStoreOrder :: #21253 :: email: emiryduque@gmail.com :: landing site https://naturalconexion.com/wp-content/plugins/woocommerce-payu-latam/confirmation.php :: abandoned cart deleted [d4e638dacc4a80ad8e97ece2101bf717]
2022-07-30T18:20:34+00:00 NOTICE action_scheduler.queue_job :: MailChimp_WooCommerce_Single_Order starts in 90 seconds :: obj_id 21254
2022-07-30T18:23:36+00:00 NOTICE order_submit :: #21254 has a financial status of pending and was skipped.
2022-07-30T18:24:46+00:00 NOTICE action_scheduler.queue_job :: MailChimp_WooCommerce_Single_Order starts in 90 seconds :: obj_id 21254
2022-07-30T18:24:50+00:00 NOTICE debug :: Order ID 21254 was pending and is now processing :: Array
(
    [new_order] => 1
    [tracking] => Array
        (
            [campaign_id] => 
            [landing_site] => https://naturalconexion.com/wp-content/plugins/woocommerce-payu-latam/confirmation.php
        )

)

2022-07-30T18:27:04+00:00 NOTICE order.member.updated :: Updated erika_cruz0211@hotmail.com subscriber status to subscribed and language to 
2022-07-30T18:27:04+00:00 NOTICE order_submit.success :: addStoreOrder :: #21254 :: email: erika_cruz0211@hotmail.com :: landing site https://naturalconexion.com/wp-content/plugins/woocommerce-payu-latam/confirmation.php
2022-07-30T21:49:41+00:00 NOTICE action_scheduler.queue_job :: MailChimp_WooCommerce_User_Submit queued :: obj_id 1378
2022-07-30T21:50:16+00:00 NOTICE member.sync :: Updated Member dianacarolinarodriguezpinto@gmail.com :: Array
(
    [status] => subscribed
    [language] => 
    [merge_fields] => Array
        (
            [FNAME] => Carolina
            [LNAME] => Rodríguez
        )

    [gdpr_fields] => 
)

2022-07-30T22:05:33+00:00 NOTICE action_scheduler.queue_job :: MailChimp_WooCommerce_Cart_Update queued :: obj_id ebd5d7a1e740f0697f489b7d126819d2
2022-07-30T22:06:21+00:00 NOTICE abandoned_cart.success :: email: ladypalominog@gmail.com :: checkout_url: https://naturalconexion.com/checkout/?mc_cart_id=ebd5d7a1e740f0697f489b7d126819d2
2022-07-30T22:06:21+00:00 NOTICE cart.member.updated :: Updated ladypalominog@gmail.com subscriber status to subscribed and language to es
2022-07-30T22:10:15+00:00 NOTICE action_scheduler.queue_job :: MailChimp_WooCommerce_Cart_Update queued :: obj_id d807562e328976cb2fc94815174c540d
2022-07-30T22:10:32+00:00 NOTICE abandoned_cart.success :: email: marcenikol2704@gmail.com :: checkout_url: https://naturalconexion.com/checkout/?mc_cart_id=d807562e328976cb2fc94815174c540d
2022-07-30T22:10:32+00:00 NOTICE cart.member.updated :: Updated marcenikol2704@gmail.com subscriber status to transactional and language to es
2022-07-30T22:12:56+00:00 NOTICE action_scheduler.queue_job :: MailChimp_WooCommerce_Single_Order starts in 90 seconds :: obj_id 21255
2022-07-30T22:15:32+00:00 NOTICE order_submit :: #21255 has a financial status of pending and was skipped.
2022-07-30T22:17:12+00:00 NOTICE action_scheduler.queue_job :: MailChimp_WooCommerce_Single_Order starts in 90 seconds :: obj_id 21255
2022-07-30T22:17:17+00:00 NOTICE debug :: Order ID 21255 was pending and is now processing :: Array
(
    [new_order] => 1
    [tracking] => Array
        (
            [campaign_id] => 
            [landing_site] => https://naturalconexion.com/wp-content/plugins/woocommerce-payu-latam/confirmation.php
        )

)

2022-07-30T22:19:04+00:00 NOTICE order.member.updated :: Updated ladypalominog@gmail.com subscriber status to subscribed and language to 
2022-07-30T22:19:04+00:00 NOTICE order_submit.success :: addStoreOrder :: #21255 :: email: ladypalominog@gmail.com :: landing site https://naturalconexion.com/wp-content/plugins/woocommerce-payu-latam/confirmation.php :: abandoned cart deleted [ebd5d7a1e740f0697f489b7d126819d2]
