2022-07-13T02:40:28+00:00 NOTICE action_scheduler.queue_job :: MailChimp_WooCommerce_User_Submit queued :: obj_id 147
2022-07-13T02:41:13+00:00 NOTICE member.sync :: Updated Member solarange-legal@yahoo.com :: Array
(
    [status] => archived
    [language] => 
    [merge_fields] => Array
        (
            [FNAME] => Diana
            [LNAME] => Cardona
        )

    [gdpr_fields] => 
)

2022-07-13T03:09:25+00:00 NOTICE action_scheduler.queue_job :: MailChimp_WooCommerce_Cart_Update queued :: obj_id 9ebb4b4f260faf232a8d374c89098ec3
2022-07-13T03:09:37+00:00 NOTICE abandoned_cart.success :: email: solarange-legal@yahoo.com :: checkout_url: https://naturalconexion.com/checkout/?mc_cart_id=9ebb4b4f260faf232a8d374c89098ec3
2022-07-13T03:09:37+00:00 NOTICE cart.member.updated :: Updated solarange-legal@yahoo.com subscriber status to transactional and language to es
2022-07-13T03:10:12+00:00 NOTICE action_scheduler.queue_job :: MailChimp_WooCommerce_Cart_Update queued :: obj_id 9ebb4b4f260faf232a8d374c89098ec3
2022-07-13T03:10:13+00:00 NOTICE abandoned_cart.success :: email: solarange-legal@yahoo.com :: checkout_url: https://naturalconexion.com/checkout/?mc_cart_id=9ebb4b4f260faf232a8d374c89098ec3
2022-07-13T03:10:19+00:00 NOTICE action_scheduler.queue_job :: MailChimp_WooCommerce_Cart_Update queued :: obj_id 9ebb4b4f260faf232a8d374c89098ec3
2022-07-13T03:10:40+00:00 NOTICE abandoned_cart.success :: email: solarange-legal@yahoo.com :: checkout_url: https://naturalconexion.com/checkout/?mc_cart_id=9ebb4b4f260faf232a8d374c89098ec3
2022-07-13T03:11:05+00:00 NOTICE action_scheduler.queue_job :: MailChimp_WooCommerce_Cart_Update queued :: obj_id 9ebb4b4f260faf232a8d374c89098ec3
2022-07-13T03:11:14+00:00 NOTICE abandoned_cart.success :: email: solarange-legal@yahoo.com :: checkout_url: https://naturalconexion.com/checkout/?mc_cart_id=9ebb4b4f260faf232a8d374c89098ec3
2022-07-13T03:12:00+00:00 NOTICE action_scheduler.queue_job :: MailChimp_WooCommerce_Cart_Update queued :: obj_id 9ebb4b4f260faf232a8d374c89098ec3
2022-07-13T03:12:17+00:00 NOTICE abandoned_cart.success :: email: solarange-legal@yahoo.com :: checkout_url: https://naturalconexion.com/checkout/?mc_cart_id=9ebb4b4f260faf232a8d374c89098ec3
2022-07-13T03:13:22+00:00 NOTICE action_scheduler.queue_job :: MailChimp_WooCommerce_Cart_Update queued :: obj_id 9ebb4b4f260faf232a8d374c89098ec3
2022-07-13T03:14:07+00:00 NOTICE abandoned_cart.success :: email: solarange-legal@yahoo.com :: checkout_url: https://naturalconexion.com/checkout/?mc_cart_id=9ebb4b4f260faf232a8d374c89098ec3
2022-07-13T03:14:27+00:00 NOTICE action_scheduler.queue_job :: MailChimp_WooCommerce_User_Submit queued :: obj_id 147
2022-07-13T03:14:27+00:00 NOTICE action_scheduler.queue_job :: MailChimp_WooCommerce_Single_Order starts in 90 seconds :: obj_id 21085
2022-07-13T03:14:36+00:00 NOTICE member.sync :: Updated Member solarange-legal@yahoo.com :: Array
(
    [previous_status] => transactional
    [status] => 
    [language] => 
    [merge_fields] => Array
        (
            [FNAME] => Diana
            [LNAME] => Cardona
        )

    [gdpr_fields] => 
)

2022-07-13T03:15:59+00:00 NOTICE order_submit :: #21085 has a financial status of pending and was skipped.
2022-07-13T03:18:03+00:00 NOTICE action_scheduler.queue_job :: MailChimp_WooCommerce_Single_Order starts in 90 seconds :: obj_id 21085
2022-07-13T03:18:05+00:00 NOTICE debug :: Order ID 21085 was pending and is now processing :: Array
(
    [new_order] => 1
    [tracking] => Array
        (
            [campaign_id] => 
            [landing_site] => https://naturalconexion.com/wp-content/plugins/woocommerce-payu-latam/confirmation.php
        )

)

2022-07-13T03:20:48+00:00 NOTICE order.member.updated :: Updated solarange-legal@yahoo.com subscriber status to transactional and language to 
2022-07-13T03:20:48+00:00 NOTICE order_submit.success :: addStoreOrder :: #21085 :: email: solarange-legal@yahoo.com :: landing site https://naturalconexion.com/wp-content/plugins/woocommerce-payu-latam/confirmation.php :: abandoned cart deleted [9ebb4b4f260faf232a8d374c89098ec3]
2022-07-13T03:32:37+00:00 NOTICE action_scheduler.queue_job :: MailChimp_WooCommerce_User_Submit queued :: obj_id 2258
2022-07-13T03:32:40+00:00 NOTICE member.sync :: tatis8808@gmail.com is Pending Double OptIn
2022-07-13T03:38:52+00:00 NOTICE action_scheduler.queue_job :: MailChimp_WooCommerce_Cart_Update queued :: obj_id 120a695f109f38184916fccd9d5a33ed
2022-07-13T03:39:16+00:00 NOTICE abandoned_cart.success :: email: tatis8808@gmail.com :: checkout_url: https://naturalconexion.com/checkout/?mc_cart_id=120a695f109f38184916fccd9d5a33ed
2022-07-13T03:39:16+00:00 NOTICE cart.member.updated :: Updated tatis8808@gmail.com subscriber status to subscribed and language to es
2022-07-13T03:42:35+00:00 NOTICE action_scheduler.queue_job :: MailChimp_WooCommerce_Single_Order starts in 90 seconds :: obj_id 21086
2022-07-13T03:45:09+00:00 NOTICE order_submit :: #21086 has a financial status of pending and was skipped.
2022-07-13T04:00:07+00:00 NOTICE action_scheduler.queue_job :: MailChimp_WooCommerce_Cart_Update queued :: obj_id 3ab34e1a813c8542fd229f79f83e883a
2022-07-13T04:00:48+00:00 NOTICE abandoned_cart.success :: email: nroa71@misena.edu.co :: checkout_url: https://naturalconexion.com/checkout/?mc_cart_id=3ab34e1a813c8542fd229f79f83e883a
2022-07-13T04:00:48+00:00 NOTICE cart.member.updated :: Updated nroa71@misena.edu.co subscriber status to transactional and language to es
2022-07-13T04:00:58+00:00 NOTICE action_scheduler.queue_job :: MailChimp_WooCommerce_Cart_Update queued :: obj_id 3ab34e1a813c8542fd229f79f83e883a
2022-07-13T04:01:24+00:00 NOTICE abandoned_cart.success :: email: nroa71@misena.edu.co :: checkout_url: https://naturalconexion.com/checkout/?mc_cart_id=3ab34e1a813c8542fd229f79f83e883a
2022-07-13T04:01:52+00:00 NOTICE action_scheduler.queue_job :: MailChimp_WooCommerce_Cart_Update queued :: obj_id 3ab34e1a813c8542fd229f79f83e883a
2022-07-13T04:03:55+00:00 NOTICE abandoned_cart.success :: email: nroa71@misena.edu.co :: checkout_url: https://naturalconexion.com/checkout/?mc_cart_id=3ab34e1a813c8542fd229f79f83e883a
2022-07-13T08:23:18+00:00 NOTICE action_scheduler.queue_job :: MailChimp_WooCommerce_Cart_Update queued :: obj_id 22003d8bbb291246fcaff15d495922ce
2022-07-13T08:24:15+00:00 NOTICE abandoned_cart.success :: email: yannysnadyn@gmail.com :: checkout_url: https://naturalconexion.com/checkout/?mc_cart_id=22003d8bbb291246fcaff15d495922ce
2022-07-13T08:24:16+00:00 NOTICE cart.member.updated :: Updated yannysnadyn@gmail.com subscriber status to transactional and language to es
2022-07-13T08:27:33+00:00 NOTICE action_scheduler.queue_job :: MailChimp_WooCommerce_User_Submit queued :: obj_id 2259
2022-07-13T08:27:35+00:00 NOTICE action_scheduler.queue_job :: MailChimp_WooCommerce_Single_Order starts in 90 seconds :: obj_id 21087
2022-07-13T08:29:57+00:00 NOTICE member.sync :: Updated Member yannysnadyn@gmail.com :: Array
(
    [previous_status] => transactional
    [status] => 1
    [language] => 
    [merge_fields] => Array
        (
            [FNAME] => Yannys Nadyn
            [LNAME] => Guzmán
        )

    [gdpr_fields] => 
)

2022-07-13T08:29:58+00:00 NOTICE order_submit :: #21087 has a financial status of pending and was skipped.
2022-07-13T08:29:58+00:00 NOTICE action_scheduler.queue_job :: MailChimp_WooCommerce_Single_Order starts in 90 seconds :: obj_id 21087
2022-07-13T08:30:00+00:00 NOTICE debug :: Order ID 21087 was pending and is now processing :: Array
(
    [new_order] => 1
    [tracking] => Array
        (
            [campaign_id] => 
            [landing_site] => https://naturalconexion.com/wp-content/plugins/woocommerce-payu-latam/confirmation.php
        )

)

2022-07-13T08:30:00+00:00 NOTICE action_scheduler.queue_job :: MailChimp_WooCommerce_User_Submit queued :: obj_id 2259
2022-07-13T08:31:00+00:00 NOTICE member.sync :: Updated Member yannysnadyn@gmail.com :: Array
(
    [status] => subscribed
    [language] => 
    [merge_fields] => Array
        (
            [FNAME] => Yannys Nadyn
            [LNAME] => Guzmán
        )

    [gdpr_fields] => 
)

2022-07-13T08:31:46+00:00 NOTICE order.member.updated :: Updated yannysnadyn@gmail.com subscriber status to subscribed and language to 
2022-07-13T08:31:46+00:00 NOTICE order_submit.success :: addStoreOrder :: #21087 :: email: yannysnadyn@gmail.com :: landing site https://naturalconexion.com/wp-content/plugins/woocommerce-payu-latam/confirmation.php :: abandoned cart deleted [22003d8bbb291246fcaff15d495922ce]
2022-07-13T12:11:26+00:00 NOTICE action_scheduler.queue_job :: MailChimp_WooCommerce_Single_Order starts in 90 seconds :: obj_id 21062
2022-07-13T12:11:28+00:00 NOTICE debug :: Order ID 21062 was processing and is now completed :: Array
(
    [new_order] => 
    [tracking] => 
)

2022-07-13T12:11:28+00:00 NOTICE action_scheduler.queue_job :: MailChimp_WooCommerce_Single_Order starts in 90 seconds :: obj_id 21063
2022-07-13T12:11:31+00:00 NOTICE debug :: Order ID 21063 was processing and is now completed :: Array
(
    [new_order] => 
    [tracking] => 
)

2022-07-13T12:11:31+00:00 NOTICE action_scheduler.queue_job :: MailChimp_WooCommerce_Single_Order starts in 90 seconds :: obj_id 21064
2022-07-13T12:11:34+00:00 NOTICE debug :: Order ID 21064 was processing and is now completed :: Array
(
    [new_order] => 
    [tracking] => 
)

2022-07-13T12:11:34+00:00 NOTICE action_scheduler.queue_job :: MailChimp_WooCommerce_Single_Order starts in 90 seconds :: obj_id 21065
2022-07-13T12:11:37+00:00 NOTICE debug :: Order ID 21065 was processing and is now completed :: Array
(
    [new_order] => 
    [tracking] => 
)

2022-07-13T12:11:37+00:00 NOTICE action_scheduler.queue_job :: MailChimp_WooCommerce_Single_Order starts in 90 seconds :: obj_id 21066
2022-07-13T12:11:39+00:00 NOTICE debug :: Order ID 21066 was processing and is now completed :: Array
(
    [new_order] => 
    [tracking] => 
)

2022-07-13T12:11:39+00:00 NOTICE action_scheduler.queue_job :: MailChimp_WooCommerce_Single_Order starts in 90 seconds :: obj_id 21068
2022-07-13T12:11:41+00:00 NOTICE debug :: Order ID 21068 was processing and is now completed :: Array
(
    [new_order] => 
    [tracking] => 
)

2022-07-13T12:11:42+00:00 NOTICE action_scheduler.queue_job :: MailChimp_WooCommerce_Single_Order starts in 90 seconds :: obj_id 21069
2022-07-13T12:11:44+00:00 NOTICE debug :: Order ID 21069 was processing and is now completed :: Array
(
    [new_order] => 
    [tracking] => 
)

2022-07-13T12:11:44+00:00 NOTICE action_scheduler.queue_job :: MailChimp_WooCommerce_Single_Order starts in 90 seconds :: obj_id 21070
2022-07-13T12:11:46+00:00 NOTICE debug :: Order ID 21070 was processing and is now completed :: Array
(
    [new_order] => 
    [tracking] => 
)

2022-07-13T12:11:46+00:00 NOTICE action_scheduler.queue_job :: MailChimp_WooCommerce_Single_Order starts in 90 seconds :: obj_id 21071
2022-07-13T12:11:49+00:00 NOTICE debug :: Order ID 21071 was processing and is now completed :: Array
(
    [new_order] => 
    [tracking] => 
)

2022-07-13T12:11:49+00:00 NOTICE action_scheduler.queue_job :: MailChimp_WooCommerce_Single_Order starts in 90 seconds :: obj_id 21072
2022-07-13T12:11:51+00:00 NOTICE debug :: Order ID 21072 was processing and is now completed :: Array
(
    [new_order] => 
    [tracking] => 
)

2022-07-13T12:13:18+00:00 NOTICE order.member.updated :: Updated Angela.casti@hotmail.com subscriber status to subscribed and language to 
2022-07-13T12:13:18+00:00 NOTICE order_submit.success :: updateStoreOrder :: #21062 :: email: Angela.casti@hotmail.com
2022-07-13T12:13:19+00:00 NOTICE order.member.updated :: Updated Jcamilobarrera11@gmail.com subscriber status to transactional and language to 
2022-07-13T12:13:19+00:00 NOTICE order_submit.success :: updateStoreOrder :: #21063 :: email: Jcamilobarrera11@gmail.com
2022-07-13T12:13:20+00:00 NOTICE order.member.updated :: Updated Ana4130@hotmail.com subscriber status to subscribed and language to 
2022-07-13T12:13:20+00:00 NOTICE order_submit.success :: updateStoreOrder :: #21064 :: email: Ana4130@hotmail.com
2022-07-13T12:13:21+00:00 NOTICE order.member.updated :: Updated rabbi3122@hotmail.com subscriber status to subscribed and language to 
2022-07-13T12:13:21+00:00 NOTICE order_submit.success :: updateStoreOrder :: #21065 :: email: rabbi3122@hotmail.com
2022-07-13T12:13:23+00:00 NOTICE order.member.updated :: Updated macaaldmart21@gmail.com subscriber status to subscribed and language to 
2022-07-13T12:13:23+00:00 NOTICE order_submit.success :: updateStoreOrder :: #21066 :: email: macaaldmart21@gmail.com
2022-07-13T12:13:24+00:00 NOTICE order.member.updated :: Updated yksr1710@hotmail.com subscriber status to subscribed and language to 
2022-07-13T12:13:24+00:00 NOTICE order_submit.success :: updateStoreOrder :: #21068 :: email: yksr1710@hotmail.com
2022-07-13T12:13:25+00:00 NOTICE order.member.updated :: Updated veritogrisales@gmail.com subscriber status to subscribed and language to 
2022-07-13T12:13:25+00:00 NOTICE order_submit.success :: updateStoreOrder :: #21069 :: email: veritogrisales@gmail.com
2022-07-13T12:13:27+00:00 NOTICE order.member.updated :: Updated ynathaly.cm@hotmail.com subscriber status to transactional and language to 
2022-07-13T12:13:27+00:00 NOTICE order_submit.success :: updateStoreOrder :: #21070 :: email: ynathaly.cm@hotmail.com
2022-07-13T12:13:28+00:00 NOTICE order.member.updated :: Updated andrea.aguirreur@gmail.com subscriber status to subscribed and language to 
2022-07-13T12:13:28+00:00 NOTICE order_submit.success :: updateStoreOrder :: #21071 :: email: andrea.aguirreur@gmail.com
2022-07-13T12:13:30+00:00 NOTICE order.member.updated :: Updated gverdiechenique@gmail.com subscriber status to transactional and language to 
2022-07-13T12:13:30+00:00 NOTICE order_submit.success :: updateStoreOrder :: #21072 :: email: gverdiechenique@gmail.com
2022-07-13T12:27:29+00:00 NOTICE action_scheduler.queue_job :: MailChimp_WooCommerce_Single_Order starts in 90 seconds :: obj_id 21061
2022-07-13T12:27:32+00:00 NOTICE debug :: Order ID 21061 was processing and is now completed :: Array
(
    [new_order] => 
    [tracking] => 
)

2022-07-13T12:29:15+00:00 NOTICE order.member.updated :: Updated andresj1795@gmail.com subscriber status to transactional and language to 
2022-07-13T12:29:15+00:00 NOTICE order_submit.success :: updateStoreOrder :: #21061 :: email: andresj1795@gmail.com
2022-07-13T18:38:22+00:00 NOTICE action_scheduler.queue_job :: MailChimp_WooCommerce_User_Submit queued :: obj_id 2260
2022-07-13T18:38:38+00:00 NOTICE member.sync :: Updated Member achumaceror@gmail.com :: Array
(
    [status] => transactional
    [language] => 
    [merge_fields] => Array
        (
        )

    [gdpr_fields] => 
)

2022-07-13T18:44:53+00:00 NOTICE action_scheduler.queue_job :: MailChimp_WooCommerce_User_Submit queued :: obj_id 2260
2022-07-13T18:45:46+00:00 NOTICE member.sync :: Updated Member achumaceror@gmail.com :: Array
(
    [previous_status] => transactional
    [status] => 
    [language] => 
    [merge_fields] => Array
        (
        )

    [gdpr_fields] => 
)

2022-07-13T19:55:35+00:00 NOTICE action_scheduler.queue_job :: MailChimp_WooCommerce_Cart_Update queued :: obj_id 1e91bf419d026927138c990d0ea2eb54
2022-07-13T19:55:52+00:00 NOTICE abandoned_cart.success :: email: lorenaolivaresbaquero@gmail.com :: checkout_url: https://naturalconexion.com/checkout/?mc_cart_id=1e91bf419d026927138c990d0ea2eb54
2022-07-13T19:55:54+00:00 NOTICE cart.member.updated :: Updated lorenaolivaresbaquero@gmail.com subscriber status to transactional and language to es
2022-07-13T19:56:22+00:00 NOTICE action_scheduler.queue_job :: MailChimp_WooCommerce_User_Submit queued :: obj_id 2261
2022-07-13T19:56:23+00:00 NOTICE action_scheduler.queue_job :: MailChimp_WooCommerce_Single_Order starts in 90 seconds :: obj_id 21088
2022-07-13T19:57:09+00:00 NOTICE debug :: Order ID 21088 was pending and is now processing :: Array
(
    [new_order] => 1
    [tracking] => Array
        (
            [campaign_id] => 
            [landing_site] => https://naturalconexion.com/?wc-api=wc_addi_gateway
        )

)

2022-07-13T19:57:37+00:00 NOTICE member.sync :: Updated Member lorenaolivaresbaquero@gmail.com :: Array
(
    [previous_status] => transactional
    [status] => 1
    [language] => 
    [merge_fields] => Array
        (
            [FNAME] => Yalidys Lorena
            [LNAME] => Olivares Baquero
        )

    [gdpr_fields] => 
)

2022-07-13T19:58:49+00:00 NOTICE order.member.updated :: Updated lorenaolivaresbaquero@gmail.com subscriber status to subscribed and language to es
2022-07-13T19:58:49+00:00 NOTICE order_submit.success :: addStoreOrder :: #21088 :: email: lorenaolivaresbaquero@gmail.com :: landing site https://naturalconexion.com/tienda/?gclid=CjwKCAjw2rmWBhB4EiwAiJ0mtZcoh34UFQPffHzL98w5UAp7t-JFt9HcwP2DqxrmA66A_UHiMFcryRoCFdsQAvD_BwE :: abandoned cart deleted [1e91bf419d026927138c990d0ea2eb54]
2022-07-13T20:33:32+00:00 NOTICE action_scheduler.queue_job :: MailChimp_WooCommerce_Cart_Update queued :: obj_id c7de7ae90ac571fffe52e8c5a7252ef1
2022-07-13T20:33:59+00:00 NOTICE abandoned_cart.success :: email: achumaceror@gmail.com :: checkout_url: https://naturalconexion.com/checkout/?mc_cart_id=c7de7ae90ac571fffe52e8c5a7252ef1
2022-07-13T20:33:59+00:00 NOTICE cart.member.updated :: Updated achumaceror@gmail.com subscriber status to transactional and language to es
2022-07-13T23:15:22+00:00 NOTICE action_scheduler.queue_job :: MailChimp_WooCommerce_Cart_Update queued :: obj_id c7de7ae90ac571fffe52e8c5a7252ef1
2022-07-13T23:16:06+00:00 NOTICE abandoned_cart.success :: email: achumaceror@gmail.com :: checkout_url: https://naturalconexion.com/checkout/?mc_cart_id=c7de7ae90ac571fffe52e8c5a7252ef1
2022-07-13T23:16:07+00:00 NOTICE cart.member.updated :: Updated achumaceror@gmail.com subscriber status to transactional and language to es
2022-07-13T23:21:15+00:00 NOTICE action_scheduler.queue_job :: MailChimp_WooCommerce_Cart_Update queued :: obj_id c7de7ae90ac571fffe52e8c5a7252ef1
2022-07-13T23:21:16+00:00 NOTICE abandoned_cart.success :: email: achumaceror@gmail.com :: checkout_url: https://naturalconexion.com/checkout/?mc_cart_id=c7de7ae90ac571fffe52e8c5a7252ef1
