2023-08-20T01:20:37+00:00 NOTICE action_scheduler.queue_job :: MailChimp_WooCommerce_Cart_Update queued :: obj_id c0c6838de338b712705660780173c67d
2023-08-20T01:20:40+00:00 NOTICE abandoned_cart.success :: email: talacas@hotmail.com :: checkout_url: https://naturalconexion.com/checkout/?mc_cart_id=c0c6838de338b712705660780173c67d
2023-08-20T01:20:40+00:00 NOTICE cart.member.updated :: Updated talacas@hotmail.com subscriber status to transactional and language to es
2023-08-20T01:20:44+00:00 NOTICE ac.cart_swap :: Deleted cart [talacas@hotmail.com] :: ID [c0c6838de338b712705660780173c67d]
2023-08-20T01:20:44+00:00 NOTICE ac.cart_swap :: Deleted cart [talacas@hotmail.com] :: ID [c0c6838de338b712705660780173c67d]
2023-08-20T01:20:44+00:00 NOTICE action_scheduler.queue_job :: MailChimp_WooCommerce_Cart_Update queued :: obj_id 4fc8ac24e43007fe17ff4733a7ec3ce1
2023-08-20T01:20:46+00:00 NOTICE abandoned_cart.success :: email: talacas@gmail.com :: checkout_url: https://naturalconexion.com/checkout/?mc_cart_id=4fc8ac24e43007fe17ff4733a7ec3ce1
2023-08-20T01:20:47+00:00 NOTICE cart.member.updated :: Updated talacas@gmail.com subscriber status to transactional and language to es
2023-08-20T01:21:58+00:00 NOTICE action_scheduler.queue_job :: MailChimp_WooCommerce_Single_Order starts in 90 seconds :: obj_id 25422
2023-08-20T01:24:12+00:00 NOTICE action_scheduler.queue_job :: MailChimp_WooCommerce_Single_Order starts in 90 seconds :: obj_id 25422
2023-08-20T01:24:15+00:00 NOTICE debug :: Order ID 25422 was pending and is now processing :: Array
(
    [new_order] => 1
    [tracking] => Array
        (
            [campaign_id] => 
            [landing_site] => https://naturalconexion.com/wp-content/plugins/woocommerce-payu-latam/confirmation.php
        )

)

2023-08-20T01:24:16+00:00 NOTICE order_submit :: #25422 has a financial status of pending and was skipped.
2023-08-20T01:26:05+00:00 NOTICE order.member.updated :: Updated talacas@gmail.com subscriber status to transactional and language to 
2023-08-20T01:26:05+00:00 NOTICE order_submit.success :: addStoreOrder :: #25422 :: email: talacas@gmail.com :: landing site https://naturalconexion.com/wp-content/plugins/woocommerce-payu-latam/confirmation.php :: abandoned cart deleted [4fc8ac24e43007fe17ff4733a7ec3ce1]
2023-08-20T11:59:27+00:00 NOTICE action_scheduler.queue_job :: MailChimp_WooCommerce_Cart_Update queued :: obj_id bc7788a0767c66b82daf99f92cddae2d
2023-08-20T11:59:31+00:00 NOTICE abandoned_cart.success :: email: pixel.kathe@gmail.com :: checkout_url: https://naturalconexion.com/checkout/?mc_cart_id=bc7788a0767c66b82daf99f92cddae2d
2023-08-20T11:59:31+00:00 NOTICE cart.member.updated :: Updated pixel.kathe@gmail.com subscriber status to transactional and language to es
2023-08-20T11:59:32+00:00 NOTICE action_scheduler.queue_job :: MailChimp_WooCommerce_Cart_Update queued :: obj_id bc7788a0767c66b82daf99f92cddae2d
2023-08-20T11:59:37+00:00 NOTICE abandoned_cart.success :: email: pixel.kathe@gmail.com :: checkout_url: https://naturalconexion.com/checkout/?mc_cart_id=bc7788a0767c66b82daf99f92cddae2d
2023-08-20T12:00:15+00:00 NOTICE action_scheduler.queue_job :: MailChimp_WooCommerce_Single_Order starts in 90 seconds :: obj_id 25423
2023-08-20T12:01:56+00:00 NOTICE order_submit :: #25423 has a financial status of pending and was skipped.
2023-08-20T12:03:51+00:00 NOTICE action_scheduler.queue_job :: MailChimp_WooCommerce_Single_Order starts in 90 seconds :: obj_id 25423
2023-08-20T12:03:54+00:00 NOTICE debug :: Order ID 25423 was pending and is now processing :: Array
(
    [new_order] => 1
    [tracking] => Array
        (
            [campaign_id] => 
            [landing_site] => https://naturalconexion.com/wp-content/plugins/woocommerce-payu-latam/confirmation.php
        )

)

2023-08-20T12:12:11+00:00 NOTICE order.member.updated :: Updated pixel.kathe@gmail.com subscriber status to subscribed and language to 
2023-08-20T12:12:11+00:00 NOTICE order_submit.success :: addStoreOrder :: #25423 :: email: pixel.kathe@gmail.com :: landing site https://naturalconexion.com/wp-content/plugins/woocommerce-payu-latam/confirmation.php :: abandoned cart deleted [bc7788a0767c66b82daf99f92cddae2d]
2023-08-20T16:33:18+00:00 NOTICE action_scheduler.queue_job :: MailChimp_WooCommerce_Cart_Update queued :: obj_id 6b91d244dbc66b7b1df33cb302af4fd1
2023-08-20T16:33:22+00:00 NOTICE abandoned_cart.success :: email: paulaaarevalov@gmail.com :: checkout_url: https://naturalconexion.com/checkout/?mc_cart_id=6b91d244dbc66b7b1df33cb302af4fd1
2023-08-20T16:33:22+00:00 NOTICE cart.member.updated :: Updated paulaaarevalov@gmail.com subscriber status to transactional and language to es
2023-08-20T17:24:21+00:00 NOTICE action_scheduler.queue_job :: MailChimp_WooCommerce_Cart_Update queued :: obj_id 5920201fb457ddc254fae3058d57e955
2023-08-20T17:24:58+00:00 NOTICE abandoned_cart.success :: email: ealfonso71@outlook.com :: checkout_url: https://naturalconexion.com/checkout/?mc_cart_id=5920201fb457ddc254fae3058d57e955
2023-08-20T17:24:59+00:00 NOTICE cart.member.updated :: Updated ealfonso71@outlook.com subscriber status to subscribed and language to es
2023-08-20T17:25:32+00:00 NOTICE action_scheduler.queue_job :: MailChimp_WooCommerce_Single_Order starts in 90 seconds :: obj_id 25424
2023-08-20T17:27:21+00:00 NOTICE debug :: Order ID 25424 was pending and is now processing :: Array
(
    [new_order] => 1
    [tracking] => Array
        (
            [campaign_id] => 
            [landing_site] => https://naturalconexion.com/wp-content/plugins/woocommerce-payu-latam/confirmation.php
        )

)

2023-08-20T17:31:11+00:00 NOTICE order.member.updated :: Updated ealfonso71@outlook.com subscriber status to subscribed and language to es
2023-08-20T17:31:11+00:00 NOTICE order_submit.success :: addStoreOrder :: #25424 :: email: ealfonso71@outlook.com :: landing site https://naturalconexion.com/tienda/?utm_source=google&utm_medium=cpc&utm_campaign=marca&gclid=Cj0KCQjw84anBhCtARIsAISI-xcjkiIqKFJYBr9Oo8BoB0THW5hnl3YbiqngJiF4g64EXWO4JaEgv20aAkepEALw_wcB :: abandoned cart deleted [5920201fb457ddc254fae3058d57e955]
2023-08-20T18:38:40+00:00 NOTICE action_scheduler.queue_job :: MailChimp_WooCommerce_Cart_Update queued :: obj_id 59e54cb10509e4c05b7c91ee64968f81
2023-08-20T18:38:43+00:00 NOTICE abandoned_cart.success :: email: liyoarga@gmail.com :: checkout_url: https://naturalconexion.com/checkout/?mc_cart_id=59e54cb10509e4c05b7c91ee64968f81
2023-08-20T18:38:43+00:00 NOTICE cart.member.updated :: Updated liyoarga@gmail.com subscriber status to subscribed and language to es
2023-08-20T19:22:54+00:00 NOTICE action_scheduler.queue_job :: MailChimp_WooCommerce_Cart_Update queued :: obj_id 59e54cb10509e4c05b7c91ee64968f81
2023-08-20T19:22:55+00:00 NOTICE action_scheduler.queue_job :: MailChimp_WooCommerce_Single_Order starts in 90 seconds :: obj_id 25425
2023-08-20T19:22:56+00:00 NOTICE abandoned_cart.success :: email: liyoarga@gmail.com :: checkout_url: https://naturalconexion.com/checkout/?mc_cart_id=59e54cb10509e4c05b7c91ee64968f81
2023-08-20T19:24:43+00:00 NOTICE order_submit :: #25425 has a financial status of pending and was skipped.
2023-08-20T19:27:07+00:00 NOTICE action_scheduler.queue_job :: MailChimp_WooCommerce_Cart_Update queued :: obj_id 59e54cb10509e4c05b7c91ee64968f81
2023-08-20T19:27:27+00:00 NOTICE abandoned_cart.success :: email: liyoarga@gmail.com :: checkout_url: https://naturalconexion.com/checkout/?mc_cart_id=59e54cb10509e4c05b7c91ee64968f81
2023-08-20T19:28:40+00:00 NOTICE action_scheduler.queue_job :: MailChimp_WooCommerce_Single_Order starts in 90 seconds :: obj_id 25426
2023-08-20T19:28:45+00:00 NOTICE debug :: Order ID 25426 was pending and is now processing :: Array
(
    [new_order] => 1
    [tracking] => Array
        (
            [campaign_id] => 
            [landing_site] => https://naturalconexion.com/checkout/order-pay/25425/?key=wc_order_cxrwQJIvxISLw
        )

)

2023-08-20T19:30:38+00:00 NOTICE order.member.updated :: Updated liyoarga@gmail.com subscriber status to subscribed and language to es
2023-08-20T19:30:38+00:00 NOTICE order_submit.success :: addStoreOrder :: #25426 :: email: liyoarga@gmail.com :: landing site https://naturalconexion.com/checkout/order-pay/25425/?key=wc_order_cxrwQJIvxISLw :: abandoned cart deleted [59e54cb10509e4c05b7c91ee64968f81]
2023-08-20T21:00:18+00:00 NOTICE action_scheduler.queue_job :: MailChimp_WooCommerce_Single_Order starts in 90 seconds :: obj_id 25425
2023-08-20T21:00:19+00:00 NOTICE debug :: Order ID 25425 was pending and is now cancelled :: Array
(
    [new_order] => 
    [tracking] => 
)

2023-08-20T21:05:36+00:00 NOTICE order_submit :: #25425 has a financial status of cancelled and was skipped.
