2022-04-02T01:00:58+00:00 NOTICE action_scheduler.queue_job :: MailChimp_WooCommerce_Cart_Update queued :: obj_id 41be579b95c7d0737de199780f76bc11
2022-04-02T01:01:03+00:00 NOTICE abandoned_cart.success :: email: marcelarosve@gmail.com :: checkout_url: https://naturalconexion.com/checkout/?mc_cart_id=41be579b95c7d0737de199780f76bc11
2022-04-02T01:01:04+00:00 NOTICE cart.member.updated :: Updated marcelarosve@gmail.com subscriber status to transactional and language to es
2022-04-02T01:01:04+00:00 NOTICE action_scheduler.queue_job :: MailChimp_WooCommerce_Cart_Update queued :: obj_id 41be579b95c7d0737de199780f76bc11
2022-04-02T01:01:05+00:00 NOTICE abandoned_cart.success :: email: marcelarosve@gmail.com :: checkout_url: https://naturalconexion.com/checkout/?mc_cart_id=41be579b95c7d0737de199780f76bc11
2022-04-02T01:01:45+00:00 NOTICE action_scheduler.queue_job :: MailChimp_WooCommerce_Single_Order starts in 90 seconds :: obj_id 19593
2022-04-02T01:03:30+00:00 NOTICE order_sumbit :: #19593 has a financial status of pending and was skipped.
2022-04-02T01:07:26+00:00 NOTICE action_scheduler.queue_job :: MailChimp_WooCommerce_Single_Order starts in 90 seconds :: obj_id 19593
2022-04-02T01:07:29+00:00 NOTICE debug :: Order ID 19593 was pending and is now processing :: Array
(
    [new_order] => 1
    [tracking] => Array
        (
            [campaign_id] => 
            [landing_site] => https://naturalconexion.com/wp-admin/admin-ajax.php
        )

)

2022-04-02T01:09:11+00:00 NOTICE order.member.updated :: Updated marcelarosve@gmail.com subscriber status to subscribed and language to 
2022-04-02T01:09:11+00:00 NOTICE order_submit.success :: addStoreOrder :: #19593 :: email: marcelarosve@gmail.com :: landing site https://naturalconexion.com/wp-admin/admin-ajax.php :: abandoned cart deleted [41be579b95c7d0737de199780f76bc11]
2022-04-02T01:09:11+00:00 NOTICE action_scheduler.queue_job :: MailChimp_WooCommerce_SingleCoupon queued :: obj_id 19594
2022-04-02T01:09:43+00:00 NOTICE promo_code_submit.success :: #19594 :: code: fp0lca6a
2022-04-02T01:21:56+00:00 NOTICE action_scheduler.queue_job :: MailChimp_WooCommerce_SingleCoupon queued :: obj_id 19595
2022-04-02T01:22:43+00:00 NOTICE promo_code_submit.success :: #19595 :: code: 83cum4di
2022-04-02T01:41:27+00:00 NOTICE action_scheduler.queue_job :: MailChimp_WooCommerce_SingleCoupon queued :: obj_id 19596
2022-04-02T01:41:28+00:00 NOTICE promo_code_submit.success :: #19596 :: code: 0jla5stn
2022-04-02T02:03:46+00:00 NOTICE action_scheduler.queue_job :: MailChimp_WooCommerce_Cart_Update queued :: obj_id afee732440249072db6b4c915feec59b
2022-04-02T02:04:11+00:00 NOTICE abandoned_cart.success :: email: ntgarciamorales@gmail.com :: checkout_url: https://naturalconexion.com/checkout/?mc_cart_id=afee732440249072db6b4c915feec59b
2022-04-02T02:04:12+00:00 NOTICE cart.member.updated :: Updated ntgarciamorales@gmail.com subscriber status to subscribed and language to es
2022-04-02T02:07:12+00:00 NOTICE action_scheduler.queue_job :: MailChimp_WooCommerce_Cart_Update queued :: obj_id afee732440249072db6b4c915feec59b
2022-04-02T02:07:23+00:00 NOTICE abandoned_cart.success :: email: ntgarciamorales@gmail.com :: checkout_url: https://naturalconexion.com/checkout/?mc_cart_id=afee732440249072db6b4c915feec59b
2022-04-02T02:12:48+00:00 NOTICE action_scheduler.queue_job :: MailChimp_WooCommerce_Cart_Update queued :: obj_id afee732440249072db6b4c915feec59b
2022-04-02T02:13:23+00:00 NOTICE abandoned_cart.success :: email: ntgarciamorales@gmail.com :: checkout_url: https://naturalconexion.com/checkout/?mc_cart_id=afee732440249072db6b4c915feec59b
2022-04-02T02:15:13+00:00 NOTICE action_scheduler.queue_job :: MailChimp_WooCommerce_Cart_Update queued :: obj_id afee732440249072db6b4c915feec59b
2022-04-02T02:15:32+00:00 NOTICE abandoned_cart.success :: email: ntgarciamorales@gmail.com :: checkout_url: https://naturalconexion.com/checkout/?mc_cart_id=afee732440249072db6b4c915feec59b
2022-04-02T02:23:03+00:00 NOTICE action_scheduler.queue_job :: MailChimp_WooCommerce_Cart_Update queued :: obj_id afee732440249072db6b4c915feec59b
2022-04-02T02:23:46+00:00 NOTICE action_scheduler.queue_job :: MailChimp_WooCommerce_Single_Order starts in 90 seconds :: obj_id 19597
2022-04-02T02:23:46+00:00 NOTICE abandoned_cart.success :: email: ntgarciamorales@gmail.com :: checkout_url: https://naturalconexion.com/checkout/?mc_cart_id=afee732440249072db6b4c915feec59b
2022-04-02T02:25:55+00:00 NOTICE order_sumbit :: #19597 has a financial status of pending and was skipped.
2022-04-02T02:33:50+00:00 NOTICE action_scheduler.queue_job :: MailChimp_WooCommerce_Single_Order starts in 90 seconds :: obj_id 19597
2022-04-02T02:33:52+00:00 NOTICE debug :: Order ID 19597 was pending and is now processing :: Array
(
    [new_order] => 1
    [tracking] => Array
        (
            [campaign_id] => 
            [landing_site] => https://naturalconexion.com/wp-admin/admin-ajax.php
        )

)

2022-04-02T02:35:23+00:00 NOTICE order.member.updated :: Updated ntgarciamorales@gmail.com subscriber status to subscribed and language to 
2022-04-02T02:35:23+00:00 NOTICE order_submit.success :: addStoreOrder :: #19597 :: email: ntgarciamorales@gmail.com :: landing site https://naturalconexion.com/wp-admin/admin-ajax.php :: abandoned cart deleted [afee732440249072db6b4c915feec59b]
2022-04-02T04:28:42+00:00 NOTICE action_scheduler.queue_job :: MailChimp_WooCommerce_Cart_Update queued :: obj_id 6d8ba08a1b850968f354957677df0c26
2022-04-02T04:28:43+00:00 NOTICE abandoned_cart.success :: email: angelicanino@gmail.com :: checkout_url: https://naturalconexion.com/checkout/?mc_cart_id=6d8ba08a1b850968f354957677df0c26
2022-04-02T04:28:44+00:00 NOTICE cart.member.updated :: Updated angelicanino@gmail.com subscriber status to subscribed and language to es
2022-04-02T05:30:11+00:00 NOTICE action_scheduler.queue_job :: MailChimp_WooCommerce_SingleCoupon queued :: obj_id 19598
2022-04-02T05:30:25+00:00 NOTICE promo_code_submit.success :: #19598 :: code: hnoctvc3
2022-04-02T06:40:04+00:00 NOTICE action_scheduler.queue_job :: MailChimp_WooCommerce_SingleCoupon queued :: obj_id 19599
2022-04-02T06:40:54+00:00 NOTICE promo_code_submit.success :: #19599 :: code: t5vjrvq8
2022-04-02T11:24:12+00:00 NOTICE action_scheduler.queue_job :: MailChimp_WooCommerce_Single_Order starts in 90 seconds :: obj_id 19600
2022-04-02T11:26:42+00:00 NOTICE debug :: Order ID 19600 was pending and is now processing :: Array
(
    [new_order] => 1
    [tracking] => Array
        (
            [campaign_id] => 
            [landing_site] => https://naturalconexion.com/wp-admin/admin-ajax.php
        )

)

2022-04-02T11:28:16+00:00 NOTICE order.member.updated :: Updated angelicanino@gmail.com subscriber status to subscribed and language to es
2022-04-02T11:28:16+00:00 NOTICE order_submit.success :: addStoreOrder :: #19600 :: email: angelicanino@gmail.com :: landing site https://naturalconexion.com/wp-admin/admin-ajax.php :: abandoned cart deleted [6d8ba08a1b850968f354957677df0c26]
2022-04-02T14:41:51+00:00 NOTICE action_scheduler.queue_job :: MailChimp_WooCommerce_Single_Order starts in 90 seconds :: obj_id 19601
2022-04-02T14:43:32+00:00 NOTICE order_sumbit :: #19601 has a financial status of pending and was skipped.
2022-04-02T14:49:54+00:00 NOTICE action_scheduler.queue_job :: MailChimp_WooCommerce_Single_Order starts in 90 seconds :: obj_id 19602
2022-04-02T14:53:02+00:00 NOTICE debug :: Order ID 19602 was pending and is now processing :: Array
(
    [new_order] => 1
    [tracking] => Array
        (
            [campaign_id] => 
            [landing_site] => https://naturalconexion.com/wp-admin/admin-ajax.php
        )

)

2022-04-02T14:54:32+00:00 NOTICE order.member.updated :: Updated negris1978@live.com subscriber status to unsubscribed and language to es
2022-04-02T14:54:32+00:00 NOTICE order_submit.success :: addStoreOrder :: #19602 :: email: negris1978@live.com :: landing site https://naturalconexion.com/wp-admin/admin-ajax.php
2022-04-02T14:58:13+00:00 NOTICE action_scheduler.queue_job :: MailChimp_WooCommerce_Single_Order starts in 90 seconds :: obj_id 19603
2022-04-02T15:00:31+00:00 NOTICE order_sumbit :: #19603 has a financial status of pending and was skipped.
2022-04-02T15:51:47+00:00 NOTICE action_scheduler.queue_job :: MailChimp_WooCommerce_Single_Order starts in 90 seconds :: obj_id 19604
2022-04-02T15:53:37+00:00 NOTICE order_sumbit :: #19604 has a financial status of pending and was skipped.
2022-04-02T15:54:43+00:00 NOTICE action_scheduler.queue_job :: MailChimp_WooCommerce_Single_Order starts in 90 seconds :: obj_id 19604
2022-04-02T15:54:44+00:00 NOTICE debug :: Order ID 19604 was pending and is now refunded :: Array
(
    [new_order] => 
    [tracking] => 
)

2022-04-02T15:56:40+00:00 NOTICE order.member.updated :: Updated yesivaru31@gmail.com subscriber status to subscribed and language to 
2022-04-02T15:56:40+00:00 NOTICE order_submit.success :: addStoreOrder :: #19604 :: email: yesivaru31@gmail.com :: landing site https://naturalconexion.com/wp-admin/admin-ajax.php
2022-04-02T16:20:31+00:00 NOTICE action_scheduler.queue_job :: MailChimp_WooCommerce_Single_Order starts in 90 seconds :: obj_id 19601
2022-04-02T16:20:31+00:00 NOTICE debug :: Order ID 19601 was pending and is now cancelled :: Array
(
    [new_order] => 
    [tracking] => 
)

2022-04-02T16:20:31+00:00 NOTICE action_scheduler.queue_job :: MailChimp_WooCommerce_Single_Order starts in 90 seconds :: obj_id 19603
2022-04-02T16:20:31+00:00 NOTICE debug :: Order ID 19603 was pending and is now cancelled :: Array
(
    [new_order] => 
    [tracking] => 
)

2022-04-02T16:22:28+00:00 NOTICE order_sumbit :: #19601 has a financial status of cancelled and was skipped.
2022-04-02T16:22:28+00:00 NOTICE order_sumbit :: #19603 has a financial status of cancelled and was skipped.
2022-04-02T16:58:56+00:00 NOTICE action_scheduler.queue_job :: MailChimp_WooCommerce_Single_Order starts in 90 seconds :: obj_id 19577
2022-04-02T16:58:58+00:00 NOTICE debug :: Order ID 19577 was cancelled and is now processing :: Array
(
    [new_order] => 
    [tracking] => 
)

2022-04-02T17:00:32+00:00 NOTICE order.member.updated :: Updated bellagar07@gmail.com subscriber status to subscribed and language to 
2022-04-02T17:00:32+00:00 NOTICE order_submit.success :: addStoreOrder :: #19577 :: email: bellagar07@gmail.com :: landing site https://naturalconexion.com/?wc-ajax=get_refreshed_fragments
2022-04-02T17:11:05+00:00 NOTICE action_scheduler.queue_job :: MailChimp_WooCommerce_SingleCoupon queued :: obj_id 19606
2022-04-02T17:11:47+00:00 NOTICE promo_code_submit.success :: #19606 :: code: 7r2tyimt
2022-04-02T17:21:14+00:00 NOTICE action_scheduler.queue_job :: MailChimp_WooCommerce_Single_Order starts in 90 seconds :: obj_id 19603
2022-04-02T17:21:16+00:00 NOTICE debug :: Order ID 19603 was cancelled and is now processing :: Array
(
    [new_order] => 
    [tracking] => 
)

2022-04-02T17:22:53+00:00 NOTICE order.member.updated :: Updated nectimene@yahoo.com subscriber status to subscribed and language to 
2022-04-02T17:22:53+00:00 NOTICE order_submit.success :: addStoreOrder :: #19603 :: email: nectimene@yahoo.com :: landing site https://naturalconexion.com/wp-admin/admin-ajax.php
2022-04-02T19:16:01+00:00 NOTICE action_scheduler.queue_job :: MailChimp_WooCommerce_Cart_Update queued :: obj_id a8a592d690d51e5313c86cc4c807a465
2022-04-02T19:16:03+00:00 NOTICE abandoned_cart.success :: email: marloncasterly@gmail.com :: checkout_url: https://naturalconexion.com/checkout/?mc_cart_id=a8a592d690d51e5313c86cc4c807a465
2022-04-02T19:16:03+00:00 NOTICE cart.member.updated :: Updated marloncasterly@gmail.com subscriber status to transactional and language to es
2022-04-02T19:24:55+00:00 NOTICE ac.cart_swap :: Deleted cart [marloncasterly@gmail.com] :: ID [a8a592d690d51e5313c86cc4c807a465]
2022-04-02T19:24:56+00:00 NOTICE action_scheduler.queue_job :: MailChimp_WooCommerce_Cart_Update queued :: obj_id b3d0b71d66ff03ce46439d67a681ffa1
2022-04-02T19:24:58+00:00 NOTICE abandoned_cart.success :: email: marthynogh@gmail.com :: checkout_url: https://naturalconexion.com/checkout/?mc_cart_id=b3d0b71d66ff03ce46439d67a681ffa1
2022-04-02T19:24:58+00:00 NOTICE cart.member.updated :: Updated marthynogh@gmail.com subscriber status to transactional and language to es
2022-04-02T19:29:38+00:00 NOTICE action_scheduler.queue_job :: MailChimp_WooCommerce_Single_Order starts in 90 seconds :: obj_id 19607
2022-04-02T19:30:53+00:00 NOTICE debug :: Order ID 19607 was pending and is now processing :: Array
(
    [new_order] => 1
    [tracking] => Array
        (
            [campaign_id] => 
            [landing_site] => https://naturalconexion.com/wp-admin/admin-ajax.php
        )

)

2022-04-02T19:32:32+00:00 NOTICE order.member.updated :: Updated Marthynogh@gmail.com subscriber status to transactional and language to es
2022-04-02T19:32:32+00:00 NOTICE order_submit.success :: addStoreOrder :: #19607 :: email: Marthynogh@gmail.com :: landing site https://naturalconexion.com/wp-admin/admin-ajax.php :: abandoned cart deleted [b3d0b71d66ff03ce46439d67a681ffa1]
2022-04-02T19:54:50+00:00 NOTICE action_scheduler.queue_job :: MailChimp_WooCommerce_Cart_Update queued :: obj_id 22dc75f541cc7cde458f9ac89d3806ee
2022-04-02T19:55:27+00:00 NOTICE abandoned_cart.success :: email: jenifferbalza@yahoo.com :: checkout_url: https://naturalconexion.com/checkout/?mc_cart_id=22dc75f541cc7cde458f9ac89d3806ee
2022-04-02T19:55:28+00:00 NOTICE cart.member.updated :: Updated jenifferbalza@yahoo.com subscriber status to subscribed and language to es
2022-04-02T19:56:51+00:00 NOTICE action_scheduler.queue_job :: MailChimp_WooCommerce_Single_Order starts in 90 seconds :: obj_id 19608
2022-04-02T19:58:39+00:00 NOTICE order_sumbit :: #19608 has a financial status of pending and was skipped.
2022-04-02T19:59:19+00:00 NOTICE action_scheduler.queue_job :: MailChimp_WooCommerce_Single_Order starts in 90 seconds :: obj_id 19608
2022-04-02T19:59:21+00:00 NOTICE debug :: Order ID 19608 was pending and is now processing :: Array
(
    [new_order] => 1
    [tracking] => Array
        (
            [campaign_id] => 
            [landing_site] => https://naturalconexion.com/wp-admin/admin-ajax.php
        )

)

2022-04-02T20:01:36+00:00 NOTICE order.member.updated :: Updated jenifferbalza@yahoo.com subscriber status to subscribed and language to 
2022-04-02T20:01:36+00:00 NOTICE order_submit.success :: addStoreOrder :: #19608 :: email: jenifferbalza@yahoo.com :: landing site https://naturalconexion.com/wp-admin/admin-ajax.php :: abandoned cart deleted [22dc75f541cc7cde458f9ac89d3806ee]
2022-04-02T21:45:28+00:00 NOTICE action_scheduler.queue_job :: MailChimp_WooCommerce_Single_Order starts in 90 seconds :: obj_id 19609
2022-04-02T21:45:31+00:00 NOTICE debug :: Order ID 19609 was pending and is now processing :: Array
(
    [new_order] => 1
    [tracking] => Array
        (
            [campaign_id] => 
            [landing_site] => https://naturalconexion.com/wp-admin/admin-ajax.php
        )

)

2022-04-02T21:47:28+00:00 NOTICE order.member.updated :: Updated catalinaifg123@gmail.com subscriber status to subscribed and language to es
2022-04-02T21:47:28+00:00 NOTICE order_submit.success :: addStoreOrder :: #19609 :: email: catalinaifg123@gmail.com :: landing site https://naturalconexion.com/wp-admin/admin-ajax.php
