2022-01-15T00:03:53+00:00 NOTICE action_scheduler.queue_job :: MailChimp_WooCommerce_Cart_Update queued :: obj_id 2b10fba7da99675a4fc1704e02fb8778
2022-01-15T00:03:56+00:00 NOTICE abandoned_cart.success :: email: teacherximena0712@gmail.com :: checkout_url: https://naturalconexion.com/checkout/?mc_cart_id=2b10fba7da99675a4fc1704e02fb8778
2022-01-15T00:03:59+00:00 NOTICE cart.member.updated :: Updated teacherximena0712@gmail.com subscriber status to subscribed and language to es
2022-01-15T00:04:36+00:00 NOTICE action_scheduler.queue_job :: MailChimp_WooCommerce_Single_Order starts in 90 seconds :: obj_id 18292
2022-01-15T00:06:58+00:00 NOTICE order_sumbit :: #18292 has a financial status of pending and was skipped.
2022-01-15T00:08:41+00:00 NOTICE action_scheduler.queue_job :: MailChimp_WooCommerce_Single_Order starts in 90 seconds :: obj_id 18292
2022-01-15T00:08:42+00:00 NOTICE debug :: Order ID 18292 was pending and is now failed :: Array
(
    [new_order] => 
    [tracking] => 
)

2022-01-15T00:09:42+00:00 NOTICE action_scheduler.queue_job :: MailChimp_WooCommerce_Cart_Update queued :: obj_id 2b10fba7da99675a4fc1704e02fb8778
2022-01-15T00:10:21+00:00 NOTICE abandoned_cart.success :: email: teacherximena0712@gmail.com :: checkout_url: https://naturalconexion.com/checkout/?mc_cart_id=2b10fba7da99675a4fc1704e02fb8778
2022-01-15T00:10:22+00:00 NOTICE system.debug :: order 18292 is in failed status, and is being skipped for now.
2022-01-15T00:13:26+00:00 NOTICE action_scheduler.queue_job :: MailChimp_WooCommerce_Cart_Update queued :: obj_id 2b10fba7da99675a4fc1704e02fb8778
2022-01-15T00:14:21+00:00 NOTICE abandoned_cart.success :: email: teacherximena0712@gmail.com :: checkout_url: https://naturalconexion.com/checkout/?mc_cart_id=2b10fba7da99675a4fc1704e02fb8778
2022-01-15T00:14:35+00:00 NOTICE action_scheduler.queue_job :: MailChimp_WooCommerce_Cart_Update queued :: obj_id 2b10fba7da99675a4fc1704e02fb8778
2022-01-15T00:15:28+00:00 NOTICE abandoned_cart.success :: email: teacherximena0712@gmail.com :: checkout_url: https://naturalconexion.com/checkout/?mc_cart_id=2b10fba7da99675a4fc1704e02fb8778
2022-01-15T00:15:34+00:00 NOTICE action_scheduler.queue_job :: MailChimp_WooCommerce_User_Submit queued :: obj_id 2009
2022-01-15T00:15:35+00:00 NOTICE action_scheduler.queue_job :: MailChimp_WooCommerce_Single_Order starts in 90 seconds :: obj_id 18293
2022-01-15T00:15:38+00:00 NOTICE member.sync :: Updated Member teacherximena0712@gmail.com ( merge fields only ) :: Array
(
    [merge_fields] => Array
        (
            [FNAME] => Maria Ximena
            [LNAME] => Rodriguez Chapeton
        )

)

2022-01-15T00:17:28+00:00 NOTICE order_sumbit :: #18293 has a financial status of pending and was skipped.
2022-01-15T00:19:01+00:00 NOTICE action_scheduler.queue_job :: MailChimp_WooCommerce_Single_Order starts in 90 seconds :: obj_id 18289
2022-01-15T00:19:01+00:00 NOTICE debug :: Order ID 18289 was pending and is now cancelled :: Array
(
    [new_order] => 
    [tracking] => 
)

2022-01-15T00:20:45+00:00 NOTICE order_sumbit :: #18289 has a financial status of cancelled and was skipped.
2022-01-15T01:19:13+00:00 NOTICE action_scheduler.queue_job :: MailChimp_WooCommerce_Single_Order starts in 90 seconds :: obj_id 18291
2022-01-15T01:19:14+00:00 NOTICE debug :: Order ID 18291 was pending and is now cancelled :: Array
(
    [new_order] => 
    [tracking] => 
)

2022-01-15T01:19:14+00:00 NOTICE action_scheduler.queue_job :: MailChimp_WooCommerce_Single_Order starts in 90 seconds :: obj_id 18293
2022-01-15T01:19:14+00:00 NOTICE debug :: Order ID 18293 was pending and is now cancelled :: Array
(
    [new_order] => 
    [tracking] => 
)

2022-01-15T01:21:27+00:00 NOTICE order_sumbit :: #18291 has a financial status of cancelled and was skipped.
2022-01-15T01:21:28+00:00 NOTICE order_sumbit :: #18293 has a financial status of cancelled and was skipped.
2022-01-15T01:50:42+00:00 NOTICE action_scheduler.queue_job :: MailChimp_WooCommerce_Single_Order starts in 90 seconds :: obj_id 18293
2022-01-15T01:50:44+00:00 NOTICE debug :: Order ID 18293 was cancelled and is now processing :: Array
(
    [new_order] => 
    [tracking] => 
)

2022-01-15T01:50:45+00:00 NOTICE action_scheduler.queue_job :: MailChimp_WooCommerce_User_Submit queued :: obj_id 2009
2022-01-15T01:51:02+00:00 NOTICE member.sync :: Updated Member teacherximena0712@gmail.com ( merge fields only ) :: Array
(
    [merge_fields] => Array
        (
            [FNAME] => Maria Ximena
            [LNAME] => Rodriguez Chapeton
        )

)

2022-01-15T01:52:25+00:00 NOTICE order.member.updated :: Updated teacherximena0712@gmail.com subscriber status to subscribed and language to 
2022-01-15T01:52:25+00:00 NOTICE order_submit.success :: addStoreOrder :: #18293 :: email: teacherximena0712@gmail.com :: landing site https://naturalconexion.com/wp-admin/admin-ajax.php
2022-01-15T01:53:16+00:00 NOTICE action_scheduler.queue_job :: MailChimp_WooCommerce_Cart_Update queued :: obj_id 6064bd646f3c3b85c7bf27b744aed602
2022-01-15T01:53:23+00:00 NOTICE abandoned_cart.success :: email: paholita79@gmail.com :: checkout_url: https://naturalconexion.com/checkout/?mc_cart_id=6064bd646f3c3b85c7bf27b744aed602
2022-01-15T01:53:24+00:00 NOTICE cart.member.updated :: Updated paholita79@gmail.com subscriber status to subscribed and language to es
2022-01-15T01:54:24+00:00 NOTICE action_scheduler.queue_job :: MailChimp_WooCommerce_Cart_Update queued :: obj_id 6064bd646f3c3b85c7bf27b744aed602
2022-01-15T01:54:26+00:00 NOTICE abandoned_cart.success :: email: paholita79@gmail.com :: checkout_url: https://naturalconexion.com/checkout/?mc_cart_id=6064bd646f3c3b85c7bf27b744aed602
2022-01-15T01:58:07+00:00 NOTICE action_scheduler.queue_job :: MailChimp_WooCommerce_Cart_Update queued :: obj_id 6064bd646f3c3b85c7bf27b744aed602
2022-01-15T01:58:21+00:00 NOTICE abandoned_cart.success :: email: paholita79@gmail.com :: checkout_url: https://naturalconexion.com/checkout/?mc_cart_id=6064bd646f3c3b85c7bf27b744aed602
2022-01-15T01:58:34+00:00 NOTICE action_scheduler.queue_job :: MailChimp_WooCommerce_Cart_Update queued :: obj_id 6064bd646f3c3b85c7bf27b744aed602
2022-01-15T01:58:55+00:00 NOTICE action_scheduler.queue_job :: MailChimp_WooCommerce_Cart_Update queued :: obj_id d5ba46af0ff66df7f0db6b63c40f4b05
2022-01-15T01:59:25+00:00 NOTICE abandoned_cart.success :: email: paholita79@gmail.com :: checkout_url: https://naturalconexion.com/checkout/?mc_cart_id=6064bd646f3c3b85c7bf27b744aed602
2022-01-15T01:59:26+00:00 NOTICE abandoned_cart.success :: email: camila-bordo@hotmail.com :: checkout_url: https://naturalconexion.com/checkout/?mc_cart_id=d5ba46af0ff66df7f0db6b63c40f4b05
2022-01-15T01:59:27+00:00 NOTICE cart.member.updated :: Updated camila-bordo@hotmail.com subscriber status to transactional and language to es
2022-01-15T02:01:40+00:00 NOTICE action_scheduler.queue_job :: MailChimp_WooCommerce_Cart_Update queued :: obj_id 6064bd646f3c3b85c7bf27b744aed602
2022-01-15T02:02:11+00:00 NOTICE abandoned_cart.success :: email: paholita79@gmail.com :: checkout_url: https://naturalconexion.com/checkout/?mc_cart_id=6064bd646f3c3b85c7bf27b744aed602
2022-01-15T02:02:52+00:00 NOTICE action_scheduler.queue_job :: MailChimp_WooCommerce_Cart_Update queued :: obj_id 6064bd646f3c3b85c7bf27b744aed602
2022-01-15T02:03:18+00:00 NOTICE abandoned_cart.success :: email: paholita79@gmail.com :: checkout_url: https://naturalconexion.com/checkout/?mc_cart_id=6064bd646f3c3b85c7bf27b744aed602
2022-01-15T02:03:27+00:00 NOTICE action_scheduler.queue_job :: MailChimp_WooCommerce_Cart_Update queued :: obj_id 6064bd646f3c3b85c7bf27b744aed602
2022-01-15T02:04:20+00:00 NOTICE abandoned_cart.success :: email: paholita79@gmail.com :: checkout_url: https://naturalconexion.com/checkout/?mc_cart_id=6064bd646f3c3b85c7bf27b744aed602
2022-01-15T02:04:33+00:00 NOTICE action_scheduler.queue_job :: MailChimp_WooCommerce_Cart_Update queued :: obj_id 6064bd646f3c3b85c7bf27b744aed602
2022-01-15T02:05:19+00:00 NOTICE abandoned_cart.success :: email: paholita79@gmail.com :: checkout_url: https://naturalconexion.com/checkout/?mc_cart_id=6064bd646f3c3b85c7bf27b744aed602
2022-01-15T02:05:50+00:00 NOTICE action_scheduler.queue_job :: MailChimp_WooCommerce_Cart_Update queued :: obj_id 6064bd646f3c3b85c7bf27b744aed602
2022-01-15T02:06:23+00:00 NOTICE abandoned_cart.success :: email: paholita79@gmail.com :: checkout_url: https://naturalconexion.com/checkout/?mc_cart_id=6064bd646f3c3b85c7bf27b744aed602
2022-01-15T02:08:18+00:00 NOTICE action_scheduler.queue_job :: MailChimp_WooCommerce_User_Submit queued :: obj_id 1999
2022-01-15T02:08:19+00:00 NOTICE action_scheduler.queue_job :: MailChimp_WooCommerce_Single_Order starts in 90 seconds :: obj_id 18294
2022-01-15T02:08:20+00:00 NOTICE member.sync :: Updated Member paholita79@gmail.com ( merge fields only ) :: Array
(
    [merge_fields] => Array
        (
            [FNAME] => Paola
            [LNAME] => Baquero
        )

)

2022-01-15T02:10:26+00:00 NOTICE order_sumbit :: #18294 has a financial status of pending and was skipped.
2022-01-15T02:12:55+00:00 NOTICE action_scheduler.queue_job :: MailChimp_WooCommerce_Single_Order starts in 90 seconds :: obj_id 18294
2022-01-15T02:12:58+00:00 NOTICE debug :: Order ID 18294 was pending and is now processing :: Array
(
    [new_order] => 1
    [tracking] => Array
        (
            [campaign_id] => 
            [landing_site] => https://naturalconexion.com/wp-admin/admin-ajax.php
        )

)

2022-01-15T02:14:41+00:00 NOTICE order.member.updated :: Updated paholita79@gmail.com subscriber status to subscribed and language to 
2022-01-15T02:14:41+00:00 NOTICE order_submit.success :: addStoreOrder :: #18294 :: email: paholita79@gmail.com :: landing site https://naturalconexion.com/wp-admin/admin-ajax.php :: abandoned cart deleted [6064bd646f3c3b85c7bf27b744aed602]
2022-01-15T02:18:24+00:00 NOTICE action_scheduler.queue_job :: MailChimp_WooCommerce_Cart_Update queued :: obj_id 99ff2317df4c23e6ff02b82dee7ac5c7
2022-01-15T02:19:21+00:00 NOTICE abandoned_cart.success :: email: vlcardona@hotmail.com :: checkout_url: https://naturalconexion.com/checkout/?mc_cart_id=99ff2317df4c23e6ff02b82dee7ac5c7
2022-01-15T02:19:22+00:00 NOTICE cart.member.updated :: Updated vlcardona@hotmail.com subscriber status to transactional and language to es
2022-01-15T02:19:31+00:00 NOTICE action_scheduler.queue_job :: MailChimp_WooCommerce_Single_Order starts in 90 seconds :: obj_id 18295
2022-01-15T02:21:38+00:00 NOTICE order_sumbit :: #18295 has a financial status of pending and was skipped.
2022-01-15T02:21:46+00:00 NOTICE action_scheduler.queue_job :: MailChimp_WooCommerce_Single_Order starts in 90 seconds :: obj_id 18295
2022-01-15T02:21:48+00:00 NOTICE debug :: Order ID 18295 was pending and is now processing :: Array
(
    [new_order] => 1
    [tracking] => Array
        (
            [campaign_id] => 
            [landing_site] => https://naturalconexion.com/wp-admin/admin-ajax.php
        )

)

2022-01-15T02:23:32+00:00 NOTICE order.member.updated :: Updated vlcardona@hotmail.com subscriber status to subscribed and language to 
2022-01-15T02:23:32+00:00 NOTICE order_submit.success :: addStoreOrder :: #18295 :: email: vlcardona@hotmail.com :: landing site https://naturalconexion.com/wp-admin/admin-ajax.php :: abandoned cart deleted [99ff2317df4c23e6ff02b82dee7ac5c7]
2022-01-15T02:26:55+00:00 NOTICE action_scheduler.queue_job :: MailChimp_WooCommerce_Single_Order starts in 90 seconds :: obj_id 18296
2022-01-15T02:26:55+00:00 NOTICE action_scheduler.queue_job :: MailChimp_WooCommerce_Cart_Update queued :: obj_id 0ffcc2e4f69daf46c0c0f8b68a406cbf
2022-01-15T02:27:11+00:00 NOTICE abandoned_cart.success :: email: dhana0513@hotmail.com :: checkout_url: https://naturalconexion.com/checkout/?mc_cart_id=0ffcc2e4f69daf46c0c0f8b68a406cbf
2022-01-15T02:27:11+00:00 NOTICE cart.member.updated :: Updated dhana0513@hotmail.com subscriber status to transactional and language to es
2022-01-15T02:28:25+00:00 NOTICE order_sumbit :: #18296 has a financial status of pending and was skipped.
2022-01-15T04:19:34+00:00 NOTICE action_scheduler.queue_job :: MailChimp_WooCommerce_Single_Order starts in 90 seconds :: obj_id 18296
2022-01-15T04:19:34+00:00 NOTICE debug :: Order ID 18296 was pending and is now cancelled :: Array
(
    [new_order] => 
    [tracking] => 
)

2022-01-15T04:21:22+00:00 NOTICE order_sumbit :: #18296 has a financial status of cancelled and was skipped.
2022-01-15T05:36:29+00:00 NOTICE action_scheduler.queue_job :: MailChimp_WooCommerce_Single_Order starts in 90 seconds :: obj_id 18217
2022-01-15T05:36:29+00:00 NOTICE debug :: Order ID 18217 was cancelled and is now failed :: Array
(
    [new_order] => 
    [tracking] => 
)

2022-01-15T05:36:53+00:00 NOTICE action_scheduler.queue_job :: MailChimp_WooCommerce_Single_Order starts in 90 seconds :: obj_id 18184
2022-01-15T05:36:53+00:00 NOTICE debug :: Order ID 18184 was cancelled and is now failed :: Array
(
    [new_order] => 
    [tracking] => 
)

2022-01-15T05:38:48+00:00 NOTICE system.debug :: order 18217 is in failed status, and is being skipped for now.
2022-01-15T05:38:49+00:00 NOTICE system.debug :: order 18184 is in failed status, and is being skipped for now.
2022-01-15T11:37:41+00:00 NOTICE action_scheduler.queue_job :: MailChimp_WooCommerce_Cart_Update queued :: obj_id abe556451efa234aea70f9ed9891aa5b
2022-01-15T11:37:41+00:00 NOTICE abandoned_cart.success :: email: karenjmarroquin8715@gmail.com :: checkout_url: https://naturalconexion.com/checkout/?mc_cart_id=abe556451efa234aea70f9ed9891aa5b
2022-01-15T11:37:42+00:00 NOTICE cart.member.updated :: Updated karenjmarroquin8715@gmail.com subscriber status to transactional and language to es
2022-01-15T11:37:56+00:00 NOTICE action_scheduler.queue_job :: MailChimp_WooCommerce_Single_Order starts in 90 seconds :: obj_id 18297
2022-01-15T11:39:28+00:00 NOTICE order_sumbit :: #18297 has a financial status of pending and was skipped.
2022-01-15T12:12:37+00:00 NOTICE action_scheduler.queue_job :: MailChimp_WooCommerce_Single_Order starts in 90 seconds :: obj_id 18298
2022-01-15T12:14:51+00:00 NOTICE order_sumbit :: #18298 has a financial status of pending and was skipped.
2022-01-15T12:41:24+00:00 NOTICE action_scheduler.queue_job :: MailChimp_WooCommerce_Single_Order starts in 90 seconds :: obj_id 18297
2022-01-15T12:41:25+00:00 NOTICE debug :: Order ID 18297 was pending and is now cancelled :: Array
(
    [new_order] => 
    [tracking] => 
)

2022-01-15T12:43:34+00:00 NOTICE order_sumbit :: #18297 has a financial status of cancelled and was skipped.
2022-01-15T12:56:52+00:00 NOTICE action_scheduler.queue_job :: MailChimp_WooCommerce_Cart_Update queued :: obj_id 97c0b096351a80e2d6fb75b6a8e20023
2022-01-15T12:56:53+00:00 NOTICE abandoned_cart.success :: email: marthaluc@gmail.com :: checkout_url: https://naturalconexion.com/checkout/?mc_cart_id=97c0b096351a80e2d6fb75b6a8e20023
2022-01-15T12:56:53+00:00 NOTICE cart.member.updated :: Updated marthaluc@gmail.com subscriber status to transactional and language to es
2022-01-15T12:59:03+00:00 NOTICE action_scheduler.queue_job :: MailChimp_WooCommerce_Single_Order starts in 90 seconds :: obj_id 18299
2022-01-15T13:01:31+00:00 NOTICE order_sumbit :: #18299 has a financial status of pending and was skipped.
2022-01-15T13:12:00+00:00 NOTICE action_scheduler.queue_job :: MailChimp_WooCommerce_Single_Order starts in 90 seconds :: obj_id 18299
2022-01-15T13:12:01+00:00 NOTICE debug :: Order ID 18299 was pending and is now failed :: Array
(
    [new_order] => 
    [tracking] => 
)

2022-01-15T13:13:34+00:00 NOTICE system.debug :: order 18299 is in failed status, and is being skipped for now.
2022-01-15T13:26:28+00:00 NOTICE action_scheduler.queue_job :: MailChimp_WooCommerce_Single_Order starts in 90 seconds :: obj_id 18300
2022-01-15T13:28:22+00:00 NOTICE order_sumbit :: #18300 has a financial status of pending and was skipped.
2022-01-15T13:29:32+00:00 NOTICE action_scheduler.queue_job :: MailChimp_WooCommerce_Single_Order starts in 90 seconds :: obj_id 18301
2022-01-15T13:31:40+00:00 NOTICE order_sumbit :: #18301 has a financial status of pending and was skipped.
2022-01-15T13:32:09+00:00 NOTICE action_scheduler.queue_job :: MailChimp_WooCommerce_Single_Order starts in 90 seconds :: obj_id 18301
2022-01-15T13:32:13+00:00 NOTICE debug :: Order ID 18301 was pending and is now processing :: Array
(
    [new_order] => 1
    [tracking] => Array
        (
            [campaign_id] => 
            [landing_site] => https://naturalconexion.com/wp-admin/admin-ajax.php
        )

)

2022-01-15T13:33:47+00:00 NOTICE order.member.updated :: Updated daypomares@gmail.com subscriber status to transactional and language to 
2022-01-15T13:33:47+00:00 NOTICE order_submit.success :: addStoreOrder :: #18301 :: email: daypomares@gmail.com :: landing site https://naturalconexion.com/wp-admin/admin-ajax.php
2022-01-15T13:41:34+00:00 NOTICE action_scheduler.queue_job :: MailChimp_WooCommerce_Single_Order starts in 90 seconds :: obj_id 18298
2022-01-15T13:41:34+00:00 NOTICE debug :: Order ID 18298 was pending and is now cancelled :: Array
(
    [new_order] => 
    [tracking] => 
)

2022-01-15T13:43:22+00:00 NOTICE order_sumbit :: #18298 has a financial status of cancelled and was skipped.
2022-01-15T13:44:14+00:00 NOTICE action_scheduler.queue_job :: MailChimp_WooCommerce_User_Submit queued :: obj_id 2010
2022-01-15T13:44:21+00:00 NOTICE member.sync :: Updated Member alixdanelarojasjimenez@gmail.com ( merge fields only ) :: Array
(
    [merge_fields] => Array
        (
        )

)

2022-01-15T13:44:22+00:00 NOTICE action_scheduler.queue_job :: MailChimp_WooCommerce_Cart_Update queued :: obj_id 74ef83181ef3b345210c4422852eaad4
2022-01-15T13:45:04+00:00 NOTICE action_scheduler.queue_job :: MailChimp_WooCommerce_Single_Order starts in 90 seconds :: obj_id 18302
2022-01-15T13:45:19+00:00 NOTICE abandoned_cart.success :: email: luisa.aguirrez@udea.edu.co :: checkout_url: https://naturalconexion.com/checkout/?mc_cart_id=74ef83181ef3b345210c4422852eaad4
2022-01-15T13:45:20+00:00 NOTICE cart.member.updated :: Updated luisa.aguirrez@udea.edu.co subscriber status to transactional and language to es
2022-01-15T13:46:49+00:00 NOTICE order_sumbit :: #18302 has a financial status of pending and was skipped.
2022-01-15T13:49:04+00:00 NOTICE action_scheduler.queue_job :: MailChimp_WooCommerce_Single_Order starts in 90 seconds :: obj_id 18302
2022-01-15T13:49:06+00:00 NOTICE debug :: Order ID 18302 was pending and is now processing :: Array
(
    [new_order] => 1
    [tracking] => Array
        (
            [campaign_id] => 
            [landing_site] => https://naturalconexion.com/wp-admin/admin-ajax.php
        )

)

2022-01-15T13:50:53+00:00 NOTICE order.member.updated :: Updated Luisa.aguirrez@udea.edu.co subscriber status to transactional and language to 
2022-01-15T13:50:53+00:00 NOTICE order_submit.success :: addStoreOrder :: #18302 :: email: Luisa.aguirrez@udea.edu.co :: landing site https://naturalconexion.com/wp-admin/admin-ajax.php :: abandoned cart deleted [74ef83181ef3b345210c4422852eaad4]
2022-01-15T13:52:43+00:00 NOTICE action_scheduler.queue_job :: MailChimp_WooCommerce_User_Submit queued :: obj_id 1378
2022-01-15T13:52:55+00:00 NOTICE member.sync :: Updated Member dianacarolinarodriguezpinto@gmail.com ( merge fields only ) :: Array
(
    [merge_fields] => Array
        (
            [FNAME] => Carolina
            [LNAME] => Rodríguez
        )

)

2022-01-15T13:54:53+00:00 NOTICE action_scheduler.queue_job :: MailChimp_WooCommerce_User_Submit queued :: obj_id 1378
2022-01-15T13:55:29+00:00 NOTICE member.sync :: Updated Member dianacarolinarodriguezpinto@gmail.com ( merge fields only ) :: Array
(
    [merge_fields] => Array
        (
            [FNAME] => Carolina
            [LNAME] => Rodríguez
        )

)

2022-01-15T14:41:36+00:00 NOTICE action_scheduler.queue_job :: MailChimp_WooCommerce_Single_Order starts in 90 seconds :: obj_id 18300
2022-01-15T14:41:36+00:00 NOTICE debug :: Order ID 18300 was pending and is now cancelled :: Array
(
    [new_order] => 
    [tracking] => 
)

2022-01-15T14:44:16+00:00 NOTICE order_sumbit :: #18300 has a financial status of cancelled and was skipped.
2022-01-15T15:21:19+00:00 NOTICE action_scheduler.queue_job :: MailChimp_WooCommerce_Cart_Update queued :: obj_id 82a573188082ae7170495783f53287ee
2022-01-15T15:21:41+00:00 NOTICE abandoned_cart.success :: email: maricelban123@gmail.com :: checkout_url: https://naturalconexion.com/checkout/?mc_cart_id=82a573188082ae7170495783f53287ee
2022-01-15T15:21:41+00:00 NOTICE cart.member.updated :: Updated maricelban123@gmail.com subscriber status to subscribed and language to es
2022-01-15T15:22:42+00:00 NOTICE action_scheduler.queue_job :: MailChimp_WooCommerce_Cart_Update queued :: obj_id 82a573188082ae7170495783f53287ee
2022-01-15T15:23:14+00:00 NOTICE action_scheduler.queue_job :: MailChimp_WooCommerce_Single_Order starts in 90 seconds :: obj_id 18303
2022-01-15T15:23:19+00:00 NOTICE abandoned_cart.success :: email: maricelban123@gmail.com :: checkout_url: https://naturalconexion.com/checkout/?mc_cart_id=82a573188082ae7170495783f53287ee
2022-01-15T15:25:03+00:00 NOTICE order_sumbit :: #18303 has a financial status of pending and was skipped.
2022-01-15T15:26:01+00:00 NOTICE action_scheduler.queue_job :: MailChimp_WooCommerce_Single_Order starts in 90 seconds :: obj_id 18303
2022-01-15T15:26:03+00:00 NOTICE debug :: Order ID 18303 was pending and is now processing :: Array
(
    [new_order] => 1
    [tracking] => Array
        (
            [campaign_id] => 
            [landing_site] => https://naturalconexion.com/wp-admin/admin-ajax.php
        )

)

2022-01-15T15:28:39+00:00 NOTICE order.member.updated :: Updated maricelban123@gmail.com subscriber status to subscribed and language to 
2022-01-15T15:28:39+00:00 NOTICE order_submit.success :: addStoreOrder :: #18303 :: email: maricelban123@gmail.com :: landing site https://naturalconexion.com/wp-admin/admin-ajax.php :: abandoned cart deleted [82a573188082ae7170495783f53287ee]
2022-01-15T16:02:00+00:00 NOTICE action_scheduler.queue_job :: MailChimp_WooCommerce_Cart_Update queued :: obj_id 56be10c01d116dd489775b504aa5871a
2022-01-15T16:02:14+00:00 NOTICE abandoned_cart.success :: email: tarrieta28@hotmail.com :: checkout_url: https://naturalconexion.com/checkout/?mc_cart_id=56be10c01d116dd489775b504aa5871a
2022-01-15T16:02:14+00:00 NOTICE cart.member.updated :: Updated tarrieta28@hotmail.com subscriber status to subscribed and language to es
2022-01-15T16:02:21+00:00 NOTICE action_scheduler.queue_job :: MailChimp_WooCommerce_Cart_Update queued :: obj_id 56be10c01d116dd489775b504aa5871a
2022-01-15T16:02:22+00:00 NOTICE abandoned_cart.success :: email: tarrieta28@hotmail.com :: checkout_url: https://naturalconexion.com/checkout/?mc_cart_id=56be10c01d116dd489775b504aa5871a
2022-01-15T16:04:59+00:00 NOTICE action_scheduler.queue_job :: MailChimp_WooCommerce_Cart_Update queued :: obj_id 56be10c01d116dd489775b504aa5871a
2022-01-15T16:05:30+00:00 NOTICE abandoned_cart.success :: email: tarrieta28@hotmail.com :: checkout_url: https://naturalconexion.com/checkout/?mc_cart_id=56be10c01d116dd489775b504aa5871a
2022-01-15T16:06:57+00:00 NOTICE action_scheduler.queue_job :: MailChimp_WooCommerce_Cart_Update queued :: obj_id 56be10c01d116dd489775b504aa5871a
2022-01-15T16:07:24+00:00 NOTICE abandoned_cart.success :: email: tarrieta28@hotmail.com :: checkout_url: https://naturalconexion.com/checkout/?mc_cart_id=56be10c01d116dd489775b504aa5871a
2022-01-15T16:13:46+00:00 NOTICE action_scheduler.queue_job :: MailChimp_WooCommerce_Cart_Update queued :: obj_id 56be10c01d116dd489775b504aa5871a
2022-01-15T16:14:21+00:00 NOTICE abandoned_cart.success :: email: tarrieta28@hotmail.com :: checkout_url: https://naturalconexion.com/checkout/?mc_cart_id=56be10c01d116dd489775b504aa5871a
2022-01-15T16:18:28+00:00 NOTICE action_scheduler.queue_job :: MailChimp_WooCommerce_Cart_Update queued :: obj_id 56be10c01d116dd489775b504aa5871a
2022-01-15T16:19:06+00:00 NOTICE abandoned_cart.success :: email: tarrieta28@hotmail.com :: checkout_url: https://naturalconexion.com/checkout/?mc_cart_id=56be10c01d116dd489775b504aa5871a
2022-01-15T17:02:58+00:00 NOTICE action_scheduler.queue_job :: MailChimp_WooCommerce_Single_Order starts in 90 seconds :: obj_id 18304
2022-01-15T17:02:58+00:00 NOTICE action_scheduler.queue_job :: MailChimp_WooCommerce_Cart_Update queued :: obj_id 56be10c01d116dd489775b504aa5871a
2022-01-15T17:03:16+00:00 NOTICE abandoned_cart.success :: email: tarrieta28@hotmail.com :: checkout_url: https://naturalconexion.com/checkout/?mc_cart_id=56be10c01d116dd489775b504aa5871a
2022-01-15T17:03:17+00:00 NOTICE cart.member.updated :: Updated tarrieta28@hotmail.com subscriber status to subscribed and language to es
2022-01-15T17:05:06+00:00 NOTICE debug :: Order ID 18304 was pending and is now processing :: Array
(
    [new_order] => 1
    [tracking] => Array
        (
            [campaign_id] => 
            [landing_site] => https://naturalconexion.com/?wc-ajax=get_refreshed_fragments
        )

)

2022-01-15T17:05:58+00:00 NOTICE action_scheduler.queue_job :: MailChimp_WooCommerce_Single_Order starts in 90 seconds :: obj_id 18305
2022-01-15T17:07:45+00:00 NOTICE order.member.updated :: Updated tarrieta28@hotmail.com subscriber status to subscribed and language to es
2022-01-15T17:07:45+00:00 NOTICE order_submit.success :: addStoreOrder :: #18304 :: email: tarrieta28@hotmail.com :: landing site https://naturalconexion.com/?wc-ajax=get_refreshed_fragments :: abandoned cart deleted [56be10c01d116dd489775b504aa5871a]
2022-01-15T17:07:45+00:00 NOTICE order_sumbit :: #18305 has a financial status of pending and was skipped.
2022-01-15T17:08:15+00:00 NOTICE action_scheduler.queue_job :: MailChimp_WooCommerce_Single_Order starts in 90 seconds :: obj_id 18305
2022-01-15T17:08:16+00:00 NOTICE debug :: Order ID 18305 was pending and is now processing :: Array
(
    [new_order] => 1
    [tracking] => Array
        (
            [campaign_id] => 
            [landing_site] => https://naturalconexion.com/wp-admin/admin-ajax.php
        )

)

2022-01-15T17:10:09+00:00 NOTICE order.member.updated :: Updated jasotossa@hotmail.com subscriber status to subscribed and language to 
2022-01-15T17:10:09+00:00 NOTICE order_submit.success :: addStoreOrder :: #18305 :: email: jasotossa@hotmail.com :: landing site https://naturalconexion.com/wp-admin/admin-ajax.php
2022-01-15T18:51:41+00:00 NOTICE action_scheduler.queue_job :: MailChimp_WooCommerce_Cart_Update queued :: obj_id bd88599e6423fd7cb6ac1d8ddaed27e4
2022-01-15T18:52:07+00:00 NOTICE action_scheduler.queue_job :: MailChimp_WooCommerce_Single_Order starts in 90 seconds :: obj_id 18306
2022-01-15T18:52:23+00:00 NOTICE abandoned_cart.success :: email: jeny.herrera001@gmail.com :: checkout_url: https://naturalconexion.com/checkout/?mc_cart_id=bd88599e6423fd7cb6ac1d8ddaed27e4
2022-01-15T18:52:24+00:00 NOTICE cart.member.updated :: Updated jeny.herrera001@gmail.com subscriber status to subscribed and language to es
2022-01-15T18:53:47+00:00 NOTICE order_sumbit :: #18306 has a financial status of pending and was skipped.
2022-01-15T18:54:26+00:00 NOTICE action_scheduler.queue_job :: MailChimp_WooCommerce_Single_Order starts in 90 seconds :: obj_id 18306
2022-01-15T18:54:28+00:00 NOTICE debug :: Order ID 18306 was pending and is now processing :: Array
(
    [new_order] => 1
    [tracking] => Array
        (
            [campaign_id] => 
            [landing_site] => https://naturalconexion.com/wp-admin/admin-ajax.php
        )

)

2022-01-15T18:57:09+00:00 NOTICE order.member.updated :: Updated Jeny.herrera001@gmail.com subscriber status to subscribed and language to 
2022-01-15T18:57:09+00:00 NOTICE order_submit.success :: addStoreOrder :: #18306 :: email: Jeny.herrera001@gmail.com :: landing site https://naturalconexion.com/wp-admin/admin-ajax.php :: abandoned cart deleted [bd88599e6423fd7cb6ac1d8ddaed27e4]
2022-01-15T19:59:02+00:00 NOTICE action_scheduler.queue_job :: MailChimp_WooCommerce_Cart_Update queued :: obj_id 56bc8a915e2cee138aac06473ead7098
2022-01-15T19:59:03+00:00 NOTICE abandoned_cart.success :: email: luisagallardo1122@gmail.com :: checkout_url: https://naturalconexion.com/checkout/?mc_cart_id=56bc8a915e2cee138aac06473ead7098
2022-01-15T19:59:03+00:00 NOTICE cart.member.updated :: Updated luisagallardo1122@gmail.com subscriber status to transactional and language to es
2022-01-15T19:59:55+00:00 NOTICE action_scheduler.queue_job :: MailChimp_WooCommerce_Single_Order starts in 90 seconds :: obj_id 18307
2022-01-15T20:02:41+00:00 NOTICE order_sumbit :: #18307 has a financial status of pending and was skipped.
2022-01-15T20:58:28+00:00 NOTICE action_scheduler.queue_job :: MailChimp_WooCommerce_Cart_Update queued :: obj_id 71a1a0d67b54a9b6338bf3879c343b4d
2022-01-15T20:59:34+00:00 NOTICE abandoned_cart.success :: email: shadowjuanes@gmail.com :: checkout_url: https://naturalconexion.com/checkout/?mc_cart_id=71a1a0d67b54a9b6338bf3879c343b4d
2022-01-15T20:59:36+00:00 NOTICE cart.member.updated :: Updated shadowjuanes@gmail.com subscriber status to transactional and language to es
2022-01-15T20:59:37+00:00 NOTICE action_scheduler.queue_job :: MailChimp_WooCommerce_Cart_Update queued :: obj_id 71a1a0d67b54a9b6338bf3879c343b4d
2022-01-15T20:59:40+00:00 NOTICE abandoned_cart.success :: email: shadowjuanes@gmail.com :: checkout_url: https://naturalconexion.com/checkout/?mc_cart_id=71a1a0d67b54a9b6338bf3879c343b4d
2022-01-15T21:00:17+00:00 NOTICE action_scheduler.queue_job :: MailChimp_WooCommerce_Cart_Update queued :: obj_id 71a1a0d67b54a9b6338bf3879c343b4d
2022-01-15T21:00:19+00:00 NOTICE abandoned_cart.success :: email: shadowjuanes@gmail.com :: checkout_url: https://naturalconexion.com/checkout/?mc_cart_id=71a1a0d67b54a9b6338bf3879c343b4d
2022-01-15T21:02:21+00:00 NOTICE action_scheduler.queue_job :: MailChimp_WooCommerce_Single_Order starts in 90 seconds :: obj_id 18308
2022-01-15T21:04:07+00:00 NOTICE order_sumbit :: #18308 has a financial status of pending and was skipped.
2022-01-15T21:04:38+00:00 NOTICE action_scheduler.queue_job :: MailChimp_WooCommerce_Single_Order starts in 90 seconds :: obj_id 18308
2022-01-15T21:04:40+00:00 NOTICE debug :: Order ID 18308 was pending and is now processing :: Array
(
    [new_order] => 1
    [tracking] => Array
        (
            [campaign_id] => 
            [landing_site] => https://naturalconexion.com/wp-admin/admin-ajax.php
        )

)

2022-01-15T21:04:40+00:00 NOTICE action_scheduler.queue_job :: MailChimp_WooCommerce_User_Submit queued :: obj_id 2012
2022-01-15T21:05:20+00:00 NOTICE member.sync :: Updated Member shadowjuanes@gmail.com :: Array
(
    [previous_status] => transactional
    [status] => 1
    [merge_fields] => Array
        (
            [FNAME] => Juan Esteban
            [LNAME] => Muñoz Mejia
        )

)

2022-01-15T21:06:27+00:00 NOTICE order.member.updated :: Updated shadowjuanes@gmail.com subscriber status to subscribed and language to 
2022-01-15T21:06:27+00:00 NOTICE order_submit.success :: addStoreOrder :: #18308 :: email: shadowjuanes@gmail.com :: landing site https://naturalconexion.com/wp-admin/admin-ajax.php :: abandoned cart deleted [71a1a0d67b54a9b6338bf3879c343b4d]
2022-01-15T21:35:52+00:00 NOTICE action_scheduler.queue_job :: MailChimp_WooCommerce_Cart_Update queued :: obj_id 22dc75f541cc7cde458f9ac89d3806ee
2022-01-15T21:36:12+00:00 NOTICE action_scheduler.queue_job :: MailChimp_WooCommerce_Single_Order starts in 90 seconds :: obj_id 18309
2022-01-15T21:36:31+00:00 NOTICE abandoned_cart.success :: email: jenifferbalza@yahoo.com :: checkout_url: https://naturalconexion.com/checkout/?mc_cart_id=22dc75f541cc7cde458f9ac89d3806ee
2022-01-15T21:36:31+00:00 NOTICE cart.member.updated :: Updated jenifferbalza@yahoo.com subscriber status to transactional and language to es
2022-01-15T21:38:00+00:00 NOTICE order_sumbit :: #18309 has a financial status of pending and was skipped.
2022-01-15T21:39:36+00:00 NOTICE action_scheduler.queue_job :: MailChimp_WooCommerce_Single_Order starts in 90 seconds :: obj_id 18309
2022-01-15T21:39:38+00:00 NOTICE debug :: Order ID 18309 was pending and is now processing :: Array
(
    [new_order] => 1
    [tracking] => Array
        (
            [campaign_id] => 
            [landing_site] => https://naturalconexion.com/wp-admin/admin-ajax.php
        )

)

2022-01-15T21:41:35+00:00 NOTICE order.member.updated :: Updated jenifferbalza@yahoo.com subscriber status to subscribed and language to 
2022-01-15T21:41:35+00:00 NOTICE order_submit.success :: addStoreOrder :: #18309 :: email: jenifferbalza@yahoo.com :: landing site https://naturalconexion.com/wp-admin/admin-ajax.php :: abandoned cart deleted [22dc75f541cc7cde458f9ac89d3806ee]
2022-01-15T21:44:21+00:00 NOTICE action_scheduler.queue_job :: MailChimp_WooCommerce_Single_Order starts in 90 seconds :: obj_id 18307
2022-01-15T21:44:21+00:00 NOTICE debug :: Order ID 18307 was pending and is now cancelled :: Array
(
    [new_order] => 
    [tracking] => 
)

2022-01-15T21:46:20+00:00 NOTICE order_sumbit :: #18307 has a financial status of cancelled and was skipped.
2022-01-15T21:59:36+00:00 NOTICE action_scheduler.queue_job :: MailChimp_WooCommerce_Cart_Update queued :: obj_id 3a8a4d048cf111ada06cdbda545023b1
2022-01-15T22:00:19+00:00 NOTICE abandoned_cart.success :: email: yova.mt@hotmail.com :: checkout_url: https://naturalconexion.com/checkout/?mc_cart_id=3a8a4d048cf111ada06cdbda545023b1
2022-01-15T22:00:19+00:00 NOTICE cart.member.updated :: Updated yova.mt@hotmail.com subscriber status to transactional and language to es
2022-01-15T22:01:42+00:00 NOTICE action_scheduler.queue_job :: MailChimp_WooCommerce_Single_Order starts in 90 seconds :: obj_id 18310
2022-01-15T22:04:23+00:00 NOTICE order_sumbit :: #18310 has a financial status of pending and was skipped.
2022-01-15T22:04:37+00:00 NOTICE action_scheduler.queue_job :: MailChimp_WooCommerce_Single_Order starts in 90 seconds :: obj_id 18310
2022-01-15T22:04:39+00:00 NOTICE debug :: Order ID 18310 was pending and is now processing :: Array
(
    [new_order] => 1
    [tracking] => Array
        (
            [campaign_id] => 
            [landing_site] => https://naturalconexion.com/wp-admin/admin-ajax.php
        )

)

2022-01-15T22:06:38+00:00 NOTICE order.member.updated :: Updated yova.mt@hotmail.com subscriber status to transactional and language to 
2022-01-15T22:06:38+00:00 NOTICE order_submit.success :: addStoreOrder :: #18310 :: email: yova.mt@hotmail.com :: landing site https://naturalconexion.com/wp-admin/admin-ajax.php :: abandoned cart deleted [3a8a4d048cf111ada06cdbda545023b1]
2022-01-15T22:32:57+00:00 NOTICE action_scheduler.queue_job :: MailChimp_WooCommerce_Cart_Update queued :: obj_id 455da590e1b9f8f5de2b8521e925723c
2022-01-15T22:33:06+00:00 NOTICE action_scheduler.queue_job :: MailChimp_WooCommerce_User_Submit queued :: obj_id 2013
2022-01-15T22:33:07+00:00 NOTICE action_scheduler.queue_job :: MailChimp_WooCommerce_Single_Order starts in 90 seconds :: obj_id 18311
2022-01-15T22:33:21+00:00 NOTICE abandoned_cart.success :: email: yulicm1414@gmail.com :: checkout_url: https://naturalconexion.com/checkout/?mc_cart_id=455da590e1b9f8f5de2b8521e925723c
2022-01-15T22:33:22+00:00 NOTICE cart.member.updated :: Updated yulicm1414@gmail.com subscriber status to transactional and language to es
2022-01-15T22:33:25+00:00 NOTICE member.sync :: Updated Member Yulicm1414@gmail.com :: Array
(
    [previous_status] => transactional
    [status] => 1
    [merge_fields] => Array
        (
            [FNAME] => Yuliana
            [LNAME] => Castiblanco
        )

)

2022-01-15T22:35:23+00:00 NOTICE order_sumbit :: #18311 has a financial status of pending and was skipped.
2022-01-15T23:12:08+00:00 NOTICE action_scheduler.queue_job :: MailChimp_WooCommerce_Cart_Update queued :: obj_id 209a67e4744b3f909a5fe0993b2dfb93
2022-01-15T23:12:22+00:00 NOTICE abandoned_cart.success :: email: marcemogi@gmail.com :: checkout_url: https://naturalconexion.com/checkout/?mc_cart_id=209a67e4744b3f909a5fe0993b2dfb93
2022-01-15T23:12:23+00:00 NOTICE cart.member.updated :: Updated marcemogi@gmail.com subscriber status to transactional and language to es
2022-01-15T23:14:33+00:00 NOTICE action_scheduler.queue_job :: MailChimp_WooCommerce_Cart_Update queued :: obj_id 209a67e4744b3f909a5fe0993b2dfb93
2022-01-15T23:14:48+00:00 NOTICE abandoned_cart.success :: email: marcemogi@gmail.com :: checkout_url: https://naturalconexion.com/checkout/?mc_cart_id=209a67e4744b3f909a5fe0993b2dfb93
2022-01-15T23:15:43+00:00 NOTICE action_scheduler.queue_job :: MailChimp_WooCommerce_Single_Order starts in 90 seconds :: obj_id 18312
2022-01-15T23:17:22+00:00 NOTICE order_sumbit :: #18312 has a financial status of pending and was skipped.
2022-01-15T23:19:43+00:00 NOTICE action_scheduler.queue_job :: MailChimp_WooCommerce_Single_Order starts in 90 seconds :: obj_id 18312
2022-01-15T23:19:46+00:00 NOTICE debug :: Order ID 18312 was pending and is now processing :: Array
(
    [new_order] => 1
    [tracking] => Array
        (
            [campaign_id] => 
            [landing_site] => https://naturalconexion.com/wp-admin/admin-ajax.php
        )

)

2022-01-15T23:21:40+00:00 NOTICE order.member.updated :: Updated marcemogi@gmail.com subscriber status to subscribed and language to 
2022-01-15T23:21:40+00:00 NOTICE order_submit.success :: addStoreOrder :: #18312 :: email: marcemogi@gmail.com :: landing site https://naturalconexion.com/wp-admin/admin-ajax.php :: abandoned cart deleted [209a67e4744b3f909a5fe0993b2dfb93]
2022-01-15T23:44:38+00:00 NOTICE action_scheduler.queue_job :: MailChimp_WooCommerce_Single_Order starts in 90 seconds :: obj_id 18311
2022-01-15T23:44:39+00:00 NOTICE debug :: Order ID 18311 was pending and is now cancelled :: Array
(
    [new_order] => 
    [tracking] => 
)

2022-01-15T23:46:43+00:00 NOTICE order_sumbit :: #18311 has a financial status of cancelled and was skipped.
