2022-05-16T02:02:18+00:00 NOTICE action_scheduler.queue_job :: MailChimp_WooCommerce_User_Submit queued :: obj_id 2194
2022-05-16T02:02:22+00:00 NOTICE member.sync :: Subscribed Member Urgeque@topmailonline.xyz :: Array
(
    [status_if_new] => 1
    [merge_fields] => Array
        (
        )

)

2022-05-16T02:39:07+00:00 NOTICE action_scheduler.queue_job :: MailChimp_WooCommerce_Cart_Update queued :: obj_id 142fea712e4af5095a8834f3bdc7c901
2022-05-16T02:39:22+00:00 NOTICE abandoned_cart.success :: email: laura.rivera478@gmail.com :: checkout_url: https://naturalconexion.com/checkout/?mc_cart_id=142fea712e4af5095a8834f3bdc7c901
2022-05-16T02:39:22+00:00 NOTICE cart.member.updated :: Updated laura.rivera478@gmail.com subscriber status to subscribed and language to es
2022-05-16T02:40:21+00:00 NOTICE action_scheduler.queue_job :: MailChimp_WooCommerce_User_Submit queued :: obj_id 1799
2022-05-16T02:40:23+00:00 NOTICE member.sync :: Updated Member laura.rivera478@gmail.com ( merge fields only ) :: Array
(
    [merge_fields] => Array
        (
            [FNAME] => Laura Alejandra
            [LNAME] => Rivera Buitrago
        )

)

2022-05-16T02:42:39+00:00 NOTICE action_scheduler.queue_job :: MailChimp_WooCommerce_Cart_Update queued :: obj_id 142fea712e4af5095a8834f3bdc7c901
2022-05-16T02:42:52+00:00 NOTICE abandoned_cart.success :: email: laura.rivera478@gmail.com :: checkout_url: https://naturalconexion.com/checkout/?mc_cart_id=142fea712e4af5095a8834f3bdc7c901
2022-05-16T03:16:40+00:00 NOTICE action_scheduler.queue_job :: MailChimp_WooCommerce_Cart_Update queued :: obj_id 43b1429382b04e58e7232c0386d752f3
2022-05-16T03:17:34+00:00 NOTICE abandoned_cart.success :: email: vanesapertuz@hotmail.com :: checkout_url: https://naturalconexion.com/checkout/?mc_cart_id=43b1429382b04e58e7232c0386d752f3
2022-05-16T03:17:35+00:00 NOTICE cart.member.updated :: Updated vanesapertuz@hotmail.com subscriber status to subscribed and language to es
2022-05-16T03:18:40+00:00 NOTICE action_scheduler.queue_job :: MailChimp_WooCommerce_User_Submit queued :: obj_id 2189
2022-05-16T03:18:40+00:00 NOTICE action_scheduler.queue_job :: MailChimp_WooCommerce_Single_Order starts in 90 seconds :: obj_id 20218
2022-05-16T03:18:42+00:00 NOTICE member.sync :: Updated Member vanesapertuz@hotmail.com ( merge fields only ) :: Array
(
    [merge_fields] => Array
        (
            [FNAME] => Vanessa Paola
            [LNAME] => Pertuz Peralta
        )

)

2022-05-16T03:20:12+00:00 NOTICE order_sumbit :: #20218 has a financial status of pending and was skipped.
2022-05-16T03:21:01+00:00 NOTICE action_scheduler.queue_job :: MailChimp_WooCommerce_Single_Order starts in 90 seconds :: obj_id 20218
2022-05-16T03:21:04+00:00 NOTICE debug :: Order ID 20218 was pending and is now processing :: Array
(
    [new_order] => 1
    [tracking] => Array
        (
            [campaign_id] => 
            [landing_site] => https://naturalconexion.com/wp-admin/admin-ajax.php
        )

)

2022-05-16T03:22:47+00:00 NOTICE order.member.updated :: Updated vanesapertuz@hotmail.com subscriber status to subscribed and language to 
2022-05-16T03:22:47+00:00 NOTICE order_submit.success :: addStoreOrder :: #20218 :: email: vanesapertuz@hotmail.com :: landing site https://naturalconexion.com/wp-admin/admin-ajax.php :: abandoned cart deleted [43b1429382b04e58e7232c0386d752f3]
2022-05-16T03:44:04+00:00 NOTICE action_scheduler.queue_job :: MailChimp_WooCommerce_SingleCoupon queued :: obj_id 20219
2022-05-16T03:44:27+00:00 NOTICE promo_code_submit.success :: #20219 :: code: gbc29zj2
2022-05-16T04:02:51+00:00 NOTICE action_scheduler.queue_job :: MailChimp_WooCommerce_Cart_Update queued :: obj_id 26c44f0abe7becc8904b259b4377b49c
2022-05-16T04:02:52+00:00 NOTICE action_scheduler.queue_job :: MailChimp_WooCommerce_Single_Order starts in 90 seconds :: obj_id 20220
2022-05-16T04:04:10+00:00 NOTICE abandoned_cart.success :: email: lizeth.ortizp@gmail.com :: checkout_url: https://naturalconexion.com/checkout/?mc_cart_id=26c44f0abe7becc8904b259b4377b49c
2022-05-16T04:04:10+00:00 NOTICE cart.member.updated :: Updated lizeth.ortizp@gmail.com subscriber status to subscribed and language to es
2022-05-16T04:04:58+00:00 NOTICE order_sumbit :: #20220 has a financial status of pending and was skipped.
2022-05-16T04:05:27+00:00 NOTICE action_scheduler.queue_job :: MailChimp_WooCommerce_Single_Order starts in 90 seconds :: obj_id 20220
2022-05-16T04:05:29+00:00 NOTICE debug :: Order ID 20220 was pending and is now processing :: Array
(
    [new_order] => 1
    [tracking] => Array
        (
            [campaign_id] => 
            [landing_site] => https://naturalconexion.com/wp-admin/admin-ajax.php
        )

)

2022-05-16T04:07:47+00:00 NOTICE order.member.updated :: Updated lizeth.ortizp@gmail.com subscriber status to subscribed and language to 
2022-05-16T04:07:47+00:00 NOTICE order_submit.success :: addStoreOrder :: #20220 :: email: lizeth.ortizp@gmail.com :: landing site https://naturalconexion.com/wp-admin/admin-ajax.php :: abandoned cart deleted [26c44f0abe7becc8904b259b4377b49c]
2022-05-16T04:26:41+00:00 NOTICE action_scheduler.queue_job :: MailChimp_WooCommerce_SingleCoupon queued :: obj_id 20221
2022-05-16T04:27:21+00:00 NOTICE promo_code_submit.success :: #20221 :: code: 7si5evmr
2022-05-16T10:45:22+00:00 NOTICE action_scheduler.queue_job :: MailChimp_WooCommerce_SingleCoupon queued :: obj_id 20222
2022-05-16T10:45:24+00:00 NOTICE promo_code_submit.success :: #20222 :: code: wk5jxwvy
2022-05-16T12:43:03+00:00 NOTICE action_scheduler.queue_job :: MailChimp_WooCommerce_Single_Order starts in 90 seconds :: obj_id 20172
2022-05-16T12:43:05+00:00 NOTICE debug :: Order ID 20172 was processing and is now completed :: Array
(
    [new_order] => 
    [tracking] => 
)

2022-05-16T12:43:05+00:00 NOTICE action_scheduler.queue_job :: MailChimp_WooCommerce_Single_Order starts in 90 seconds :: obj_id 20175
2022-05-16T12:43:06+00:00 NOTICE debug :: Order ID 20175 was processing and is now completed :: Array
(
    [new_order] => 
    [tracking] => 
)

2022-05-16T12:43:34+00:00 NOTICE action_scheduler.queue_job :: MailChimp_WooCommerce_Single_Order starts in 90 seconds :: obj_id 20176
2022-05-16T12:43:35+00:00 NOTICE debug :: Order ID 20176 was processing and is now completed :: Array
(
    [new_order] => 
    [tracking] => 
)

2022-05-16T12:43:35+00:00 NOTICE action_scheduler.queue_job :: MailChimp_WooCommerce_Single_Order starts in 90 seconds :: obj_id 20180
2022-05-16T12:43:37+00:00 NOTICE debug :: Order ID 20180 was processing and is now completed :: Array
(
    [new_order] => 
    [tracking] => 
)

2022-05-16T12:43:37+00:00 NOTICE action_scheduler.queue_job :: MailChimp_WooCommerce_Single_Order starts in 90 seconds :: obj_id 20182
2022-05-16T12:43:38+00:00 NOTICE debug :: Order ID 20182 was processing and is now completed :: Array
(
    [new_order] => 
    [tracking] => 
)

2022-05-16T12:44:36+00:00 NOTICE order.member.updated :: Updated yadamila@hotmail.com subscriber status to subscribed and language to 
2022-05-16T12:44:36+00:00 NOTICE order_submit.success :: updateStoreOrder :: #20172 :: email: yadamila@hotmail.com
2022-05-16T12:44:37+00:00 NOTICE order.member.updated :: Updated diacar26@hotmail.com subscriber status to subscribed and language to 
2022-05-16T12:44:37+00:00 NOTICE order_submit.success :: updateStoreOrder :: #20175 :: email: diacar26@hotmail.com
2022-05-16T12:45:13+00:00 NOTICE order.member.updated :: Updated davidfnieto8080@gmail.com subscriber status to subscribed and language to 
2022-05-16T12:45:13+00:00 NOTICE order_submit.success :: updateStoreOrder :: #20176 :: email: davidfnieto8080@gmail.com
2022-05-16T12:45:15+00:00 NOTICE order.member.updated :: Updated vanesapertuz@hotmail.com subscriber status to subscribed and language to 
2022-05-16T12:45:15+00:00 NOTICE order_submit.success :: updateStoreOrder :: #20180 :: email: vanesapertuz@hotmail.com
2022-05-16T12:45:16+00:00 NOTICE order.member.updated :: Updated paula.cardona.parra@gmail.com subscriber status to subscribed and language to 
2022-05-16T12:45:16+00:00 NOTICE order_submit.success :: updateStoreOrder :: #20182 :: email: paula.cardona.parra@gmail.com
2022-05-16T12:47:22+00:00 NOTICE action_scheduler.queue_job :: MailChimp_WooCommerce_Single_Order starts in 90 seconds :: obj_id 20185
2022-05-16T12:47:23+00:00 NOTICE debug :: Order ID 20185 was processing and is now completed :: Array
(
    [new_order] => 
    [tracking] => 
)

2022-05-16T12:49:21+00:00 NOTICE order.member.updated :: Updated Luisamg18@hotmail.com subscriber status to subscribed and language to 
2022-05-16T12:49:21+00:00 NOTICE order_submit.success :: updateStoreOrder :: #20185 :: email: Luisamg18@hotmail.com
2022-05-16T14:22:23+00:00 NOTICE action_scheduler.queue_job :: MailChimp_WooCommerce_Single_Order starts in 90 seconds :: obj_id 20187
2022-05-16T14:22:25+00:00 NOTICE debug :: Order ID 20187 was processing and is now completed :: Array
(
    [new_order] => 
    [tracking] => 
)

2022-05-16T14:22:25+00:00 NOTICE action_scheduler.queue_job :: MailChimp_WooCommerce_Single_Order starts in 90 seconds :: obj_id 20192
2022-05-16T14:22:26+00:00 NOTICE debug :: Order ID 20192 was processing and is now completed :: Array
(
    [new_order] => 
    [tracking] => 
)

2022-05-16T14:22:26+00:00 NOTICE action_scheduler.queue_job :: MailChimp_WooCommerce_Single_Order starts in 90 seconds :: obj_id 20195
2022-05-16T14:22:27+00:00 NOTICE debug :: Order ID 20195 was processing and is now completed :: Array
(
    [new_order] => 
    [tracking] => 
)

2022-05-16T14:22:28+00:00 NOTICE action_scheduler.queue_job :: MailChimp_WooCommerce_Single_Order starts in 90 seconds :: obj_id 20197
2022-05-16T14:22:33+00:00 NOTICE debug :: Order ID 20197 was processing and is now completed :: Array
(
    [new_order] => 
    [tracking] => 
)

2022-05-16T14:22:33+00:00 NOTICE action_scheduler.queue_job :: MailChimp_WooCommerce_Single_Order starts in 90 seconds :: obj_id 20200
2022-05-16T14:22:34+00:00 NOTICE debug :: Order ID 20200 was processing and is now completed :: Array
(
    [new_order] => 
    [tracking] => 
)

2022-05-16T14:22:34+00:00 NOTICE action_scheduler.queue_job :: MailChimp_WooCommerce_Single_Order starts in 90 seconds :: obj_id 20202
2022-05-16T14:22:35+00:00 NOTICE debug :: Order ID 20202 was processing and is now completed :: Array
(
    [new_order] => 
    [tracking] => 
)

2022-05-16T14:22:35+00:00 NOTICE action_scheduler.queue_job :: MailChimp_WooCommerce_Single_Order starts in 90 seconds :: obj_id 20204
2022-05-16T14:22:37+00:00 NOTICE debug :: Order ID 20204 was processing and is now completed :: Array
(
    [new_order] => 
    [tracking] => 
)

2022-05-16T14:22:37+00:00 NOTICE action_scheduler.queue_job :: MailChimp_WooCommerce_Single_Order starts in 90 seconds :: obj_id 20205
2022-05-16T14:22:38+00:00 NOTICE debug :: Order ID 20205 was processing and is now completed :: Array
(
    [new_order] => 
    [tracking] => 
)

2022-05-16T14:22:38+00:00 NOTICE action_scheduler.queue_job :: MailChimp_WooCommerce_Single_Order starts in 90 seconds :: obj_id 20206
2022-05-16T14:22:39+00:00 NOTICE debug :: Order ID 20206 was processing and is now completed :: Array
(
    [new_order] => 
    [tracking] => 
)

2022-05-16T14:22:39+00:00 NOTICE action_scheduler.queue_job :: MailChimp_WooCommerce_Single_Order starts in 90 seconds :: obj_id 20210
2022-05-16T14:22:40+00:00 NOTICE debug :: Order ID 20210 was processing and is now completed :: Array
(
    [new_order] => 
    [tracking] => 
)

2022-05-16T14:22:40+00:00 NOTICE action_scheduler.queue_job :: MailChimp_WooCommerce_Single_Order starts in 90 seconds :: obj_id 20211
2022-05-16T14:22:42+00:00 NOTICE debug :: Order ID 20211 was processing and is now completed :: Array
(
    [new_order] => 
    [tracking] => 
)

2022-05-16T14:22:42+00:00 NOTICE action_scheduler.queue_job :: MailChimp_WooCommerce_Single_Order starts in 90 seconds :: obj_id 20214
2022-05-16T14:22:43+00:00 NOTICE debug :: Order ID 20214 was processing and is now completed :: Array
(
    [new_order] => 
    [tracking] => 
)

2022-05-16T14:22:43+00:00 NOTICE action_scheduler.queue_job :: MailChimp_WooCommerce_Single_Order starts in 90 seconds :: obj_id 20216
2022-05-16T14:22:44+00:00 NOTICE debug :: Order ID 20216 was processing and is now completed :: Array
(
    [new_order] => 
    [tracking] => 
)

2022-05-16T14:22:44+00:00 NOTICE action_scheduler.queue_job :: MailChimp_WooCommerce_Single_Order starts in 90 seconds :: obj_id 20217
2022-05-16T14:22:45+00:00 NOTICE debug :: Order ID 20217 was processing and is now completed :: Array
(
    [new_order] => 
    [tracking] => 
)

2022-05-16T14:22:45+00:00 NOTICE action_scheduler.queue_job :: MailChimp_WooCommerce_Single_Order starts in 90 seconds :: obj_id 20218
2022-05-16T14:22:47+00:00 NOTICE debug :: Order ID 20218 was processing and is now completed :: Array
(
    [new_order] => 
    [tracking] => 
)

2022-05-16T14:22:47+00:00 NOTICE action_scheduler.queue_job :: MailChimp_WooCommerce_Single_Order starts in 90 seconds :: obj_id 20220
2022-05-16T14:22:48+00:00 NOTICE debug :: Order ID 20220 was processing and is now completed :: Array
(
    [new_order] => 
    [tracking] => 
)

2022-05-16T14:24:24+00:00 NOTICE order.member.updated :: Updated Jime_ce14@hotmail.com subscriber status to subscribed and language to 
2022-05-16T14:24:24+00:00 NOTICE order_submit.success :: updateStoreOrder :: #20187 :: email: Jime_ce14@hotmail.com
2022-05-16T14:24:26+00:00 NOTICE order.member.updated :: Updated daniela.saenz2001@gmail.com subscriber status to subscribed and language to 
2022-05-16T14:24:26+00:00 NOTICE order_submit.success :: updateStoreOrder :: #20192 :: email: daniela.saenz2001@gmail.com
2022-05-16T14:24:27+00:00 NOTICE order.member.updated :: Updated ksampayo32@gmail.com subscriber status to subscribed and language to 
2022-05-16T14:24:27+00:00 NOTICE order_submit.success :: updateStoreOrder :: #20195 :: email: ksampayo32@gmail.com
2022-05-16T14:24:28+00:00 NOTICE order.member.updated :: Updated dimarcela6@gmail.com subscriber status to subscribed and language to 
2022-05-16T14:24:28+00:00 NOTICE order_submit.success :: updateStoreOrder :: #20197 :: email: dimarcela6@gmail.com
2022-05-16T14:24:30+00:00 NOTICE order.member.updated :: Updated gomez4stiven@gmail.com subscriber status to subscribed and language to 
2022-05-16T14:24:30+00:00 NOTICE order_submit.success :: updateStoreOrder :: #20200 :: email: gomez4stiven@gmail.com
2022-05-16T14:24:31+00:00 NOTICE order.member.updated :: Updated alcampos5@misena.edu.co subscriber status to subscribed and language to 
2022-05-16T14:24:31+00:00 NOTICE order_submit.success :: updateStoreOrder :: #20202 :: email: alcampos5@misena.edu.co
2022-05-16T14:24:32+00:00 NOTICE order.member.updated :: Updated info.sergioparra@gmail.com subscriber status to transactional and language to 
2022-05-16T14:24:32+00:00 NOTICE order_submit.success :: updateStoreOrder :: #20204 :: email: info.sergioparra@gmail.com
2022-05-16T14:24:34+00:00 NOTICE order.member.updated :: Updated valentina.raflo@gmail.com subscriber status to transactional and language to 
2022-05-16T14:24:34+00:00 NOTICE order_submit.success :: updateStoreOrder :: #20205 :: email: valentina.raflo@gmail.com
2022-05-16T14:24:35+00:00 NOTICE order.member.updated :: Updated nataliacastillo.re@gmail.com subscriber status to subscribed and language to 
2022-05-16T14:24:35+00:00 NOTICE order_submit.success :: updateStoreOrder :: #20206 :: email: nataliacastillo.re@gmail.com
2022-05-16T14:24:37+00:00 NOTICE order.member.updated :: Updated lolopi27@hotmail.com subscriber status to subscribed and language to 
2022-05-16T14:24:37+00:00 NOTICE order_submit.success :: updateStoreOrder :: #20210 :: email: lolopi27@hotmail.com
2022-05-16T14:24:39+00:00 NOTICE order.member.updated :: Updated mara315991@gmail.com subscriber status to subscribed and language to 
2022-05-16T14:24:39+00:00 NOTICE order_submit.success :: updateStoreOrder :: #20211 :: email: mara315991@gmail.com
2022-05-16T14:24:41+00:00 NOTICE order.member.updated :: Updated dayiz_529@hotmail.com subscriber status to transactional and language to 
2022-05-16T14:24:41+00:00 NOTICE order_submit.success :: updateStoreOrder :: #20214 :: email: dayiz_529@hotmail.com
2022-05-16T14:24:42+00:00 NOTICE order.member.updated :: Updated castellanosw2010@hotmail.com subscriber status to subscribed and language to 
2022-05-16T14:24:42+00:00 NOTICE order_submit.success :: updateStoreOrder :: #20216 :: email: castellanosw2010@hotmail.com
2022-05-16T14:24:44+00:00 NOTICE order.member.updated :: Updated yedagoru@gmail.com subscriber status to subscribed and language to 
2022-05-16T14:24:44+00:00 NOTICE order_submit.success :: updateStoreOrder :: #20217 :: email: yedagoru@gmail.com
2022-05-16T14:24:45+00:00 NOTICE order.member.updated :: Updated vanesapertuz@hotmail.com subscriber status to subscribed and language to 
2022-05-16T14:24:45+00:00 NOTICE order_submit.success :: updateStoreOrder :: #20218 :: email: vanesapertuz@hotmail.com
2022-05-16T14:24:47+00:00 NOTICE order.member.updated :: Updated lizeth.ortizp@gmail.com subscriber status to subscribed and language to 
2022-05-16T14:24:47+00:00 NOTICE order_submit.success :: updateStoreOrder :: #20220 :: email: lizeth.ortizp@gmail.com
2022-05-16T15:01:52+00:00 NOTICE action_scheduler.queue_job :: MailChimp_WooCommerce_Single_Order starts in 90 seconds :: obj_id 20223
2022-05-16T15:03:30+00:00 NOTICE order_sumbit :: #20223 has a financial status of pending and was skipped.
2022-05-16T15:04:32+00:00 NOTICE action_scheduler.queue_job :: MailChimp_WooCommerce_Single_Order starts in 90 seconds :: obj_id 20223
2022-05-16T15:04:35+00:00 NOTICE debug :: Order ID 20223 was pending and is now processing :: Array
(
    [new_order] => 1
    [tracking] => Array
        (
            [campaign_id] => 
            [landing_site] => https://naturalconexion.com/wp-admin/admin-ajax.php
        )

)

2022-05-16T15:06:34+00:00 NOTICE order.member.updated :: Updated castanogomezmariavictoria@gmail.com subscriber status to subscribed and language to 
2022-05-16T15:06:34+00:00 NOTICE order_submit.success :: addStoreOrder :: #20223 :: email: castanogomezmariavictoria@gmail.com :: landing site https://naturalconexion.com/wp-admin/admin-ajax.php
2022-05-16T19:02:05+00:00 NOTICE action_scheduler.queue_job :: MailChimp_WooCommerce_Cart_Update queued :: obj_id ccc0024d50666afb1fc8b1d832929090
2022-05-16T19:02:37+00:00 NOTICE abandoned_cart.success :: email: ltbarriosd@gmail.com :: checkout_url: https://naturalconexion.com/checkout/?mc_cart_id=ccc0024d50666afb1fc8b1d832929090
2022-05-16T19:02:38+00:00 NOTICE cart.member.updated :: Updated ltbarriosd@gmail.com subscriber status to transactional and language to es
2022-05-16T20:03:46+00:00 NOTICE action_scheduler.queue_job :: MailChimp_WooCommerce_SingleCoupon queued :: obj_id 20224
2022-05-16T20:03:54+00:00 NOTICE promo_code_submit.success :: #20224 :: code: 4xys1n8o
2022-05-16T20:42:33+00:00 NOTICE action_scheduler.queue_job :: MailChimp_WooCommerce_User_Submit queued :: obj_id 2094
2022-05-16T20:43:04+00:00 NOTICE member.sync :: Updated Member helen06_d@hotmail.com ( merge fields only ) :: Array
(
    [merge_fields] => Array
        (
            [FNAME] => HELEN
            [LNAME] => CLAVIJO DUQUE
        )

)

2022-05-16T23:04:59+00:00 NOTICE action_scheduler.queue_job :: MailChimp_WooCommerce_SingleCoupon queued :: obj_id 20225
2022-05-16T23:05:21+00:00 NOTICE promo_code_submit.success :: #20225 :: code: 2hayk7ki
2022-05-16T23:56:47+00:00 NOTICE action_scheduler.queue_job :: MailChimp_WooCommerce_Cart_Update queued :: obj_id fe2e1cf5c23c2ec52133e67ae6d0487a
2022-05-16T23:57:33+00:00 NOTICE abandoned_cart.success :: email: clasoarmon@hotmail.com :: checkout_url: https://naturalconexion.com/checkout/?mc_cart_id=fe2e1cf5c23c2ec52133e67ae6d0487a
2022-05-16T23:57:33+00:00 NOTICE cart.member.updated :: Updated clasoarmon@hotmail.com subscriber status to transactional and language to es
