2022-06-21T03:15:19+00:00 NOTICE action_scheduler.queue_job :: MailChimp_WooCommerce_Cart_Update queued :: obj_id 21d32ed7e574c8fb1c59e4e556de7d5d
2022-06-21T03:15:46+00:00 NOTICE abandoned_cart.success :: email: ipau557@gmail.com :: checkout_url: https://naturalconexion.com/checkout/?mc_cart_id=21d32ed7e574c8fb1c59e4e556de7d5d
2022-06-21T03:15:46+00:00 NOTICE cart.member.updated :: Updated ipau557@gmail.com subscriber status to transactional and language to es
2022-06-21T03:16:46+00:00 NOTICE action_scheduler.queue_job :: MailChimp_WooCommerce_Cart_Update queued :: obj_id 21d32ed7e574c8fb1c59e4e556de7d5d
2022-06-21T03:16:48+00:00 NOTICE abandoned_cart.success :: email: ipau557@gmail.com :: checkout_url: https://naturalconexion.com/checkout/?mc_cart_id=21d32ed7e574c8fb1c59e4e556de7d5d
2022-06-21T04:05:31+00:00 NOTICE action_scheduler.queue_job :: MailChimp_WooCommerce_Cart_Update queued :: obj_id 21d32ed7e574c8fb1c59e4e556de7d5d
2022-06-21T04:05:48+00:00 NOTICE abandoned_cart.success :: email: ipau557@gmail.com :: checkout_url: https://naturalconexion.com/checkout/?mc_cart_id=21d32ed7e574c8fb1c59e4e556de7d5d
2022-06-21T04:20:36+00:00 NOTICE action_scheduler.queue_job :: MailChimp_WooCommerce_Cart_Update queued :: obj_id e36aaa738e4cafb800409cc32399ead2
2022-06-21T04:20:47+00:00 NOTICE abandoned_cart.success :: email: tatolady@hotmail.com :: checkout_url: https://naturalconexion.com/checkout/?mc_cart_id=e36aaa738e4cafb800409cc32399ead2
2022-06-21T04:20:47+00:00 NOTICE cart.member.updated :: Updated tatolady@hotmail.com subscriber status to subscribed and language to es
2022-06-21T04:21:54+00:00 NOTICE action_scheduler.queue_job :: MailChimp_WooCommerce_Cart_Update queued :: obj_id e36aaa738e4cafb800409cc32399ead2
2022-06-21T04:21:56+00:00 NOTICE abandoned_cart.success :: email: tatolady@hotmail.com :: checkout_url: https://naturalconexion.com/checkout/?mc_cart_id=e36aaa738e4cafb800409cc32399ead2
2022-06-21T04:23:52+00:00 NOTICE action_scheduler.queue_job :: MailChimp_WooCommerce_Cart_Update queued :: obj_id e36aaa738e4cafb800409cc32399ead2
2022-06-21T04:23:53+00:00 NOTICE abandoned_cart.success :: email: tatolady@hotmail.com :: checkout_url: https://naturalconexion.com/checkout/?mc_cart_id=e36aaa738e4cafb800409cc32399ead2
2022-06-21T04:27:20+00:00 NOTICE action_scheduler.queue_job :: MailChimp_WooCommerce_Cart_Update queued :: obj_id e36aaa738e4cafb800409cc32399ead2
2022-06-21T04:28:12+00:00 NOTICE abandoned_cart.success :: email: tatolady@hotmail.com :: checkout_url: https://naturalconexion.com/checkout/?mc_cart_id=e36aaa738e4cafb800409cc32399ead2
2022-06-21T04:28:28+00:00 NOTICE action_scheduler.queue_job :: MailChimp_WooCommerce_Cart_Update queued :: obj_id e36aaa738e4cafb800409cc32399ead2
2022-06-21T04:28:46+00:00 NOTICE abandoned_cart.success :: email: tatolady@hotmail.com :: checkout_url: https://naturalconexion.com/checkout/?mc_cart_id=e36aaa738e4cafb800409cc32399ead2
2022-06-21T04:29:19+00:00 NOTICE action_scheduler.queue_job :: MailChimp_WooCommerce_Cart_Update queued :: obj_id 3fb8e530a5cdebcdebfd56f088061b0c
2022-06-21T04:29:27+00:00 NOTICE action_scheduler.queue_job :: MailChimp_WooCommerce_Cart_Update queued :: obj_id e36aaa738e4cafb800409cc32399ead2
2022-06-21T04:29:51+00:00 NOTICE abandoned_cart.success :: email: nellygut1979@gmail.com :: checkout_url: https://naturalconexion.com/checkout/?mc_cart_id=3fb8e530a5cdebcdebfd56f088061b0c
2022-06-21T04:29:51+00:00 NOTICE cart.member.updated :: Updated nellygut1979@gmail.com subscriber status to transactional and language to es
2022-06-21T04:29:51+00:00 NOTICE abandoned_cart.success :: email: tatolady@hotmail.com :: checkout_url: https://naturalconexion.com/checkout/?mc_cart_id=e36aaa738e4cafb800409cc32399ead2
2022-06-21T04:31:05+00:00 NOTICE action_scheduler.queue_job :: MailChimp_WooCommerce_Cart_Update queued :: obj_id e36aaa738e4cafb800409cc32399ead2
2022-06-21T04:31:30+00:00 NOTICE action_scheduler.queue_job :: MailChimp_WooCommerce_Single_Order starts in 90 seconds :: obj_id 20825
2022-06-21T04:31:32+00:00 NOTICE abandoned_cart.success :: email: tatolady@hotmail.com :: checkout_url: https://naturalconexion.com/checkout/?mc_cart_id=e36aaa738e4cafb800409cc32399ead2
2022-06-21T04:33:04+00:00 NOTICE order_sumbit :: #20825 has a financial status of pending and was skipped.
2022-06-21T04:33:23+00:00 NOTICE action_scheduler.queue_job :: MailChimp_WooCommerce_User_Submit queued :: obj_id 1948
2022-06-21T04:33:48+00:00 NOTICE member.sync :: Updated Member Tatolady@hotmail.com ( merge fields only ) :: Array
(
    [merge_fields] => Array
        (
            [FNAME] => Leidy tatiana
            [LNAME] => Ortiz penagos
        )

)

2022-06-21T04:34:46+00:00 NOTICE action_scheduler.queue_job :: MailChimp_WooCommerce_Single_Order starts in 90 seconds :: obj_id 20825
2022-06-21T04:34:49+00:00 NOTICE debug :: Order ID 20825 was pending and is now processing :: Array
(
    [new_order] => 1
    [tracking] => Array
        (
            [campaign_id] => 
            [landing_site] => https://naturalconexion.com/wp-content/plugins/woocommerce-payu-latam/confirmation.php
        )

)

2022-06-21T04:35:40+00:00 NOTICE action_scheduler.queue_job :: MailChimp_WooCommerce_Cart_Update queued :: obj_id e36aaa738e4cafb800409cc32399ead2
2022-06-21T04:35:42+00:00 NOTICE abandoned_cart.success :: email: tatolady@hotmail.com :: checkout_url: https://naturalconexion.com/checkout/?mc_cart_id=e36aaa738e4cafb800409cc32399ead2
2022-06-21T04:37:01+00:00 NOTICE order.member.updated :: Updated nellygut1979@gmail.com subscriber status to transactional and language to 
2022-06-21T04:37:01+00:00 NOTICE order_submit.success :: addStoreOrder :: #20825 :: email: nellygut1979@gmail.com :: landing site https://naturalconexion.com/wp-content/plugins/woocommerce-payu-latam/confirmation.php :: abandoned cart deleted [3fb8e530a5cdebcdebfd56f088061b0c]
2022-06-21T04:37:15+00:00 NOTICE action_scheduler.queue_job :: MailChimp_WooCommerce_User_Submit queued :: obj_id 1948
2022-06-21T04:37:15+00:00 NOTICE action_scheduler.queue_job :: MailChimp_WooCommerce_Single_Order starts in 90 seconds :: obj_id 20826
2022-06-21T04:37:18+00:00 NOTICE member.sync :: Updated Member Tatolady@hotmail.com ( merge fields only ) :: Array
(
    [merge_fields] => Array
        (
            [FNAME] => Leidy tatiana
            [LNAME] => Ortiz penagos
        )

)

2022-06-21T04:39:36+00:00 NOTICE debug :: Order ID 20826 was pending and is now processing :: Array
(
    [new_order] => 1
    [tracking] => Array
        (
            [campaign_id] => 
            [landing_site] => https://naturalconexion.com/wp-content/plugins/woocommerce-payu-latam/confirmation.php
        )

)

2022-06-21T04:41:06+00:00 NOTICE order.member.updated :: Updated Tatolady@hotmail.com subscriber status to subscribed and language to es
2022-06-21T04:41:06+00:00 NOTICE order_submit.success :: addStoreOrder :: #20826 :: email: Tatolady@hotmail.com :: landing site https://naturalconexion.com/tienda/?dplrid=5461746F6C61647940686F746D61696C2E636F6D :: abandoned cart deleted [e36aaa738e4cafb800409cc32399ead2]
2022-06-21T13:20:15+00:00 NOTICE action_scheduler.queue_job :: MailChimp_WooCommerce_Single_Order starts in 90 seconds :: obj_id 20755
2022-06-21T13:20:18+00:00 NOTICE debug :: Order ID 20755 was processing and is now completed :: Array
(
    [new_order] => 
    [tracking] => 
)

2022-06-21T13:20:18+00:00 NOTICE action_scheduler.queue_job :: MailChimp_WooCommerce_Single_Order starts in 90 seconds :: obj_id 20756
2022-06-21T13:20:19+00:00 NOTICE debug :: Order ID 20756 was processing and is now completed :: Array
(
    [new_order] => 
    [tracking] => 
)

2022-06-21T13:20:20+00:00 NOTICE action_scheduler.queue_job :: MailChimp_WooCommerce_Single_Order starts in 90 seconds :: obj_id 20758
2022-06-21T13:20:21+00:00 NOTICE debug :: Order ID 20758 was processing and is now completed :: Array
(
    [new_order] => 
    [tracking] => 
)

2022-06-21T13:20:21+00:00 NOTICE action_scheduler.queue_job :: MailChimp_WooCommerce_Single_Order starts in 90 seconds :: obj_id 20759
2022-06-21T13:20:22+00:00 NOTICE debug :: Order ID 20759 was processing and is now completed :: Array
(
    [new_order] => 
    [tracking] => 
)

2022-06-21T13:20:22+00:00 NOTICE action_scheduler.queue_job :: MailChimp_WooCommerce_Single_Order starts in 90 seconds :: obj_id 20774
2022-06-21T13:20:23+00:00 NOTICE debug :: Order ID 20774 was processing and is now completed :: Array
(
    [new_order] => 
    [tracking] => 
)

2022-06-21T13:20:23+00:00 NOTICE action_scheduler.queue_job :: MailChimp_WooCommerce_Single_Order starts in 90 seconds :: obj_id 20775
2022-06-21T13:20:24+00:00 NOTICE debug :: Order ID 20775 was processing and is now completed :: Array
(
    [new_order] => 
    [tracking] => 
)

2022-06-21T13:20:24+00:00 NOTICE action_scheduler.queue_job :: MailChimp_WooCommerce_Single_Order starts in 90 seconds :: obj_id 20776
2022-06-21T13:20:25+00:00 NOTICE debug :: Order ID 20776 was processing and is now completed :: Array
(
    [new_order] => 
    [tracking] => 
)

2022-06-21T13:20:25+00:00 NOTICE action_scheduler.queue_job :: MailChimp_WooCommerce_Single_Order starts in 90 seconds :: obj_id 20777
2022-06-21T13:20:26+00:00 NOTICE debug :: Order ID 20777 was processing and is now completed :: Array
(
    [new_order] => 
    [tracking] => 
)

2022-06-21T13:20:26+00:00 NOTICE action_scheduler.queue_job :: MailChimp_WooCommerce_Single_Order starts in 90 seconds :: obj_id 20778
2022-06-21T13:20:27+00:00 NOTICE debug :: Order ID 20778 was processing and is now completed :: Array
(
    [new_order] => 
    [tracking] => 
)

2022-06-21T13:20:27+00:00 NOTICE action_scheduler.queue_job :: MailChimp_WooCommerce_Single_Order starts in 90 seconds :: obj_id 20779
2022-06-21T13:20:28+00:00 NOTICE debug :: Order ID 20779 was processing and is now completed :: Array
(
    [new_order] => 
    [tracking] => 
)

2022-06-21T13:20:28+00:00 NOTICE action_scheduler.queue_job :: MailChimp_WooCommerce_Single_Order starts in 90 seconds :: obj_id 20780
2022-06-21T13:20:29+00:00 NOTICE debug :: Order ID 20780 was processing and is now completed :: Array
(
    [new_order] => 
    [tracking] => 
)

2022-06-21T13:20:30+00:00 NOTICE action_scheduler.queue_job :: MailChimp_WooCommerce_Single_Order starts in 90 seconds :: obj_id 20781
2022-06-21T13:20:30+00:00 NOTICE debug :: Order ID 20781 was processing and is now completed :: Array
(
    [new_order] => 
    [tracking] => 
)

2022-06-21T13:20:31+00:00 NOTICE action_scheduler.queue_job :: MailChimp_WooCommerce_Single_Order starts in 90 seconds :: obj_id 20788
2022-06-21T13:20:33+00:00 NOTICE debug :: Order ID 20788 was processing and is now completed :: Array
(
    [new_order] => 
    [tracking] => 
)

2022-06-21T13:20:33+00:00 NOTICE action_scheduler.queue_job :: MailChimp_WooCommerce_Single_Order starts in 90 seconds :: obj_id 20789
2022-06-21T13:20:34+00:00 NOTICE debug :: Order ID 20789 was processing and is now completed :: Array
(
    [new_order] => 
    [tracking] => 
)

2022-06-21T13:20:34+00:00 NOTICE action_scheduler.queue_job :: MailChimp_WooCommerce_Single_Order starts in 90 seconds :: obj_id 20790
2022-06-21T13:20:35+00:00 NOTICE debug :: Order ID 20790 was processing and is now completed :: Array
(
    [new_order] => 
    [tracking] => 
)

2022-06-21T13:20:35+00:00 NOTICE action_scheduler.queue_job :: MailChimp_WooCommerce_Single_Order starts in 90 seconds :: obj_id 20792
2022-06-21T13:20:36+00:00 NOTICE debug :: Order ID 20792 was processing and is now completed :: Array
(
    [new_order] => 
    [tracking] => 
)

2022-06-21T13:21:49+00:00 NOTICE order.member.updated :: Updated angeroav@gmail.com subscriber status to subscribed and language to 
2022-06-21T13:21:49+00:00 NOTICE order_submit.success :: updateStoreOrder :: #20755 :: email: angeroav@gmail.com
2022-06-21T13:21:51+00:00 NOTICE order.member.updated :: Updated isofips@gmail.com subscriber status to transactional and language to 
2022-06-21T13:21:51+00:00 NOTICE order_submit.success :: updateStoreOrder :: #20756 :: email: isofips@gmail.com
2022-06-21T13:21:52+00:00 NOTICE order.member.updated :: Updated adielapatriciavalencia@gmail.com subscriber status to subscribed and language to 
2022-06-21T13:21:52+00:00 NOTICE order_submit.success :: updateStoreOrder :: #20758 :: email: adielapatriciavalencia@gmail.com
2022-06-21T13:21:54+00:00 NOTICE order.member.updated :: Updated linca00@yahoo.es subscriber status to transactional and language to 
2022-06-21T13:21:54+00:00 NOTICE order_submit.success :: updateStoreOrder :: #20759 :: email: linca00@yahoo.es
2022-06-21T13:21:55+00:00 NOTICE order.member.updated :: Updated natacastellanos7@hotmail.com subscriber status to subscribed and language to 
2022-06-21T13:21:55+00:00 NOTICE order_submit.success :: updateStoreOrder :: #20774 :: email: natacastellanos7@hotmail.com
2022-06-21T13:21:56+00:00 NOTICE order.member.updated :: Updated adriana.luc@hotmail.com subscriber status to subscribed and language to 
2022-06-21T13:21:56+00:00 NOTICE order_submit.success :: updateStoreOrder :: #20775 :: email: adriana.luc@hotmail.com
2022-06-21T13:21:58+00:00 NOTICE order.member.updated :: Updated liliana0630@hotmail.com subscriber status to subscribed and language to 
2022-06-21T13:21:58+00:00 NOTICE order_submit.success :: updateStoreOrder :: #20776 :: email: liliana0630@hotmail.com
2022-06-21T13:21:59+00:00 NOTICE order.member.updated :: Updated ana.flo-var@outlook.com subscriber status to transactional and language to 
2022-06-21T13:21:59+00:00 NOTICE order_submit.success :: updateStoreOrder :: #20777 :: email: ana.flo-var@outlook.com
2022-06-21T13:22:01+00:00 NOTICE order.member.updated :: Updated mariapaulinaangelcotes@gmail.com subscriber status to transactional and language to 
2022-06-21T13:22:01+00:00 NOTICE order_submit.success :: updateStoreOrder :: #20778 :: email: mariapaulinaangelcotes@gmail.com
2022-06-21T13:22:02+00:00 NOTICE order.member.updated :: Updated marcela.herlon@outlook.com subscriber status to subscribed and language to 
2022-06-21T13:22:02+00:00 NOTICE order_submit.success :: updateStoreOrder :: #20779 :: email: marcela.herlon@outlook.com
2022-06-21T13:22:02+00:00 NOTICE action_scheduler.queue_job :: MailChimp_WooCommerce_Single_Order starts in 90 seconds :: obj_id 20673
2022-06-21T13:22:03+00:00 NOTICE order.member.updated :: Updated jackyfranco@hotmail.com subscriber status to subscribed and language to 
2022-06-21T13:22:03+00:00 NOTICE order_submit.success :: updateStoreOrder :: #20780 :: email: jackyfranco@hotmail.com
2022-06-21T13:22:03+00:00 NOTICE debug :: Order ID 20673 was processing and is now completed :: Array
(
    [new_order] => 
    [tracking] => 
)

2022-06-21T13:22:04+00:00 NOTICE action_scheduler.queue_job :: MailChimp_WooCommerce_Single_Order starts in 90 seconds :: obj_id 20750
2022-06-21T13:22:04+00:00 NOTICE debug :: Order ID 20750 was processing and is now completed :: Array
(
    [new_order] => 
    [tracking] => 
)

2022-06-21T13:22:05+00:00 NOTICE action_scheduler.queue_job :: MailChimp_WooCommerce_Single_Order starts in 90 seconds :: obj_id 20752
2022-06-21T13:22:05+00:00 NOTICE order.member.updated :: Updated Nathaly.2023@hotmail.com subscriber status to subscribed and language to 
2022-06-21T13:22:05+00:00 NOTICE order_submit.success :: updateStoreOrder :: #20781 :: email: Nathaly.2023@hotmail.com
2022-06-21T13:22:05+00:00 NOTICE debug :: Order ID 20752 was processing and is now completed :: Array
(
    [new_order] => 
    [tracking] => 
)

2022-06-21T13:22:05+00:00 ERROR order_submit.error :: addStoreOrder :: #20788 :: Error Code 400 :: Customer could not be imported to the list associated with this store. on 2003 in /home/forge/naturalconexion.com/wp-content/plugins/mailchimp-for-woocommerce/includes/api/class-mailchimp-api.php
2022-06-21T13:22:05+00:00 NOTICE action_scheduler.queue_job :: MailChimp_WooCommerce_Single_Order starts in 90 seconds :: obj_id 20753
2022-06-21T13:22:07+00:00 NOTICE order.member.updated :: Updated paholita79@gmail.com subscriber status to subscribed and language to 
2022-06-21T13:22:07+00:00 NOTICE order_submit.success :: updateStoreOrder :: #20789 :: email: paholita79@gmail.com
2022-06-21T13:22:07+00:00 NOTICE debug :: Order ID 20753 was processing and is now completed :: Array
(
    [new_order] => 
    [tracking] => 
)

2022-06-21T13:22:07+00:00 NOTICE action_scheduler.queue_job :: MailChimp_WooCommerce_Single_Order starts in 90 seconds :: obj_id 20754
2022-06-21T13:22:08+00:00 NOTICE debug :: Order ID 20754 was processing and is now completed :: Array
(
    [new_order] => 
    [tracking] => 
)

2022-06-21T13:22:08+00:00 NOTICE action_scheduler.queue_job :: MailChimp_WooCommerce_Single_Order starts in 90 seconds :: obj_id 20765
2022-06-21T13:22:08+00:00 NOTICE order.member.updated :: Updated fliasanchezgomez@hotmail.com subscriber status to transactional and language to 
2022-06-21T13:22:08+00:00 NOTICE order_submit.success :: updateStoreOrder :: #20790 :: email: fliasanchezgomez@hotmail.com
2022-06-21T13:22:09+00:00 NOTICE debug :: Order ID 20765 was processing and is now completed :: Array
(
    [new_order] => 
    [tracking] => 
)

2022-06-21T13:22:09+00:00 NOTICE action_scheduler.queue_job :: MailChimp_WooCommerce_Single_Order starts in 90 seconds :: obj_id 20766
2022-06-21T13:22:10+00:00 NOTICE order.member.updated :: Updated mariale.otal@gmail.com subscriber status to subscribed and language to 
2022-06-21T13:22:10+00:00 NOTICE order_submit.success :: updateStoreOrder :: #20792 :: email: mariale.otal@gmail.com
2022-06-21T13:22:10+00:00 NOTICE debug :: Order ID 20766 was processing and is now completed :: Array
(
    [new_order] => 
    [tracking] => 
)

2022-06-21T13:22:10+00:00 NOTICE action_scheduler.queue_job :: MailChimp_WooCommerce_Single_Order starts in 90 seconds :: obj_id 20770
2022-06-21T13:22:11+00:00 NOTICE debug :: Order ID 20770 was processing and is now completed :: Array
(
    [new_order] => 
    [tracking] => 
)

2022-06-21T13:22:11+00:00 NOTICE action_scheduler.queue_job :: MailChimp_WooCommerce_Single_Order starts in 90 seconds :: obj_id 20772
2022-06-21T13:22:12+00:00 NOTICE debug :: Order ID 20772 was processing and is now completed :: Array
(
    [new_order] => 
    [tracking] => 
)

2022-06-21T13:22:38+00:00 NOTICE action_scheduler.queue_job :: MailChimp_WooCommerce_Single_Order starts in 90 seconds :: obj_id 20793
2022-06-21T13:22:40+00:00 NOTICE debug :: Order ID 20793 was processing and is now completed :: Array
(
    [new_order] => 
    [tracking] => 
)

2022-06-21T13:22:40+00:00 NOTICE action_scheduler.queue_job :: MailChimp_WooCommerce_Single_Order starts in 90 seconds :: obj_id 20794
2022-06-21T13:22:41+00:00 NOTICE debug :: Order ID 20794 was processing and is now completed :: Array
(
    [new_order] => 
    [tracking] => 
)

2022-06-21T13:22:42+00:00 NOTICE action_scheduler.queue_job :: MailChimp_WooCommerce_Single_Order starts in 90 seconds :: obj_id 20795
2022-06-21T13:22:42+00:00 NOTICE debug :: Order ID 20795 was processing and is now completed :: Array
(
    [new_order] => 
    [tracking] => 
)

2022-06-21T13:23:46+00:00 NOTICE order.member.updated :: Updated yenileal2014@hotmail.com subscriber status to subscribed and language to 
2022-06-21T13:23:46+00:00 NOTICE order_submit.success :: updateStoreOrder :: #20673 :: email: yenileal2014@hotmail.com
2022-06-21T13:23:48+00:00 NOTICE order.member.updated :: Updated stephanie.pertuz@gmail.com subscriber status to pending and language to 
2022-06-21T13:23:48+00:00 NOTICE order_submit.success :: updateStoreOrder :: #20750 :: email: stephanie.pertuz@gmail.com
2022-06-21T13:23:49+00:00 NOTICE order.member.updated :: Updated mariposalyla@gmail.com subscriber status to subscribed and language to 
2022-06-21T13:23:49+00:00 NOTICE order_submit.success :: updateStoreOrder :: #20752 :: email: mariposalyla@gmail.com
2022-06-21T13:23:50+00:00 NOTICE order.member.updated :: Updated yika22@gmail.com subscriber status to subscribed and language to 
2022-06-21T13:23:50+00:00 NOTICE order_submit.success :: updateStoreOrder :: #20753 :: email: yika22@gmail.com
2022-06-21T13:23:51+00:00 NOTICE order.member.updated :: Updated luiiarias15@gmail.com subscriber status to subscribed and language to 
2022-06-21T13:23:51+00:00 NOTICE order_submit.success :: updateStoreOrder :: #20754 :: email: luiiarias15@gmail.com
2022-06-21T13:23:53+00:00 NOTICE order.member.updated :: Updated deasalazar@gmail.com subscriber status to transactional and language to 
2022-06-21T13:23:53+00:00 NOTICE order_submit.success :: updateStoreOrder :: #20765 :: email: deasalazar@gmail.com
2022-06-21T13:23:54+00:00 NOTICE order.member.updated :: Updated margarita.correaramirez9@gmail.com subscriber status to subscribed and language to 
2022-06-21T13:23:54+00:00 NOTICE order_submit.success :: updateStoreOrder :: #20766 :: email: margarita.correaramirez9@gmail.com
2022-06-21T13:23:55+00:00 NOTICE order.member.updated :: Updated anfemur1531@hotmail.com subscriber status to subscribed and language to 
2022-06-21T13:23:55+00:00 NOTICE order_submit.success :: updateStoreOrder :: #20770 :: email: anfemur1531@hotmail.com
2022-06-21T13:23:57+00:00 NOTICE order.member.updated :: Updated melissaechandia@gmail.com subscriber status to subscribed and language to 
2022-06-21T13:23:57+00:00 NOTICE order_submit.success :: updateStoreOrder :: #20772 :: email: melissaechandia@gmail.com
2022-06-21T13:24:49+00:00 NOTICE order.member.updated :: Updated Lorenata723@hotmail.com subscriber status to subscribed and language to 
2022-06-21T13:24:49+00:00 NOTICE order_submit.success :: updateStoreOrder :: #20793 :: email: Lorenata723@hotmail.com
2022-06-21T13:24:50+00:00 NOTICE order.member.updated :: Updated caritoescobar82@gmail.com subscriber status to subscribed and language to 
2022-06-21T13:24:50+00:00 NOTICE order_submit.success :: updateStoreOrder :: #20794 :: email: caritoescobar82@gmail.com
2022-06-21T13:24:51+00:00 NOTICE order.member.updated :: Updated geraldinearizaosorio@hotmail.com subscriber status to subscribed and language to 
2022-06-21T13:24:51+00:00 NOTICE order_submit.success :: updateStoreOrder :: #20795 :: email: geraldinearizaosorio@hotmail.com
2022-06-21T14:56:06+00:00 NOTICE action_scheduler.queue_job :: MailChimp_WooCommerce_Single_Order starts in 90 seconds :: obj_id 20769
2022-06-21T14:56:10+00:00 NOTICE debug :: Order ID 20769 was cancelled and is now processing :: Array
(
    [new_order] => 
    [tracking] => 
)

2022-06-21T14:57:57+00:00 NOTICE order.member.updated :: Updated jennym_m16@hotmail.com subscriber status to transactional and language to 
2022-06-21T14:57:57+00:00 NOTICE order_submit.success :: addStoreOrder :: #20769 :: email: jennym_m16@hotmail.com :: landing site https://naturalconexion.com/wp-content/plugins/woocommerce-payu-latam/confirmation.php
2022-06-21T14:58:47+00:00 NOTICE action_scheduler.queue_job :: MailChimp_WooCommerce_Cart_Update queued :: obj_id 2192c251e388734b57e2d6de6d42163b
2022-06-21T14:59:00+00:00 NOTICE abandoned_cart.success :: email: dimabe50@hotmail.com :: checkout_url: https://naturalconexion.com/checkout/?mc_cart_id=2192c251e388734b57e2d6de6d42163b
2022-06-21T14:59:00+00:00 NOTICE cart.member.updated :: Updated dimabe50@hotmail.com subscriber status to transactional and language to es
2022-06-21T15:02:03+00:00 NOTICE action_scheduler.queue_job :: MailChimp_WooCommerce_Single_Order starts in 90 seconds :: obj_id 20827
2022-06-21T15:03:49+00:00 NOTICE order_sumbit :: #20827 has a financial status of pending and was skipped.
2022-06-21T15:04:36+00:00 NOTICE action_scheduler.queue_job :: MailChimp_WooCommerce_Single_Order starts in 90 seconds :: obj_id 20827
2022-06-21T15:04:38+00:00 NOTICE debug :: Order ID 20827 was pending and is now failed :: Array
(
    [new_order] => 
    [tracking] => 
)

2022-06-21T15:13:07+00:00 NOTICE action_scheduler.queue_job :: MailChimp_WooCommerce_Single_Order starts in 90 seconds :: obj_id 20797
2022-06-21T15:13:09+00:00 NOTICE debug :: Order ID 20797 was processing and is now completed :: Array
(
    [new_order] => 
    [tracking] => 
)

2022-06-21T15:13:09+00:00 NOTICE action_scheduler.queue_job :: MailChimp_WooCommerce_Single_Order starts in 90 seconds :: obj_id 20798
2022-06-21T15:13:10+00:00 NOTICE debug :: Order ID 20798 was processing and is now completed :: Array
(
    [new_order] => 
    [tracking] => 
)

2022-06-21T15:13:10+00:00 NOTICE action_scheduler.queue_job :: MailChimp_WooCommerce_Single_Order starts in 90 seconds :: obj_id 20799
2022-06-21T15:13:11+00:00 NOTICE debug :: Order ID 20799 was processing and is now completed :: Array
(
    [new_order] => 
    [tracking] => 
)

2022-06-21T15:13:11+00:00 NOTICE action_scheduler.queue_job :: MailChimp_WooCommerce_Single_Order starts in 90 seconds :: obj_id 20800
2022-06-21T15:13:13+00:00 NOTICE debug :: Order ID 20800 was processing and is now completed :: Array
(
    [new_order] => 
    [tracking] => 
)

2022-06-21T15:13:13+00:00 NOTICE action_scheduler.queue_job :: MailChimp_WooCommerce_Single_Order starts in 90 seconds :: obj_id 20805
2022-06-21T15:13:14+00:00 NOTICE debug :: Order ID 20805 was processing and is now completed :: Array
(
    [new_order] => 
    [tracking] => 
)

2022-06-21T15:13:14+00:00 NOTICE action_scheduler.queue_job :: MailChimp_WooCommerce_Single_Order starts in 90 seconds :: obj_id 20806
2022-06-21T15:13:17+00:00 NOTICE debug :: Order ID 20806 was processing and is now completed :: Array
(
    [new_order] => 
    [tracking] => 
)

2022-06-21T15:13:17+00:00 NOTICE action_scheduler.queue_job :: MailChimp_WooCommerce_Single_Order starts in 90 seconds :: obj_id 20807
2022-06-21T15:13:18+00:00 NOTICE debug :: Order ID 20807 was processing and is now completed :: Array
(
    [new_order] => 
    [tracking] => 
)

2022-06-21T15:13:18+00:00 NOTICE action_scheduler.queue_job :: MailChimp_WooCommerce_Single_Order starts in 90 seconds :: obj_id 20809
2022-06-21T15:13:19+00:00 NOTICE debug :: Order ID 20809 was processing and is now completed :: Array
(
    [new_order] => 
    [tracking] => 
)

2022-06-21T15:13:19+00:00 NOTICE action_scheduler.queue_job :: MailChimp_WooCommerce_Single_Order starts in 90 seconds :: obj_id 20810
2022-06-21T15:13:20+00:00 NOTICE debug :: Order ID 20810 was processing and is now completed :: Array
(
    [new_order] => 
    [tracking] => 
)

2022-06-21T15:13:20+00:00 NOTICE action_scheduler.queue_job :: MailChimp_WooCommerce_Single_Order starts in 90 seconds :: obj_id 20813
2022-06-21T15:13:21+00:00 NOTICE debug :: Order ID 20813 was processing and is now completed :: Array
(
    [new_order] => 
    [tracking] => 
)

2022-06-21T15:13:21+00:00 NOTICE action_scheduler.queue_job :: MailChimp_WooCommerce_Single_Order starts in 90 seconds :: obj_id 20817
2022-06-21T15:13:22+00:00 NOTICE debug :: Order ID 20817 was processing and is now completed :: Array
(
    [new_order] => 
    [tracking] => 
)

2022-06-21T15:13:22+00:00 NOTICE action_scheduler.queue_job :: MailChimp_WooCommerce_Single_Order starts in 90 seconds :: obj_id 20820
2022-06-21T15:13:23+00:00 NOTICE debug :: Order ID 20820 was processing and is now completed :: Array
(
    [new_order] => 
    [tracking] => 
)

2022-06-21T15:13:23+00:00 NOTICE action_scheduler.queue_job :: MailChimp_WooCommerce_Single_Order starts in 90 seconds :: obj_id 20821
2022-06-21T15:13:23+00:00 NOTICE debug :: Order ID 20821 was processing and is now completed :: Array
(
    [new_order] => 
    [tracking] => 
)

2022-06-21T15:13:23+00:00 NOTICE action_scheduler.queue_job :: MailChimp_WooCommerce_Single_Order starts in 90 seconds :: obj_id 20823
2022-06-21T15:13:24+00:00 NOTICE debug :: Order ID 20823 was processing and is now completed :: Array
(
    [new_order] => 
    [tracking] => 
)

2022-06-21T15:13:24+00:00 NOTICE action_scheduler.queue_job :: MailChimp_WooCommerce_Single_Order starts in 90 seconds :: obj_id 20824
2022-06-21T15:13:25+00:00 NOTICE debug :: Order ID 20824 was processing and is now completed :: Array
(
    [new_order] => 
    [tracking] => 
)

2022-06-21T15:13:25+00:00 NOTICE action_scheduler.queue_job :: MailChimp_WooCommerce_Single_Order starts in 90 seconds :: obj_id 20825
2022-06-21T15:13:27+00:00 NOTICE debug :: Order ID 20825 was processing and is now completed :: Array
(
    [new_order] => 
    [tracking] => 
)

2022-06-21T15:13:27+00:00 NOTICE action_scheduler.queue_job :: MailChimp_WooCommerce_Single_Order starts in 90 seconds :: obj_id 20826
2022-06-21T15:13:28+00:00 NOTICE debug :: Order ID 20826 was processing and is now completed :: Array
(
    [new_order] => 
    [tracking] => 
)

2022-06-21T15:15:32+00:00 NOTICE order.member.updated :: Updated catalinapololozano@gmail.com subscriber status to transactional and language to 
2022-06-21T15:15:32+00:00 NOTICE order_submit.success :: updateStoreOrder :: #20797 :: email: catalinapololozano@gmail.com
2022-06-21T15:15:34+00:00 NOTICE order.member.updated :: Updated Diana.mendoza.kalerf@gmail.com subscriber status to subscribed and language to 
2022-06-21T15:15:34+00:00 NOTICE order_submit.success :: updateStoreOrder :: #20798 :: email: Diana.mendoza.kalerf@gmail.com
2022-06-21T15:15:35+00:00 NOTICE order.member.updated :: Updated majouribe21@gmail.com subscriber status to transactional and language to 
2022-06-21T15:15:35+00:00 NOTICE order_submit.success :: updateStoreOrder :: #20799 :: email: majouribe21@gmail.com
2022-06-21T15:15:37+00:00 NOTICE order.member.updated :: Updated sanroj0224@gmail.com subscriber status to subscribed and language to 
2022-06-21T15:15:37+00:00 NOTICE order_submit.success :: updateStoreOrder :: #20800 :: email: sanroj0224@gmail.com
2022-06-21T15:15:38+00:00 NOTICE order.member.updated :: Updated ramirezzmarc@gmail.com subscriber status to transactional and language to 
2022-06-21T15:15:38+00:00 NOTICE order_submit.success :: updateStoreOrder :: #20805 :: email: ramirezzmarc@gmail.com
2022-06-21T15:15:39+00:00 NOTICE order.member.updated :: Updated stefany8-1990@hotmail.com subscriber status to transactional and language to 
2022-06-21T15:15:39+00:00 NOTICE order_submit.success :: updateStoreOrder :: #20806 :: email: stefany8-1990@hotmail.com
2022-06-21T15:15:41+00:00 NOTICE order.member.updated :: Updated pereace21@gmail.com subscriber status to subscribed and language to 
2022-06-21T15:15:41+00:00 NOTICE order_submit.success :: updateStoreOrder :: #20807 :: email: pereace21@gmail.com
2022-06-21T15:15:43+00:00 NOTICE order.member.updated :: Updated marcelarosve@gmail.com subscriber status to subscribed and language to 
2022-06-21T15:15:43+00:00 NOTICE order_submit.success :: updateStoreOrder :: #20809 :: email: marcelarosve@gmail.com
2022-06-21T15:15:45+00:00 NOTICE order.member.updated :: Updated paolapalacio0615@gmail.com subscriber status to subscribed and language to 
2022-06-21T15:15:45+00:00 NOTICE order_submit.success :: updateStoreOrder :: #20810 :: email: paolapalacio0615@gmail.com
2022-06-21T15:15:46+00:00 NOTICE order.member.updated :: Updated Moralesmariacamila@hotmail.com subscriber status to subscribed and language to 
2022-06-21T15:15:46+00:00 NOTICE order_submit.success :: updateStoreOrder :: #20813 :: email: Moralesmariacamila@hotmail.com
2022-06-21T15:15:47+00:00 NOTICE order.member.updated :: Updated angelambetancur@hotmail.com subscriber status to subscribed and language to 
2022-06-21T15:15:47+00:00 NOTICE order_submit.success :: updateStoreOrder :: #20817 :: email: angelambetancur@hotmail.com
2022-06-21T15:15:49+00:00 NOTICE order.member.updated :: Updated maredelac87@hotmail.com subscriber status to subscribed and language to 
2022-06-21T15:15:49+00:00 NOTICE order_submit.success :: updateStoreOrder :: #20820 :: email: maredelac87@hotmail.com
2022-06-21T15:15:50+00:00 NOTICE order.member.updated :: Updated viviana.arias5_@hotmail.com subscriber status to subscribed and language to 
2022-06-21T15:15:50+00:00 NOTICE order_submit.success :: updateStoreOrder :: #20821 :: email: viviana.arias5_@hotmail.com
2022-06-21T15:15:51+00:00 NOTICE order.member.updated :: Updated julizuluaga_52@hotmail.com subscriber status to subscribed and language to 
2022-06-21T15:15:51+00:00 NOTICE order_submit.success :: updateStoreOrder :: #20823 :: email: julizuluaga_52@hotmail.com
2022-06-21T15:15:53+00:00 NOTICE order.member.updated :: Updated auramavale@hotmail.com subscriber status to subscribed and language to 
2022-06-21T15:15:53+00:00 NOTICE order_submit.success :: updateStoreOrder :: #20824 :: email: auramavale@hotmail.com
2022-06-21T15:15:54+00:00 NOTICE order.member.updated :: Updated nellygut1979@gmail.com subscriber status to transactional and language to 
2022-06-21T15:15:54+00:00 NOTICE order_submit.success :: updateStoreOrder :: #20825 :: email: nellygut1979@gmail.com
2022-06-21T15:16:01+00:00 NOTICE order.member.updated :: Updated Tatolady@hotmail.com subscriber status to subscribed and language to 
2022-06-21T15:16:01+00:00 NOTICE order_submit.success :: updateStoreOrder :: #20826 :: email: Tatolady@hotmail.com
2022-06-21T16:45:48+00:00 NOTICE action_scheduler.queue_job :: MailChimp_WooCommerce_Cart_Update queued :: obj_id ce8aa5525766c174aac02e29f4fd1d41
2022-06-21T16:45:49+00:00 NOTICE abandoned_cart.success :: email: fgonzalez+nc@makingsense.com :: checkout_url: https://naturalconexion.com/checkout/?mc_cart_id=ce8aa5525766c174aac02e29f4fd1d41
2022-06-21T16:45:49+00:00 NOTICE cart.member.updated :: Updated fgonzalez+nc@makingsense.com subscriber status to transactional and language to es
2022-06-21T17:07:50+00:00 NOTICE action_scheduler.queue_job :: MailChimp_WooCommerce_Cart_Update queued :: obj_id c23a5751bbe7abe4a17c7acebd364366
2022-06-21T17:09:04+00:00 NOTICE action_scheduler.queue_job :: MailChimp_WooCommerce_Single_Order starts in 90 seconds :: obj_id 20828
2022-06-21T17:09:07+00:00 NOTICE abandoned_cart.success :: email: alejopineda@gmail.com :: checkout_url: https://naturalconexion.com/checkout/?mc_cart_id=c23a5751bbe7abe4a17c7acebd364366
2022-06-21T17:09:07+00:00 NOTICE cart.member.updated :: Updated alejopineda@gmail.com subscriber status to transactional and language to es
2022-06-21T17:10:43+00:00 NOTICE debug :: Order ID 20828 was pending and is now failed :: Array
(
    [new_order] => 
    [tracking] => 
)

2022-06-21T17:29:12+00:00 NOTICE action_scheduler.queue_job :: MailChimp_WooCommerce_Cart_Update queued :: obj_id 65d652f6f58dc01077aee509f0f5e1dc
2022-06-21T17:29:12+00:00 NOTICE action_scheduler.queue_job :: MailChimp_WooCommerce_Single_Order starts in 90 seconds :: obj_id 20829
2022-06-21T17:29:51+00:00 NOTICE abandoned_cart.success :: email: rsuarezg_@hotmail.com :: checkout_url: https://naturalconexion.com/checkout/?mc_cart_id=65d652f6f58dc01077aee509f0f5e1dc
2022-06-21T17:29:52+00:00 NOTICE cart.member.updated :: Updated rsuarezg_@hotmail.com subscriber status to subscribed and language to es
2022-06-21T17:31:02+00:00 NOTICE debug :: Order ID 20829 was pending and is now failed :: Array
(
    [new_order] => 
    [tracking] => 
)

2022-06-21T17:36:51+00:00 NOTICE action_scheduler.queue_job :: MailChimp_WooCommerce_Single_Product starts in 5 seconds :: obj_id 20258
2022-06-21T17:38:07+00:00 NOTICE product_submit.success :: updateStoreProduct :: #20258
2022-06-21T17:41:10+00:00 NOTICE action_scheduler.queue_job :: MailChimp_WooCommerce_Single_Product starts in 5 seconds :: obj_id 20023
2022-06-21T17:41:18+00:00 NOTICE product_submit.success :: updateStoreProduct :: #20023
2022-06-21T17:43:10+00:00 NOTICE action_scheduler.queue_job :: MailChimp_WooCommerce_Single_Product starts in 5 seconds :: obj_id 19912
2022-06-21T17:43:40+00:00 NOTICE product_submit.success :: updateStoreProduct :: #19912
2022-06-21T18:09:14+00:00 NOTICE action_scheduler.queue_job :: MailChimp_WooCommerce_Single_Product starts in 5 seconds :: obj_id 17809
2022-06-21T18:09:37+00:00 NOTICE action_scheduler.queue_job :: MailChimp_WooCommerce_Single_Product starts in 5 seconds :: obj_id 18058
2022-06-21T18:09:48+00:00 NOTICE product_submit.success :: updateStoreProduct :: #17809
2022-06-21T18:09:48+00:00 NOTICE product_submit.success :: updateStoreProduct :: #18058
2022-06-21T18:15:06+00:00 NOTICE action_scheduler.queue_job :: MailChimp_WooCommerce_Single_Product starts in 5 seconds :: obj_id 17602
2022-06-21T18:15:12+00:00 NOTICE product_submit.success :: updateStoreProduct :: #17602
2022-06-21T18:16:03+00:00 NOTICE action_scheduler.queue_job :: MailChimp_WooCommerce_Single_Product starts in 5 seconds :: obj_id 17602
2022-06-21T18:16:16+00:00 NOTICE product_submit.success :: updateStoreProduct :: #17602
2022-06-21T18:16:40+00:00 NOTICE action_scheduler.queue_job :: MailChimp_WooCommerce_Single_Product starts in 5 seconds :: obj_id 17427
2022-06-21T18:16:55+00:00 NOTICE product_submit.success :: updateStoreProduct :: #17427
2022-06-21T18:21:18+00:00 NOTICE action_scheduler.queue_job :: MailChimp_WooCommerce_Single_Product starts in 5 seconds :: obj_id 17042
2022-06-21T18:21:59+00:00 NOTICE product_submit.success :: updateStoreProduct :: #17042
2022-06-21T18:22:16+00:00 NOTICE action_scheduler.queue_job :: MailChimp_WooCommerce_Single_Product starts in 5 seconds :: obj_id 16855
2022-06-21T18:22:56+00:00 NOTICE product_submit.success :: updateStoreProduct :: #16855
2022-06-21T18:23:22+00:00 NOTICE action_scheduler.queue_job :: MailChimp_WooCommerce_Cart_Update queued :: obj_id bf762f625c720a061757c73b30a22ab1
2022-06-21T18:23:33+00:00 NOTICE action_scheduler.queue_job :: MailChimp_WooCommerce_Single_Order starts in 90 seconds :: obj_id 20844
2022-06-21T18:23:46+00:00 NOTICE abandoned_cart.success :: email: james106793355@gmail.com :: checkout_url: https://naturalconexion.com/checkout/?mc_cart_id=bf762f625c720a061757c73b30a22ab1
2022-06-21T18:23:46+00:00 NOTICE cart.member.updated :: Updated james106793355@gmail.com subscriber status to transactional and language to es
2022-06-21T18:25:09+00:00 NOTICE order_sumbit :: #20844 has a financial status of pending and was skipped.
2022-06-21T18:26:22+00:00 NOTICE action_scheduler.queue_job :: MailChimp_WooCommerce_Single_Product starts in 5 seconds :: obj_id 16472
2022-06-21T18:26:51+00:00 NOTICE product_submit.success :: updateStoreProduct :: #16472
2022-06-21T18:30:24+00:00 NOTICE action_scheduler.queue_job :: MailChimp_WooCommerce_Cart_Update queued :: obj_id c23a5751bbe7abe4a17c7acebd364366
2022-06-21T18:30:48+00:00 NOTICE abandoned_cart.success :: email: alejopineda@gmail.com :: checkout_url: https://naturalconexion.com/checkout/?mc_cart_id=c23a5751bbe7abe4a17c7acebd364366
2022-06-21T18:30:49+00:00 NOTICE cart.member.updated :: Updated alejopineda@gmail.com subscriber status to transactional and language to es
2022-06-21T18:31:43+00:00 NOTICE action_scheduler.queue_job :: MailChimp_WooCommerce_Single_Product starts in 5 seconds :: obj_id 16340
2022-06-21T18:31:53+00:00 NOTICE product_submit.success :: updateStoreProduct :: #16340
2022-06-21T18:32:40+00:00 NOTICE action_scheduler.queue_job :: MailChimp_WooCommerce_Single_Order starts in 90 seconds :: obj_id 20849
2022-06-21T18:34:46+00:00 NOTICE order_sumbit :: #20849 has a financial status of pending and was skipped.
2022-06-21T18:34:56+00:00 NOTICE action_scheduler.queue_job :: MailChimp_WooCommerce_Single_Product starts in 5 seconds :: obj_id 16042
2022-06-21T18:35:20+00:00 NOTICE product_submit.success :: updateStoreProduct :: #16042
2022-06-21T18:36:15+00:00 NOTICE action_scheduler.queue_job :: MailChimp_WooCommerce_Single_Product starts in 5 seconds :: obj_id 16039
2022-06-21T18:36:21+00:00 NOTICE action_scheduler.queue_job :: MailChimp_WooCommerce_Single_Product starts in 5 seconds :: obj_id 16042
2022-06-21T18:36:24+00:00 NOTICE product_submit.success :: updateStoreProduct :: #16039
2022-06-21T18:36:27+00:00 NOTICE product_submit.success :: updateStoreProduct :: #16042
2022-06-21T18:41:11+00:00 NOTICE action_scheduler.queue_job :: MailChimp_WooCommerce_Single_Product starts in 5 seconds :: obj_id 16033
2022-06-21T18:41:49+00:00 NOTICE product_submit.success :: updateStoreProduct :: #16033
2022-06-21T18:41:56+00:00 NOTICE action_scheduler.queue_job :: MailChimp_WooCommerce_Single_Product starts in 5 seconds :: obj_id 15867
2022-06-21T18:43:00+00:00 NOTICE product_submit.success :: updateStoreProduct :: #15867
2022-06-21T18:47:02+00:00 NOTICE action_scheduler.queue_job :: MailChimp_WooCommerce_Single_Order starts in 90 seconds :: obj_id 20849
2022-06-21T18:47:05+00:00 NOTICE debug :: Order ID 20849 was pending and is now processing :: Array
(
    [new_order] => 1
    [tracking] => Array
        (
            [campaign_id] => 
            [landing_site] => https://naturalconexion.com/wp-content/plugins/woocommerce-payu-latam/confirmation.php
        )

)

2022-06-21T18:48:58+00:00 NOTICE order.member.updated :: Updated alejopineda@gmail.com subscriber status to subscribed and language to 
2022-06-21T18:48:58+00:00 NOTICE order_submit.success :: addStoreOrder :: #20849 :: email: alejopineda@gmail.com :: landing site https://naturalconexion.com/wp-content/plugins/woocommerce-payu-latam/confirmation.php :: abandoned cart deleted [c23a5751bbe7abe4a17c7acebd364366]
2022-06-21T18:52:32+00:00 NOTICE action_scheduler.queue_job :: MailChimp_WooCommerce_Single_Product starts in 5 seconds :: obj_id 15830
2022-06-21T18:52:48+00:00 NOTICE product_submit.success :: updateStoreProduct :: #15830
2022-06-21T18:53:37+00:00 NOTICE action_scheduler.queue_job :: MailChimp_WooCommerce_Single_Product starts in 5 seconds :: obj_id 15573
2022-06-21T18:53:46+00:00 NOTICE product_submit.success :: updateStoreProduct :: #15573
2022-06-21T18:54:20+00:00 NOTICE action_scheduler.queue_job :: MailChimp_WooCommerce_Single_Product starts in 5 seconds :: obj_id 15830
2022-06-21T18:54:41+00:00 NOTICE action_scheduler.queue_job :: MailChimp_WooCommerce_Single_Product starts in 5 seconds :: obj_id 15567
2022-06-21T18:54:49+00:00 NOTICE product_submit.success :: updateStoreProduct :: #15830
2022-06-21T18:54:49+00:00 NOTICE product_submit.success :: updateStoreProduct :: #15567
2022-06-21T19:05:31+00:00 NOTICE action_scheduler.queue_job :: MailChimp_WooCommerce_Single_Product starts in 5 seconds :: obj_id 14953
2022-06-21T19:06:15+00:00 NOTICE product_submit.success :: updateStoreProduct :: #14953
2022-06-21T19:07:21+00:00 NOTICE action_scheduler.queue_job :: MailChimp_WooCommerce_Single_Product starts in 5 seconds :: obj_id 14953
2022-06-21T19:07:46+00:00 NOTICE product_submit.success :: updateStoreProduct :: #14953
2022-06-21T19:12:49+00:00 NOTICE action_scheduler.queue_job :: MailChimp_WooCommerce_Single_Order starts in 90 seconds :: obj_id 20720
2022-06-21T19:12:53+00:00 NOTICE debug :: Order ID 20720 was cancelled and is now processing :: Array
(
    [new_order] => 
    [tracking] => 
)

2022-06-21T19:14:40+00:00 NOTICE order.member.updated :: Updated manuela.pg95@gmail.com subscriber status to subscribed and language to 
2022-06-21T19:14:40+00:00 NOTICE order_submit.success :: addStoreOrder :: #20720 :: email: manuela.pg95@gmail.com :: landing site https://naturalconexion.com/wp-content/plugins/woocommerce-payu-latam/confirmation.php
2022-06-21T19:17:28+00:00 NOTICE action_scheduler.queue_job :: MailChimp_WooCommerce_Single_Product starts in 5 seconds :: obj_id 14633
2022-06-21T19:17:51+00:00 NOTICE product_submit.success :: updateStoreProduct :: #14633
2022-06-21T19:18:13+00:00 NOTICE action_scheduler.queue_job :: MailChimp_WooCommerce_Single_Product starts in 5 seconds :: obj_id 13117
2022-06-21T19:18:49+00:00 NOTICE product_submit.success :: updateStoreProduct :: #13117
2022-06-21T19:22:07+00:00 NOTICE action_scheduler.queue_job :: MailChimp_WooCommerce_Single_Product starts in 5 seconds :: obj_id 13115
2022-06-21T19:22:30+00:00 NOTICE product_submit.success :: updateStoreProduct :: #13115
2022-06-21T19:25:15+00:00 NOTICE action_scheduler.queue_job :: MailChimp_WooCommerce_Single_Product starts in 5 seconds :: obj_id 13104
2022-06-21T19:25:26+00:00 NOTICE action_scheduler.queue_job :: MailChimp_WooCommerce_SingleCoupon queued :: obj_id 20865
2022-06-21T19:25:40+00:00 NOTICE product_submit.success :: updateStoreProduct :: #13104
2022-06-21T19:25:40+00:00 NOTICE promo_code_submit.success :: #20865 :: code: mbug0n6i
2022-06-21T19:26:16+00:00 NOTICE action_scheduler.queue_job :: MailChimp_WooCommerce_Single_Product starts in 5 seconds :: obj_id 12596
2022-06-21T19:26:22+00:00 NOTICE action_scheduler.queue_job :: MailChimp_WooCommerce_Single_Product starts in 5 seconds :: obj_id 13104
2022-06-21T19:26:46+00:00 NOTICE product_submit.success :: updateStoreProduct :: #12596
2022-06-21T19:26:46+00:00 NOTICE product_submit.success :: updateStoreProduct :: #13104
2022-06-21T19:29:53+00:00 NOTICE action_scheduler.queue_job :: MailChimp_WooCommerce_Single_Product starts in 5 seconds :: obj_id 12504
2022-06-21T19:30:09+00:00 NOTICE product_submit.success :: updateStoreProduct :: #12504
2022-06-21T19:30:12+00:00 NOTICE action_scheduler.queue_job :: MailChimp_WooCommerce_Single_Product starts in 5 seconds :: obj_id 12497
2022-06-21T19:30:19+00:00 NOTICE product_submit.success :: updateStoreProduct :: #12497
2022-06-21T19:31:39+00:00 NOTICE action_scheduler.queue_job :: MailChimp_WooCommerce_Single_Product starts in 5 seconds :: obj_id 12497
2022-06-21T19:31:56+00:00 NOTICE product_submit.success :: updateStoreProduct :: #12497
2022-06-21T19:32:08+00:00 NOTICE action_scheduler.queue_job :: MailChimp_WooCommerce_Single_Order starts in 90 seconds :: obj_id 20844
2022-06-21T19:32:08+00:00 NOTICE debug :: Order ID 20844 was pending and is now cancelled :: Array
(
    [new_order] => 
    [tracking] => 
)

2022-06-21T19:33:55+00:00 NOTICE order_sumbit :: #20844 has a financial status of cancelled and was skipped.
2022-06-21T19:35:59+00:00 NOTICE action_scheduler.queue_job :: MailChimp_WooCommerce_Single_Product starts in 5 seconds :: obj_id 11829
2022-06-21T19:36:34+00:00 NOTICE product_submit.success :: updateStoreProduct :: #11829
2022-06-21T19:36:48+00:00 NOTICE action_scheduler.queue_job :: MailChimp_WooCommerce_Single_Product starts in 5 seconds :: obj_id 11827
2022-06-21T19:37:39+00:00 NOTICE product_submit.success :: updateStoreProduct :: #11827
2022-06-21T20:56:05+00:00 NOTICE action_scheduler.queue_job :: MailChimp_WooCommerce_Cart_Update queued :: obj_id a18e40632ab148f01b7489fd5bea7e0d
2022-06-21T20:56:44+00:00 NOTICE abandoned_cart.success :: email: xiomaramp@gmail.com :: checkout_url: https://naturalconexion.com/checkout/?mc_cart_id=a18e40632ab148f01b7489fd5bea7e0d
2022-06-21T20:56:45+00:00 NOTICE cart.member.updated :: Updated xiomaramp@gmail.com subscriber status to transactional and language to es
2022-06-21T20:58:37+00:00 NOTICE action_scheduler.queue_job :: MailChimp_WooCommerce_Single_Order starts in 90 seconds :: obj_id 20872
2022-06-21T21:00:56+00:00 NOTICE order_sumbit :: #20872 has a financial status of pending and was skipped.
2022-06-21T21:05:02+00:00 NOTICE action_scheduler.queue_job :: MailChimp_WooCommerce_Single_Order starts in 90 seconds :: obj_id 20872
2022-06-21T21:05:05+00:00 NOTICE debug :: Order ID 20872 was pending and is now processing :: Array
(
    [new_order] => 1
    [tracking] => Array
        (
            [campaign_id] => 
            [landing_site] => https://naturalconexion.com/wp-content/plugins/woocommerce-payu-latam/confirmation.php
        )

)

2022-06-21T21:06:51+00:00 NOTICE order.member.updated :: Updated Xiomaramp@gmail.com subscriber status to subscribed and language to 
2022-06-21T21:06:51+00:00 NOTICE order_submit.success :: addStoreOrder :: #20872 :: email: Xiomaramp@gmail.com :: landing site https://naturalconexion.com/wp-content/plugins/woocommerce-payu-latam/confirmation.php :: abandoned cart deleted [a18e40632ab148f01b7489fd5bea7e0d]
2022-06-21T21:40:50+00:00 NOTICE action_scheduler.queue_job :: MailChimp_WooCommerce_Cart_Update queued :: obj_id 52a55e61c005aa714a677deaaafd38cb
2022-06-21T21:40:52+00:00 NOTICE abandoned_cart.success :: email: tabares.yepes@gmail.com :: checkout_url: https://naturalconexion.com/checkout/?mc_cart_id=52a55e61c005aa714a677deaaafd38cb
2022-06-21T21:40:52+00:00 NOTICE cart.member.updated :: Updated tabares.yepes@gmail.com subscriber status to subscribed and language to es
2022-06-21T21:42:12+00:00 NOTICE action_scheduler.queue_job :: MailChimp_WooCommerce_Cart_Update queued :: obj_id 52a55e61c005aa714a677deaaafd38cb
2022-06-21T21:42:53+00:00 NOTICE abandoned_cart.success :: email: tabares.yepes@gmail.com :: checkout_url: https://naturalconexion.com/checkout/?mc_cart_id=52a55e61c005aa714a677deaaafd38cb
2022-06-21T22:44:50+00:00 NOTICE action_scheduler.queue_job :: MailChimp_WooCommerce_SingleCoupon queued :: obj_id 20873
2022-06-21T22:46:16+00:00 NOTICE promo_code_submit.success :: #20873 :: code: xcnjpedf
