2022-01-20T01:01:01+00:00 NOTICE action_scheduler.queue_job :: MailChimp_WooCommerce_Cart_Update queued :: obj_id 0d2edd816a44fcc03dd213a1955a45c9
2022-01-20T01:01:27+00:00 NOTICE abandoned_cart.success :: email: emilyyo2002@gmail.com :: checkout_url: https://naturalconexion.com/checkout/?mc_cart_id=0d2edd816a44fcc03dd213a1955a45c9
2022-01-20T01:01:28+00:00 NOTICE cart.member.updated :: Updated emilyyo2002@gmail.com subscriber status to subscribed and language to es
2022-01-20T01:04:59+00:00 NOTICE action_scheduler.queue_job :: MailChimp_WooCommerce_Cart_Update queued :: obj_id 0d2edd816a44fcc03dd213a1955a45c9
2022-01-20T01:05:21+00:00 NOTICE abandoned_cart.success :: email: emilyyo2002@gmail.com :: checkout_url: https://naturalconexion.com/checkout/?mc_cart_id=0d2edd816a44fcc03dd213a1955a45c9
2022-01-20T01:05:23+00:00 NOTICE action_scheduler.queue_job :: MailChimp_WooCommerce_Cart_Update queued :: obj_id 0d2edd816a44fcc03dd213a1955a45c9
2022-01-20T01:06:29+00:00 NOTICE abandoned_cart.success :: email: emilyyo2002@gmail.com :: checkout_url: https://naturalconexion.com/checkout/?mc_cart_id=0d2edd816a44fcc03dd213a1955a45c9
2022-01-20T01:06:40+00:00 NOTICE action_scheduler.queue_job :: MailChimp_WooCommerce_Cart_Update queued :: obj_id 0d2edd816a44fcc03dd213a1955a45c9
2022-01-20T01:07:25+00:00 NOTICE abandoned_cart.success :: email: emilyyo2002@gmail.com :: checkout_url: https://naturalconexion.com/checkout/?mc_cart_id=0d2edd816a44fcc03dd213a1955a45c9
2022-01-20T01:07:41+00:00 NOTICE action_scheduler.queue_job :: MailChimp_WooCommerce_Cart_Update queued :: obj_id 0d2edd816a44fcc03dd213a1955a45c9
2022-01-20T01:08:47+00:00 NOTICE abandoned_cart.success :: email: emilyyo2002@gmail.com :: checkout_url: https://naturalconexion.com/checkout/?mc_cart_id=0d2edd816a44fcc03dd213a1955a45c9
2022-01-20T01:10:26+00:00 NOTICE action_scheduler.queue_job :: MailChimp_WooCommerce_Cart_Update queued :: obj_id 0d2edd816a44fcc03dd213a1955a45c9
2022-01-20T01:11:28+00:00 NOTICE abandoned_cart.success :: email: emilyyo2002@gmail.com :: checkout_url: https://naturalconexion.com/checkout/?mc_cart_id=0d2edd816a44fcc03dd213a1955a45c9
2022-01-20T01:16:39+00:00 NOTICE action_scheduler.queue_job :: MailChimp_WooCommerce_Cart_Update queued :: obj_id 0d2edd816a44fcc03dd213a1955a45c9
2022-01-20T01:17:25+00:00 NOTICE abandoned_cart.success :: email: emilyyo2002@gmail.com :: checkout_url: https://naturalconexion.com/checkout/?mc_cart_id=0d2edd816a44fcc03dd213a1955a45c9
2022-01-20T01:18:27+00:00 NOTICE action_scheduler.queue_job :: MailChimp_WooCommerce_Cart_Update queued :: obj_id 53d44335d26237701e1c2df8eb489d86
2022-01-20T01:18:28+00:00 NOTICE abandoned_cart.success :: email: lesly-juliethmg@hotmail.com :: checkout_url: https://naturalconexion.com/checkout/?mc_cart_id=53d44335d26237701e1c2df8eb489d86
2022-01-20T01:18:29+00:00 NOTICE cart.member.updated :: Updated lesly-juliethmg@hotmail.com subscriber status to transactional and language to es
2022-01-20T01:21:18+00:00 NOTICE action_scheduler.queue_job :: MailChimp_WooCommerce_Single_Order starts in 90 seconds :: obj_id 18379
2022-01-20T01:23:31+00:00 NOTICE order_sumbit :: #18379 has a financial status of pending and was skipped.
2022-01-20T01:24:25+00:00 NOTICE action_scheduler.queue_job :: MailChimp_WooCommerce_Single_Order starts in 90 seconds :: obj_id 18379
2022-01-20T01:24:28+00:00 NOTICE debug :: Order ID 18379 was pending and is now processing :: Array
(
    [new_order] => 1
    [tracking] => Array
        (
            [campaign_id] => 
            [landing_site] => https://naturalconexion.com/wp-admin/admin-ajax.php
        )

)

2022-01-20T01:26:25+00:00 NOTICE order.member.updated :: Updated lesly-juliethmg@hotmail.com subscriber status to subscribed and language to 
2022-01-20T01:26:25+00:00 NOTICE order_submit.success :: addStoreOrder :: #18379 :: email: lesly-juliethmg@hotmail.com :: landing site https://naturalconexion.com/wp-admin/admin-ajax.php :: abandoned cart deleted [53d44335d26237701e1c2df8eb489d86]
2022-01-20T03:16:48+00:00 NOTICE action_scheduler.queue_job :: MailChimp_WooCommerce_Single_Order starts in 90 seconds :: obj_id 18380
2022-01-20T03:19:43+00:00 NOTICE order_sumbit :: #18380 has a financial status of pending and was skipped.
2022-01-20T04:36:00+00:00 NOTICE action_scheduler.queue_job :: MailChimp_WooCommerce_Single_Order starts in 90 seconds :: obj_id 18380
2022-01-20T04:36:00+00:00 NOTICE debug :: Order ID 18380 was pending and is now cancelled :: Array
(
    [new_order] => 
    [tracking] => 
)

2022-01-20T04:39:15+00:00 NOTICE order_sumbit :: #18380 has a financial status of cancelled and was skipped.
2022-01-20T10:40:59+00:00 NOTICE action_scheduler.queue_job :: MailChimp_WooCommerce_Single_Order starts in 90 seconds :: obj_id 18381
2022-01-20T10:42:52+00:00 NOTICE debug :: Order ID 18381 was pending and is now processing :: Array
(
    [new_order] => 1
    [tracking] => Array
        (
            [campaign_id] => 
            [landing_site] => https://naturalconexion.com/wp-admin/admin-ajax.php
        )

)

2022-01-20T10:45:37+00:00 NOTICE order.member.updated :: Updated vaz_022@hotmail.com subscriber status to subscribed and language to es
2022-01-20T10:45:37+00:00 NOTICE order_submit.success :: addStoreOrder :: #18381 :: email: vaz_022@hotmail.com :: landing site https://naturalconexion.com/wp-admin/admin-ajax.php
2022-01-20T12:25:52+00:00 NOTICE action_scheduler.queue_job :: MailChimp_WooCommerce_Cart_Update queued :: obj_id a9948b28aa3e9f2bc63b2685ebdbc081
2022-01-20T12:26:33+00:00 NOTICE abandoned_cart.success :: email: catazea@hotmail.com :: checkout_url: https://naturalconexion.com/checkout/?mc_cart_id=a9948b28aa3e9f2bc63b2685ebdbc081
2022-01-20T12:26:35+00:00 NOTICE cart.member.updated :: Updated catazea@hotmail.com subscriber status to subscribed and language to es
2022-01-20T12:27:08+00:00 NOTICE action_scheduler.queue_job :: MailChimp_WooCommerce_Cart_Update queued :: obj_id a9948b28aa3e9f2bc63b2685ebdbc081
2022-01-20T12:27:25+00:00 NOTICE abandoned_cart.success :: email: catazea@hotmail.com :: checkout_url: https://naturalconexion.com/checkout/?mc_cart_id=a9948b28aa3e9f2bc63b2685ebdbc081
2022-01-20T12:27:31+00:00 NOTICE action_scheduler.queue_job :: MailChimp_WooCommerce_Cart_Update queued :: obj_id a9948b28aa3e9f2bc63b2685ebdbc081
2022-01-20T12:27:33+00:00 NOTICE abandoned_cart.success :: email: catazea@hotmail.com :: checkout_url: https://naturalconexion.com/checkout/?mc_cart_id=a9948b28aa3e9f2bc63b2685ebdbc081
2022-01-20T12:29:20+00:00 NOTICE action_scheduler.queue_job :: MailChimp_WooCommerce_Single_Order starts in 90 seconds :: obj_id 18382
2022-01-20T12:31:06+00:00 NOTICE order_sumbit :: #18382 has a financial status of pending and was skipped.
2022-01-20T12:31:31+00:00 NOTICE action_scheduler.queue_job :: MailChimp_WooCommerce_Single_Order starts in 90 seconds :: obj_id 18382
2022-01-20T12:31:33+00:00 NOTICE debug :: Order ID 18382 was pending and is now processing :: Array
(
    [new_order] => 1
    [tracking] => Array
        (
            [campaign_id] => 
            [landing_site] => https://naturalconexion.com/wp-admin/admin-ajax.php
        )

)

2022-01-20T12:33:31+00:00 NOTICE order.member.updated :: Updated catazea@hotmail.com subscriber status to subscribed and language to 
2022-01-20T12:33:31+00:00 NOTICE order_submit.success :: addStoreOrder :: #18382 :: email: catazea@hotmail.com :: landing site https://naturalconexion.com/wp-admin/admin-ajax.php
2022-01-20T12:34:16+00:00 NOTICE action_scheduler.queue_job :: MailChimp_WooCommerce_User_Submit queued :: obj_id 1
2022-01-20T12:34:20+00:00 ERROR member.sync :: hola@naturalconexion.com :: Error Code 400 :: hola@naturalconexion.com is in a compliance state due to unsubscribe, bounce, or compliance review and cannot be subscribed. on 1898 in /home/forge/naturalconexion.com/wp-content/plugins/mailchimp-for-woocommerce/includes/api/class-mailchimp-api.php
2022-01-20T12:38:01+00:00 NOTICE action_scheduler.queue_job :: MailChimp_WooCommerce_Single_Product starts in 5 seconds :: obj_id 7605
2022-01-20T12:38:22+00:00 NOTICE product_submit.success :: updateStoreProduct :: #7605
2022-01-20T12:48:50+00:00 NOTICE action_scheduler.queue_job :: MailChimp_WooCommerce_Single_Order starts in 90 seconds :: obj_id 18384
2022-01-20T12:50:22+00:00 NOTICE order_sumbit :: #18384 has a financial status of pending and was skipped.
2022-01-20T12:51:12+00:00 NOTICE action_scheduler.queue_job :: MailChimp_WooCommerce_Single_Order starts in 90 seconds :: obj_id 18384
2022-01-20T12:51:14+00:00 NOTICE debug :: Order ID 18384 was pending and is now processing :: Array
(
    [new_order] => 1
    [tracking] => Array
        (
            [campaign_id] => 
            [landing_site] => https://naturalconexion.com/wp-admin/admin-ajax.php
        )

)

2022-01-20T12:53:38+00:00 NOTICE order.member.updated :: Updated aleja589@hotmail.com subscriber status to subscribed and language to 
2022-01-20T12:53:38+00:00 NOTICE order_submit.success :: addStoreOrder :: #18384 :: email: aleja589@hotmail.com :: landing site https://naturalconexion.com/wp-admin/admin-ajax.php
2022-01-20T12:57:17+00:00 NOTICE action_scheduler.queue_job :: MailChimp_WooCommerce_Cart_Update queued :: obj_id 0d2edd816a44fcc03dd213a1955a45c9
2022-01-20T12:57:21+00:00 NOTICE abandoned_cart.success :: email: emilyyo2002@gmail.com :: checkout_url: https://naturalconexion.com/checkout/?mc_cart_id=0d2edd816a44fcc03dd213a1955a45c9
2022-01-20T12:57:22+00:00 NOTICE cart.member.updated :: Updated emilyyo2002@gmail.com subscriber status to subscribed and language to es
2022-01-20T13:09:17+00:00 NOTICE action_scheduler.queue_job :: MailChimp_WooCommerce_Cart_Update queued :: obj_id 0d2edd816a44fcc03dd213a1955a45c9
2022-01-20T13:09:24+00:00 NOTICE abandoned_cart.success :: email: emilyyo2002@gmail.com :: checkout_url: https://naturalconexion.com/checkout/?mc_cart_id=0d2edd816a44fcc03dd213a1955a45c9
2022-01-20T13:09:32+00:00 NOTICE action_scheduler.queue_job :: MailChimp_WooCommerce_Cart_Update queued :: obj_id 0d2edd816a44fcc03dd213a1955a45c9
2022-01-20T13:10:04+00:00 NOTICE abandoned_cart.success :: email: emilyyo2002@gmail.com :: checkout_url: https://naturalconexion.com/checkout/?mc_cart_id=0d2edd816a44fcc03dd213a1955a45c9
2022-01-20T13:10:15+00:00 NOTICE action_scheduler.queue_job :: MailChimp_WooCommerce_Cart_Update queued :: obj_id 0d2edd816a44fcc03dd213a1955a45c9
2022-01-20T13:10:22+00:00 NOTICE abandoned_cart.success :: email: emilyyo2002@gmail.com :: checkout_url: https://naturalconexion.com/checkout/?mc_cart_id=0d2edd816a44fcc03dd213a1955a45c9
2022-01-20T13:47:23+00:00 NOTICE action_scheduler.queue_job :: MailChimp_WooCommerce_Single_Product starts in 5 seconds :: obj_id 7597
2022-01-20T13:48:28+00:00 NOTICE product_submit.success :: updateStoreProduct :: #7597
2022-01-20T13:55:13+00:00 NOTICE action_scheduler.queue_job :: MailChimp_WooCommerce_Cart_Update queued :: obj_id 08622ba4c0c28a3a16508948ec303b91
2022-01-20T13:55:25+00:00 NOTICE abandoned_cart.success :: email: angelicamor87@gmail.com :: checkout_url: https://naturalconexion.com/checkout/?mc_cart_id=08622ba4c0c28a3a16508948ec303b91
2022-01-20T13:55:27+00:00 NOTICE cart.member.updated :: Updated angelicamor87@gmail.com subscriber status to transactional and language to es
2022-01-20T13:56:33+00:00 NOTICE action_scheduler.queue_job :: MailChimp_WooCommerce_Single_Product starts in 5 seconds :: obj_id 7469
2022-01-20T13:57:19+00:00 NOTICE product_submit.success :: updateStoreProduct :: #7469
2022-01-20T14:11:55+00:00 NOTICE action_scheduler.queue_job :: MailChimp_WooCommerce_Single_Product starts in 5 seconds :: obj_id 18385
2022-01-20T14:12:21+00:00 NOTICE product_submit.success :: addStoreProduct :: #18385
2022-01-20T14:14:16+00:00 NOTICE action_scheduler.queue_job :: MailChimp_WooCommerce_Single_Product starts in 5 seconds :: obj_id 17297
2022-01-20T14:14:28+00:00 NOTICE product_submit.success :: updateStoreProduct :: #17297
2022-01-20T14:20:55+00:00 NOTICE action_scheduler.queue_job :: MailChimp_WooCommerce_Cart_Update queued :: obj_id 3fc826ca55e8cafa1b0bac8bce7a042a
2022-01-20T14:21:22+00:00 NOTICE abandoned_cart.success :: email: asloroal13@gmail.com :: checkout_url: https://naturalconexion.com/checkout/?mc_cart_id=3fc826ca55e8cafa1b0bac8bce7a042a
2022-01-20T14:21:31+00:00 NOTICE cart.member.updated :: Updated asloroal13@gmail.com subscriber status to transactional and language to es
2022-01-20T14:23:27+00:00 NOTICE action_scheduler.queue_job :: MailChimp_WooCommerce_Single_Order starts in 90 seconds :: obj_id 18389
2022-01-20T14:26:04+00:00 NOTICE order_sumbit :: #18389 has a financial status of pending and was skipped.
2022-01-20T14:27:35+00:00 NOTICE action_scheduler.queue_job :: MailChimp_WooCommerce_Single_Product starts in 5 seconds :: obj_id 17297
2022-01-20T14:28:07+00:00 NOTICE action_scheduler.queue_job :: MailChimp_WooCommerce_Single_Order starts in 90 seconds :: obj_id 18389
2022-01-20T14:28:09+00:00 NOTICE debug :: Order ID 18389 was pending and is now processing :: Array
(
    [new_order] => 1
    [tracking] => Array
        (
            [campaign_id] => 
            [landing_site] => https://naturalconexion.com/wp-admin/admin-ajax.php
        )

)

2022-01-20T14:28:20+00:00 NOTICE product_submit.success :: updateStoreProduct :: #17297
2022-01-20T14:29:03+00:00 NOTICE action_scheduler.queue_job :: MailChimp_WooCommerce_Single_Product starts in 5 seconds :: obj_id 18385
2022-01-20T14:29:26+00:00 NOTICE product_submit.success :: updateStoreProduct :: #18385
2022-01-20T14:30:33+00:00 NOTICE order.member.updated :: Updated asloroal13@gmail.com subscriber status to transactional and language to 
2022-01-20T14:30:33+00:00 NOTICE order_submit.success :: addStoreOrder :: #18389 :: email: asloroal13@gmail.com :: landing site https://naturalconexion.com/wp-admin/admin-ajax.php :: abandoned cart deleted [3fc826ca55e8cafa1b0bac8bce7a042a]
2022-01-20T14:44:47+00:00 NOTICE action_scheduler.queue_job :: MailChimp_WooCommerce_Cart_Update queued :: obj_id aed776d1f54e172289f920a2a10777ac
2022-01-20T14:45:14+00:00 NOTICE abandoned_cart.success :: email: mariajannethvalencia@gmail.com :: checkout_url: https://naturalconexion.com/checkout/?mc_cart_id=aed776d1f54e172289f920a2a10777ac
2022-01-20T14:45:15+00:00 NOTICE cart.member.updated :: Updated mariajannethvalencia@gmail.com subscriber status to subscribed and language to es
2022-01-20T14:45:16+00:00 NOTICE action_scheduler.queue_job :: MailChimp_WooCommerce_Single_Order starts in 90 seconds :: obj_id 18390
2022-01-20T14:47:19+00:00 NOTICE order_sumbit :: #18390 has a financial status of pending and was skipped.
2022-01-20T14:48:35+00:00 NOTICE action_scheduler.queue_job :: MailChimp_WooCommerce_Single_Order starts in 90 seconds :: obj_id 18390
2022-01-20T14:48:37+00:00 NOTICE debug :: Order ID 18390 was pending and is now processing :: Array
(
    [new_order] => 1
    [tracking] => Array
        (
            [campaign_id] => 
            [landing_site] => https://naturalconexion.com/wp-admin/admin-ajax.php
        )

)

2022-01-20T14:49:26+00:00 NOTICE action_scheduler.queue_job :: MailChimp_WooCommerce_Cart_Update queued :: obj_id 2742ea5930fc737329aadf62fcdae266
2022-01-20T14:49:50+00:00 NOTICE abandoned_cart.success :: email: natacalle3624@gmail.com :: checkout_url: https://naturalconexion.com/checkout/?mc_cart_id=2742ea5930fc737329aadf62fcdae266
2022-01-20T14:49:50+00:00 NOTICE cart.member.updated :: Updated natacalle3624@gmail.com subscriber status to transactional and language to es
2022-01-20T14:50:25+00:00 NOTICE order.member.updated :: Updated mariajannethvalencia@gmail.com subscriber status to subscribed and language to 
2022-01-20T14:50:25+00:00 NOTICE order_submit.success :: addStoreOrder :: #18390 :: email: mariajannethvalencia@gmail.com :: landing site https://naturalconexion.com/wp-admin/admin-ajax.php :: abandoned cart deleted [aed776d1f54e172289f920a2a10777ac]
2022-01-20T15:31:09+00:00 NOTICE action_scheduler.queue_job :: MailChimp_WooCommerce_Single_Order starts in 90 seconds :: obj_id 18375
2022-01-20T15:31:10+00:00 NOTICE debug :: Order ID 18375 was processing and is now completed :: Array
(
    [new_order] => 
    [tracking] => 
)

2022-01-20T15:31:11+00:00 NOTICE action_scheduler.queue_job :: MailChimp_WooCommerce_Single_Order starts in 90 seconds :: obj_id 18377
2022-01-20T15:31:11+00:00 NOTICE debug :: Order ID 18377 was processing and is now completed :: Array
(
    [new_order] => 
    [tracking] => 
)

2022-01-20T15:31:11+00:00 NOTICE action_scheduler.queue_job :: MailChimp_WooCommerce_Single_Order starts in 90 seconds :: obj_id 18378
2022-01-20T15:31:12+00:00 NOTICE debug :: Order ID 18378 was processing and is now completed :: Array
(
    [new_order] => 
    [tracking] => 
)

2022-01-20T15:31:12+00:00 NOTICE action_scheduler.queue_job :: MailChimp_WooCommerce_Single_Order starts in 90 seconds :: obj_id 18379
2022-01-20T15:31:13+00:00 NOTICE debug :: Order ID 18379 was processing and is now completed :: Array
(
    [new_order] => 
    [tracking] => 
)

2022-01-20T15:31:13+00:00 NOTICE action_scheduler.queue_job :: MailChimp_WooCommerce_Single_Order starts in 90 seconds :: obj_id 18381
2022-01-20T15:31:14+00:00 NOTICE debug :: Order ID 18381 was processing and is now completed :: Array
(
    [new_order] => 
    [tracking] => 
)

2022-01-20T15:31:14+00:00 NOTICE action_scheduler.queue_job :: MailChimp_WooCommerce_Single_Order starts in 90 seconds :: obj_id 18382
2022-01-20T15:31:15+00:00 NOTICE debug :: Order ID 18382 was processing and is now completed :: Array
(
    [new_order] => 
    [tracking] => 
)

2022-01-20T15:31:15+00:00 NOTICE action_scheduler.queue_job :: MailChimp_WooCommerce_Single_Order starts in 90 seconds :: obj_id 18384
2022-01-20T15:31:16+00:00 NOTICE debug :: Order ID 18384 was processing and is now completed :: Array
(
    [new_order] => 
    [tracking] => 
)

2022-01-20T15:31:16+00:00 NOTICE action_scheduler.queue_job :: MailChimp_WooCommerce_Single_Order starts in 90 seconds :: obj_id 18389
2022-01-20T15:31:17+00:00 NOTICE debug :: Order ID 18389 was processing and is now completed :: Array
(
    [new_order] => 
    [tracking] => 
)

2022-01-20T15:31:17+00:00 NOTICE action_scheduler.queue_job :: MailChimp_WooCommerce_Single_Order starts in 90 seconds :: obj_id 18390
2022-01-20T15:31:18+00:00 NOTICE debug :: Order ID 18390 was processing and is now completed :: Array
(
    [new_order] => 
    [tracking] => 
)

2022-01-20T15:33:31+00:00 NOTICE order.member.updated :: Updated 19milenasarah99@gmail.com subscriber status to transactional and language to 
2022-01-20T15:33:31+00:00 NOTICE order_submit.success :: updateStoreOrder :: #18375 :: email: 19milenasarah99@gmail.com
2022-01-20T15:33:34+00:00 NOTICE order.member.updated :: Updated lina-bernal08@hotmail.com subscriber status to subscribed and language to 
2022-01-20T15:33:34+00:00 NOTICE order_submit.success :: updateStoreOrder :: #18377 :: email: lina-bernal08@hotmail.com
2022-01-20T15:33:37+00:00 NOTICE order.member.updated :: Updated jips56@hotmail.com subscriber status to transactional and language to 
2022-01-20T15:33:37+00:00 NOTICE order_submit.success :: updateStoreOrder :: #18378 :: email: jips56@hotmail.com
2022-01-20T15:33:41+00:00 NOTICE order.member.updated :: Updated lesly-juliethmg@hotmail.com subscriber status to subscribed and language to 
2022-01-20T15:33:41+00:00 NOTICE order_submit.success :: updateStoreOrder :: #18379 :: email: lesly-juliethmg@hotmail.com
2022-01-20T15:33:43+00:00 NOTICE order.member.updated :: Updated vaz_022@hotmail.com subscriber status to subscribed and language to 
2022-01-20T15:33:43+00:00 NOTICE order_submit.success :: updateStoreOrder :: #18381 :: email: vaz_022@hotmail.com
2022-01-20T15:33:46+00:00 NOTICE order.member.updated :: Updated catazea@hotmail.com subscriber status to subscribed and language to 
2022-01-20T15:33:46+00:00 NOTICE order_submit.success :: updateStoreOrder :: #18382 :: email: catazea@hotmail.com
2022-01-20T15:33:48+00:00 NOTICE order.member.updated :: Updated aleja589@hotmail.com subscriber status to subscribed and language to 
2022-01-20T15:33:48+00:00 NOTICE order_submit.success :: updateStoreOrder :: #18384 :: email: aleja589@hotmail.com
2022-01-20T15:33:51+00:00 NOTICE order.member.updated :: Updated asloroal13@gmail.com subscriber status to transactional and language to 
2022-01-20T15:33:51+00:00 NOTICE order_submit.success :: updateStoreOrder :: #18389 :: email: asloroal13@gmail.com
2022-01-20T15:34:39+00:00 NOTICE order.member.updated :: Updated mariajannethvalencia@gmail.com subscriber status to subscribed and language to 
2022-01-20T15:34:39+00:00 NOTICE order_submit.success :: updateStoreOrder :: #18390 :: email: mariajannethvalencia@gmail.com
2022-01-20T15:56:49+00:00 NOTICE action_scheduler.queue_job :: MailChimp_WooCommerce_Cart_Update queued :: obj_id d7c12d909efd91c278d4147c7605329e
2022-01-20T15:56:51+00:00 NOTICE abandoned_cart.success :: email: mariposalyla@gmail.com :: checkout_url: https://naturalconexion.com/checkout/?mc_cart_id=d7c12d909efd91c278d4147c7605329e
2022-01-20T15:56:53+00:00 NOTICE cart.member.updated :: Updated mariposalyla@gmail.com subscriber status to subscribed and language to es
2022-01-20T16:01:43+00:00 NOTICE action_scheduler.queue_job :: MailChimp_WooCommerce_Single_Order starts in 90 seconds :: obj_id 18391
2022-01-20T16:03:26+00:00 NOTICE order_sumbit :: #18391 has a financial status of pending and was skipped.
2022-01-20T16:03:55+00:00 NOTICE action_scheduler.queue_job :: MailChimp_WooCommerce_Cart_Update queued :: obj_id 0d2edd816a44fcc03dd213a1955a45c9
2022-01-20T16:03:58+00:00 NOTICE action_scheduler.queue_job :: MailChimp_WooCommerce_Single_Product starts in 5 seconds :: obj_id 18385
2022-01-20T16:04:09+00:00 NOTICE abandoned_cart.success :: email: emilyyo2002@gmail.com :: checkout_url: https://naturalconexion.com/checkout/?mc_cart_id=0d2edd816a44fcc03dd213a1955a45c9
2022-01-20T16:04:09+00:00 NOTICE cart.member.updated :: Updated emilyyo2002@gmail.com subscriber status to subscribed and language to es
2022-01-20T16:04:09+00:00 NOTICE product_submit.success :: updateStoreProduct :: #18385
2022-01-20T16:05:13+00:00 NOTICE action_scheduler.queue_job :: MailChimp_WooCommerce_Single_Product starts in 5 seconds :: obj_id 7605
2022-01-20T16:05:20+00:00 NOTICE product_submit.success :: updateStoreProduct :: #7605
2022-01-20T16:06:05+00:00 NOTICE action_scheduler.queue_job :: MailChimp_WooCommerce_Single_Order starts in 90 seconds :: obj_id 18391
2022-01-20T16:06:06+00:00 NOTICE action_scheduler.queue_job :: MailChimp_WooCommerce_Single_Product starts in 5 seconds :: obj_id 7597
2022-01-20T16:06:07+00:00 NOTICE debug :: Order ID 18391 was pending and is now processing :: Array
(
    [new_order] => 1
    [tracking] => Array
        (
            [campaign_id] => 
            [landing_site] => https://naturalconexion.com/wp-admin/admin-ajax.php
        )

)

2022-01-20T16:06:18+00:00 NOTICE product_submit.success :: updateStoreProduct :: #7597
2022-01-20T16:06:34+00:00 NOTICE action_scheduler.queue_job :: MailChimp_WooCommerce_Single_Product starts in 5 seconds :: obj_id 7597
2022-01-20T16:07:24+00:00 NOTICE product_submit.success :: updateStoreProduct :: #7597
2022-01-20T16:08:07+00:00 NOTICE order.member.updated :: Updated mariposalyla@gmail.com subscriber status to subscribed and language to 
2022-01-20T16:08:07+00:00 NOTICE order_submit.success :: addStoreOrder :: #18391 :: email: mariposalyla@gmail.com :: landing site https://naturalconexion.com/wp-admin/admin-ajax.php :: abandoned cart deleted [d7c12d909efd91c278d4147c7605329e]
2022-01-20T16:42:48+00:00 NOTICE action_scheduler.queue_job :: MailChimp_WooCommerce_Single_Order starts in 90 seconds :: obj_id 18392
2022-01-20T16:42:51+00:00 NOTICE debug :: Order ID 18392 was pending and is now processing :: Array
(
    [new_order] => 1
    [tracking] => Array
        (
            [campaign_id] => 
            [landing_site] => https://naturalconexion.com/wp-admin/admin-ajax.php
        )

)

2022-01-20T16:44:32+00:00 NOTICE order.member.updated :: Updated diannafine@hotmail.com subscriber status to subscribed and language to es
2022-01-20T16:44:32+00:00 NOTICE order_submit.success :: addStoreOrder :: #18392 :: email: diannafine@hotmail.com :: landing site https://naturalconexion.com/wp-admin/admin-ajax.php
2022-01-20T17:41:16+00:00 NOTICE action_scheduler.queue_job :: MailChimp_WooCommerce_Cart_Update queued :: obj_id abe556451efa234aea70f9ed9891aa5b
2022-01-20T17:41:23+00:00 NOTICE abandoned_cart.success :: email: karenjmarroquin8715@gmail.com :: checkout_url: https://naturalconexion.com/checkout/?mc_cart_id=abe556451efa234aea70f9ed9891aa5b
2022-01-20T17:41:24+00:00 NOTICE cart.member.updated :: Updated karenjmarroquin8715@gmail.com subscriber status to transactional and language to es
2022-01-20T17:44:46+00:00 NOTICE action_scheduler.queue_job :: MailChimp_WooCommerce_Cart_Update queued :: obj_id abe556451efa234aea70f9ed9891aa5b
2022-01-20T17:44:49+00:00 NOTICE abandoned_cart.success :: email: karenjmarroquin8715@gmail.com :: checkout_url: https://naturalconexion.com/checkout/?mc_cart_id=abe556451efa234aea70f9ed9891aa5b
2022-01-20T17:48:28+00:00 NOTICE action_scheduler.queue_job :: MailChimp_WooCommerce_Cart_Update queued :: obj_id abe556451efa234aea70f9ed9891aa5b
2022-01-20T17:48:57+00:00 NOTICE abandoned_cart.success :: email: karenjmarroquin8715@gmail.com :: checkout_url: https://naturalconexion.com/checkout/?mc_cart_id=abe556451efa234aea70f9ed9891aa5b
2022-01-20T17:49:27+00:00 NOTICE action_scheduler.queue_job :: MailChimp_WooCommerce_Cart_Update queued :: obj_id abe556451efa234aea70f9ed9891aa5b
2022-01-20T17:49:37+00:00 NOTICE action_scheduler.queue_job :: MailChimp_WooCommerce_Single_Order starts in 90 seconds :: obj_id 18393
2022-01-20T17:50:07+00:00 NOTICE abandoned_cart.success :: email: karenjmarroquin8715@gmail.com :: checkout_url: https://naturalconexion.com/checkout/?mc_cart_id=abe556451efa234aea70f9ed9891aa5b
2022-01-20T17:51:12+00:00 NOTICE order_sumbit :: #18393 has a financial status of pending and was skipped.
2022-01-20T17:52:52+00:00 NOTICE action_scheduler.queue_job :: MailChimp_WooCommerce_Single_Order starts in 90 seconds :: obj_id 18393
2022-01-20T17:52:55+00:00 NOTICE debug :: Order ID 18393 was pending and is now processing :: Array
(
    [new_order] => 1
    [tracking] => Array
        (
            [campaign_id] => 
            [landing_site] => https://naturalconexion.com/wp-admin/admin-ajax.php
        )

)

2022-01-20T17:55:42+00:00 NOTICE order.member.updated :: Updated karenjmarroquin8715@gmail.com subscriber status to transactional and language to 
2022-01-20T17:55:42+00:00 NOTICE order_submit.success :: addStoreOrder :: #18393 :: email: karenjmarroquin8715@gmail.com :: landing site https://naturalconexion.com/wp-admin/admin-ajax.php :: abandoned cart deleted [abe556451efa234aea70f9ed9891aa5b]
2022-01-20T18:07:16+00:00 NOTICE action_scheduler.queue_job :: MailChimp_WooCommerce_Cart_Update queued :: obj_id b8ff79582b467ba1f42527821ff4c325
2022-01-20T18:07:18+00:00 NOTICE abandoned_cart.success :: email: kenyfernandezz@gmail.com :: checkout_url: https://naturalconexion.com/checkout/?mc_cart_id=b8ff79582b467ba1f42527821ff4c325
2022-01-20T18:07:18+00:00 NOTICE cart.member.updated :: Updated kenyfernandezz@gmail.com subscriber status to transactional and language to es
2022-01-20T18:08:22+00:00 NOTICE action_scheduler.queue_job :: MailChimp_WooCommerce_Single_Order starts in 90 seconds :: obj_id 18394
2022-01-20T18:09:57+00:00 NOTICE order_sumbit :: #18394 has a financial status of pending and was skipped.
2022-01-20T18:32:34+00:00 NOTICE action_scheduler.queue_job :: MailChimp_WooCommerce_Cart_Update queued :: obj_id 0d2edd816a44fcc03dd213a1955a45c9
2022-01-20T18:33:21+00:00 NOTICE abandoned_cart.success :: email: emilyyo2002@gmail.com :: checkout_url: https://naturalconexion.com/checkout/?mc_cart_id=0d2edd816a44fcc03dd213a1955a45c9
2022-01-20T18:33:22+00:00 NOTICE cart.member.updated :: Updated emilyyo2002@gmail.com subscriber status to subscribed and language to es
2022-01-20T18:33:48+00:00 NOTICE action_scheduler.queue_job :: MailChimp_WooCommerce_Cart_Update queued :: obj_id 0d2edd816a44fcc03dd213a1955a45c9
2022-01-20T18:34:42+00:00 NOTICE abandoned_cart.success :: email: emilyyo2002@gmail.com :: checkout_url: https://naturalconexion.com/checkout/?mc_cart_id=0d2edd816a44fcc03dd213a1955a45c9
2022-01-20T18:35:09+00:00 NOTICE action_scheduler.queue_job :: MailChimp_WooCommerce_Cart_Update queued :: obj_id 0d2edd816a44fcc03dd213a1955a45c9
2022-01-20T18:35:21+00:00 NOTICE abandoned_cart.success :: email: emilyyo2002@gmail.com :: checkout_url: https://naturalconexion.com/checkout/?mc_cart_id=0d2edd816a44fcc03dd213a1955a45c9
2022-01-20T18:39:03+00:00 NOTICE action_scheduler.queue_job :: MailChimp_WooCommerce_Cart_Update queued :: obj_id 0d2edd816a44fcc03dd213a1955a45c9
2022-01-20T18:39:08+00:00 NOTICE abandoned_cart.success :: email: emilyyo2002@gmail.com :: checkout_url: https://naturalconexion.com/checkout/?mc_cart_id=0d2edd816a44fcc03dd213a1955a45c9
2022-01-20T18:40:41+00:00 NOTICE action_scheduler.queue_job :: MailChimp_WooCommerce_Cart_Update queued :: obj_id 0d2edd816a44fcc03dd213a1955a45c9
2022-01-20T18:41:07+00:00 NOTICE abandoned_cart.success :: email: emilyyo2002@gmail.com :: checkout_url: https://naturalconexion.com/checkout/?mc_cart_id=0d2edd816a44fcc03dd213a1955a45c9
2022-01-20T18:42:12+00:00 NOTICE action_scheduler.queue_job :: MailChimp_WooCommerce_Cart_Update queued :: obj_id 0d2edd816a44fcc03dd213a1955a45c9
2022-01-20T18:42:24+00:00 NOTICE abandoned_cart.success :: email: emilyyo2002@gmail.com :: checkout_url: https://naturalconexion.com/checkout/?mc_cart_id=0d2edd816a44fcc03dd213a1955a45c9
2022-01-20T18:43:05+00:00 NOTICE action_scheduler.queue_job :: MailChimp_WooCommerce_Single_Order starts in 90 seconds :: obj_id 18395
2022-01-20T18:43:21+00:00 NOTICE action_scheduler.queue_job :: MailChimp_WooCommerce_Cart_Update queued :: obj_id 5138d5f1bd3fcf5b361518613cd02ef9
2022-01-20T18:43:22+00:00 NOTICE abandoned_cart.success :: email: darcysolarte@gmail.com :: checkout_url: https://naturalconexion.com/checkout/?mc_cart_id=5138d5f1bd3fcf5b361518613cd02ef9
2022-01-20T18:43:24+00:00 NOTICE cart.member.updated :: Updated darcysolarte@gmail.com subscriber status to transactional and language to es
2022-01-20T18:44:25+00:00 NOTICE action_scheduler.queue_job :: MailChimp_WooCommerce_Cart_Update queued :: obj_id 5138d5f1bd3fcf5b361518613cd02ef9
2022-01-20T18:45:20+00:00 NOTICE abandoned_cart.success :: email: darcysolarte@gmail.com :: checkout_url: https://naturalconexion.com/checkout/?mc_cart_id=5138d5f1bd3fcf5b361518613cd02ef9
2022-01-20T18:45:22+00:00 NOTICE order_sumbit :: #18395 has a financial status of pending and was skipped.
2022-01-20T18:46:10+00:00 NOTICE action_scheduler.queue_job :: MailChimp_WooCommerce_Cart_Update queued :: obj_id 5138d5f1bd3fcf5b361518613cd02ef9
2022-01-20T18:46:21+00:00 NOTICE abandoned_cart.success :: email: darcysolarte@gmail.com :: checkout_url: https://naturalconexion.com/checkout/?mc_cart_id=5138d5f1bd3fcf5b361518613cd02ef9
2022-01-20T18:46:41+00:00 NOTICE action_scheduler.queue_job :: MailChimp_WooCommerce_Cart_Update queued :: obj_id 5138d5f1bd3fcf5b361518613cd02ef9
2022-01-20T18:47:20+00:00 NOTICE abandoned_cart.success :: email: darcysolarte@gmail.com :: checkout_url: https://naturalconexion.com/checkout/?mc_cart_id=5138d5f1bd3fcf5b361518613cd02ef9
2022-01-20T18:47:35+00:00 NOTICE action_scheduler.queue_job :: MailChimp_WooCommerce_Cart_Update queued :: obj_id 5138d5f1bd3fcf5b361518613cd02ef9
2022-01-20T18:47:37+00:00 NOTICE action_scheduler.queue_job :: MailChimp_WooCommerce_Cart_Update queued :: obj_id a1c315af234c9a865e13783e14267737
2022-01-20T18:47:38+00:00 NOTICE abandoned_cart.success :: email: darcysolarte@gmail.com :: checkout_url: https://naturalconexion.com/checkout/?mc_cart_id=5138d5f1bd3fcf5b361518613cd02ef9
2022-01-20T18:47:39+00:00 NOTICE abandoned_cart.success :: email: daniela050@hotmail.com :: checkout_url: https://naturalconexion.com/checkout/?mc_cart_id=a1c315af234c9a865e13783e14267737
2022-01-20T18:47:40+00:00 NOTICE cart.member.updated :: Updated daniela050@hotmail.com subscriber status to transactional and language to es
2022-01-20T18:49:01+00:00 NOTICE action_scheduler.queue_job :: MailChimp_WooCommerce_Single_Order starts in 90 seconds :: obj_id 18396
2022-01-20T18:49:47+00:00 NOTICE action_scheduler.queue_job :: MailChimp_WooCommerce_Cart_Update queued :: obj_id 5138d5f1bd3fcf5b361518613cd02ef9
2022-01-20T18:50:05+00:00 NOTICE abandoned_cart.success :: email: darcysolarte@gmail.com :: checkout_url: https://naturalconexion.com/checkout/?mc_cart_id=5138d5f1bd3fcf5b361518613cd02ef9
2022-01-20T18:50:08+00:00 NOTICE action_scheduler.queue_job :: MailChimp_WooCommerce_Cart_Update queued :: obj_id 5138d5f1bd3fcf5b361518613cd02ef9
2022-01-20T18:50:12+00:00 NOTICE abandoned_cart.success :: email: darcysolarte@gmail.com :: checkout_url: https://naturalconexion.com/checkout/?mc_cart_id=5138d5f1bd3fcf5b361518613cd02ef9
2022-01-20T18:50:36+00:00 NOTICE order_sumbit :: #18396 has a financial status of pending and was skipped.
2022-01-20T18:51:21+00:00 NOTICE action_scheduler.queue_job :: MailChimp_WooCommerce_Single_Order starts in 90 seconds :: obj_id 18396
2022-01-20T18:51:23+00:00 NOTICE debug :: Order ID 18396 was pending and is now processing :: Array
(
    [new_order] => 1
    [tracking] => Array
        (
            [campaign_id] => 
            [landing_site] => https://naturalconexion.com/wp-admin/admin-ajax.php
        )

)

2022-01-20T18:53:04+00:00 NOTICE action_scheduler.queue_job :: MailChimp_WooCommerce_Cart_Update queued :: obj_id 5138d5f1bd3fcf5b361518613cd02ef9
2022-01-20T18:53:27+00:00 NOTICE order.member.updated :: Updated daniela050@hotmail.com subscriber status to transactional and language to 
2022-01-20T18:53:27+00:00 NOTICE order_submit.success :: addStoreOrder :: #18396 :: email: daniela050@hotmail.com :: landing site https://naturalconexion.com/wp-admin/admin-ajax.php :: abandoned cart deleted [a1c315af234c9a865e13783e14267737]
2022-01-20T18:53:55+00:00 NOTICE abandoned_cart.success :: email: darcysolarte@gmail.com :: checkout_url: https://naturalconexion.com/checkout/?mc_cart_id=5138d5f1bd3fcf5b361518613cd02ef9
2022-01-20T18:56:31+00:00 NOTICE action_scheduler.queue_job :: MailChimp_WooCommerce_Cart_Update queued :: obj_id 5138d5f1bd3fcf5b361518613cd02ef9
2022-01-20T18:57:30+00:00 NOTICE abandoned_cart.success :: email: darcysolarte@gmail.com :: checkout_url: https://naturalconexion.com/checkout/?mc_cart_id=5138d5f1bd3fcf5b361518613cd02ef9
2022-01-20T19:00:33+00:00 NOTICE action_scheduler.queue_job :: MailChimp_WooCommerce_Cart_Update queued :: obj_id 5138d5f1bd3fcf5b361518613cd02ef9
2022-01-20T19:01:06+00:00 NOTICE abandoned_cart.success :: email: darcysolarte@gmail.com :: checkout_url: https://naturalconexion.com/checkout/?mc_cart_id=5138d5f1bd3fcf5b361518613cd02ef9
2022-01-20T19:07:11+00:00 NOTICE action_scheduler.queue_job :: MailChimp_WooCommerce_Cart_Update queued :: obj_id 5138d5f1bd3fcf5b361518613cd02ef9
2022-01-20T19:07:22+00:00 NOTICE abandoned_cart.success :: email: darcysolarte@gmail.com :: checkout_url: https://naturalconexion.com/checkout/?mc_cart_id=5138d5f1bd3fcf5b361518613cd02ef9
2022-01-20T19:08:07+00:00 NOTICE action_scheduler.queue_job :: MailChimp_WooCommerce_Single_Order starts in 90 seconds :: obj_id 18397
2022-01-20T19:09:08+00:00 NOTICE debug :: Order ID 18397 was pending and is now processing :: Array
(
    [new_order] => 1
    [tracking] => Array
        (
            [campaign_id] => 
            [landing_site] => https://naturalconexion.com/wp-admin/admin-ajax.php
        )

)

2022-01-20T19:11:22+00:00 NOTICE order.member.updated :: Updated darcysolarte@gmail.com subscriber status to subscribed and language to es
2022-01-20T19:11:22+00:00 NOTICE order_submit.success :: addStoreOrder :: #18397 :: email: darcysolarte@gmail.com :: landing site https://naturalconexion.com/wp-admin/admin-ajax.php :: abandoned cart deleted [5138d5f1bd3fcf5b361518613cd02ef9]
2022-01-20T19:38:02+00:00 NOTICE action_scheduler.queue_job :: MailChimp_WooCommerce_Single_Order starts in 90 seconds :: obj_id 18394
2022-01-20T19:38:02+00:00 NOTICE debug :: Order ID 18394 was pending and is now cancelled :: Array
(
    [new_order] => 
    [tracking] => 
)

2022-01-20T19:39:53+00:00 NOTICE order_sumbit :: #18394 has a financial status of cancelled and was skipped.
2022-01-20T19:53:27+00:00 NOTICE action_scheduler.queue_job :: MailChimp_WooCommerce_Cart_Update queued :: obj_id 0c4a4716054a6d168ce13b0f3c1d8889
2022-01-20T19:53:35+00:00 NOTICE action_scheduler.queue_job :: MailChimp_WooCommerce_Single_Order starts in 90 seconds :: obj_id 18399
2022-01-20T19:54:21+00:00 NOTICE abandoned_cart.success :: email: gomezloaizamariavanessa@gmail.com :: checkout_url: https://naturalconexion.com/checkout/?mc_cart_id=0c4a4716054a6d168ce13b0f3c1d8889
2022-01-20T19:54:23+00:00 NOTICE cart.member.updated :: Updated gomezloaizamariavanessa@gmail.com subscriber status to transactional and language to es
2022-01-20T19:55:20+00:00 NOTICE order_sumbit :: #18399 has a financial status of pending and was skipped.
2022-01-20T19:55:35+00:00 NOTICE action_scheduler.queue_job :: MailChimp_WooCommerce_Single_Order starts in 90 seconds :: obj_id 18399
2022-01-20T19:55:38+00:00 NOTICE debug :: Order ID 18399 was pending and is now processing :: Array
(
    [new_order] => 1
    [tracking] => Array
        (
            [campaign_id] => 
            [landing_site] => https://naturalconexion.com/wp-admin/admin-ajax.php
        )

)

2022-01-20T19:57:30+00:00 NOTICE order.member.updated :: Updated gomezloaizamariavanessa@gmail.com subscriber status to subscribed and language to 
2022-01-20T19:57:30+00:00 NOTICE order_submit.success :: addStoreOrder :: #18399 :: email: gomezloaizamariavanessa@gmail.com :: landing site https://naturalconexion.com/wp-admin/admin-ajax.php :: abandoned cart deleted [0c4a4716054a6d168ce13b0f3c1d8889]
2022-01-20T20:38:03+00:00 NOTICE action_scheduler.queue_job :: MailChimp_WooCommerce_Single_Order starts in 90 seconds :: obj_id 18395
2022-01-20T20:38:03+00:00 NOTICE debug :: Order ID 18395 was pending and is now cancelled :: Array
(
    [new_order] => 
    [tracking] => 
)

2022-01-20T20:39:55+00:00 NOTICE order_sumbit :: #18395 has a financial status of cancelled and was skipped.
2022-01-20T21:21:47+00:00 NOTICE action_scheduler.queue_job :: MailChimp_WooCommerce_Single_Order starts in 90 seconds :: obj_id 18401
2022-01-20T21:23:24+00:00 NOTICE order_sumbit :: #18401 has a financial status of pending and was skipped.
2022-01-20T21:49:06+00:00 NOTICE action_scheduler.queue_job :: MailChimp_WooCommerce_Single_Order starts in 90 seconds :: obj_id 18402
2022-01-20T21:49:07+00:00 NOTICE action_scheduler.queue_job :: MailChimp_WooCommerce_Cart_Update queued :: obj_id 109f379a154565c33677715c255268b4
2022-01-20T21:49:23+00:00 NOTICE abandoned_cart.success :: email: kjdlorena@hotmail.com :: checkout_url: https://naturalconexion.com/checkout/?mc_cart_id=109f379a154565c33677715c255268b4
2022-01-20T21:49:26+00:00 NOTICE cart.member.updated :: Updated kjdlorena@hotmail.com subscriber status to transactional and language to es
2022-01-20T21:50:36+00:00 NOTICE debug :: Order ID 18402 was pending and is now processing :: Array
(
    [new_order] => 1
    [tracking] => Array
        (
            [campaign_id] => 
            [landing_site] => https://naturalconexion.com/wp-admin/admin-ajax.php
        )

)

2022-01-20T21:51:16+00:00 NOTICE action_scheduler.queue_job :: MailChimp_WooCommerce_User_Submit queued :: obj_id 1
2022-01-20T21:51:22+00:00 ERROR member.sync :: hola@naturalconexion.com :: Error Code 400 :: hola@naturalconexion.com is in a compliance state due to unsubscribe, bounce, or compliance review and cannot be subscribed. on 1898 in /home/forge/naturalconexion.com/wp-content/plugins/mailchimp-for-woocommerce/includes/api/class-mailchimp-api.php
2022-01-20T21:52:29+00:00 NOTICE order.member.updated :: Updated kjdlorena@hotmail.com subscriber status to subscribed and language to es
2022-01-20T21:52:29+00:00 NOTICE order_submit.success :: addStoreOrder :: #18402 :: email: kjdlorena@hotmail.com :: landing site https://naturalconexion.com/wp-admin/admin-ajax.php :: abandoned cart deleted [109f379a154565c33677715c255268b4]
2022-01-20T21:52:32+00:00 NOTICE action_scheduler.queue_job :: MailChimp_WooCommerce_User_Submit queued :: obj_id 1
2022-01-20T21:52:56+00:00 ERROR member.sync :: hola@naturalconexion.com :: Error Code 400 :: hola@naturalconexion.com is in a compliance state due to unsubscribe, bounce, or compliance review and cannot be subscribed. on 1898 in /home/forge/naturalconexion.com/wp-content/plugins/mailchimp-for-woocommerce/includes/api/class-mailchimp-api.php
2022-01-20T22:38:36+00:00 NOTICE action_scheduler.queue_job :: MailChimp_WooCommerce_Single_Order starts in 90 seconds :: obj_id 18401
2022-01-20T22:38:36+00:00 NOTICE debug :: Order ID 18401 was pending and is now cancelled :: Array
(
    [new_order] => 
    [tracking] => 
)

2022-01-20T22:39:24+00:00 NOTICE action_scheduler.queue_job :: MailChimp_WooCommerce_Cart_Update queued :: obj_id cc0f41efd21c61498ce11479263818ae
2022-01-20T22:40:22+00:00 NOTICE action_scheduler.queue_job :: MailChimp_WooCommerce_Single_Order starts in 90 seconds :: obj_id 18403
2022-01-20T22:40:24+00:00 NOTICE abandoned_cart.success :: email: karenbifi09@hotmail.com :: checkout_url: https://naturalconexion.com/checkout/?mc_cart_id=cc0f41efd21c61498ce11479263818ae
2022-01-20T22:40:26+00:00 NOTICE cart.member.updated :: Updated karenbifi09@hotmail.com subscriber status to subscribed and language to es
2022-01-20T22:40:27+00:00 NOTICE order_sumbit :: #18401 has a financial status of cancelled and was skipped.
2022-01-20T22:42:16+00:00 NOTICE order_sumbit :: #18403 has a financial status of pending and was skipped.
2022-01-20T22:42:21+00:00 NOTICE action_scheduler.queue_job :: MailChimp_WooCommerce_Single_Order starts in 90 seconds :: obj_id 18403
2022-01-20T22:42:24+00:00 NOTICE debug :: Order ID 18403 was pending and is now processing :: Array
(
    [new_order] => 1
    [tracking] => Array
        (
            [campaign_id] => 
            [landing_site] => https://naturalconexion.com/wp-admin/admin-ajax.php
        )

)

2022-01-20T22:44:29+00:00 NOTICE order.member.updated :: Updated karenbifi09@hotmail.com subscriber status to subscribed and language to 
2022-01-20T22:44:29+00:00 NOTICE order_submit.success :: addStoreOrder :: #18403 :: email: karenbifi09@hotmail.com :: landing site https://naturalconexion.com/wp-admin/admin-ajax.php :: abandoned cart deleted [cc0f41efd21c61498ce11479263818ae]
