2023-02-08T00:28:28+00:00 NOTICE action_scheduler.queue_job :: MailChimp_WooCommerce_Cart_Update queued :: obj_id 7d56294d37cc6173e8a7e0b5c95f60da
2023-02-08T00:28:39+00:00 NOTICE abandoned_cart.success :: email: jujocartagena@gmail.com :: checkout_url: https://naturalconexion.com/checkout/?mc_cart_id=7d56294d37cc6173e8a7e0b5c95f60da
2023-02-08T00:28:39+00:00 NOTICE cart.member.updated :: Updated jujocartagena@gmail.com subscriber status to transactional and language to es
2023-02-08T00:29:06+00:00 NOTICE action_scheduler.queue_job :: MailChimp_WooCommerce_Single_Order starts in 90 seconds :: obj_id 23255
2023-02-08T00:30:38+00:00 NOTICE order_submit :: #23255 has a financial status of pending and was skipped.
2023-02-08T00:31:51+00:00 NOTICE action_scheduler.queue_job :: MailChimp_WooCommerce_Single_Order starts in 90 seconds :: obj_id 23255
2023-02-08T00:31:53+00:00 NOTICE debug :: Order ID 23255 was pending and is now processing :: Array
(
    [new_order] => 1
    [tracking] => Array
        (
            [campaign_id] => 
            [landing_site] => https://naturalconexion.com/wp-content/plugins/woocommerce-payu-latam/confirmation.php
        )

)

2023-02-08T00:33:31+00:00 NOTICE order.member.updated :: Updated jujocartagena@gmail.com subscriber status to subscribed and language to 
2023-02-08T00:33:31+00:00 NOTICE order_submit.success :: addStoreOrder :: #23255 :: email: jujocartagena@gmail.com :: landing site https://naturalconexion.com/wp-content/plugins/woocommerce-payu-latam/confirmation.php :: abandoned cart deleted [7d56294d37cc6173e8a7e0b5c95f60da]
2023-02-08T01:07:20+00:00 NOTICE action_scheduler.queue_job :: MailChimp_WooCommerce_Single_Order starts in 90 seconds :: obj_id 23254
2023-02-08T01:07:20+00:00 NOTICE debug :: Order ID 23254 was pending and is now cancelled :: Array
(
    [new_order] => 
    [tracking] => 
)

2023-02-08T01:09:39+00:00 NOTICE order_submit :: #23254 has a financial status of cancelled and was skipped.
2023-02-08T01:52:44+00:00 NOTICE action_scheduler.queue_job :: MailChimp_WooCommerce_Cart_Update queued :: obj_id 15316f7af266d38131f7cb0d9a42039d
2023-02-08T01:54:23+00:00 NOTICE abandoned_cart.success :: email: cidfrid45@hotmail.com :: checkout_url: https://naturalconexion.com/checkout/?mc_cart_id=15316f7af266d38131f7cb0d9a42039d
2023-02-08T01:54:24+00:00 NOTICE cart.member.updated :: Updated cidfrid45@hotmail.com subscriber status to transactional and language to es
2023-02-08T02:14:17+00:00 NOTICE action_scheduler.queue_job :: MailChimp_WooCommerce_Cart_Update queued :: obj_id 682ce2f65106d1e560f1c2b5099205dd
2023-02-08T02:14:42+00:00 NOTICE abandoned_cart.success :: email: milenadiaz218@gmail.com :: checkout_url: https://naturalconexion.com/checkout/?mc_cart_id=682ce2f65106d1e560f1c2b5099205dd
2023-02-08T02:14:42+00:00 NOTICE cart.member.updated :: Updated milenadiaz218@gmail.com subscriber status to transactional and language to es
2023-02-08T02:14:58+00:00 NOTICE action_scheduler.queue_job :: MailChimp_WooCommerce_Cart_Update queued :: obj_id 682ce2f65106d1e560f1c2b5099205dd
2023-02-08T02:15:00+00:00 NOTICE abandoned_cart.success :: email: milenadiaz218@gmail.com :: checkout_url: https://naturalconexion.com/checkout/?mc_cart_id=682ce2f65106d1e560f1c2b5099205dd
2023-02-08T02:25:50+00:00 NOTICE action_scheduler.queue_job :: MailChimp_WooCommerce_Cart_Update queued :: obj_id 682ce2f65106d1e560f1c2b5099205dd
2023-02-08T02:26:42+00:00 NOTICE abandoned_cart.success :: email: milenadiaz218@gmail.com :: checkout_url: https://naturalconexion.com/checkout/?mc_cart_id=682ce2f65106d1e560f1c2b5099205dd
2023-02-08T02:27:35+00:00 NOTICE action_scheduler.queue_job :: MailChimp_WooCommerce_Cart_Update queued :: obj_id 682ce2f65106d1e560f1c2b5099205dd
2023-02-08T02:27:57+00:00 NOTICE abandoned_cart.success :: email: milenadiaz218@gmail.com :: checkout_url: https://naturalconexion.com/checkout/?mc_cart_id=682ce2f65106d1e560f1c2b5099205dd
2023-02-08T02:28:58+00:00 NOTICE action_scheduler.queue_job :: MailChimp_WooCommerce_Single_Order starts in 90 seconds :: obj_id 23256
2023-02-08T02:31:07+00:00 NOTICE order_submit :: #23256 has a financial status of pending and was skipped.
2023-02-08T02:40:38+00:00 NOTICE action_scheduler.queue_job :: MailChimp_WooCommerce_Cart_Update queued :: obj_id 682ce2f65106d1e560f1c2b5099205dd
2023-02-08T02:40:48+00:00 NOTICE abandoned_cart.success :: email: milenadiaz218@gmail.com :: checkout_url: https://naturalconexion.com/checkout/?mc_cart_id=682ce2f65106d1e560f1c2b5099205dd
2023-02-08T02:40:49+00:00 NOTICE action_scheduler.queue_job :: MailChimp_WooCommerce_Cart_Update queued :: obj_id 682ce2f65106d1e560f1c2b5099205dd
2023-02-08T02:40:55+00:00 NOTICE abandoned_cart.success :: email: milenadiaz218@gmail.com :: checkout_url: https://naturalconexion.com/checkout/?mc_cart_id=682ce2f65106d1e560f1c2b5099205dd
2023-02-08T02:41:35+00:00 NOTICE action_scheduler.queue_job :: MailChimp_WooCommerce_Single_Order starts in 90 seconds :: obj_id 23257
2023-02-08T02:43:09+00:00 NOTICE order_submit :: #23257 has a financial status of pending and was skipped.
2023-02-08T02:43:50+00:00 NOTICE action_scheduler.queue_job :: MailChimp_WooCommerce_Single_Order starts in 90 seconds :: obj_id 23256
2023-02-08T02:43:51+00:00 NOTICE debug :: Order ID 23256 was pending and is now failed :: Array
(
    [new_order] => 
    [tracking] => 
)

2023-02-08T02:47:59+00:00 NOTICE action_scheduler.queue_job :: MailChimp_WooCommerce_Cart_Update queued :: obj_id 682ce2f65106d1e560f1c2b5099205dd
2023-02-08T02:48:37+00:00 NOTICE abandoned_cart.success :: email: milenadiaz218@gmail.com :: checkout_url: https://naturalconexion.com/checkout/?mc_cart_id=682ce2f65106d1e560f1c2b5099205dd
2023-02-08T02:48:55+00:00 NOTICE action_scheduler.queue_job :: MailChimp_WooCommerce_Single_Order starts in 90 seconds :: obj_id 23258
2023-02-08T02:51:57+00:00 NOTICE order_submit :: #23258 has a financial status of pending and was skipped.
2023-02-08T02:59:44+00:00 NOTICE action_scheduler.queue_job :: MailChimp_WooCommerce_Single_Order starts in 90 seconds :: obj_id 23258
2023-02-08T02:59:45+00:00 NOTICE debug :: Order ID 23258 was pending and is now failed :: Array
(
    [new_order] => 
    [tracking] => 
)

2023-02-08T04:07:50+00:00 NOTICE action_scheduler.queue_job :: MailChimp_WooCommerce_Single_Order starts in 90 seconds :: obj_id 23257
2023-02-08T04:07:51+00:00 NOTICE debug :: Order ID 23257 was pending and is now cancelled :: Array
(
    [new_order] => 
    [tracking] => 
)

2023-02-08T04:09:48+00:00 NOTICE order_submit :: #23257 has a financial status of cancelled and was skipped.
2023-02-08T11:52:58+00:00 NOTICE action_scheduler.queue_job :: MailChimp_WooCommerce_Cart_Update queued :: obj_id 86b126027fcf44465645f6b1959575b8
2023-02-08T11:53:15+00:00 NOTICE action_scheduler.queue_job :: MailChimp_WooCommerce_Cart_Update queued :: obj_id 15316f7af266d38131f7cb0d9a42039d
2023-02-08T11:53:42+00:00 NOTICE abandoned_cart.success :: email: cidfrid45@gmail.com :: checkout_url: https://naturalconexion.com/checkout/?mc_cart_id=86b126027fcf44465645f6b1959575b8
2023-02-08T11:53:42+00:00 NOTICE cart.member.updated :: Updated cidfrid45@gmail.com subscriber status to transactional and language to es
2023-02-08T11:53:42+00:00 NOTICE abandoned_cart.success :: email: cidfrid45@hotmail.com :: checkout_url: https://naturalconexion.com/checkout/?mc_cart_id=15316f7af266d38131f7cb0d9a42039d
2023-02-08T11:53:43+00:00 NOTICE cart.member.updated :: Updated cidfrid45@hotmail.com subscriber status to transactional and language to es
2023-02-08T11:54:30+00:00 NOTICE action_scheduler.queue_job :: MailChimp_WooCommerce_Single_Order starts in 90 seconds :: obj_id 23259
2023-02-08T11:57:05+00:00 NOTICE order_submit :: #23259 has a financial status of pending and was skipped.
2023-02-08T11:57:56+00:00 NOTICE action_scheduler.queue_job :: MailChimp_WooCommerce_Single_Order starts in 90 seconds :: obj_id 23259
2023-02-08T11:57:59+00:00 NOTICE debug :: Order ID 23259 was pending and is now processing :: Array
(
    [new_order] => 1
    [tracking] => Array
        (
            [campaign_id] => 
            [landing_site] => https://naturalconexion.com/wp-content/plugins/woocommerce-payu-latam/confirmation.php
        )

)

2023-02-08T12:00:07+00:00 NOTICE order.member.updated :: Updated cidfrid45@hotmail.com subscriber status to subscribed and language to 
2023-02-08T12:00:07+00:00 NOTICE order_submit.success :: addStoreOrder :: #23259 :: email: cidfrid45@hotmail.com :: landing site https://naturalconexion.com/wp-content/plugins/woocommerce-payu-latam/confirmation.php :: abandoned cart deleted [15316f7af266d38131f7cb0d9a42039d]
2023-02-08T12:43:05+00:00 NOTICE action_scheduler.queue_job :: MailChimp_WooCommerce_Single_Order starts in 90 seconds :: obj_id 23243
2023-02-08T12:43:08+00:00 NOTICE debug :: Order ID 23243 was processing and is now completed :: Array
(
    [new_order] => 
    [tracking] => 
)

2023-02-08T12:43:08+00:00 NOTICE action_scheduler.queue_job :: MailChimp_WooCommerce_Single_Order starts in 90 seconds :: obj_id 23252
2023-02-08T12:43:11+00:00 NOTICE debug :: Order ID 23252 was processing and is now completed :: Array
(
    [new_order] => 
    [tracking] => 
)

2023-02-08T12:43:11+00:00 NOTICE action_scheduler.queue_job :: MailChimp_WooCommerce_Single_Order starts in 90 seconds :: obj_id 23253
2023-02-08T12:43:13+00:00 NOTICE debug :: Order ID 23253 was processing and is now completed :: Array
(
    [new_order] => 
    [tracking] => 
)

2023-02-08T12:43:13+00:00 NOTICE action_scheduler.queue_job :: MailChimp_WooCommerce_Single_Order starts in 90 seconds :: obj_id 23255
2023-02-08T12:43:16+00:00 NOTICE debug :: Order ID 23255 was processing and is now completed :: Array
(
    [new_order] => 
    [tracking] => 
)

2023-02-08T12:43:16+00:00 NOTICE action_scheduler.queue_job :: MailChimp_WooCommerce_Single_Order starts in 90 seconds :: obj_id 23259
2023-02-08T12:43:18+00:00 NOTICE debug :: Order ID 23259 was processing and is now completed :: Array
(
    [new_order] => 
    [tracking] => 
)

2023-02-08T12:45:10+00:00 NOTICE order.member.updated :: Updated Mauricioperez_vasquez@hotmail.com subscriber status to subscribed and language to 
2023-02-08T12:45:10+00:00 NOTICE order_submit.success :: updateStoreOrder :: #23243 :: email: Mauricioperez_vasquez@hotmail.com
2023-02-08T12:45:12+00:00 NOTICE order.member.updated :: Updated giac_abg@hotmail.com subscriber status to subscribed and language to 
2023-02-08T12:45:12+00:00 NOTICE order_submit.success :: updateStoreOrder :: #23252 :: email: giac_abg@hotmail.com
2023-02-08T12:45:13+00:00 NOTICE order.member.updated :: Updated acrojas47@misena.edu.co subscriber status to subscribed and language to 
2023-02-08T12:45:13+00:00 NOTICE order_submit.success :: updateStoreOrder :: #23253 :: email: acrojas47@misena.edu.co
2023-02-08T12:45:14+00:00 NOTICE order.member.updated :: Updated jujocartagena@gmail.com subscriber status to subscribed and language to 
2023-02-08T12:45:14+00:00 NOTICE order_submit.success :: updateStoreOrder :: #23255 :: email: jujocartagena@gmail.com
2023-02-08T12:45:16+00:00 NOTICE order.member.updated :: Updated cidfrid45@hotmail.com subscriber status to subscribed and language to 
2023-02-08T12:45:16+00:00 NOTICE order_submit.success :: updateStoreOrder :: #23259 :: email: cidfrid45@hotmail.com
2023-02-08T14:06:55+00:00 NOTICE action_scheduler.queue_job :: MailChimp_WooCommerce_Cart_Update queued :: obj_id 23319512052694caa8aabe9167d4ddca
2023-02-08T14:06:57+00:00 NOTICE abandoned_cart.success :: email: lidyapc77@gmail.com :: checkout_url: https://naturalconexion.com/checkout/?mc_cart_id=23319512052694caa8aabe9167d4ddca
2023-02-08T14:06:58+00:00 NOTICE cart.member.updated :: Updated lidyapc77@gmail.com subscriber status to transactional and language to es
2023-02-08T14:13:16+00:00 NOTICE action_scheduler.queue_job :: MailChimp_WooCommerce_Cart_Update queued :: obj_id 782704eaec05997b02ebff8d111abd53
2023-02-08T14:13:19+00:00 NOTICE abandoned_cart.success :: email: mroserobastidas@gmail.com :: checkout_url: https://naturalconexion.com/checkout/?mc_cart_id=782704eaec05997b02ebff8d111abd53
2023-02-08T14:13:19+00:00 NOTICE cart.member.updated :: Updated mroserobastidas@gmail.com subscriber status to transactional and language to es
2023-02-08T15:04:57+00:00 NOTICE action_scheduler.queue_job :: MailChimp_WooCommerce_Cart_Update queued :: obj_id 6fbfdfe7cb5019e1de1bfc9cdc739680
2023-02-08T15:04:57+00:00 NOTICE action_scheduler.queue_job :: MailChimp_WooCommerce_Single_Order starts in 90 seconds :: obj_id 23260
2023-02-08T15:04:59+00:00 NOTICE abandoned_cart.success :: email: jhojanacor23@gmail.com :: checkout_url: https://naturalconexion.com/checkout/?mc_cart_id=6fbfdfe7cb5019e1de1bfc9cdc739680
2023-02-08T15:04:59+00:00 NOTICE cart.member.updated :: Updated jhojanacor23@gmail.com subscriber status to transactional and language to es
2023-02-08T15:06:43+00:00 NOTICE order_submit :: #23260 has a financial status of pending and was skipped.
2023-02-08T15:08:18+00:00 NOTICE action_scheduler.queue_job :: MailChimp_WooCommerce_Cart_Update queued :: obj_id 6fbfdfe7cb5019e1de1bfc9cdc739680
2023-02-08T15:08:35+00:00 NOTICE abandoned_cart.success :: email: jhojanacor23@gmail.com :: checkout_url: https://naturalconexion.com/checkout/?mc_cart_id=6fbfdfe7cb5019e1de1bfc9cdc739680
2023-02-08T15:11:06+00:00 NOTICE action_scheduler.queue_job :: MailChimp_WooCommerce_Single_Order starts in 90 seconds :: obj_id 23260
2023-02-08T15:11:09+00:00 NOTICE debug :: Order ID 23260 was pending and is now processing :: Array
(
    [new_order] => 1
    [tracking] => Array
        (
            [campaign_id] => 
            [landing_site] => https://naturalconexion.com/?wc-api=wc_addi_gateway
        )

)

2023-02-08T15:13:16+00:00 NOTICE order.member.updated :: Updated jhojanacor23@gmail.com subscriber status to subscribed and language to 
2023-02-08T15:13:16+00:00 NOTICE order_submit.success :: addStoreOrder :: #23260 :: email: jhojanacor23@gmail.com :: landing site https://naturalconexion.com/?wc-api=wc_addi_gateway :: abandoned cart deleted [6fbfdfe7cb5019e1de1bfc9cdc739680]
2023-02-08T17:24:11+00:00 NOTICE action_scheduler.queue_job :: MailChimp_WooCommerce_Cart_Update queued :: obj_id 944b8970a7527b2e60f863679581b66f
2023-02-08T17:24:11+00:00 NOTICE action_scheduler.queue_job :: MailChimp_WooCommerce_Single_Order starts in 90 seconds :: obj_id 23261
2023-02-08T17:24:38+00:00 NOTICE abandoned_cart.success :: email: mariangelica1470@gmail.com :: checkout_url: https://naturalconexion.com/checkout/?mc_cart_id=944b8970a7527b2e60f863679581b66f
2023-02-08T17:24:38+00:00 NOTICE cart.member.updated :: Updated mariangelica1470@gmail.com subscriber status to subscribed and language to es
2023-02-08T17:26:47+00:00 NOTICE debug :: Order ID 23261 was pending and is now processing :: Array
(
    [new_order] => 1
    [tracking] => Array
        (
            [campaign_id] => 
            [landing_site] => https://naturalconexion.com/wp-content/plugins/woocommerce-payu-latam/confirmation.php
        )

)

2023-02-08T17:29:49+00:00 NOTICE order.member.updated :: Updated mariangelica1470@gmail.com subscriber status to subscribed and language to es
2023-02-08T17:29:49+00:00 NOTICE order_submit.success :: addStoreOrder :: #23261 :: email: mariangelica1470@gmail.com :: landing site https://naturalconexion.com/?gclid=CjwKCAiArY2fBhB9EiwAWqHK6qV1iEhHYuH7M25mtZ3JT9DCZkKpqASsykOwHfl4_j4BZKhw7_XxAxoCezkQAvD_BwE :: abandoned cart deleted [944b8970a7527b2e60f863679581b66f]
2023-02-08T18:44:44+00:00 NOTICE action_scheduler.queue_job :: MailChimp_WooCommerce_Cart_Update queued :: obj_id 9351c60ff5d6ba003244ad204323424e
2023-02-08T18:44:46+00:00 NOTICE abandoned_cart.success :: email: luuuamarilla@gmail.com :: checkout_url: https://naturalconexion.com/checkout/?mc_cart_id=9351c60ff5d6ba003244ad204323424e
2023-02-08T18:44:46+00:00 NOTICE cart.member.updated :: Updated luuuamarilla@gmail.com subscriber status to transactional and language to es
2023-02-08T21:34:55+00:00 NOTICE action_scheduler.queue_job :: MailChimp_WooCommerce_Cart_Update queued :: obj_id c29cf93c34253c80160e6fbaf9f4ca48
2023-02-08T21:35:54+00:00 NOTICE abandoned_cart.success :: email: ospinalopez20@gmail.com :: checkout_url: https://naturalconexion.com/checkout/?mc_cart_id=c29cf93c34253c80160e6fbaf9f4ca48
2023-02-08T21:35:55+00:00 NOTICE cart.member.updated :: Updated ospinalopez20@gmail.com subscriber status to subscribed and language to es
2023-02-08T21:36:44+00:00 NOTICE action_scheduler.queue_job :: MailChimp_WooCommerce_User_Submit queued :: obj_id 2045
2023-02-08T21:36:44+00:00 NOTICE action_scheduler.queue_job :: MailChimp_WooCommerce_Single_Order starts in 90 seconds :: obj_id 23262
2023-02-08T21:36:45+00:00 NOTICE member.sync :: Updated Member ospinalopez20@gmail.com :: Array
(
    [status] => subscribed
    [language] => 
    [merge_fields] => Array
        (
            [FNAME] => Manuela
            [LNAME] => Ospina López
        )

    [gdpr_fields] => 
)

2023-02-08T21:39:05+00:00 NOTICE debug :: Order ID 23262 was pending and is now processing :: Array
(
    [new_order] => 1
    [tracking] => Array
        (
            [campaign_id] => 
            [landing_site] => https://naturalconexion.com/wp-content/plugins/woocommerce-payu-latam/confirmation.php
        )

)

2023-02-08T21:40:42+00:00 NOTICE order.member.updated :: Updated ospinalopez20@gmail.com subscriber status to subscribed and language to es
2023-02-08T21:40:42+00:00 NOTICE order_submit.success :: addStoreOrder :: #23262 :: email: ospinalopez20@gmail.com :: landing site https://naturalconexion.com/checkout/ :: abandoned cart deleted [c29cf93c34253c80160e6fbaf9f4ca48]
2023-02-08T23:31:02+00:00 NOTICE action_scheduler.queue_job :: MailChimp_WooCommerce_Single_Order starts in 90 seconds :: obj_id 23263
2023-02-08T23:31:05+00:00 NOTICE debug :: Order ID 23263 was pending and is now processing :: Array
(
    [new_order] => 1
    [tracking] => Array
        (
            [campaign_id] => 
            [landing_site] => https://naturalconexion.com/
        )

)

2023-02-08T23:32:41+00:00 NOTICE order.member.updated :: Updated Susgiraldo.puerta@gmail.com subscriber status to subscribed and language to es
2023-02-08T23:32:41+00:00 NOTICE order_submit.success :: addStoreOrder :: #23263 :: email: Susgiraldo.puerta@gmail.com :: landing site https://naturalconexion.com/
2023-02-08T23:43:45+00:00 NOTICE action_scheduler.queue_job :: MailChimp_WooCommerce_Cart_Update queued :: obj_id 82a2957dd2d3cfb8944340c4a97432ca
2023-02-08T23:43:45+00:00 NOTICE action_scheduler.queue_job :: MailChimp_WooCommerce_Single_Order starts in 90 seconds :: obj_id 23264
2023-02-08T23:43:47+00:00 NOTICE abandoned_cart.success :: email: mariacamilasanchezg9@gmail.com :: checkout_url: https://naturalconexion.com/checkout/?mc_cart_id=82a2957dd2d3cfb8944340c4a97432ca
2023-02-08T23:43:47+00:00 NOTICE cart.member.updated :: Updated mariacamilasanchezg9@gmail.com subscriber status to subscribed and language to es
2023-02-08T23:47:34+00:00 NOTICE debug :: Order ID 23264 was pending and is now processing :: Array
(
    [new_order] => 1
    [tracking] => Array
        (
            [campaign_id] => 
            [landing_site] => https://naturalconexion.com/wp-content/plugins/woocommerce-payu-latam/confirmation.php
        )

)

2023-02-08T23:49:48+00:00 NOTICE order.member.updated :: Updated Mariacamilasanchezg9@gmail.com subscriber status to subscribed and language to es
2023-02-08T23:49:48+00:00 NOTICE order_submit.success :: addStoreOrder :: #23264 :: email: Mariacamilasanchezg9@gmail.com :: landing site https://naturalconexion.com/?gclid=CjwKCAiArY2fBhB9EiwAWqHK6u6oWDB3b1DAj1VBHOAH07ZW3dkkgowF9lfkPyEFE3W15_p7Kza7exoCy3EQAvD_BwE :: abandoned cart deleted [82a2957dd2d3cfb8944340c4a97432ca]
