2023-06-20T00:39:27+00:00 NOTICE action_scheduler.queue_job :: MailChimp_WooCommerce_Cart_Update queued :: obj_id cace62a39c225507b90ce2a504e5a106
2023-06-20T00:39:39+00:00 NOTICE abandoned_cart.success :: email: spgg789@gmail.com :: checkout_url: https://naturalconexion.com/checkout/?mc_cart_id=cace62a39c225507b90ce2a504e5a106
2023-06-20T00:39:39+00:00 NOTICE cart.member.updated :: Updated spgg789@gmail.com subscriber status to subscribed and language to es
2023-06-20T02:59:18+00:00 NOTICE action_scheduler.queue_job :: MailChimp_WooCommerce_Cart_Update queued :: obj_id 3aceb9e8f3ad764116c3fe2ff5774e5e
2023-06-20T02:59:20+00:00 NOTICE abandoned_cart.success :: email: luzmary110644@hotmail.com :: checkout_url: https://naturalconexion.com/checkout/?mc_cart_id=3aceb9e8f3ad764116c3fe2ff5774e5e
2023-06-20T02:59:20+00:00 NOTICE cart.member.updated :: Updated luzmary110644@hotmail.com subscriber status to subscribed and language to es
2023-06-20T03:00:29+00:00 NOTICE action_scheduler.queue_job :: MailChimp_WooCommerce_Single_Order starts in 90 seconds :: obj_id 24864
2023-06-20T03:02:03+00:00 NOTICE order_submit :: #24864 has a financial status of pending and was skipped.
2023-06-20T04:08:04+00:00 NOTICE action_scheduler.queue_job :: MailChimp_WooCommerce_Single_Order starts in 90 seconds :: obj_id 24864
2023-06-20T04:08:05+00:00 NOTICE debug :: Order ID 24864 was pending and is now cancelled :: Array
(
    [new_order] => 
    [tracking] => 
)

2023-06-20T04:10:32+00:00 NOTICE order_submit :: #24864 has a financial status of cancelled and was skipped.
2023-06-20T13:56:37+00:00 NOTICE action_scheduler.queue_job :: MailChimp_WooCommerce_Single_Product starts in 5 seconds :: obj_id 7426
2023-06-20T13:57:00+00:00 NOTICE product_submit.success :: updateStoreProduct :: #7426
2023-06-20T15:03:54+00:00 NOTICE action_scheduler.queue_job :: MailChimp_WooCommerce_Single_Order starts in 90 seconds :: obj_id 24783
2023-06-20T15:03:55+00:00 NOTICE debug :: Order ID 24783 was processing and is now completed :: Array
(
    [new_order] => 
    [tracking] => 
)

2023-06-20T15:03:56+00:00 NOTICE action_scheduler.queue_job :: MailChimp_WooCommerce_Single_Order starts in 90 seconds :: obj_id 24785
2023-06-20T15:03:57+00:00 NOTICE debug :: Order ID 24785 was processing and is now completed :: Array
(
    [new_order] => 
    [tracking] => 
)

2023-06-20T15:03:57+00:00 NOTICE action_scheduler.queue_job :: MailChimp_WooCommerce_Single_Order starts in 90 seconds :: obj_id 24786
2023-06-20T15:03:58+00:00 NOTICE debug :: Order ID 24786 was processing and is now completed :: Array
(
    [new_order] => 
    [tracking] => 
)

2023-06-20T15:03:58+00:00 NOTICE action_scheduler.queue_job :: MailChimp_WooCommerce_Single_Order starts in 90 seconds :: obj_id 24787
2023-06-20T15:03:59+00:00 NOTICE debug :: Order ID 24787 was processing and is now completed :: Array
(
    [new_order] => 
    [tracking] => 
)

2023-06-20T15:03:59+00:00 NOTICE action_scheduler.queue_job :: MailChimp_WooCommerce_Single_Order starts in 90 seconds :: obj_id 24788
2023-06-20T15:04:01+00:00 NOTICE debug :: Order ID 24788 was processing and is now completed :: Array
(
    [new_order] => 
    [tracking] => 
)

2023-06-20T15:04:01+00:00 NOTICE action_scheduler.queue_job :: MailChimp_WooCommerce_Single_Order starts in 90 seconds :: obj_id 24790
2023-06-20T15:04:02+00:00 NOTICE debug :: Order ID 24790 was processing and is now completed :: Array
(
    [new_order] => 
    [tracking] => 
)

2023-06-20T15:04:02+00:00 NOTICE action_scheduler.queue_job :: MailChimp_WooCommerce_Single_Order starts in 90 seconds :: obj_id 24794
2023-06-20T15:04:03+00:00 NOTICE debug :: Order ID 24794 was processing and is now completed :: Array
(
    [new_order] => 
    [tracking] => 
)

2023-06-20T15:04:04+00:00 NOTICE action_scheduler.queue_job :: MailChimp_WooCommerce_Single_Order starts in 90 seconds :: obj_id 24795
2023-06-20T15:04:05+00:00 NOTICE debug :: Order ID 24795 was processing and is now completed :: Array
(
    [new_order] => 
    [tracking] => 
)

2023-06-20T15:04:05+00:00 NOTICE action_scheduler.queue_job :: MailChimp_WooCommerce_Single_Order starts in 90 seconds :: obj_id 24796
2023-06-20T15:04:06+00:00 NOTICE debug :: Order ID 24796 was processing and is now completed :: Array
(
    [new_order] => 
    [tracking] => 
)

2023-06-20T15:04:06+00:00 NOTICE action_scheduler.queue_job :: MailChimp_WooCommerce_Single_Order starts in 90 seconds :: obj_id 24798
2023-06-20T15:04:08+00:00 NOTICE debug :: Order ID 24798 was processing and is now completed :: Array
(
    [new_order] => 
    [tracking] => 
)

2023-06-20T15:04:08+00:00 NOTICE action_scheduler.queue_job :: MailChimp_WooCommerce_Single_Order starts in 90 seconds :: obj_id 24799
2023-06-20T15:04:09+00:00 NOTICE debug :: Order ID 24799 was processing and is now completed :: Array
(
    [new_order] => 
    [tracking] => 
)

2023-06-20T15:04:09+00:00 NOTICE action_scheduler.queue_job :: MailChimp_WooCommerce_Single_Order starts in 90 seconds :: obj_id 24800
2023-06-20T15:04:10+00:00 NOTICE debug :: Order ID 24800 was processing and is now completed :: Array
(
    [new_order] => 
    [tracking] => 
)

2023-06-20T15:04:10+00:00 NOTICE action_scheduler.queue_job :: MailChimp_WooCommerce_Single_Order starts in 90 seconds :: obj_id 24801
2023-06-20T15:04:11+00:00 NOTICE debug :: Order ID 24801 was processing and is now completed :: Array
(
    [new_order] => 
    [tracking] => 
)

2023-06-20T15:04:11+00:00 NOTICE action_scheduler.queue_job :: MailChimp_WooCommerce_Single_Order starts in 90 seconds :: obj_id 24802
2023-06-20T15:04:13+00:00 NOTICE debug :: Order ID 24802 was processing and is now completed :: Array
(
    [new_order] => 
    [tracking] => 
)

2023-06-20T15:04:13+00:00 NOTICE action_scheduler.queue_job :: MailChimp_WooCommerce_Single_Order starts in 90 seconds :: obj_id 24803
2023-06-20T15:04:14+00:00 NOTICE debug :: Order ID 24803 was processing and is now completed :: Array
(
    [new_order] => 
    [tracking] => 
)

2023-06-20T15:04:14+00:00 NOTICE action_scheduler.queue_job :: MailChimp_WooCommerce_Single_Order starts in 90 seconds :: obj_id 24804
2023-06-20T15:04:15+00:00 NOTICE debug :: Order ID 24804 was processing and is now completed :: Array
(
    [new_order] => 
    [tracking] => 
)

2023-06-20T15:04:15+00:00 NOTICE action_scheduler.queue_job :: MailChimp_WooCommerce_Single_Order starts in 90 seconds :: obj_id 24807
2023-06-20T15:04:16+00:00 NOTICE debug :: Order ID 24807 was processing and is now completed :: Array
(
    [new_order] => 
    [tracking] => 
)

2023-06-20T15:04:16+00:00 NOTICE action_scheduler.queue_job :: MailChimp_WooCommerce_Single_Order starts in 90 seconds :: obj_id 24814
2023-06-20T15:04:18+00:00 NOTICE debug :: Order ID 24814 was processing and is now completed :: Array
(
    [new_order] => 
    [tracking] => 
)

2023-06-20T15:04:18+00:00 NOTICE action_scheduler.queue_job :: MailChimp_WooCommerce_Single_Order starts in 90 seconds :: obj_id 24816
2023-06-20T15:04:19+00:00 NOTICE debug :: Order ID 24816 was processing and is now completed :: Array
(
    [new_order] => 
    [tracking] => 
)

2023-06-20T15:04:19+00:00 NOTICE action_scheduler.queue_job :: MailChimp_WooCommerce_Single_Order starts in 90 seconds :: obj_id 24818
2023-06-20T15:04:20+00:00 NOTICE debug :: Order ID 24818 was processing and is now completed :: Array
(
    [new_order] => 
    [tracking] => 
)

2023-06-20T15:05:55+00:00 NOTICE order.member.updated :: Updated flormachado2008@hotmail.com subscriber status to subscribed and language to 
2023-06-20T15:05:55+00:00 NOTICE order_submit.success :: updateStoreOrder :: #24783 :: email: flormachado2008@hotmail.com
2023-06-20T15:05:58+00:00 NOTICE order.member.updated :: Updated alexagarzonb@gmail.com subscriber status to subscribed and language to 
2023-06-20T15:05:58+00:00 NOTICE order_submit.success :: updateStoreOrder :: #24785 :: email: alexagarzonb@gmail.com
2023-06-20T15:06:00+00:00 NOTICE order.member.updated :: Updated martika_2906@hotmail.com subscriber status to subscribed and language to 
2023-06-20T15:06:00+00:00 NOTICE order_submit.success :: updateStoreOrder :: #24786 :: email: martika_2906@hotmail.com
2023-06-20T15:06:03+00:00 NOTICE order.member.updated :: Updated majosecore25@hotmail.com subscriber status to subscribed and language to 
2023-06-20T15:06:03+00:00 NOTICE order_submit.success :: updateStoreOrder :: #24787 :: email: majosecore25@hotmail.com
2023-06-20T15:06:06+00:00 NOTICE order.member.updated :: Updated Aliciacuchimaque@gmail.com subscriber status to subscribed and language to 
2023-06-20T15:06:06+00:00 NOTICE order_submit.success :: updateStoreOrder :: #24788 :: email: Aliciacuchimaque@gmail.com
2023-06-20T15:06:08+00:00 NOTICE order.member.updated :: Updated mportillal@unal.edu.co subscriber status to subscribed and language to 
2023-06-20T15:06:08+00:00 NOTICE order_submit.success :: updateStoreOrder :: #24790 :: email: mportillal@unal.edu.co
2023-06-20T15:06:12+00:00 NOTICE order.member.updated :: Updated kytoroszr@gmail.com subscriber status to subscribed and language to 
2023-06-20T15:06:12+00:00 NOTICE order_submit.success :: updateStoreOrder :: #24794 :: email: kytoroszr@gmail.com
2023-06-20T15:06:14+00:00 NOTICE order.member.updated :: Updated ornellaalean@gmail.com subscriber status to subscribed and language to 
2023-06-20T15:06:14+00:00 NOTICE order_submit.success :: updateStoreOrder :: #24795 :: email: ornellaalean@gmail.com
2023-06-20T15:06:19+00:00 NOTICE order.member.updated :: Updated lucilagonzalez440@gmail.com subscriber status to subscribed and language to 
2023-06-20T15:06:19+00:00 NOTICE order_submit.success :: updateStoreOrder :: #24796 :: email: lucilagonzalez440@gmail.com
2023-06-20T15:06:22+00:00 NOTICE order.member.updated :: Updated isdazac@gmail.com subscriber status to subscribed and language to 
2023-06-20T15:06:22+00:00 NOTICE order_submit.success :: updateStoreOrder :: #24798 :: email: isdazac@gmail.com
2023-06-20T15:06:25+00:00 NOTICE order.member.updated :: Updated lauraropyp@gmail.com subscriber status to subscribed and language to 
2023-06-20T15:06:25+00:00 NOTICE order_submit.success :: updateStoreOrder :: #24799 :: email: lauraropyp@gmail.com
2023-06-20T15:06:27+00:00 NOTICE order.member.updated :: Updated alfisica@hotmail.es subscriber status to subscribed and language to 
2023-06-20T15:06:27+00:00 NOTICE order_submit.success :: updateStoreOrder :: #24800 :: email: alfisica@hotmail.es
2023-06-20T15:06:29+00:00 NOTICE order.member.updated :: Updated Beu.cielo@hotmail.com subscriber status to subscribed and language to 
2023-06-20T15:06:29+00:00 NOTICE order_submit.success :: updateStoreOrder :: #24801 :: email: Beu.cielo@hotmail.com
2023-06-20T15:06:31+00:00 NOTICE order.member.updated :: Updated julietorresmoreno@gmail.com subscriber status to subscribed and language to 
2023-06-20T15:06:31+00:00 NOTICE order_submit.success :: updateStoreOrder :: #24802 :: email: julietorresmoreno@gmail.com
2023-06-20T15:06:34+00:00 NOTICE order.member.updated :: Updated manuela8930@hotmail.com subscriber status to subscribed and language to 
2023-06-20T15:06:34+00:00 NOTICE order_submit.success :: updateStoreOrder :: #24803 :: email: manuela8930@hotmail.com
2023-06-20T15:06:37+00:00 NOTICE order.member.updated :: Updated Lcardomesa@gmail.com subscriber status to subscribed and language to 
2023-06-20T15:06:37+00:00 NOTICE order_submit.success :: updateStoreOrder :: #24804 :: email: Lcardomesa@gmail.com
2023-06-20T15:06:39+00:00 NOTICE order.member.updated :: Updated Maribelvr22@gmail.com subscriber status to subscribed and language to 
2023-06-20T15:06:39+00:00 NOTICE order_submit.success :: updateStoreOrder :: #24807 :: email: Maribelvr22@gmail.com
2023-06-20T15:06:46+00:00 NOTICE order.member.updated :: Updated ana.arellano89@gmail.com subscriber status to subscribed and language to 
2023-06-20T15:06:46+00:00 NOTICE order_submit.success :: updateStoreOrder :: #24814 :: email: ana.arellano89@gmail.com
2023-06-20T15:06:49+00:00 NOTICE order.member.updated :: Updated eliana.villota.galeano@gmail.com subscriber status to transactional and language to 
2023-06-20T15:06:49+00:00 NOTICE order_submit.success :: updateStoreOrder :: #24816 :: email: eliana.villota.galeano@gmail.com
2023-06-20T15:06:51+00:00 NOTICE order.member.updated :: Updated caroldc71@hotmail.com subscriber status to subscribed and language to 
2023-06-20T15:06:51+00:00 NOTICE order_submit.success :: updateStoreOrder :: #24818 :: email: caroldc71@hotmail.com
2023-06-20T15:12:50+00:00 NOTICE action_scheduler.queue_job :: MailChimp_WooCommerce_Cart_Update queued :: obj_id b217b275aa3bd642a4f3745ed2230e97
2023-06-20T15:12:52+00:00 NOTICE abandoned_cart.success :: email: claudiaccallejas@hotmail.com :: checkout_url: https://naturalconexion.com/checkout/?mc_cart_id=b217b275aa3bd642a4f3745ed2230e97
2023-06-20T15:12:52+00:00 NOTICE cart.member.updated :: Updated claudiaccallejas@hotmail.com subscriber status to subscribed and language to es
2023-06-20T15:13:13+00:00 NOTICE action_scheduler.queue_job :: MailChimp_WooCommerce_Cart_Update queued :: obj_id b217b275aa3bd642a4f3745ed2230e97
2023-06-20T15:13:41+00:00 NOTICE abandoned_cart.success :: email: claudiaccallejas@hotmail.com :: checkout_url: https://naturalconexion.com/checkout/?mc_cart_id=b217b275aa3bd642a4f3745ed2230e97
2023-06-20T15:14:03+00:00 NOTICE action_scheduler.queue_job :: MailChimp_WooCommerce_Single_Order starts in 90 seconds :: obj_id 24865
2023-06-20T15:14:39+00:00 NOTICE action_scheduler.queue_job :: MailChimp_WooCommerce_Cart_Update queued :: obj_id b217b275aa3bd642a4f3745ed2230e97
2023-06-20T15:14:41+00:00 NOTICE abandoned_cart.success :: email: claudiaccallejas@hotmail.com :: checkout_url: https://naturalconexion.com/checkout/?mc_cart_id=b217b275aa3bd642a4f3745ed2230e97
2023-06-20T15:15:10+00:00 NOTICE action_scheduler.queue_job :: MailChimp_WooCommerce_Cart_Update queued :: obj_id b217b275aa3bd642a4f3745ed2230e97
2023-06-20T15:15:22+00:00 NOTICE action_scheduler.queue_job :: MailChimp_WooCommerce_Single_Order starts in 90 seconds :: obj_id 24866
2023-06-20T15:15:48+00:00 NOTICE abandoned_cart.success :: email: claudiaccallejas@hotmail.com :: checkout_url: https://naturalconexion.com/checkout/?mc_cart_id=b217b275aa3bd642a4f3745ed2230e97
2023-06-20T15:15:49+00:00 NOTICE order_submit :: #24865 has a financial status of pending and was skipped.
2023-06-20T15:16:55+00:00 NOTICE order_submit :: #24866 has a financial status of pending and was skipped.
2023-06-20T15:21:24+00:00 NOTICE action_scheduler.queue_job :: MailChimp_WooCommerce_Cart_Update queued :: obj_id b71a2b854837d9e2bf8e04c9603ef855
2023-06-20T15:21:42+00:00 NOTICE action_scheduler.queue_job :: MailChimp_WooCommerce_Cart_Update queued :: obj_id b217b275aa3bd642a4f3745ed2230e97
2023-06-20T15:21:54+00:00 NOTICE abandoned_cart.success :: email: mejaisa@gmai.com :: checkout_url: https://naturalconexion.com/checkout/?mc_cart_id=b71a2b854837d9e2bf8e04c9603ef855
2023-06-20T15:21:55+00:00 NOTICE cart.member.updated :: Updated mejaisa@gmai.com subscriber status to transactional and language to es
2023-06-20T15:21:55+00:00 NOTICE abandoned_cart.success :: email: claudiaccallejas@hotmail.com :: checkout_url: https://naturalconexion.com/checkout/?mc_cart_id=b217b275aa3bd642a4f3745ed2230e97
2023-06-20T15:22:02+00:00 NOTICE action_scheduler.queue_job :: MailChimp_WooCommerce_Single_Order starts in 90 seconds :: obj_id 24867
2023-06-20T15:22:30+00:00 NOTICE action_scheduler.queue_job :: MailChimp_WooCommerce_Cart_Update queued :: obj_id b71a2b854837d9e2bf8e04c9603ef855
2023-06-20T15:22:50+00:00 NOTICE abandoned_cart.success :: email: mejaisa@gmai.com :: checkout_url: https://naturalconexion.com/checkout/?mc_cart_id=b71a2b854837d9e2bf8e04c9603ef855
2023-06-20T15:23:50+00:00 NOTICE action_scheduler.queue_job :: MailChimp_WooCommerce_Single_Order starts in 90 seconds :: obj_id 24772
2023-06-20T15:23:51+00:00 NOTICE order_submit :: #24867 has a financial status of pending and was skipped.
2023-06-20T15:23:52+00:00 NOTICE debug :: Order ID 24772 was processing and is now completed :: Array
(
    [new_order] => 
    [tracking] => 
)

2023-06-20T15:23:52+00:00 NOTICE action_scheduler.queue_job :: MailChimp_WooCommerce_Single_Order starts in 90 seconds :: obj_id 24778
2023-06-20T15:23:53+00:00 NOTICE debug :: Order ID 24778 was processing and is now completed :: Array
(
    [new_order] => 
    [tracking] => 
)

2023-06-20T15:23:53+00:00 NOTICE action_scheduler.queue_job :: MailChimp_WooCommerce_Single_Order starts in 90 seconds :: obj_id 24780
2023-06-20T15:23:54+00:00 NOTICE debug :: Order ID 24780 was processing and is now completed :: Array
(
    [new_order] => 
    [tracking] => 
)

2023-06-20T15:23:54+00:00 NOTICE action_scheduler.queue_job :: MailChimp_WooCommerce_Single_Order starts in 90 seconds :: obj_id 24781
2023-06-20T15:23:55+00:00 NOTICE debug :: Order ID 24781 was processing and is now completed :: Array
(
    [new_order] => 
    [tracking] => 
)

2023-06-20T15:23:55+00:00 NOTICE action_scheduler.queue_job :: MailChimp_WooCommerce_Single_Order starts in 90 seconds :: obj_id 24782
2023-06-20T15:23:57+00:00 NOTICE debug :: Order ID 24782 was processing and is now completed :: Array
(
    [new_order] => 
    [tracking] => 
)

2023-06-20T15:23:58+00:00 NOTICE action_scheduler.queue_job :: MailChimp_WooCommerce_Cart_Update queued :: obj_id b71a2b854837d9e2bf8e04c9603ef855
2023-06-20T15:24:04+00:00 NOTICE action_scheduler.queue_job :: MailChimp_WooCommerce_Single_Order starts in 90 seconds :: obj_id 24868
2023-06-20T15:24:40+00:00 NOTICE abandoned_cart.success :: email: mejaisa@gmai.com :: checkout_url: https://naturalconexion.com/checkout/?mc_cart_id=b71a2b854837d9e2bf8e04c9603ef855
2023-06-20T15:26:06+00:00 NOTICE order.member.updated :: Updated velflo.mary2001@gmail.com subscriber status to subscribed and language to 
2023-06-20T15:26:06+00:00 NOTICE order_submit.success :: updateStoreOrder :: #24772 :: email: velflo.mary2001@gmail.com
2023-06-20T15:26:09+00:00 NOTICE order.member.updated :: Updated Yacky-11@hotmail.com subscriber status to subscribed and language to 
2023-06-20T15:26:09+00:00 NOTICE order_submit.success :: updateStoreOrder :: #24778 :: email: Yacky-11@hotmail.com
2023-06-20T15:26:12+00:00 NOTICE order.member.updated :: Updated patriciaortiz17@yahoo.com subscriber status to subscribed and language to 
2023-06-20T15:26:12+00:00 NOTICE order_submit.success :: updateStoreOrder :: #24780 :: email: patriciaortiz17@yahoo.com
2023-06-20T15:26:14+00:00 NOTICE order.member.updated :: Updated andreitaserna1@gmail.com subscriber status to transactional and language to 
2023-06-20T15:26:14+00:00 NOTICE order_submit.success :: updateStoreOrder :: #24781 :: email: andreitaserna1@gmail.com
2023-06-20T15:26:17+00:00 NOTICE order.member.updated :: Updated micb.250@gmail.com subscriber status to subscribed and language to 
2023-06-20T15:26:17+00:00 NOTICE order_submit.success :: updateStoreOrder :: #24782 :: email: micb.250@gmail.com
2023-06-20T15:26:18+00:00 NOTICE order_submit :: #24868 has a financial status of pending and was skipped.
2023-06-20T15:27:28+00:00 NOTICE action_scheduler.queue_job :: MailChimp_WooCommerce_Cart_Update queued :: obj_id b71a2b854837d9e2bf8e04c9603ef855
2023-06-20T15:27:34+00:00 NOTICE abandoned_cart.success :: email: mejaisa@gmai.com :: checkout_url: https://naturalconexion.com/checkout/?mc_cart_id=b71a2b854837d9e2bf8e04c9603ef855
2023-06-20T15:41:25+00:00 NOTICE action_scheduler.queue_job :: MailChimp_WooCommerce_Single_Order starts in 90 seconds :: obj_id 24820
2023-06-20T15:41:26+00:00 NOTICE debug :: Order ID 24820 was processing and is now completed :: Array
(
    [new_order] => 
    [tracking] => 
)

2023-06-20T15:41:26+00:00 NOTICE action_scheduler.queue_job :: MailChimp_WooCommerce_Single_Order starts in 90 seconds :: obj_id 24821
2023-06-20T15:41:27+00:00 NOTICE debug :: Order ID 24821 was processing and is now completed :: Array
(
    [new_order] => 
    [tracking] => 
)

2023-06-20T15:41:27+00:00 NOTICE action_scheduler.queue_job :: MailChimp_WooCommerce_Single_Order starts in 90 seconds :: obj_id 24822
2023-06-20T15:41:28+00:00 NOTICE debug :: Order ID 24822 was processing and is now completed :: Array
(
    [new_order] => 
    [tracking] => 
)

2023-06-20T15:41:29+00:00 NOTICE action_scheduler.queue_job :: MailChimp_WooCommerce_Single_Order starts in 90 seconds :: obj_id 24823
2023-06-20T15:41:30+00:00 NOTICE debug :: Order ID 24823 was processing and is now completed :: Array
(
    [new_order] => 
    [tracking] => 
)

2023-06-20T15:41:30+00:00 NOTICE action_scheduler.queue_job :: MailChimp_WooCommerce_Single_Order starts in 90 seconds :: obj_id 24824
2023-06-20T15:41:31+00:00 NOTICE debug :: Order ID 24824 was processing and is now completed :: Array
(
    [new_order] => 
    [tracking] => 
)

2023-06-20T15:41:31+00:00 NOTICE action_scheduler.queue_job :: MailChimp_WooCommerce_Single_Order starts in 90 seconds :: obj_id 24825
2023-06-20T15:41:32+00:00 NOTICE debug :: Order ID 24825 was processing and is now completed :: Array
(
    [new_order] => 
    [tracking] => 
)

2023-06-20T15:41:32+00:00 NOTICE action_scheduler.queue_job :: MailChimp_WooCommerce_Single_Order starts in 90 seconds :: obj_id 24829
2023-06-20T15:41:33+00:00 NOTICE debug :: Order ID 24829 was processing and is now completed :: Array
(
    [new_order] => 
    [tracking] => 
)

2023-06-20T15:41:33+00:00 NOTICE action_scheduler.queue_job :: MailChimp_WooCommerce_Single_Order starts in 90 seconds :: obj_id 24830
2023-06-20T15:41:34+00:00 NOTICE debug :: Order ID 24830 was processing and is now completed :: Array
(
    [new_order] => 
    [tracking] => 
)

2023-06-20T15:41:34+00:00 NOTICE action_scheduler.queue_job :: MailChimp_WooCommerce_Single_Order starts in 90 seconds :: obj_id 24831
2023-06-20T15:41:35+00:00 NOTICE debug :: Order ID 24831 was processing and is now completed :: Array
(
    [new_order] => 
    [tracking] => 
)

2023-06-20T15:41:35+00:00 NOTICE action_scheduler.queue_job :: MailChimp_WooCommerce_Single_Order starts in 90 seconds :: obj_id 24832
2023-06-20T15:41:36+00:00 NOTICE debug :: Order ID 24832 was processing and is now completed :: Array
(
    [new_order] => 
    [tracking] => 
)

2023-06-20T15:41:36+00:00 NOTICE action_scheduler.queue_job :: MailChimp_WooCommerce_Single_Order starts in 90 seconds :: obj_id 24833
2023-06-20T15:41:38+00:00 NOTICE debug :: Order ID 24833 was processing and is now completed :: Array
(
    [new_order] => 
    [tracking] => 
)

2023-06-20T15:41:38+00:00 NOTICE action_scheduler.queue_job :: MailChimp_WooCommerce_Single_Order starts in 90 seconds :: obj_id 24834
2023-06-20T15:41:39+00:00 NOTICE debug :: Order ID 24834 was processing and is now completed :: Array
(
    [new_order] => 
    [tracking] => 
)

2023-06-20T15:41:39+00:00 NOTICE action_scheduler.queue_job :: MailChimp_WooCommerce_Single_Order starts in 90 seconds :: obj_id 24835
2023-06-20T15:41:40+00:00 NOTICE debug :: Order ID 24835 was processing and is now completed :: Array
(
    [new_order] => 
    [tracking] => 
)

2023-06-20T15:41:40+00:00 NOTICE action_scheduler.queue_job :: MailChimp_WooCommerce_Single_Order starts in 90 seconds :: obj_id 24836
2023-06-20T15:41:40+00:00 NOTICE debug :: Order ID 24836 was processing and is now completed :: Array
(
    [new_order] => 
    [tracking] => 
)

2023-06-20T15:41:41+00:00 NOTICE action_scheduler.queue_job :: MailChimp_WooCommerce_Single_Order starts in 90 seconds :: obj_id 24839
2023-06-20T15:41:42+00:00 NOTICE debug :: Order ID 24839 was processing and is now completed :: Array
(
    [new_order] => 
    [tracking] => 
)

2023-06-20T15:41:42+00:00 NOTICE action_scheduler.queue_job :: MailChimp_WooCommerce_Single_Order starts in 90 seconds :: obj_id 24841
2023-06-20T15:41:43+00:00 NOTICE debug :: Order ID 24841 was processing and is now completed :: Array
(
    [new_order] => 
    [tracking] => 
)

2023-06-20T15:41:43+00:00 NOTICE action_scheduler.queue_job :: MailChimp_WooCommerce_Single_Order starts in 90 seconds :: obj_id 24860
2023-06-20T15:41:44+00:00 NOTICE debug :: Order ID 24860 was processing and is now completed :: Array
(
    [new_order] => 
    [tracking] => 
)

2023-06-20T15:41:44+00:00 NOTICE action_scheduler.queue_job :: MailChimp_WooCommerce_Single_Order starts in 90 seconds :: obj_id 24861
2023-06-20T15:41:45+00:00 NOTICE debug :: Order ID 24861 was processing and is now completed :: Array
(
    [new_order] => 
    [tracking] => 
)

2023-06-20T15:41:45+00:00 NOTICE action_scheduler.queue_job :: MailChimp_WooCommerce_Single_Order starts in 90 seconds :: obj_id 24862
2023-06-20T15:41:46+00:00 NOTICE debug :: Order ID 24862 was processing and is now completed :: Array
(
    [new_order] => 
    [tracking] => 
)

2023-06-20T15:41:47+00:00 NOTICE action_scheduler.queue_job :: MailChimp_WooCommerce_Single_Order starts in 90 seconds :: obj_id 24863
2023-06-20T15:41:48+00:00 NOTICE debug :: Order ID 24863 was processing and is now completed :: Array
(
    [new_order] => 
    [tracking] => 
)

2023-06-20T15:43:54+00:00 NOTICE order.member.updated :: Updated elizabeth.comu@gmail.com subscriber status to subscribed and language to 
2023-06-20T15:43:54+00:00 NOTICE order_submit.success :: updateStoreOrder :: #24820 :: email: elizabeth.comu@gmail.com
2023-06-20T15:43:57+00:00 NOTICE order.member.updated :: Updated xmara.leonc@gmail.com subscriber status to transactional and language to 
2023-06-20T15:43:57+00:00 NOTICE order_submit.success :: updateStoreOrder :: #24821 :: email: xmara.leonc@gmail.com
2023-06-20T15:43:59+00:00 NOTICE order.member.updated :: Updated jips56@hotmail.com subscriber status to transactional and language to 
2023-06-20T15:43:59+00:00 NOTICE order_submit.success :: updateStoreOrder :: #24822 :: email: jips56@hotmail.com
2023-06-20T15:44:02+00:00 NOTICE order.member.updated :: Updated emiryduque@gmail.com subscriber status to subscribed and language to 
2023-06-20T15:44:02+00:00 NOTICE order_submit.success :: updateStoreOrder :: #24823 :: email: emiryduque@gmail.com
2023-06-20T15:44:04+00:00 NOTICE order.member.updated :: Updated lmgranda@hotmail.com subscriber status to subscribed and language to 
2023-06-20T15:44:04+00:00 NOTICE order_submit.success :: updateStoreOrder :: #24824 :: email: lmgranda@hotmail.com
2023-06-20T15:44:07+00:00 NOTICE order.member.updated :: Updated nagi.92_2010@hotmail.com subscriber status to subscribed and language to 
2023-06-20T15:44:07+00:00 NOTICE order_submit.success :: updateStoreOrder :: #24825 :: email: nagi.92_2010@hotmail.com
2023-06-20T15:44:10+00:00 NOTICE order.member.updated :: Updated emmacarvajal96@gmail.com subscriber status to subscribed and language to 
2023-06-20T15:44:10+00:00 NOTICE order_submit.success :: updateStoreOrder :: #24829 :: email: emmacarvajal96@gmail.com
2023-06-20T15:44:12+00:00 NOTICE order.member.updated :: Updated castellanosw2010@hotmail.com subscriber status to subscribed and language to 
2023-06-20T15:44:12+00:00 NOTICE order_submit.success :: updateStoreOrder :: #24830 :: email: castellanosw2010@hotmail.com
2023-06-20T15:44:14+00:00 NOTICE order.member.updated :: Updated Eliceth-13@hotmail.com subscriber status to subscribed and language to 
2023-06-20T15:44:14+00:00 NOTICE order_submit.success :: updateStoreOrder :: #24831 :: email: Eliceth-13@hotmail.com
2023-06-20T15:44:30+00:00 NOTICE order.member.updated :: Updated alejandracastrillon0605@gmail.com subscriber status to subscribed and language to 
2023-06-20T15:44:30+00:00 NOTICE order_submit.success :: updateStoreOrder :: #24832 :: email: alejandracastrillon0605@gmail.com
2023-06-20T15:44:32+00:00 NOTICE order.member.updated :: Updated karenleguizamon26@gmail.com subscriber status to subscribed and language to 
2023-06-20T15:44:32+00:00 NOTICE order_submit.success :: updateStoreOrder :: #24833 :: email: karenleguizamon26@gmail.com
2023-06-20T15:44:35+00:00 NOTICE order.member.updated :: Updated dijoyu@hotmail.com subscriber status to subscribed and language to 
2023-06-20T15:44:35+00:00 NOTICE order_submit.success :: updateStoreOrder :: #24834 :: email: dijoyu@hotmail.com
2023-06-20T15:44:37+00:00 NOTICE order.member.updated :: Updated johagu@gmail.com subscriber status to transactional and language to 
2023-06-20T15:44:37+00:00 NOTICE order_submit.success :: updateStoreOrder :: #24835 :: email: johagu@gmail.com
2023-06-20T15:44:39+00:00 NOTICE order.member.updated :: Updated sawy390@hotmail.com subscriber status to subscribed and language to 
2023-06-20T15:44:39+00:00 NOTICE order_submit.success :: updateStoreOrder :: #24836 :: email: sawy390@hotmail.com
2023-06-20T15:44:41+00:00 NOTICE order.member.updated :: Updated restrepo51@hotmail.com subscriber status to subscribed and language to 
2023-06-20T15:44:41+00:00 NOTICE order_submit.success :: updateStoreOrder :: #24839 :: email: restrepo51@hotmail.com
2023-06-20T15:44:44+00:00 NOTICE order.member.updated :: Updated Xiomy.qm@gmail.com subscriber status to transactional and language to 
2023-06-20T15:44:44+00:00 NOTICE order_submit.success :: updateStoreOrder :: #24841 :: email: Xiomy.qm@gmail.com
2023-06-20T15:44:47+00:00 NOTICE order.member.updated :: Updated angelicarrion@hotmail.com subscriber status to subscribed and language to 
2023-06-20T15:44:47+00:00 NOTICE order_submit.success :: updateStoreOrder :: #24860 :: email: angelicarrion@hotmail.com
2023-06-20T15:44:49+00:00 NOTICE order.member.updated :: Updated marcela.herlon@outlook.com subscriber status to subscribed and language to 
2023-06-20T15:44:49+00:00 NOTICE order_submit.success :: updateStoreOrder :: #24861 :: email: marcela.herlon@outlook.com
2023-06-20T15:44:51+00:00 NOTICE order.member.updated :: Updated diegoppaco97@gmail.com subscriber status to subscribed and language to 
2023-06-20T15:44:51+00:00 NOTICE order_submit.success :: updateStoreOrder :: #24862 :: email: diegoppaco97@gmail.com
2023-06-20T15:45:00+00:00 NOTICE order.member.updated :: Updated erikafer95@hotmail.com subscriber status to transactional and language to 
2023-06-20T15:45:00+00:00 NOTICE order_submit.success :: updateStoreOrder :: #24863 :: email: erikafer95@hotmail.com
2023-06-20T15:51:39+00:00 NOTICE action_scheduler.queue_job :: MailChimp_WooCommerce_Cart_Update queued :: obj_id b217b275aa3bd642a4f3745ed2230e97
2023-06-20T15:51:57+00:00 NOTICE abandoned_cart.success :: email: claudiaccallejas@hotmail.com :: checkout_url: https://naturalconexion.com/checkout/?mc_cart_id=b217b275aa3bd642a4f3745ed2230e97
2023-06-20T15:52:14+00:00 NOTICE action_scheduler.queue_job :: MailChimp_WooCommerce_Cart_Update queued :: obj_id b217b275aa3bd642a4f3745ed2230e97
2023-06-20T15:52:20+00:00 NOTICE action_scheduler.queue_job :: MailChimp_WooCommerce_Single_Order starts in 90 seconds :: obj_id 24869
2023-06-20T15:52:53+00:00 NOTICE abandoned_cart.success :: email: claudiaccallejas@hotmail.com :: checkout_url: https://naturalconexion.com/checkout/?mc_cart_id=b217b275aa3bd642a4f3745ed2230e97
2023-06-20T15:55:03+00:00 NOTICE order_submit :: #24869 has a financial status of pending and was skipped.
2023-06-20T15:58:31+00:00 NOTICE action_scheduler.queue_job :: MailChimp_WooCommerce_Cart_Update queued :: obj_id b217b275aa3bd642a4f3745ed2230e97
2023-06-20T15:58:33+00:00 NOTICE abandoned_cart.success :: email: claudiaccallejas@hotmail.com :: checkout_url: https://naturalconexion.com/checkout/?mc_cart_id=b217b275aa3bd642a4f3745ed2230e97
2023-06-20T15:59:01+00:00 NOTICE action_scheduler.queue_job :: MailChimp_WooCommerce_Cart_Update queued :: obj_id b217b275aa3bd642a4f3745ed2230e97
2023-06-20T15:59:15+00:00 NOTICE action_scheduler.queue_job :: MailChimp_WooCommerce_Single_Order starts in 90 seconds :: obj_id 24870
2023-06-20T15:59:36+00:00 NOTICE abandoned_cart.success :: email: claudiaccallejas@hotmail.com :: checkout_url: https://naturalconexion.com/checkout/?mc_cart_id=b217b275aa3bd642a4f3745ed2230e97
2023-06-20T16:01:03+00:00 NOTICE order_submit :: #24870 has a financial status of pending and was skipped.
2023-06-20T16:07:04+00:00 NOTICE action_scheduler.queue_job :: MailChimp_WooCommerce_Cart_Update queued :: obj_id b217b275aa3bd642a4f3745ed2230e97
2023-06-20T16:07:49+00:00 NOTICE abandoned_cart.success :: email: claudiaccallejas@hotmail.com :: checkout_url: https://naturalconexion.com/checkout/?mc_cart_id=b217b275aa3bd642a4f3745ed2230e97
2023-06-20T16:08:02+00:00 NOTICE action_scheduler.queue_job :: MailChimp_WooCommerce_Single_Order starts in 90 seconds :: obj_id 24871
2023-06-20T16:09:52+00:00 NOTICE order_submit :: #24871 has a financial status of pending and was skipped.
2023-06-20T16:26:40+00:00 NOTICE action_scheduler.queue_job :: MailChimp_WooCommerce_Single_Order starts in 90 seconds :: obj_id 24865
2023-06-20T16:26:41+00:00 NOTICE debug :: Order ID 24865 was pending and is now cancelled :: Array
(
    [new_order] => 
    [tracking] => 
)

2023-06-20T16:26:41+00:00 NOTICE action_scheduler.queue_job :: MailChimp_WooCommerce_Single_Order starts in 90 seconds :: obj_id 24866
2023-06-20T16:26:41+00:00 NOTICE debug :: Order ID 24866 was pending and is now cancelled :: Array
(
    [new_order] => 
    [tracking] => 
)

2023-06-20T16:26:41+00:00 NOTICE action_scheduler.queue_job :: MailChimp_WooCommerce_Single_Order starts in 90 seconds :: obj_id 24867
2023-06-20T16:26:41+00:00 NOTICE debug :: Order ID 24867 was pending and is now cancelled :: Array
(
    [new_order] => 
    [tracking] => 
)

2023-06-20T16:26:41+00:00 NOTICE action_scheduler.queue_job :: MailChimp_WooCommerce_Single_Order starts in 90 seconds :: obj_id 24868
2023-06-20T16:26:41+00:00 NOTICE debug :: Order ID 24868 was pending and is now cancelled :: Array
(
    [new_order] => 
    [tracking] => 
)

2023-06-20T16:29:15+00:00 NOTICE order_submit :: #24865 has a financial status of cancelled and was skipped.
2023-06-20T16:29:15+00:00 NOTICE order_submit :: #24866 has a financial status of cancelled and was skipped.
2023-06-20T16:29:16+00:00 NOTICE order_submit :: #24867 has a financial status of cancelled and was skipped.
2023-06-20T16:29:18+00:00 NOTICE order_submit :: #24868 has a financial status of cancelled and was skipped.
2023-06-20T16:45:26+00:00 NOTICE action_scheduler.queue_job :: MailChimp_WooCommerce_Cart_Update queued :: obj_id b217b275aa3bd642a4f3745ed2230e97
2023-06-20T16:45:51+00:00 NOTICE action_scheduler.queue_job :: MailChimp_WooCommerce_Single_Order starts in 90 seconds :: obj_id 24872
2023-06-20T16:45:51+00:00 NOTICE abandoned_cart.success :: email: claudiaccallejas@hotmail.com :: checkout_url: https://naturalconexion.com/checkout/?mc_cart_id=b217b275aa3bd642a4f3745ed2230e97
2023-06-20T16:45:52+00:00 NOTICE cart.member.updated :: Updated claudiaccallejas@hotmail.com subscriber status to subscribed and language to es
2023-06-20T16:47:29+00:00 NOTICE order_submit :: #24872 has a financial status of pending and was skipped.
2023-06-20T17:09:20+00:00 NOTICE action_scheduler.queue_job :: MailChimp_WooCommerce_Cart_Update queued :: obj_id f8a77a849d3b3764a9823338c383f5ef
2023-06-20T17:09:24+00:00 NOTICE abandoned_cart.success :: email: faiana03@gmail.com :: checkout_url: https://naturalconexion.com/checkout/?mc_cart_id=f8a77a849d3b3764a9823338c383f5ef
2023-06-20T17:09:25+00:00 NOTICE cart.member.updated :: Updated faiana03@gmail.com subscriber status to transactional and language to es
2023-06-20T17:09:46+00:00 NOTICE action_scheduler.queue_job :: MailChimp_WooCommerce_Single_Order starts in 90 seconds :: obj_id 24873
2023-06-20T17:11:27+00:00 NOTICE order_submit :: #24873 has a financial status of pending and was skipped.
2023-06-20T17:18:28+00:00 NOTICE action_scheduler.queue_job :: MailChimp_WooCommerce_Cart_Update queued :: obj_id f8a77a849d3b3764a9823338c383f5ef
2023-06-20T17:19:12+00:00 NOTICE abandoned_cart.success :: email: faiana03@gmail.com :: checkout_url: https://naturalconexion.com/checkout/?mc_cart_id=f8a77a849d3b3764a9823338c383f5ef
2023-06-20T17:20:04+00:00 NOTICE action_scheduler.queue_job :: MailChimp_WooCommerce_Single_Order starts in 90 seconds :: obj_id 24875
2023-06-20T17:20:34+00:00 NOTICE action_scheduler.queue_job :: MailChimp_WooCommerce_Cart_Update queued :: obj_id f8a77a849d3b3764a9823338c383f5ef
2023-06-20T17:20:48+00:00 NOTICE abandoned_cart.success :: email: faiana03@gmail.com :: checkout_url: https://naturalconexion.com/checkout/?mc_cart_id=f8a77a849d3b3764a9823338c383f5ef
2023-06-20T17:22:17+00:00 NOTICE order_submit :: #24875 has a financial status of pending and was skipped.
2023-06-20T17:27:17+00:00 NOTICE action_scheduler.queue_job :: MailChimp_WooCommerce_Single_Order starts in 90 seconds :: obj_id 24869
2023-06-20T17:27:17+00:00 NOTICE debug :: Order ID 24869 was pending and is now cancelled :: Array
(
    [new_order] => 
    [tracking] => 
)

2023-06-20T17:27:17+00:00 NOTICE action_scheduler.queue_job :: MailChimp_WooCommerce_Single_Order starts in 90 seconds :: obj_id 24870
2023-06-20T17:27:17+00:00 NOTICE debug :: Order ID 24870 was pending and is now cancelled :: Array
(
    [new_order] => 
    [tracking] => 
)

2023-06-20T17:27:17+00:00 NOTICE action_scheduler.queue_job :: MailChimp_WooCommerce_Single_Order starts in 90 seconds :: obj_id 24871
2023-06-20T17:27:18+00:00 NOTICE debug :: Order ID 24871 was pending and is now cancelled :: Array
(
    [new_order] => 
    [tracking] => 
)

2023-06-20T17:29:02+00:00 NOTICE order_submit :: #24869 has a financial status of cancelled and was skipped.
2023-06-20T17:29:03+00:00 NOTICE order_submit :: #24870 has a financial status of cancelled and was skipped.
2023-06-20T17:29:05+00:00 NOTICE order_submit :: #24871 has a financial status of cancelled and was skipped.
2023-06-20T17:33:58+00:00 NOTICE action_scheduler.queue_job :: MailChimp_WooCommerce_Cart_Update queued :: obj_id d4ec23b13836aa027ba66c0c02c4d5eb
2023-06-20T17:34:52+00:00 NOTICE abandoned_cart.success :: email: carmogira@gmail.com :: checkout_url: https://naturalconexion.com/checkout/?mc_cart_id=d4ec23b13836aa027ba66c0c02c4d5eb
2023-06-20T17:34:52+00:00 NOTICE cart.member.updated :: Updated carmogira@gmail.com subscriber status to transactional and language to es
2023-06-20T17:35:49+00:00 NOTICE action_scheduler.queue_job :: MailChimp_WooCommerce_Single_Order starts in 90 seconds :: obj_id 24876
2023-06-20T17:37:51+00:00 NOTICE order_submit :: #24876 has a financial status of pending and was skipped.
2023-06-20T17:41:30+00:00 NOTICE action_scheduler.queue_job :: MailChimp_WooCommerce_Cart_Update queued :: obj_id d4ec23b13836aa027ba66c0c02c4d5eb
2023-06-20T17:41:51+00:00 NOTICE abandoned_cart.success :: email: carmogira@gmail.com :: checkout_url: https://naturalconexion.com/checkout/?mc_cart_id=d4ec23b13836aa027ba66c0c02c4d5eb
2023-06-20T17:48:22+00:00 NOTICE action_scheduler.queue_job :: MailChimp_WooCommerce_Cart_Update queued :: obj_id 10e7bc055f693aaa0e21f34cd624dce1
2023-06-20T17:48:50+00:00 NOTICE abandoned_cart.success :: email: developer.mauricio2310@gmail.com :: checkout_url: https://naturalconexion.com/checkout/?mc_cart_id=10e7bc055f693aaa0e21f34cd624dce1
2023-06-20T17:48:51+00:00 NOTICE cart.member.updated :: Updated developer.mauricio2310@gmail.com subscriber status to transactional and language to es
2023-06-20T17:51:41+00:00 NOTICE action_scheduler.queue_job :: MailChimp_WooCommerce_Cart_Update queued :: obj_id 10e7bc055f693aaa0e21f34cd624dce1
2023-06-20T17:51:50+00:00 NOTICE abandoned_cart.success :: email: developer.mauricio2310@gmail.com :: checkout_url: https://naturalconexion.com/checkout/?mc_cart_id=10e7bc055f693aaa0e21f34cd624dce1
2023-06-20T17:52:57+00:00 NOTICE action_scheduler.queue_job :: MailChimp_WooCommerce_Cart_Update queued :: obj_id 10e7bc055f693aaa0e21f34cd624dce1
2023-06-20T17:52:58+00:00 NOTICE abandoned_cart.success :: email: developer.mauricio2310@gmail.com :: checkout_url: https://naturalconexion.com/checkout/?mc_cart_id=10e7bc055f693aaa0e21f34cd624dce1
2023-06-20T18:27:47+00:00 NOTICE action_scheduler.queue_job :: MailChimp_WooCommerce_Single_Order starts in 90 seconds :: obj_id 24872
2023-06-20T18:27:48+00:00 NOTICE debug :: Order ID 24872 was pending and is now cancelled :: Array
(
    [new_order] => 
    [tracking] => 
)

2023-06-20T18:27:48+00:00 NOTICE action_scheduler.queue_job :: MailChimp_WooCommerce_Single_Order starts in 90 seconds :: obj_id 24873
2023-06-20T18:27:48+00:00 NOTICE debug :: Order ID 24873 was pending and is now cancelled :: Array
(
    [new_order] => 
    [tracking] => 
)

2023-06-20T18:27:48+00:00 NOTICE action_scheduler.queue_job :: MailChimp_WooCommerce_Single_Order starts in 90 seconds :: obj_id 24875
2023-06-20T18:27:48+00:00 NOTICE debug :: Order ID 24875 was pending and is now cancelled :: Array
(
    [new_order] => 
    [tracking] => 
)

2023-06-20T18:29:50+00:00 NOTICE order_submit :: #24872 has a financial status of cancelled and was skipped.
2023-06-20T18:29:51+00:00 NOTICE order_submit :: #24873 has a financial status of cancelled and was skipped.
2023-06-20T18:29:52+00:00 NOTICE order_submit :: #24875 has a financial status of cancelled and was skipped.
2023-06-20T19:16:56+00:00 NOTICE action_scheduler.queue_job :: MailChimp_WooCommerce_Cart_Update queued :: obj_id e8aadef774687df4db95d45a05d28921
2023-06-20T19:16:59+00:00 NOTICE abandoned_cart.success :: email: nancyyohana@gmail.com :: checkout_url: https://naturalconexion.com/checkout/?mc_cart_id=e8aadef774687df4db95d45a05d28921
2023-06-20T19:16:59+00:00 NOTICE cart.member.updated :: Updated nancyyohana@gmail.com subscriber status to subscribed and language to es
2023-06-20T19:31:26+00:00 NOTICE action_scheduler.queue_job :: MailChimp_WooCommerce_Single_Order starts in 90 seconds :: obj_id 24876
2023-06-20T19:31:26+00:00 NOTICE debug :: Order ID 24876 was pending and is now cancelled :: Array
(
    [new_order] => 
    [tracking] => 
)

2023-06-20T19:33:47+00:00 NOTICE order_submit :: #24876 has a financial status of cancelled and was skipped.
2023-06-20T22:12:08+00:00 NOTICE action_scheduler.queue_job :: MailChimp_WooCommerce_Cart_Update queued :: obj_id 0253a71809cef80ae755cc98c3beaf9a
2023-06-20T22:12:40+00:00 NOTICE abandoned_cart.success :: email: kikis9128@hotmail.com :: checkout_url: https://naturalconexion.com/checkout/?mc_cart_id=0253a71809cef80ae755cc98c3beaf9a
2023-06-20T22:12:40+00:00 NOTICE cart.member.updated :: Updated kikis9128@hotmail.com subscriber status to transactional and language to es
2023-06-20T22:25:05+00:00 NOTICE action_scheduler.queue_job :: MailChimp_WooCommerce_Cart_Update queued :: obj_id 0253a71809cef80ae755cc98c3beaf9a
2023-06-20T22:25:20+00:00 NOTICE abandoned_cart.success :: email: kikis9128@hotmail.com :: checkout_url: https://naturalconexion.com/checkout/?mc_cart_id=0253a71809cef80ae755cc98c3beaf9a
2023-06-20T22:25:42+00:00 NOTICE ac.cart_swap :: Deleted cart [kikis9128@hotmail.com] :: ID [0253a71809cef80ae755cc98c3beaf9a]
2023-06-20T22:25:42+00:00 NOTICE action_scheduler.queue_job :: MailChimp_WooCommerce_Cart_Update queued :: obj_id 101e2f77deed5a581f05e5415373f5a8
2023-06-20T22:25:49+00:00 NOTICE abandoned_cart.success :: email: gonzalez9128@hotmail.com :: checkout_url: https://naturalconexion.com/checkout/?mc_cart_id=101e2f77deed5a581f05e5415373f5a8
2023-06-20T22:25:50+00:00 NOTICE cart.member.updated :: Updated gonzalez9128@hotmail.com subscriber status to subscribed and language to es
