2023-05-22T01:00:00+00:00 NOTICE action_scheduler.queue_job :: MailChimp_WooCommerce_Single_Order starts in 90 seconds :: obj_id 24416
2023-05-22T01:01:39+00:00 NOTICE order_submit :: #24416 has a financial status of pending and was skipped.
2023-05-22T01:02:27+00:00 NOTICE action_scheduler.queue_job :: MailChimp_WooCommerce_Single_Order starts in 90 seconds :: obj_id 24416
2023-05-22T01:02:29+00:00 NOTICE debug :: Order ID 24416 was pending and is now processing :: Array
(
    [new_order] => 1
    [tracking] => Array
        (
            [campaign_id] => 
            [landing_site] => https://naturalconexion.com/wp-content/plugins/woocommerce-payu-latam/confirmation.php
        )

)

2023-05-22T01:05:03+00:00 NOTICE order.member.updated :: Updated dacaroga94@gmail.com subscriber status to subscribed and language to 
2023-05-22T01:05:03+00:00 NOTICE order_submit.success :: addStoreOrder :: #24416 :: email: dacaroga94@gmail.com :: landing site https://naturalconexion.com/wp-content/plugins/woocommerce-payu-latam/confirmation.php :: abandoned cart deleted [f7d4ec0c9577d72833281ff3356df743]
2023-05-22T05:35:15+00:00 NOTICE action_scheduler.queue_job :: MailChimp_WooCommerce_Cart_Update queued :: obj_id eb3a56803cb2a91ead30b6d6cec38e80
2023-05-22T05:36:47+00:00 NOTICE action_scheduler.queue_job :: MailChimp_WooCommerce_Single_Order starts in 90 seconds :: obj_id 24417
2023-05-22T05:36:49+00:00 NOTICE abandoned_cart.success :: email: nicolerivera5582@gmail.com :: checkout_url: https://naturalconexion.com/checkout/?mc_cart_id=eb3a56803cb2a91ead30b6d6cec38e80
2023-05-22T05:36:49+00:00 NOTICE cart.member.updated :: Updated nicolerivera5582@gmail.com subscriber status to transactional and language to es
2023-05-22T05:38:39+00:00 NOTICE debug :: Order ID 24417 was pending and is now processing :: Array
(
    [new_order] => 1
    [tracking] => Array
        (
            [campaign_id] => 
            [landing_site] => https://naturalconexion.com/wp-content/plugins/woocommerce-payu-latam/confirmation.php
        )

)

2023-05-22T05:40:25+00:00 NOTICE order.member.updated :: Updated nicolerivera5582@gmail.com subscriber status to transactional and language to es
2023-05-22T05:40:25+00:00 NOTICE order_submit.success :: addStoreOrder :: #24417 :: email: nicolerivera5582@gmail.com :: landing site https://naturalconexion.com/ :: abandoned cart deleted [eb3a56803cb2a91ead30b6d6cec38e80]
2023-05-22T17:26:10+00:00 NOTICE action_scheduler.queue_job :: MailChimp_WooCommerce_Cart_Update queued :: obj_id 95290131d5df655146d79971cc5c0a68
2023-05-22T17:26:11+00:00 NOTICE action_scheduler.queue_job :: MailChimp_WooCommerce_Cart_Update queued :: obj_id 95290131d5df655146d79971cc5c0a68
2023-05-22T17:26:12+00:00 NOTICE abandoned_cart.success :: email: maralarge680@hotmail.com :: checkout_url: https://naturalconexion.com/checkout/?mc_cart_id=95290131d5df655146d79971cc5c0a68
2023-05-22T17:26:12+00:00 NOTICE cart.member.updated :: Updated maralarge680@hotmail.com subscriber status to transactional and language to es
2023-05-22T17:26:13+00:00 NOTICE abandoned_cart.success :: email: maralarge680@hotmail.com :: checkout_url: https://naturalconexion.com/checkout/?mc_cart_id=95290131d5df655146d79971cc5c0a68
2023-05-22T17:27:25+00:00 NOTICE action_scheduler.queue_job :: MailChimp_WooCommerce_Single_Order starts in 90 seconds :: obj_id 24418
2023-05-22T17:29:50+00:00 NOTICE order_submit :: #24418 has a financial status of pending and was skipped.
2023-05-22T17:34:16+00:00 NOTICE action_scheduler.queue_job :: MailChimp_WooCommerce_Single_Order starts in 90 seconds :: obj_id 24418
2023-05-22T17:34:20+00:00 NOTICE debug :: Order ID 24418 was pending and is now processing :: Array
(
    [new_order] => 1
    [tracking] => Array
        (
            [campaign_id] => 
            [landing_site] => https://naturalconexion.com/wp-content/plugins/woocommerce-payu-latam/confirmation.php
        )

)

2023-05-22T17:35:52+00:00 NOTICE order.member.updated :: Updated maralarge680@hotmail.com subscriber status to transactional and language to 
2023-05-22T17:35:52+00:00 NOTICE order_submit.success :: addStoreOrder :: #24418 :: email: maralarge680@hotmail.com :: landing site https://naturalconexion.com/wp-content/plugins/woocommerce-payu-latam/confirmation.php :: abandoned cart deleted [95290131d5df655146d79971cc5c0a68]
2023-05-22T23:35:26+00:00 NOTICE action_scheduler.queue_job :: MailChimp_WooCommerce_Cart_Update queued :: obj_id d2fc7504a8c6fbcf7fbe5661fe6faf5d
2023-05-22T23:35:55+00:00 NOTICE action_scheduler.queue_job :: MailChimp_WooCommerce_User_Submit queued :: obj_id 2497
2023-05-22T23:35:55+00:00 NOTICE abandoned_cart.success :: email: mrueda15@gmail.com :: checkout_url: https://naturalconexion.com/checkout/?mc_cart_id=d2fc7504a8c6fbcf7fbe5661fe6faf5d
2023-05-22T23:35:55+00:00 NOTICE cart.member.updated :: Updated mrueda15@gmail.com subscriber status to transactional and language to es
2023-05-22T23:35:56+00:00 NOTICE member.sync :: Updated Member mrueda15@gmail.com :: Array
(
    [previous_status] => transactional
    [status] => 1
    [language] => 
    [merge_fields] => Array
        (
            [FNAME] => MONICA ANDREA
            [LNAME] => RUEDA BELTRAN
        )

    [gdpr_fields] => 
)

2023-05-22T23:35:56+00:00 NOTICE action_scheduler.queue_job :: MailChimp_WooCommerce_Single_Order starts in 90 seconds :: obj_id 24420
2023-05-22T23:38:04+00:00 NOTICE debug :: Order ID 24420 was pending and is now processing :: Array
(
    [new_order] => 1
    [tracking] => Array
        (
            [campaign_id] => 
            [landing_site] => https://naturalconexion.com/wp-content/plugins/woocommerce-payu-latam/confirmation.php
        )

)

2023-05-22T23:40:46+00:00 NOTICE order.member.updated :: Updated mrueda15@gmail.com subscriber status to subscribed and language to es
2023-05-22T23:40:46+00:00 NOTICE order_submit.success :: addStoreOrder :: #24420 :: email: mrueda15@gmail.com :: landing site https://naturalconexion.com/ :: abandoned cart deleted [d2fc7504a8c6fbcf7fbe5661fe6faf5d]
