2022-04-08T00:20:49+00:00 NOTICE action_scheduler.queue_job :: MailChimp_WooCommerce_Single_Order starts in 90 seconds :: obj_id 19670
2022-04-08T00:20:49+00:00 NOTICE debug :: Order ID 19670 was pending and is now cancelled :: Array
(
    [new_order] => 
    [tracking] => 
)

2022-04-08T00:23:10+00:00 NOTICE order_sumbit :: #19670 has a financial status of cancelled and was skipped.
2022-04-08T02:32:48+00:00 NOTICE action_scheduler.queue_job :: MailChimp_WooCommerce_Cart_Update queued :: obj_id b9a4431b24576fe9af9944b316904995
2022-04-08T02:33:07+00:00 NOTICE abandoned_cart.success :: email: prange04@gmail.com :: checkout_url: https://naturalconexion.com/checkout/?mc_cart_id=b9a4431b24576fe9af9944b316904995
2022-04-08T02:33:08+00:00 NOTICE cart.member.updated :: Updated prange04@gmail.com subscriber status to transactional and language to es
2022-04-08T02:34:38+00:00 NOTICE action_scheduler.queue_job :: MailChimp_WooCommerce_Single_Order starts in 90 seconds :: obj_id 19671
2022-04-08T02:36:24+00:00 NOTICE order_sumbit :: #19671 has a financial status of pending and was skipped.
2022-04-08T02:36:46+00:00 NOTICE action_scheduler.queue_job :: MailChimp_WooCommerce_Single_Order starts in 90 seconds :: obj_id 19671
2022-04-08T02:36:48+00:00 NOTICE debug :: Order ID 19671 was pending and is now processing :: Array
(
    [new_order] => 1
    [tracking] => Array
        (
            [campaign_id] => 
            [landing_site] => https://naturalconexion.com/wp-admin/admin-ajax.php
        )

)

2022-04-08T02:39:06+00:00 NOTICE order.member.updated :: Updated prange04@gmail.com subscriber status to transactional and language to 
2022-04-08T02:39:06+00:00 NOTICE order_submit.success :: addStoreOrder :: #19671 :: email: prange04@gmail.com :: landing site https://naturalconexion.com/wp-admin/admin-ajax.php :: abandoned cart deleted [b9a4431b24576fe9af9944b316904995]
2022-04-08T03:09:14+00:00 NOTICE action_scheduler.queue_job :: MailChimp_WooCommerce_Single_Order starts in 90 seconds :: obj_id 19672
2022-04-08T03:11:13+00:00 NOTICE order_sumbit :: #19672 has a financial status of pending and was skipped.
2022-04-08T03:41:59+00:00 NOTICE action_scheduler.queue_job :: MailChimp_WooCommerce_SingleCoupon queued :: obj_id 19673
2022-04-08T03:42:05+00:00 NOTICE promo_code_submit.success :: #19673 :: code: 29s3mqme
2022-04-08T04:22:15+00:00 NOTICE action_scheduler.queue_job :: MailChimp_WooCommerce_Single_Order starts in 90 seconds :: obj_id 19672
2022-04-08T04:22:15+00:00 NOTICE debug :: Order ID 19672 was pending and is now cancelled :: Array
(
    [new_order] => 
    [tracking] => 
)

2022-04-08T04:24:30+00:00 NOTICE order_sumbit :: #19672 has a financial status of cancelled and was skipped.
2022-04-08T04:28:43+00:00 NOTICE action_scheduler.queue_job :: MailChimp_WooCommerce_SingleCoupon queued :: obj_id 19674
2022-04-08T04:28:44+00:00 NOTICE promo_code_submit.success :: #19674 :: code: 8yia9bay
2022-04-08T05:39:31+00:00 NOTICE action_scheduler.queue_job :: MailChimp_WooCommerce_Single_Order starts in 90 seconds :: obj_id 19546
2022-04-08T05:39:31+00:00 NOTICE debug :: Order ID 19546 was cancelled and is now failed :: Array
(
    [new_order] => 
    [tracking] => 
)

2022-04-08T05:42:24+00:00 NOTICE system.debug :: order 19546 is in failed status, and is being skipped for now.
2022-04-08T13:55:31+00:00 NOTICE action_scheduler.queue_job :: MailChimp_WooCommerce_Single_Order starts in 90 seconds :: obj_id 19662
2022-04-08T13:55:33+00:00 NOTICE debug :: Order ID 19662 was processing and is now completed :: Array
(
    [new_order] => 
    [tracking] => 
)

2022-04-08T13:55:33+00:00 NOTICE action_scheduler.queue_job :: MailChimp_WooCommerce_Single_Order starts in 90 seconds :: obj_id 19664
2022-04-08T13:55:34+00:00 NOTICE debug :: Order ID 19664 was processing and is now completed :: Array
(
    [new_order] => 
    [tracking] => 
)

2022-04-08T13:55:34+00:00 NOTICE action_scheduler.queue_job :: MailChimp_WooCommerce_Single_Order starts in 90 seconds :: obj_id 19665
2022-04-08T13:55:35+00:00 NOTICE debug :: Order ID 19665 was processing and is now completed :: Array
(
    [new_order] => 
    [tracking] => 
)

2022-04-08T13:55:36+00:00 NOTICE action_scheduler.queue_job :: MailChimp_WooCommerce_Single_Order starts in 90 seconds :: obj_id 19666
2022-04-08T13:55:36+00:00 NOTICE debug :: Order ID 19666 was processing and is now completed :: Array
(
    [new_order] => 
    [tracking] => 
)

2022-04-08T13:55:36+00:00 NOTICE action_scheduler.queue_job :: MailChimp_WooCommerce_Single_Order starts in 90 seconds :: obj_id 19667
2022-04-08T13:55:37+00:00 NOTICE debug :: Order ID 19667 was processing and is now completed :: Array
(
    [new_order] => 
    [tracking] => 
)

2022-04-08T13:55:38+00:00 NOTICE action_scheduler.queue_job :: MailChimp_WooCommerce_Single_Order starts in 90 seconds :: obj_id 19669
2022-04-08T13:55:39+00:00 NOTICE debug :: Order ID 19669 was processing and is now completed :: Array
(
    [new_order] => 
    [tracking] => 
)

2022-04-08T13:55:39+00:00 NOTICE action_scheduler.queue_job :: MailChimp_WooCommerce_Single_Order starts in 90 seconds :: obj_id 19671
2022-04-08T13:55:40+00:00 NOTICE debug :: Order ID 19671 was processing and is now completed :: Array
(
    [new_order] => 
    [tracking] => 
)

2022-04-08T13:57:52+00:00 NOTICE order.member.updated :: Updated lopez.solangela@gmail.com subscriber status to subscribed and language to 
2022-04-08T13:57:52+00:00 NOTICE order_submit.success :: updateStoreOrder :: #19662 :: email: lopez.solangela@gmail.com
2022-04-08T13:57:54+00:00 NOTICE order.member.updated :: Updated adrianazm1010@hotmail.com subscriber status to subscribed and language to 
2022-04-08T13:57:54+00:00 NOTICE order_submit.success :: updateStoreOrder :: #19664 :: email: adrianazm1010@hotmail.com
2022-04-08T13:57:55+00:00 NOTICE order.member.updated :: Updated Claudialopezh1113@gmail.com subscriber status to subscribed and language to 
2022-04-08T13:57:55+00:00 NOTICE order_submit.success :: updateStoreOrder :: #19665 :: email: Claudialopezh1113@gmail.com
2022-04-08T13:57:57+00:00 NOTICE order.member.updated :: Updated orianavilladiego@gmail.com subscriber status to transactional and language to 
2022-04-08T13:57:57+00:00 NOTICE order_submit.success :: updateStoreOrder :: #19666 :: email: orianavilladiego@gmail.com
2022-04-08T13:57:58+00:00 NOTICE order.member.updated :: Updated ednaudea@gmail.com subscriber status to transactional and language to 
2022-04-08T13:57:58+00:00 NOTICE order_submit.success :: updateStoreOrder :: #19667 :: email: ednaudea@gmail.com
2022-04-08T13:58:00+00:00 NOTICE order.member.updated :: Updated cjosephtrejos@gmail.com subscriber status to transactional and language to 
2022-04-08T13:58:00+00:00 NOTICE order_submit.success :: updateStoreOrder :: #19669 :: email: cjosephtrejos@gmail.com
2022-04-08T13:58:01+00:00 NOTICE order.member.updated :: Updated prange04@gmail.com subscriber status to transactional and language to 
2022-04-08T13:58:01+00:00 NOTICE order_submit.success :: updateStoreOrder :: #19671 :: email: prange04@gmail.com
2022-04-08T14:26:08+00:00 NOTICE product.deleted :: deleted product 7573
2022-04-08T14:47:00+00:00 NOTICE action_scheduler.queue_job :: MailChimp_WooCommerce_Single_Order starts in 90 seconds :: obj_id 19675
2022-04-08T14:49:00+00:00 NOTICE debug :: Order ID 19675 was pending and is now failed :: Array
(
    [new_order] => 
    [tracking] => 
)

2022-04-08T14:50:32+00:00 NOTICE action_scheduler.queue_job :: MailChimp_WooCommerce_Single_Order starts in 90 seconds :: obj_id 19676
2022-04-08T14:50:35+00:00 NOTICE system.debug :: order 19675 is in failed status, and is being skipped for now.
2022-04-08T14:52:33+00:00 NOTICE order_sumbit :: #19676 has a financial status of pending and was skipped.
2022-04-08T14:53:11+00:00 NOTICE action_scheduler.queue_job :: MailChimp_WooCommerce_Single_Order starts in 90 seconds :: obj_id 19676
2022-04-08T14:53:13+00:00 NOTICE debug :: Order ID 19676 was pending and is now processing :: Array
(
    [new_order] => 1
    [tracking] => Array
        (
            [campaign_id] => 
            [landing_site] => https://naturalconexion.com/wp-admin/admin-ajax.php
        )

)

2022-04-08T14:55:16+00:00 NOTICE order.member.updated :: Updated luiiarias15@gmail.com subscriber status to subscribed and language to 
2022-04-08T14:55:16+00:00 NOTICE order_submit.success :: addStoreOrder :: #19676 :: email: luiiarias15@gmail.com :: landing site https://naturalconexion.com/wp-admin/admin-ajax.php
2022-04-08T16:20:10+00:00 NOTICE action_scheduler.queue_job :: MailChimp_WooCommerce_Cart_Update queued :: obj_id 7321d704190f0927acce18bfd9d22550
2022-04-08T16:20:32+00:00 NOTICE abandoned_cart.success :: email: angelavivianag@hotmail.com :: checkout_url: https://naturalconexion.com/checkout/?mc_cart_id=7321d704190f0927acce18bfd9d22550
2022-04-08T16:20:32+00:00 NOTICE cart.member.updated :: Updated angelavivianag@hotmail.com subscriber status to subscribed and language to es
2022-04-08T16:20:42+00:00 NOTICE action_scheduler.queue_job :: MailChimp_WooCommerce_Cart_Update queued :: obj_id 7321d704190f0927acce18bfd9d22550
2022-04-08T16:21:31+00:00 NOTICE abandoned_cart.success :: email: angelavivianag@hotmail.com :: checkout_url: https://naturalconexion.com/checkout/?mc_cart_id=7321d704190f0927acce18bfd9d22550
2022-04-08T16:27:13+00:00 NOTICE action_scheduler.queue_job :: MailChimp_WooCommerce_User_Submit queued :: obj_id 1913
2022-04-08T16:27:13+00:00 NOTICE action_scheduler.queue_job :: MailChimp_WooCommerce_Single_Order starts in 90 seconds :: obj_id 19677
2022-04-08T16:27:15+00:00 NOTICE member.sync :: Updated Member juancho19992010@gmail.com ( merge fields only ) :: Array
(
    [merge_fields] => Array
        (
            [FNAME] => Juan
            [LNAME] => Londoño
        )

)

2022-04-08T16:29:13+00:00 NOTICE order_sumbit :: #19677 has a financial status of pending and was skipped.
2022-04-08T16:33:22+00:00 NOTICE action_scheduler.queue_job :: MailChimp_WooCommerce_Single_Order starts in 90 seconds :: obj_id 19677
2022-04-08T16:33:24+00:00 NOTICE debug :: Order ID 19677 was pending and is now processing :: Array
(
    [new_order] => 1
    [tracking] => Array
        (
            [campaign_id] => 
            [landing_site] => https://naturalconexion.com/wp-admin/admin-ajax.php
        )

)

2022-04-08T16:35:09+00:00 NOTICE order.member.updated :: Updated juancho19992010@gmail.com subscriber status to subscribed and language to 
2022-04-08T16:35:09+00:00 NOTICE order_submit.success :: addStoreOrder :: #19677 :: email: juancho19992010@gmail.com :: landing site https://naturalconexion.com/wp-admin/admin-ajax.php
2022-04-08T17:21:54+00:00 NOTICE action_scheduler.queue_job :: MailChimp_WooCommerce_SingleCoupon queued :: obj_id 19678
2022-04-08T17:22:08+00:00 NOTICE promo_code_submit.success :: #19678 :: code: 32z0v6v7
2022-04-08T19:13:26+00:00 NOTICE action_scheduler.queue_job :: MailChimp_WooCommerce_Cart_Update queued :: obj_id 7321d704190f0927acce18bfd9d22550
2022-04-08T19:13:52+00:00 NOTICE abandoned_cart.success :: email: angelavivianag@hotmail.com :: checkout_url: https://naturalconexion.com/checkout/?mc_cart_id=7321d704190f0927acce18bfd9d22550
2022-04-08T19:13:52+00:00 NOTICE cart.member.updated :: Updated angelavivianag@hotmail.com subscriber status to subscribed and language to es
