2022-01-18T00:36:41+00:00 NOTICE action_scheduler.queue_job :: MailChimp_WooCommerce_Single_Order starts in 90 seconds :: obj_id 18326
2022-01-18T00:36:43+00:00 NOTICE debug :: Order ID 18326 was cancelled and is now processing :: Array
(
    [new_order] => 
    [tracking] => 
)

2022-01-18T00:38:24+00:00 NOTICE order.member.updated :: Updated juanasr02@gmail.com subscriber status to transactional and language to 
2022-01-18T00:38:24+00:00 NOTICE order_submit.success :: addStoreOrder :: #18326 :: email: juanasr02@gmail.com :: landing site https://naturalconexion.com/wp-admin/admin-ajax.php
2022-01-18T00:39:33+00:00 NOTICE action_scheduler.queue_job :: MailChimp_WooCommerce_Cart_Update queued :: obj_id 349316efaa114b30eb27ccbf8be4bb0c
2022-01-18T00:40:21+00:00 NOTICE abandoned_cart.success :: email: ingcarlosabeltrang@gmail.com :: checkout_url: https://naturalconexion.com/checkout/?mc_cart_id=349316efaa114b30eb27ccbf8be4bb0c
2022-01-18T00:40:23+00:00 NOTICE cart.member.updated :: Updated ingcarlosabeltrang@gmail.com subscriber status to transactional and language to es
2022-01-18T00:40:40+00:00 NOTICE action_scheduler.queue_job :: MailChimp_WooCommerce_Single_Order starts in 90 seconds :: obj_id 18356
2022-01-18T00:42:49+00:00 NOTICE debug :: Order ID 18356 was pending and is now processing :: Array
(
    [new_order] => 1
    [tracking] => Array
        (
            [campaign_id] => 
            [landing_site] => https://naturalconexion.com/wp-admin/admin-ajax.php
        )

)

2022-01-18T00:44:46+00:00 NOTICE order.member.updated :: Updated ingcarlosabeltrang@gmail.com subscriber status to transactional and language to es
2022-01-18T00:44:46+00:00 NOTICE order_submit.success :: addStoreOrder :: #18356 :: email: ingcarlosabeltrang@gmail.com :: landing site https://naturalconexion.com/wp-admin/admin-ajax.php :: abandoned cart deleted [349316efaa114b30eb27ccbf8be4bb0c]
2022-01-18T02:14:00+00:00 NOTICE action_scheduler.queue_job :: MailChimp_WooCommerce_Cart_Update queued :: obj_id bfcbdf42e59fe137b906a8bce3440870
2022-01-18T02:14:45+00:00 NOTICE abandoned_cart.success :: email: loren.1425@hotmail.com :: checkout_url: https://naturalconexion.com/checkout/?mc_cart_id=bfcbdf42e59fe137b906a8bce3440870
2022-01-18T02:14:45+00:00 NOTICE cart.member.updated :: Updated loren.1425@hotmail.com subscriber status to subscribed and language to es
2022-01-18T02:15:31+00:00 NOTICE action_scheduler.queue_job :: MailChimp_WooCommerce_Cart_Update queued :: obj_id bfcbdf42e59fe137b906a8bce3440870
2022-01-18T02:16:09+00:00 NOTICE abandoned_cart.success :: email: loren.1425@hotmail.com :: checkout_url: https://naturalconexion.com/checkout/?mc_cart_id=bfcbdf42e59fe137b906a8bce3440870
2022-01-18T03:20:39+00:00 NOTICE action_scheduler.queue_job :: MailChimp_WooCommerce_Cart_Update queued :: obj_id bfce3d4121498136c8236aca4e6680af
2022-01-18T03:20:41+00:00 NOTICE abandoned_cart.success :: email: lissuarez04@gmail.com :: checkout_url: https://naturalconexion.com/checkout/?mc_cart_id=bfce3d4121498136c8236aca4e6680af
2022-01-18T03:20:42+00:00 NOTICE cart.member.updated :: Updated lissuarez04@gmail.com subscriber status to subscribed and language to es
2022-01-18T03:23:27+00:00 NOTICE action_scheduler.queue_job :: MailChimp_WooCommerce_Single_Order starts in 90 seconds :: obj_id 18357
2022-01-18T03:25:22+00:00 NOTICE order_sumbit :: #18357 has a financial status of pending and was skipped.
2022-01-18T03:26:11+00:00 NOTICE action_scheduler.queue_job :: MailChimp_WooCommerce_Single_Order starts in 90 seconds :: obj_id 18357
2022-01-18T03:26:13+00:00 NOTICE debug :: Order ID 18357 was pending and is now processing :: Array
(
    [new_order] => 1
    [tracking] => Array
        (
            [campaign_id] => 
            [landing_site] => https://naturalconexion.com/wp-admin/admin-ajax.php
        )

)

2022-01-18T03:27:56+00:00 NOTICE order.member.updated :: Updated lissuarez04@gmail.com subscriber status to subscribed and language to 
2022-01-18T03:27:56+00:00 NOTICE order_submit.success :: addStoreOrder :: #18357 :: email: lissuarez04@gmail.com :: landing site https://naturalconexion.com/wp-admin/admin-ajax.php :: abandoned cart deleted [bfce3d4121498136c8236aca4e6680af]
2022-01-18T04:24:11+00:00 NOTICE action_scheduler.queue_job :: MailChimp_WooCommerce_User_Submit queued :: obj_id 1
2022-01-18T04:24:23+00:00 ERROR member.sync :: hola@naturalconexion.com :: Error Code 400 :: hola@naturalconexion.com is in a compliance state due to unsubscribe, bounce, or compliance review and cannot be subscribed. on 1898 in /home/forge/naturalconexion.com/wp-content/plugins/mailchimp-for-woocommerce/includes/api/class-mailchimp-api.php
2022-01-18T12:37:02+00:00 NOTICE action_scheduler.queue_job :: MailChimp_WooCommerce_Single_Order starts in 90 seconds :: obj_id 18310
2022-01-18T12:37:03+00:00 NOTICE debug :: Order ID 18310 was processing and is now completed :: Array
(
    [new_order] => 
    [tracking] => 
)

2022-01-18T12:37:03+00:00 NOTICE action_scheduler.queue_job :: MailChimp_WooCommerce_Single_Order starts in 90 seconds :: obj_id 18314
2022-01-18T12:37:05+00:00 NOTICE debug :: Order ID 18314 was processing and is now completed :: Array
(
    [new_order] => 
    [tracking] => 
)

2022-01-18T12:37:05+00:00 NOTICE action_scheduler.queue_job :: MailChimp_WooCommerce_Single_Order starts in 90 seconds :: obj_id 18326
2022-01-18T12:37:05+00:00 NOTICE debug :: Order ID 18326 was processing and is now completed :: Array
(
    [new_order] => 
    [tracking] => 
)

2022-01-18T12:37:06+00:00 NOTICE action_scheduler.queue_job :: MailChimp_WooCommerce_Single_Order starts in 90 seconds :: obj_id 18349
2022-01-18T12:37:07+00:00 NOTICE debug :: Order ID 18349 was processing and is now completed :: Array
(
    [new_order] => 
    [tracking] => 
)

2022-01-18T12:37:07+00:00 NOTICE action_scheduler.queue_job :: MailChimp_WooCommerce_Single_Order starts in 90 seconds :: obj_id 18350
2022-01-18T12:37:08+00:00 NOTICE debug :: Order ID 18350 was processing and is now completed :: Array
(
    [new_order] => 
    [tracking] => 
)

2022-01-18T12:37:08+00:00 NOTICE action_scheduler.queue_job :: MailChimp_WooCommerce_Single_Order starts in 90 seconds :: obj_id 18351
2022-01-18T12:37:09+00:00 NOTICE debug :: Order ID 18351 was processing and is now completed :: Array
(
    [new_order] => 
    [tracking] => 
)

2022-01-18T12:37:09+00:00 NOTICE action_scheduler.queue_job :: MailChimp_WooCommerce_Single_Order starts in 90 seconds :: obj_id 18352
2022-01-18T12:37:09+00:00 NOTICE debug :: Order ID 18352 was processing and is now completed :: Array
(
    [new_order] => 
    [tracking] => 
)

2022-01-18T12:37:10+00:00 NOTICE action_scheduler.queue_job :: MailChimp_WooCommerce_Single_Order starts in 90 seconds :: obj_id 18353
2022-01-18T12:37:10+00:00 NOTICE debug :: Order ID 18353 was processing and is now completed :: Array
(
    [new_order] => 
    [tracking] => 
)

2022-01-18T12:37:10+00:00 NOTICE action_scheduler.queue_job :: MailChimp_WooCommerce_Single_Order starts in 90 seconds :: obj_id 18354
2022-01-18T12:37:11+00:00 NOTICE debug :: Order ID 18354 was processing and is now completed :: Array
(
    [new_order] => 
    [tracking] => 
)

2022-01-18T12:37:11+00:00 NOTICE action_scheduler.queue_job :: MailChimp_WooCommerce_Single_Order starts in 90 seconds :: obj_id 18355
2022-01-18T12:37:12+00:00 NOTICE debug :: Order ID 18355 was processing and is now completed :: Array
(
    [new_order] => 
    [tracking] => 
)

2022-01-18T12:37:12+00:00 NOTICE action_scheduler.queue_job :: MailChimp_WooCommerce_Single_Order starts in 90 seconds :: obj_id 18356
2022-01-18T12:37:13+00:00 NOTICE debug :: Order ID 18356 was processing and is now completed :: Array
(
    [new_order] => 
    [tracking] => 
)

2022-01-18T12:37:13+00:00 NOTICE action_scheduler.queue_job :: MailChimp_WooCommerce_Single_Order starts in 90 seconds :: obj_id 18357
2022-01-18T12:37:14+00:00 NOTICE debug :: Order ID 18357 was processing and is now completed :: Array
(
    [new_order] => 
    [tracking] => 
)

2022-01-18T12:39:38+00:00 NOTICE order.member.updated :: Updated yova.mt@hotmail.com subscriber status to transactional and language to 
2022-01-18T12:39:38+00:00 NOTICE order_submit.success :: updateStoreOrder :: #18310 :: email: yova.mt@hotmail.com
2022-01-18T12:39:41+00:00 NOTICE order.member.updated :: Updated Taniavalencia277@gmail.com subscriber status to transactional and language to 
2022-01-18T12:39:41+00:00 NOTICE order_submit.success :: updateStoreOrder :: #18314 :: email: Taniavalencia277@gmail.com
2022-01-18T12:39:44+00:00 NOTICE order.member.updated :: Updated juanasr02@gmail.com subscriber status to transactional and language to 
2022-01-18T12:39:44+00:00 NOTICE order_submit.success :: updateStoreOrder :: #18326 :: email: juanasr02@gmail.com
2022-01-18T12:39:46+00:00 NOTICE order.member.updated :: Updated estefan80ortiz@gmail.com subscriber status to subscribed and language to 
2022-01-18T12:39:46+00:00 NOTICE order_submit.success :: updateStoreOrder :: #18349 :: email: estefan80ortiz@gmail.com
2022-01-18T12:39:49+00:00 NOTICE order.member.updated :: Updated srvlg4@gmail.com subscriber status to subscribed and language to 
2022-01-18T12:39:49+00:00 NOTICE order_submit.success :: updateStoreOrder :: #18350 :: email: srvlg4@gmail.com
2022-01-18T12:39:52+00:00 NOTICE order.member.updated :: Updated anesrg@gmail.com subscriber status to subscribed and language to 
2022-01-18T12:39:52+00:00 NOTICE order_submit.success :: updateStoreOrder :: #18351 :: email: anesrg@gmail.com
2022-01-18T12:39:55+00:00 NOTICE order.member.updated :: Updated yiceth_222@hotmail.com subscriber status to subscribed and language to 
2022-01-18T12:39:55+00:00 NOTICE order_submit.success :: updateStoreOrder :: #18352 :: email: yiceth_222@hotmail.com
2022-01-18T12:41:05+00:00 NOTICE order.member.updated :: Updated fernandoreyescasas@gmail.com subscriber status to subscribed and language to 
2022-01-18T12:41:05+00:00 NOTICE order_submit.success :: updateStoreOrder :: #18353 :: email: fernandoreyescasas@gmail.com
2022-01-18T12:41:06+00:00 NOTICE order.member.updated :: Updated clasoarmon@hotmail.com subscriber status to transactional and language to 
2022-01-18T12:41:06+00:00 NOTICE order_submit.success :: updateStoreOrder :: #18354 :: email: clasoarmon@hotmail.com
2022-01-18T12:41:07+00:00 NOTICE order.member.updated :: Updated ilyanalagonellb@gmail.com subscriber status to subscribed and language to 
2022-01-18T12:41:07+00:00 NOTICE order_submit.success :: updateStoreOrder :: #18355 :: email: ilyanalagonellb@gmail.com
2022-01-18T12:41:08+00:00 NOTICE order.member.updated :: Updated ingcarlosabeltrang@gmail.com subscriber status to transactional and language to 
2022-01-18T12:41:08+00:00 NOTICE order_submit.success :: updateStoreOrder :: #18356 :: email: ingcarlosabeltrang@gmail.com
2022-01-18T12:41:11+00:00 NOTICE order.member.updated :: Updated lissuarez04@gmail.com subscriber status to subscribed and language to 
2022-01-18T12:41:11+00:00 NOTICE order_submit.success :: updateStoreOrder :: #18357 :: email: lissuarez04@gmail.com
2022-01-18T13:42:39+00:00 NOTICE action_scheduler.queue_job :: MailChimp_WooCommerce_Cart_Update queued :: obj_id f49d6938be34a5ebfbc19fe69ae2f32d
2022-01-18T13:43:09+00:00 NOTICE abandoned_cart.success :: email: ruth.smith.florez@gmail.com :: checkout_url: https://naturalconexion.com/checkout/?mc_cart_id=f49d6938be34a5ebfbc19fe69ae2f32d
2022-01-18T13:43:09+00:00 NOTICE cart.member.updated :: Updated ruth.smith.florez@gmail.com subscriber status to transactional and language to es
2022-01-18T15:53:15+00:00 NOTICE action_scheduler.queue_job :: MailChimp_WooCommerce_Single_Product starts in 5 seconds :: obj_id 15495
2022-01-18T15:53:25+00:00 NOTICE product_submit.success :: updateStoreProduct :: #15495
2022-01-18T15:53:29+00:00 NOTICE action_scheduler.queue_job :: MailChimp_WooCommerce_Single_Product starts in 5 seconds :: obj_id 7670
2022-01-18T15:53:36+00:00 NOTICE product_submit.success :: updateStoreProduct :: #7670
2022-01-18T15:56:51+00:00 NOTICE action_scheduler.queue_job :: MailChimp_WooCommerce_Cart_Update queued :: obj_id 2c26469a6101846f59e870385d37cc86
2022-01-18T15:57:28+00:00 NOTICE abandoned_cart.success :: email: valeenvms@gmail.com :: checkout_url: https://naturalconexion.com/checkout/?mc_cart_id=2c26469a6101846f59e870385d37cc86
2022-01-18T15:57:29+00:00 NOTICE cart.member.updated :: Updated valeenvms@gmail.com subscriber status to transactional and language to es
2022-01-18T15:58:08+00:00 NOTICE action_scheduler.queue_job :: MailChimp_WooCommerce_User_Submit queued :: obj_id 2022
2022-01-18T15:58:10+00:00 NOTICE action_scheduler.queue_job :: MailChimp_WooCommerce_User_Submit queued :: obj_id 2022
2022-01-18T15:58:10+00:00 NOTICE action_scheduler.queue_job :: MailChimp_WooCommerce_Single_Order starts in 90 seconds :: obj_id 18358
2022-01-18T15:58:24+00:00 NOTICE member.sync :: Updated Member valeenvms@gmail.com :: Array
(
    [previous_status] => transactional
    [status] => 1
    [merge_fields] => Array
        (
            [FNAME] => Valentina
            [LNAME] => Martinez Saavedra
        )

)

2022-01-18T15:59:28+00:00 NOTICE action_scheduler.queue_job :: MailChimp_WooCommerce_Cart_Update queued :: obj_id 2c26469a6101846f59e870385d37cc86
2022-01-18T16:00:17+00:00 NOTICE action_scheduler.queue_job :: MailChimp_WooCommerce_User_Submit queued :: obj_id 2022
2022-01-18T16:00:17+00:00 NOTICE action_scheduler.queue_job :: MailChimp_WooCommerce_Single_Order starts in 90 seconds :: obj_id 18359
2022-01-18T16:00:19+00:00 NOTICE order_sumbit :: #18358 has a financial status of pending and was skipped.
2022-01-18T16:00:19+00:00 NOTICE abandoned_cart.success :: email: valeenvms@gmail.com :: checkout_url: https://naturalconexion.com/checkout/?mc_cart_id=2c26469a6101846f59e870385d37cc86
2022-01-18T16:00:20+00:00 NOTICE member.sync :: Updated Member valeenvms@gmail.com ( merge fields only ) :: Array
(
    [merge_fields] => Array
        (
            [FNAME] => Valentina
            [LNAME] => Martinez Saavedra
        )

)

2022-01-18T16:02:49+00:00 NOTICE order_sumbit :: #18359 has a financial status of pending and was skipped.
2022-01-18T16:02:57+00:00 NOTICE action_scheduler.queue_job :: MailChimp_WooCommerce_Single_Order starts in 90 seconds :: obj_id 18359
2022-01-18T16:02:59+00:00 NOTICE debug :: Order ID 18359 was pending and is now processing :: Array
(
    [new_order] => 1
    [tracking] => Array
        (
            [campaign_id] => 
            [landing_site] => https://naturalconexion.com/wp-admin/admin-ajax.php
        )

)

2022-01-18T16:02:59+00:00 NOTICE action_scheduler.queue_job :: MailChimp_WooCommerce_User_Submit queued :: obj_id 2022
2022-01-18T16:03:19+00:00 NOTICE member.sync :: Updated Member valeenvms@gmail.com ( merge fields only ) :: Array
(
    [merge_fields] => Array
        (
            [FNAME] => Valentina
            [LNAME] => Martinez Saavedra
        )

)

2022-01-18T16:05:22+00:00 NOTICE order.member.updated :: Updated valeenvms@gmail.com subscriber status to subscribed and language to 
2022-01-18T16:05:22+00:00 NOTICE order_submit.success :: addStoreOrder :: #18359 :: email: valeenvms@gmail.com :: landing site https://naturalconexion.com/wp-admin/admin-ajax.php :: abandoned cart deleted [2c26469a6101846f59e870385d37cc86]
2022-01-18T16:06:33+00:00 NOTICE action_scheduler.queue_job :: MailChimp_WooCommerce_Single_Product starts in 5 seconds :: obj_id 16045
2022-01-18T16:07:08+00:00 NOTICE action_scheduler.queue_job :: MailChimp_WooCommerce_Single_Product starts in 5 seconds :: obj_id 15962
2022-01-18T16:07:20+00:00 NOTICE product_submit.success :: updateStoreProduct :: #16045
2022-01-18T16:07:21+00:00 NOTICE product_submit.success :: updateStoreProduct :: #15962
2022-01-18T16:15:39+00:00 NOTICE action_scheduler.queue_job :: MailChimp_WooCommerce_User_Submit queued :: obj_id 2022
2022-01-18T16:16:05+00:00 NOTICE action_scheduler.queue_job :: MailChimp_WooCommerce_Single_Order starts in 90 seconds :: obj_id 18358
2022-01-18T16:16:05+00:00 NOTICE debug :: Order ID 18358 was pending and is now cancelled :: Array
(
    [new_order] => 
    [tracking] => 
)

2022-01-18T16:16:22+00:00 NOTICE member.sync :: Updated Member valeenvms@gmail.com ( merge fields only ) :: Array
(
    [merge_fields] => Array
        (
            [FNAME] => Valentina
            [LNAME] => Martinez Saavedra
        )

)

2022-01-18T16:18:24+00:00 NOTICE order_sumbit :: #18358 has a financial status of cancelled and was skipped.
2022-01-18T17:17:56+00:00 NOTICE action_scheduler.queue_job :: MailChimp_WooCommerce_Cart_Update queued :: obj_id 6ae004cbff24b401f20145fb29928079
2022-01-18T17:17:57+00:00 NOTICE abandoned_cart.success :: email: ajimenezgalicia@gmail.com :: checkout_url: https://naturalconexion.com/checkout/?mc_cart_id=6ae004cbff24b401f20145fb29928079
2022-01-18T17:17:57+00:00 NOTICE cart.member.updated :: Updated ajimenezgalicia@gmail.com subscriber status to transactional and language to es
2022-01-18T17:27:31+00:00 NOTICE action_scheduler.queue_job :: MailChimp_WooCommerce_Cart_Update queued :: obj_id 8dceabbc9d227a00c46cc82924c0d750
2022-01-18T17:27:32+00:00 NOTICE action_scheduler.queue_job :: MailChimp_WooCommerce_Cart_Update queued :: obj_id 8dceabbc9d227a00c46cc82924c0d750
2022-01-18T17:28:11+00:00 NOTICE abandoned_cart.success :: email: katica0501@gmail.com :: checkout_url: https://naturalconexion.com/checkout/?mc_cart_id=8dceabbc9d227a00c46cc82924c0d750
2022-01-18T17:28:12+00:00 NOTICE cart.member.updated :: Updated katica0501@gmail.com subscriber status to transactional and language to es
2022-01-18T17:28:13+00:00 NOTICE abandoned_cart.success :: email: katica0501@gmail.com :: checkout_url: https://naturalconexion.com/checkout/?mc_cart_id=8dceabbc9d227a00c46cc82924c0d750
2022-01-18T17:29:18+00:00 NOTICE action_scheduler.queue_job :: MailChimp_WooCommerce_Single_Order starts in 90 seconds :: obj_id 18360
2022-01-18T17:31:38+00:00 NOTICE order_sumbit :: #18360 has a financial status of pending and was skipped.
2022-01-18T17:35:49+00:00 NOTICE action_scheduler.queue_job :: MailChimp_WooCommerce_Single_Order starts in 90 seconds :: obj_id 18360
2022-01-18T17:35:53+00:00 NOTICE debug :: Order ID 18360 was pending and is now processing :: Array
(
    [new_order] => 1
    [tracking] => Array
        (
            [campaign_id] => 
            [landing_site] => https://naturalconexion.com/wp-admin/admin-ajax.php
        )

)

2022-01-18T17:37:47+00:00 NOTICE order.member.updated :: Updated katica0501@gmail.com subscriber status to subscribed and language to 
2022-01-18T17:37:47+00:00 NOTICE order_submit.success :: addStoreOrder :: #18360 :: email: katica0501@gmail.com :: landing site https://naturalconexion.com/wp-admin/admin-ajax.php :: abandoned cart deleted [8dceabbc9d227a00c46cc82924c0d750]
2022-01-18T18:22:10+00:00 NOTICE action_scheduler.queue_job :: MailChimp_WooCommerce_Cart_Update queued :: obj_id f4a3e1857bb7858f2968a5a2b64577a6
2022-01-18T18:22:35+00:00 NOTICE abandoned_cart.success :: email: alex.ospinav@gmail.com :: checkout_url: https://naturalconexion.com/checkout/?mc_cart_id=f4a3e1857bb7858f2968a5a2b64577a6
2022-01-18T18:22:37+00:00 NOTICE cart.member.updated :: Updated alex.ospinav@gmail.com subscriber status to transactional and language to es
2022-01-18T18:23:54+00:00 NOTICE action_scheduler.queue_job :: MailChimp_WooCommerce_Single_Order starts in 90 seconds :: obj_id 18361
2022-01-18T18:25:32+00:00 NOTICE order_sumbit :: #18361 has a financial status of pending and was skipped.
2022-01-18T18:39:22+00:00 NOTICE action_scheduler.queue_job :: MailChimp_WooCommerce_Cart_Update queued :: obj_id 31d56f5174ecb5410333a1c89c60915d
2022-01-18T18:39:22+00:00 NOTICE action_scheduler.queue_job :: MailChimp_WooCommerce_Single_Order starts in 90 seconds :: obj_id 18362
2022-01-18T18:39:25+00:00 NOTICE abandoned_cart.success :: email: castanogomezmariavictoria@gmail.com :: checkout_url: https://naturalconexion.com/checkout/?mc_cart_id=31d56f5174ecb5410333a1c89c60915d
2022-01-18T18:39:26+00:00 NOTICE cart.member.updated :: Updated castanogomezmariavictoria@gmail.com subscriber status to transactional and language to es
2022-01-18T18:41:36+00:00 NOTICE order_sumbit :: #18362 has a financial status of pending and was skipped.
2022-01-18T18:42:29+00:00 NOTICE action_scheduler.queue_job :: MailChimp_WooCommerce_Single_Order starts in 90 seconds :: obj_id 18362
2022-01-18T18:42:32+00:00 NOTICE debug :: Order ID 18362 was pending and is now processing :: Array
(
    [new_order] => 1
    [tracking] => Array
        (
            [campaign_id] => 
            [landing_site] => https://naturalconexion.com/wp-admin/admin-ajax.php
        )

)

2022-01-18T18:44:29+00:00 NOTICE order.member.updated :: Updated castanogomezmariavictoria@gmail.com subscriber status to subscribed and language to 
2022-01-18T18:44:29+00:00 NOTICE order_submit.success :: addStoreOrder :: #18362 :: email: castanogomezmariavictoria@gmail.com :: landing site https://naturalconexion.com/wp-admin/admin-ajax.php :: abandoned cart deleted [31d56f5174ecb5410333a1c89c60915d]
2022-01-18T19:17:38+00:00 NOTICE action_scheduler.queue_job :: MailChimp_WooCommerce_Single_Order starts in 90 seconds :: obj_id 18363
2022-01-18T19:17:39+00:00 NOTICE action_scheduler.queue_job :: MailChimp_WooCommerce_Cart_Update queued :: obj_id f4a3e1857bb7858f2968a5a2b64577a6
2022-01-18T19:18:10+00:00 NOTICE abandoned_cart.success :: email: alex.ospinav@gmail.com :: checkout_url: https://naturalconexion.com/checkout/?mc_cart_id=f4a3e1857bb7858f2968a5a2b64577a6
2022-01-18T19:19:33+00:00 NOTICE order_sumbit :: #18363 has a financial status of pending and was skipped.
2022-01-18T19:50:09+00:00 NOTICE action_scheduler.queue_job :: MailChimp_WooCommerce_Cart_Update queued :: obj_id afe0af185792e32af84039e29eb0e400
2022-01-18T19:50:12+00:00 NOTICE abandoned_cart.success :: email: castazu@hotmail.com :: checkout_url: https://naturalconexion.com/checkout/?mc_cart_id=afe0af185792e32af84039e29eb0e400
2022-01-18T19:50:13+00:00 NOTICE cart.member.updated :: Updated castazu@hotmail.com subscriber status to transactional and language to es
2022-01-18T19:51:55+00:00 NOTICE action_scheduler.queue_job :: MailChimp_WooCommerce_Cart_Update queued :: obj_id afe0af185792e32af84039e29eb0e400
2022-01-18T19:52:15+00:00 NOTICE abandoned_cart.success :: email: castazu@hotmail.com :: checkout_url: https://naturalconexion.com/checkout/?mc_cart_id=afe0af185792e32af84039e29eb0e400
2022-01-18T19:52:55+00:00 NOTICE action_scheduler.queue_job :: MailChimp_WooCommerce_Cart_Update queued :: obj_id afe0af185792e32af84039e29eb0e400
2022-01-18T19:53:15+00:00 NOTICE abandoned_cart.success :: email: castazu@hotmail.com :: checkout_url: https://naturalconexion.com/checkout/?mc_cart_id=afe0af185792e32af84039e29eb0e400
2022-01-18T20:15:52+00:00 NOTICE action_scheduler.queue_job :: MailChimp_WooCommerce_Cart_Update queued :: obj_id f4a3e1857bb7858f2968a5a2b64577a6
2022-01-18T20:16:21+00:00 NOTICE abandoned_cart.success :: email: alex.ospinav@gmail.com :: checkout_url: https://naturalconexion.com/checkout/?mc_cart_id=f4a3e1857bb7858f2968a5a2b64577a6
2022-01-18T20:16:22+00:00 NOTICE cart.member.updated :: Updated alex.ospinav@gmail.com subscriber status to transactional and language to es
2022-01-18T20:16:51+00:00 NOTICE action_scheduler.queue_job :: MailChimp_WooCommerce_Single_Order starts in 90 seconds :: obj_id 18364
2022-01-18T20:18:16+00:00 NOTICE action_scheduler.queue_job :: MailChimp_WooCommerce_Single_Order starts in 90 seconds :: obj_id 18361
2022-01-18T20:18:16+00:00 NOTICE debug :: Order ID 18361 was pending and is now cancelled :: Array
(
    [new_order] => 
    [tracking] => 
)

2022-01-18T20:18:16+00:00 NOTICE action_scheduler.queue_job :: MailChimp_WooCommerce_Single_Order starts in 90 seconds :: obj_id 18363
2022-01-18T20:18:16+00:00 NOTICE debug :: Order ID 18363 was pending and is now cancelled :: Array
(
    [new_order] => 
    [tracking] => 
)

2022-01-18T20:19:23+00:00 NOTICE order_sumbit :: #18364 has a financial status of pending and was skipped.
2022-01-18T20:20:30+00:00 NOTICE order_sumbit :: #18361 has a financial status of cancelled and was skipped.
2022-01-18T20:20:31+00:00 NOTICE order_sumbit :: #18363 has a financial status of cancelled and was skipped.
2022-01-18T20:23:07+00:00 NOTICE action_scheduler.queue_job :: MailChimp_WooCommerce_Cart_Update queued :: obj_id afe0af185792e32af84039e29eb0e400
2022-01-18T20:23:20+00:00 NOTICE abandoned_cart.success :: email: castazu@hotmail.com :: checkout_url: https://naturalconexion.com/checkout/?mc_cart_id=afe0af185792e32af84039e29eb0e400
2022-01-18T20:23:41+00:00 NOTICE action_scheduler.queue_job :: MailChimp_WooCommerce_Single_Order starts in 90 seconds :: obj_id 18365
2022-01-18T20:25:23+00:00 NOTICE order_sumbit :: #18365 has a financial status of pending and was skipped.
2022-01-18T20:27:21+00:00 NOTICE action_scheduler.queue_job :: MailChimp_WooCommerce_Cart_Update queued :: obj_id 83cd519de5772568e8d404b49a0dbece
2022-01-18T20:27:33+00:00 NOTICE abandoned_cart.success :: email: dela.molinac@gmail.com :: checkout_url: https://naturalconexion.com/checkout/?mc_cart_id=83cd519de5772568e8d404b49a0dbece
2022-01-18T20:27:35+00:00 NOTICE cart.member.updated :: Updated dela.molinac@gmail.com subscriber status to transactional and language to es
2022-01-18T20:27:36+00:00 NOTICE action_scheduler.queue_job :: MailChimp_WooCommerce_Single_Order starts in 90 seconds :: obj_id 18365
2022-01-18T20:27:39+00:00 NOTICE debug :: Order ID 18365 was pending and is now processing :: Array
(
    [new_order] => 1
    [tracking] => Array
        (
            [campaign_id] => 
            [landing_site] => https://naturalconexion.com/wp-admin/admin-ajax.php
        )

)

2022-01-18T20:28:24+00:00 NOTICE action_scheduler.queue_job :: MailChimp_WooCommerce_Single_Order starts in 90 seconds :: obj_id 18366
2022-01-18T20:29:26+00:00 NOTICE order.member.updated :: Updated castazu@hotmail.com subscriber status to subscribed and language to 
2022-01-18T20:29:26+00:00 NOTICE order_submit.success :: addStoreOrder :: #18365 :: email: castazu@hotmail.com :: landing site https://naturalconexion.com/wp-admin/admin-ajax.php :: abandoned cart deleted [afe0af185792e32af84039e29eb0e400]
2022-01-18T20:29:55+00:00 NOTICE debug :: Order ID 18366 was pending and is now processing :: Array
(
    [new_order] => 1
    [tracking] => Array
        (
            [campaign_id] => 
            [landing_site] => https://naturalconexion.com/wp-admin/admin-ajax.php
        )

)

2022-01-18T20:31:42+00:00 NOTICE order.member.updated :: Updated dela.molinac@gmail.com subscriber status to transactional and language to es
2022-01-18T20:31:42+00:00 NOTICE order_submit.success :: addStoreOrder :: #18366 :: email: dela.molinac@gmail.com :: landing site https://naturalconexion.com/wp-admin/admin-ajax.php :: abandoned cart deleted [83cd519de5772568e8d404b49a0dbece]
2022-01-18T21:18:17+00:00 NOTICE action_scheduler.queue_job :: MailChimp_WooCommerce_Single_Order starts in 90 seconds :: obj_id 18364
2022-01-18T21:18:17+00:00 NOTICE debug :: Order ID 18364 was pending and is now cancelled :: Array
(
    [new_order] => 
    [tracking] => 
)

2022-01-18T21:20:31+00:00 NOTICE order_sumbit :: #18364 has a financial status of cancelled and was skipped.
2022-01-18T21:34:37+00:00 NOTICE action_scheduler.queue_job :: MailChimp_WooCommerce_Cart_Update queued :: obj_id 0d2edd816a44fcc03dd213a1955a45c9
2022-01-18T21:34:37+00:00 NOTICE action_scheduler.queue_job :: MailChimp_WooCommerce_Single_Order starts in 90 seconds :: obj_id 18367
2022-01-18T21:34:41+00:00 NOTICE abandoned_cart.success :: email: emilyyo2002@gmail.com :: checkout_url: https://naturalconexion.com/checkout/?mc_cart_id=0d2edd816a44fcc03dd213a1955a45c9
2022-01-18T21:34:42+00:00 NOTICE cart.member.updated :: Updated emilyyo2002@gmail.com subscriber status to transactional and language to es
2022-01-18T21:36:44+00:00 NOTICE order_sumbit :: #18367 has a financial status of pending and was skipped.
2022-01-18T22:22:33+00:00 NOTICE action_scheduler.queue_job :: MailChimp_WooCommerce_User_Submit queued :: obj_id 2026
2022-01-18T22:23:00+00:00 NOTICE member.sync :: Updated Member dhana0513@hotmail.com :: Array
(
    [previous_status] => transactional
    [status] => 1
    [merge_fields] => Array
        (
        )

)

2022-01-18T22:30:30+00:00 NOTICE action_scheduler.queue_job :: MailChimp_WooCommerce_Cart_Update queued :: obj_id 0ffcc2e4f69daf46c0c0f8b68a406cbf
2022-01-18T22:31:23+00:00 NOTICE abandoned_cart.success :: email: dhana0513@hotmail.com :: checkout_url: https://naturalconexion.com/checkout/?mc_cart_id=0ffcc2e4f69daf46c0c0f8b68a406cbf
2022-01-18T22:31:24+00:00 NOTICE cart.member.updated :: Updated dhana0513@hotmail.com subscriber status to subscribed and language to es
2022-01-18T22:32:40+00:00 NOTICE action_scheduler.queue_job :: MailChimp_WooCommerce_Cart_Update queued :: obj_id 0ffcc2e4f69daf46c0c0f8b68a406cbf
2022-01-18T22:33:21+00:00 NOTICE abandoned_cart.success :: email: dhana0513@hotmail.com :: checkout_url: https://naturalconexion.com/checkout/?mc_cart_id=0ffcc2e4f69daf46c0c0f8b68a406cbf
2022-01-18T22:34:39+00:00 NOTICE action_scheduler.queue_job :: MailChimp_WooCommerce_Cart_Update queued :: obj_id 0ffcc2e4f69daf46c0c0f8b68a406cbf
2022-01-18T22:34:41+00:00 NOTICE abandoned_cart.success :: email: dhana0513@hotmail.com :: checkout_url: https://naturalconexion.com/checkout/?mc_cart_id=0ffcc2e4f69daf46c0c0f8b68a406cbf
2022-01-18T22:36:41+00:00 NOTICE action_scheduler.queue_job :: MailChimp_WooCommerce_Cart_Update queued :: obj_id 0ffcc2e4f69daf46c0c0f8b68a406cbf
2022-01-18T22:36:43+00:00 NOTICE abandoned_cart.success :: email: dhana0513@hotmail.com :: checkout_url: https://naturalconexion.com/checkout/?mc_cart_id=0ffcc2e4f69daf46c0c0f8b68a406cbf
2022-01-18T23:13:51+00:00 NOTICE action_scheduler.queue_job :: MailChimp_WooCommerce_Single_Order starts in 90 seconds :: obj_id 18368
2022-01-18T23:13:51+00:00 NOTICE action_scheduler.queue_job :: MailChimp_WooCommerce_Cart_Update queued :: obj_id 334673fcb86fa877de2e47017c6d5ca7
2022-01-18T23:14:19+00:00 NOTICE abandoned_cart.success :: email: kejope_1@hotmail.com :: checkout_url: https://naturalconexion.com/checkout/?mc_cart_id=334673fcb86fa877de2e47017c6d5ca7
2022-01-18T23:14:21+00:00 NOTICE cart.member.updated :: Updated kejope_1@hotmail.com subscriber status to subscribed and language to es
2022-01-18T23:15:38+00:00 NOTICE order_sumbit :: #18368 has a financial status of pending and was skipped.
2022-01-18T23:15:50+00:00 NOTICE action_scheduler.queue_job :: MailChimp_WooCommerce_Single_Order starts in 90 seconds :: obj_id 18368
2022-01-18T23:15:52+00:00 NOTICE debug :: Order ID 18368 was pending and is now processing :: Array
(
    [new_order] => 1
    [tracking] => Array
        (
            [campaign_id] => 
            [landing_site] => https://naturalconexion.com/wp-admin/admin-ajax.php
        )

)

2022-01-18T23:17:50+00:00 NOTICE order.member.updated :: Updated kejope_1@hotmail.com subscriber status to subscribed and language to 
2022-01-18T23:17:50+00:00 NOTICE order_submit.success :: addStoreOrder :: #18368 :: email: kejope_1@hotmail.com :: landing site https://naturalconexion.com/wp-admin/admin-ajax.php :: abandoned cart deleted [334673fcb86fa877de2e47017c6d5ca7]
2022-01-18T23:19:24+00:00 NOTICE action_scheduler.queue_job :: MailChimp_WooCommerce_Single_Order starts in 90 seconds :: obj_id 18367
2022-01-18T23:19:24+00:00 NOTICE debug :: Order ID 18367 was pending and is now cancelled :: Array
(
    [new_order] => 
    [tracking] => 
)

2022-01-18T23:21:23+00:00 NOTICE order_sumbit :: #18367 has a financial status of cancelled and was skipped.
2022-01-18T23:34:00+00:00 NOTICE action_scheduler.queue_job :: MailChimp_WooCommerce_Cart_Update queued :: obj_id 6ae004cbff24b401f20145fb29928079
2022-01-18T23:34:23+00:00 NOTICE abandoned_cart.success :: email: ajimenezgalicia@gmail.com :: checkout_url: https://naturalconexion.com/checkout/?mc_cart_id=6ae004cbff24b401f20145fb29928079
2022-01-18T23:34:24+00:00 NOTICE cart.member.updated :: Updated ajimenezgalicia@gmail.com subscriber status to transactional and language to es
2022-01-18T23:36:51+00:00 NOTICE action_scheduler.queue_job :: MailChimp_WooCommerce_Cart_Update queued :: obj_id 6ae004cbff24b401f20145fb29928079
2022-01-18T23:36:53+00:00 NOTICE abandoned_cart.success :: email: ajimenezgalicia@gmail.com :: checkout_url: https://naturalconexion.com/checkout/?mc_cart_id=6ae004cbff24b401f20145fb29928079
2022-01-18T23:37:39+00:00 NOTICE action_scheduler.queue_job :: MailChimp_WooCommerce_Cart_Update queued :: obj_id 6ae004cbff24b401f20145fb29928079
2022-01-18T23:37:54+00:00 NOTICE abandoned_cart.success :: email: ajimenezgalicia@gmail.com :: checkout_url: https://naturalconexion.com/checkout/?mc_cart_id=6ae004cbff24b401f20145fb29928079
2022-01-18T23:38:15+00:00 NOTICE action_scheduler.queue_job :: MailChimp_WooCommerce_Cart_Update queued :: obj_id 6ae004cbff24b401f20145fb29928079
2022-01-18T23:38:19+00:00 NOTICE abandoned_cart.success :: email: ajimenezgalicia@gmail.com :: checkout_url: https://naturalconexion.com/checkout/?mc_cart_id=6ae004cbff24b401f20145fb29928079
2022-01-18T23:38:42+00:00 NOTICE action_scheduler.queue_job :: MailChimp_WooCommerce_Single_Order starts in 90 seconds :: obj_id 18369
2022-01-18T23:41:02+00:00 NOTICE order_sumbit :: #18369 has a financial status of pending and was skipped.
2022-01-18T23:41:13+00:00 NOTICE action_scheduler.queue_job :: MailChimp_WooCommerce_Single_Order starts in 90 seconds :: obj_id 18369
2022-01-18T23:41:15+00:00 NOTICE debug :: Order ID 18369 was pending and is now processing :: Array
(
    [new_order] => 1
    [tracking] => Array
        (
            [campaign_id] => 
            [landing_site] => https://naturalconexion.com/wp-admin/admin-ajax.php
        )

)

2022-01-18T23:43:24+00:00 NOTICE order.member.updated :: Updated ajimenezgalicia@gmail.com subscriber status to transactional and language to 
2022-01-18T23:43:24+00:00 NOTICE order_submit.success :: addStoreOrder :: #18369 :: email: ajimenezgalicia@gmail.com :: landing site https://naturalconexion.com/wp-admin/admin-ajax.php :: abandoned cart deleted [6ae004cbff24b401f20145fb29928079]
